<?xml version="1.0" encoding="UTF-8"?>
<testsuite xmlns:xsi="http://www.w3.org/2001/XMLSchema-instance" xsi:noNamespaceSchemaLocation="https://maven.apache.org/surefire/maven-surefire-plugin/xsd/surefire-test-report-3.0.xsd" version="3.0" name="TestSuite" time="812.446" tests="10" errors="0" skipped="0" failures="5">
  <properties>
    <property name="sun.desktop" value="windows"/>
    <property name="awt.toolkit" value="sun.awt.windows.WToolkit"/>
    <property name="file.encoding.pkg" value="sun.io"/>
    <property name="java.specification.version" value="1.8"/>
    <property name="sun.cpu.isalist" value="amd64"/>
    <property name="sun.jnu.encoding" value="Cp1252"/>
    <property name="java.class.path" value="C:\Users\Fayaz\Appium\Anumati\target\test-classes;C:\Users\Fayaz\Appium\Anumati\target\classes;C:\Users\Fayaz\.m2\repository\junit\junit\4.11\junit-4.11.jar;C:\Users\Fayaz\.m2\repository\org\hamcrest\hamcrest-core\1.3\hamcrest-core-1.3.jar;C:\Users\Fayaz\.m2\repository\org\slf4j\slf4j-simple\1.7.32\slf4j-simple-1.7.32.jar;C:\Users\Fayaz\.m2\repository\org\slf4j\slf4j-api\1.7.32\slf4j-api-1.7.32.jar;C:\Users\Fayaz\.m2\repository\org\apache\commons\commons-lang3\3.12.0\commons-lang3-3.12.0.jar;C:\Users\Fayaz\.m2\repository\commons-validator\commons-validator\1.7\commons-validator-1.7.jar;C:\Users\Fayaz\.m2\repository\commons-beanutils\commons-beanutils\1.9.4\commons-beanutils-1.9.4.jar;C:\Users\Fayaz\.m2\repository\commons-digester\commons-digester\2.1\commons-digester-2.1.jar;C:\Users\Fayaz\.m2\repository\commons-logging\commons-logging\1.2\commons-logging-1.2.jar;C:\Users\Fayaz\.m2\repository\commons-collections\commons-collections\3.2.2\commons-collections-3.2.2.jar;C:\Users\Fayaz\.m2\repository\commons-io\commons-io\2.11.0\commons-io-2.11.0.jar;C:\Users\Fayaz\.m2\repository\org\seleniumhq\selenium\selenium-java\3.141.59\selenium-java-3.141.59.jar;C:\Users\Fayaz\.m2\repository\org\seleniumhq\selenium\selenium-api\3.141.59\selenium-api-3.141.59.jar;C:\Users\Fayaz\.m2\repository\org\seleniumhq\selenium\selenium-chrome-driver\3.141.59\selenium-chrome-driver-3.141.59.jar;C:\Users\Fayaz\.m2\repository\org\seleniumhq\selenium\selenium-edge-driver\3.141.59\selenium-edge-driver-3.141.59.jar;C:\Users\Fayaz\.m2\repository\org\seleniumhq\selenium\selenium-firefox-driver\3.141.59\selenium-firefox-driver-3.141.59.jar;C:\Users\Fayaz\.m2\repository\org\seleniumhq\selenium\selenium-ie-driver\3.141.59\selenium-ie-driver-3.141.59.jar;C:\Users\Fayaz\.m2\repository\org\seleniumhq\selenium\selenium-opera-driver\3.141.59\selenium-opera-driver-3.141.59.jar;C:\Users\Fayaz\.m2\repository\org\seleniumhq\selenium\selenium-remote-driver\3.141.59\selenium-remote-driver-3.141.59.jar;C:\Users\Fayaz\.m2\repository\org\seleniumhq\selenium\selenium-safari-driver\3.141.59\selenium-safari-driver-3.141.59.jar;C:\Users\Fayaz\.m2\repository\org\seleniumhq\selenium\selenium-support\3.141.59\selenium-support-3.141.59.jar;C:\Users\Fayaz\.m2\repository\net\bytebuddy\byte-buddy\1.8.15\byte-buddy-1.8.15.jar;C:\Users\Fayaz\.m2\repository\org\apache\commons\commons-exec\1.3\commons-exec-1.3.jar;C:\Users\Fayaz\.m2\repository\com\google\guava\guava\25.0-jre\guava-25.0-jre.jar;C:\Users\Fayaz\.m2\repository\com\google\code\findbugs\jsr305\1.3.9\jsr305-1.3.9.jar;C:\Users\Fayaz\.m2\repository\org\checkerframework\checker-compat-qual\2.0.0\checker-compat-qual-2.0.0.jar;C:\Users\Fayaz\.m2\repository\com\google\errorprone\error_prone_annotations\2.1.3\error_prone_annotations-2.1.3.jar;C:\Users\Fayaz\.m2\repository\com\google\j2objc\j2objc-annotations\1.1\j2objc-annotations-1.1.jar;C:\Users\Fayaz\.m2\repository\org\codehaus\mojo\animal-sniffer-annotations\1.14\animal-sniffer-annotations-1.14.jar;C:\Users\Fayaz\.m2\repository\com\squareup\okhttp3\okhttp\3.11.0\okhttp-3.11.0.jar;C:\Users\Fayaz\.m2\repository\com\squareup\okio\okio\1.14.0\okio-1.14.0.jar;C:\Users\Fayaz\.m2\repository\com\aventstack\extentreports\4.0.0\extentreports-4.0.0.jar;C:\Users\Fayaz\.m2\repository\org\freemarker\freemarker\2.3.23\freemarker-2.3.23.jar;C:\Users\Fayaz\.m2\repository\org\mongodb\mongodb-driver\3.3.0\mongodb-driver-3.3.0.jar;C:\Users\Fayaz\.m2\repository\org\mongodb\mongodb-driver-core\3.3.0\mongodb-driver-core-3.3.0.jar;C:\Users\Fayaz\.m2\repository\org\mongodb\bson\3.3.0\bson-3.3.0.jar;C:\Users\Fayaz\.m2\repository\org\apache\httpcomponents\httpclient\4.5.2\httpclient-4.5.2.jar;C:\Users\Fayaz\.m2\repository\org\apache\httpcomponents\httpcore\4.4.4\httpcore-4.4.4.jar;C:\Users\Fayaz\.m2\repository\commons-codec\commons-codec\1.9\commons-codec-1.9.jar;C:\Users\Fayaz\.m2\repository\org\apache\httpcomponents\httpmime\4.5.2\httpmime-4.5.2.jar;C:\Users\Fayaz\.m2\repository\com\google\code\gson\gson\2.8.5\gson-2.8.5.jar;C:\Users\Fayaz\.m2\repository\io\appium\java-client\7.5.1\java-client-7.5.1.jar;C:\Users\Fayaz\.m2\repository\cglib\cglib\3.3.0\cglib-3.3.0.jar;C:\Users\Fayaz\.m2\repository\org\ow2\asm\asm\7.1\asm-7.1.jar;C:\Users\Fayaz\.m2\repository\org\springframework\spring-context\5.3.4\spring-context-5.3.4.jar;C:\Users\Fayaz\.m2\repository\org\springframework\spring-aop\5.3.4\spring-aop-5.3.4.jar;C:\Users\Fayaz\.m2\repository\org\springframework\spring-beans\5.3.4\spring-beans-5.3.4.jar;C:\Users\Fayaz\.m2\repository\org\springframework\spring-core\5.3.4\spring-core-5.3.4.jar;C:\Users\Fayaz\.m2\repository\org\springframework\spring-jcl\5.3.4\spring-jcl-5.3.4.jar;C:\Users\Fayaz\.m2\repository\org\springframework\spring-expression\5.3.4\spring-expression-5.3.4.jar;C:\Users\Fayaz\.m2\repository\org\aspectj\aspectjweaver\1.9.6\aspectjweaver-1.9.6.jar;C:\Users\Fayaz\.m2\repository\org\testng\testng\7.4.0\testng-7.4.0.jar;C:\Users\Fayaz\.m2\repository\com\beust\jcommander\1.78\jcommander-1.78.jar;C:\Users\Fayaz\.m2\repository\org\webjars\jquery\3.5.1\jquery-3.5.1.jar;C:\Users\Fayaz\.m2\repository\io\rest-assured\rest-assured\4.4.0\rest-assured-4.4.0.jar;C:\Users\Fayaz\.m2\repository\org\codehaus\groovy\groovy\3.0.8\groovy-3.0.8.jar;C:\Users\Fayaz\.m2\repository\org\codehaus\groovy\groovy-xml\3.0.8\groovy-xml-3.0.8.jar;C:\Users\Fayaz\.m2\repository\org\hamcrest\hamcrest\2.1\hamcrest-2.1.jar;C:\Users\Fayaz\.m2\repository\org\ccil\cowan\tagsoup\tagsoup\1.2.1\tagsoup-1.2.1.jar;C:\Users\Fayaz\.m2\repository\io\rest-assured\json-path\4.4.0\json-path-4.4.0.jar;C:\Users\Fayaz\.m2\repository\org\codehaus\groovy\groovy-json\3.0.8\groovy-json-3.0.8.jar;C:\Users\Fayaz\.m2\repository\io\rest-assured\rest-assured-common\4.4.0\rest-assured-common-4.4.0.jar;C:\Users\Fayaz\.m2\repository\io\rest-assured\xml-path\4.4.0\xml-path-4.4.0.jar;C:\Users\Fayaz\.m2\repository\jakarta\xml\bind\jakarta.xml.bind-api\2.3.3\jakarta.xml.bind-api-2.3.3.jar;C:\Users\Fayaz\.m2\repository\jakarta\activation\jakarta.activation-api\1.2.2\jakarta.activation-api-1.2.2.jar;C:\Users\Fayaz\.m2\repository\com\sun\xml\bind\jaxb-impl\2.3.3\jaxb-impl-2.3.3.jar;"/>
    <property name="java.vm.vendor" value="Amazon.com Inc."/>
    <property name="deviceName" value="Fayaz_Emulator2"/>
    <property name="sun.arch.data.model" value="64"/>
    <property name="user.variant" value=""/>
    <property name="java.vendor.url" value="https://aws.amazon.com/corretto/"/>
    <property name="user.timezone" value="Asia/Calcutta"/>
    <property name="java.vm.specification.version" value="1.8"/>
    <property name="os.name" value="Windows 10"/>
    <property name="user.country" value="IN"/>
    <property name="sun.java.launcher" value="SUN_STANDARD"/>
    <property name="sun.boot.library.path" value="C:\Program Files\Amazon Corretto\jdk1.8.0_312\jre\bin"/>
    <property name="sun.java.command" value="C:\Users\Fayaz\AppData\Local\Temp\surefire3978754907036789910\surefirebooter6049071837255322318.jar C:\Users\Fayaz\AppData\Local\Temp\surefire3978754907036789910 2021-12-08T14-30-52_997-jvmRun1 surefire3232988680508622808tmp surefire_01684541074453770018tmp"/>
    <property name="surefire.test.class.path" value="C:\Users\Fayaz\Appium\Anumati\target\test-classes;C:\Users\Fayaz\Appium\Anumati\target\classes;C:\Users\Fayaz\.m2\repository\junit\junit\4.11\junit-4.11.jar;C:\Users\Fayaz\.m2\repository\org\hamcrest\hamcrest-core\1.3\hamcrest-core-1.3.jar;C:\Users\Fayaz\.m2\repository\org\slf4j\slf4j-simple\1.7.32\slf4j-simple-1.7.32.jar;C:\Users\Fayaz\.m2\repository\org\slf4j\slf4j-api\1.7.32\slf4j-api-1.7.32.jar;C:\Users\Fayaz\.m2\repository\org\apache\commons\commons-lang3\3.12.0\commons-lang3-3.12.0.jar;C:\Users\Fayaz\.m2\repository\commons-validator\commons-validator\1.7\commons-validator-1.7.jar;C:\Users\Fayaz\.m2\repository\commons-beanutils\commons-beanutils\1.9.4\commons-beanutils-1.9.4.jar;C:\Users\Fayaz\.m2\repository\commons-digester\commons-digester\2.1\commons-digester-2.1.jar;C:\Users\Fayaz\.m2\repository\commons-logging\commons-logging\1.2\commons-logging-1.2.jar;C:\Users\Fayaz\.m2\repository\commons-collections\commons-collections\3.2.2\commons-collections-3.2.2.jar;C:\Users\Fayaz\.m2\repository\commons-io\commons-io\2.11.0\commons-io-2.11.0.jar;C:\Users\Fayaz\.m2\repository\org\seleniumhq\selenium\selenium-java\3.141.59\selenium-java-3.141.59.jar;C:\Users\Fayaz\.m2\repository\org\seleniumhq\selenium\selenium-api\3.141.59\selenium-api-3.141.59.jar;C:\Users\Fayaz\.m2\repository\org\seleniumhq\selenium\selenium-chrome-driver\3.141.59\selenium-chrome-driver-3.141.59.jar;C:\Users\Fayaz\.m2\repository\org\seleniumhq\selenium\selenium-edge-driver\3.141.59\selenium-edge-driver-3.141.59.jar;C:\Users\Fayaz\.m2\repository\org\seleniumhq\selenium\selenium-firefox-driver\3.141.59\selenium-firefox-driver-3.141.59.jar;C:\Users\Fayaz\.m2\repository\org\seleniumhq\selenium\selenium-ie-driver\3.141.59\selenium-ie-driver-3.141.59.jar;C:\Users\Fayaz\.m2\repository\org\seleniumhq\selenium\selenium-opera-driver\3.141.59\selenium-opera-driver-3.141.59.jar;C:\Users\Fayaz\.m2\repository\org\seleniumhq\selenium\selenium-remote-driver\3.141.59\selenium-remote-driver-3.141.59.jar;C:\Users\Fayaz\.m2\repository\org\seleniumhq\selenium\selenium-safari-driver\3.141.59\selenium-safari-driver-3.141.59.jar;C:\Users\Fayaz\.m2\repository\org\seleniumhq\selenium\selenium-support\3.141.59\selenium-support-3.141.59.jar;C:\Users\Fayaz\.m2\repository\net\bytebuddy\byte-buddy\1.8.15\byte-buddy-1.8.15.jar;C:\Users\Fayaz\.m2\repository\org\apache\commons\commons-exec\1.3\commons-exec-1.3.jar;C:\Users\Fayaz\.m2\repository\com\google\guava\guava\25.0-jre\guava-25.0-jre.jar;C:\Users\Fayaz\.m2\repository\com\google\code\findbugs\jsr305\1.3.9\jsr305-1.3.9.jar;C:\Users\Fayaz\.m2\repository\org\checkerframework\checker-compat-qual\2.0.0\checker-compat-qual-2.0.0.jar;C:\Users\Fayaz\.m2\repository\com\google\errorprone\error_prone_annotations\2.1.3\error_prone_annotations-2.1.3.jar;C:\Users\Fayaz\.m2\repository\com\google\j2objc\j2objc-annotations\1.1\j2objc-annotations-1.1.jar;C:\Users\Fayaz\.m2\repository\org\codehaus\mojo\animal-sniffer-annotations\1.14\animal-sniffer-annotations-1.14.jar;C:\Users\Fayaz\.m2\repository\com\squareup\okhttp3\okhttp\3.11.0\okhttp-3.11.0.jar;C:\Users\Fayaz\.m2\repository\com\squareup\okio\okio\1.14.0\okio-1.14.0.jar;C:\Users\Fayaz\.m2\repository\com\aventstack\extentreports\4.0.0\extentreports-4.0.0.jar;C:\Users\Fayaz\.m2\repository\org\freemarker\freemarker\2.3.23\freemarker-2.3.23.jar;C:\Users\Fayaz\.m2\repository\org\mongodb\mongodb-driver\3.3.0\mongodb-driver-3.3.0.jar;C:\Users\Fayaz\.m2\repository\org\mongodb\mongodb-driver-core\3.3.0\mongodb-driver-core-3.3.0.jar;C:\Users\Fayaz\.m2\repository\org\mongodb\bson\3.3.0\bson-3.3.0.jar;C:\Users\Fayaz\.m2\repository\org\apache\httpcomponents\httpclient\4.5.2\httpclient-4.5.2.jar;C:\Users\Fayaz\.m2\repository\org\apache\httpcomponents\httpcore\4.4.4\httpcore-4.4.4.jar;C:\Users\Fayaz\.m2\repository\commons-codec\commons-codec\1.9\commons-codec-1.9.jar;C:\Users\Fayaz\.m2\repository\org\apache\httpcomponents\httpmime\4.5.2\httpmime-4.5.2.jar;C:\Users\Fayaz\.m2\repository\com\google\code\gson\gson\2.8.5\gson-2.8.5.jar;C:\Users\Fayaz\.m2\repository\io\appium\java-client\7.5.1\java-client-7.5.1.jar;C:\Users\Fayaz\.m2\repository\cglib\cglib\3.3.0\cglib-3.3.0.jar;C:\Users\Fayaz\.m2\repository\org\ow2\asm\asm\7.1\asm-7.1.jar;C:\Users\Fayaz\.m2\repository\org\springframework\spring-context\5.3.4\spring-context-5.3.4.jar;C:\Users\Fayaz\.m2\repository\org\springframework\spring-aop\5.3.4\spring-aop-5.3.4.jar;C:\Users\Fayaz\.m2\repository\org\springframework\spring-beans\5.3.4\spring-beans-5.3.4.jar;C:\Users\Fayaz\.m2\repository\org\springframework\spring-core\5.3.4\spring-core-5.3.4.jar;C:\Users\Fayaz\.m2\repository\org\springframework\spring-jcl\5.3.4\spring-jcl-5.3.4.jar;C:\Users\Fayaz\.m2\repository\org\springframework\spring-expression\5.3.4\spring-expression-5.3.4.jar;C:\Users\Fayaz\.m2\repository\org\aspectj\aspectjweaver\1.9.6\aspectjweaver-1.9.6.jar;C:\Users\Fayaz\.m2\repository\org\testng\testng\7.4.0\testng-7.4.0.jar;C:\Users\Fayaz\.m2\repository\com\beust\jcommander\1.78\jcommander-1.78.jar;C:\Users\Fayaz\.m2\repository\org\webjars\jquery\3.5.1\jquery-3.5.1.jar;C:\Users\Fayaz\.m2\repository\io\rest-assured\rest-assured\4.4.0\rest-assured-4.4.0.jar;C:\Users\Fayaz\.m2\repository\org\codehaus\groovy\groovy\3.0.8\groovy-3.0.8.jar;C:\Users\Fayaz\.m2\repository\org\codehaus\groovy\groovy-xml\3.0.8\groovy-xml-3.0.8.jar;C:\Users\Fayaz\.m2\repository\org\hamcrest\hamcrest\2.1\hamcrest-2.1.jar;C:\Users\Fayaz\.m2\repository\org\ccil\cowan\tagsoup\tagsoup\1.2.1\tagsoup-1.2.1.jar;C:\Users\Fayaz\.m2\repository\io\rest-assured\json-path\4.4.0\json-path-4.4.0.jar;C:\Users\Fayaz\.m2\repository\org\codehaus\groovy\groovy-json\3.0.8\groovy-json-3.0.8.jar;C:\Users\Fayaz\.m2\repository\io\rest-assured\rest-assured-common\4.4.0\rest-assured-common-4.4.0.jar;C:\Users\Fayaz\.m2\repository\io\rest-assured\xml-path\4.4.0\xml-path-4.4.0.jar;C:\Users\Fayaz\.m2\repository\jakarta\xml\bind\jakarta.xml.bind-api\2.3.3\jakarta.xml.bind-api-2.3.3.jar;C:\Users\Fayaz\.m2\repository\jakarta\activation\jakarta.activation-api\1.2.2\jakarta.activation-api-1.2.2.jar;C:\Users\Fayaz\.m2\repository\com\sun\xml\bind\jaxb-impl\2.3.3\jaxb-impl-2.3.3.jar;"/>
    <property name="sun.cpu.endian" value="little"/>
    <property name="user.home" value="C:\Users\Fayaz"/>
    <property name="user.language" value="en"/>
    <property name="java.specification.vendor" value="Oracle Corporation"/>
    <property name="java.home" value="C:\Program Files\Amazon Corretto\jdk1.8.0_312\jre"/>
    <property name="basedir" value="C:\Users\Fayaz\Appium\Anumati"/>
    <property name="file.separator" value="\"/>
    <property name="line.separator" value="&#10;"/>
    <property name="java.vm.specification.vendor" value="Oracle Corporation"/>
    <property name="java.specification.name" value="Java Platform API Specification"/>
    <property name="java.awt.graphicsenv" value="sun.awt.Win32GraphicsEnvironment"/>
    <property name="surefire.real.class.path" value="C:\Users\Fayaz\AppData\Local\Temp\surefire3978754907036789910\surefirebooter6049071837255322318.jar"/>
    <property name="sun.boot.class.path" value="C:\Program Files\Amazon Corretto\jdk1.8.0_312\jre\lib\resources.jar;C:\Program Files\Amazon Corretto\jdk1.8.0_312\jre\lib\rt.jar;C:\Program Files\Amazon Corretto\jdk1.8.0_312\jre\lib\sunrsasign.jar;C:\Program Files\Amazon Corretto\jdk1.8.0_312\jre\lib\jsse.jar;C:\Program Files\Amazon Corretto\jdk1.8.0_312\jre\lib\jce.jar;C:\Program Files\Amazon Corretto\jdk1.8.0_312\jre\lib\charsets.jar;C:\Program Files\Amazon Corretto\jdk1.8.0_312\jre\lib\jfr.jar;C:\Program Files\Amazon Corretto\jdk1.8.0_312\jre\classes"/>
    <property name="user.script" value=""/>
    <property name="sun.management.compiler" value="HotSpot 64-Bit Tiered Compilers"/>
    <property name="java.runtime.version" value="1.8.0_312-b07"/>
    <property name="user.name" value="Fayaz"/>
    <property name="path.separator" value=";"/>
    <property name="os.version" value="10.0"/>
    <property name="java.endorsed.dirs" value="C:\Program Files\Amazon Corretto\jdk1.8.0_312\jre\lib\endorsed"/>
    <property name="java.runtime.name" value="OpenJDK Runtime Environment"/>
    <property name="file.encoding" value="Cp1252"/>
    <property name="java.vm.name" value="OpenJDK 64-Bit Server VM"/>
    <property name="localRepository" value="C:\Users\Fayaz\.m2\repository"/>
    <property name="java.vendor.url.bug" value="https://github.com/corretto/corretto-8/issues/"/>
    <property name="java.io.tmpdir" value="C:\Users\Fayaz\AppData\Local\Temp\"/>
    <property name="java.version" value="1.8.0_312"/>
    <property name="user.dir" value="C:\Users\Fayaz\Appium\Anumati"/>
    <property name="os.arch" value="amd64"/>
    <property name="java.vm.specification.name" value="Java Virtual Machine Specification"/>
    <property name="java.awt.printerjob" value="sun.awt.windows.WPrinterJob"/>
    <property name="sun.os.patch.level" value=""/>
    <property name="java.library.path" value="C:\Program Files\Amazon Corretto\jdk1.8.0_312\jre\bin;C:\WINDOWS\Sun\Java\bin;C:\WINDOWS\system32;C:\WINDOWS;C:\Users\Fayaz\Downloads\apache-maven-3.8.2-bin\apache-maven-3.8.2/bin;C:\Program Files\Amazon Corretto\jdk1.8.0_312/bin;C:\Program Files\Amazon Corretto\jdk1.8.0_312/bin;C:\Python39\Scripts\;C:\Python39\;C:\WINDOWS\system32;C:\WINDOWS;C:\WINDOWS\System32\Wbem;C:\WINDOWS\System32\WindowsPowerShell\v1.0\;C:\WINDOWS\System32\OpenSSH\;C:\Program Files\Amazon Corretto\jdk1.8.0_312\bin;C:\Program Files\nodejs\;C:\Users\Fayaz\AppData\Local\Android\Sdk\tools\bin;C:\Users\Fayaz\AppData\Local\Android\Sdk\tools;C:\Users\Fayaz\AppData\Local\Android\Sdk\platform-tools;C:\Program Files\nodejs\node_modules\npm\bin;C:\ProgramData\chocolatey\bin;C:\Users\Fayaz\Downloads\apache-maven-3.8.2-bin\apache-maven-3.8.2\bin;C:\Program Files\Git\cmd;C:\Program Files\Git\mingw64\bin;C:\Program Files\Git\usr\bin;C:\Program Files\MySQL\MySQL Shell 8.0\bin\;C:\Users\Fayaz\AppData\Local\Microsoft\WindowsApps;C:\Users\Fayaz\AppData\Roaming\npm;C:\Program Files\Amazon Corretto\jdk1.8.0_312;C:\Users\Fayaz\AppData\Local\Android\Sdk\tools\bin;;."/>
    <property name="java.vm.info" value="mixed mode"/>
    <property name="java.vendor" value="Amazon.com Inc."/>
    <property name="java.vm.version" value="25.312-b07"/>
    <property name="java.ext.dirs" value="C:\Program Files\Amazon Corretto\jdk1.8.0_312\jre\lib\ext;C:\WINDOWS\Sun\Java\lib\ext"/>
    <property name="sun.io.unicode.encoding" value="UnicodeLittle"/>
    <property name="java.class.version" value="52.0"/>
  </properties>
  <testcase name="AccountsSearch[7760305049, 7760305049, 0082](1)" classname="AA.Anumati.SearchAccountUsingPhNoAndBank" time="135.053">
    <failure message="Can&apos;t locate an element by this strategy: By.chained({By.xpath: //android.view.View[@text=&apos;Registered phone number&apos;]})" type="org.openqa.selenium.NoSuchElementException"><![CDATA[org.openqa.selenium.NoSuchElementException: Can't locate an element by this strategy: By.chained({By.xpath: //android.view.View[@text='Registered phone number']})
	at AA.Anumati.SearchAccountUsingPhNoAndBank.AccountsSearch(SearchAccountUsingPhNoAndBank.java:50)
Caused by: org.openqa.selenium.TimeoutException: Expected condition failed: waiting for io.appium.java_client.pagefactory.AppiumElementLocator$WaitingFunction@7502291e (tried for 1 second(s) with 500 milliseconds interval)
	at AA.Anumati.SearchAccountUsingPhNoAndBank.AccountsSearch(SearchAccountUsingPhNoAndBank.java:50)
Caused by: org.openqa.selenium.NoSuchElementException: 
Cannot locate an element using By.chained({By.xpath: //android.view.View[@text='Registered phone number']})
For documentation on this error, please visit: https://www.seleniumhq.org/exceptions/no_such_element.html
Build info: version: '3.141.59', revision: 'e82be7d358', time: '2018-11-14T08:17:03'
System info: host: 'PERFIOS-HW-099', ip: '192.168.22.92', os.name: 'Windows 10', os.arch: 'amd64', os.version: '10.0', java.version: '1.8.0_312'
Driver info: driver.version: AndroidDriver
	at AA.Anumati.SearchAccountUsingPhNoAndBank.AccountsSearch(SearchAccountUsingPhNoAndBank.java:50)
]]></failure>
    <system-out><![CDATA[&amp#27;[35m[Appium]&amp#27;[39m Welcome to Appium v1.21.0
&amp#27;[35m[Appium]&amp#27;[39m Appium REST http interface listener started on 0.0.0.0:4723
&amp#27;[35m[HTTP]&amp#27;[39m &amp#27;[37m-->&amp#27;[39m &amp#27;[37mGET&amp#27;[39m &amp#27;[37m/wd/hub/status&amp#27;[39m
&amp#27;[35m[HTTP]&amp#27;[39m &amp#27;[90m{}&amp#27;[39m
[debug] &amp#27;[35m[GENERIC]&amp#27;[39m Calling AppiumDriver.getStatus() with args: []
[debug] &amp#27;[35m[GENERIC]&amp#27;[39m Responding to client with driver.getStatus() result: {"build":{"version":"1.21.0"}}
&amp#27;[35m[HTTP]&amp#27;[39m &amp#27;[37m<-- GET /wd/hub/status &amp#27;[39m&amp#27;[32m200&amp#27;[39m &amp#27;[90m7 ms - 68&amp#27;[39m
&amp#27;[35m[HTTP]&amp#27;[39m &amp#27;[90m&amp#27;[39m
C:\Users\Fayaz\Appium\Anumati
[debug] &amp#27;[35m[HTTP]&amp#27;[39m Request idempotency key: 71cd0c45-cc1b-48c6-8376-6781cdb9ee38
&amp#27;[35m[HTTP]&amp#27;[39m &amp#27;[37m-->&amp#27;[39m &amp#27;[37mPOST&amp#27;[39m &amp#27;[37m/wd/hub/session&amp#27;[39m
&amp#27;[35m[HTTP]&amp#27;[39m &amp#27;[90m{"desiredCapabilities":{"app":"C:\\Users\\Fayaz\\Appium\\Anumati\\src\\Anumati.apk","newCommandTimeout":14,"automationName":"uiautomator2","autoGrantPermissions":"true","chromeOptions":{"w3c":false},"platformName":"Android","deviceName":"Fayaz_Emulator2"},"capabilities":{"firstMatch":[{"appium:app":"C:\\Users\\Fayaz\\Appium\\Anumati\\src\\Anumati.apk","appium:autoGrantPermissions":"true","appium:automationName":"uiautomator2","appium:chromeOptions":{"w3c":false},"appium:deviceName":"Fayaz_Emulator2","goog:chromeOptions":{"w3c":false},"appium:newCommandTimeout":14,"platformName":"android"}]}}&amp#27;[39m
[debug] &amp#27;[35m[W3C]&amp#27;[39m Calling AppiumDriver.createSession() with args: [{"app":"C:\\Users\\Fayaz\\Appium\\Anumati\\src\\Anumati.apk","newCommandTimeout":14,"automationName":"uiautomator2","autoGrantPermissions":"true","chromeOptions":{"w3c":false},"platformName":"Android","deviceName":"Fayaz_Emulator2"},null,{"firstMatch":[{"appium:app":"C:\\Users\\Fayaz\\Appium\\Anumati\\src\\Anumati.apk","appium:autoGrantPermissions":"true","appium:automationName":"uiautomator2","appium:chromeOptions":{"w3c":false},"appium:deviceName":"Fayaz_Emulator2","goog:chromeOptions":{"w3c":false},"appium:newCommandTimeout":14,"platformName":"android"}]}]
[debug] &amp#27;[35m[BaseDriver]&amp#27;[39m Event 'newSessionRequested' logged at 1638954081631 (14:31:21 GMT+0530 (India Standard Time))
&amp#27;[35m[Appium]&amp#27;[39m Appium v1.21.0 creating new AndroidUiautomator2Driver (v1.65.0) session
[debug] &amp#27;[35m[BaseDriver]&amp#27;[39m W3C capabilities and MJSONWP desired capabilities were provided
[debug] &amp#27;[35m[BaseDriver]&amp#27;[39m Creating session with W3C capabilities: {
[debug] &amp#27;[35m[BaseDriver]&amp#27;[39m   "alwaysMatch": {
[debug] &amp#27;[35m[BaseDriver]&amp#27;[39m     "goog:chromeOptions": {
[debug] &amp#27;[35m[BaseDriver]&amp#27;[39m       "w3c": false
[debug] &amp#27;[35m[BaseDriver]&amp#27;[39m     },
[debug] &amp#27;[35m[BaseDriver]&amp#27;[39m     "platformName": "android",
[debug] &amp#27;[35m[BaseDriver]&amp#27;[39m     "appium:app": "C:\\Users\\Fayaz\\Appium\\Anumati\\src\\Anumati.apk",
[debug] &amp#27;[35m[BaseDriver]&amp#27;[39m     "appium:autoGrantPermissions": "true",
[debug] &amp#27;[35m[BaseDriver]&amp#27;[39m     "appium:automationName": "uiautomator2",
[debug] &amp#27;[35m[BaseDriver]&amp#27;[39m     "appium:chromeOptions": {
[debug] &amp#27;[35m[BaseDriver]&amp#27;[39m       "w3c": false
[debug] &amp#27;[35m[BaseDriver]&amp#27;[39m     },
[debug] &amp#27;[35m[BaseDriver]&amp#27;[39m     "appium:deviceName": "Fayaz_Emulator2",
[debug] &amp#27;[35m[BaseDriver]&amp#27;[39m     "appium:newCommandTimeout": 14
[debug] &amp#27;[35m[BaseDriver]&amp#27;[39m   },
[debug] &amp#27;[35m[BaseDriver]&amp#27;[39m   "firstMatch": [
[debug] &amp#27;[35m[BaseDriver]&amp#27;[39m     {}
[debug] &amp#27;[35m[BaseDriver]&amp#27;[39m   ]
[debug] &amp#27;[35m[BaseDriver]&amp#27;[39m }
&amp#27;[35m[BaseDriver]&amp#27;[39m Capability 'autoGrantPermissions' changed from string to boolean. This may cause unexpected behavior
&amp#27;[35m[BaseDriver]&amp#27;[39m The following capabilities were provided, but are not recognized by Appium:
&amp#27;[35m[BaseDriver]&amp#27;[39m   goog:chromeOptions
&amp#27;[35m[BaseDriver]&amp#27;[39m Session created with session id: bb6ff96a-782e-4e80-ab55-ae5d87858470
&amp#27;[35m[BaseDriver]&amp#27;[39m Using local app 'C:\Users\Fayaz\Appium\Anumati\src\Anumati.apk'
[debug] &amp#27;[35m[UiAutomator2]&amp#27;[39m Checking whether app is actually present
&amp#27;[35m[ADB]&amp#27;[39m Found 2 'build-tools' folders under 'C:\Users\Fayaz\AppData\Local\Android\Sdk' (newest first):
&amp#27;[35m[ADB]&amp#27;[39m     C:/Users/Fayaz/AppData/Local/Android/Sdk/build-tools/31.0.0
&amp#27;[35m[ADB]&amp#27;[39m     C:/Users/Fayaz/AppData/Local/Android/Sdk/build-tools/30.0.2
&amp#27;[35m[ADB]&amp#27;[39m Using 'adb.exe' from 'C:\Users\Fayaz\AppData\Local\Android\Sdk\platform-tools\adb.exe'
[debug] &amp#27;[35m[ADB]&amp#27;[39m Running 'C:\Users\Fayaz\AppData\Local\Android\Sdk\platform-tools\adb.exe -P 5037 start-server'
&amp#27;[35m[AndroidDriver]&amp#27;[39m Retrieving device list
[debug] &amp#27;[35m[ADB]&amp#27;[39m Trying to find a connected android device
[debug] &amp#27;[35m[ADB]&amp#27;[39m Getting connected devices
[debug] &amp#27;[35m[ADB]&amp#27;[39m No connected devices have been detected
[debug] &amp#27;[35m[ADB]&amp#27;[39m Could not find online devices
[debug] &amp#27;[35m[ADB]&amp#27;[39m Reconnecting adb (target offline)
[debug] &amp#27;[35m[ADB]&amp#27;[39m Running 'C:\Users\Fayaz\AppData\Local\Android\Sdk\platform-tools\adb.exe -P 5037 reconnect offline'
[debug] &amp#27;[35m[ADB]&amp#27;[39m Getting connected devices
[debug] &amp#27;[35m[ADB]&amp#27;[39m No connected devices have been detected
[debug] &amp#27;[35m[ADB]&amp#27;[39m Could not find online devices
[debug] &amp#27;[35m[ADB]&amp#27;[39m Reconnecting adb (target offline)
[debug] &amp#27;[35m[ADB]&amp#27;[39m Running 'C:\Users\Fayaz\AppData\Local\Android\Sdk\platform-tools\adb.exe -P 5037 reconnect offline'
[debug] &amp#27;[35m[ADB]&amp#27;[39m Getting connected devices
[debug] &amp#27;[35m[ADB]&amp#27;[39m No connected devices have been detected
[debug] &amp#27;[35m[ADB]&amp#27;[39m Could not find online devices
[debug] &amp#27;[35m[ADB]&amp#27;[39m Reconnecting adb (target offline)
[debug] &amp#27;[35m[ADB]&amp#27;[39m Running 'C:\Users\Fayaz\AppData\Local\Android\Sdk\platform-tools\adb.exe -P 5037 reconnect offline'
[debug] &amp#27;[35m[ADB]&amp#27;[39m Getting connected devices
[debug] &amp#27;[35m[ADB]&amp#27;[39m No connected devices have been detected
[debug] &amp#27;[35m[ADB]&amp#27;[39m Could not find online devices
[debug] &amp#27;[35m[ADB]&amp#27;[39m Reconnecting adb (target offline)
[debug] &amp#27;[35m[ADB]&amp#27;[39m Running 'C:\Users\Fayaz\AppData\Local\Android\Sdk\platform-tools\adb.exe -P 5037 reconnect offline'
[debug] &amp#27;[35m[ADB]&amp#27;[39m Getting connected devices
[debug] &amp#27;[35m[ADB]&amp#27;[39m No connected devices have been detected
[debug] &amp#27;[35m[ADB]&amp#27;[39m Could not find online devices
[debug] &amp#27;[35m[ADB]&amp#27;[39m Reconnecting adb (target offline)
[debug] &amp#27;[35m[ADB]&amp#27;[39m Running 'C:\Users\Fayaz\AppData\Local\Android\Sdk\platform-tools\adb.exe -P 5037 reconnect offline'
[debug] &amp#27;[35m[ADB]&amp#27;[39m Getting connected devices
[debug] &amp#27;[35m[ADB]&amp#27;[39m No connected devices have been detected
[debug] &amp#27;[35m[ADB]&amp#27;[39m Could not find online devices
[debug] &amp#27;[35m[ADB]&amp#27;[39m Reconnecting adb (target offline)
[debug] &amp#27;[35m[ADB]&amp#27;[39m Running 'C:\Users\Fayaz\AppData\Local\Android\Sdk\platform-tools\adb.exe -P 5037 reconnect offline'
[debug] &amp#27;[35m[ADB]&amp#27;[39m Getting connected devices
[debug] &amp#27;[35m[ADB]&amp#27;[39m No connected devices have been detected
[debug] &amp#27;[35m[ADB]&amp#27;[39m Could not find online devices
[debug] &amp#27;[35m[ADB]&amp#27;[39m Reconnecting adb (target offline)
[debug] &amp#27;[35m[ADB]&amp#27;[39m Running 'C:\Users\Fayaz\AppData\Local\Android\Sdk\platform-tools\adb.exe -P 5037 reconnect offline'
[debug] &amp#27;[35m[ADB]&amp#27;[39m Getting connected devices
[debug] &amp#27;[35m[ADB]&amp#27;[39m Connected devices: [{"udid":"emulator-5554","state":"device"}]
&amp#27;[35m[AndroidDriver]&amp#27;[39m Using device: emulator-5554
&amp#27;[35m[ADB]&amp#27;[39m Using 'adb.exe' from 'C:\Users\Fayaz\AppData\Local\Android\Sdk\platform-tools\adb.exe'
[debug] &amp#27;[35m[ADB]&amp#27;[39m Running 'C:\Users\Fayaz\AppData\Local\Android\Sdk\platform-tools\adb.exe -P 5037 start-server'
[debug] &amp#27;[35m[ADB]&amp#27;[39m Setting device id to emulator-5554
[debug] &amp#27;[35m[ADB]&amp#27;[39m Running 'C:\Users\Fayaz\AppData\Local\Android\Sdk\platform-tools\adb.exe -P 5037 -s emulator-5554 shell getprop ro.build.version.sdk'
[debug] &amp#27;[35m[ADB]&amp#27;[39m Current device property 'ro.build.version.sdk': 30
&amp#27;[35m[ADB]&amp#27;[39m Getting device platform version
[debug] &amp#27;[35m[ADB]&amp#27;[39m Running 'C:\Users\Fayaz\AppData\Local\Android\Sdk\platform-tools\adb.exe -P 5037 -s emulator-5554 shell getprop ro.build.version.release'
[debug] &amp#27;[35m[ADB]&amp#27;[39m Current device property 'ro.build.version.release': 11
[debug] &amp#27;[35m[ADB]&amp#27;[39m Device API level: 30
&amp#27;[35m[UiAutomator2]&amp#27;[39m Relaxing hidden api policy
[debug] &amp#27;[35m[ADB]&amp#27;[39m Running 'C:\Users\Fayaz\AppData\Local\Android\Sdk\platform-tools\adb.exe -P 5037 -s emulator-5554 shell 'settings put global hidden_api_policy_pre_p_apps 1;settings put global hidden_api_policy_p_apps 1;settings put global hidden_api_policy 1''
[debug] &amp#27;[35m[AndroidDriver]&amp#27;[39m Parsing package and activity from app manifest
&amp#27;[35m[ADB]&amp#27;[39m Package name: 'com.anumati'
&amp#27;[35m[ADB]&amp#27;[39m Main activity name: 'com.aa.MainActivity'
[debug] &amp#27;[35m[AndroidDriver]&amp#27;[39m Parsed package and activity are: com.anumati/com.aa.MainActivity
[debug] &amp#27;[35m[ADB]&amp#27;[39m Running 'C:\Users\Fayaz\AppData\Local\Android\Sdk\platform-tools\adb.exe -P 5037 -s emulator-5554 wait-for-device'
[debug] &amp#27;[35m[ADB]&amp#27;[39m Running 'C:\Users\Fayaz\AppData\Local\Android\Sdk\platform-tools\adb.exe -P 5037 -s emulator-5554 shell echo ping'
[debug] &amp#27;[35m[AndroidDriver]&amp#27;[39m Pushing settings apk to device...
[debug] &amp#27;[35m[ADB]&amp#27;[39m Getting install status for io.appium.settings
[debug] &amp#27;[35m[ADB]&amp#27;[39m Running 'C:\Users\Fayaz\AppData\Local\Android\Sdk\platform-tools\adb.exe -P 5037 -s emulator-5554 shell dumpsys package io.appium.settings'
[debug] &amp#27;[35m[ADB]&amp#27;[39m 'io.appium.settings' is installed
[debug] &amp#27;[35m[ADB]&amp#27;[39m Getting package info for 'io.appium.settings'
[debug] &amp#27;[35m[ADB]&amp#27;[39m Running 'C:\Users\Fayaz\AppData\Local\Android\Sdk\platform-tools\adb.exe -P 5037 -s emulator-5554 shell dumpsys package io.appium.settings'
[debug] &amp#27;[35m[ADB]&amp#27;[39m The version code of the installed 'io.appium.settings' is greater than the application version code (30 > 29)
[debug] &amp#27;[35m[ADB]&amp#27;[39m There is no need to downgrade 'io.appium.settings'
[debug] &amp#27;[35m[ADB]&amp#27;[39m Getting IDs of all 'io.appium.settings' processes
[debug] &amp#27;[35m[ADB]&amp#27;[39m Running 'C:\Users\Fayaz\AppData\Local\Android\Sdk\platform-tools\adb.exe -P 5037 -s emulator-5554 shell 'pgrep --help; echo $?''
[debug] &amp#27;[35m[ADB]&amp#27;[39m Running 'C:\Users\Fayaz\AppData\Local\Android\Sdk\platform-tools\adb.exe -P 5037 -s emulator-5554 shell pgrep -f \(\[\[:blank:\]\]\|\^\)io\.appium\.settings\(\[\[:blank:\]\]\|\$\)'
[debug] &amp#27;[35m[ADB]&amp#27;[39m Getting IDs of all 'io.appium.settings' processes
[debug] &amp#27;[35m[ADB]&amp#27;[39m Running 'C:\Users\Fayaz\AppData\Local\Android\Sdk\platform-tools\adb.exe -P 5037 -s emulator-5554 shell pgrep -f \(\[\[:blank:\]\]\|\^\)io\.appium\.settings\(\[\[:blank:\]\]\|\$\)'
[debug] &amp#27;[35m[ADB]&amp#27;[39m Starting Appium Settings app
[debug] &amp#27;[35m[ADB]&amp#27;[39m Running 'C:\Users\Fayaz\AppData\Local\Android\Sdk\platform-tools\adb.exe -P 5037 -s emulator-5554 shell am start -n io.appium.settings/.Settings -a android.intent.action.MAIN -c android.intent.category.LAUNCHER'
[debug] &amp#27;[35m[ADB]&amp#27;[39m Getting IDs of all 'io.appium.settings' processes
[debug] &amp#27;[35m[ADB]&amp#27;[39m Running 'C:\Users\Fayaz\AppData\Local\Android\Sdk\platform-tools\adb.exe -P 5037 -s emulator-5554 shell pgrep -f \(\[\[:blank:\]\]\|\^\)io\.appium\.settings\(\[\[:blank:\]\]\|\$\)'
[debug] &amp#27;[35m[Logcat]&amp#27;[39m Starting logs capture with command: C:\\Users\\Fayaz\\AppData\\Local\\Android\\Sdk\\platform-tools\\adb.exe -P 5037 -s emulator-5554 logcat -v threadtime
[debug] &amp#27;[35m[UiAutomator2]&amp#27;[39m Forwarding UiAutomator2 Server port 6790 to local port 8200
[debug] &amp#27;[35m[ADB]&amp#27;[39m Forwarding system: 8200 to device: 6790
[debug] &amp#27;[35m[ADB]&amp#27;[39m Running 'C:\Users\Fayaz\AppData\Local\Android\Sdk\platform-tools\adb.exe -P 5037 -s emulator-5554 forward tcp:8200 tcp:6790'
[debug] &amp#27;[35m[ADB]&amp#27;[39m Getting install status for io.appium.uiautomator2.server
[debug] &amp#27;[35m[ADB]&amp#27;[39m Running 'C:\Users\Fayaz\AppData\Local\Android\Sdk\platform-tools\adb.exe -P 5037 -s emulator-5554 shell dumpsys package io.appium.uiautomator2.server'
[debug] &amp#27;[35m[ADB]&amp#27;[39m 'io.appium.uiautomator2.server' is installed
[debug] &amp#27;[35m[ADB]&amp#27;[39m Getting package info for 'io.appium.uiautomator2.server'
[debug] &amp#27;[35m[ADB]&amp#27;[39m Running 'C:\Users\Fayaz\AppData\Local\Android\Sdk\platform-tools\adb.exe -P 5037 -s emulator-5554 shell dumpsys package io.appium.uiautomator2.server'
[debug] &amp#27;[35m[ADB]&amp#27;[39m The version name of the installed 'io.appium.uiautomator2.server' is greater or equal to the application version name ('4.21.1' >= '4.21.1')
[debug] &amp#27;[35m[UiAutomator2]&amp#27;[39m io.appium.uiautomator2.server installation state: sameVersionInstalled
[debug] &amp#27;[35m[ADB]&amp#27;[39m Checking app cert for C:\Users\Fayaz\AppData\Roaming\npm\node_modules\appium\node_modules\appium-uiautomator2-server\apks\appium-uiautomator2-server-v4.21.1.apk
&amp#27;[35m[ADB]&amp#27;[39m Using 'apksigner.jar' from 'C:\Users\Fayaz\AppData\Local\Android\Sdk\build-tools\31.0.0\lib\apksigner.jar'
[debug] &amp#27;[35m[ADB]&amp#27;[39m Starting apksigner: 'C:\\Program Files\\Amazon Corretto\\jdk1.8.0_312\\bin\\java.exe' -Xmx1024M -Xss1m -jar C:\\Users\\Fayaz\\AppData\\Local\\Android\\Sdk\\build-tools\\31.0.0\\lib\\apksigner.jar verify --print-certs C:\\Users\\Fayaz\\AppData\\Roaming\\npm\\node_modules\\appium\\node_modules\\appium-uiautomator2-server\\apks\\appium-uiautomator2-server-v4.21.1.apk
[debug] &amp#27;[35m[ADB]&amp#27;[39m apksigner stdout: Signer #1 certificate DN: EMAILADDRESS=android@android.com, CN=Android, OU=Android, O=Android, L=Mountain View, ST=California, C=US
[debug] &amp#27;[35m[ADB]&amp#27;[39m Signer #1 certificate SHA-256 digest: a40da80a59d170caa950cf15c18c454d47a39b26989d8b640ecd745ba71bf5dc
[debug] &amp#27;[35m[ADB]&amp#27;[39m Signer #1 certificate SHA-1 digest: 61ed377e85d386a8dfee6b864bd85b0bfaa5af81
[debug] &amp#27;[35m[ADB]&amp#27;[39m Signer #1 certificate MD5 digest: e89b158e4bcf988ebd09eb83f5378e87
[debug] &amp#27;[35m[ADB]&amp#27;[39m 
[debug] &amp#27;[35m[ADB]&amp#27;[39m sha256 hash did match for 'appium-uiautomator2-server-v4.21.1.apk'
&amp#27;[35m[ADB]&amp#27;[39m 'C:\Users\Fayaz\AppData\Roaming\npm\node_modules\appium\node_modules\appium-uiautomator2-server\apks\appium-uiautomator2-server-v4.21.1.apk' is signed with the default certificate
[debug] &amp#27;[35m[ADB]&amp#27;[39m Getting install status for io.appium.uiautomator2.server.test
[debug] &amp#27;[35m[ADB]&amp#27;[39m Running 'C:\Users\Fayaz\AppData\Local\Android\Sdk\platform-tools\adb.exe -P 5037 -s emulator-5554 shell dumpsys package io.appium.uiautomator2.server.test'
[debug] &amp#27;[35m[ADB]&amp#27;[39m 'io.appium.uiautomator2.server.test' is installed
[debug] &amp#27;[35m[ADB]&amp#27;[39m Checking app cert for C:\Users\Fayaz\AppData\Roaming\npm\node_modules\appium\node_modules\appium-uiautomator2-server\apks\appium-uiautomator2-server-debug-androidTest.apk
[debug] &amp#27;[35m[ADB]&amp#27;[39m Starting apksigner: 'C:\\Program Files\\Amazon Corretto\\jdk1.8.0_312\\bin\\java.exe' -Xmx1024M -Xss1m -jar C:\\Users\\Fayaz\\AppData\\Local\\Android\\Sdk\\build-tools\\31.0.0\\lib\\apksigner.jar verify --print-certs C:\\Users\\Fayaz\\AppData\\Roaming\\npm\\node_modules\\appium\\node_modules\\appium-uiautomator2-server\\apks\\appium-uiautomator2-server-debug-androidTest.apk
[debug] &amp#27;[35m[ADB]&amp#27;[39m apksigner stdout: Signer #1 certificate DN: EMAILADDRESS=android@android.com, CN=Android, OU=Android, O=Android, L=Mountain View, ST=California, C=US
[debug] &amp#27;[35m[ADB]&amp#27;[39m Signer #1 certificate SHA-256 digest: a40da80a59d170caa950cf15c18c454d47a39b26989d8b640ecd745ba71bf5dc
[debug] &amp#27;[35m[ADB]&amp#27;[39m Signer #1 certificate SHA-1 digest: 61ed377e85d386a8dfee6b864bd85b0bfaa5af81
[debug] &amp#27;[35m[ADB]&amp#27;[39m Signer #1 certificate MD5 digest: e89b158e4bcf988ebd09eb83f5378e87
[debug] &amp#27;[35m[ADB]&amp#27;[39m 
[debug] &amp#27;[35m[ADB]&amp#27;[39m sha256 hash did match for 'appium-uiautomator2-server-debug-androidTest.apk'
&amp#27;[35m[ADB]&amp#27;[39m 'C:\Users\Fayaz\AppData\Roaming\npm\node_modules\appium\node_modules\appium-uiautomator2-server\apks\appium-uiautomator2-server-debug-androidTest.apk' is signed with the default certificate
&amp#27;[35m[UiAutomator2]&amp#27;[39m Server packages are not going to be (re)installed
[debug] &amp#27;[35m[UiAutomator2]&amp#27;[39m Waiting up to 30000ms for services to be available
[debug] &amp#27;[35m[ADB]&amp#27;[39m Running 'C:\Users\Fayaz\AppData\Local\Android\Sdk\platform-tools\adb.exe -P 5037 -s emulator-5554 shell pm list instrumentation'
[debug] &amp#27;[35m[UiAutomator2]&amp#27;[39m Instrumentation target 'io.appium.uiautomator2.server.test/androidx.test.runner.AndroidJUnitRunner' is available
&amp#27;[35m[ADB]&amp#27;[39m Adding packages ["io.appium.settings","io.appium.uiautomator2.server","io.appium.uiautomator2.server.test"] to Doze whitelist
[debug] &amp#27;[35m[ADB]&amp#27;[39m Got the following command chunks to execute: [["dumpsys","deviceidle","whitelist","+io.appium.settings",";","dumpsys","deviceidle","whitelist","+io.appium.uiautomator2.server",";","dumpsys","deviceidle","whitelist","+io.appium.uiautomator2.server.test",";"]]
[debug] &amp#27;[35m[ADB]&amp#27;[39m Running 'C:\Users\Fayaz\AppData\Local\Android\Sdk\platform-tools\adb.exe -P 5037 -s emulator-5554 shell dumpsys deviceidle whitelist +io.appium.settings ; dumpsys deviceidle whitelist +io.appium.uiautomator2.server ; dumpsys deviceidle whitelist +io.appium.uiautomator2.server.test ;'
[debug] &amp#27;[35m[ADB]&amp#27;[39m Checking app cert for C:\Users\Fayaz\Appium\Anumati\src\Anumati.apk
[debug] &amp#27;[35m[ADB]&amp#27;[39m Starting apksigner: 'C:\\Program Files\\Amazon Corretto\\jdk1.8.0_312\\bin\\java.exe' -Xmx1024M -Xss1m -jar C:\\Users\\Fayaz\\AppData\\Local\\Android\\Sdk\\build-tools\\31.0.0\\lib\\apksigner.jar verify --print-certs C:\\Users\\Fayaz\\Appium\\Anumati\\src\\Anumati.apk
[debug] &amp#27;[35m[ADB]&amp#27;[39m apksigner stdout: Signer #1 certificate DN: CN=Android, OU=Android, O=Google Inc., L=Mountain View, ST=California, C=US
[debug] &amp#27;[35m[ADB]&amp#27;[39m Signer #1 certificate SHA-256 digest: 4730d6e1d0dc8733c1c2302d2b7ccedc5b85a93b2ac0e3a2971a6537173a90bb
[debug] &amp#27;[35m[ADB]&amp#27;[39m Signer #1 certificate SHA-1 digest: 27bcf6fcdf4384e29a8ba18048cbef83538d03e9
[debug] &amp#27;[35m[ADB]&amp#27;[39m Signer #1 certificate MD5 digest: d666c04c85a355f0835d049f3c545d7f
[debug] &amp#27;[35m[ADB]&amp#27;[39m Source Stamp Signer certificate DN: CN=Android, OU=Android, O=Google Inc., L=Mountain View, ST=California, C=US
[debug] &amp#27;[35m[ADB]&amp#27;[39m Source Stamp Signer certificate SHA-256 digest: 3257d599a49d2c961a471ca9843f59d341a405884583fc087df4237b733bbd6d
[debug] &amp#27;[35m[ADB]&amp#27;[39m Source Stamp Signer certificate SHA-1 digest: b1af3a0bf998aeede1a8716a539e5a59da1d86d6
[debug] &amp#27;[35m[ADB]&amp#27;[39m Source Stamp Signer certificate MD5 digest: 577b8a9fbc7e308321aec6411169d2fb
[debug] &amp#27;[35m[ADB]&amp#27;[39m 
&amp#27;[35m[ADB]&amp#27;[39m 'C:\Users\Fayaz\Appium\Anumati\src\Anumati.apk' is signed with a non-default certificate
[debug] &amp#27;[35m[ADB]&amp#27;[39m Getting install status for com.anumati
[debug] &amp#27;[35m[ADB]&amp#27;[39m Running 'C:\Users\Fayaz\AppData\Local\Android\Sdk\platform-tools\adb.exe -P 5037 -s emulator-5554 shell dumpsys package com.anumati'
[debug] &amp#27;[35m[ADB]&amp#27;[39m 'com.anumati' is installed
[debug] &amp#27;[35m[ADB]&amp#27;[39m Getting package info for 'com.anumati'
[debug] &amp#27;[35m[ADB]&amp#27;[39m Running 'C:\Users\Fayaz\AppData\Local\Android\Sdk\platform-tools\adb.exe -P 5037 -s emulator-5554 shell dumpsys package com.anumati'
[debug] &amp#27;[35m[ADB]&amp#27;[39m The version name of the installed 'com.anumati' is greater or equal to the application version name ('1.0.0' >= '1.0.0')
[debug] &amp#27;[35m[ADB]&amp#27;[39m There is no need to install/upgrade 'C:\Users\Fayaz\Appium\Anumati\src\Anumati.apk'
&amp#27;[35m[AndroidDriver]&amp#27;[39m Performing fast reset on 'com.anumati'
[debug] &amp#27;[35m[ADB]&amp#27;[39m Getting install status for com.anumati
[debug] &amp#27;[35m[ADB]&amp#27;[39m Running 'C:\Users\Fayaz\AppData\Local\Android\Sdk\platform-tools\adb.exe -P 5037 -s emulator-5554 shell dumpsys package com.anumati'
[debug] &amp#27;[35m[ADB]&amp#27;[39m 'com.anumati' is installed
[debug] &amp#27;[35m[ADB]&amp#27;[39m Running 'C:\Users\Fayaz\AppData\Local\Android\Sdk\platform-tools\adb.exe -P 5037 -s emulator-5554 shell am force-stop com.anumati'
[debug] &amp#27;[35m[ADB]&amp#27;[39m Running 'C:\Users\Fayaz\AppData\Local\Android\Sdk\platform-tools\adb.exe -P 5037 -s emulator-5554 shell pm clear com.anumati'
[debug] &amp#27;[35m[ADB]&amp#27;[39m Running 'C:\Users\Fayaz\AppData\Local\Android\Sdk\platform-tools\adb.exe -P 5037 -s emulator-5554 shell dumpsys package com.anumati'
[debug] &amp#27;[35m[ADB]&amp#27;[39m Retrieving requested permissions
[debug] &amp#27;[35m[ADB]&amp#27;[39m Retrieved 6 permissions from requested group
[debug] &amp#27;[35m[ADB]&amp#27;[39m Retrieving granted permissions
[debug] &amp#27;[35m[ADB]&amp#27;[39m Retrieved 1 permission from install,runtime groups
[debug] &amp#27;[35m[ADB]&amp#27;[39m Granting permissions ["android.permission.READ_EXTERNAL_STORAGE","android.permission.WRITE_EXTERNAL_STORAGE","android.permission.READ_EXTERNAL_STORAGE","android.permission.WRITE_EXTERNAL_STORAGE"] to 'com.anumati'
[debug] &amp#27;[35m[ADB]&amp#27;[39m Got the following command chunks to execute: [["pm","grant","com.anumati","android.permission.READ_EXTERNAL_STORAGE",";","pm","grant","com.anumati","android.permission.WRITE_EXTERNAL_STORAGE",";","pm","grant","com.anumati","android.permission.READ_EXTERNAL_STORAGE",";","pm","grant","com.anumati","android.permission.WRITE_EXTERNAL_STORAGE",";"]]
[debug] &amp#27;[35m[ADB]&amp#27;[39m Running 'C:\Users\Fayaz\AppData\Local\Android\Sdk\platform-tools\adb.exe -P 5037 -s emulator-5554 shell pm grant com.anumati android.permission.READ_EXTERNAL_STORAGE ; pm grant com.anumati android.permission.WRITE_EXTERNAL_STORAGE ; pm grant com.anumati android.permission.READ_EXTERNAL_STORAGE ; pm grant com.anumati android.permission.WRITE_EXTERNAL_STORAGE ;'
[debug] &amp#27;[35m[AndroidDriver]&amp#27;[39m Performed fast reset on the installed 'com.anumati' application (stop and clear)
[debug] &amp#27;[35m[UiAutomator2]&amp#27;[39m Performing shallow cleanup of automation leftovers
[debug] &amp#27;[35m[UiAutomator2]&amp#27;[39m No obsolete sessions have been detected (socket hang up)
[debug] &amp#27;[35m[ADB]&amp#27;[39m Running 'C:\Users\Fayaz\AppData\Local\Android\Sdk\platform-tools\adb.exe -P 5037 -s emulator-5554 shell am force-stop io.appium.uiautomator2.server.test'
&amp#27;[35m[UiAutomator2]&amp#27;[39m Starting UIAutomator2 server 4.21.1
&amp#27;[35m[UiAutomator2]&amp#27;[39m Using UIAutomator2 server from 'C:\Users\Fayaz\AppData\Roaming\npm\node_modules\appium\node_modules\appium-uiautomator2-server\apks\appium-uiautomator2-server-v4.21.1.apk' and test from 'C:\Users\Fayaz\AppData\Roaming\npm\node_modules\appium\node_modules\appium-uiautomator2-server\apks\appium-uiautomator2-server-debug-androidTest.apk'
&amp#27;[35m[UiAutomator2]&amp#27;[39m Waiting up to 30000ms for UiAutomator2 to be online...
[debug] &amp#27;[35m[ADB]&amp#27;[39m Creating ADB subprocess with args: ["-P",5037,"-s","emulator-5554","shell","am","instrument","-w","-e","disableAnalytics",true,"io.appium.uiautomator2.server.test/androidx.test.runner.AndroidJUnitRunner"]
[debug] &amp#27;[35m[WD Proxy]&amp#27;[39m Matched '/status' to command name 'getStatus'
[debug] &amp#27;[35m[WD Proxy]&amp#27;[39m Proxying [GET /status] to [GET http://127.0.0.1:8200/wd/hub/status] with no body
&amp#27;[35m[WD Proxy]&amp#27;[39m socket hang up
[debug] &amp#27;[35m[WD Proxy]&amp#27;[39m Matched '/status' to command name 'getStatus'
[debug] &amp#27;[35m[WD Proxy]&amp#27;[39m Proxying [GET /status] to [GET http://127.0.0.1:8200/wd/hub/status] with no body
&amp#27;[35m[WD Proxy]&amp#27;[39m socket hang up
[debug] &amp#27;[35m[Instrumentation]&amp#27;[39m io.appium.uiautomator2.server.test.AppiumUiAutomator2Server:
[debug] &amp#27;[35m[WD Proxy]&amp#27;[39m Matched '/status' to command name 'getStatus'
[debug] &amp#27;[35m[WD Proxy]&amp#27;[39m Proxying [GET /status] to [GET http://127.0.0.1:8200/wd/hub/status] with no body
&amp#27;[35m[WD Proxy]&amp#27;[39m socket hang up
[debug] &amp#27;[35m[WD Proxy]&amp#27;[39m Matched '/status' to command name 'getStatus'
[debug] &amp#27;[35m[WD Proxy]&amp#27;[39m Proxying [GET /status] to [GET http://127.0.0.1:8200/wd/hub/status] with no body
[debug] &amp#27;[35m[WD Proxy]&amp#27;[39m Got response with status 200: {"sessionId":"None","value":{"message":"UiAutomator2 Server is ready to accept commands","ready":true}}
[debug] &amp#27;[35m[UiAutomator2]&amp#27;[39m The initialization of the instrumentation process took 3306ms
[debug] &amp#27;[35m[WD Proxy]&amp#27;[39m Matched '/session' to command name 'createSession'
[debug] &amp#27;[35m[WD Proxy]&amp#27;[39m Proxying [POST /session] to [POST http://127.0.0.1:8200/wd/hub/session] with body: {"capabilities":{"firstMatch":[{"platform":"LINUX","webStorageEnabled":false,"takesScreenshot":true,"javascriptEnabled":true,"databaseEnabled":false,"networkConnectionEnabled":true,"locationContextEnabled":false,"warnings":{},"desired":{"goog:chromeOptions":{"w3c":false},"platformName":"android","app":"C:\\Users\\Fayaz\\Appium\\Anumati\\src\\Anumati.apk","autoGrantPermissions":true,"automationName":"uiautomator2","chromeOptions":{"w3c":false},"deviceName":"Fayaz_Emulator2","newCommandTimeout":14},"goog:chromeOptions":{"w3c":false},"platformName":"android","app":"C:\\Users\\Fayaz\\Appium\\Anumati\\src\\Anumati.apk","autoGrantPermissions":true,"automationName":"uiautomator2","chromeOptions":{"w3c":false},"deviceName":"emulator-5554","newCommandTimeout":14,"deviceUDID":"emulator-5554","appPackage":"com.anumati"}],"alwaysMatch":{}}}
[debug] &amp#27;[35m[WD Proxy]&amp#27;[39m Got response with status 200: {"sessionId":"aa8a115a-5520-4e80-a267-3138eaa1dc88","value":{"capabilities":{"firstMatch":[{"platform":"LINUX","webStorageEnabled":false,"takesScreenshot":true,"javascriptEnabled":true,"databaseEnabled":false,"networkConnectionEnabled":true,"locationContextEnabled":false,"warnings":{},"desired":{"goog:chromeOptions":{"w3c":false},"platformName":"android","app":"C:\\Users\\Fayaz\\Appium\\Anumati\\src\\Anumati.apk","autoGrantPermissions":true,"automationName":"uiautomator2","chromeOptions":{"w3c":false},"deviceName":"Fayaz_Emulator2","newCommandTimeout":14},"goog:chromeOptions":{"w3c":false},"platformName":"android","app":"C:\\Users\\Fayaz\\Appium\\Anumati\\src\\Anumati.apk","autoGrantPermissions":true,"automationName":"uiautomator2","chromeOptions":{"w3c":false},"deviceName":"emulator-5554","newCommandTimeout":14,"deviceUDID":"emulator-5554","appPackage":"com.anumati"}],"alwaysMatch":{}},"sessionId":"aa8a115a-5520-4e80-a267-3138eaa1dc88"}}
&amp#27;[35m[WD Proxy]&amp#27;[39m Determined the downstream protocol as 'W3C'
[debug] &amp#27;[35m[WD Proxy]&amp#27;[39m Proxying [GET /appium/device/info] to [GET http://127.0.0.1:8200/wd/hub/session/aa8a115a-5520-4e80-a267-3138eaa1dc88/appium/device/info] with no body
[debug] &amp#27;[35m[WD Proxy]&amp#27;[39m Got response with status 200: {"sessionId":"aa8a115a-5520-4e80-a267-3138eaa1dc88","value":{"androidId":"4c01298c58a50c77","apiVersion":"30","bluetooth":{"state":"ON"},"brand":"Android","carrierName":"Android","displayDensity":420,"locale":"en_US","manufacturer":"unknown","model":"Android SDK built for x86","networks":[{"capabilities":{"SSID":null,"linkDownBandwidthKbps":141000,"linkUpstreamBandwidthKbps":141000,"networkCapabilities":"NET_CAPABILITY_NOT_METERED,NET_CAPABILITY_INTERNET,NET_CAPABILITY_NOT_RESTRICTED,NET_CAPABILITY_TRUSTED,NET_CAPABILITY_NOT_VPN,NET_CAPABILITY_VALIDATED,NET_CAPABILITY_NOT_ROAMING,NET_CAPABILITY_FOREGROUND,NET_CAPABILITY_NOT_CONGESTED,NET_CAPABILITY_NOT_SUSPENDED","signalStrength":-30,"transportTypes":"TRANSPORT_WIFI"},"detailedState":"CONNECTED","extraInfo":"","isAvailable":true,"isConnected":true,"isFailover":false,"isRoaming":false,"state":"CONNECTED","subtype":0,"subtypeName":"","type":1,"typeName":"WIFI"},{"capabilities":{"SSID":null,"linkDownBandwidthKbps":30000,"linkUpstreamBandwidthKbps":15000,"netw...
[debug] &amp#27;[35m[ADB]&amp#27;[39m Running 'C:\Users\Fayaz\AppData\Local\Android\Sdk\platform-tools\adb.exe -P 5037 -s emulator-5554 shell dumpsys window'
&amp#27;[35m[AndroidDriver]&amp#27;[39m Screen already unlocked, doing nothing
&amp#27;[35m[UiAutomator2]&amp#27;[39m Starting 'com.anumati/com.aa.MainActivity and waiting for 'com.anumati/com.aa.MainActivity'
[debug] &amp#27;[35m[ADB]&amp#27;[39m Running 'C:\Users\Fayaz\AppData\Local\Android\Sdk\platform-tools\adb.exe -P 5037 -s emulator-5554 shell am start -W -n com.anumati/com.aa.MainActivity -S -a android.intent.action.MAIN -c android.intent.category.LAUNCHER -f 0x10200000'
[debug] &amp#27;[35m[ADB]&amp#27;[39m Waiting up to 20000ms for activity matching pkg: 'com.anumati' and activity: 'com.aa.MainActivity' to be focused
[debug] &amp#27;[35m[ADB]&amp#27;[39m Possible activities, to be checked: 'com.aa.MainActivity', 'com.anumati.com.aa.MainActivity'
[debug] &amp#27;[35m[ADB]&amp#27;[39m Getting focused package and activity
[debug] &amp#27;[35m[ADB]&amp#27;[39m Running 'C:\Users\Fayaz\AppData\Local\Android\Sdk\platform-tools\adb.exe -P 5037 -s emulator-5554 shell dumpsys window displays'
[debug] &amp#27;[35m[ADB]&amp#27;[39m Found package: 'com.anumati' and fully qualified activity name : 'com.aa.MainActivity'
[debug] &amp#27;[35m[WD Proxy]&amp#27;[39m Proxying [GET /appium/device/pixel_ratio] to [GET http://127.0.0.1:8200/wd/hub/session/aa8a115a-5520-4e80-a267-3138eaa1dc88/appium/device/pixel_ratio] with no body
[debug] &amp#27;[35m[WD Proxy]&amp#27;[39m Got response with status 200: {"sessionId":"aa8a115a-5520-4e80-a267-3138eaa1dc88","value":2.625}
[debug] &amp#27;[35m[WD Proxy]&amp#27;[39m Matched '/appium/device/system_bars' to command name 'getSystemBars'
[debug] &amp#27;[35m[WD Proxy]&amp#27;[39m Proxying [GET /appium/device/system_bars] to [GET http://127.0.0.1:8200/wd/hub/session/aa8a115a-5520-4e80-a267-3138eaa1dc88/appium/device/system_bars] with no body
[debug] &amp#27;[35m[WD Proxy]&amp#27;[39m Got response with status 200: {"sessionId":"aa8a115a-5520-4e80-a267-3138eaa1dc88","value":{"statusBar":63}}
[debug] &amp#27;[35m[WD Proxy]&amp#27;[39m Matched '/window/current/size' to command name 'getWindowSize'
[debug] &amp#27;[35m[WD Proxy]&amp#27;[39m Proxying [GET /window/current/size] to [GET http://127.0.0.1:8200/wd/hub/session/aa8a115a-5520-4e80-a267-3138eaa1dc88/window/current/size] with no body
[debug] &amp#27;[35m[WD Proxy]&amp#27;[39m Got response with status 200: {"sessionId":"aa8a115a-5520-4e80-a267-3138eaa1dc88","value":{"height":1794,"width":1080}}
&amp#27;[35m[Appium]&amp#27;[39m New AndroidUiautomator2Driver session created successfully, session bb6ff96a-782e-4e80-ab55-ae5d87858470 added to master session list
[debug] &amp#27;[35m[BaseDriver]&amp#27;[39m Event 'newSessionStarted' logged at 1638954116905 (14:31:56 GMT+0530 (India Standard Time))
[debug] &amp#27;[35m[W3C (bb6ff96a)]&amp#27;[39m Cached the protocol value 'W3C' for the new session bb6ff96a-782e-4e80-ab55-ae5d87858470
[debug] &amp#27;[35m[W3C (bb6ff96a)]&amp#27;[39m Responding to client with driver.createSession() result: {"capabilities":{"platform":"LINUX","webStorageEnabled":false,"takesScreenshot":true,"javascriptEnabled":true,"databaseEnabled":false,"networkConnectionEnabled":true,"locationContextEnabled":false,"warnings":{},"desired":{"goog:chromeOptions":{"w3c":false},"platformName":"android","app":"C:\\Users\\Fayaz\\Appium\\Anumati\\src\\Anumati.apk","autoGrantPermissions":true,"automationName":"uiautomator2","chromeOptions":{"w3c":false},"deviceName":"Fayaz_Emulator2","newCommandTimeout":14},"goog:chromeOptions":{"w3c":false},"platformName":"android","app":"C:\\Users\\Fayaz\\Appium\\Anumati\\src\\Anumati.apk","autoGrantPermissions":true,"automationName":"uiautomator2","chromeOptions":{"w3c":false},"deviceName":"emulator-5554","newCommandTimeout":14,"deviceUDID":"emulator-5554","appPackage":"com.anumati","deviceApiLevel":30,"platformVersion":"11","deviceScreenSize":"1080x1920","deviceScreenDensity":420,"deviceModel":"Android SDK built for x86","deviceManufacturer":"unknown","pixelRatio":2.625,"statBarHeight":63,"view...
&amp#27;[35m[HTTP]&amp#27;[39m &amp#27;[37m<-- POST /wd/hub/session &amp#27;[39m&amp#27;[32m200&amp#27;[39m &amp#27;[90m35278 ms - 1140&amp#27;[39m
&amp#27;[35m[HTTP]&amp#27;[39m &amp#27;[90m&amp#27;[39m
&amp#27;[35m[HTTP]&amp#27;[39m &amp#27;[37m-->&amp#27;[39m &amp#27;[37mPOST&amp#27;[39m &amp#27;[37m/wd/hub/session/bb6ff96a-782e-4e80-ab55-ae5d87858470/timeouts&amp#27;[39m
&amp#27;[35m[HTTP]&amp#27;[39m &amp#27;[90m{"implicit":50000}&amp#27;[39m
[debug] &amp#27;[35m[W3C (bb6ff96a)]&amp#27;[39m Calling AppiumDriver.timeouts() with args: [null,null,null,null,50000,"bb6ff96a-782e-4e80-ab55-ae5d87858470"]
[debug] &amp#27;[35m[BaseDriver]&amp#27;[39m W3C timeout argument: {"implicit":50000}}
[debug] &amp#27;[35m[BaseDriver]&amp#27;[39m Set implicit wait to 50000ms
[debug] &amp#27;[35m[W3C (bb6ff96a)]&amp#27;[39m Responding to client with driver.timeouts() result: null
&amp#27;[35m[HTTP]&amp#27;[39m &amp#27;[37m<-- POST /wd/hub/session/bb6ff96a-782e-4e80-ab55-ae5d87858470/timeouts &amp#27;[39m&amp#27;[32m200&amp#27;[39m &amp#27;[90m8 ms - 14&amp#27;[39m
&amp#27;[35m[HTTP]&amp#27;[39m &amp#27;[90m&amp#27;[39m
&amp#27;[35m[HTTP]&amp#27;[39m &amp#27;[37m-->&amp#27;[39m &amp#27;[37mGET&amp#27;[39m &amp#27;[37m/wd/hub/session/bb6ff96a-782e-4e80-ab55-ae5d87858470/context&amp#27;[39m
&amp#27;[35m[HTTP]&amp#27;[39m &amp#27;[90m{}&amp#27;[39m
[debug] &amp#27;[35m[W3C (bb6ff96a)]&amp#27;[39m Calling AppiumDriver.getCurrentContext() with args: ["bb6ff96a-782e-4e80-ab55-ae5d87858470"]
[debug] &amp#27;[35m[W3C (bb6ff96a)]&amp#27;[39m Responding to client with driver.getCurrentContext() result: "NATIVE_APP"
&amp#27;[35m[HTTP]&amp#27;[39m &amp#27;[37m<-- GET /wd/hub/session/bb6ff96a-782e-4e80-ab55-ae5d87858470/context &amp#27;[39m&amp#27;[32m200&amp#27;[39m &amp#27;[90m6 ms - 22&amp#27;[39m
&amp#27;[35m[HTTP]&amp#27;[39m &amp#27;[90m&amp#27;[39m
&amp#27;[35m[HTTP]&amp#27;[39m &amp#27;[37m-->&amp#27;[39m &amp#27;[37mPOST&amp#27;[39m &amp#27;[37m/wd/hub/session/bb6ff96a-782e-4e80-ab55-ae5d87858470/element&amp#27;[39m
&amp#27;[35m[HTTP]&amp#27;[39m &amp#27;[90m{"using":"xpath","value":"//android.view.View[@text='Skip']"}&amp#27;[39m
[debug] &amp#27;[35m[W3C (bb6ff96a)]&amp#27;[39m Calling AppiumDriver.findElement() with args: ["xpath","//android.view.View[@text='Skip']","bb6ff96a-782e-4e80-ab55-ae5d87858470"]
[debug] &amp#27;[35m[BaseDriver]&amp#27;[39m Valid locator strategies for this request: xpath, id, class name, accessibility id, css selector, -android uiautomator
[debug] &amp#27;[35m[BaseDriver]&amp#27;[39m Waiting up to 50000 ms for condition
[debug] &amp#27;[35m[WD Proxy]&amp#27;[39m Matched '/element' to command name 'findElement'
[debug] &amp#27;[35m[WD Proxy]&amp#27;[39m Proxying [POST /element] to [POST http://127.0.0.1:8200/wd/hub/session/aa8a115a-5520-4e80-a267-3138eaa1dc88/element] with body: {"strategy":"xpath","selector":"//android.view.View[@text='Skip']","context":"","multiple":false}
&amp#27;[35m[WD Proxy]&amp#27;[39m Got response with status 404: {"sessionId":"aa8a115a-5520-4e80-a267-3138eaa1dc88","value":{"error":"no such element","message":"An element could not be located on the page using the given search parameters","stacktrace":"io.appium.uiautomator2.common.exceptions.ElementNotFoundException: An element could not be located on the page using the given search parameters\n\tat io.appium.uiautomator2.handler.FindElement.findElement(FindElement.java:89)\n\tat io.appium.uiautomator2.handler.FindElement.safeHandle(FindElement.java:66)\n\tat io.appium.uiautomator2.handler.request.SafeRequestHandler.handle(SafeRequestHandler.java:41)\n\tat io.appium.uiautomator2.server.AppiumServlet.handleRequest(AppiumServlet.java:262)\n\tat io.appium.uiautomator2.server.AppiumServlet.handleHttpRequest(AppiumServlet.java:256)\n\tat io.appium.uiautomator2.http.ServerHandler.channelRead(ServerHandler.java:68)\n\tat io.netty.channel.AbstractChannelHandlerContext.invokeChannelRead(AbstractChannelHandlerContext.java:366)\n\tat io.netty.channel.AbstractChannelHandlerCont...
[debug] &amp#27;[35m[W3C]&amp#27;[39m Matched W3C error code 'no such element' to NoSuchElementError
[debug] &amp#27;[35m[BaseDriver]&amp#27;[39m Waited for 253 ms so far
[debug] &amp#27;[35m[WD Proxy]&amp#27;[39m Matched '/element' to command name 'findElement'
[debug] &amp#27;[35m[WD Proxy]&amp#27;[39m Proxying [POST /element] to [POST http://127.0.0.1:8200/wd/hub/session/aa8a115a-5520-4e80-a267-3138eaa1dc88/element] with body: {"strategy":"xpath","selector":"//android.view.View[@text='Skip']","context":"","multiple":false}
[debug] &amp#27;[35m[WD Proxy]&amp#27;[39m Got response with status 200: {"sessionId":"aa8a115a-5520-4e80-a267-3138eaa1dc88","value":{"ELEMENT":"b7a80be5-6a14-459b-a8f7-4d37ad6f0e51","element-6066-11e4-a52e-4f735466cecf":"b7a80be5-6a14-459b-a8f7-4d37ad6f0e51"}}
[debug] &amp#27;[35m[W3C (bb6ff96a)]&amp#27;[39m Responding to client with driver.findElement() result: {"element-6066-11e4-a52e-4f735466cecf":"b7a80be5-6a14-459b-a8f7-4d37ad6f0e51","ELEMENT":"b7a80be5-6a14-459b-a8f7-4d37ad6f0e51"}
&amp#27;[35m[HTTP]&amp#27;[39m &amp#27;[37m<-- POST /wd/hub/session/bb6ff96a-782e-4e80-ab55-ae5d87858470/element &amp#27;[39m&amp#27;[32m200&amp#27;[39m &amp#27;[90m1293 ms - 137&amp#27;[39m
&amp#27;[35m[HTTP]&amp#27;[39m &amp#27;[90m&amp#27;[39m
&amp#27;[35m[HTTP]&amp#27;[39m &amp#27;[37m-->&amp#27;[39m &amp#27;[37mPOST&amp#27;[39m &amp#27;[37m/wd/hub/session/bb6ff96a-782e-4e80-ab55-ae5d87858470/element/b7a80be5-6a14-459b-a8f7-4d37ad6f0e51/click&amp#27;[39m
&amp#27;[35m[HTTP]&amp#27;[39m &amp#27;[90m{"id":"b7a80be5-6a14-459b-a8f7-4d37ad6f0e51"}&amp#27;[39m
[debug] &amp#27;[35m[W3C (bb6ff96a)]&amp#27;[39m Calling AppiumDriver.click() with args: ["b7a80be5-6a14-459b-a8f7-4d37ad6f0e51","bb6ff96a-782e-4e80-ab55-ae5d87858470"]
[debug] &amp#27;[35m[WD Proxy]&amp#27;[39m Matched '/element/b7a80be5-6a14-459b-a8f7-4d37ad6f0e51/click' to command name 'click'
[debug] &amp#27;[35m[WD Proxy]&amp#27;[39m Proxying [POST /element/b7a80be5-6a14-459b-a8f7-4d37ad6f0e51/click] to [POST http://127.0.0.1:8200/wd/hub/session/aa8a115a-5520-4e80-a267-3138eaa1dc88/element/b7a80be5-6a14-459b-a8f7-4d37ad6f0e51/click] with body: {"element":"b7a80be5-6a14-459b-a8f7-4d37ad6f0e51"}
[debug] &amp#27;[35m[WD Proxy]&amp#27;[39m Got response with status 200: {"sessionId":"aa8a115a-5520-4e80-a267-3138eaa1dc88","value":null}
[debug] &amp#27;[35m[W3C (bb6ff96a)]&amp#27;[39m Responding to client with driver.click() result: null
&amp#27;[35m[HTTP]&amp#27;[39m &amp#27;[37m<-- POST /wd/hub/session/bb6ff96a-782e-4e80-ab55-ae5d87858470/element/b7a80be5-6a14-459b-a8f7-4d37ad6f0e51/click &amp#27;[39m&amp#27;[32m200&amp#27;[39m &amp#27;[90m130 ms - 14&amp#27;[39m
&amp#27;[35m[HTTP]&amp#27;[39m &amp#27;[90m&amp#27;[39m
&amp#27;[35m[HTTP]&amp#27;[39m &amp#27;[37m-->&amp#27;[39m &amp#27;[37mGET&amp#27;[39m &amp#27;[37m/wd/hub/session/bb6ff96a-782e-4e80-ab55-ae5d87858470/context&amp#27;[39m
&amp#27;[35m[HTTP]&amp#27;[39m &amp#27;[90m{}&amp#27;[39m
[debug] &amp#27;[35m[W3C (bb6ff96a)]&amp#27;[39m Calling AppiumDriver.getCurrentContext() with args: ["bb6ff96a-782e-4e80-ab55-ae5d87858470"]
[debug] &amp#27;[35m[W3C (bb6ff96a)]&amp#27;[39m Responding to client with driver.getCurrentContext() result: "NATIVE_APP"
&amp#27;[35m[HTTP]&amp#27;[39m &amp#27;[37m<-- GET /wd/hub/session/bb6ff96a-782e-4e80-ab55-ae5d87858470/context &amp#27;[39m&amp#27;[32m200&amp#27;[39m &amp#27;[90m8 ms - 22&amp#27;[39m
&amp#27;[35m[HTTP]&amp#27;[39m &amp#27;[90m&amp#27;[39m
&amp#27;[35m[HTTP]&amp#27;[39m &amp#27;[37m-->&amp#27;[39m &amp#27;[37mPOST&amp#27;[39m &amp#27;[37m/wd/hub/session/bb6ff96a-782e-4e80-ab55-ae5d87858470/element&amp#27;[39m
&amp#27;[35m[HTTP]&amp#27;[39m &amp#27;[90m{"using":"xpath","value":"//android.view.View/android.widget.EditText[1]"}&amp#27;[39m
[debug] &amp#27;[35m[W3C (bb6ff96a)]&amp#27;[39m Calling AppiumDriver.findElement() with args: ["xpath","//android.view.View/android.widget.EditText[1]","bb6ff96a-782e-4e80-ab55-ae5d87858470"]
[debug] &amp#27;[35m[BaseDriver]&amp#27;[39m Valid locator strategies for this request: xpath, id, class name, accessibility id, css selector, -android uiautomator
[debug] &amp#27;[35m[BaseDriver]&amp#27;[39m Waiting up to 50000 ms for condition
[debug] &amp#27;[35m[WD Proxy]&amp#27;[39m Matched '/element' to command name 'findElement'
[debug] &amp#27;[35m[WD Proxy]&amp#27;[39m Proxying [POST /element] to [POST http://127.0.0.1:8200/wd/hub/session/aa8a115a-5520-4e80-a267-3138eaa1dc88/element] with body: {"strategy":"xpath","selector":"//android.view.View/android.widget.EditText[1]","context":"","multiple":false}
[debug] &amp#27;[35m[WD Proxy]&amp#27;[39m Got response with status 200: {"sessionId":"aa8a115a-5520-4e80-a267-3138eaa1dc88","value":{"ELEMENT":"45630911-94da-4192-9540-b9e3a11bd6e7","element-6066-11e4-a52e-4f735466cecf":"45630911-94da-4192-9540-b9e3a11bd6e7"}}
[debug] &amp#27;[35m[W3C (bb6ff96a)]&amp#27;[39m Responding to client with driver.findElement() result: {"element-6066-11e4-a52e-4f735466cecf":"45630911-94da-4192-9540-b9e3a11bd6e7","ELEMENT":"45630911-94da-4192-9540-b9e3a11bd6e7"}
&amp#27;[35m[HTTP]&amp#27;[39m &amp#27;[37m<-- POST /wd/hub/session/bb6ff96a-782e-4e80-ab55-ae5d87858470/element &amp#27;[39m&amp#27;[32m200&amp#27;[39m &amp#27;[90m1564 ms - 137&amp#27;[39m
&amp#27;[35m[HTTP]&amp#27;[39m &amp#27;[90m&amp#27;[39m
&amp#27;[35m[HTTP]&amp#27;[39m &amp#27;[37m-->&amp#27;[39m &amp#27;[37mPOST&amp#27;[39m &amp#27;[37m/wd/hub/session/bb6ff96a-782e-4e80-ab55-ae5d87858470/element/45630911-94da-4192-9540-b9e3a11bd6e7/click&amp#27;[39m
&amp#27;[35m[HTTP]&amp#27;[39m &amp#27;[90m{"id":"45630911-94da-4192-9540-b9e3a11bd6e7"}&amp#27;[39m
[debug] &amp#27;[35m[W3C (bb6ff96a)]&amp#27;[39m Calling AppiumDriver.click() with args: ["45630911-94da-4192-9540-b9e3a11bd6e7","bb6ff96a-782e-4e80-ab55-ae5d87858470"]
[debug] &amp#27;[35m[WD Proxy]&amp#27;[39m Matched '/element/45630911-94da-4192-9540-b9e3a11bd6e7/click' to command name 'click'
[debug] &amp#27;[35m[WD Proxy]&amp#27;[39m Proxying [POST /element/45630911-94da-4192-9540-b9e3a11bd6e7/click] to [POST http://127.0.0.1:8200/wd/hub/session/aa8a115a-5520-4e80-a267-3138eaa1dc88/element/45630911-94da-4192-9540-b9e3a11bd6e7/click] with body: {"element":"45630911-94da-4192-9540-b9e3a11bd6e7"}
[debug] &amp#27;[35m[WD Proxy]&amp#27;[39m Got response with status 200: {"sessionId":"aa8a115a-5520-4e80-a267-3138eaa1dc88","value":null}
[debug] &amp#27;[35m[W3C (bb6ff96a)]&amp#27;[39m Responding to client with driver.click() result: null
&amp#27;[35m[HTTP]&amp#27;[39m &amp#27;[37m<-- POST /wd/hub/session/bb6ff96a-782e-4e80-ab55-ae5d87858470/element/45630911-94da-4192-9540-b9e3a11bd6e7/click &amp#27;[39m&amp#27;[32m200&amp#27;[39m &amp#27;[90m441 ms - 14&amp#27;[39m
&amp#27;[35m[HTTP]&amp#27;[39m &amp#27;[90m&amp#27;[39m
&amp#27;[35m[HTTP]&amp#27;[39m &amp#27;[37m-->&amp#27;[39m &amp#27;[37mGET&amp#27;[39m &amp#27;[37m/wd/hub/session/bb6ff96a-782e-4e80-ab55-ae5d87858470/context&amp#27;[39m
&amp#27;[35m[HTTP]&amp#27;[39m &amp#27;[90m{}&amp#27;[39m
[debug] &amp#27;[35m[W3C (bb6ff96a)]&amp#27;[39m Calling AppiumDriver.getCurrentContext() with args: ["bb6ff96a-782e-4e80-ab55-ae5d87858470"]
[debug] &amp#27;[35m[W3C (bb6ff96a)]&amp#27;[39m Responding to client with driver.getCurrentContext() result: "NATIVE_APP"
&amp#27;[35m[HTTP]&amp#27;[39m &amp#27;[37m<-- GET /wd/hub/session/bb6ff96a-782e-4e80-ab55-ae5d87858470/context &amp#27;[39m&amp#27;[32m200&amp#27;[39m &amp#27;[90m2 ms - 22&amp#27;[39m
&amp#27;[35m[HTTP]&amp#27;[39m &amp#27;[90m&amp#27;[39m
&amp#27;[35m[HTTP]&amp#27;[39m &amp#27;[37m-->&amp#27;[39m &amp#27;[37mPOST&amp#27;[39m &amp#27;[37m/wd/hub/session/bb6ff96a-782e-4e80-ab55-ae5d87858470/element&amp#27;[39m
&amp#27;[35m[HTTP]&amp#27;[39m &amp#27;[90m{"using":"xpath","value":"//android.view.View/android.widget.EditText[1]"}&amp#27;[39m
[debug] &amp#27;[35m[W3C (bb6ff96a)]&amp#27;[39m Calling AppiumDriver.findElement() with args: ["xpath","//android.view.View/android.widget.EditText[1]","bb6ff96a-782e-4e80-ab55-ae5d87858470"]
[debug] &amp#27;[35m[BaseDriver]&amp#27;[39m Valid locator strategies for this request: xpath, id, class name, accessibility id, css selector, -android uiautomator
[debug] &amp#27;[35m[BaseDriver]&amp#27;[39m Waiting up to 50000 ms for condition
[debug] &amp#27;[35m[WD Proxy]&amp#27;[39m Matched '/element' to command name 'findElement'
[debug] &amp#27;[35m[WD Proxy]&amp#27;[39m Proxying [POST /element] to [POST http://127.0.0.1:8200/wd/hub/session/aa8a115a-5520-4e80-a267-3138eaa1dc88/element] with body: {"strategy":"xpath","selector":"//android.view.View/android.widget.EditText[1]","context":"","multiple":false}
[debug] &amp#27;[35m[WD Proxy]&amp#27;[39m Got response with status 200: {"sessionId":"aa8a115a-5520-4e80-a267-3138eaa1dc88","value":{"ELEMENT":"7fb2423c-9fc6-4b9d-b5db-560e1b975a76","element-6066-11e4-a52e-4f735466cecf":"7fb2423c-9fc6-4b9d-b5db-560e1b975a76"}}
[debug] &amp#27;[35m[W3C (bb6ff96a)]&amp#27;[39m Responding to client with driver.findElement() result: {"element-6066-11e4-a52e-4f735466cecf":"7fb2423c-9fc6-4b9d-b5db-560e1b975a76","ELEMENT":"7fb2423c-9fc6-4b9d-b5db-560e1b975a76"}
&amp#27;[35m[HTTP]&amp#27;[39m &amp#27;[37m<-- POST /wd/hub/session/bb6ff96a-782e-4e80-ab55-ae5d87858470/element &amp#27;[39m&amp#27;[32m200&amp#27;[39m &amp#27;[90m113 ms - 137&amp#27;[39m
&amp#27;[35m[HTTP]&amp#27;[39m &amp#27;[90m&amp#27;[39m
&amp#27;[35m[HTTP]&amp#27;[39m &amp#27;[37m-->&amp#27;[39m &amp#27;[37mPOST&amp#27;[39m &amp#27;[37m/wd/hub/session/bb6ff96a-782e-4e80-ab55-ae5d87858470/element/7fb2423c-9fc6-4b9d-b5db-560e1b975a76/value&amp#27;[39m
&amp#27;[35m[HTTP]&amp#27;[39m &amp#27;[90m{"id":"7fb2423c-9fc6-4b9d-b5db-560e1b975a76","text":"7760305049","value":["7","7","6","0","3","0","5","0","4","9"]}&amp#27;[39m
[debug] &amp#27;[35m[W3C (bb6ff96a)]&amp#27;[39m Calling AppiumDriver.setValue() with args: [["7","7","6","0","3","0","5","0","4","9"],"7fb2423c-9fc6-4b9d-b5db-560e1b975a76","bb6ff96a-782e-4e80-ab55-ae5d87858470"]
[debug] &amp#27;[35m[WD Proxy]&amp#27;[39m Matched '/element/7fb2423c-9fc6-4b9d-b5db-560e1b975a76/value' to command name 'setValue'
[debug] &amp#27;[35m[Protocol Converter]&amp#27;[39m Added 'value' property ["7","7","6","0","3","0","5","0","4","9"] to 'setValue' request body
[debug] &amp#27;[35m[WD Proxy]&amp#27;[39m Proxying [POST /element/7fb2423c-9fc6-4b9d-b5db-560e1b975a76/value] to [POST http://127.0.0.1:8200/wd/hub/session/aa8a115a-5520-4e80-a267-3138eaa1dc88/element/7fb2423c-9fc6-4b9d-b5db-560e1b975a76/value] with body: {"elementId":"7fb2423c-9fc6-4b9d-b5db-560e1b975a76","text":"7760305049","replace":false,"value":["7","7","6","0","3","0","5","0","4","9"]}
[debug] &amp#27;[35m[WD Proxy]&amp#27;[39m Got response with status 200: {"sessionId":"aa8a115a-5520-4e80-a267-3138eaa1dc88","value":null}
[debug] &amp#27;[35m[W3C (bb6ff96a)]&amp#27;[39m Responding to client with driver.setValue() result: null
&amp#27;[35m[HTTP]&amp#27;[39m &amp#27;[37m<-- POST /wd/hub/session/bb6ff96a-782e-4e80-ab55-ae5d87858470/element/7fb2423c-9fc6-4b9d-b5db-560e1b975a76/value &amp#27;[39m&amp#27;[32m200&amp#27;[39m &amp#27;[90m420 ms - 14&amp#27;[39m
&amp#27;[35m[HTTP]&amp#27;[39m &amp#27;[90m&amp#27;[39m
&amp#27;[35m[HTTP]&amp#27;[39m &amp#27;[37m-->&amp#27;[39m &amp#27;[37mPOST&amp#27;[39m &amp#27;[37m/wd/hub/session/bb6ff96a-782e-4e80-ab55-ae5d87858470/appium/device/hide_keyboard&amp#27;[39m
&amp#27;[35m[HTTP]&amp#27;[39m &amp#27;[90m{}&amp#27;[39m
[debug] &amp#27;[35m[W3C (bb6ff96a)]&amp#27;[39m Calling AppiumDriver.hideKeyboard() with args: [null,null,null,null,"bb6ff96a-782e-4e80-ab55-ae5d87858470"]
[debug] &amp#27;[35m[ADB]&amp#27;[39m Running 'C:\Users\Fayaz\AppData\Local\Android\Sdk\platform-tools\adb.exe -P 5037 -s emulator-5554 shell dumpsys input_method'
[debug] &amp#27;[35m[ADB]&amp#27;[39m Running 'C:\Users\Fayaz\AppData\Local\Android\Sdk\platform-tools\adb.exe -P 5037 -s emulator-5554 shell input keyevent 111'
[debug] &amp#27;[35m[ADB]&amp#27;[39m Running 'C:\Users\Fayaz\AppData\Local\Android\Sdk\platform-tools\adb.exe -P 5037 -s emulator-5554 shell dumpsys input_method'
[debug] &amp#27;[35m[ADB]&amp#27;[39m Running 'C:\Users\Fayaz\AppData\Local\Android\Sdk\platform-tools\adb.exe -P 5037 -s emulator-5554 shell dumpsys input_method'
[debug] &amp#27;[35m[ADB]&amp#27;[39m Running 'C:\Users\Fayaz\AppData\Local\Android\Sdk\platform-tools\adb.exe -P 5037 -s emulator-5554 shell input keyevent 4'
[debug] &amp#27;[35m[ADB]&amp#27;[39m Running 'C:\Users\Fayaz\AppData\Local\Android\Sdk\platform-tools\adb.exe -P 5037 -s emulator-5554 shell dumpsys input_method'
[debug] &amp#27;[35m[W3C (bb6ff96a)]&amp#27;[39m Responding to client with driver.hideKeyboard() result: true
&amp#27;[35m[HTTP]&amp#27;[39m &amp#27;[37m<-- POST /wd/hub/session/bb6ff96a-782e-4e80-ab55-ae5d87858470/appium/device/hide_keyboard &amp#27;[39m&amp#27;[32m200&amp#27;[39m &amp#27;[90m6086 ms - 14&amp#27;[39m
&amp#27;[35m[HTTP]&amp#27;[39m &amp#27;[90m&amp#27;[39m
&amp#27;[35m[HTTP]&amp#27;[39m &amp#27;[37m-->&amp#27;[39m &amp#27;[37mGET&amp#27;[39m &amp#27;[37m/wd/hub/session/bb6ff96a-782e-4e80-ab55-ae5d87858470/context&amp#27;[39m
&amp#27;[35m[HTTP]&amp#27;[39m &amp#27;[90m{}&amp#27;[39m
[debug] &amp#27;[35m[W3C (bb6ff96a)]&amp#27;[39m Calling AppiumDriver.getCurrentContext() with args: ["bb6ff96a-782e-4e80-ab55-ae5d87858470"]
[debug] &amp#27;[35m[W3C (bb6ff96a)]&amp#27;[39m Responding to client with driver.getCurrentContext() result: "NATIVE_APP"
&amp#27;[35m[HTTP]&amp#27;[39m &amp#27;[37m<-- GET /wd/hub/session/bb6ff96a-782e-4e80-ab55-ae5d87858470/context &amp#27;[39m&amp#27;[32m200&amp#27;[39m &amp#27;[90m2 ms - 22&amp#27;[39m
&amp#27;[35m[HTTP]&amp#27;[39m &amp#27;[90m&amp#27;[39m
&amp#27;[35m[HTTP]&amp#27;[39m &amp#27;[37m-->&amp#27;[39m &amp#27;[37mPOST&amp#27;[39m &amp#27;[37m/wd/hub/session/bb6ff96a-782e-4e80-ab55-ae5d87858470/element&amp#27;[39m
&amp#27;[35m[HTTP]&amp#27;[39m &amp#27;[90m{"using":"xpath","value":"//android.widget.Button[@text='Proceed']"}&amp#27;[39m
[debug] &amp#27;[35m[W3C (bb6ff96a)]&amp#27;[39m Calling AppiumDriver.findElement() with args: ["xpath","//android.widget.Button[@text='Proceed']","bb6ff96a-782e-4e80-ab55-ae5d87858470"]
[debug] &amp#27;[35m[BaseDriver]&amp#27;[39m Valid locator strategies for this request: xpath, id, class name, accessibility id, css selector, -android uiautomator
[debug] &amp#27;[35m[BaseDriver]&amp#27;[39m Waiting up to 50000 ms for condition
[debug] &amp#27;[35m[WD Proxy]&amp#27;[39m Matched '/element' to command name 'findElement'
[debug] &amp#27;[35m[WD Proxy]&amp#27;[39m Proxying [POST /element] to [POST http://127.0.0.1:8200/wd/hub/session/aa8a115a-5520-4e80-a267-3138eaa1dc88/element] with body: {"strategy":"xpath","selector":"//android.widget.Button[@text='Proceed']","context":"","multiple":false}
[debug] &amp#27;[35m[WD Proxy]&amp#27;[39m Got response with status 200: {"sessionId":"aa8a115a-5520-4e80-a267-3138eaa1dc88","value":{"ELEMENT":"927bf3a7-a8e9-47ed-bbd0-662814cbf29f","element-6066-11e4-a52e-4f735466cecf":"927bf3a7-a8e9-47ed-bbd0-662814cbf29f"}}
[debug] &amp#27;[35m[W3C (bb6ff96a)]&amp#27;[39m Responding to client with driver.findElement() result: {"element-6066-11e4-a52e-4f735466cecf":"927bf3a7-a8e9-47ed-bbd0-662814cbf29f","ELEMENT":"927bf3a7-a8e9-47ed-bbd0-662814cbf29f"}
&amp#27;[35m[HTTP]&amp#27;[39m &amp#27;[37m<-- POST /wd/hub/session/bb6ff96a-782e-4e80-ab55-ae5d87858470/element &amp#27;[39m&amp#27;[32m200&amp#27;[39m &amp#27;[90m68 ms - 137&amp#27;[39m
&amp#27;[35m[HTTP]&amp#27;[39m &amp#27;[90m&amp#27;[39m
&amp#27;[35m[HTTP]&amp#27;[39m &amp#27;[37m-->&amp#27;[39m &amp#27;[37mPOST&amp#27;[39m &amp#27;[37m/wd/hub/session/bb6ff96a-782e-4e80-ab55-ae5d87858470/element/927bf3a7-a8e9-47ed-bbd0-662814cbf29f/click&amp#27;[39m
&amp#27;[35m[HTTP]&amp#27;[39m &amp#27;[90m{"id":"927bf3a7-a8e9-47ed-bbd0-662814cbf29f"}&amp#27;[39m
[debug] &amp#27;[35m[W3C (bb6ff96a)]&amp#27;[39m Calling AppiumDriver.click() with args: ["927bf3a7-a8e9-47ed-bbd0-662814cbf29f","bb6ff96a-782e-4e80-ab55-ae5d87858470"]
[debug] &amp#27;[35m[WD Proxy]&amp#27;[39m Matched '/element/927bf3a7-a8e9-47ed-bbd0-662814cbf29f/click' to command name 'click'
[debug] &amp#27;[35m[WD Proxy]&amp#27;[39m Proxying [POST /element/927bf3a7-a8e9-47ed-bbd0-662814cbf29f/click] to [POST http://127.0.0.1:8200/wd/hub/session/aa8a115a-5520-4e80-a267-3138eaa1dc88/element/927bf3a7-a8e9-47ed-bbd0-662814cbf29f/click] with body: {"element":"927bf3a7-a8e9-47ed-bbd0-662814cbf29f"}
[debug] &amp#27;[35m[WD Proxy]&amp#27;[39m Got response with status 200: {"sessionId":"aa8a115a-5520-4e80-a267-3138eaa1dc88","value":null}
[debug] &amp#27;[35m[W3C (bb6ff96a)]&amp#27;[39m Responding to client with driver.click() result: null
&amp#27;[35m[HTTP]&amp#27;[39m &amp#27;[37m<-- POST /wd/hub/session/bb6ff96a-782e-4e80-ab55-ae5d87858470/element/927bf3a7-a8e9-47ed-bbd0-662814cbf29f/click &amp#27;[39m&amp#27;[32m200&amp#27;[39m &amp#27;[90m92 ms - 14&amp#27;[39m
&amp#27;[35m[HTTP]&amp#27;[39m &amp#27;[90m&amp#27;[39m
&amp#27;[35m[HTTP]&amp#27;[39m &amp#27;[37m-->&amp#27;[39m &amp#27;[37mGET&amp#27;[39m &amp#27;[37m/wd/hub/session/bb6ff96a-782e-4e80-ab55-ae5d87858470/context&amp#27;[39m
&amp#27;[35m[HTTP]&amp#27;[39m &amp#27;[90m{}&amp#27;[39m
[debug] &amp#27;[35m[W3C (bb6ff96a)]&amp#27;[39m Calling AppiumDriver.getCurrentContext() with args: ["bb6ff96a-782e-4e80-ab55-ae5d87858470"]
[debug] &amp#27;[35m[W3C (bb6ff96a)]&amp#27;[39m Responding to client with driver.getCurrentContext() result: "NATIVE_APP"
&amp#27;[35m[HTTP]&amp#27;[39m &amp#27;[37m<-- GET /wd/hub/session/bb6ff96a-782e-4e80-ab55-ae5d87858470/context &amp#27;[39m&amp#27;[32m200&amp#27;[39m &amp#27;[90m3 ms - 22&amp#27;[39m
&amp#27;[35m[HTTP]&amp#27;[39m &amp#27;[90m&amp#27;[39m
&amp#27;[35m[HTTP]&amp#27;[39m &amp#27;[37m-->&amp#27;[39m &amp#27;[37mPOST&amp#27;[39m &amp#27;[37m/wd/hub/session/bb6ff96a-782e-4e80-ab55-ae5d87858470/element&amp#27;[39m
&amp#27;[35m[HTTP]&amp#27;[39m &amp#27;[90m{"using":"xpath","value":"//android.widget.EditText[1]"}&amp#27;[39m
[debug] &amp#27;[35m[W3C (bb6ff96a)]&amp#27;[39m Calling AppiumDriver.findElement() with args: ["xpath","//android.widget.EditText[1]","bb6ff96a-782e-4e80-ab55-ae5d87858470"]
[debug] &amp#27;[35m[BaseDriver]&amp#27;[39m Valid locator strategies for this request: xpath, id, class name, accessibility id, css selector, -android uiautomator
[debug] &amp#27;[35m[BaseDriver]&amp#27;[39m Waiting up to 50000 ms for condition
[debug] &amp#27;[35m[WD Proxy]&amp#27;[39m Matched '/element' to command name 'findElement'
[debug] &amp#27;[35m[WD Proxy]&amp#27;[39m Proxying [POST /element] to [POST http://127.0.0.1:8200/wd/hub/session/aa8a115a-5520-4e80-a267-3138eaa1dc88/element] with body: {"strategy":"xpath","selector":"//android.widget.EditText[1]","context":"","multiple":false}
[debug] &amp#27;[35m[WD Proxy]&amp#27;[39m Got response with status 200: {"sessionId":"aa8a115a-5520-4e80-a267-3138eaa1dc88","value":{"ELEMENT":"f5052f9b-8dc9-4c57-8003-d59506c6f53d","element-6066-11e4-a52e-4f735466cecf":"f5052f9b-8dc9-4c57-8003-d59506c6f53d"}}
[debug] &amp#27;[35m[W3C (bb6ff96a)]&amp#27;[39m Responding to client with driver.findElement() result: {"element-6066-11e4-a52e-4f735466cecf":"f5052f9b-8dc9-4c57-8003-d59506c6f53d","ELEMENT":"f5052f9b-8dc9-4c57-8003-d59506c6f53d"}
&amp#27;[35m[HTTP]&amp#27;[39m &amp#27;[37m<-- POST /wd/hub/session/bb6ff96a-782e-4e80-ab55-ae5d87858470/element &amp#27;[39m&amp#27;[32m200&amp#27;[39m &amp#27;[90m99 ms - 137&amp#27;[39m
&amp#27;[35m[HTTP]&amp#27;[39m &amp#27;[90m&amp#27;[39m
&amp#27;[35m[HTTP]&amp#27;[39m &amp#27;[37m-->&amp#27;[39m &amp#27;[37mPOST&amp#27;[39m &amp#27;[37m/wd/hub/session/bb6ff96a-782e-4e80-ab55-ae5d87858470/element/f5052f9b-8dc9-4c57-8003-d59506c6f53d/value&amp#27;[39m
&amp#27;[35m[HTTP]&amp#27;[39m &amp#27;[90m{"id":"f5052f9b-8dc9-4c57-8003-d59506c6f53d","text":"7760305049","value":["7","7","6","0","3","0","5","0","4","9"]}&amp#27;[39m
[debug] &amp#27;[35m[W3C (bb6ff96a)]&amp#27;[39m Calling AppiumDriver.setValue() with args: [["7","7","6","0","3","0","5","0","4","9"],"f5052f9b-8dc9-4c57-8003-d59506c6f53d","bb6ff96a-782e-4e80-ab55-ae5d87858470"]
[debug] &amp#27;[35m[WD Proxy]&amp#27;[39m Matched '/element/f5052f9b-8dc9-4c57-8003-d59506c6f53d/value' to command name 'setValue'
[debug] &amp#27;[35m[Protocol Converter]&amp#27;[39m Added 'value' property ["7","7","6","0","3","0","5","0","4","9"] to 'setValue' request body
[debug] &amp#27;[35m[WD Proxy]&amp#27;[39m Proxying [POST /element/f5052f9b-8dc9-4c57-8003-d59506c6f53d/value] to [POST http://127.0.0.1:8200/wd/hub/session/aa8a115a-5520-4e80-a267-3138eaa1dc88/element/f5052f9b-8dc9-4c57-8003-d59506c6f53d/value] with body: {"elementId":"f5052f9b-8dc9-4c57-8003-d59506c6f53d","text":"7760305049","replace":false,"value":["7","7","6","0","3","0","5","0","4","9"]}
[debug] &amp#27;[35m[WD Proxy]&amp#27;[39m Got response with status 200: {"sessionId":"aa8a115a-5520-4e80-a267-3138eaa1dc88","value":null}
[debug] &amp#27;[35m[W3C (bb6ff96a)]&amp#27;[39m Responding to client with driver.setValue() result: null
&amp#27;[35m[HTTP]&amp#27;[39m &amp#27;[37m<-- POST /wd/hub/session/bb6ff96a-782e-4e80-ab55-ae5d87858470/element/f5052f9b-8dc9-4c57-8003-d59506c6f53d/value &amp#27;[39m&amp#27;[32m200&amp#27;[39m &amp#27;[90m36 ms - 14&amp#27;[39m
&amp#27;[35m[HTTP]&amp#27;[39m &amp#27;[90m&amp#27;[39m
&amp#27;[35m[HTTP]&amp#27;[39m &amp#27;[37m-->&amp#27;[39m &amp#27;[37mGET&amp#27;[39m &amp#27;[37m/wd/hub/session/bb6ff96a-782e-4e80-ab55-ae5d87858470/context&amp#27;[39m
&amp#27;[35m[HTTP]&amp#27;[39m &amp#27;[90m{}&amp#27;[39m
[debug] &amp#27;[35m[W3C (bb6ff96a)]&amp#27;[39m Calling AppiumDriver.getCurrentContext() with args: ["bb6ff96a-782e-4e80-ab55-ae5d87858470"]
[debug] &amp#27;[35m[W3C (bb6ff96a)]&amp#27;[39m Responding to client with driver.getCurrentContext() result: "NATIVE_APP"
&amp#27;[35m[HTTP]&amp#27;[39m &amp#27;[37m<-- GET /wd/hub/session/bb6ff96a-782e-4e80-ab55-ae5d87858470/context &amp#27;[39m&amp#27;[32m200&amp#27;[39m &amp#27;[90m1 ms - 22&amp#27;[39m
&amp#27;[35m[HTTP]&amp#27;[39m &amp#27;[90m&amp#27;[39m
&amp#27;[35m[HTTP]&amp#27;[39m &amp#27;[37m-->&amp#27;[39m &amp#27;[37mPOST&amp#27;[39m &amp#27;[37m/wd/hub/session/bb6ff96a-782e-4e80-ab55-ae5d87858470/element&amp#27;[39m
&amp#27;[35m[HTTP]&amp#27;[39m &amp#27;[90m{"using":"xpath","value":"(//android.widget.EditText)[2]"}&amp#27;[39m
[debug] &amp#27;[35m[W3C (bb6ff96a)]&amp#27;[39m Calling AppiumDriver.findElement() with args: ["xpath","(//android.widget.EditText)[2]","bb6ff96a-782e-4e80-ab55-ae5d87858470"]
[debug] &amp#27;[35m[BaseDriver]&amp#27;[39m Valid locator strategies for this request: xpath, id, class name, accessibility id, css selector, -android uiautomator
[debug] &amp#27;[35m[BaseDriver]&amp#27;[39m Waiting up to 50000 ms for condition
[debug] &amp#27;[35m[WD Proxy]&amp#27;[39m Matched '/element' to command name 'findElement'
[debug] &amp#27;[35m[WD Proxy]&amp#27;[39m Proxying [POST /element] to [POST http://127.0.0.1:8200/wd/hub/session/aa8a115a-5520-4e80-a267-3138eaa1dc88/element] with body: {"strategy":"xpath","selector":"(//android.widget.EditText)[2]","context":"","multiple":false}
[debug] &amp#27;[35m[WD Proxy]&amp#27;[39m Got response with status 200: {"sessionId":"aa8a115a-5520-4e80-a267-3138eaa1dc88","value":{"ELEMENT":"db44bf83-b045-4623-b554-177c2fc700f5","element-6066-11e4-a52e-4f735466cecf":"db44bf83-b045-4623-b554-177c2fc700f5"}}
[debug] &amp#27;[35m[W3C (bb6ff96a)]&amp#27;[39m Responding to client with driver.findElement() result: {"element-6066-11e4-a52e-4f735466cecf":"db44bf83-b045-4623-b554-177c2fc700f5","ELEMENT":"db44bf83-b045-4623-b554-177c2fc700f5"}
&amp#27;[35m[HTTP]&amp#27;[39m &amp#27;[37m<-- POST /wd/hub/session/bb6ff96a-782e-4e80-ab55-ae5d87858470/element &amp#27;[39m&amp#27;[32m200&amp#27;[39m &amp#27;[90m147 ms - 137&amp#27;[39m
&amp#27;[35m[HTTP]&amp#27;[39m &amp#27;[90m&amp#27;[39m
&amp#27;[35m[HTTP]&amp#27;[39m &amp#27;[37m-->&amp#27;[39m &amp#27;[37mPOST&amp#27;[39m &amp#27;[37m/wd/hub/session/bb6ff96a-782e-4e80-ab55-ae5d87858470/element/db44bf83-b045-4623-b554-177c2fc700f5/click&amp#27;[39m
&amp#27;[35m[HTTP]&amp#27;[39m &amp#27;[90m{"id":"db44bf83-b045-4623-b554-177c2fc700f5"}&amp#27;[39m
[debug] &amp#27;[35m[W3C (bb6ff96a)]&amp#27;[39m Calling AppiumDriver.click() with args: ["db44bf83-b045-4623-b554-177c2fc700f5","bb6ff96a-782e-4e80-ab55-ae5d87858470"]
[debug] &amp#27;[35m[WD Proxy]&amp#27;[39m Matched '/element/db44bf83-b045-4623-b554-177c2fc700f5/click' to command name 'click'
[debug] &amp#27;[35m[WD Proxy]&amp#27;[39m Proxying [POST /element/db44bf83-b045-4623-b554-177c2fc700f5/click] to [POST http://127.0.0.1:8200/wd/hub/session/aa8a115a-5520-4e80-a267-3138eaa1dc88/element/db44bf83-b045-4623-b554-177c2fc700f5/click] with body: {"element":"db44bf83-b045-4623-b554-177c2fc700f5"}
[debug] &amp#27;[35m[WD Proxy]&amp#27;[39m Got response with status 200: {"sessionId":"aa8a115a-5520-4e80-a267-3138eaa1dc88","value":null}
[debug] &amp#27;[35m[W3C (bb6ff96a)]&amp#27;[39m Responding to client with driver.click() result: null
&amp#27;[35m[HTTP]&amp#27;[39m &amp#27;[37m<-- POST /wd/hub/session/bb6ff96a-782e-4e80-ab55-ae5d87858470/element/db44bf83-b045-4623-b554-177c2fc700f5/click &amp#27;[39m&amp#27;[32m200&amp#27;[39m &amp#27;[90m401 ms - 14&amp#27;[39m
&amp#27;[35m[HTTP]&amp#27;[39m &amp#27;[90m&amp#27;[39m
&amp#27;[35m[HTTP]&amp#27;[39m &amp#27;[37m-->&amp#27;[39m &amp#27;[37mGET&amp#27;[39m &amp#27;[37m/wd/hub/session/bb6ff96a-782e-4e80-ab55-ae5d87858470/context&amp#27;[39m
&amp#27;[35m[HTTP]&amp#27;[39m &amp#27;[90m{}&amp#27;[39m
[debug] &amp#27;[35m[W3C (bb6ff96a)]&amp#27;[39m Calling AppiumDriver.getCurrentContext() with args: ["bb6ff96a-782e-4e80-ab55-ae5d87858470"]
[debug] &amp#27;[35m[W3C (bb6ff96a)]&amp#27;[39m Responding to client with driver.getCurrentContext() result: "NATIVE_APP"
&amp#27;[35m[HTTP]&amp#27;[39m &amp#27;[37m<-- GET /wd/hub/session/bb6ff96a-782e-4e80-ab55-ae5d87858470/context &amp#27;[39m&amp#27;[32m200&amp#27;[39m &amp#27;[90m1 ms - 22&amp#27;[39m
&amp#27;[35m[HTTP]&amp#27;[39m &amp#27;[90m&amp#27;[39m
&amp#27;[35m[HTTP]&amp#27;[39m &amp#27;[37m-->&amp#27;[39m &amp#27;[37mPOST&amp#27;[39m &amp#27;[37m/wd/hub/session/bb6ff96a-782e-4e80-ab55-ae5d87858470/element&amp#27;[39m
&amp#27;[35m[HTTP]&amp#27;[39m &amp#27;[90m{"using":"xpath","value":"(//android.widget.EditText)[2]"}&amp#27;[39m
[debug] &amp#27;[35m[W3C (bb6ff96a)]&amp#27;[39m Calling AppiumDriver.findElement() with args: ["xpath","(//android.widget.EditText)[2]","bb6ff96a-782e-4e80-ab55-ae5d87858470"]
[debug] &amp#27;[35m[BaseDriver]&amp#27;[39m Valid locator strategies for this request: xpath, id, class name, accessibility id, css selector, -android uiautomator
[debug] &amp#27;[35m[BaseDriver]&amp#27;[39m Waiting up to 50000 ms for condition
[debug] &amp#27;[35m[WD Proxy]&amp#27;[39m Matched '/element' to command name 'findElement'
[debug] &amp#27;[35m[WD Proxy]&amp#27;[39m Proxying [POST /element] to [POST http://127.0.0.1:8200/wd/hub/session/aa8a115a-5520-4e80-a267-3138eaa1dc88/element] with body: {"strategy":"xpath","selector":"(//android.widget.EditText)[2]","context":"","multiple":false}
[debug] &amp#27;[35m[WD Proxy]&amp#27;[39m Got response with status 200: {"sessionId":"aa8a115a-5520-4e80-a267-3138eaa1dc88","value":{"ELEMENT":"f547b4de-dfbb-410a-a7a8-6e59ae9dac9b","element-6066-11e4-a52e-4f735466cecf":"f547b4de-dfbb-410a-a7a8-6e59ae9dac9b"}}
[debug] &amp#27;[35m[W3C (bb6ff96a)]&amp#27;[39m Responding to client with driver.findElement() result: {"element-6066-11e4-a52e-4f735466cecf":"f547b4de-dfbb-410a-a7a8-6e59ae9dac9b","ELEMENT":"f547b4de-dfbb-410a-a7a8-6e59ae9dac9b"}
&amp#27;[35m[HTTP]&amp#27;[39m &amp#27;[37m<-- POST /wd/hub/session/bb6ff96a-782e-4e80-ab55-ae5d87858470/element &amp#27;[39m&amp#27;[32m200&amp#27;[39m &amp#27;[90m1292 ms - 137&amp#27;[39m
&amp#27;[35m[HTTP]&amp#27;[39m &amp#27;[90m&amp#27;[39m
&amp#27;[35m[HTTP]&amp#27;[39m &amp#27;[37m-->&amp#27;[39m &amp#27;[37mPOST&amp#27;[39m &amp#27;[37m/wd/hub/session/bb6ff96a-782e-4e80-ab55-ae5d87858470/element/f547b4de-dfbb-410a-a7a8-6e59ae9dac9b/value&amp#27;[39m
&amp#27;[35m[HTTP]&amp#27;[39m &amp#27;[90m{"id":"f547b4de-dfbb-410a-a7a8-6e59ae9dac9b","text":"0082","value":["0","0","8","2"]}&amp#27;[39m
[debug] &amp#27;[35m[W3C (bb6ff96a)]&amp#27;[39m Calling AppiumDriver.setValue() with args: [["0","0","8","2"],"f547b4de-dfbb-410a-a7a8-6e59ae9dac9b","bb6ff96a-782e-4e80-ab55-ae5d87858470"]
[debug] &amp#27;[35m[WD Proxy]&amp#27;[39m Matched '/element/f547b4de-dfbb-410a-a7a8-6e59ae9dac9b/value' to command name 'setValue'
[debug] &amp#27;[35m[Protocol Converter]&amp#27;[39m Added 'value' property ["0","0","8","2"] to 'setValue' request body
[debug] &amp#27;[35m[WD Proxy]&amp#27;[39m Proxying [POST /element/f547b4de-dfbb-410a-a7a8-6e59ae9dac9b/value] to [POST http://127.0.0.1:8200/wd/hub/session/aa8a115a-5520-4e80-a267-3138eaa1dc88/element/f547b4de-dfbb-410a-a7a8-6e59ae9dac9b/value] with body: {"elementId":"f547b4de-dfbb-410a-a7a8-6e59ae9dac9b","text":"0082","replace":false,"value":["0","0","8","2"]}
[debug] &amp#27;[35m[WD Proxy]&amp#27;[39m Got response with status 200: {"sessionId":"aa8a115a-5520-4e80-a267-3138eaa1dc88","value":null}
[debug] &amp#27;[35m[W3C (bb6ff96a)]&amp#27;[39m Responding to client with driver.setValue() result: null
&amp#27;[35m[HTTP]&amp#27;[39m &amp#27;[37m<-- POST /wd/hub/session/bb6ff96a-782e-4e80-ab55-ae5d87858470/element/f547b4de-dfbb-410a-a7a8-6e59ae9dac9b/value &amp#27;[39m&amp#27;[32m200&amp#27;[39m &amp#27;[90m318 ms - 14&amp#27;[39m
&amp#27;[35m[HTTP]&amp#27;[39m &amp#27;[90m&amp#27;[39m
&amp#27;[35m[HTTP]&amp#27;[39m &amp#27;[37m-->&amp#27;[39m &amp#27;[37mPOST&amp#27;[39m &amp#27;[37m/wd/hub/session/bb6ff96a-782e-4e80-ab55-ae5d87858470/appium/device/hide_keyboard&amp#27;[39m
&amp#27;[35m[HTTP]&amp#27;[39m &amp#27;[90m{}&amp#27;[39m
[debug] &amp#27;[35m[W3C (bb6ff96a)]&amp#27;[39m Calling AppiumDriver.hideKeyboard() with args: [null,null,null,null,"bb6ff96a-782e-4e80-ab55-ae5d87858470"]
[debug] &amp#27;[35m[ADB]&amp#27;[39m Running 'C:\Users\Fayaz\AppData\Local\Android\Sdk\platform-tools\adb.exe -P 5037 -s emulator-5554 shell dumpsys input_method'
&amp#27;[35m[AndroidDriver]&amp#27;[39m Keyboard has no UI; no closing necessary
[debug] &amp#27;[35m[W3C (bb6ff96a)]&amp#27;[39m Responding to client with driver.hideKeyboard() result: null
&amp#27;[35m[HTTP]&amp#27;[39m &amp#27;[37m<-- POST /wd/hub/session/bb6ff96a-782e-4e80-ab55-ae5d87858470/appium/device/hide_keyboard &amp#27;[39m&amp#27;[32m200&amp#27;[39m &amp#27;[90m604 ms - 14&amp#27;[39m
&amp#27;[35m[HTTP]&amp#27;[39m &amp#27;[90m&amp#27;[39m
&amp#27;[35m[HTTP]&amp#27;[39m &amp#27;[37m-->&amp#27;[39m &amp#27;[37mGET&amp#27;[39m &amp#27;[37m/wd/hub/session/bb6ff96a-782e-4e80-ab55-ae5d87858470/context&amp#27;[39m
&amp#27;[35m[HTTP]&amp#27;[39m &amp#27;[90m{}&amp#27;[39m
[debug] &amp#27;[35m[W3C (bb6ff96a)]&amp#27;[39m Calling AppiumDriver.getCurrentContext() with args: ["bb6ff96a-782e-4e80-ab55-ae5d87858470"]
[debug] &amp#27;[35m[W3C (bb6ff96a)]&amp#27;[39m Responding to client with driver.getCurrentContext() result: "NATIVE_APP"
&amp#27;[35m[HTTP]&amp#27;[39m &amp#27;[37m<-- GET /wd/hub/session/bb6ff96a-782e-4e80-ab55-ae5d87858470/context &amp#27;[39m&amp#27;[32m200&amp#27;[39m &amp#27;[90m1 ms - 22&amp#27;[39m
&amp#27;[35m[HTTP]&amp#27;[39m &amp#27;[90m&amp#27;[39m
&amp#27;[35m[HTTP]&amp#27;[39m &amp#27;[37m-->&amp#27;[39m &amp#27;[37mPOST&amp#27;[39m &amp#27;[37m/wd/hub/session/bb6ff96a-782e-4e80-ab55-ae5d87858470/element&amp#27;[39m
&amp#27;[35m[HTTP]&amp#27;[39m &amp#27;[90m{"using":"xpath","value":"//android.widget.Button[@text='Sign In']"}&amp#27;[39m
[debug] &amp#27;[35m[W3C (bb6ff96a)]&amp#27;[39m Calling AppiumDriver.findElement() with args: ["xpath","//android.widget.Button[@text='Sign In']","bb6ff96a-782e-4e80-ab55-ae5d87858470"]
[debug] &amp#27;[35m[BaseDriver]&amp#27;[39m Valid locator strategies for this request: xpath, id, class name, accessibility id, css selector, -android uiautomator
[debug] &amp#27;[35m[BaseDriver]&amp#27;[39m Waiting up to 50000 ms for condition
[debug] &amp#27;[35m[WD Proxy]&amp#27;[39m Matched '/element' to command name 'findElement'
[debug] &amp#27;[35m[WD Proxy]&amp#27;[39m Proxying [POST /element] to [POST http://127.0.0.1:8200/wd/hub/session/aa8a115a-5520-4e80-a267-3138eaa1dc88/element] with body: {"strategy":"xpath","selector":"//android.widget.Button[@text='Sign In']","context":"","multiple":false}
[debug] &amp#27;[35m[WD Proxy]&amp#27;[39m Got response with status 200: {"sessionId":"aa8a115a-5520-4e80-a267-3138eaa1dc88","value":{"ELEMENT":"d9e7dc5a-7b27-45db-a929-44b4caafb072","element-6066-11e4-a52e-4f735466cecf":"d9e7dc5a-7b27-45db-a929-44b4caafb072"}}
[debug] &amp#27;[35m[W3C (bb6ff96a)]&amp#27;[39m Responding to client with driver.findElement() result: {"element-6066-11e4-a52e-4f735466cecf":"d9e7dc5a-7b27-45db-a929-44b4caafb072","ELEMENT":"d9e7dc5a-7b27-45db-a929-44b4caafb072"}
&amp#27;[35m[HTTP]&amp#27;[39m &amp#27;[37m<-- POST /wd/hub/session/bb6ff96a-782e-4e80-ab55-ae5d87858470/element &amp#27;[39m&amp#27;[32m200&amp#27;[39m &amp#27;[90m218 ms - 137&amp#27;[39m
&amp#27;[35m[HTTP]&amp#27;[39m &amp#27;[90m&amp#27;[39m
&amp#27;[35m[HTTP]&amp#27;[39m &amp#27;[37m-->&amp#27;[39m &amp#27;[37mPOST&amp#27;[39m &amp#27;[37m/wd/hub/session/bb6ff96a-782e-4e80-ab55-ae5d87858470/element/d9e7dc5a-7b27-45db-a929-44b4caafb072/click&amp#27;[39m
&amp#27;[35m[HTTP]&amp#27;[39m &amp#27;[90m{"id":"d9e7dc5a-7b27-45db-a929-44b4caafb072"}&amp#27;[39m
[debug] &amp#27;[35m[W3C (bb6ff96a)]&amp#27;[39m Calling AppiumDriver.click() with args: ["d9e7dc5a-7b27-45db-a929-44b4caafb072","bb6ff96a-782e-4e80-ab55-ae5d87858470"]
[debug] &amp#27;[35m[WD Proxy]&amp#27;[39m Matched '/element/d9e7dc5a-7b27-45db-a929-44b4caafb072/click' to command name 'click'
[debug] &amp#27;[35m[WD Proxy]&amp#27;[39m Proxying [POST /element/d9e7dc5a-7b27-45db-a929-44b4caafb072/click] to [POST http://127.0.0.1:8200/wd/hub/session/aa8a115a-5520-4e80-a267-3138eaa1dc88/element/d9e7dc5a-7b27-45db-a929-44b4caafb072/click] with body: {"element":"d9e7dc5a-7b27-45db-a929-44b4caafb072"}
[debug] &amp#27;[35m[WD Proxy]&amp#27;[39m Got response with status 200: {"sessionId":"aa8a115a-5520-4e80-a267-3138eaa1dc88","value":null}
[debug] &amp#27;[35m[W3C (bb6ff96a)]&amp#27;[39m Responding to client with driver.click() result: null
&amp#27;[35m[HTTP]&amp#27;[39m &amp#27;[37m<-- POST /wd/hub/session/bb6ff96a-782e-4e80-ab55-ae5d87858470/element/d9e7dc5a-7b27-45db-a929-44b4caafb072/click &amp#27;[39m&amp#27;[32m200&amp#27;[39m &amp#27;[90m76 ms - 14&amp#27;[39m
&amp#27;[35m[HTTP]&amp#27;[39m &amp#27;[90m&amp#27;[39m
&amp#27;[35m[HTTP]&amp#27;[39m &amp#27;[37m-->&amp#27;[39m &amp#27;[37mGET&amp#27;[39m &amp#27;[37m/wd/hub/session/bb6ff96a-782e-4e80-ab55-ae5d87858470/context&amp#27;[39m
&amp#27;[35m[HTTP]&amp#27;[39m &amp#27;[90m{}&amp#27;[39m
[debug] &amp#27;[35m[W3C (bb6ff96a)]&amp#27;[39m Calling AppiumDriver.getCurrentContext() with args: ["bb6ff96a-782e-4e80-ab55-ae5d87858470"]
[debug] &amp#27;[35m[W3C (bb6ff96a)]&amp#27;[39m Responding to client with driver.getCurrentContext() result: "NATIVE_APP"
&amp#27;[35m[HTTP]&amp#27;[39m &amp#27;[37m<-- GET /wd/hub/session/bb6ff96a-782e-4e80-ab55-ae5d87858470/context &amp#27;[39m&amp#27;[32m200&amp#27;[39m &amp#27;[90m2 ms - 22&amp#27;[39m
&amp#27;[35m[HTTP]&amp#27;[39m &amp#27;[90m&amp#27;[39m
&amp#27;[35m[HTTP]&amp#27;[39m &amp#27;[37m-->&amp#27;[39m &amp#27;[37mPOST&amp#27;[39m &amp#27;[37m/wd/hub/session/bb6ff96a-782e-4e80-ab55-ae5d87858470/element&amp#27;[39m
&amp#27;[35m[HTTP]&amp#27;[39m &amp#27;[90m{"using":"xpath","value":"//android.view.View[@text='Add Accounts']"}&amp#27;[39m
[debug] &amp#27;[35m[W3C (bb6ff96a)]&amp#27;[39m Calling AppiumDriver.findElement() with args: ["xpath","//android.view.View[@text='Add Accounts']","bb6ff96a-782e-4e80-ab55-ae5d87858470"]
[debug] &amp#27;[35m[BaseDriver]&amp#27;[39m Valid locator strategies for this request: xpath, id, class name, accessibility id, css selector, -android uiautomator
[debug] &amp#27;[35m[BaseDriver]&amp#27;[39m Waiting up to 50000 ms for condition
[debug] &amp#27;[35m[WD Proxy]&amp#27;[39m Matched '/element' to command name 'findElement'
[debug] &amp#27;[35m[WD Proxy]&amp#27;[39m Proxying [POST /element] to [POST http://127.0.0.1:8200/wd/hub/session/aa8a115a-5520-4e80-a267-3138eaa1dc88/element] with body: {"strategy":"xpath","selector":"//android.view.View[@text='Add Accounts']","context":"","multiple":false}
[debug] &amp#27;[35m[WD Proxy]&amp#27;[39m Got response with status 200: {"sessionId":"aa8a115a-5520-4e80-a267-3138eaa1dc88","value":{"ELEMENT":"79239124-a223-4cde-94f8-1b132eb1afc8","element-6066-11e4-a52e-4f735466cecf":"79239124-a223-4cde-94f8-1b132eb1afc8"}}
[debug] &amp#27;[35m[W3C (bb6ff96a)]&amp#27;[39m Responding to client with driver.findElement() result: {"element-6066-11e4-a52e-4f735466cecf":"79239124-a223-4cde-94f8-1b132eb1afc8","ELEMENT":"79239124-a223-4cde-94f8-1b132eb1afc8"}
&amp#27;[35m[HTTP]&amp#27;[39m &amp#27;[37m<-- POST /wd/hub/session/bb6ff96a-782e-4e80-ab55-ae5d87858470/element &amp#27;[39m&amp#27;[32m200&amp#27;[39m &amp#27;[90m100 ms - 137&amp#27;[39m
&amp#27;[35m[HTTP]&amp#27;[39m &amp#27;[90m&amp#27;[39m
&amp#27;[35m[HTTP]&amp#27;[39m &amp#27;[37m-->&amp#27;[39m &amp#27;[37mPOST&amp#27;[39m &amp#27;[37m/wd/hub/session/bb6ff96a-782e-4e80-ab55-ae5d87858470/element/79239124-a223-4cde-94f8-1b132eb1afc8/click&amp#27;[39m
&amp#27;[35m[HTTP]&amp#27;[39m &amp#27;[90m{"id":"79239124-a223-4cde-94f8-1b132eb1afc8"}&amp#27;[39m
[debug] &amp#27;[35m[W3C (bb6ff96a)]&amp#27;[39m Calling AppiumDriver.click() with args: ["79239124-a223-4cde-94f8-1b132eb1afc8","bb6ff96a-782e-4e80-ab55-ae5d87858470"]
[debug] &amp#27;[35m[WD Proxy]&amp#27;[39m Matched '/element/79239124-a223-4cde-94f8-1b132eb1afc8/click' to command name 'click'
[debug] &amp#27;[35m[WD Proxy]&amp#27;[39m Proxying [POST /element/79239124-a223-4cde-94f8-1b132eb1afc8/click] to [POST http://127.0.0.1:8200/wd/hub/session/aa8a115a-5520-4e80-a267-3138eaa1dc88/element/79239124-a223-4cde-94f8-1b132eb1afc8/click] with body: {"element":"79239124-a223-4cde-94f8-1b132eb1afc8"}
[debug] &amp#27;[35m[WD Proxy]&amp#27;[39m Got response with status 200: {"sessionId":"aa8a115a-5520-4e80-a267-3138eaa1dc88","value":null}
[debug] &amp#27;[35m[W3C (bb6ff96a)]&amp#27;[39m Responding to client with driver.click() result: null
&amp#27;[35m[HTTP]&amp#27;[39m &amp#27;[37m<-- POST /wd/hub/session/bb6ff96a-782e-4e80-ab55-ae5d87858470/element/79239124-a223-4cde-94f8-1b132eb1afc8/click &amp#27;[39m&amp#27;[32m200&amp#27;[39m &amp#27;[90m60 ms - 14&amp#27;[39m
&amp#27;[35m[HTTP]&amp#27;[39m &amp#27;[90m&amp#27;[39m
&amp#27;[35m[HTTP]&amp#27;[39m &amp#27;[37m-->&amp#27;[39m &amp#27;[37mGET&amp#27;[39m &amp#27;[37m/wd/hub/session/bb6ff96a-782e-4e80-ab55-ae5d87858470/context&amp#27;[39m
&amp#27;[35m[HTTP]&amp#27;[39m &amp#27;[90m{}&amp#27;[39m
[debug] &amp#27;[35m[W3C (bb6ff96a)]&amp#27;[39m Calling AppiumDriver.getCurrentContext() with args: ["bb6ff96a-782e-4e80-ab55-ae5d87858470"]
[debug] &amp#27;[35m[W3C (bb6ff96a)]&amp#27;[39m Responding to client with driver.getCurrentContext() result: "NATIVE_APP"
&amp#27;[35m[HTTP]&amp#27;[39m &amp#27;[37m<-- GET /wd/hub/session/bb6ff96a-782e-4e80-ab55-ae5d87858470/context &amp#27;[39m&amp#27;[32m200&amp#27;[39m &amp#27;[90m1 ms - 22&amp#27;[39m
&amp#27;[35m[HTTP]&amp#27;[39m &amp#27;[90m&amp#27;[39m
&amp#27;[35m[HTTP]&amp#27;[39m &amp#27;[37m-->&amp#27;[39m &amp#27;[37mPOST&amp#27;[39m &amp#27;[37m/wd/hub/session/bb6ff96a-782e-4e80-ab55-ae5d87858470/element&amp#27;[39m
&amp#27;[35m[HTTP]&amp#27;[39m &amp#27;[90m{"using":"xpath","value":"//android.view.View[@text='Registered phone number']"}&amp#27;[39m
[debug] &amp#27;[35m[W3C (bb6ff96a)]&amp#27;[39m Calling AppiumDriver.findElement() with args: ["xpath","//android.view.View[@text='Registered phone number']","bb6ff96a-782e-4e80-ab55-ae5d87858470"]
[debug] &amp#27;[35m[BaseDriver]&amp#27;[39m Valid locator strategies for this request: xpath, id, class name, accessibility id, css selector, -android uiautomator
[debug] &amp#27;[35m[BaseDriver]&amp#27;[39m Waiting up to 50000 ms for condition
[debug] &amp#27;[35m[WD Proxy]&amp#27;[39m Matched '/element' to command name 'findElement'
[debug] &amp#27;[35m[WD Proxy]&amp#27;[39m Proxying [POST /element] to [POST http://127.0.0.1:8200/wd/hub/session/aa8a115a-5520-4e80-a267-3138eaa1dc88/element] with body: {"strategy":"xpath","selector":"//android.view.View[@text='Registered phone number']","context":"","multiple":false}
&amp#27;[35m[WD Proxy]&amp#27;[39m Got response with status 404: {"sessionId":"aa8a115a-5520-4e80-a267-3138eaa1dc88","value":{"error":"no such element","message":"An element could not be located on the page using the given search parameters","stacktrace":"io.appium.uiautomator2.common.exceptions.ElementNotFoundException: An element could not be located on the page using the given search parameters\n\tat io.appium.uiautomator2.handler.FindElement.findElement(FindElement.java:89)\n\tat io.appium.uiautomator2.handler.FindElement.safeHandle(FindElement.java:66)\n\tat io.appium.uiautomator2.handler.request.SafeRequestHandler.handle(SafeRequestHandler.java:41)\n\tat io.appium.uiautomator2.server.AppiumServlet.handleRequest(AppiumServlet.java:262)\n\tat io.appium.uiautomator2.server.AppiumServlet.handleHttpRequest(AppiumServlet.java:256)\n\tat io.appium.uiautomator2.http.ServerHandler.channelRead(ServerHandler.java:68)\n\tat io.netty.channel.AbstractChannelHandlerContext.invokeChannelRead(AbstractChannelHandlerContext.java:366)\n\tat io.netty.channel.AbstractChannelHandlerCont...
[debug] &amp#27;[35m[W3C]&amp#27;[39m Matched W3C error code 'no such element' to NoSuchElementError
[debug] &amp#27;[35m[BaseDriver]&amp#27;[39m Waited for 587 ms so far
[debug] &amp#27;[35m[WD Proxy]&amp#27;[39m Matched '/element' to command name 'findElement'
[debug] &amp#27;[35m[WD Proxy]&amp#27;[39m Proxying [POST /element] to [POST http://127.0.0.1:8200/wd/hub/session/aa8a115a-5520-4e80-a267-3138eaa1dc88/element] with body: {"strategy":"xpath","selector":"//android.view.View[@text='Registered phone number']","context":"","multiple":false}
&amp#27;[35m[WD Proxy]&amp#27;[39m Got response with status 404: {"sessionId":"aa8a115a-5520-4e80-a267-3138eaa1dc88","value":{"error":"no such element","message":"An element could not be located on the page using the given search parameters","stacktrace":"io.appium.uiautomator2.common.exceptions.ElementNotFoundException: An element could not be located on the page using the given search parameters\n\tat io.appium.uiautomator2.handler.FindElement.findElement(FindElement.java:89)\n\tat io.appium.uiautomator2.handler.FindElement.safeHandle(FindElement.java:66)\n\tat io.appium.uiautomator2.handler.request.SafeRequestHandler.handle(SafeRequestHandler.java:41)\n\tat io.appium.uiautomator2.server.AppiumServlet.handleRequest(AppiumServlet.java:262)\n\tat io.appium.uiautomator2.server.AppiumServlet.handleHttpRequest(AppiumServlet.java:256)\n\tat io.appium.uiautomator2.http.ServerHandler.channelRead(ServerHandler.java:68)\n\tat io.netty.channel.AbstractChannelHandlerContext.invokeChannelRead(AbstractChannelHandlerContext.java:366)\n\tat io.netty.channel.AbstractChannelHandlerCont...
[debug] &amp#27;[35m[W3C]&amp#27;[39m Matched W3C error code 'no such element' to NoSuchElementError
[debug] &amp#27;[35m[BaseDriver]&amp#27;[39m Waited for 2104 ms so far
[debug] &amp#27;[35m[WD Proxy]&amp#27;[39m Matched '/element' to command name 'findElement'
[debug] &amp#27;[35m[WD Proxy]&amp#27;[39m Proxying [POST /element] to [POST http://127.0.0.1:8200/wd/hub/session/aa8a115a-5520-4e80-a267-3138eaa1dc88/element] with body: {"strategy":"xpath","selector":"//android.view.View[@text='Registered phone number']","context":"","multiple":false}
&amp#27;[35m[WD Proxy]&amp#27;[39m Got response with status 404: {"sessionId":"aa8a115a-5520-4e80-a267-3138eaa1dc88","value":{"error":"no such element","message":"An element could not be located on the page using the given search parameters","stacktrace":"io.appium.uiautomator2.common.exceptions.ElementNotFoundException: An element could not be located on the page using the given search parameters\n\tat io.appium.uiautomator2.handler.FindElement.findElement(FindElement.java:89)\n\tat io.appium.uiautomator2.handler.FindElement.safeHandle(FindElement.java:66)\n\tat io.appium.uiautomator2.handler.request.SafeRequestHandler.handle(SafeRequestHandler.java:41)\n\tat io.appium.uiautomator2.server.AppiumServlet.handleRequest(AppiumServlet.java:262)\n\tat io.appium.uiautomator2.server.AppiumServlet.handleHttpRequest(AppiumServlet.java:256)\n\tat io.appium.uiautomator2.http.ServerHandler.channelRead(ServerHandler.java:68)\n\tat io.netty.channel.AbstractChannelHandlerContext.invokeChannelRead(AbstractChannelHandlerContext.java:366)\n\tat io.netty.channel.AbstractChannelHandlerCont...
[debug] &amp#27;[35m[W3C]&amp#27;[39m Matched W3C error code 'no such element' to NoSuchElementError
[debug] &amp#27;[35m[BaseDriver]&amp#27;[39m Waited for 2700 ms so far
[debug] &amp#27;[35m[WD Proxy]&amp#27;[39m Matched '/element' to command name 'findElement'
[debug] &amp#27;[35m[WD Proxy]&amp#27;[39m Proxying [POST /element] to [POST http://127.0.0.1:8200/wd/hub/session/aa8a115a-5520-4e80-a267-3138eaa1dc88/element] with body: {"strategy":"xpath","selector":"//android.view.View[@text='Registered phone number']","context":"","multiple":false}
&amp#27;[35m[WD Proxy]&amp#27;[39m Got response with status 404: {"sessionId":"aa8a115a-5520-4e80-a267-3138eaa1dc88","value":{"error":"no such element","message":"An element could not be located on the page using the given search parameters","stacktrace":"io.appium.uiautomator2.common.exceptions.ElementNotFoundException: An element could not be located on the page using the given search parameters\n\tat io.appium.uiautomator2.handler.FindElement.findElement(FindElement.java:89)\n\tat io.appium.uiautomator2.handler.FindElement.safeHandle(FindElement.java:66)\n\tat io.appium.uiautomator2.handler.request.SafeRequestHandler.handle(SafeRequestHandler.java:41)\n\tat io.appium.uiautomator2.server.AppiumServlet.handleRequest(AppiumServlet.java:262)\n\tat io.appium.uiautomator2.server.AppiumServlet.handleHttpRequest(AppiumServlet.java:256)\n\tat io.appium.uiautomator2.http.ServerHandler.channelRead(ServerHandler.java:68)\n\tat io.netty.channel.AbstractChannelHandlerContext.invokeChannelRead(AbstractChannelHandlerContext.java:366)\n\tat io.netty.channel.AbstractChannelHandlerCont...
[debug] &amp#27;[35m[W3C]&amp#27;[39m Matched W3C error code 'no such element' to NoSuchElementError
[debug] &amp#27;[35m[BaseDriver]&amp#27;[39m Waited for 3294 ms so far
[debug] &amp#27;[35m[WD Proxy]&amp#27;[39m Matched '/element' to command name 'findElement'
[debug] &amp#27;[35m[WD Proxy]&amp#27;[39m Proxying [POST /element] to [POST http://127.0.0.1:8200/wd/hub/session/aa8a115a-5520-4e80-a267-3138eaa1dc88/element] with body: {"strategy":"xpath","selector":"//android.view.View[@text='Registered phone number']","context":"","multiple":false}
&amp#27;[35m[WD Proxy]&amp#27;[39m Got response with status 404: {"sessionId":"aa8a115a-5520-4e80-a267-3138eaa1dc88","value":{"error":"no such element","message":"An element could not be located on the page using the given search parameters","stacktrace":"io.appium.uiautomator2.common.exceptions.ElementNotFoundException: An element could not be located on the page using the given search parameters\n\tat io.appium.uiautomator2.handler.FindElement.findElement(FindElement.java:89)\n\tat io.appium.uiautomator2.handler.FindElement.safeHandle(FindElement.java:66)\n\tat io.appium.uiautomator2.handler.request.SafeRequestHandler.handle(SafeRequestHandler.java:41)\n\tat io.appium.uiautomator2.server.AppiumServlet.handleRequest(AppiumServlet.java:262)\n\tat io.appium.uiautomator2.server.AppiumServlet.handleHttpRequest(AppiumServlet.java:256)\n\tat io.appium.uiautomator2.http.ServerHandler.channelRead(ServerHandler.java:68)\n\tat io.netty.channel.AbstractChannelHandlerContext.invokeChannelRead(AbstractChannelHandlerContext.java:366)\n\tat io.netty.channel.AbstractChannelHandlerCont...
[debug] &amp#27;[35m[W3C]&amp#27;[39m Matched W3C error code 'no such element' to NoSuchElementError
[debug] &amp#27;[35m[BaseDriver]&amp#27;[39m Waited for 3902 ms so far
[debug] &amp#27;[35m[WD Proxy]&amp#27;[39m Matched '/element' to command name 'findElement'
[debug] &amp#27;[35m[WD Proxy]&amp#27;[39m Proxying [POST /element] to [POST http://127.0.0.1:8200/wd/hub/session/aa8a115a-5520-4e80-a267-3138eaa1dc88/element] with body: {"strategy":"xpath","selector":"//android.view.View[@text='Registered phone number']","context":"","multiple":false}
&amp#27;[35m[WD Proxy]&amp#27;[39m Got response with status 404: {"sessionId":"aa8a115a-5520-4e80-a267-3138eaa1dc88","value":{"error":"no such element","message":"An element could not be located on the page using the given search parameters","stacktrace":"io.appium.uiautomator2.common.exceptions.ElementNotFoundException: An element could not be located on the page using the given search parameters\n\tat io.appium.uiautomator2.handler.FindElement.findElement(FindElement.java:89)\n\tat io.appium.uiautomator2.handler.FindElement.safeHandle(FindElement.java:66)\n\tat io.appium.uiautomator2.handler.request.SafeRequestHandler.handle(SafeRequestHandler.java:41)\n\tat io.appium.uiautomator2.server.AppiumServlet.handleRequest(AppiumServlet.java:262)\n\tat io.appium.uiautomator2.server.AppiumServlet.handleHttpRequest(AppiumServlet.java:256)\n\tat io.appium.uiautomator2.http.ServerHandler.channelRead(ServerHandler.java:68)\n\tat io.netty.channel.AbstractChannelHandlerContext.invokeChannelRead(AbstractChannelHandlerContext.java:366)\n\tat io.netty.channel.AbstractChannelHandlerCont...
[debug] &amp#27;[35m[W3C]&amp#27;[39m Matched W3C error code 'no such element' to NoSuchElementError
[debug] &amp#27;[35m[BaseDriver]&amp#27;[39m Waited for 4522 ms so far
[debug] &amp#27;[35m[WD Proxy]&amp#27;[39m Matched '/element' to command name 'findElement'
[debug] &amp#27;[35m[WD Proxy]&amp#27;[39m Proxying [POST /element] to [POST http://127.0.0.1:8200/wd/hub/session/aa8a115a-5520-4e80-a267-3138eaa1dc88/element] with body: {"strategy":"xpath","selector":"//android.view.View[@text='Registered phone number']","context":"","multiple":false}
&amp#27;[35m[WD Proxy]&amp#27;[39m Got response with status 404: {"sessionId":"aa8a115a-5520-4e80-a267-3138eaa1dc88","value":{"error":"no such element","message":"An element could not be located on the page using the given search parameters","stacktrace":"io.appium.uiautomator2.common.exceptions.ElementNotFoundException: An element could not be located on the page using the given search parameters\n\tat io.appium.uiautomator2.handler.FindElement.findElement(FindElement.java:89)\n\tat io.appium.uiautomator2.handler.FindElement.safeHandle(FindElement.java:66)\n\tat io.appium.uiautomator2.handler.request.SafeRequestHandler.handle(SafeRequestHandler.java:41)\n\tat io.appium.uiautomator2.server.AppiumServlet.handleRequest(AppiumServlet.java:262)\n\tat io.appium.uiautomator2.server.AppiumServlet.handleHttpRequest(AppiumServlet.java:256)\n\tat io.appium.uiautomator2.http.ServerHandler.channelRead(ServerHandler.java:68)\n\tat io.netty.channel.AbstractChannelHandlerContext.invokeChannelRead(AbstractChannelHandlerContext.java:366)\n\tat io.netty.channel.AbstractChannelHandlerCont...
[debug] &amp#27;[35m[W3C]&amp#27;[39m Matched W3C error code 'no such element' to NoSuchElementError
[debug] &amp#27;[35m[BaseDriver]&amp#27;[39m Waited for 5140 ms so far
[debug] &amp#27;[35m[WD Proxy]&amp#27;[39m Matched '/element' to command name 'findElement'
[debug] &amp#27;[35m[WD Proxy]&amp#27;[39m Proxying [POST /element] to [POST http://127.0.0.1:8200/wd/hub/session/aa8a115a-5520-4e80-a267-3138eaa1dc88/element] with body: {"strategy":"xpath","selector":"//android.view.View[@text='Registered phone number']","context":"","multiple":false}
&amp#27;[35m[WD Proxy]&amp#27;[39m Got response with status 404: {"sessionId":"aa8a115a-5520-4e80-a267-3138eaa1dc88","value":{"error":"no such element","message":"An element could not be located on the page using the given search parameters","stacktrace":"io.appium.uiautomator2.common.exceptions.ElementNotFoundException: An element could not be located on the page using the given search parameters\n\tat io.appium.uiautomator2.handler.FindElement.findElement(FindElement.java:89)\n\tat io.appium.uiautomator2.handler.FindElement.safeHandle(FindElement.java:66)\n\tat io.appium.uiautomator2.handler.request.SafeRequestHandler.handle(SafeRequestHandler.java:41)\n\tat io.appium.uiautomator2.server.AppiumServlet.handleRequest(AppiumServlet.java:262)\n\tat io.appium.uiautomator2.server.AppiumServlet.handleHttpRequest(AppiumServlet.java:256)\n\tat io.appium.uiautomator2.http.ServerHandler.channelRead(ServerHandler.java:68)\n\tat io.netty.channel.AbstractChannelHandlerContext.invokeChannelRead(AbstractChannelHandlerContext.java:366)\n\tat io.netty.channel.AbstractChannelHandlerCont...
[debug] &amp#27;[35m[W3C]&amp#27;[39m Matched W3C error code 'no such element' to NoSuchElementError
[debug] &amp#27;[35m[BaseDriver]&amp#27;[39m Waited for 5741 ms so far
[debug] &amp#27;[35m[WD Proxy]&amp#27;[39m Matched '/element' to command name 'findElement'
[debug] &amp#27;[35m[WD Proxy]&amp#27;[39m Proxying [POST /element] to [POST http://127.0.0.1:8200/wd/hub/session/aa8a115a-5520-4e80-a267-3138eaa1dc88/element] with body: {"strategy":"xpath","selector":"//android.view.View[@text='Registered phone number']","context":"","multiple":false}
&amp#27;[35m[WD Proxy]&amp#27;[39m Got response with status 404: {"sessionId":"aa8a115a-5520-4e80-a267-3138eaa1dc88","value":{"error":"no such element","message":"An element could not be located on the page using the given search parameters","stacktrace":"io.appium.uiautomator2.common.exceptions.ElementNotFoundException: An element could not be located on the page using the given search parameters\n\tat io.appium.uiautomator2.handler.FindElement.findElement(FindElement.java:89)\n\tat io.appium.uiautomator2.handler.FindElement.safeHandle(FindElement.java:66)\n\tat io.appium.uiautomator2.handler.request.SafeRequestHandler.handle(SafeRequestHandler.java:41)\n\tat io.appium.uiautomator2.server.AppiumServlet.handleRequest(AppiumServlet.java:262)\n\tat io.appium.uiautomator2.server.AppiumServlet.handleHttpRequest(AppiumServlet.java:256)\n\tat io.appium.uiautomator2.http.ServerHandler.channelRead(ServerHandler.java:68)\n\tat io.netty.channel.AbstractChannelHandlerContext.invokeChannelRead(AbstractChannelHandlerContext.java:366)\n\tat io.netty.channel.AbstractChannelHandlerCont...
[debug] &amp#27;[35m[W3C]&amp#27;[39m Matched W3C error code 'no such element' to NoSuchElementError
[debug] &amp#27;[35m[BaseDriver]&amp#27;[39m Waited for 6369 ms so far
[debug] &amp#27;[35m[WD Proxy]&amp#27;[39m Matched '/element' to command name 'findElement'
[debug] &amp#27;[35m[WD Proxy]&amp#27;[39m Proxying [POST /element] to [POST http://127.0.0.1:8200/wd/hub/session/aa8a115a-5520-4e80-a267-3138eaa1dc88/element] with body: {"strategy":"xpath","selector":"//android.view.View[@text='Registered phone number']","context":"","multiple":false}
&amp#27;[35m[WD Proxy]&amp#27;[39m Got response with status 404: {"sessionId":"aa8a115a-5520-4e80-a267-3138eaa1dc88","value":{"error":"no such element","message":"An element could not be located on the page using the given search parameters","stacktrace":"io.appium.uiautomator2.common.exceptions.ElementNotFoundException: An element could not be located on the page using the given search parameters\n\tat io.appium.uiautomator2.handler.FindElement.findElement(FindElement.java:89)\n\tat io.appium.uiautomator2.handler.FindElement.safeHandle(FindElement.java:66)\n\tat io.appium.uiautomator2.handler.request.SafeRequestHandler.handle(SafeRequestHandler.java:41)\n\tat io.appium.uiautomator2.server.AppiumServlet.handleRequest(AppiumServlet.java:262)\n\tat io.appium.uiautomator2.server.AppiumServlet.handleHttpRequest(AppiumServlet.java:256)\n\tat io.appium.uiautomator2.http.ServerHandler.channelRead(ServerHandler.java:68)\n\tat io.netty.channel.AbstractChannelHandlerContext.invokeChannelRead(AbstractChannelHandlerContext.java:366)\n\tat io.netty.channel.AbstractChannelHandlerCont...
[debug] &amp#27;[35m[W3C]&amp#27;[39m Matched W3C error code 'no such element' to NoSuchElementError
[debug] &amp#27;[35m[BaseDriver]&amp#27;[39m Waited for 6952 ms so far
[debug] &amp#27;[35m[WD Proxy]&amp#27;[39m Matched '/element' to command name 'findElement'
[debug] &amp#27;[35m[WD Proxy]&amp#27;[39m Proxying [POST /element] to [POST http://127.0.0.1:8200/wd/hub/session/aa8a115a-5520-4e80-a267-3138eaa1dc88/element] with body: {"strategy":"xpath","selector":"//android.view.View[@text='Registered phone number']","context":"","multiple":false}
&amp#27;[35m[WD Proxy]&amp#27;[39m Got response with status 404: {"sessionId":"aa8a115a-5520-4e80-a267-3138eaa1dc88","value":{"error":"no such element","message":"An element could not be located on the page using the given search parameters","stacktrace":"io.appium.uiautomator2.common.exceptions.ElementNotFoundException: An element could not be located on the page using the given search parameters\n\tat io.appium.uiautomator2.handler.FindElement.findElement(FindElement.java:89)\n\tat io.appium.uiautomator2.handler.FindElement.safeHandle(FindElement.java:66)\n\tat io.appium.uiautomator2.handler.request.SafeRequestHandler.handle(SafeRequestHandler.java:41)\n\tat io.appium.uiautomator2.server.AppiumServlet.handleRequest(AppiumServlet.java:262)\n\tat io.appium.uiautomator2.server.AppiumServlet.handleHttpRequest(AppiumServlet.java:256)\n\tat io.appium.uiautomator2.http.ServerHandler.channelRead(ServerHandler.java:68)\n\tat io.netty.channel.AbstractChannelHandlerContext.invokeChannelRead(AbstractChannelHandlerContext.java:366)\n\tat io.netty.channel.AbstractChannelHandlerCont...
[debug] &amp#27;[35m[W3C]&amp#27;[39m Matched W3C error code 'no such element' to NoSuchElementError
[debug] &amp#27;[35m[BaseDriver]&amp#27;[39m Waited for 7587 ms so far
[debug] &amp#27;[35m[WD Proxy]&amp#27;[39m Matched '/element' to command name 'findElement'
[debug] &amp#27;[35m[WD Proxy]&amp#27;[39m Proxying [POST /element] to [POST http://127.0.0.1:8200/wd/hub/session/aa8a115a-5520-4e80-a267-3138eaa1dc88/element] with body: {"strategy":"xpath","selector":"//android.view.View[@text='Registered phone number']","context":"","multiple":false}
&amp#27;[35m[WD Proxy]&amp#27;[39m Got response with status 404: {"sessionId":"aa8a115a-5520-4e80-a267-3138eaa1dc88","value":{"error":"no such element","message":"An element could not be located on the page using the given search parameters","stacktrace":"io.appium.uiautomator2.common.exceptions.ElementNotFoundException: An element could not be located on the page using the given search parameters\n\tat io.appium.uiautomator2.handler.FindElement.findElement(FindElement.java:89)\n\tat io.appium.uiautomator2.handler.FindElement.safeHandle(FindElement.java:66)\n\tat io.appium.uiautomator2.handler.request.SafeRequestHandler.handle(SafeRequestHandler.java:41)\n\tat io.appium.uiautomator2.server.AppiumServlet.handleRequest(AppiumServlet.java:262)\n\tat io.appium.uiautomator2.server.AppiumServlet.handleHttpRequest(AppiumServlet.java:256)\n\tat io.appium.uiautomator2.http.ServerHandler.channelRead(ServerHandler.java:68)\n\tat io.netty.channel.AbstractChannelHandlerContext.invokeChannelRead(AbstractChannelHandlerContext.java:366)\n\tat io.netty.channel.AbstractChannelHandlerCont...
[debug] &amp#27;[35m[W3C]&amp#27;[39m Matched W3C error code 'no such element' to NoSuchElementError
[debug] &amp#27;[35m[BaseDriver]&amp#27;[39m Waited for 8191 ms so far
[debug] &amp#27;[35m[WD Proxy]&amp#27;[39m Matched '/element' to command name 'findElement'
[debug] &amp#27;[35m[WD Proxy]&amp#27;[39m Proxying [POST /element] to [POST http://127.0.0.1:8200/wd/hub/session/aa8a115a-5520-4e80-a267-3138eaa1dc88/element] with body: {"strategy":"xpath","selector":"//android.view.View[@text='Registered phone number']","context":"","multiple":false}
&amp#27;[35m[WD Proxy]&amp#27;[39m Got response with status 404: {"sessionId":"aa8a115a-5520-4e80-a267-3138eaa1dc88","value":{"error":"no such element","message":"An element could not be located on the page using the given search parameters","stacktrace":"io.appium.uiautomator2.common.exceptions.ElementNotFoundException: An element could not be located on the page using the given search parameters\n\tat io.appium.uiautomator2.handler.FindElement.findElement(FindElement.java:89)\n\tat io.appium.uiautomator2.handler.FindElement.safeHandle(FindElement.java:66)\n\tat io.appium.uiautomator2.handler.request.SafeRequestHandler.handle(SafeRequestHandler.java:41)\n\tat io.appium.uiautomator2.server.AppiumServlet.handleRequest(AppiumServlet.java:262)\n\tat io.appium.uiautomator2.server.AppiumServlet.handleHttpRequest(AppiumServlet.java:256)\n\tat io.appium.uiautomator2.http.ServerHandler.channelRead(ServerHandler.java:68)\n\tat io.netty.channel.AbstractChannelHandlerContext.invokeChannelRead(AbstractChannelHandlerContext.java:366)\n\tat io.netty.channel.AbstractChannelHandlerCont...
[debug] &amp#27;[35m[W3C]&amp#27;[39m Matched W3C error code 'no such element' to NoSuchElementError
[debug] &amp#27;[35m[BaseDriver]&amp#27;[39m Waited for 8798 ms so far
[debug] &amp#27;[35m[WD Proxy]&amp#27;[39m Matched '/element' to command name 'findElement'
[debug] &amp#27;[35m[WD Proxy]&amp#27;[39m Proxying [POST /element] to [POST http://127.0.0.1:8200/wd/hub/session/aa8a115a-5520-4e80-a267-3138eaa1dc88/element] with body: {"strategy":"xpath","selector":"//android.view.View[@text='Registered phone number']","context":"","multiple":false}
&amp#27;[35m[WD Proxy]&amp#27;[39m Got response with status 404: {"sessionId":"aa8a115a-5520-4e80-a267-3138eaa1dc88","value":{"error":"no such element","message":"An element could not be located on the page using the given search parameters","stacktrace":"io.appium.uiautomator2.common.exceptions.ElementNotFoundException: An element could not be located on the page using the given search parameters\n\tat io.appium.uiautomator2.handler.FindElement.findElement(FindElement.java:89)\n\tat io.appium.uiautomator2.handler.FindElement.safeHandle(FindElement.java:66)\n\tat io.appium.uiautomator2.handler.request.SafeRequestHandler.handle(SafeRequestHandler.java:41)\n\tat io.appium.uiautomator2.server.AppiumServlet.handleRequest(AppiumServlet.java:262)\n\tat io.appium.uiautomator2.server.AppiumServlet.handleHttpRequest(AppiumServlet.java:256)\n\tat io.appium.uiautomator2.http.ServerHandler.channelRead(ServerHandler.java:68)\n\tat io.netty.channel.AbstractChannelHandlerContext.invokeChannelRead(AbstractChannelHandlerContext.java:366)\n\tat io.netty.channel.AbstractChannelHandlerCont...
[debug] &amp#27;[35m[W3C]&amp#27;[39m Matched W3C error code 'no such element' to NoSuchElementError
[debug] &amp#27;[35m[BaseDriver]&amp#27;[39m Waited for 9396 ms so far
[debug] &amp#27;[35m[WD Proxy]&amp#27;[39m Matched '/element' to command name 'findElement'
[debug] &amp#27;[35m[WD Proxy]&amp#27;[39m Proxying [POST /element] to [POST http://127.0.0.1:8200/wd/hub/session/aa8a115a-5520-4e80-a267-3138eaa1dc88/element] with body: {"strategy":"xpath","selector":"//android.view.View[@text='Registered phone number']","context":"","multiple":false}
&amp#27;[35m[WD Proxy]&amp#27;[39m Got response with status 404: {"sessionId":"aa8a115a-5520-4e80-a267-3138eaa1dc88","value":{"error":"no such element","message":"An element could not be located on the page using the given search parameters","stacktrace":"io.appium.uiautomator2.common.exceptions.ElementNotFoundException: An element could not be located on the page using the given search parameters\n\tat io.appium.uiautomator2.handler.FindElement.findElement(FindElement.java:89)\n\tat io.appium.uiautomator2.handler.FindElement.safeHandle(FindElement.java:66)\n\tat io.appium.uiautomator2.handler.request.SafeRequestHandler.handle(SafeRequestHandler.java:41)\n\tat io.appium.uiautomator2.server.AppiumServlet.handleRequest(AppiumServlet.java:262)\n\tat io.appium.uiautomator2.server.AppiumServlet.handleHttpRequest(AppiumServlet.java:256)\n\tat io.appium.uiautomator2.http.ServerHandler.channelRead(ServerHandler.java:68)\n\tat io.netty.channel.AbstractChannelHandlerContext.invokeChannelRead(AbstractChannelHandlerContext.java:366)\n\tat io.netty.channel.AbstractChannelHandlerCont...
[debug] &amp#27;[35m[W3C]&amp#27;[39m Matched W3C error code 'no such element' to NoSuchElementError
[debug] &amp#27;[35m[BaseDriver]&amp#27;[39m Waited for 10013 ms so far
[debug] &amp#27;[35m[WD Proxy]&amp#27;[39m Matched '/element' to command name 'findElement'
[debug] &amp#27;[35m[WD Proxy]&amp#27;[39m Proxying [POST /element] to [POST http://127.0.0.1:8200/wd/hub/session/aa8a115a-5520-4e80-a267-3138eaa1dc88/element] with body: {"strategy":"xpath","selector":"//android.view.View[@text='Registered phone number']","context":"","multiple":false}
&amp#27;[35m[WD Proxy]&amp#27;[39m Got response with status 404: {"sessionId":"aa8a115a-5520-4e80-a267-3138eaa1dc88","value":{"error":"no such element","message":"An element could not be located on the page using the given search parameters","stacktrace":"io.appium.uiautomator2.common.exceptions.ElementNotFoundException: An element could not be located on the page using the given search parameters\n\tat io.appium.uiautomator2.handler.FindElement.findElement(FindElement.java:89)\n\tat io.appium.uiautomator2.handler.FindElement.safeHandle(FindElement.java:66)\n\tat io.appium.uiautomator2.handler.request.SafeRequestHandler.handle(SafeRequestHandler.java:41)\n\tat io.appium.uiautomator2.server.AppiumServlet.handleRequest(AppiumServlet.java:262)\n\tat io.appium.uiautomator2.server.AppiumServlet.handleHttpRequest(AppiumServlet.java:256)\n\tat io.appium.uiautomator2.http.ServerHandler.channelRead(ServerHandler.java:68)\n\tat io.netty.channel.AbstractChannelHandlerContext.invokeChannelRead(AbstractChannelHandlerContext.java:366)\n\tat io.netty.channel.AbstractChannelHandlerCont...
[debug] &amp#27;[35m[W3C]&amp#27;[39m Matched W3C error code 'no such element' to NoSuchElementError
[debug] &amp#27;[35m[BaseDriver]&amp#27;[39m Waited for 10620 ms so far
[debug] &amp#27;[35m[WD Proxy]&amp#27;[39m Matched '/element' to command name 'findElement'
[debug] &amp#27;[35m[WD Proxy]&amp#27;[39m Proxying [POST /element] to [POST http://127.0.0.1:8200/wd/hub/session/aa8a115a-5520-4e80-a267-3138eaa1dc88/element] with body: {"strategy":"xpath","selector":"//android.view.View[@text='Registered phone number']","context":"","multiple":false}
&amp#27;[35m[WD Proxy]&amp#27;[39m Got response with status 404: {"sessionId":"aa8a115a-5520-4e80-a267-3138eaa1dc88","value":{"error":"no such element","message":"An element could not be located on the page using the given search parameters","stacktrace":"io.appium.uiautomator2.common.exceptions.ElementNotFoundException: An element could not be located on the page using the given search parameters\n\tat io.appium.uiautomator2.handler.FindElement.findElement(FindElement.java:89)\n\tat io.appium.uiautomator2.handler.FindElement.safeHandle(FindElement.java:66)\n\tat io.appium.uiautomator2.handler.request.SafeRequestHandler.handle(SafeRequestHandler.java:41)\n\tat io.appium.uiautomator2.server.AppiumServlet.handleRequest(AppiumServlet.java:262)\n\tat io.appium.uiautomator2.server.AppiumServlet.handleHttpRequest(AppiumServlet.java:256)\n\tat io.appium.uiautomator2.http.ServerHandler.channelRead(ServerHandler.java:68)\n\tat io.netty.channel.AbstractChannelHandlerContext.invokeChannelRead(AbstractChannelHandlerContext.java:366)\n\tat io.netty.channel.AbstractChannelHandlerCont...
[debug] &amp#27;[35m[W3C]&amp#27;[39m Matched W3C error code 'no such element' to NoSuchElementError
[debug] &amp#27;[35m[BaseDriver]&amp#27;[39m Waited for 11231 ms so far
[debug] &amp#27;[35m[WD Proxy]&amp#27;[39m Matched '/element' to command name 'findElement'
[debug] &amp#27;[35m[WD Proxy]&amp#27;[39m Proxying [POST /element] to [POST http://127.0.0.1:8200/wd/hub/session/aa8a115a-5520-4e80-a267-3138eaa1dc88/element] with body: {"strategy":"xpath","selector":"//android.view.View[@text='Registered phone number']","context":"","multiple":false}
&amp#27;[35m[WD Proxy]&amp#27;[39m Got response with status 404: {"sessionId":"aa8a115a-5520-4e80-a267-3138eaa1dc88","value":{"error":"no such element","message":"An element could not be located on the page using the given search parameters","stacktrace":"io.appium.uiautomator2.common.exceptions.ElementNotFoundException: An element could not be located on the page using the given search parameters\n\tat io.appium.uiautomator2.handler.FindElement.findElement(FindElement.java:89)\n\tat io.appium.uiautomator2.handler.FindElement.safeHandle(FindElement.java:66)\n\tat io.appium.uiautomator2.handler.request.SafeRequestHandler.handle(SafeRequestHandler.java:41)\n\tat io.appium.uiautomator2.server.AppiumServlet.handleRequest(AppiumServlet.java:262)\n\tat io.appium.uiautomator2.server.AppiumServlet.handleHttpRequest(AppiumServlet.java:256)\n\tat io.appium.uiautomator2.http.ServerHandler.channelRead(ServerHandler.java:68)\n\tat io.netty.channel.AbstractChannelHandlerContext.invokeChannelRead(AbstractChannelHandlerContext.java:366)\n\tat io.netty.channel.AbstractChannelHandlerCont...
[debug] &amp#27;[35m[W3C]&amp#27;[39m Matched W3C error code 'no such element' to NoSuchElementError
[debug] &amp#27;[35m[BaseDriver]&amp#27;[39m Waited for 11822 ms so far
[debug] &amp#27;[35m[WD Proxy]&amp#27;[39m Matched '/element' to command name 'findElement'
[debug] &amp#27;[35m[WD Proxy]&amp#27;[39m Proxying [POST /element] to [POST http://127.0.0.1:8200/wd/hub/session/aa8a115a-5520-4e80-a267-3138eaa1dc88/element] with body: {"strategy":"xpath","selector":"//android.view.View[@text='Registered phone number']","context":"","multiple":false}
&amp#27;[35m[WD Proxy]&amp#27;[39m Got response with status 404: {"sessionId":"aa8a115a-5520-4e80-a267-3138eaa1dc88","value":{"error":"no such element","message":"An element could not be located on the page using the given search parameters","stacktrace":"io.appium.uiautomator2.common.exceptions.ElementNotFoundException: An element could not be located on the page using the given search parameters\n\tat io.appium.uiautomator2.handler.FindElement.findElement(FindElement.java:89)\n\tat io.appium.uiautomator2.handler.FindElement.safeHandle(FindElement.java:66)\n\tat io.appium.uiautomator2.handler.request.SafeRequestHandler.handle(SafeRequestHandler.java:41)\n\tat io.appium.uiautomator2.server.AppiumServlet.handleRequest(AppiumServlet.java:262)\n\tat io.appium.uiautomator2.server.AppiumServlet.handleHttpRequest(AppiumServlet.java:256)\n\tat io.appium.uiautomator2.http.ServerHandler.channelRead(ServerHandler.java:68)\n\tat io.netty.channel.AbstractChannelHandlerContext.invokeChannelRead(AbstractChannelHandlerContext.java:366)\n\tat io.netty.channel.AbstractChannelHandlerCont...
[debug] &amp#27;[35m[W3C]&amp#27;[39m Matched W3C error code 'no such element' to NoSuchElementError
[debug] &amp#27;[35m[BaseDriver]&amp#27;[39m Waited for 12415 ms so far
[debug] &amp#27;[35m[WD Proxy]&amp#27;[39m Matched '/element' to command name 'findElement'
[debug] &amp#27;[35m[WD Proxy]&amp#27;[39m Proxying [POST /element] to [POST http://127.0.0.1:8200/wd/hub/session/aa8a115a-5520-4e80-a267-3138eaa1dc88/element] with body: {"strategy":"xpath","selector":"//android.view.View[@text='Registered phone number']","context":"","multiple":false}
&amp#27;[35m[WD Proxy]&amp#27;[39m Got response with status 404: {"sessionId":"aa8a115a-5520-4e80-a267-3138eaa1dc88","value":{"error":"no such element","message":"An element could not be located on the page using the given search parameters","stacktrace":"io.appium.uiautomator2.common.exceptions.ElementNotFoundException: An element could not be located on the page using the given search parameters\n\tat io.appium.uiautomator2.handler.FindElement.findElement(FindElement.java:89)\n\tat io.appium.uiautomator2.handler.FindElement.safeHandle(FindElement.java:66)\n\tat io.appium.uiautomator2.handler.request.SafeRequestHandler.handle(SafeRequestHandler.java:41)\n\tat io.appium.uiautomator2.server.AppiumServlet.handleRequest(AppiumServlet.java:262)\n\tat io.appium.uiautomator2.server.AppiumServlet.handleHttpRequest(AppiumServlet.java:256)\n\tat io.appium.uiautomator2.http.ServerHandler.channelRead(ServerHandler.java:68)\n\tat io.netty.channel.AbstractChannelHandlerContext.invokeChannelRead(AbstractChannelHandlerContext.java:366)\n\tat io.netty.channel.AbstractChannelHandlerCont...
[debug] &amp#27;[35m[W3C]&amp#27;[39m Matched W3C error code 'no such element' to NoSuchElementError
[debug] &amp#27;[35m[BaseDriver]&amp#27;[39m Waited for 13031 ms so far
[debug] &amp#27;[35m[WD Proxy]&amp#27;[39m Matched '/element' to command name 'findElement'
[debug] &amp#27;[35m[WD Proxy]&amp#27;[39m Proxying [POST /element] to [POST http://127.0.0.1:8200/wd/hub/session/aa8a115a-5520-4e80-a267-3138eaa1dc88/element] with body: {"strategy":"xpath","selector":"//android.view.View[@text='Registered phone number']","context":"","multiple":false}
&amp#27;[35m[WD Proxy]&amp#27;[39m Got response with status 404: {"sessionId":"aa8a115a-5520-4e80-a267-3138eaa1dc88","value":{"error":"no such element","message":"An element could not be located on the page using the given search parameters","stacktrace":"io.appium.uiautomator2.common.exceptions.ElementNotFoundException: An element could not be located on the page using the given search parameters\n\tat io.appium.uiautomator2.handler.FindElement.findElement(FindElement.java:89)\n\tat io.appium.uiautomator2.handler.FindElement.safeHandle(FindElement.java:66)\n\tat io.appium.uiautomator2.handler.request.SafeRequestHandler.handle(SafeRequestHandler.java:41)\n\tat io.appium.uiautomator2.server.AppiumServlet.handleRequest(AppiumServlet.java:262)\n\tat io.appium.uiautomator2.server.AppiumServlet.handleHttpRequest(AppiumServlet.java:256)\n\tat io.appium.uiautomator2.http.ServerHandler.channelRead(ServerHandler.java:68)\n\tat io.netty.channel.AbstractChannelHandlerContext.invokeChannelRead(AbstractChannelHandlerContext.java:366)\n\tat io.netty.channel.AbstractChannelHandlerCont...
[debug] &amp#27;[35m[W3C]&amp#27;[39m Matched W3C error code 'no such element' to NoSuchElementError
[debug] &amp#27;[35m[BaseDriver]&amp#27;[39m Waited for 13619 ms so far
[debug] &amp#27;[35m[WD Proxy]&amp#27;[39m Matched '/element' to command name 'findElement'
[debug] &amp#27;[35m[WD Proxy]&amp#27;[39m Proxying [POST /element] to [POST http://127.0.0.1:8200/wd/hub/session/aa8a115a-5520-4e80-a267-3138eaa1dc88/element] with body: {"strategy":"xpath","selector":"//android.view.View[@text='Registered phone number']","context":"","multiple":false}
&amp#27;[35m[WD Proxy]&amp#27;[39m Got response with status 404: {"sessionId":"aa8a115a-5520-4e80-a267-3138eaa1dc88","value":{"error":"no such element","message":"An element could not be located on the page using the given search parameters","stacktrace":"io.appium.uiautomator2.common.exceptions.ElementNotFoundException: An element could not be located on the page using the given search parameters\n\tat io.appium.uiautomator2.handler.FindElement.findElement(FindElement.java:89)\n\tat io.appium.uiautomator2.handler.FindElement.safeHandle(FindElement.java:66)\n\tat io.appium.uiautomator2.handler.request.SafeRequestHandler.handle(SafeRequestHandler.java:41)\n\tat io.appium.uiautomator2.server.AppiumServlet.handleRequest(AppiumServlet.java:262)\n\tat io.appium.uiautomator2.server.AppiumServlet.handleHttpRequest(AppiumServlet.java:256)\n\tat io.appium.uiautomator2.http.ServerHandler.channelRead(ServerHandler.java:68)\n\tat io.netty.channel.AbstractChannelHandlerContext.invokeChannelRead(AbstractChannelHandlerContext.java:366)\n\tat io.netty.channel.AbstractChannelHandlerCont...
[debug] &amp#27;[35m[W3C]&amp#27;[39m Matched W3C error code 'no such element' to NoSuchElementError
[debug] &amp#27;[35m[BaseDriver]&amp#27;[39m Waited for 14197 ms so far
[debug] &amp#27;[35m[WD Proxy]&amp#27;[39m Matched '/element' to command name 'findElement'
[debug] &amp#27;[35m[WD Proxy]&amp#27;[39m Proxying [POST /element] to [POST http://127.0.0.1:8200/wd/hub/session/aa8a115a-5520-4e80-a267-3138eaa1dc88/element] with body: {"strategy":"xpath","selector":"//android.view.View[@text='Registered phone number']","context":"","multiple":false}
&amp#27;[35m[WD Proxy]&amp#27;[39m Got response with status 404: {"sessionId":"aa8a115a-5520-4e80-a267-3138eaa1dc88","value":{"error":"no such element","message":"An element could not be located on the page using the given search parameters","stacktrace":"io.appium.uiautomator2.common.exceptions.ElementNotFoundException: An element could not be located on the page using the given search parameters\n\tat io.appium.uiautomator2.handler.FindElement.findElement(FindElement.java:89)\n\tat io.appium.uiautomator2.handler.FindElement.safeHandle(FindElement.java:66)\n\tat io.appium.uiautomator2.handler.request.SafeRequestHandler.handle(SafeRequestHandler.java:41)\n\tat io.appium.uiautomator2.server.AppiumServlet.handleRequest(AppiumServlet.java:262)\n\tat io.appium.uiautomator2.server.AppiumServlet.handleHttpRequest(AppiumServlet.java:256)\n\tat io.appium.uiautomator2.http.ServerHandler.channelRead(ServerHandler.java:68)\n\tat io.netty.channel.AbstractChannelHandlerContext.invokeChannelRead(AbstractChannelHandlerContext.java:366)\n\tat io.netty.channel.AbstractChannelHandlerCont...
[debug] &amp#27;[35m[W3C]&amp#27;[39m Matched W3C error code 'no such element' to NoSuchElementError
[debug] &amp#27;[35m[BaseDriver]&amp#27;[39m Waited for 14787 ms so far
[debug] &amp#27;[35m[WD Proxy]&amp#27;[39m Matched '/element' to command name 'findElement'
[debug] &amp#27;[35m[WD Proxy]&amp#27;[39m Proxying [POST /element] to [POST http://127.0.0.1:8200/wd/hub/session/aa8a115a-5520-4e80-a267-3138eaa1dc88/element] with body: {"strategy":"xpath","selector":"//android.view.View[@text='Registered phone number']","context":"","multiple":false}
&amp#27;[35m[WD Proxy]&amp#27;[39m Got response with status 404: {"sessionId":"aa8a115a-5520-4e80-a267-3138eaa1dc88","value":{"error":"no such element","message":"An element could not be located on the page using the given search parameters","stacktrace":"io.appium.uiautomator2.common.exceptions.ElementNotFoundException: An element could not be located on the page using the given search parameters\n\tat io.appium.uiautomator2.handler.FindElement.findElement(FindElement.java:89)\n\tat io.appium.uiautomator2.handler.FindElement.safeHandle(FindElement.java:66)\n\tat io.appium.uiautomator2.handler.request.SafeRequestHandler.handle(SafeRequestHandler.java:41)\n\tat io.appium.uiautomator2.server.AppiumServlet.handleRequest(AppiumServlet.java:262)\n\tat io.appium.uiautomator2.server.AppiumServlet.handleHttpRequest(AppiumServlet.java:256)\n\tat io.appium.uiautomator2.http.ServerHandler.channelRead(ServerHandler.java:68)\n\tat io.netty.channel.AbstractChannelHandlerContext.invokeChannelRead(AbstractChannelHandlerContext.java:366)\n\tat io.netty.channel.AbstractChannelHandlerCont...
[debug] &amp#27;[35m[W3C]&amp#27;[39m Matched W3C error code 'no such element' to NoSuchElementError
[debug] &amp#27;[35m[BaseDriver]&amp#27;[39m Waited for 15382 ms so far
[debug] &amp#27;[35m[WD Proxy]&amp#27;[39m Matched '/element' to command name 'findElement'
[debug] &amp#27;[35m[WD Proxy]&amp#27;[39m Proxying [POST /element] to [POST http://127.0.0.1:8200/wd/hub/session/aa8a115a-5520-4e80-a267-3138eaa1dc88/element] with body: {"strategy":"xpath","selector":"//android.view.View[@text='Registered phone number']","context":"","multiple":false}
&amp#27;[35m[WD Proxy]&amp#27;[39m Got response with status 404: {"sessionId":"aa8a115a-5520-4e80-a267-3138eaa1dc88","value":{"error":"no such element","message":"An element could not be located on the page using the given search parameters","stacktrace":"io.appium.uiautomator2.common.exceptions.ElementNotFoundException: An element could not be located on the page using the given search parameters\n\tat io.appium.uiautomator2.handler.FindElement.findElement(FindElement.java:89)\n\tat io.appium.uiautomator2.handler.FindElement.safeHandle(FindElement.java:66)\n\tat io.appium.uiautomator2.handler.request.SafeRequestHandler.handle(SafeRequestHandler.java:41)\n\tat io.appium.uiautomator2.server.AppiumServlet.handleRequest(AppiumServlet.java:262)\n\tat io.appium.uiautomator2.server.AppiumServlet.handleHttpRequest(AppiumServlet.java:256)\n\tat io.appium.uiautomator2.http.ServerHandler.channelRead(ServerHandler.java:68)\n\tat io.netty.channel.AbstractChannelHandlerContext.invokeChannelRead(AbstractChannelHandlerContext.java:366)\n\tat io.netty.channel.AbstractChannelHandlerCont...
[debug] &amp#27;[35m[W3C]&amp#27;[39m Matched W3C error code 'no such element' to NoSuchElementError
[debug] &amp#27;[35m[BaseDriver]&amp#27;[39m Waited for 15962 ms so far
[debug] &amp#27;[35m[WD Proxy]&amp#27;[39m Matched '/element' to command name 'findElement'
[debug] &amp#27;[35m[WD Proxy]&amp#27;[39m Proxying [POST /element] to [POST http://127.0.0.1:8200/wd/hub/session/aa8a115a-5520-4e80-a267-3138eaa1dc88/element] with body: {"strategy":"xpath","selector":"//android.view.View[@text='Registered phone number']","context":"","multiple":false}
&amp#27;[35m[WD Proxy]&amp#27;[39m Got response with status 404: {"sessionId":"aa8a115a-5520-4e80-a267-3138eaa1dc88","value":{"error":"no such element","message":"An element could not be located on the page using the given search parameters","stacktrace":"io.appium.uiautomator2.common.exceptions.ElementNotFoundException: An element could not be located on the page using the given search parameters\n\tat io.appium.uiautomator2.handler.FindElement.findElement(FindElement.java:89)\n\tat io.appium.uiautomator2.handler.FindElement.safeHandle(FindElement.java:66)\n\tat io.appium.uiautomator2.handler.request.SafeRequestHandler.handle(SafeRequestHandler.java:41)\n\tat io.appium.uiautomator2.server.AppiumServlet.handleRequest(AppiumServlet.java:262)\n\tat io.appium.uiautomator2.server.AppiumServlet.handleHttpRequest(AppiumServlet.java:256)\n\tat io.appium.uiautomator2.http.ServerHandler.channelRead(ServerHandler.java:68)\n\tat io.netty.channel.AbstractChannelHandlerContext.invokeChannelRead(AbstractChannelHandlerContext.java:366)\n\tat io.netty.channel.AbstractChannelHandlerCont...
[debug] &amp#27;[35m[W3C]&amp#27;[39m Matched W3C error code 'no such element' to NoSuchElementError
[debug] &amp#27;[35m[BaseDriver]&amp#27;[39m Waited for 16542 ms so far
[debug] &amp#27;[35m[WD Proxy]&amp#27;[39m Matched '/element' to command name 'findElement'
[debug] &amp#27;[35m[WD Proxy]&amp#27;[39m Proxying [POST /element] to [POST http://127.0.0.1:8200/wd/hub/session/aa8a115a-5520-4e80-a267-3138eaa1dc88/element] with body: {"strategy":"xpath","selector":"//android.view.View[@text='Registered phone number']","context":"","multiple":false}
&amp#27;[35m[WD Proxy]&amp#27;[39m Got response with status 404: {"sessionId":"aa8a115a-5520-4e80-a267-3138eaa1dc88","value":{"error":"no such element","message":"An element could not be located on the page using the given search parameters","stacktrace":"io.appium.uiautomator2.common.exceptions.ElementNotFoundException: An element could not be located on the page using the given search parameters\n\tat io.appium.uiautomator2.handler.FindElement.findElement(FindElement.java:89)\n\tat io.appium.uiautomator2.handler.FindElement.safeHandle(FindElement.java:66)\n\tat io.appium.uiautomator2.handler.request.SafeRequestHandler.handle(SafeRequestHandler.java:41)\n\tat io.appium.uiautomator2.server.AppiumServlet.handleRequest(AppiumServlet.java:262)\n\tat io.appium.uiautomator2.server.AppiumServlet.handleHttpRequest(AppiumServlet.java:256)\n\tat io.appium.uiautomator2.http.ServerHandler.channelRead(ServerHandler.java:68)\n\tat io.netty.channel.AbstractChannelHandlerContext.invokeChannelRead(AbstractChannelHandlerContext.java:366)\n\tat io.netty.channel.AbstractChannelHandlerCont...
[debug] &amp#27;[35m[W3C]&amp#27;[39m Matched W3C error code 'no such element' to NoSuchElementError
[debug] &amp#27;[35m[BaseDriver]&amp#27;[39m Waited for 17128 ms so far
[debug] &amp#27;[35m[WD Proxy]&amp#27;[39m Matched '/element' to command name 'findElement'
[debug] &amp#27;[35m[WD Proxy]&amp#27;[39m Proxying [POST /element] to [POST http://127.0.0.1:8200/wd/hub/session/aa8a115a-5520-4e80-a267-3138eaa1dc88/element] with body: {"strategy":"xpath","selector":"//android.view.View[@text='Registered phone number']","context":"","multiple":false}
&amp#27;[35m[WD Proxy]&amp#27;[39m Got response with status 404: {"sessionId":"aa8a115a-5520-4e80-a267-3138eaa1dc88","value":{"error":"no such element","message":"An element could not be located on the page using the given search parameters","stacktrace":"io.appium.uiautomator2.common.exceptions.ElementNotFoundException: An element could not be located on the page using the given search parameters\n\tat io.appium.uiautomator2.handler.FindElement.findElement(FindElement.java:89)\n\tat io.appium.uiautomator2.handler.FindElement.safeHandle(FindElement.java:66)\n\tat io.appium.uiautomator2.handler.request.SafeRequestHandler.handle(SafeRequestHandler.java:41)\n\tat io.appium.uiautomator2.server.AppiumServlet.handleRequest(AppiumServlet.java:262)\n\tat io.appium.uiautomator2.server.AppiumServlet.handleHttpRequest(AppiumServlet.java:256)\n\tat io.appium.uiautomator2.http.ServerHandler.channelRead(ServerHandler.java:68)\n\tat io.netty.channel.AbstractChannelHandlerContext.invokeChannelRead(AbstractChannelHandlerContext.java:366)\n\tat io.netty.channel.AbstractChannelHandlerCont...
[debug] &amp#27;[35m[W3C]&amp#27;[39m Matched W3C error code 'no such element' to NoSuchElementError
[debug] &amp#27;[35m[BaseDriver]&amp#27;[39m Waited for 17727 ms so far
[debug] &amp#27;[35m[WD Proxy]&amp#27;[39m Matched '/element' to command name 'findElement'
[debug] &amp#27;[35m[WD Proxy]&amp#27;[39m Proxying [POST /element] to [POST http://127.0.0.1:8200/wd/hub/session/aa8a115a-5520-4e80-a267-3138eaa1dc88/element] with body: {"strategy":"xpath","selector":"//android.view.View[@text='Registered phone number']","context":"","multiple":false}
&amp#27;[35m[WD Proxy]&amp#27;[39m Got response with status 404: {"sessionId":"aa8a115a-5520-4e80-a267-3138eaa1dc88","value":{"error":"no such element","message":"An element could not be located on the page using the given search parameters","stacktrace":"io.appium.uiautomator2.common.exceptions.ElementNotFoundException: An element could not be located on the page using the given search parameters\n\tat io.appium.uiautomator2.handler.FindElement.findElement(FindElement.java:89)\n\tat io.appium.uiautomator2.handler.FindElement.safeHandle(FindElement.java:66)\n\tat io.appium.uiautomator2.handler.request.SafeRequestHandler.handle(SafeRequestHandler.java:41)\n\tat io.appium.uiautomator2.server.AppiumServlet.handleRequest(AppiumServlet.java:262)\n\tat io.appium.uiautomator2.server.AppiumServlet.handleHttpRequest(AppiumServlet.java:256)\n\tat io.appium.uiautomator2.http.ServerHandler.channelRead(ServerHandler.java:68)\n\tat io.netty.channel.AbstractChannelHandlerContext.invokeChannelRead(AbstractChannelHandlerContext.java:366)\n\tat io.netty.channel.AbstractChannelHandlerCont...
[debug] &amp#27;[35m[W3C]&amp#27;[39m Matched W3C error code 'no such element' to NoSuchElementError
[debug] &amp#27;[35m[BaseDriver]&amp#27;[39m Waited for 18315 ms so far
[debug] &amp#27;[35m[WD Proxy]&amp#27;[39m Matched '/element' to command name 'findElement'
[debug] &amp#27;[35m[WD Proxy]&amp#27;[39m Proxying [POST /element] to [POST http://127.0.0.1:8200/wd/hub/session/aa8a115a-5520-4e80-a267-3138eaa1dc88/element] with body: {"strategy":"xpath","selector":"//android.view.View[@text='Registered phone number']","context":"","multiple":false}
&amp#27;[35m[WD Proxy]&amp#27;[39m Got response with status 404: {"sessionId":"aa8a115a-5520-4e80-a267-3138eaa1dc88","value":{"error":"no such element","message":"An element could not be located on the page using the given search parameters","stacktrace":"io.appium.uiautomator2.common.exceptions.ElementNotFoundException: An element could not be located on the page using the given search parameters\n\tat io.appium.uiautomator2.handler.FindElement.findElement(FindElement.java:89)\n\tat io.appium.uiautomator2.handler.FindElement.safeHandle(FindElement.java:66)\n\tat io.appium.uiautomator2.handler.request.SafeRequestHandler.handle(SafeRequestHandler.java:41)\n\tat io.appium.uiautomator2.server.AppiumServlet.handleRequest(AppiumServlet.java:262)\n\tat io.appium.uiautomator2.server.AppiumServlet.handleHttpRequest(AppiumServlet.java:256)\n\tat io.appium.uiautomator2.http.ServerHandler.channelRead(ServerHandler.java:68)\n\tat io.netty.channel.AbstractChannelHandlerContext.invokeChannelRead(AbstractChannelHandlerContext.java:366)\n\tat io.netty.channel.AbstractChannelHandlerCont...
[debug] &amp#27;[35m[W3C]&amp#27;[39m Matched W3C error code 'no such element' to NoSuchElementError
[debug] &amp#27;[35m[BaseDriver]&amp#27;[39m Waited for 18900 ms so far
[debug] &amp#27;[35m[WD Proxy]&amp#27;[39m Matched '/element' to command name 'findElement'
[debug] &amp#27;[35m[WD Proxy]&amp#27;[39m Proxying [POST /element] to [POST http://127.0.0.1:8200/wd/hub/session/aa8a115a-5520-4e80-a267-3138eaa1dc88/element] with body: {"strategy":"xpath","selector":"//android.view.View[@text='Registered phone number']","context":"","multiple":false}
&amp#27;[35m[WD Proxy]&amp#27;[39m Got response with status 404: {"sessionId":"aa8a115a-5520-4e80-a267-3138eaa1dc88","value":{"error":"no such element","message":"An element could not be located on the page using the given search parameters","stacktrace":"io.appium.uiautomator2.common.exceptions.ElementNotFoundException: An element could not be located on the page using the given search parameters\n\tat io.appium.uiautomator2.handler.FindElement.findElement(FindElement.java:89)\n\tat io.appium.uiautomator2.handler.FindElement.safeHandle(FindElement.java:66)\n\tat io.appium.uiautomator2.handler.request.SafeRequestHandler.handle(SafeRequestHandler.java:41)\n\tat io.appium.uiautomator2.server.AppiumServlet.handleRequest(AppiumServlet.java:262)\n\tat io.appium.uiautomator2.server.AppiumServlet.handleHttpRequest(AppiumServlet.java:256)\n\tat io.appium.uiautomator2.http.ServerHandler.channelRead(ServerHandler.java:68)\n\tat io.netty.channel.AbstractChannelHandlerContext.invokeChannelRead(AbstractChannelHandlerContext.java:366)\n\tat io.netty.channel.AbstractChannelHandlerCont...
[debug] &amp#27;[35m[W3C]&amp#27;[39m Matched W3C error code 'no such element' to NoSuchElementError
[debug] &amp#27;[35m[BaseDriver]&amp#27;[39m Waited for 19484 ms so far
[debug] &amp#27;[35m[WD Proxy]&amp#27;[39m Matched '/element' to command name 'findElement'
[debug] &amp#27;[35m[WD Proxy]&amp#27;[39m Proxying [POST /element] to [POST http://127.0.0.1:8200/wd/hub/session/aa8a115a-5520-4e80-a267-3138eaa1dc88/element] with body: {"strategy":"xpath","selector":"//android.view.View[@text='Registered phone number']","context":"","multiple":false}
&amp#27;[35m[WD Proxy]&amp#27;[39m Got response with status 404: {"sessionId":"aa8a115a-5520-4e80-a267-3138eaa1dc88","value":{"error":"no such element","message":"An element could not be located on the page using the given search parameters","stacktrace":"io.appium.uiautomator2.common.exceptions.ElementNotFoundException: An element could not be located on the page using the given search parameters\n\tat io.appium.uiautomator2.handler.FindElement.findElement(FindElement.java:89)\n\tat io.appium.uiautomator2.handler.FindElement.safeHandle(FindElement.java:66)\n\tat io.appium.uiautomator2.handler.request.SafeRequestHandler.handle(SafeRequestHandler.java:41)\n\tat io.appium.uiautomator2.server.AppiumServlet.handleRequest(AppiumServlet.java:262)\n\tat io.appium.uiautomator2.server.AppiumServlet.handleHttpRequest(AppiumServlet.java:256)\n\tat io.appium.uiautomator2.http.ServerHandler.channelRead(ServerHandler.java:68)\n\tat io.netty.channel.AbstractChannelHandlerContext.invokeChannelRead(AbstractChannelHandlerContext.java:366)\n\tat io.netty.channel.AbstractChannelHandlerCont...
[debug] &amp#27;[35m[W3C]&amp#27;[39m Matched W3C error code 'no such element' to NoSuchElementError
[debug] &amp#27;[35m[BaseDriver]&amp#27;[39m Waited for 20084 ms so far
[debug] &amp#27;[35m[WD Proxy]&amp#27;[39m Matched '/element' to command name 'findElement'
[debug] &amp#27;[35m[WD Proxy]&amp#27;[39m Proxying [POST /element] to [POST http://127.0.0.1:8200/wd/hub/session/aa8a115a-5520-4e80-a267-3138eaa1dc88/element] with body: {"strategy":"xpath","selector":"//android.view.View[@text='Registered phone number']","context":"","multiple":false}
&amp#27;[35m[WD Proxy]&amp#27;[39m Got response with status 404: {"sessionId":"aa8a115a-5520-4e80-a267-3138eaa1dc88","value":{"error":"no such element","message":"An element could not be located on the page using the given search parameters","stacktrace":"io.appium.uiautomator2.common.exceptions.ElementNotFoundException: An element could not be located on the page using the given search parameters\n\tat io.appium.uiautomator2.handler.FindElement.findElement(FindElement.java:89)\n\tat io.appium.uiautomator2.handler.FindElement.safeHandle(FindElement.java:66)\n\tat io.appium.uiautomator2.handler.request.SafeRequestHandler.handle(SafeRequestHandler.java:41)\n\tat io.appium.uiautomator2.server.AppiumServlet.handleRequest(AppiumServlet.java:262)\n\tat io.appium.uiautomator2.server.AppiumServlet.handleHttpRequest(AppiumServlet.java:256)\n\tat io.appium.uiautomator2.http.ServerHandler.channelRead(ServerHandler.java:68)\n\tat io.netty.channel.AbstractChannelHandlerContext.invokeChannelRead(AbstractChannelHandlerContext.java:366)\n\tat io.netty.channel.AbstractChannelHandlerCont...
[debug] &amp#27;[35m[W3C]&amp#27;[39m Matched W3C error code 'no such element' to NoSuchElementError
[debug] &amp#27;[35m[BaseDriver]&amp#27;[39m Waited for 20672 ms so far
[debug] &amp#27;[35m[WD Proxy]&amp#27;[39m Matched '/element' to command name 'findElement'
[debug] &amp#27;[35m[WD Proxy]&amp#27;[39m Proxying [POST /element] to [POST http://127.0.0.1:8200/wd/hub/session/aa8a115a-5520-4e80-a267-3138eaa1dc88/element] with body: {"strategy":"xpath","selector":"//android.view.View[@text='Registered phone number']","context":"","multiple":false}
&amp#27;[35m[WD Proxy]&amp#27;[39m Got response with status 404: {"sessionId":"aa8a115a-5520-4e80-a267-3138eaa1dc88","value":{"error":"no such element","message":"An element could not be located on the page using the given search parameters","stacktrace":"io.appium.uiautomator2.common.exceptions.ElementNotFoundException: An element could not be located on the page using the given search parameters\n\tat io.appium.uiautomator2.handler.FindElement.findElement(FindElement.java:89)\n\tat io.appium.uiautomator2.handler.FindElement.safeHandle(FindElement.java:66)\n\tat io.appium.uiautomator2.handler.request.SafeRequestHandler.handle(SafeRequestHandler.java:41)\n\tat io.appium.uiautomator2.server.AppiumServlet.handleRequest(AppiumServlet.java:262)\n\tat io.appium.uiautomator2.server.AppiumServlet.handleHttpRequest(AppiumServlet.java:256)\n\tat io.appium.uiautomator2.http.ServerHandler.channelRead(ServerHandler.java:68)\n\tat io.netty.channel.AbstractChannelHandlerContext.invokeChannelRead(AbstractChannelHandlerContext.java:366)\n\tat io.netty.channel.AbstractChannelHandlerCont...
[debug] &amp#27;[35m[W3C]&amp#27;[39m Matched W3C error code 'no such element' to NoSuchElementError
[debug] &amp#27;[35m[BaseDriver]&amp#27;[39m Waited for 21274 ms so far
[debug] &amp#27;[35m[WD Proxy]&amp#27;[39m Matched '/element' to command name 'findElement'
[debug] &amp#27;[35m[WD Proxy]&amp#27;[39m Proxying [POST /element] to [POST http://127.0.0.1:8200/wd/hub/session/aa8a115a-5520-4e80-a267-3138eaa1dc88/element] with body: {"strategy":"xpath","selector":"//android.view.View[@text='Registered phone number']","context":"","multiple":false}
&amp#27;[35m[WD Proxy]&amp#27;[39m Got response with status 404: {"sessionId":"aa8a115a-5520-4e80-a267-3138eaa1dc88","value":{"error":"no such element","message":"An element could not be located on the page using the given search parameters","stacktrace":"io.appium.uiautomator2.common.exceptions.ElementNotFoundException: An element could not be located on the page using the given search parameters\n\tat io.appium.uiautomator2.handler.FindElement.findElement(FindElement.java:89)\n\tat io.appium.uiautomator2.handler.FindElement.safeHandle(FindElement.java:66)\n\tat io.appium.uiautomator2.handler.request.SafeRequestHandler.handle(SafeRequestHandler.java:41)\n\tat io.appium.uiautomator2.server.AppiumServlet.handleRequest(AppiumServlet.java:262)\n\tat io.appium.uiautomator2.server.AppiumServlet.handleHttpRequest(AppiumServlet.java:256)\n\tat io.appium.uiautomator2.http.ServerHandler.channelRead(ServerHandler.java:68)\n\tat io.netty.channel.AbstractChannelHandlerContext.invokeChannelRead(AbstractChannelHandlerContext.java:366)\n\tat io.netty.channel.AbstractChannelHandlerCont...
[debug] &amp#27;[35m[W3C]&amp#27;[39m Matched W3C error code 'no such element' to NoSuchElementError
[debug] &amp#27;[35m[BaseDriver]&amp#27;[39m Waited for 21845 ms so far
[debug] &amp#27;[35m[WD Proxy]&amp#27;[39m Matched '/element' to command name 'findElement'
[debug] &amp#27;[35m[WD Proxy]&amp#27;[39m Proxying [POST /element] to [POST http://127.0.0.1:8200/wd/hub/session/aa8a115a-5520-4e80-a267-3138eaa1dc88/element] with body: {"strategy":"xpath","selector":"//android.view.View[@text='Registered phone number']","context":"","multiple":false}
&amp#27;[35m[WD Proxy]&amp#27;[39m Got response with status 404: {"sessionId":"aa8a115a-5520-4e80-a267-3138eaa1dc88","value":{"error":"no such element","message":"An element could not be located on the page using the given search parameters","stacktrace":"io.appium.uiautomator2.common.exceptions.ElementNotFoundException: An element could not be located on the page using the given search parameters\n\tat io.appium.uiautomator2.handler.FindElement.findElement(FindElement.java:89)\n\tat io.appium.uiautomator2.handler.FindElement.safeHandle(FindElement.java:66)\n\tat io.appium.uiautomator2.handler.request.SafeRequestHandler.handle(SafeRequestHandler.java:41)\n\tat io.appium.uiautomator2.server.AppiumServlet.handleRequest(AppiumServlet.java:262)\n\tat io.appium.uiautomator2.server.AppiumServlet.handleHttpRequest(AppiumServlet.java:256)\n\tat io.appium.uiautomator2.http.ServerHandler.channelRead(ServerHandler.java:68)\n\tat io.netty.channel.AbstractChannelHandlerContext.invokeChannelRead(AbstractChannelHandlerContext.java:366)\n\tat io.netty.channel.AbstractChannelHandlerCont...
[debug] &amp#27;[35m[W3C]&amp#27;[39m Matched W3C error code 'no such element' to NoSuchElementError
[debug] &amp#27;[35m[BaseDriver]&amp#27;[39m Waited for 22406 ms so far
[debug] &amp#27;[35m[WD Proxy]&amp#27;[39m Matched '/element' to command name 'findElement'
[debug] &amp#27;[35m[WD Proxy]&amp#27;[39m Proxying [POST /element] to [POST http://127.0.0.1:8200/wd/hub/session/aa8a115a-5520-4e80-a267-3138eaa1dc88/element] with body: {"strategy":"xpath","selector":"//android.view.View[@text='Registered phone number']","context":"","multiple":false}
&amp#27;[35m[WD Proxy]&amp#27;[39m Got response with status 404: {"sessionId":"aa8a115a-5520-4e80-a267-3138eaa1dc88","value":{"error":"no such element","message":"An element could not be located on the page using the given search parameters","stacktrace":"io.appium.uiautomator2.common.exceptions.ElementNotFoundException: An element could not be located on the page using the given search parameters\n\tat io.appium.uiautomator2.handler.FindElement.findElement(FindElement.java:89)\n\tat io.appium.uiautomator2.handler.FindElement.safeHandle(FindElement.java:66)\n\tat io.appium.uiautomator2.handler.request.SafeRequestHandler.handle(SafeRequestHandler.java:41)\n\tat io.appium.uiautomator2.server.AppiumServlet.handleRequest(AppiumServlet.java:262)\n\tat io.appium.uiautomator2.server.AppiumServlet.handleHttpRequest(AppiumServlet.java:256)\n\tat io.appium.uiautomator2.http.ServerHandler.channelRead(ServerHandler.java:68)\n\tat io.netty.channel.AbstractChannelHandlerContext.invokeChannelRead(AbstractChannelHandlerContext.java:366)\n\tat io.netty.channel.AbstractChannelHandlerCont...
[debug] &amp#27;[35m[W3C]&amp#27;[39m Matched W3C error code 'no such element' to NoSuchElementError
[debug] &amp#27;[35m[BaseDriver]&amp#27;[39m Waited for 22990 ms so far
[debug] &amp#27;[35m[WD Proxy]&amp#27;[39m Matched '/element' to command name 'findElement'
[debug] &amp#27;[35m[WD Proxy]&amp#27;[39m Proxying [POST /element] to [POST http://127.0.0.1:8200/wd/hub/session/aa8a115a-5520-4e80-a267-3138eaa1dc88/element] with body: {"strategy":"xpath","selector":"//android.view.View[@text='Registered phone number']","context":"","multiple":false}
&amp#27;[35m[WD Proxy]&amp#27;[39m Got response with status 404: {"sessionId":"aa8a115a-5520-4e80-a267-3138eaa1dc88","value":{"error":"no such element","message":"An element could not be located on the page using the given search parameters","stacktrace":"io.appium.uiautomator2.common.exceptions.ElementNotFoundException: An element could not be located on the page using the given search parameters\n\tat io.appium.uiautomator2.handler.FindElement.findElement(FindElement.java:89)\n\tat io.appium.uiautomator2.handler.FindElement.safeHandle(FindElement.java:66)\n\tat io.appium.uiautomator2.handler.request.SafeRequestHandler.handle(SafeRequestHandler.java:41)\n\tat io.appium.uiautomator2.server.AppiumServlet.handleRequest(AppiumServlet.java:262)\n\tat io.appium.uiautomator2.server.AppiumServlet.handleHttpRequest(AppiumServlet.java:256)\n\tat io.appium.uiautomator2.http.ServerHandler.channelRead(ServerHandler.java:68)\n\tat io.netty.channel.AbstractChannelHandlerContext.invokeChannelRead(AbstractChannelHandlerContext.java:366)\n\tat io.netty.channel.AbstractChannelHandlerCont...
[debug] &amp#27;[35m[W3C]&amp#27;[39m Matched W3C error code 'no such element' to NoSuchElementError
[debug] &amp#27;[35m[BaseDriver]&amp#27;[39m Waited for 23599 ms so far
[debug] &amp#27;[35m[WD Proxy]&amp#27;[39m Matched '/element' to command name 'findElement'
[debug] &amp#27;[35m[WD Proxy]&amp#27;[39m Proxying [POST /element] to [POST http://127.0.0.1:8200/wd/hub/session/aa8a115a-5520-4e80-a267-3138eaa1dc88/element] with body: {"strategy":"xpath","selector":"//android.view.View[@text='Registered phone number']","context":"","multiple":false}
&amp#27;[35m[WD Proxy]&amp#27;[39m Got response with status 404: {"sessionId":"aa8a115a-5520-4e80-a267-3138eaa1dc88","value":{"error":"no such element","message":"An element could not be located on the page using the given search parameters","stacktrace":"io.appium.uiautomator2.common.exceptions.ElementNotFoundException: An element could not be located on the page using the given search parameters\n\tat io.appium.uiautomator2.handler.FindElement.findElement(FindElement.java:89)\n\tat io.appium.uiautomator2.handler.FindElement.safeHandle(FindElement.java:66)\n\tat io.appium.uiautomator2.handler.request.SafeRequestHandler.handle(SafeRequestHandler.java:41)\n\tat io.appium.uiautomator2.server.AppiumServlet.handleRequest(AppiumServlet.java:262)\n\tat io.appium.uiautomator2.server.AppiumServlet.handleHttpRequest(AppiumServlet.java:256)\n\tat io.appium.uiautomator2.http.ServerHandler.channelRead(ServerHandler.java:68)\n\tat io.netty.channel.AbstractChannelHandlerContext.invokeChannelRead(AbstractChannelHandlerContext.java:366)\n\tat io.netty.channel.AbstractChannelHandlerCont...
[debug] &amp#27;[35m[W3C]&amp#27;[39m Matched W3C error code 'no such element' to NoSuchElementError
[debug] &amp#27;[35m[BaseDriver]&amp#27;[39m Waited for 24196 ms so far
[debug] &amp#27;[35m[WD Proxy]&amp#27;[39m Matched '/element' to command name 'findElement'
[debug] &amp#27;[35m[WD Proxy]&amp#27;[39m Proxying [POST /element] to [POST http://127.0.0.1:8200/wd/hub/session/aa8a115a-5520-4e80-a267-3138eaa1dc88/element] with body: {"strategy":"xpath","selector":"//android.view.View[@text='Registered phone number']","context":"","multiple":false}
&amp#27;[35m[WD Proxy]&amp#27;[39m Got response with status 404: {"sessionId":"aa8a115a-5520-4e80-a267-3138eaa1dc88","value":{"error":"no such element","message":"An element could not be located on the page using the given search parameters","stacktrace":"io.appium.uiautomator2.common.exceptions.ElementNotFoundException: An element could not be located on the page using the given search parameters\n\tat io.appium.uiautomator2.handler.FindElement.findElement(FindElement.java:89)\n\tat io.appium.uiautomator2.handler.FindElement.safeHandle(FindElement.java:66)\n\tat io.appium.uiautomator2.handler.request.SafeRequestHandler.handle(SafeRequestHandler.java:41)\n\tat io.appium.uiautomator2.server.AppiumServlet.handleRequest(AppiumServlet.java:262)\n\tat io.appium.uiautomator2.server.AppiumServlet.handleHttpRequest(AppiumServlet.java:256)\n\tat io.appium.uiautomator2.http.ServerHandler.channelRead(ServerHandler.java:68)\n\tat io.netty.channel.AbstractChannelHandlerContext.invokeChannelRead(AbstractChannelHandlerContext.java:366)\n\tat io.netty.channel.AbstractChannelHandlerCont...
[debug] &amp#27;[35m[W3C]&amp#27;[39m Matched W3C error code 'no such element' to NoSuchElementError
[debug] &amp#27;[35m[BaseDriver]&amp#27;[39m Waited for 24784 ms so far
[debug] &amp#27;[35m[WD Proxy]&amp#27;[39m Matched '/element' to command name 'findElement'
[debug] &amp#27;[35m[WD Proxy]&amp#27;[39m Proxying [POST /element] to [POST http://127.0.0.1:8200/wd/hub/session/aa8a115a-5520-4e80-a267-3138eaa1dc88/element] with body: {"strategy":"xpath","selector":"//android.view.View[@text='Registered phone number']","context":"","multiple":false}
&amp#27;[35m[WD Proxy]&amp#27;[39m Got response with status 404: {"sessionId":"aa8a115a-5520-4e80-a267-3138eaa1dc88","value":{"error":"no such element","message":"An element could not be located on the page using the given search parameters","stacktrace":"io.appium.uiautomator2.common.exceptions.ElementNotFoundException: An element could not be located on the page using the given search parameters\n\tat io.appium.uiautomator2.handler.FindElement.findElement(FindElement.java:89)\n\tat io.appium.uiautomator2.handler.FindElement.safeHandle(FindElement.java:66)\n\tat io.appium.uiautomator2.handler.request.SafeRequestHandler.handle(SafeRequestHandler.java:41)\n\tat io.appium.uiautomator2.server.AppiumServlet.handleRequest(AppiumServlet.java:262)\n\tat io.appium.uiautomator2.server.AppiumServlet.handleHttpRequest(AppiumServlet.java:256)\n\tat io.appium.uiautomator2.http.ServerHandler.channelRead(ServerHandler.java:68)\n\tat io.netty.channel.AbstractChannelHandlerContext.invokeChannelRead(AbstractChannelHandlerContext.java:366)\n\tat io.netty.channel.AbstractChannelHandlerCont...
[debug] &amp#27;[35m[W3C]&amp#27;[39m Matched W3C error code 'no such element' to NoSuchElementError
[debug] &amp#27;[35m[BaseDriver]&amp#27;[39m Waited for 25371 ms so far
[debug] &amp#27;[35m[WD Proxy]&amp#27;[39m Matched '/element' to command name 'findElement'
[debug] &amp#27;[35m[WD Proxy]&amp#27;[39m Proxying [POST /element] to [POST http://127.0.0.1:8200/wd/hub/session/aa8a115a-5520-4e80-a267-3138eaa1dc88/element] with body: {"strategy":"xpath","selector":"//android.view.View[@text='Registered phone number']","context":"","multiple":false}
&amp#27;[35m[WD Proxy]&amp#27;[39m Got response with status 404: {"sessionId":"aa8a115a-5520-4e80-a267-3138eaa1dc88","value":{"error":"no such element","message":"An element could not be located on the page using the given search parameters","stacktrace":"io.appium.uiautomator2.common.exceptions.ElementNotFoundException: An element could not be located on the page using the given search parameters\n\tat io.appium.uiautomator2.handler.FindElement.findElement(FindElement.java:89)\n\tat io.appium.uiautomator2.handler.FindElement.safeHandle(FindElement.java:66)\n\tat io.appium.uiautomator2.handler.request.SafeRequestHandler.handle(SafeRequestHandler.java:41)\n\tat io.appium.uiautomator2.server.AppiumServlet.handleRequest(AppiumServlet.java:262)\n\tat io.appium.uiautomator2.server.AppiumServlet.handleHttpRequest(AppiumServlet.java:256)\n\tat io.appium.uiautomator2.http.ServerHandler.channelRead(ServerHandler.java:68)\n\tat io.netty.channel.AbstractChannelHandlerContext.invokeChannelRead(AbstractChannelHandlerContext.java:366)\n\tat io.netty.channel.AbstractChannelHandlerCont...
[debug] &amp#27;[35m[W3C]&amp#27;[39m Matched W3C error code 'no such element' to NoSuchElementError
[debug] &amp#27;[35m[BaseDriver]&amp#27;[39m Waited for 25959 ms so far
[debug] &amp#27;[35m[WD Proxy]&amp#27;[39m Matched '/element' to command name 'findElement'
[debug] &amp#27;[35m[WD Proxy]&amp#27;[39m Proxying [POST /element] to [POST http://127.0.0.1:8200/wd/hub/session/aa8a115a-5520-4e80-a267-3138eaa1dc88/element] with body: {"strategy":"xpath","selector":"//android.view.View[@text='Registered phone number']","context":"","multiple":false}
&amp#27;[35m[WD Proxy]&amp#27;[39m Got response with status 404: {"sessionId":"aa8a115a-5520-4e80-a267-3138eaa1dc88","value":{"error":"no such element","message":"An element could not be located on the page using the given search parameters","stacktrace":"io.appium.uiautomator2.common.exceptions.ElementNotFoundException: An element could not be located on the page using the given search parameters\n\tat io.appium.uiautomator2.handler.FindElement.findElement(FindElement.java:89)\n\tat io.appium.uiautomator2.handler.FindElement.safeHandle(FindElement.java:66)\n\tat io.appium.uiautomator2.handler.request.SafeRequestHandler.handle(SafeRequestHandler.java:41)\n\tat io.appium.uiautomator2.server.AppiumServlet.handleRequest(AppiumServlet.java:262)\n\tat io.appium.uiautomator2.server.AppiumServlet.handleHttpRequest(AppiumServlet.java:256)\n\tat io.appium.uiautomator2.http.ServerHandler.channelRead(ServerHandler.java:68)\n\tat io.netty.channel.AbstractChannelHandlerContext.invokeChannelRead(AbstractChannelHandlerContext.java:366)\n\tat io.netty.channel.AbstractChannelHandlerCont...
[debug] &amp#27;[35m[W3C]&amp#27;[39m Matched W3C error code 'no such element' to NoSuchElementError
[debug] &amp#27;[35m[BaseDriver]&amp#27;[39m Waited for 26533 ms so far
[debug] &amp#27;[35m[WD Proxy]&amp#27;[39m Matched '/element' to command name 'findElement'
[debug] &amp#27;[35m[WD Proxy]&amp#27;[39m Proxying [POST /element] to [POST http://127.0.0.1:8200/wd/hub/session/aa8a115a-5520-4e80-a267-3138eaa1dc88/element] with body: {"strategy":"xpath","selector":"//android.view.View[@text='Registered phone number']","context":"","multiple":false}
&amp#27;[35m[WD Proxy]&amp#27;[39m Got response with status 404: {"sessionId":"aa8a115a-5520-4e80-a267-3138eaa1dc88","value":{"error":"no such element","message":"An element could not be located on the page using the given search parameters","stacktrace":"io.appium.uiautomator2.common.exceptions.ElementNotFoundException: An element could not be located on the page using the given search parameters\n\tat io.appium.uiautomator2.handler.FindElement.findElement(FindElement.java:89)\n\tat io.appium.uiautomator2.handler.FindElement.safeHandle(FindElement.java:66)\n\tat io.appium.uiautomator2.handler.request.SafeRequestHandler.handle(SafeRequestHandler.java:41)\n\tat io.appium.uiautomator2.server.AppiumServlet.handleRequest(AppiumServlet.java:262)\n\tat io.appium.uiautomator2.server.AppiumServlet.handleHttpRequest(AppiumServlet.java:256)\n\tat io.appium.uiautomator2.http.ServerHandler.channelRead(ServerHandler.java:68)\n\tat io.netty.channel.AbstractChannelHandlerContext.invokeChannelRead(AbstractChannelHandlerContext.java:366)\n\tat io.netty.channel.AbstractChannelHandlerCont...
[debug] &amp#27;[35m[W3C]&amp#27;[39m Matched W3C error code 'no such element' to NoSuchElementError
[debug] &amp#27;[35m[BaseDriver]&amp#27;[39m Waited for 27100 ms so far
[debug] &amp#27;[35m[WD Proxy]&amp#27;[39m Matched '/element' to command name 'findElement'
[debug] &amp#27;[35m[WD Proxy]&amp#27;[39m Proxying [POST /element] to [POST http://127.0.0.1:8200/wd/hub/session/aa8a115a-5520-4e80-a267-3138eaa1dc88/element] with body: {"strategy":"xpath","selector":"//android.view.View[@text='Registered phone number']","context":"","multiple":false}
&amp#27;[35m[WD Proxy]&amp#27;[39m Got response with status 404: {"sessionId":"aa8a115a-5520-4e80-a267-3138eaa1dc88","value":{"error":"no such element","message":"An element could not be located on the page using the given search parameters","stacktrace":"io.appium.uiautomator2.common.exceptions.ElementNotFoundException: An element could not be located on the page using the given search parameters\n\tat io.appium.uiautomator2.handler.FindElement.findElement(FindElement.java:89)\n\tat io.appium.uiautomator2.handler.FindElement.safeHandle(FindElement.java:66)\n\tat io.appium.uiautomator2.handler.request.SafeRequestHandler.handle(SafeRequestHandler.java:41)\n\tat io.appium.uiautomator2.server.AppiumServlet.handleRequest(AppiumServlet.java:262)\n\tat io.appium.uiautomator2.server.AppiumServlet.handleHttpRequest(AppiumServlet.java:256)\n\tat io.appium.uiautomator2.http.ServerHandler.channelRead(ServerHandler.java:68)\n\tat io.netty.channel.AbstractChannelHandlerContext.invokeChannelRead(AbstractChannelHandlerContext.java:366)\n\tat io.netty.channel.AbstractChannelHandlerCont...
[debug] &amp#27;[35m[W3C]&amp#27;[39m Matched W3C error code 'no such element' to NoSuchElementError
[debug] &amp#27;[35m[BaseDriver]&amp#27;[39m Waited for 27683 ms so far
[debug] &amp#27;[35m[WD Proxy]&amp#27;[39m Matched '/element' to command name 'findElement'
[debug] &amp#27;[35m[WD Proxy]&amp#27;[39m Proxying [POST /element] to [POST http://127.0.0.1:8200/wd/hub/session/aa8a115a-5520-4e80-a267-3138eaa1dc88/element] with body: {"strategy":"xpath","selector":"//android.view.View[@text='Registered phone number']","context":"","multiple":false}
&amp#27;[35m[WD Proxy]&amp#27;[39m Got response with status 404: {"sessionId":"aa8a115a-5520-4e80-a267-3138eaa1dc88","value":{"error":"no such element","message":"An element could not be located on the page using the given search parameters","stacktrace":"io.appium.uiautomator2.common.exceptions.ElementNotFoundException: An element could not be located on the page using the given search parameters\n\tat io.appium.uiautomator2.handler.FindElement.findElement(FindElement.java:89)\n\tat io.appium.uiautomator2.handler.FindElement.safeHandle(FindElement.java:66)\n\tat io.appium.uiautomator2.handler.request.SafeRequestHandler.handle(SafeRequestHandler.java:41)\n\tat io.appium.uiautomator2.server.AppiumServlet.handleRequest(AppiumServlet.java:262)\n\tat io.appium.uiautomator2.server.AppiumServlet.handleHttpRequest(AppiumServlet.java:256)\n\tat io.appium.uiautomator2.http.ServerHandler.channelRead(ServerHandler.java:68)\n\tat io.netty.channel.AbstractChannelHandlerContext.invokeChannelRead(AbstractChannelHandlerContext.java:366)\n\tat io.netty.channel.AbstractChannelHandlerCont...
[debug] &amp#27;[35m[W3C]&amp#27;[39m Matched W3C error code 'no such element' to NoSuchElementError
[debug] &amp#27;[35m[BaseDriver]&amp#27;[39m Waited for 28279 ms so far
[debug] &amp#27;[35m[WD Proxy]&amp#27;[39m Matched '/element' to command name 'findElement'
[debug] &amp#27;[35m[WD Proxy]&amp#27;[39m Proxying [POST /element] to [POST http://127.0.0.1:8200/wd/hub/session/aa8a115a-5520-4e80-a267-3138eaa1dc88/element] with body: {"strategy":"xpath","selector":"//android.view.View[@text='Registered phone number']","context":"","multiple":false}
&amp#27;[35m[WD Proxy]&amp#27;[39m Got response with status 404: {"sessionId":"aa8a115a-5520-4e80-a267-3138eaa1dc88","value":{"error":"no such element","message":"An element could not be located on the page using the given search parameters","stacktrace":"io.appium.uiautomator2.common.exceptions.ElementNotFoundException: An element could not be located on the page using the given search parameters\n\tat io.appium.uiautomator2.handler.FindElement.findElement(FindElement.java:89)\n\tat io.appium.uiautomator2.handler.FindElement.safeHandle(FindElement.java:66)\n\tat io.appium.uiautomator2.handler.request.SafeRequestHandler.handle(SafeRequestHandler.java:41)\n\tat io.appium.uiautomator2.server.AppiumServlet.handleRequest(AppiumServlet.java:262)\n\tat io.appium.uiautomator2.server.AppiumServlet.handleHttpRequest(AppiumServlet.java:256)\n\tat io.appium.uiautomator2.http.ServerHandler.channelRead(ServerHandler.java:68)\n\tat io.netty.channel.AbstractChannelHandlerContext.invokeChannelRead(AbstractChannelHandlerContext.java:366)\n\tat io.netty.channel.AbstractChannelHandlerCont...
[debug] &amp#27;[35m[W3C]&amp#27;[39m Matched W3C error code 'no such element' to NoSuchElementError
[debug] &amp#27;[35m[BaseDriver]&amp#27;[39m Waited for 28883 ms so far
[debug] &amp#27;[35m[WD Proxy]&amp#27;[39m Matched '/element' to command name 'findElement'
[debug] &amp#27;[35m[WD Proxy]&amp#27;[39m Proxying [POST /element] to [POST http://127.0.0.1:8200/wd/hub/session/aa8a115a-5520-4e80-a267-3138eaa1dc88/element] with body: {"strategy":"xpath","selector":"//android.view.View[@text='Registered phone number']","context":"","multiple":false}
&amp#27;[35m[WD Proxy]&amp#27;[39m Got response with status 404: {"sessionId":"aa8a115a-5520-4e80-a267-3138eaa1dc88","value":{"error":"no such element","message":"An element could not be located on the page using the given search parameters","stacktrace":"io.appium.uiautomator2.common.exceptions.ElementNotFoundException: An element could not be located on the page using the given search parameters\n\tat io.appium.uiautomator2.handler.FindElement.findElement(FindElement.java:89)\n\tat io.appium.uiautomator2.handler.FindElement.safeHandle(FindElement.java:66)\n\tat io.appium.uiautomator2.handler.request.SafeRequestHandler.handle(SafeRequestHandler.java:41)\n\tat io.appium.uiautomator2.server.AppiumServlet.handleRequest(AppiumServlet.java:262)\n\tat io.appium.uiautomator2.server.AppiumServlet.handleHttpRequest(AppiumServlet.java:256)\n\tat io.appium.uiautomator2.http.ServerHandler.channelRead(ServerHandler.java:68)\n\tat io.netty.channel.AbstractChannelHandlerContext.invokeChannelRead(AbstractChannelHandlerContext.java:366)\n\tat io.netty.channel.AbstractChannelHandlerCont...
[debug] &amp#27;[35m[W3C]&amp#27;[39m Matched W3C error code 'no such element' to NoSuchElementError
[debug] &amp#27;[35m[BaseDriver]&amp#27;[39m Waited for 29484 ms so far
[debug] &amp#27;[35m[WD Proxy]&amp#27;[39m Matched '/element' to command name 'findElement'
[debug] &amp#27;[35m[WD Proxy]&amp#27;[39m Proxying [POST /element] to [POST http://127.0.0.1:8200/wd/hub/session/aa8a115a-5520-4e80-a267-3138eaa1dc88/element] with body: {"strategy":"xpath","selector":"//android.view.View[@text='Registered phone number']","context":"","multiple":false}
&amp#27;[35m[WD Proxy]&amp#27;[39m Got response with status 404: {"sessionId":"aa8a115a-5520-4e80-a267-3138eaa1dc88","value":{"error":"no such element","message":"An element could not be located on the page using the given search parameters","stacktrace":"io.appium.uiautomator2.common.exceptions.ElementNotFoundException: An element could not be located on the page using the given search parameters\n\tat io.appium.uiautomator2.handler.FindElement.findElement(FindElement.java:89)\n\tat io.appium.uiautomator2.handler.FindElement.safeHandle(FindElement.java:66)\n\tat io.appium.uiautomator2.handler.request.SafeRequestHandler.handle(SafeRequestHandler.java:41)\n\tat io.appium.uiautomator2.server.AppiumServlet.handleRequest(AppiumServlet.java:262)\n\tat io.appium.uiautomator2.server.AppiumServlet.handleHttpRequest(AppiumServlet.java:256)\n\tat io.appium.uiautomator2.http.ServerHandler.channelRead(ServerHandler.java:68)\n\tat io.netty.channel.AbstractChannelHandlerContext.invokeChannelRead(AbstractChannelHandlerContext.java:366)\n\tat io.netty.channel.AbstractChannelHandlerCont...
[debug] &amp#27;[35m[W3C]&amp#27;[39m Matched W3C error code 'no such element' to NoSuchElementError
[debug] &amp#27;[35m[BaseDriver]&amp#27;[39m Waited for 30078 ms so far
[debug] &amp#27;[35m[WD Proxy]&amp#27;[39m Matched '/element' to command name 'findElement'
[debug] &amp#27;[35m[WD Proxy]&amp#27;[39m Proxying [POST /element] to [POST http://127.0.0.1:8200/wd/hub/session/aa8a115a-5520-4e80-a267-3138eaa1dc88/element] with body: {"strategy":"xpath","selector":"//android.view.View[@text='Registered phone number']","context":"","multiple":false}
&amp#27;[35m[WD Proxy]&amp#27;[39m Got response with status 404: {"sessionId":"aa8a115a-5520-4e80-a267-3138eaa1dc88","value":{"error":"no such element","message":"An element could not be located on the page using the given search parameters","stacktrace":"io.appium.uiautomator2.common.exceptions.ElementNotFoundException: An element could not be located on the page using the given search parameters\n\tat io.appium.uiautomator2.handler.FindElement.findElement(FindElement.java:89)\n\tat io.appium.uiautomator2.handler.FindElement.safeHandle(FindElement.java:66)\n\tat io.appium.uiautomator2.handler.request.SafeRequestHandler.handle(SafeRequestHandler.java:41)\n\tat io.appium.uiautomator2.server.AppiumServlet.handleRequest(AppiumServlet.java:262)\n\tat io.appium.uiautomator2.server.AppiumServlet.handleHttpRequest(AppiumServlet.java:256)\n\tat io.appium.uiautomator2.http.ServerHandler.channelRead(ServerHandler.java:68)\n\tat io.netty.channel.AbstractChannelHandlerContext.invokeChannelRead(AbstractChannelHandlerContext.java:366)\n\tat io.netty.channel.AbstractChannelHandlerCont...
[debug] &amp#27;[35m[W3C]&amp#27;[39m Matched W3C error code 'no such element' to NoSuchElementError
[debug] &amp#27;[35m[BaseDriver]&amp#27;[39m Waited for 30651 ms so far
[debug] &amp#27;[35m[WD Proxy]&amp#27;[39m Matched '/element' to command name 'findElement'
[debug] &amp#27;[35m[WD Proxy]&amp#27;[39m Proxying [POST /element] to [POST http://127.0.0.1:8200/wd/hub/session/aa8a115a-5520-4e80-a267-3138eaa1dc88/element] with body: {"strategy":"xpath","selector":"//android.view.View[@text='Registered phone number']","context":"","multiple":false}
&amp#27;[35m[WD Proxy]&amp#27;[39m Got response with status 404: {"sessionId":"aa8a115a-5520-4e80-a267-3138eaa1dc88","value":{"error":"no such element","message":"An element could not be located on the page using the given search parameters","stacktrace":"io.appium.uiautomator2.common.exceptions.ElementNotFoundException: An element could not be located on the page using the given search parameters\n\tat io.appium.uiautomator2.handler.FindElement.findElement(FindElement.java:89)\n\tat io.appium.uiautomator2.handler.FindElement.safeHandle(FindElement.java:66)\n\tat io.appium.uiautomator2.handler.request.SafeRequestHandler.handle(SafeRequestHandler.java:41)\n\tat io.appium.uiautomator2.server.AppiumServlet.handleRequest(AppiumServlet.java:262)\n\tat io.appium.uiautomator2.server.AppiumServlet.handleHttpRequest(AppiumServlet.java:256)\n\tat io.appium.uiautomator2.http.ServerHandler.channelRead(ServerHandler.java:68)\n\tat io.netty.channel.AbstractChannelHandlerContext.invokeChannelRead(AbstractChannelHandlerContext.java:366)\n\tat io.netty.channel.AbstractChannelHandlerCont...
[debug] &amp#27;[35m[W3C]&amp#27;[39m Matched W3C error code 'no such element' to NoSuchElementError
[debug] &amp#27;[35m[BaseDriver]&amp#27;[39m Waited for 31232 ms so far
[debug] &amp#27;[35m[WD Proxy]&amp#27;[39m Matched '/element' to command name 'findElement'
[debug] &amp#27;[35m[WD Proxy]&amp#27;[39m Proxying [POST /element] to [POST http://127.0.0.1:8200/wd/hub/session/aa8a115a-5520-4e80-a267-3138eaa1dc88/element] with body: {"strategy":"xpath","selector":"//android.view.View[@text='Registered phone number']","context":"","multiple":false}
&amp#27;[35m[WD Proxy]&amp#27;[39m Got response with status 404: {"sessionId":"aa8a115a-5520-4e80-a267-3138eaa1dc88","value":{"error":"no such element","message":"An element could not be located on the page using the given search parameters","stacktrace":"io.appium.uiautomator2.common.exceptions.ElementNotFoundException: An element could not be located on the page using the given search parameters\n\tat io.appium.uiautomator2.handler.FindElement.findElement(FindElement.java:89)\n\tat io.appium.uiautomator2.handler.FindElement.safeHandle(FindElement.java:66)\n\tat io.appium.uiautomator2.handler.request.SafeRequestHandler.handle(SafeRequestHandler.java:41)\n\tat io.appium.uiautomator2.server.AppiumServlet.handleRequest(AppiumServlet.java:262)\n\tat io.appium.uiautomator2.server.AppiumServlet.handleHttpRequest(AppiumServlet.java:256)\n\tat io.appium.uiautomator2.http.ServerHandler.channelRead(ServerHandler.java:68)\n\tat io.netty.channel.AbstractChannelHandlerContext.invokeChannelRead(AbstractChannelHandlerContext.java:366)\n\tat io.netty.channel.AbstractChannelHandlerCont...
[debug] &amp#27;[35m[W3C]&amp#27;[39m Matched W3C error code 'no such element' to NoSuchElementError
[debug] &amp#27;[35m[BaseDriver]&amp#27;[39m Waited for 31806 ms so far
[debug] &amp#27;[35m[WD Proxy]&amp#27;[39m Matched '/element' to command name 'findElement'
[debug] &amp#27;[35m[WD Proxy]&amp#27;[39m Proxying [POST /element] to [POST http://127.0.0.1:8200/wd/hub/session/aa8a115a-5520-4e80-a267-3138eaa1dc88/element] with body: {"strategy":"xpath","selector":"//android.view.View[@text='Registered phone number']","context":"","multiple":false}
&amp#27;[35m[WD Proxy]&amp#27;[39m Got response with status 404: {"sessionId":"aa8a115a-5520-4e80-a267-3138eaa1dc88","value":{"error":"no such element","message":"An element could not be located on the page using the given search parameters","stacktrace":"io.appium.uiautomator2.common.exceptions.ElementNotFoundException: An element could not be located on the page using the given search parameters\n\tat io.appium.uiautomator2.handler.FindElement.findElement(FindElement.java:89)\n\tat io.appium.uiautomator2.handler.FindElement.safeHandle(FindElement.java:66)\n\tat io.appium.uiautomator2.handler.request.SafeRequestHandler.handle(SafeRequestHandler.java:41)\n\tat io.appium.uiautomator2.server.AppiumServlet.handleRequest(AppiumServlet.java:262)\n\tat io.appium.uiautomator2.server.AppiumServlet.handleHttpRequest(AppiumServlet.java:256)\n\tat io.appium.uiautomator2.http.ServerHandler.channelRead(ServerHandler.java:68)\n\tat io.netty.channel.AbstractChannelHandlerContext.invokeChannelRead(AbstractChannelHandlerContext.java:366)\n\tat io.netty.channel.AbstractChannelHandlerCont...
[debug] &amp#27;[35m[W3C]&amp#27;[39m Matched W3C error code 'no such element' to NoSuchElementError
[debug] &amp#27;[35m[BaseDriver]&amp#27;[39m Waited for 32383 ms so far
[debug] &amp#27;[35m[WD Proxy]&amp#27;[39m Matched '/element' to command name 'findElement'
[debug] &amp#27;[35m[WD Proxy]&amp#27;[39m Proxying [POST /element] to [POST http://127.0.0.1:8200/wd/hub/session/aa8a115a-5520-4e80-a267-3138eaa1dc88/element] with body: {"strategy":"xpath","selector":"//android.view.View[@text='Registered phone number']","context":"","multiple":false}
&amp#27;[35m[WD Proxy]&amp#27;[39m Got response with status 404: {"sessionId":"aa8a115a-5520-4e80-a267-3138eaa1dc88","value":{"error":"no such element","message":"An element could not be located on the page using the given search parameters","stacktrace":"io.appium.uiautomator2.common.exceptions.ElementNotFoundException: An element could not be located on the page using the given search parameters\n\tat io.appium.uiautomator2.handler.FindElement.findElement(FindElement.java:89)\n\tat io.appium.uiautomator2.handler.FindElement.safeHandle(FindElement.java:66)\n\tat io.appium.uiautomator2.handler.request.SafeRequestHandler.handle(SafeRequestHandler.java:41)\n\tat io.appium.uiautomator2.server.AppiumServlet.handleRequest(AppiumServlet.java:262)\n\tat io.appium.uiautomator2.server.AppiumServlet.handleHttpRequest(AppiumServlet.java:256)\n\tat io.appium.uiautomator2.http.ServerHandler.channelRead(ServerHandler.java:68)\n\tat io.netty.channel.AbstractChannelHandlerContext.invokeChannelRead(AbstractChannelHandlerContext.java:366)\n\tat io.netty.channel.AbstractChannelHandlerCont...
[debug] &amp#27;[35m[W3C]&amp#27;[39m Matched W3C error code 'no such element' to NoSuchElementError
[debug] &amp#27;[35m[BaseDriver]&amp#27;[39m Waited for 32963 ms so far
[debug] &amp#27;[35m[WD Proxy]&amp#27;[39m Matched '/element' to command name 'findElement'
[debug] &amp#27;[35m[WD Proxy]&amp#27;[39m Proxying [POST /element] to [POST http://127.0.0.1:8200/wd/hub/session/aa8a115a-5520-4e80-a267-3138eaa1dc88/element] with body: {"strategy":"xpath","selector":"//android.view.View[@text='Registered phone number']","context":"","multiple":false}
&amp#27;[35m[WD Proxy]&amp#27;[39m Got response with status 404: {"sessionId":"aa8a115a-5520-4e80-a267-3138eaa1dc88","value":{"error":"no such element","message":"An element could not be located on the page using the given search parameters","stacktrace":"io.appium.uiautomator2.common.exceptions.ElementNotFoundException: An element could not be located on the page using the given search parameters\n\tat io.appium.uiautomator2.handler.FindElement.findElement(FindElement.java:89)\n\tat io.appium.uiautomator2.handler.FindElement.safeHandle(FindElement.java:66)\n\tat io.appium.uiautomator2.handler.request.SafeRequestHandler.handle(SafeRequestHandler.java:41)\n\tat io.appium.uiautomator2.server.AppiumServlet.handleRequest(AppiumServlet.java:262)\n\tat io.appium.uiautomator2.server.AppiumServlet.handleHttpRequest(AppiumServlet.java:256)\n\tat io.appium.uiautomator2.http.ServerHandler.channelRead(ServerHandler.java:68)\n\tat io.netty.channel.AbstractChannelHandlerContext.invokeChannelRead(AbstractChannelHandlerContext.java:366)\n\tat io.netty.channel.AbstractChannelHandlerCont...
[debug] &amp#27;[35m[W3C]&amp#27;[39m Matched W3C error code 'no such element' to NoSuchElementError
[debug] &amp#27;[35m[BaseDriver]&amp#27;[39m Waited for 33544 ms so far
[debug] &amp#27;[35m[WD Proxy]&amp#27;[39m Matched '/element' to command name 'findElement'
[debug] &amp#27;[35m[WD Proxy]&amp#27;[39m Proxying [POST /element] to [POST http://127.0.0.1:8200/wd/hub/session/aa8a115a-5520-4e80-a267-3138eaa1dc88/element] with body: {"strategy":"xpath","selector":"//android.view.View[@text='Registered phone number']","context":"","multiple":false}
&amp#27;[35m[WD Proxy]&amp#27;[39m Got response with status 404: {"sessionId":"aa8a115a-5520-4e80-a267-3138eaa1dc88","value":{"error":"no such element","message":"An element could not be located on the page using the given search parameters","stacktrace":"io.appium.uiautomator2.common.exceptions.ElementNotFoundException: An element could not be located on the page using the given search parameters\n\tat io.appium.uiautomator2.handler.FindElement.findElement(FindElement.java:89)\n\tat io.appium.uiautomator2.handler.FindElement.safeHandle(FindElement.java:66)\n\tat io.appium.uiautomator2.handler.request.SafeRequestHandler.handle(SafeRequestHandler.java:41)\n\tat io.appium.uiautomator2.server.AppiumServlet.handleRequest(AppiumServlet.java:262)\n\tat io.appium.uiautomator2.server.AppiumServlet.handleHttpRequest(AppiumServlet.java:256)\n\tat io.appium.uiautomator2.http.ServerHandler.channelRead(ServerHandler.java:68)\n\tat io.netty.channel.AbstractChannelHandlerContext.invokeChannelRead(AbstractChannelHandlerContext.java:366)\n\tat io.netty.channel.AbstractChannelHandlerCont...
[debug] &amp#27;[35m[W3C]&amp#27;[39m Matched W3C error code 'no such element' to NoSuchElementError
[debug] &amp#27;[35m[BaseDriver]&amp#27;[39m Waited for 34116 ms so far
[debug] &amp#27;[35m[WD Proxy]&amp#27;[39m Matched '/element' to command name 'findElement'
[debug] &amp#27;[35m[WD Proxy]&amp#27;[39m Proxying [POST /element] to [POST http://127.0.0.1:8200/wd/hub/session/aa8a115a-5520-4e80-a267-3138eaa1dc88/element] with body: {"strategy":"xpath","selector":"//android.view.View[@text='Registered phone number']","context":"","multiple":false}
&amp#27;[35m[WD Proxy]&amp#27;[39m Got response with status 404: {"sessionId":"aa8a115a-5520-4e80-a267-3138eaa1dc88","value":{"error":"no such element","message":"An element could not be located on the page using the given search parameters","stacktrace":"io.appium.uiautomator2.common.exceptions.ElementNotFoundException: An element could not be located on the page using the given search parameters\n\tat io.appium.uiautomator2.handler.FindElement.findElement(FindElement.java:89)\n\tat io.appium.uiautomator2.handler.FindElement.safeHandle(FindElement.java:66)\n\tat io.appium.uiautomator2.handler.request.SafeRequestHandler.handle(SafeRequestHandler.java:41)\n\tat io.appium.uiautomator2.server.AppiumServlet.handleRequest(AppiumServlet.java:262)\n\tat io.appium.uiautomator2.server.AppiumServlet.handleHttpRequest(AppiumServlet.java:256)\n\tat io.appium.uiautomator2.http.ServerHandler.channelRead(ServerHandler.java:68)\n\tat io.netty.channel.AbstractChannelHandlerContext.invokeChannelRead(AbstractChannelHandlerContext.java:366)\n\tat io.netty.channel.AbstractChannelHandlerCont...
[debug] &amp#27;[35m[W3C]&amp#27;[39m Matched W3C error code 'no such element' to NoSuchElementError
[debug] &amp#27;[35m[BaseDriver]&amp#27;[39m Waited for 34687 ms so far
[debug] &amp#27;[35m[WD Proxy]&amp#27;[39m Matched '/element' to command name 'findElement'
[debug] &amp#27;[35m[WD Proxy]&amp#27;[39m Proxying [POST /element] to [POST http://127.0.0.1:8200/wd/hub/session/aa8a115a-5520-4e80-a267-3138eaa1dc88/element] with body: {"strategy":"xpath","selector":"//android.view.View[@text='Registered phone number']","context":"","multiple":false}
&amp#27;[35m[WD Proxy]&amp#27;[39m Got response with status 404: {"sessionId":"aa8a115a-5520-4e80-a267-3138eaa1dc88","value":{"error":"no such element","message":"An element could not be located on the page using the given search parameters","stacktrace":"io.appium.uiautomator2.common.exceptions.ElementNotFoundException: An element could not be located on the page using the given search parameters\n\tat io.appium.uiautomator2.handler.FindElement.findElement(FindElement.java:89)\n\tat io.appium.uiautomator2.handler.FindElement.safeHandle(FindElement.java:66)\n\tat io.appium.uiautomator2.handler.request.SafeRequestHandler.handle(SafeRequestHandler.java:41)\n\tat io.appium.uiautomator2.server.AppiumServlet.handleRequest(AppiumServlet.java:262)\n\tat io.appium.uiautomator2.server.AppiumServlet.handleHttpRequest(AppiumServlet.java:256)\n\tat io.appium.uiautomator2.http.ServerHandler.channelRead(ServerHandler.java:68)\n\tat io.netty.channel.AbstractChannelHandlerContext.invokeChannelRead(AbstractChannelHandlerContext.java:366)\n\tat io.netty.channel.AbstractChannelHandlerCont...
[debug] &amp#27;[35m[W3C]&amp#27;[39m Matched W3C error code 'no such element' to NoSuchElementError
[debug] &amp#27;[35m[BaseDriver]&amp#27;[39m Waited for 35256 ms so far
[debug] &amp#27;[35m[WD Proxy]&amp#27;[39m Matched '/element' to command name 'findElement'
[debug] &amp#27;[35m[WD Proxy]&amp#27;[39m Proxying [POST /element] to [POST http://127.0.0.1:8200/wd/hub/session/aa8a115a-5520-4e80-a267-3138eaa1dc88/element] with body: {"strategy":"xpath","selector":"//android.view.View[@text='Registered phone number']","context":"","multiple":false}
&amp#27;[35m[WD Proxy]&amp#27;[39m Got response with status 404: {"sessionId":"aa8a115a-5520-4e80-a267-3138eaa1dc88","value":{"error":"no such element","message":"An element could not be located on the page using the given search parameters","stacktrace":"io.appium.uiautomator2.common.exceptions.ElementNotFoundException: An element could not be located on the page using the given search parameters\n\tat io.appium.uiautomator2.handler.FindElement.findElement(FindElement.java:89)\n\tat io.appium.uiautomator2.handler.FindElement.safeHandle(FindElement.java:66)\n\tat io.appium.uiautomator2.handler.request.SafeRequestHandler.handle(SafeRequestHandler.java:41)\n\tat io.appium.uiautomator2.server.AppiumServlet.handleRequest(AppiumServlet.java:262)\n\tat io.appium.uiautomator2.server.AppiumServlet.handleHttpRequest(AppiumServlet.java:256)\n\tat io.appium.uiautomator2.http.ServerHandler.channelRead(ServerHandler.java:68)\n\tat io.netty.channel.AbstractChannelHandlerContext.invokeChannelRead(AbstractChannelHandlerContext.java:366)\n\tat io.netty.channel.AbstractChannelHandlerCont...
[debug] &amp#27;[35m[W3C]&amp#27;[39m Matched W3C error code 'no such element' to NoSuchElementError
[debug] &amp#27;[35m[BaseDriver]&amp#27;[39m Waited for 35815 ms so far
[debug] &amp#27;[35m[WD Proxy]&amp#27;[39m Matched '/element' to command name 'findElement'
[debug] &amp#27;[35m[WD Proxy]&amp#27;[39m Proxying [POST /element] to [POST http://127.0.0.1:8200/wd/hub/session/aa8a115a-5520-4e80-a267-3138eaa1dc88/element] with body: {"strategy":"xpath","selector":"//android.view.View[@text='Registered phone number']","context":"","multiple":false}
&amp#27;[35m[WD Proxy]&amp#27;[39m Got response with status 404: {"sessionId":"aa8a115a-5520-4e80-a267-3138eaa1dc88","value":{"error":"no such element","message":"An element could not be located on the page using the given search parameters","stacktrace":"io.appium.uiautomator2.common.exceptions.ElementNotFoundException: An element could not be located on the page using the given search parameters\n\tat io.appium.uiautomator2.handler.FindElement.findElement(FindElement.java:89)\n\tat io.appium.uiautomator2.handler.FindElement.safeHandle(FindElement.java:66)\n\tat io.appium.uiautomator2.handler.request.SafeRequestHandler.handle(SafeRequestHandler.java:41)\n\tat io.appium.uiautomator2.server.AppiumServlet.handleRequest(AppiumServlet.java:262)\n\tat io.appium.uiautomator2.server.AppiumServlet.handleHttpRequest(AppiumServlet.java:256)\n\tat io.appium.uiautomator2.http.ServerHandler.channelRead(ServerHandler.java:68)\n\tat io.netty.channel.AbstractChannelHandlerContext.invokeChannelRead(AbstractChannelHandlerContext.java:366)\n\tat io.netty.channel.AbstractChannelHandlerCont...
[debug] &amp#27;[35m[W3C]&amp#27;[39m Matched W3C error code 'no such element' to NoSuchElementError
[debug] &amp#27;[35m[BaseDriver]&amp#27;[39m Waited for 36394 ms so far
[debug] &amp#27;[35m[WD Proxy]&amp#27;[39m Matched '/element' to command name 'findElement'
[debug] &amp#27;[35m[WD Proxy]&amp#27;[39m Proxying [POST /element] to [POST http://127.0.0.1:8200/wd/hub/session/aa8a115a-5520-4e80-a267-3138eaa1dc88/element] with body: {"strategy":"xpath","selector":"//android.view.View[@text='Registered phone number']","context":"","multiple":false}
&amp#27;[35m[WD Proxy]&amp#27;[39m Got response with status 404: {"sessionId":"aa8a115a-5520-4e80-a267-3138eaa1dc88","value":{"error":"no such element","message":"An element could not be located on the page using the given search parameters","stacktrace":"io.appium.uiautomator2.common.exceptions.ElementNotFoundException: An element could not be located on the page using the given search parameters\n\tat io.appium.uiautomator2.handler.FindElement.findElement(FindElement.java:89)\n\tat io.appium.uiautomator2.handler.FindElement.safeHandle(FindElement.java:66)\n\tat io.appium.uiautomator2.handler.request.SafeRequestHandler.handle(SafeRequestHandler.java:41)\n\tat io.appium.uiautomator2.server.AppiumServlet.handleRequest(AppiumServlet.java:262)\n\tat io.appium.uiautomator2.server.AppiumServlet.handleHttpRequest(AppiumServlet.java:256)\n\tat io.appium.uiautomator2.http.ServerHandler.channelRead(ServerHandler.java:68)\n\tat io.netty.channel.AbstractChannelHandlerContext.invokeChannelRead(AbstractChannelHandlerContext.java:366)\n\tat io.netty.channel.AbstractChannelHandlerCont...
[debug] &amp#27;[35m[W3C]&amp#27;[39m Matched W3C error code 'no such element' to NoSuchElementError
[debug] &amp#27;[35m[BaseDriver]&amp#27;[39m Waited for 36966 ms so far
[debug] &amp#27;[35m[WD Proxy]&amp#27;[39m Matched '/element' to command name 'findElement'
[debug] &amp#27;[35m[WD Proxy]&amp#27;[39m Proxying [POST /element] to [POST http://127.0.0.1:8200/wd/hub/session/aa8a115a-5520-4e80-a267-3138eaa1dc88/element] with body: {"strategy":"xpath","selector":"//android.view.View[@text='Registered phone number']","context":"","multiple":false}
&amp#27;[35m[WD Proxy]&amp#27;[39m Got response with status 404: {"sessionId":"aa8a115a-5520-4e80-a267-3138eaa1dc88","value":{"error":"no such element","message":"An element could not be located on the page using the given search parameters","stacktrace":"io.appium.uiautomator2.common.exceptions.ElementNotFoundException: An element could not be located on the page using the given search parameters\n\tat io.appium.uiautomator2.handler.FindElement.findElement(FindElement.java:89)\n\tat io.appium.uiautomator2.handler.FindElement.safeHandle(FindElement.java:66)\n\tat io.appium.uiautomator2.handler.request.SafeRequestHandler.handle(SafeRequestHandler.java:41)\n\tat io.appium.uiautomator2.server.AppiumServlet.handleRequest(AppiumServlet.java:262)\n\tat io.appium.uiautomator2.server.AppiumServlet.handleHttpRequest(AppiumServlet.java:256)\n\tat io.appium.uiautomator2.http.ServerHandler.channelRead(ServerHandler.java:68)\n\tat io.netty.channel.AbstractChannelHandlerContext.invokeChannelRead(AbstractChannelHandlerContext.java:366)\n\tat io.netty.channel.AbstractChannelHandlerCont...
[debug] &amp#27;[35m[W3C]&amp#27;[39m Matched W3C error code 'no such element' to NoSuchElementError
[debug] &amp#27;[35m[BaseDriver]&amp#27;[39m Waited for 37532 ms so far
[debug] &amp#27;[35m[WD Proxy]&amp#27;[39m Matched '/element' to command name 'findElement'
[debug] &amp#27;[35m[WD Proxy]&amp#27;[39m Proxying [POST /element] to [POST http://127.0.0.1:8200/wd/hub/session/aa8a115a-5520-4e80-a267-3138eaa1dc88/element] with body: {"strategy":"xpath","selector":"//android.view.View[@text='Registered phone number']","context":"","multiple":false}
&amp#27;[35m[WD Proxy]&amp#27;[39m Got response with status 404: {"sessionId":"aa8a115a-5520-4e80-a267-3138eaa1dc88","value":{"error":"no such element","message":"An element could not be located on the page using the given search parameters","stacktrace":"io.appium.uiautomator2.common.exceptions.ElementNotFoundException: An element could not be located on the page using the given search parameters\n\tat io.appium.uiautomator2.handler.FindElement.findElement(FindElement.java:89)\n\tat io.appium.uiautomator2.handler.FindElement.safeHandle(FindElement.java:66)\n\tat io.appium.uiautomator2.handler.request.SafeRequestHandler.handle(SafeRequestHandler.java:41)\n\tat io.appium.uiautomator2.server.AppiumServlet.handleRequest(AppiumServlet.java:262)\n\tat io.appium.uiautomator2.server.AppiumServlet.handleHttpRequest(AppiumServlet.java:256)\n\tat io.appium.uiautomator2.http.ServerHandler.channelRead(ServerHandler.java:68)\n\tat io.netty.channel.AbstractChannelHandlerContext.invokeChannelRead(AbstractChannelHandlerContext.java:366)\n\tat io.netty.channel.AbstractChannelHandlerCont...
[debug] &amp#27;[35m[W3C]&amp#27;[39m Matched W3C error code 'no such element' to NoSuchElementError
[debug] &amp#27;[35m[BaseDriver]&amp#27;[39m Waited for 38123 ms so far
[debug] &amp#27;[35m[WD Proxy]&amp#27;[39m Matched '/element' to command name 'findElement'
[debug] &amp#27;[35m[WD Proxy]&amp#27;[39m Proxying [POST /element] to [POST http://127.0.0.1:8200/wd/hub/session/aa8a115a-5520-4e80-a267-3138eaa1dc88/element] with body: {"strategy":"xpath","selector":"//android.view.View[@text='Registered phone number']","context":"","multiple":false}
&amp#27;[35m[WD Proxy]&amp#27;[39m Got response with status 404: {"sessionId":"aa8a115a-5520-4e80-a267-3138eaa1dc88","value":{"error":"no such element","message":"An element could not be located on the page using the given search parameters","stacktrace":"io.appium.uiautomator2.common.exceptions.ElementNotFoundException: An element could not be located on the page using the given search parameters\n\tat io.appium.uiautomator2.handler.FindElement.findElement(FindElement.java:89)\n\tat io.appium.uiautomator2.handler.FindElement.safeHandle(FindElement.java:66)\n\tat io.appium.uiautomator2.handler.request.SafeRequestHandler.handle(SafeRequestHandler.java:41)\n\tat io.appium.uiautomator2.server.AppiumServlet.handleRequest(AppiumServlet.java:262)\n\tat io.appium.uiautomator2.server.AppiumServlet.handleHttpRequest(AppiumServlet.java:256)\n\tat io.appium.uiautomator2.http.ServerHandler.channelRead(ServerHandler.java:68)\n\tat io.netty.channel.AbstractChannelHandlerContext.invokeChannelRead(AbstractChannelHandlerContext.java:366)\n\tat io.netty.channel.AbstractChannelHandlerCont...
[debug] &amp#27;[35m[W3C]&amp#27;[39m Matched W3C error code 'no such element' to NoSuchElementError
[debug] &amp#27;[35m[BaseDriver]&amp#27;[39m Waited for 38969 ms so far
[debug] &amp#27;[35m[WD Proxy]&amp#27;[39m Matched '/element' to command name 'findElement'
[debug] &amp#27;[35m[WD Proxy]&amp#27;[39m Proxying [POST /element] to [POST http://127.0.0.1:8200/wd/hub/session/aa8a115a-5520-4e80-a267-3138eaa1dc88/element] with body: {"strategy":"xpath","selector":"//android.view.View[@text='Registered phone number']","context":"","multiple":false}
&amp#27;[35m[WD Proxy]&amp#27;[39m Got response with status 404: {"sessionId":"aa8a115a-5520-4e80-a267-3138eaa1dc88","value":{"error":"no such element","message":"An element could not be located on the page using the given search parameters","stacktrace":"io.appium.uiautomator2.common.exceptions.ElementNotFoundException: An element could not be located on the page using the given search parameters\n\tat io.appium.uiautomator2.handler.FindElement.findElement(FindElement.java:89)\n\tat io.appium.uiautomator2.handler.FindElement.safeHandle(FindElement.java:66)\n\tat io.appium.uiautomator2.handler.request.SafeRequestHandler.handle(SafeRequestHandler.java:41)\n\tat io.appium.uiautomator2.server.AppiumServlet.handleRequest(AppiumServlet.java:262)\n\tat io.appium.uiautomator2.server.AppiumServlet.handleHttpRequest(AppiumServlet.java:256)\n\tat io.appium.uiautomator2.http.ServerHandler.channelRead(ServerHandler.java:68)\n\tat io.netty.channel.AbstractChannelHandlerContext.invokeChannelRead(AbstractChannelHandlerContext.java:366)\n\tat io.netty.channel.AbstractChannelHandlerCont...
[debug] &amp#27;[35m[W3C]&amp#27;[39m Matched W3C error code 'no such element' to NoSuchElementError
[debug] &amp#27;[35m[BaseDriver]&amp#27;[39m Waited for 39546 ms so far
[debug] &amp#27;[35m[WD Proxy]&amp#27;[39m Matched '/element' to command name 'findElement'
[debug] &amp#27;[35m[WD Proxy]&amp#27;[39m Proxying [POST /element] to [POST http://127.0.0.1:8200/wd/hub/session/aa8a115a-5520-4e80-a267-3138eaa1dc88/element] with body: {"strategy":"xpath","selector":"//android.view.View[@text='Registered phone number']","context":"","multiple":false}
&amp#27;[35m[WD Proxy]&amp#27;[39m Got response with status 404: {"sessionId":"aa8a115a-5520-4e80-a267-3138eaa1dc88","value":{"error":"no such element","message":"An element could not be located on the page using the given search parameters","stacktrace":"io.appium.uiautomator2.common.exceptions.ElementNotFoundException: An element could not be located on the page using the given search parameters\n\tat io.appium.uiautomator2.handler.FindElement.findElement(FindElement.java:89)\n\tat io.appium.uiautomator2.handler.FindElement.safeHandle(FindElement.java:66)\n\tat io.appium.uiautomator2.handler.request.SafeRequestHandler.handle(SafeRequestHandler.java:41)\n\tat io.appium.uiautomator2.server.AppiumServlet.handleRequest(AppiumServlet.java:262)\n\tat io.appium.uiautomator2.server.AppiumServlet.handleHttpRequest(AppiumServlet.java:256)\n\tat io.appium.uiautomator2.http.ServerHandler.channelRead(ServerHandler.java:68)\n\tat io.netty.channel.AbstractChannelHandlerContext.invokeChannelRead(AbstractChannelHandlerContext.java:366)\n\tat io.netty.channel.AbstractChannelHandlerCont...
[debug] &amp#27;[35m[W3C]&amp#27;[39m Matched W3C error code 'no such element' to NoSuchElementError
[debug] &amp#27;[35m[BaseDriver]&amp#27;[39m Waited for 40117 ms so far
[debug] &amp#27;[35m[WD Proxy]&amp#27;[39m Matched '/element' to command name 'findElement'
[debug] &amp#27;[35m[WD Proxy]&amp#27;[39m Proxying [POST /element] to [POST http://127.0.0.1:8200/wd/hub/session/aa8a115a-5520-4e80-a267-3138eaa1dc88/element] with body: {"strategy":"xpath","selector":"//android.view.View[@text='Registered phone number']","context":"","multiple":false}
&amp#27;[35m[WD Proxy]&amp#27;[39m Got response with status 404: {"sessionId":"aa8a115a-5520-4e80-a267-3138eaa1dc88","value":{"error":"no such element","message":"An element could not be located on the page using the given search parameters","stacktrace":"io.appium.uiautomator2.common.exceptions.ElementNotFoundException: An element could not be located on the page using the given search parameters\n\tat io.appium.uiautomator2.handler.FindElement.findElement(FindElement.java:89)\n\tat io.appium.uiautomator2.handler.FindElement.safeHandle(FindElement.java:66)\n\tat io.appium.uiautomator2.handler.request.SafeRequestHandler.handle(SafeRequestHandler.java:41)\n\tat io.appium.uiautomator2.server.AppiumServlet.handleRequest(AppiumServlet.java:262)\n\tat io.appium.uiautomator2.server.AppiumServlet.handleHttpRequest(AppiumServlet.java:256)\n\tat io.appium.uiautomator2.http.ServerHandler.channelRead(ServerHandler.java:68)\n\tat io.netty.channel.AbstractChannelHandlerContext.invokeChannelRead(AbstractChannelHandlerContext.java:366)\n\tat io.netty.channel.AbstractChannelHandlerCont...
[debug] &amp#27;[35m[W3C]&amp#27;[39m Matched W3C error code 'no such element' to NoSuchElementError
[debug] &amp#27;[35m[BaseDriver]&amp#27;[39m Waited for 40707 ms so far
[debug] &amp#27;[35m[WD Proxy]&amp#27;[39m Matched '/element' to command name 'findElement'
[debug] &amp#27;[35m[WD Proxy]&amp#27;[39m Proxying [POST /element] to [POST http://127.0.0.1:8200/wd/hub/session/aa8a115a-5520-4e80-a267-3138eaa1dc88/element] with body: {"strategy":"xpath","selector":"//android.view.View[@text='Registered phone number']","context":"","multiple":false}
&amp#27;[35m[WD Proxy]&amp#27;[39m Got response with status 404: {"sessionId":"aa8a115a-5520-4e80-a267-3138eaa1dc88","value":{"error":"no such element","message":"An element could not be located on the page using the given search parameters","stacktrace":"io.appium.uiautomator2.common.exceptions.ElementNotFoundException: An element could not be located on the page using the given search parameters\n\tat io.appium.uiautomator2.handler.FindElement.findElement(FindElement.java:89)\n\tat io.appium.uiautomator2.handler.FindElement.safeHandle(FindElement.java:66)\n\tat io.appium.uiautomator2.handler.request.SafeRequestHandler.handle(SafeRequestHandler.java:41)\n\tat io.appium.uiautomator2.server.AppiumServlet.handleRequest(AppiumServlet.java:262)\n\tat io.appium.uiautomator2.server.AppiumServlet.handleHttpRequest(AppiumServlet.java:256)\n\tat io.appium.uiautomator2.http.ServerHandler.channelRead(ServerHandler.java:68)\n\tat io.netty.channel.AbstractChannelHandlerContext.invokeChannelRead(AbstractChannelHandlerContext.java:366)\n\tat io.netty.channel.AbstractChannelHandlerCont...
[debug] &amp#27;[35m[W3C]&amp#27;[39m Matched W3C error code 'no such element' to NoSuchElementError
[debug] &amp#27;[35m[BaseDriver]&amp#27;[39m Waited for 41271 ms so far
[debug] &amp#27;[35m[WD Proxy]&amp#27;[39m Matched '/element' to command name 'findElement'
[debug] &amp#27;[35m[WD Proxy]&amp#27;[39m Proxying [POST /element] to [POST http://127.0.0.1:8200/wd/hub/session/aa8a115a-5520-4e80-a267-3138eaa1dc88/element] with body: {"strategy":"xpath","selector":"//android.view.View[@text='Registered phone number']","context":"","multiple":false}
&amp#27;[35m[WD Proxy]&amp#27;[39m Got response with status 404: {"sessionId":"aa8a115a-5520-4e80-a267-3138eaa1dc88","value":{"error":"no such element","message":"An element could not be located on the page using the given search parameters","stacktrace":"io.appium.uiautomator2.common.exceptions.ElementNotFoundException: An element could not be located on the page using the given search parameters\n\tat io.appium.uiautomator2.handler.FindElement.findElement(FindElement.java:89)\n\tat io.appium.uiautomator2.handler.FindElement.safeHandle(FindElement.java:66)\n\tat io.appium.uiautomator2.handler.request.SafeRequestHandler.handle(SafeRequestHandler.java:41)\n\tat io.appium.uiautomator2.server.AppiumServlet.handleRequest(AppiumServlet.java:262)\n\tat io.appium.uiautomator2.server.AppiumServlet.handleHttpRequest(AppiumServlet.java:256)\n\tat io.appium.uiautomator2.http.ServerHandler.channelRead(ServerHandler.java:68)\n\tat io.netty.channel.AbstractChannelHandlerContext.invokeChannelRead(AbstractChannelHandlerContext.java:366)\n\tat io.netty.channel.AbstractChannelHandlerCont...
[debug] &amp#27;[35m[W3C]&amp#27;[39m Matched W3C error code 'no such element' to NoSuchElementError
[debug] &amp#27;[35m[BaseDriver]&amp#27;[39m Waited for 41853 ms so far
[debug] &amp#27;[35m[WD Proxy]&amp#27;[39m Matched '/element' to command name 'findElement'
[debug] &amp#27;[35m[WD Proxy]&amp#27;[39m Proxying [POST /element] to [POST http://127.0.0.1:8200/wd/hub/session/aa8a115a-5520-4e80-a267-3138eaa1dc88/element] with body: {"strategy":"xpath","selector":"//android.view.View[@text='Registered phone number']","context":"","multiple":false}
&amp#27;[35m[WD Proxy]&amp#27;[39m Got response with status 404: {"sessionId":"aa8a115a-5520-4e80-a267-3138eaa1dc88","value":{"error":"no such element","message":"An element could not be located on the page using the given search parameters","stacktrace":"io.appium.uiautomator2.common.exceptions.ElementNotFoundException: An element could not be located on the page using the given search parameters\n\tat io.appium.uiautomator2.handler.FindElement.findElement(FindElement.java:89)\n\tat io.appium.uiautomator2.handler.FindElement.safeHandle(FindElement.java:66)\n\tat io.appium.uiautomator2.handler.request.SafeRequestHandler.handle(SafeRequestHandler.java:41)\n\tat io.appium.uiautomator2.server.AppiumServlet.handleRequest(AppiumServlet.java:262)\n\tat io.appium.uiautomator2.server.AppiumServlet.handleHttpRequest(AppiumServlet.java:256)\n\tat io.appium.uiautomator2.http.ServerHandler.channelRead(ServerHandler.java:68)\n\tat io.netty.channel.AbstractChannelHandlerContext.invokeChannelRead(AbstractChannelHandlerContext.java:366)\n\tat io.netty.channel.AbstractChannelHandlerCont...
[debug] &amp#27;[35m[W3C]&amp#27;[39m Matched W3C error code 'no such element' to NoSuchElementError
[debug] &amp#27;[35m[BaseDriver]&amp#27;[39m Waited for 42433 ms so far
[debug] &amp#27;[35m[WD Proxy]&amp#27;[39m Matched '/element' to command name 'findElement'
[debug] &amp#27;[35m[WD Proxy]&amp#27;[39m Proxying [POST /element] to [POST http://127.0.0.1:8200/wd/hub/session/aa8a115a-5520-4e80-a267-3138eaa1dc88/element] with body: {"strategy":"xpath","selector":"//android.view.View[@text='Registered phone number']","context":"","multiple":false}
&amp#27;[35m[WD Proxy]&amp#27;[39m Got response with status 404: {"sessionId":"aa8a115a-5520-4e80-a267-3138eaa1dc88","value":{"error":"no such element","message":"An element could not be located on the page using the given search parameters","stacktrace":"io.appium.uiautomator2.common.exceptions.ElementNotFoundException: An element could not be located on the page using the given search parameters\n\tat io.appium.uiautomator2.handler.FindElement.findElement(FindElement.java:89)\n\tat io.appium.uiautomator2.handler.FindElement.safeHandle(FindElement.java:66)\n\tat io.appium.uiautomator2.handler.request.SafeRequestHandler.handle(SafeRequestHandler.java:41)\n\tat io.appium.uiautomator2.server.AppiumServlet.handleRequest(AppiumServlet.java:262)\n\tat io.appium.uiautomator2.server.AppiumServlet.handleHttpRequest(AppiumServlet.java:256)\n\tat io.appium.uiautomator2.http.ServerHandler.channelRead(ServerHandler.java:68)\n\tat io.netty.channel.AbstractChannelHandlerContext.invokeChannelRead(AbstractChannelHandlerContext.java:366)\n\tat io.netty.channel.AbstractChannelHandlerCont...
[debug] &amp#27;[35m[W3C]&amp#27;[39m Matched W3C error code 'no such element' to NoSuchElementError
[debug] &amp#27;[35m[BaseDriver]&amp#27;[39m Waited for 43020 ms so far
[debug] &amp#27;[35m[WD Proxy]&amp#27;[39m Matched '/element' to command name 'findElement'
[debug] &amp#27;[35m[WD Proxy]&amp#27;[39m Proxying [POST /element] to [POST http://127.0.0.1:8200/wd/hub/session/aa8a115a-5520-4e80-a267-3138eaa1dc88/element] with body: {"strategy":"xpath","selector":"//android.view.View[@text='Registered phone number']","context":"","multiple":false}
&amp#27;[35m[WD Proxy]&amp#27;[39m Got response with status 404: {"sessionId":"aa8a115a-5520-4e80-a267-3138eaa1dc88","value":{"error":"no such element","message":"An element could not be located on the page using the given search parameters","stacktrace":"io.appium.uiautomator2.common.exceptions.ElementNotFoundException: An element could not be located on the page using the given search parameters\n\tat io.appium.uiautomator2.handler.FindElement.findElement(FindElement.java:89)\n\tat io.appium.uiautomator2.handler.FindElement.safeHandle(FindElement.java:66)\n\tat io.appium.uiautomator2.handler.request.SafeRequestHandler.handle(SafeRequestHandler.java:41)\n\tat io.appium.uiautomator2.server.AppiumServlet.handleRequest(AppiumServlet.java:262)\n\tat io.appium.uiautomator2.server.AppiumServlet.handleHttpRequest(AppiumServlet.java:256)\n\tat io.appium.uiautomator2.http.ServerHandler.channelRead(ServerHandler.java:68)\n\tat io.netty.channel.AbstractChannelHandlerContext.invokeChannelRead(AbstractChannelHandlerContext.java:366)\n\tat io.netty.channel.AbstractChannelHandlerCont...
[debug] &amp#27;[35m[W3C]&amp#27;[39m Matched W3C error code 'no such element' to NoSuchElementError
[debug] &amp#27;[35m[BaseDriver]&amp#27;[39m Waited for 43609 ms so far
[debug] &amp#27;[35m[WD Proxy]&amp#27;[39m Matched '/element' to command name 'findElement'
[debug] &amp#27;[35m[WD Proxy]&amp#27;[39m Proxying [POST /element] to [POST http://127.0.0.1:8200/wd/hub/session/aa8a115a-5520-4e80-a267-3138eaa1dc88/element] with body: {"strategy":"xpath","selector":"//android.view.View[@text='Registered phone number']","context":"","multiple":false}
&amp#27;[35m[WD Proxy]&amp#27;[39m Got response with status 404: {"sessionId":"aa8a115a-5520-4e80-a267-3138eaa1dc88","value":{"error":"no such element","message":"An element could not be located on the page using the given search parameters","stacktrace":"io.appium.uiautomator2.common.exceptions.ElementNotFoundException: An element could not be located on the page using the given search parameters\n\tat io.appium.uiautomator2.handler.FindElement.findElement(FindElement.java:89)\n\tat io.appium.uiautomator2.handler.FindElement.safeHandle(FindElement.java:66)\n\tat io.appium.uiautomator2.handler.request.SafeRequestHandler.handle(SafeRequestHandler.java:41)\n\tat io.appium.uiautomator2.server.AppiumServlet.handleRequest(AppiumServlet.java:262)\n\tat io.appium.uiautomator2.server.AppiumServlet.handleHttpRequest(AppiumServlet.java:256)\n\tat io.appium.uiautomator2.http.ServerHandler.channelRead(ServerHandler.java:68)\n\tat io.netty.channel.AbstractChannelHandlerContext.invokeChannelRead(AbstractChannelHandlerContext.java:366)\n\tat io.netty.channel.AbstractChannelHandlerCont...
[debug] &amp#27;[35m[W3C]&amp#27;[39m Matched W3C error code 'no such element' to NoSuchElementError
[debug] &amp#27;[35m[BaseDriver]&amp#27;[39m Waited for 44195 ms so far
[debug] &amp#27;[35m[WD Proxy]&amp#27;[39m Matched '/element' to command name 'findElement'
[debug] &amp#27;[35m[WD Proxy]&amp#27;[39m Proxying [POST /element] to [POST http://127.0.0.1:8200/wd/hub/session/aa8a115a-5520-4e80-a267-3138eaa1dc88/element] with body: {"strategy":"xpath","selector":"//android.view.View[@text='Registered phone number']","context":"","multiple":false}
&amp#27;[35m[WD Proxy]&amp#27;[39m Got response with status 404: {"sessionId":"aa8a115a-5520-4e80-a267-3138eaa1dc88","value":{"error":"no such element","message":"An element could not be located on the page using the given search parameters","stacktrace":"io.appium.uiautomator2.common.exceptions.ElementNotFoundException: An element could not be located on the page using the given search parameters\n\tat io.appium.uiautomator2.handler.FindElement.findElement(FindElement.java:89)\n\tat io.appium.uiautomator2.handler.FindElement.safeHandle(FindElement.java:66)\n\tat io.appium.uiautomator2.handler.request.SafeRequestHandler.handle(SafeRequestHandler.java:41)\n\tat io.appium.uiautomator2.server.AppiumServlet.handleRequest(AppiumServlet.java:262)\n\tat io.appium.uiautomator2.server.AppiumServlet.handleHttpRequest(AppiumServlet.java:256)\n\tat io.appium.uiautomator2.http.ServerHandler.channelRead(ServerHandler.java:68)\n\tat io.netty.channel.AbstractChannelHandlerContext.invokeChannelRead(AbstractChannelHandlerContext.java:366)\n\tat io.netty.channel.AbstractChannelHandlerCont...
[debug] &amp#27;[35m[W3C]&amp#27;[39m Matched W3C error code 'no such element' to NoSuchElementError
[debug] &amp#27;[35m[BaseDriver]&amp#27;[39m Waited for 44779 ms so far
[debug] &amp#27;[35m[WD Proxy]&amp#27;[39m Matched '/element' to command name 'findElement'
[debug] &amp#27;[35m[WD Proxy]&amp#27;[39m Proxying [POST /element] to [POST http://127.0.0.1:8200/wd/hub/session/aa8a115a-5520-4e80-a267-3138eaa1dc88/element] with body: {"strategy":"xpath","selector":"//android.view.View[@text='Registered phone number']","context":"","multiple":false}
&amp#27;[35m[WD Proxy]&amp#27;[39m Got response with status 404: {"sessionId":"aa8a115a-5520-4e80-a267-3138eaa1dc88","value":{"error":"no such element","message":"An element could not be located on the page using the given search parameters","stacktrace":"io.appium.uiautomator2.common.exceptions.ElementNotFoundException: An element could not be located on the page using the given search parameters\n\tat io.appium.uiautomator2.handler.FindElement.findElement(FindElement.java:89)\n\tat io.appium.uiautomator2.handler.FindElement.safeHandle(FindElement.java:66)\n\tat io.appium.uiautomator2.handler.request.SafeRequestHandler.handle(SafeRequestHandler.java:41)\n\tat io.appium.uiautomator2.server.AppiumServlet.handleRequest(AppiumServlet.java:262)\n\tat io.appium.uiautomator2.server.AppiumServlet.handleHttpRequest(AppiumServlet.java:256)\n\tat io.appium.uiautomator2.http.ServerHandler.channelRead(ServerHandler.java:68)\n\tat io.netty.channel.AbstractChannelHandlerContext.invokeChannelRead(AbstractChannelHandlerContext.java:366)\n\tat io.netty.channel.AbstractChannelHandlerCont...
[debug] &amp#27;[35m[W3C]&amp#27;[39m Matched W3C error code 'no such element' to NoSuchElementError
[debug] &amp#27;[35m[BaseDriver]&amp#27;[39m Waited for 45353 ms so far
[debug] &amp#27;[35m[WD Proxy]&amp#27;[39m Matched '/element' to command name 'findElement'
[debug] &amp#27;[35m[WD Proxy]&amp#27;[39m Proxying [POST /element] to [POST http://127.0.0.1:8200/wd/hub/session/aa8a115a-5520-4e80-a267-3138eaa1dc88/element] with body: {"strategy":"xpath","selector":"//android.view.View[@text='Registered phone number']","context":"","multiple":false}
&amp#27;[35m[WD Proxy]&amp#27;[39m Got response with status 404: {"sessionId":"aa8a115a-5520-4e80-a267-3138eaa1dc88","value":{"error":"no such element","message":"An element could not be located on the page using the given search parameters","stacktrace":"io.appium.uiautomator2.common.exceptions.ElementNotFoundException: An element could not be located on the page using the given search parameters\n\tat io.appium.uiautomator2.handler.FindElement.findElement(FindElement.java:89)\n\tat io.appium.uiautomator2.handler.FindElement.safeHandle(FindElement.java:66)\n\tat io.appium.uiautomator2.handler.request.SafeRequestHandler.handle(SafeRequestHandler.java:41)\n\tat io.appium.uiautomator2.server.AppiumServlet.handleRequest(AppiumServlet.java:262)\n\tat io.appium.uiautomator2.server.AppiumServlet.handleHttpRequest(AppiumServlet.java:256)\n\tat io.appium.uiautomator2.http.ServerHandler.channelRead(ServerHandler.java:68)\n\tat io.netty.channel.AbstractChannelHandlerContext.invokeChannelRead(AbstractChannelHandlerContext.java:366)\n\tat io.netty.channel.AbstractChannelHandlerCont...
[debug] &amp#27;[35m[W3C]&amp#27;[39m Matched W3C error code 'no such element' to NoSuchElementError
[debug] &amp#27;[35m[BaseDriver]&amp#27;[39m Waited for 45930 ms so far
[debug] &amp#27;[35m[WD Proxy]&amp#27;[39m Matched '/element' to command name 'findElement'
[debug] &amp#27;[35m[WD Proxy]&amp#27;[39m Proxying [POST /element] to [POST http://127.0.0.1:8200/wd/hub/session/aa8a115a-5520-4e80-a267-3138eaa1dc88/element] with body: {"strategy":"xpath","selector":"//android.view.View[@text='Registered phone number']","context":"","multiple":false}
&amp#27;[35m[WD Proxy]&amp#27;[39m Got response with status 404: {"sessionId":"aa8a115a-5520-4e80-a267-3138eaa1dc88","value":{"error":"no such element","message":"An element could not be located on the page using the given search parameters","stacktrace":"io.appium.uiautomator2.common.exceptions.ElementNotFoundException: An element could not be located on the page using the given search parameters\n\tat io.appium.uiautomator2.handler.FindElement.findElement(FindElement.java:89)\n\tat io.appium.uiautomator2.handler.FindElement.safeHandle(FindElement.java:66)\n\tat io.appium.uiautomator2.handler.request.SafeRequestHandler.handle(SafeRequestHandler.java:41)\n\tat io.appium.uiautomator2.server.AppiumServlet.handleRequest(AppiumServlet.java:262)\n\tat io.appium.uiautomator2.server.AppiumServlet.handleHttpRequest(AppiumServlet.java:256)\n\tat io.appium.uiautomator2.http.ServerHandler.channelRead(ServerHandler.java:68)\n\tat io.netty.channel.AbstractChannelHandlerContext.invokeChannelRead(AbstractChannelHandlerContext.java:366)\n\tat io.netty.channel.AbstractChannelHandlerCont...
[debug] &amp#27;[35m[W3C]&amp#27;[39m Matched W3C error code 'no such element' to NoSuchElementError
[debug] &amp#27;[35m[BaseDriver]&amp#27;[39m Waited for 46504 ms so far
[debug] &amp#27;[35m[WD Proxy]&amp#27;[39m Matched '/element' to command name 'findElement'
[debug] &amp#27;[35m[WD Proxy]&amp#27;[39m Proxying [POST /element] to [POST http://127.0.0.1:8200/wd/hub/session/aa8a115a-5520-4e80-a267-3138eaa1dc88/element] with body: {"strategy":"xpath","selector":"//android.view.View[@text='Registered phone number']","context":"","multiple":false}
&amp#27;[35m[WD Proxy]&amp#27;[39m Got response with status 404: {"sessionId":"aa8a115a-5520-4e80-a267-3138eaa1dc88","value":{"error":"no such element","message":"An element could not be located on the page using the given search parameters","stacktrace":"io.appium.uiautomator2.common.exceptions.ElementNotFoundException: An element could not be located on the page using the given search parameters\n\tat io.appium.uiautomator2.handler.FindElement.findElement(FindElement.java:89)\n\tat io.appium.uiautomator2.handler.FindElement.safeHandle(FindElement.java:66)\n\tat io.appium.uiautomator2.handler.request.SafeRequestHandler.handle(SafeRequestHandler.java:41)\n\tat io.appium.uiautomator2.server.AppiumServlet.handleRequest(AppiumServlet.java:262)\n\tat io.appium.uiautomator2.server.AppiumServlet.handleHttpRequest(AppiumServlet.java:256)\n\tat io.appium.uiautomator2.http.ServerHandler.channelRead(ServerHandler.java:68)\n\tat io.netty.channel.AbstractChannelHandlerContext.invokeChannelRead(AbstractChannelHandlerContext.java:366)\n\tat io.netty.channel.AbstractChannelHandlerCont...
[debug] &amp#27;[35m[W3C]&amp#27;[39m Matched W3C error code 'no such element' to NoSuchElementError
[debug] &amp#27;[35m[BaseDriver]&amp#27;[39m Waited for 47090 ms so far
[debug] &amp#27;[35m[WD Proxy]&amp#27;[39m Matched '/element' to command name 'findElement'
[debug] &amp#27;[35m[WD Proxy]&amp#27;[39m Proxying [POST /element] to [POST http://127.0.0.1:8200/wd/hub/session/aa8a115a-5520-4e80-a267-3138eaa1dc88/element] with body: {"strategy":"xpath","selector":"//android.view.View[@text='Registered phone number']","context":"","multiple":false}
&amp#27;[35m[WD Proxy]&amp#27;[39m Got response with status 404: {"sessionId":"aa8a115a-5520-4e80-a267-3138eaa1dc88","value":{"error":"no such element","message":"An element could not be located on the page using the given search parameters","stacktrace":"io.appium.uiautomator2.common.exceptions.ElementNotFoundException: An element could not be located on the page using the given search parameters\n\tat io.appium.uiautomator2.handler.FindElement.findElement(FindElement.java:89)\n\tat io.appium.uiautomator2.handler.FindElement.safeHandle(FindElement.java:66)\n\tat io.appium.uiautomator2.handler.request.SafeRequestHandler.handle(SafeRequestHandler.java:41)\n\tat io.appium.uiautomator2.server.AppiumServlet.handleRequest(AppiumServlet.java:262)\n\tat io.appium.uiautomator2.server.AppiumServlet.handleHttpRequest(AppiumServlet.java:256)\n\tat io.appium.uiautomator2.http.ServerHandler.channelRead(ServerHandler.java:68)\n\tat io.netty.channel.AbstractChannelHandlerContext.invokeChannelRead(AbstractChannelHandlerContext.java:366)\n\tat io.netty.channel.AbstractChannelHandlerCont...
[debug] &amp#27;[35m[W3C]&amp#27;[39m Matched W3C error code 'no such element' to NoSuchElementError
[debug] &amp#27;[35m[BaseDriver]&amp#27;[39m Waited for 47661 ms so far
[debug] &amp#27;[35m[WD Proxy]&amp#27;[39m Matched '/element' to command name 'findElement'
[debug] &amp#27;[35m[WD Proxy]&amp#27;[39m Proxying [POST /element] to [POST http://127.0.0.1:8200/wd/hub/session/aa8a115a-5520-4e80-a267-3138eaa1dc88/element] with body: {"strategy":"xpath","selector":"//android.view.View[@text='Registered phone number']","context":"","multiple":false}
&amp#27;[35m[WD Proxy]&amp#27;[39m Got response with status 404: {"sessionId":"aa8a115a-5520-4e80-a267-3138eaa1dc88","value":{"error":"no such element","message":"An element could not be located on the page using the given search parameters","stacktrace":"io.appium.uiautomator2.common.exceptions.ElementNotFoundException: An element could not be located on the page using the given search parameters\n\tat io.appium.uiautomator2.handler.FindElement.findElement(FindElement.java:89)\n\tat io.appium.uiautomator2.handler.FindElement.safeHandle(FindElement.java:66)\n\tat io.appium.uiautomator2.handler.request.SafeRequestHandler.handle(SafeRequestHandler.java:41)\n\tat io.appium.uiautomator2.server.AppiumServlet.handleRequest(AppiumServlet.java:262)\n\tat io.appium.uiautomator2.server.AppiumServlet.handleHttpRequest(AppiumServlet.java:256)\n\tat io.appium.uiautomator2.http.ServerHandler.channelRead(ServerHandler.java:68)\n\tat io.netty.channel.AbstractChannelHandlerContext.invokeChannelRead(AbstractChannelHandlerContext.java:366)\n\tat io.netty.channel.AbstractChannelHandlerCont...
[debug] &amp#27;[35m[W3C]&amp#27;[39m Matched W3C error code 'no such element' to NoSuchElementError
[debug] &amp#27;[35m[BaseDriver]&amp#27;[39m Waited for 48258 ms so far
[debug] &amp#27;[35m[WD Proxy]&amp#27;[39m Matched '/element' to command name 'findElement'
[debug] &amp#27;[35m[WD Proxy]&amp#27;[39m Proxying [POST /element] to [POST http://127.0.0.1:8200/wd/hub/session/aa8a115a-5520-4e80-a267-3138eaa1dc88/element] with body: {"strategy":"xpath","selector":"//android.view.View[@text='Registered phone number']","context":"","multiple":false}
&amp#27;[35m[WD Proxy]&amp#27;[39m Got response with status 404: {"sessionId":"aa8a115a-5520-4e80-a267-3138eaa1dc88","value":{"error":"no such element","message":"An element could not be located on the page using the given search parameters","stacktrace":"io.appium.uiautomator2.common.exceptions.ElementNotFoundException: An element could not be located on the page using the given search parameters\n\tat io.appium.uiautomator2.handler.FindElement.findElement(FindElement.java:89)\n\tat io.appium.uiautomator2.handler.FindElement.safeHandle(FindElement.java:66)\n\tat io.appium.uiautomator2.handler.request.SafeRequestHandler.handle(SafeRequestHandler.java:41)\n\tat io.appium.uiautomator2.server.AppiumServlet.handleRequest(AppiumServlet.java:262)\n\tat io.appium.uiautomator2.server.AppiumServlet.handleHttpRequest(AppiumServlet.java:256)\n\tat io.appium.uiautomator2.http.ServerHandler.channelRead(ServerHandler.java:68)\n\tat io.netty.channel.AbstractChannelHandlerContext.invokeChannelRead(AbstractChannelHandlerContext.java:366)\n\tat io.netty.channel.AbstractChannelHandlerCont...
[debug] &amp#27;[35m[W3C]&amp#27;[39m Matched W3C error code 'no such element' to NoSuchElementError
[debug] &amp#27;[35m[BaseDriver]&amp#27;[39m Waited for 48829 ms so far
[debug] &amp#27;[35m[WD Proxy]&amp#27;[39m Matched '/element' to command name 'findElement'
[debug] &amp#27;[35m[WD Proxy]&amp#27;[39m Proxying [POST /element] to [POST http://127.0.0.1:8200/wd/hub/session/aa8a115a-5520-4e80-a267-3138eaa1dc88/element] with body: {"strategy":"xpath","selector":"//android.view.View[@text='Registered phone number']","context":"","multiple":false}
&amp#27;[35m[WD Proxy]&amp#27;[39m Got response with status 404: {"sessionId":"aa8a115a-5520-4e80-a267-3138eaa1dc88","value":{"error":"no such element","message":"An element could not be located on the page using the given search parameters","stacktrace":"io.appium.uiautomator2.common.exceptions.ElementNotFoundException: An element could not be located on the page using the given search parameters\n\tat io.appium.uiautomator2.handler.FindElement.findElement(FindElement.java:89)\n\tat io.appium.uiautomator2.handler.FindElement.safeHandle(FindElement.java:66)\n\tat io.appium.uiautomator2.handler.request.SafeRequestHandler.handle(SafeRequestHandler.java:41)\n\tat io.appium.uiautomator2.server.AppiumServlet.handleRequest(AppiumServlet.java:262)\n\tat io.appium.uiautomator2.server.AppiumServlet.handleHttpRequest(AppiumServlet.java:256)\n\tat io.appium.uiautomator2.http.ServerHandler.channelRead(ServerHandler.java:68)\n\tat io.netty.channel.AbstractChannelHandlerContext.invokeChannelRead(AbstractChannelHandlerContext.java:366)\n\tat io.netty.channel.AbstractChannelHandlerCont...
[debug] &amp#27;[35m[W3C]&amp#27;[39m Matched W3C error code 'no such element' to NoSuchElementError
[debug] &amp#27;[35m[BaseDriver]&amp#27;[39m Waited for 49397 ms so far
[debug] &amp#27;[35m[WD Proxy]&amp#27;[39m Matched '/element' to command name 'findElement'
[debug] &amp#27;[35m[WD Proxy]&amp#27;[39m Proxying [POST /element] to [POST http://127.0.0.1:8200/wd/hub/session/aa8a115a-5520-4e80-a267-3138eaa1dc88/element] with body: {"strategy":"xpath","selector":"//android.view.View[@text='Registered phone number']","context":"","multiple":false}
&amp#27;[35m[WD Proxy]&amp#27;[39m Got response with status 404: {"sessionId":"aa8a115a-5520-4e80-a267-3138eaa1dc88","value":{"error":"no such element","message":"An element could not be located on the page using the given search parameters","stacktrace":"io.appium.uiautomator2.common.exceptions.ElementNotFoundException: An element could not be located on the page using the given search parameters\n\tat io.appium.uiautomator2.handler.FindElement.findElement(FindElement.java:89)\n\tat io.appium.uiautomator2.handler.FindElement.safeHandle(FindElement.java:66)\n\tat io.appium.uiautomator2.handler.request.SafeRequestHandler.handle(SafeRequestHandler.java:41)\n\tat io.appium.uiautomator2.server.AppiumServlet.handleRequest(AppiumServlet.java:262)\n\tat io.appium.uiautomator2.server.AppiumServlet.handleHttpRequest(AppiumServlet.java:256)\n\tat io.appium.uiautomator2.http.ServerHandler.channelRead(ServerHandler.java:68)\n\tat io.netty.channel.AbstractChannelHandlerContext.invokeChannelRead(AbstractChannelHandlerContext.java:366)\n\tat io.netty.channel.AbstractChannelHandlerCont...
[debug] &amp#27;[35m[W3C]&amp#27;[39m Matched W3C error code 'no such element' to NoSuchElementError
[debug] &amp#27;[35m[BaseDriver]&amp#27;[39m Waited for 49988 ms so far
[debug] &amp#27;[35m[WD Proxy]&amp#27;[39m Matched '/element' to command name 'findElement'
[debug] &amp#27;[35m[WD Proxy]&amp#27;[39m Proxying [POST /element] to [POST http://127.0.0.1:8200/wd/hub/session/aa8a115a-5520-4e80-a267-3138eaa1dc88/element] with body: {"strategy":"xpath","selector":"//android.view.View[@text='Registered phone number']","context":"","multiple":false}
&amp#27;[35m[WD Proxy]&amp#27;[39m Got response with status 404: {"sessionId":"aa8a115a-5520-4e80-a267-3138eaa1dc88","value":{"error":"no such element","message":"An element could not be located on the page using the given search parameters","stacktrace":"io.appium.uiautomator2.common.exceptions.ElementNotFoundException: An element could not be located on the page using the given search parameters\n\tat io.appium.uiautomator2.handler.FindElement.findElement(FindElement.java:89)\n\tat io.appium.uiautomator2.handler.FindElement.safeHandle(FindElement.java:66)\n\tat io.appium.uiautomator2.handler.request.SafeRequestHandler.handle(SafeRequestHandler.java:41)\n\tat io.appium.uiautomator2.server.AppiumServlet.handleRequest(AppiumServlet.java:262)\n\tat io.appium.uiautomator2.server.AppiumServlet.handleHttpRequest(AppiumServlet.java:256)\n\tat io.appium.uiautomator2.http.ServerHandler.channelRead(ServerHandler.java:68)\n\tat io.netty.channel.AbstractChannelHandlerContext.invokeChannelRead(AbstractChannelHandlerContext.java:366)\n\tat io.netty.channel.AbstractChannelHandlerCont...
[debug] &amp#27;[35m[W3C]&amp#27;[39m Matched W3C error code 'no such element' to NoSuchElementError
[debug] &amp#27;[35m[W3C (bb6ff96a)]&amp#27;[39m Encountered internal error running command: NoSuchElementError: An element could not be located on the page using the given search parameters.
[debug] &amp#27;[35m[W3C (bb6ff96a)]&amp#27;[39m     at AndroidUiautomator2Driver.findElOrEls (C:\Users\Fayaz\AppData\Roaming\npm\node_modules\appium\node_modules\appium-android-driver\lib\commands\find.js:75:11)
[debug] &amp#27;[35m[W3C (bb6ff96a)]&amp#27;[39m     at processTicksAndRejections (internal/process/task_queues.js:95:5)
[debug] &amp#27;[35m[W3C (bb6ff96a)]&amp#27;[39m     at AndroidUiautomator2Driver.findElOrElsWithProcessing (C:\Users\Fayaz\AppData\Roaming\npm\node_modules\appium\node_modules\appium-base-driver\lib\basedriver\commands\find.js:33:12)
[debug] &amp#27;[35m[W3C (bb6ff96a)]&amp#27;[39m     at AndroidUiautomator2Driver.findElement (C:\Users\Fayaz\AppData\Roaming\npm\node_modules\appium\node_modules\appium-base-driver\lib\basedriver\commands\find.js:53:10)
&amp#27;[35m[HTTP]&amp#27;[39m &amp#27;[37m<-- POST /wd/hub/session/bb6ff96a-782e-4e80-ab55-ae5d87858470/element &amp#27;[39m&amp#27;[33m404&amp#27;[39m &amp#27;[90m50594 ms - 878&amp#27;[39m
&amp#27;[35m[HTTP]&amp#27;[39m &amp#27;[90m&amp#27;[39m
AccountsSearch
&amp#27;[35m[HTTP]&amp#27;[39m &amp#27;[37m-->&amp#27;[39m &amp#27;[37mGET&amp#27;[39m &amp#27;[37m/wd/hub/session/bb6ff96a-782e-4e80-ab55-ae5d87858470/screenshot&amp#27;[39m
&amp#27;[35m[HTTP]&amp#27;[39m &amp#27;[90m{}&amp#27;[39m
[debug] &amp#27;[35m[W3C (bb6ff96a)]&amp#27;[39m Calling AppiumDriver.getScreenshot() with args: ["bb6ff96a-782e-4e80-ab55-ae5d87858470"]
[debug] &amp#27;[35m[WD Proxy]&amp#27;[39m Matched '/screenshot' to command name 'getScreenshot'
[debug] &amp#27;[35m[WD Proxy]&amp#27;[39m Proxying [GET /screenshot] to [GET http://127.0.0.1:8200/wd/hub/session/aa8a115a-5520-4e80-a267-3138eaa1dc88/screenshot] with no body
[debug] &amp#27;[35m[WD Proxy]&amp#27;[39m Got response with status 200: {"sessionId":"aa8a115a-5520-4e80-a267-3138eaa1dc88","value":"iVBORw0KGgoAAAANSUhEUgAABDgAAAeACAYAAAArYecKAAAAAXNSR0IArs4c6QAAAARzQklUCAgI\nCHwIZIgAACAASURBVHic7N15fFTV/T/+1509e0iAAGFL2PdV2RQRVERwwV1bW9tqP63tp/XbXzet\nH5fWWruj1m52sRVFcQVEVARZZN9kX2WHkLAlISHLZOb8/pjt7nNnMjOZkNezj0juufeeeyczWO8r\n73OO9PSMlwSIiIiIiIiIiFoxW0vfABERERERERFRczHgICIiIiIiIqJWjwEHEREREREREbV6DDiI\niIiIiIiIqNVjwEFERERERERErR4DDiIiIiIiIiJq9RhwEBEREREREVGrx4CDiIiIiIiIiFo9BhxE\nRERERERE1Oox4CAiIiIiIiKiVo8BBxERERERERG1eo6WvgGilibZJGS3y0Sfy7qhdGRXFJUUIjPf\nAwC4WFWP00fO44tNx7F//RFcOHcRwi9a+I6JiIiIiIhITXp6xkt8WqO2RwI6dGuH6789AcX9O8Ju\ntwFSlHME4Pf5UXbgDD78yyqcOnQWaIV/e2x2Gzr2aAdIErLbZQAAas7XAUKg4sh5+H3+Fr5DIiIi\nIiKi2DHgoDYnpzAL3/3nXbDZLIQaRgTg9/vx7Mx/Q4j0/itkc9iQ2z4LXQcUoWv/jujQvQDuLBcA\nwOEMjFJr8gZCjYbaRpw+eg7H91Tg+O5yVJ+phb+JgQcRERERtW6eLBc6lhSiU2kh3FkuFJUWwhP8\nb2IAqK9tRPnBs2iobcSpg2dRcegs6msbW/COm6+otBDlB88m/RrXPjDW9JjF/1ib9PsI4RAVajPs\nTju+8uwMdO7THpIUb7IRJAUqIW58eCLm/3F5Ym4wwewOGwq65GHgxFKUDCtGZp4HmbmecLhhpKik\nAKUjuuJiVT0ObT2BXSsO4tzJ...
[debug] &amp#27;[35m[W3C (bb6ff96a)]&amp#27;[39m Responding to client with driver.getScreenshot() result: "iVBORw0KGgoAAAANSUhEUgAABDgAAAeACAYAAAArYecKAAAAAXNSR0IArs4c6QAAAARzQklUCAgI\nCHwIZIgAACAASURBVHic7N15fFTV/T/+1509e0iAAGFL2PdV2RQRVERwwV1bW9tqP63tp/XbXzet\nH5fWWruj1m52sRVFcQVEVARZZN9kX2WHkLAlISHLZOb8/pjt7nNnMjOZkNezj0juufeeeyczWO8r\n73OO9PSMlwSIiIiIiIiIiFoxW0vfABERERERERFRczHgICIiIiIiIqJWjwEHEREREREREbV6DDiI\niIiIiIiIqNVjwEFERERERERErR4DDiIiIiIiIiJq9RhwEBEREREREVGrx4CDiIiIiIiIiFo9BhxE\nRERERERE1Oox4CAiIiIiIiKiVo8BBxERERERERG1eo6WvgGilibZJGS3y0Sfy7qhdGRXFJUUIjPf\nAwC4WFWP00fO44tNx7F//RFcOHcRwi9a+I6JiIiIiIhITXp6xkt8WqO2RwI6dGuH6789AcX9O8Ju\ntwFSlHME4Pf5UXbgDD78yyqcOnQWaIV/e2x2Gzr2aAdIErLbZQAAas7XAUKg4sh5+H3+Fr5DIiIi\nIiKi2DHgoDYnpzAL3/3nXbDZLIQaRgTg9/vx7Mx/Q4j0/itkc9iQ2z4LXQcUoWv/jujQvQDuLBcA\nwOEMjFJr8gZCjYbaRpw+eg7H91Tg+O5yVJ+phb+JgQcRERERtW6eLBc6lhSiU2kh3FkuFJUWwhP8\nb2IAqK9tRPnBs2iobcSpg2dRcegs6msbW/COm6+otBDlB88m/RrXPjDW9JjF/1ib9PsI4RAVajPs\nTju+8uwMdO7THpIUb7IRJAUqIW58eCLm/3F5Ym4wwewOGwq65GHgxFKUDCtGZp4HmbmecLhhpKik\nAKUjuuJiVT0ObT2BXSsO4tzJKvhaUdDh8jgx9Jo+yOuYE/O59TUNOLj5OCqOnIfP60vC3RERERFR\nKuR1zE...
&amp#27;[35m[HTTP]&amp#27;[39m &amp#27;[37m<-- GET /wd/hub/session/bb6ff96a-782e-4e80-ab55-ae5d87858470/screenshot &amp#27;[39m&amp#27;[32m200&amp#27;[39m &amp#27;[90m526 ms - 274248&amp#27;[39m
&amp#27;[35m[HTTP]&amp#27;[39m &amp#27;[90m&amp#27;[39m
]]></system-out>
    <system-err><![CDATA[Dec 08, 2021 2:31:56 PM io.appium.java_client.remote.AppiumCommandExecutor$1 lambda$0
INFO: Detected dialect: W3C
]]></system-err>
  </testcase>
  <testcase name="AllAccountsAdd[7760305049, 7760305049, 0082](1)" classname="AA.Anumati.AddAllAccounts" time="72.42">
    <system-out><![CDATA[C:\Users\Fayaz\Appium\Anumati
[debug] &amp#27;[35m[HTTP]&amp#27;[39m Request idempotency key: 0a73cceb-b1ef-4dfe-9834-57fa05c55382
&amp#27;[35m[HTTP]&amp#27;[39m &amp#27;[37m-->&amp#27;[39m &amp#27;[37mPOST&amp#27;[39m &amp#27;[37m/wd/hub/session&amp#27;[39m
&amp#27;[35m[HTTP]&amp#27;[39m &amp#27;[90m{"desiredCapabilities":{"app":"C:\\Users\\Fayaz\\Appium\\Anumati\\src\\Anumati.apk","newCommandTimeout":14,"automationName":"uiautomator2","autoGrantPermissions":"true","chromeOptions":{"w3c":false},"platformName":"Android","deviceName":"Fayaz_Emulator2"},"capabilities":{"firstMatch":[{"appium:app":"C:\\Users\\Fayaz\\Appium\\Anumati\\src\\Anumati.apk","appium:autoGrantPermissions":"true","appium:automationName":"uiautomator2","appium:chromeOptions":{"w3c":false},"appium:deviceName":"Fayaz_Emulator2","goog:chromeOptions":{"w3c":false},"appium:newCommandTimeout":14,"platformName":"android"}]}}&amp#27;[39m
[debug] &amp#27;[35m[W3C]&amp#27;[39m Calling AppiumDriver.createSession() with args: [{"app":"C:\\Users\\Fayaz\\Appium\\Anumati\\src\\Anumati.apk","newCommandTimeout":14,"automationName":"uiautomator2","autoGrantPermissions":"true","chromeOptions":{"w3c":false},"platformName":"Android","deviceName":"Fayaz_Emulator2"},null,{"firstMatch":[{"appium:app":"C:\\Users\\Fayaz\\Appium\\Anumati\\src\\Anumati.apk","appium:autoGrantPermissions":"true","appium:automationName":"uiautomator2","appium:chromeOptions":{"w3c":false},"appium:deviceName":"Fayaz_Emulator2","goog:chromeOptions":{"w3c":false},"appium:newCommandTimeout":14,"platformName":"android"}]}]
[debug] &amp#27;[35m[BaseDriver]&amp#27;[39m Event 'newSessionRequested' logged at 1638954199870 (14:33:19 GMT+0530 (India Standard Time))
&amp#27;[35m[Appium]&amp#27;[39m Appium v1.21.0 creating new AndroidUiautomator2Driver (v1.65.0) session
[debug] &amp#27;[35m[BaseDriver]&amp#27;[39m W3C capabilities and MJSONWP desired capabilities were provided
[debug] &amp#27;[35m[BaseDriver]&amp#27;[39m Creating session with W3C capabilities: {
[debug] &amp#27;[35m[BaseDriver]&amp#27;[39m   "alwaysMatch": {
[debug] &amp#27;[35m[BaseDriver]&amp#27;[39m     "goog:chromeOptions": {
[debug] &amp#27;[35m[BaseDriver]&amp#27;[39m       "w3c": false
[debug] &amp#27;[35m[BaseDriver]&amp#27;[39m     },
[debug] &amp#27;[35m[BaseDriver]&amp#27;[39m     "platformName": "android",
[debug] &amp#27;[35m[BaseDriver]&amp#27;[39m     "appium:app": "C:\\Users\\Fayaz\\Appium\\Anumati\\src\\Anumati.apk",
[debug] &amp#27;[35m[BaseDriver]&amp#27;[39m     "appium:autoGrantPermissions": "true",
[debug] &amp#27;[35m[BaseDriver]&amp#27;[39m     "appium:automationName": "uiautomator2",
[debug] &amp#27;[35m[BaseDriver]&amp#27;[39m     "appium:chromeOptions": {
[debug] &amp#27;[35m[BaseDriver]&amp#27;[39m       "w3c": false
[debug] &amp#27;[35m[BaseDriver]&amp#27;[39m     },
[debug] &amp#27;[35m[BaseDriver]&amp#27;[39m     "appium:deviceName": "Fayaz_Emulator2",
[debug] &amp#27;[35m[BaseDriver]&amp#27;[39m     "appium:newCommandTimeout": 14
[debug] &amp#27;[35m[BaseDriver]&amp#27;[39m   },
[debug] &amp#27;[35m[BaseDriver]&amp#27;[39m   "firstMatch": [
[debug] &amp#27;[35m[BaseDriver]&amp#27;[39m     {}
[debug] &amp#27;[35m[BaseDriver]&amp#27;[39m   ]
[debug] &amp#27;[35m[BaseDriver]&amp#27;[39m }
&amp#27;[35m[BaseDriver]&amp#27;[39m Capability 'autoGrantPermissions' changed from string to boolean. This may cause unexpected behavior
&amp#27;[35m[BaseDriver]&amp#27;[39m The following capabilities were provided, but are not recognized by Appium:
&amp#27;[35m[BaseDriver]&amp#27;[39m   goog:chromeOptions
&amp#27;[35m[BaseDriver]&amp#27;[39m Session created with session id: be98d240-8e71-4adf-a451-d07c90f6f8f2
&amp#27;[35m[BaseDriver]&amp#27;[39m Using local app 'C:\Users\Fayaz\Appium\Anumati\src\Anumati.apk'
[debug] &amp#27;[35m[UiAutomator2]&amp#27;[39m Checking whether app is actually present
&amp#27;[35m[ADB]&amp#27;[39m Using 'adb.exe' from 'C:\Users\Fayaz\AppData\Local\Android\Sdk\platform-tools\adb.exe'
[debug] &amp#27;[35m[ADB]&amp#27;[39m Running 'C:\Users\Fayaz\AppData\Local\Android\Sdk\platform-tools\adb.exe -P 5037 start-server'
&amp#27;[35m[AndroidDriver]&amp#27;[39m Retrieving device list
[debug] &amp#27;[35m[ADB]&amp#27;[39m Trying to find a connected android device
[debug] &amp#27;[35m[ADB]&amp#27;[39m Getting connected devices
[debug] &amp#27;[35m[ADB]&amp#27;[39m Connected devices: [{"udid":"emulator-5554","state":"device"}]
&amp#27;[35m[AndroidDriver]&amp#27;[39m Using device: emulator-5554
&amp#27;[35m[ADB]&amp#27;[39m Using 'adb.exe' from 'C:\Users\Fayaz\AppData\Local\Android\Sdk\platform-tools\adb.exe'
[debug] &amp#27;[35m[ADB]&amp#27;[39m Running 'C:\Users\Fayaz\AppData\Local\Android\Sdk\platform-tools\adb.exe -P 5037 start-server'
[debug] &amp#27;[35m[ADB]&amp#27;[39m Setting device id to emulator-5554
[debug] &amp#27;[35m[ADB]&amp#27;[39m Running 'C:\Users\Fayaz\AppData\Local\Android\Sdk\platform-tools\adb.exe -P 5037 -s emulator-5554 shell getprop ro.build.version.sdk'
[debug] &amp#27;[35m[ADB]&amp#27;[39m Current device property 'ro.build.version.sdk': 30
&amp#27;[35m[ADB]&amp#27;[39m Getting device platform version
[debug] &amp#27;[35m[ADB]&amp#27;[39m Running 'C:\Users\Fayaz\AppData\Local\Android\Sdk\platform-tools\adb.exe -P 5037 -s emulator-5554 shell getprop ro.build.version.release'
[debug] &amp#27;[35m[ADB]&amp#27;[39m Current device property 'ro.build.version.release': 11
[debug] &amp#27;[35m[ADB]&amp#27;[39m Device API level: 30
&amp#27;[35m[UiAutomator2]&amp#27;[39m Relaxing hidden api policy
[debug] &amp#27;[35m[ADB]&amp#27;[39m Running 'C:\Users\Fayaz\AppData\Local\Android\Sdk\platform-tools\adb.exe -P 5037 -s emulator-5554 shell 'settings put global hidden_api_policy_pre_p_apps 1;settings put global hidden_api_policy_p_apps 1;settings put global hidden_api_policy 1''
[debug] &amp#27;[35m[AndroidDriver]&amp#27;[39m Parsing package and activity from app manifest
&amp#27;[35m[ADB]&amp#27;[39m Package name: 'com.anumati'
&amp#27;[35m[ADB]&amp#27;[39m Main activity name: 'com.aa.MainActivity'
[debug] &amp#27;[35m[AndroidDriver]&amp#27;[39m Parsed package and activity are: com.anumati/com.aa.MainActivity
[debug] &amp#27;[35m[ADB]&amp#27;[39m Running 'C:\Users\Fayaz\AppData\Local\Android\Sdk\platform-tools\adb.exe -P 5037 -s emulator-5554 wait-for-device'
[debug] &amp#27;[35m[ADB]&amp#27;[39m Running 'C:\Users\Fayaz\AppData\Local\Android\Sdk\platform-tools\adb.exe -P 5037 -s emulator-5554 shell echo ping'
[debug] &amp#27;[35m[AndroidDriver]&amp#27;[39m Pushing settings apk to device...
[debug] &amp#27;[35m[ADB]&amp#27;[39m Getting install status for io.appium.settings
[debug] &amp#27;[35m[ADB]&amp#27;[39m Running 'C:\Users\Fayaz\AppData\Local\Android\Sdk\platform-tools\adb.exe -P 5037 -s emulator-5554 shell dumpsys package io.appium.settings'
[debug] &amp#27;[35m[ADB]&amp#27;[39m 'io.appium.settings' is installed
[debug] &amp#27;[35m[ADB]&amp#27;[39m Getting package info for 'io.appium.settings'
[debug] &amp#27;[35m[ADB]&amp#27;[39m Running 'C:\Users\Fayaz\AppData\Local\Android\Sdk\platform-tools\adb.exe -P 5037 -s emulator-5554 shell dumpsys package io.appium.settings'
[debug] &amp#27;[35m[ADB]&amp#27;[39m The version code of the installed 'io.appium.settings' is greater than the application version code (30 > 29)
[debug] &amp#27;[35m[ADB]&amp#27;[39m There is no need to downgrade 'io.appium.settings'
[debug] &amp#27;[35m[ADB]&amp#27;[39m Getting IDs of all 'io.appium.settings' processes
[debug] &amp#27;[35m[ADB]&amp#27;[39m Running 'C:\Users\Fayaz\AppData\Local\Android\Sdk\platform-tools\adb.exe -P 5037 -s emulator-5554 shell 'pgrep --help; echo $?''
[debug] &amp#27;[35m[ADB]&amp#27;[39m Running 'C:\Users\Fayaz\AppData\Local\Android\Sdk\platform-tools\adb.exe -P 5037 -s emulator-5554 shell pgrep -f \(\[\[:blank:\]\]\|\^\)io\.appium\.settings\(\[\[:blank:\]\]\|\$\)'
[debug] &amp#27;[35m[AndroidDriver]&amp#27;[39m io.appium.settings is already running. There is no need to reset its permissions.
[debug] &amp#27;[35m[Logcat]&amp#27;[39m Starting logs capture with command: C:\\Users\\Fayaz\\AppData\\Local\\Android\\Sdk\\platform-tools\\adb.exe -P 5037 -s emulator-5554 logcat -v threadtime
[debug] &amp#27;[35m[UiAutomator2]&amp#27;[39m Forwarding UiAutomator2 Server port 6790 to local port 8201
[debug] &amp#27;[35m[ADB]&amp#27;[39m Forwarding system: 8201 to device: 6790
[debug] &amp#27;[35m[ADB]&amp#27;[39m Running 'C:\Users\Fayaz\AppData\Local\Android\Sdk\platform-tools\adb.exe -P 5037 -s emulator-5554 forward tcp:8201 tcp:6790'
[debug] &amp#27;[35m[ADB]&amp#27;[39m Getting install status for io.appium.uiautomator2.server
[debug] &amp#27;[35m[ADB]&amp#27;[39m Running 'C:\Users\Fayaz\AppData\Local\Android\Sdk\platform-tools\adb.exe -P 5037 -s emulator-5554 shell dumpsys package io.appium.uiautomator2.server'
[debug] &amp#27;[35m[ADB]&amp#27;[39m 'io.appium.uiautomator2.server' is installed
[debug] &amp#27;[35m[ADB]&amp#27;[39m Getting package info for 'io.appium.uiautomator2.server'
[debug] &amp#27;[35m[ADB]&amp#27;[39m Running 'C:\Users\Fayaz\AppData\Local\Android\Sdk\platform-tools\adb.exe -P 5037 -s emulator-5554 shell dumpsys package io.appium.uiautomator2.server'
[debug] &amp#27;[35m[ADB]&amp#27;[39m The version name of the installed 'io.appium.uiautomator2.server' is greater or equal to the application version name ('4.21.1' >= '4.21.1')
[debug] &amp#27;[35m[UiAutomator2]&amp#27;[39m io.appium.uiautomator2.server installation state: sameVersionInstalled
[debug] &amp#27;[35m[ADB]&amp#27;[39m Checking app cert for C:\Users\Fayaz\AppData\Roaming\npm\node_modules\appium\node_modules\appium-uiautomator2-server\apks\appium-uiautomator2-server-v4.21.1.apk
&amp#27;[35m[ADB]&amp#27;[39m Using 'apksigner.jar' from 'C:\Users\Fayaz\AppData\Local\Android\Sdk\build-tools\31.0.0\lib\apksigner.jar'
[debug] &amp#27;[35m[ADB]&amp#27;[39m Starting apksigner: 'C:\\Program Files\\Amazon Corretto\\jdk1.8.0_312\\bin\\java.exe' -Xmx1024M -Xss1m -jar C:\\Users\\Fayaz\\AppData\\Local\\Android\\Sdk\\build-tools\\31.0.0\\lib\\apksigner.jar verify --print-certs C:\\Users\\Fayaz\\AppData\\Roaming\\npm\\node_modules\\appium\\node_modules\\appium-uiautomator2-server\\apks\\appium-uiautomator2-server-v4.21.1.apk
&amp#27;[35m[BaseDriver]&amp#27;[39m Shutting down because we waited 14 seconds for a command
&amp#27;[35m[Appium]&amp#27;[39m Closing session, cause was 'New Command Timeout of 14 seconds expired. Try customizing the timeout using the 'newCommandTimeout' desired capability'
&amp#27;[35m[Appium]&amp#27;[39m Removing session 'bb6ff96a-782e-4e80-ab55-ae5d87858470' from our master session list
[debug] &amp#27;[35m[UiAutomator2]&amp#27;[39m Deleting UiAutomator2 session
[debug] &amp#27;[35m[UiAutomator2]&amp#27;[39m Deleting UiAutomator2 server session
[debug] &amp#27;[35m[WD Proxy]&amp#27;[39m Matched '/' to command name 'deleteSession'
[debug] &amp#27;[35m[WD Proxy]&amp#27;[39m Proxying [DELETE /] to [DELETE http://127.0.0.1:8200/wd/hub/session/aa8a115a-5520-4e80-a267-3138eaa1dc88] with no body
[debug] &amp#27;[35m[WD Proxy]&amp#27;[39m Got response with status 200: {"sessionId":"aa8a115a-5520-4e80-a267-3138eaa1dc88","value":null}
[debug] &amp#27;[35m[ADB]&amp#27;[39m Running 'C:\Users\Fayaz\AppData\Local\Android\Sdk\platform-tools\adb.exe -P 5037 -s emulator-5554 shell am force-stop com.anumati'
[debug] &amp#27;[35m[Logcat]&amp#27;[39m Stopping logcat capture
[debug] &amp#27;[35m[ADB]&amp#27;[39m Removing forwarded port socket connection: 8200 
[debug] &amp#27;[35m[ADB]&amp#27;[39m Running 'C:\Users\Fayaz\AppData\Local\Android\Sdk\platform-tools\adb.exe -P 5037 -s emulator-5554 forward --remove tcp:8200'
[debug] &amp#27;[35m[Instrumentation]&amp#27;[39m .
[debug] &amp#27;[35m[Instrumentation]&amp#27;[39m Time: 98.496
[debug] &amp#27;[35m[Instrumentation]&amp#27;[39m 
[debug] &amp#27;[35m[Instrumentation]&amp#27;[39m OK (1 test)
&amp#27;[35m[UiAutomator2]&amp#27;[39m Restoring hidden api policy to the device default configuration
[debug] &amp#27;[35m[ADB]&amp#27;[39m Running 'C:\Users\Fayaz\AppData\Local\Android\Sdk\platform-tools\adb.exe -P 5037 -s emulator-5554 shell 'settings delete global hidden_api_policy_pre_p_apps;settings delete global hidden_api_policy_p_apps;settings delete global hidden_api_policy''
[debug] &amp#27;[35m[ADB]&amp#27;[39m apksigner stdout: Signer #1 certificate DN: EMAILADDRESS=android@android.com, CN=Android, OU=Android, O=Android, L=Mountain View, ST=California, C=US
[debug] &amp#27;[35m[ADB]&amp#27;[39m Signer #1 certificate SHA-256 digest: a40da80a59d170caa950cf15c18c454d47a39b26989d8b640ecd745ba71bf5dc
[debug] &amp#27;[35m[ADB]&amp#27;[39m Signer #1 certificate SHA-1 digest: 61ed377e85d386a8dfee6b864bd85b0bfaa5af81
[debug] &amp#27;[35m[ADB]&amp#27;[39m Signer #1 certificate MD5 digest: e89b158e4bcf988ebd09eb83f5378e87
[debug] &amp#27;[35m[ADB]&amp#27;[39m 
[debug] &amp#27;[35m[ADB]&amp#27;[39m sha256 hash did match for 'appium-uiautomator2-server-v4.21.1.apk'
&amp#27;[35m[ADB]&amp#27;[39m 'C:\Users\Fayaz\AppData\Roaming\npm\node_modules\appium\node_modules\appium-uiautomator2-server\apks\appium-uiautomator2-server-v4.21.1.apk' is signed with the default certificate
[debug] &amp#27;[35m[ADB]&amp#27;[39m Getting install status for io.appium.uiautomator2.server.test
[debug] &amp#27;[35m[ADB]&amp#27;[39m Running 'C:\Users\Fayaz\AppData\Local\Android\Sdk\platform-tools\adb.exe -P 5037 -s emulator-5554 shell dumpsys package io.appium.uiautomator2.server.test'
[debug] &amp#27;[35m[Instrumentation]&amp#27;[39m The process has exited with code 0
[debug] &amp#27;[35m[ADB]&amp#27;[39m 'io.appium.uiautomator2.server.test' is installed
[debug] &amp#27;[35m[ADB]&amp#27;[39m Checking app cert for C:\Users\Fayaz\AppData\Roaming\npm\node_modules\appium\node_modules\appium-uiautomator2-server\apks\appium-uiautomator2-server-debug-androidTest.apk
[debug] &amp#27;[35m[ADB]&amp#27;[39m Starting apksigner: 'C:\\Program Files\\Amazon Corretto\\jdk1.8.0_312\\bin\\java.exe' -Xmx1024M -Xss1m -jar C:\\Users\\Fayaz\\AppData\\Local\\Android\\Sdk\\build-tools\\31.0.0\\lib\\apksigner.jar verify --print-certs C:\\Users\\Fayaz\\AppData\\Roaming\\npm\\node_modules\\appium\\node_modules\\appium-uiautomator2-server\\apks\\appium-uiautomator2-server-debug-androidTest.apk
[debug] &amp#27;[35m[ADB]&amp#27;[39m apksigner stdout: Signer #1 certificate DN: EMAILADDRESS=android@android.com, CN=Android, OU=Android, O=Android, L=Mountain View, ST=California, C=US
[debug] &amp#27;[35m[ADB]&amp#27;[39m Signer #1 certificate SHA-256 digest: a40da80a59d170caa950cf15c18c454d47a39b26989d8b640ecd745ba71bf5dc
[debug] &amp#27;[35m[ADB]&amp#27;[39m Signer #1 certificate SHA-1 digest: 61ed377e85d386a8dfee6b864bd85b0bfaa5af81
[debug] &amp#27;[35m[ADB]&amp#27;[39m Signer #1 certificate MD5 digest: e89b158e4bcf988ebd09eb83f5378e87
[debug] &amp#27;[35m[ADB]&amp#27;[39m 
[debug] &amp#27;[35m[ADB]&amp#27;[39m sha256 hash did match for 'appium-uiautomator2-server-debug-androidTest.apk'
&amp#27;[35m[ADB]&amp#27;[39m 'C:\Users\Fayaz\AppData\Roaming\npm\node_modules\appium\node_modules\appium-uiautomator2-server\apks\appium-uiautomator2-server-debug-androidTest.apk' is signed with the default certificate
&amp#27;[35m[UiAutomator2]&amp#27;[39m Server packages are not going to be (re)installed
[debug] &amp#27;[35m[UiAutomator2]&amp#27;[39m Waiting up to 30000ms for services to be available
[debug] &amp#27;[35m[ADB]&amp#27;[39m Running 'C:\Users\Fayaz\AppData\Local\Android\Sdk\platform-tools\adb.exe -P 5037 -s emulator-5554 shell pm list instrumentation'
[debug] &amp#27;[35m[UiAutomator2]&amp#27;[39m Instrumentation target 'io.appium.uiautomator2.server.test/androidx.test.runner.AndroidJUnitRunner' is available
&amp#27;[35m[ADB]&amp#27;[39m Adding packages ["io.appium.settings","io.appium.uiautomator2.server","io.appium.uiautomator2.server.test"] to Doze whitelist
[debug] &amp#27;[35m[ADB]&amp#27;[39m Got the following command chunks to execute: [["dumpsys","deviceidle","whitelist","+io.appium.settings",";","dumpsys","deviceidle","whitelist","+io.appium.uiautomator2.server",";","dumpsys","deviceidle","whitelist","+io.appium.uiautomator2.server.test",";"]]
[debug] &amp#27;[35m[ADB]&amp#27;[39m Running 'C:\Users\Fayaz\AppData\Local\Android\Sdk\platform-tools\adb.exe -P 5037 -s emulator-5554 shell dumpsys deviceidle whitelist +io.appium.settings ; dumpsys deviceidle whitelist +io.appium.uiautomator2.server ; dumpsys deviceidle whitelist +io.appium.uiautomator2.server.test ;'
[debug] &amp#27;[35m[ADB]&amp#27;[39m Checking app cert for C:\Users\Fayaz\Appium\Anumati\src\Anumati.apk
[debug] &amp#27;[35m[ADB]&amp#27;[39m Starting apksigner: 'C:\\Program Files\\Amazon Corretto\\jdk1.8.0_312\\bin\\java.exe' -Xmx1024M -Xss1m -jar C:\\Users\\Fayaz\\AppData\\Local\\Android\\Sdk\\build-tools\\31.0.0\\lib\\apksigner.jar verify --print-certs C:\\Users\\Fayaz\\Appium\\Anumati\\src\\Anumati.apk
[debug] &amp#27;[35m[ADB]&amp#27;[39m apksigner stdout: Signer #1 certificate DN: CN=Android, OU=Android, O=Google Inc., L=Mountain View, ST=California, C=US
[debug] &amp#27;[35m[ADB]&amp#27;[39m Signer #1 certificate SHA-256 digest: 4730d6e1d0dc8733c1c2302d2b7ccedc5b85a93b2ac0e3a2971a6537173a90bb
[debug] &amp#27;[35m[ADB]&amp#27;[39m Signer #1 certificate SHA-1 digest: 27bcf6fcdf4384e29a8ba18048cbef83538d03e9
[debug] &amp#27;[35m[ADB]&amp#27;[39m Signer #1 certificate MD5 digest: d666c04c85a355f0835d049f3c545d7f
[debug] &amp#27;[35m[ADB]&amp#27;[39m Source Stamp Signer certificate DN: CN=Android, OU=Android, O=Google Inc., L=Mountain View, ST=California, C=US
[debug] &amp#27;[35m[ADB]&amp#27;[39m Source Stamp Signer certificate SHA-256 digest: 3257d599a49d2c961a471ca9843f59d341a405884583fc087df4237b733bbd6d
[debug] &amp#27;[35m[ADB]&amp#27;[39m Source Stamp Signer certificate SHA-1 digest: b1af3a0bf998aeede1a8716a539e5a59da1d86d6
[debug] &amp#27;[35m[ADB]&amp#27;[39m Source Stamp Signer certificate MD5 digest: 577b8a9fbc7e308321aec6411169d2fb
[debug] &amp#27;[35m[ADB]&amp#27;[39m 
&amp#27;[35m[ADB]&amp#27;[39m 'C:\Users\Fayaz\Appium\Anumati\src\Anumati.apk' is signed with a non-default certificate
[debug] &amp#27;[35m[ADB]&amp#27;[39m Getting install status for com.anumati
[debug] &amp#27;[35m[ADB]&amp#27;[39m Running 'C:\Users\Fayaz\AppData\Local\Android\Sdk\platform-tools\adb.exe -P 5037 -s emulator-5554 shell dumpsys package com.anumati'
[debug] &amp#27;[35m[ADB]&amp#27;[39m 'com.anumati' is installed
[debug] &amp#27;[35m[ADB]&amp#27;[39m Getting package info for 'com.anumati'
[debug] &amp#27;[35m[ADB]&amp#27;[39m Running 'C:\Users\Fayaz\AppData\Local\Android\Sdk\platform-tools\adb.exe -P 5037 -s emulator-5554 shell dumpsys package com.anumati'
[debug] &amp#27;[35m[ADB]&amp#27;[39m The version name of the installed 'com.anumati' is greater or equal to the application version name ('1.0.0' >= '1.0.0')
[debug] &amp#27;[35m[ADB]&amp#27;[39m There is no need to install/upgrade 'C:\Users\Fayaz\Appium\Anumati\src\Anumati.apk'
&amp#27;[35m[AndroidDriver]&amp#27;[39m Performing fast reset on 'com.anumati'
[debug] &amp#27;[35m[ADB]&amp#27;[39m Getting install status for com.anumati
[debug] &amp#27;[35m[ADB]&amp#27;[39m Running 'C:\Users\Fayaz\AppData\Local\Android\Sdk\platform-tools\adb.exe -P 5037 -s emulator-5554 shell dumpsys package com.anumati'
[debug] &amp#27;[35m[ADB]&amp#27;[39m 'com.anumati' is installed
[debug] &amp#27;[35m[ADB]&amp#27;[39m Running 'C:\Users\Fayaz\AppData\Local\Android\Sdk\platform-tools\adb.exe -P 5037 -s emulator-5554 shell am force-stop com.anumati'
[debug] &amp#27;[35m[ADB]&amp#27;[39m Running 'C:\Users\Fayaz\AppData\Local\Android\Sdk\platform-tools\adb.exe -P 5037 -s emulator-5554 shell pm clear com.anumati'
[debug] &amp#27;[35m[ADB]&amp#27;[39m Running 'C:\Users\Fayaz\AppData\Local\Android\Sdk\platform-tools\adb.exe -P 5037 -s emulator-5554 shell dumpsys package com.anumati'
[debug] &amp#27;[35m[ADB]&amp#27;[39m Retrieving requested permissions
[debug] &amp#27;[35m[ADB]&amp#27;[39m Retrieved 6 permissions from requested group
[debug] &amp#27;[35m[ADB]&amp#27;[39m Retrieving granted permissions
[debug] &amp#27;[35m[ADB]&amp#27;[39m Retrieved 1 permission from install,runtime groups
[debug] &amp#27;[35m[ADB]&amp#27;[39m Granting permissions ["android.permission.READ_EXTERNAL_STORAGE","android.permission.WRITE_EXTERNAL_STORAGE","android.permission.READ_EXTERNAL_STORAGE","android.permission.WRITE_EXTERNAL_STORAGE"] to 'com.anumati'
[debug] &amp#27;[35m[ADB]&amp#27;[39m Got the following command chunks to execute: [["pm","grant","com.anumati","android.permission.READ_EXTERNAL_STORAGE",";","pm","grant","com.anumati","android.permission.WRITE_EXTERNAL_STORAGE",";","pm","grant","com.anumati","android.permission.READ_EXTERNAL_STORAGE",";","pm","grant","com.anumati","android.permission.WRITE_EXTERNAL_STORAGE",";"]]
[debug] &amp#27;[35m[ADB]&amp#27;[39m Running 'C:\Users\Fayaz\AppData\Local\Android\Sdk\platform-tools\adb.exe -P 5037 -s emulator-5554 shell pm grant com.anumati android.permission.READ_EXTERNAL_STORAGE ; pm grant com.anumati android.permission.WRITE_EXTERNAL_STORAGE ; pm grant com.anumati android.permission.READ_EXTERNAL_STORAGE ; pm grant com.anumati android.permission.WRITE_EXTERNAL_STORAGE ;'
[debug] &amp#27;[35m[AndroidDriver]&amp#27;[39m Performed fast reset on the installed 'com.anumati' application (stop and clear)
[debug] &amp#27;[35m[UiAutomator2]&amp#27;[39m Performing shallow cleanup of automation leftovers
[debug] &amp#27;[35m[UiAutomator2]&amp#27;[39m No obsolete sessions have been detected (socket hang up)
[debug] &amp#27;[35m[ADB]&amp#27;[39m Running 'C:\Users\Fayaz\AppData\Local\Android\Sdk\platform-tools\adb.exe -P 5037 -s emulator-5554 shell am force-stop io.appium.uiautomator2.server.test'
&amp#27;[35m[UiAutomator2]&amp#27;[39m Starting UIAutomator2 server 4.21.1
&amp#27;[35m[UiAutomator2]&amp#27;[39m Using UIAutomator2 server from 'C:\Users\Fayaz\AppData\Roaming\npm\node_modules\appium\node_modules\appium-uiautomator2-server\apks\appium-uiautomator2-server-v4.21.1.apk' and test from 'C:\Users\Fayaz\AppData\Roaming\npm\node_modules\appium\node_modules\appium-uiautomator2-server\apks\appium-uiautomator2-server-debug-androidTest.apk'
&amp#27;[35m[UiAutomator2]&amp#27;[39m Waiting up to 30000ms for UiAutomator2 to be online...
[debug] &amp#27;[35m[ADB]&amp#27;[39m Creating ADB subprocess with args: ["-P",5037,"-s","emulator-5554","shell","am","instrument","-w","-e","disableAnalytics",true,"io.appium.uiautomator2.server.test/androidx.test.runner.AndroidJUnitRunner"]
[debug] &amp#27;[35m[WD Proxy]&amp#27;[39m Matched '/status' to command name 'getStatus'
[debug] &amp#27;[35m[WD Proxy]&amp#27;[39m Proxying [GET /status] to [GET http://127.0.0.1:8201/wd/hub/status] with no body
&amp#27;[35m[WD Proxy]&amp#27;[39m socket hang up
[debug] &amp#27;[35m[WD Proxy]&amp#27;[39m Matched '/status' to command name 'getStatus'
[debug] &amp#27;[35m[WD Proxy]&amp#27;[39m Proxying [GET /status] to [GET http://127.0.0.1:8201/wd/hub/status] with no body
&amp#27;[35m[WD Proxy]&amp#27;[39m socket hang up
[debug] &amp#27;[35m[Instrumentation]&amp#27;[39m io.appium.uiautomator2.server.test.AppiumUiAutomator2Server:
[debug] &amp#27;[35m[WD Proxy]&amp#27;[39m Matched '/status' to command name 'getStatus'
[debug] &amp#27;[35m[WD Proxy]&amp#27;[39m Proxying [GET /status] to [GET http://127.0.0.1:8201/wd/hub/status] with no body
&amp#27;[35m[WD Proxy]&amp#27;[39m socket hang up
[debug] &amp#27;[35m[WD Proxy]&amp#27;[39m Matched '/status' to command name 'getStatus'
[debug] &amp#27;[35m[WD Proxy]&amp#27;[39m Proxying [GET /status] to [GET http://127.0.0.1:8201/wd/hub/status] with no body
[debug] &amp#27;[35m[WD Proxy]&amp#27;[39m Got response with status 200: {"sessionId":"None","value":{"message":"UiAutomator2 Server is ready to accept commands","ready":true}}
[debug] &amp#27;[35m[UiAutomator2]&amp#27;[39m The initialization of the instrumentation process took 3279ms
[debug] &amp#27;[35m[WD Proxy]&amp#27;[39m Matched '/session' to command name 'createSession'
[debug] &amp#27;[35m[WD Proxy]&amp#27;[39m Proxying [POST /session] to [POST http://127.0.0.1:8201/wd/hub/session] with body: {"capabilities":{"firstMatch":[{"platform":"LINUX","webStorageEnabled":false,"takesScreenshot":true,"javascriptEnabled":true,"databaseEnabled":false,"networkConnectionEnabled":true,"locationContextEnabled":false,"warnings":{},"desired":{"goog:chromeOptions":{"w3c":false},"platformName":"android","app":"C:\\Users\\Fayaz\\Appium\\Anumati\\src\\Anumati.apk","autoGrantPermissions":true,"automationName":"uiautomator2","chromeOptions":{"w3c":false},"deviceName":"Fayaz_Emulator2","newCommandTimeout":14},"goog:chromeOptions":{"w3c":false},"platformName":"android","app":"C:\\Users\\Fayaz\\Appium\\Anumati\\src\\Anumati.apk","autoGrantPermissions":true,"automationName":"uiautomator2","chromeOptions":{"w3c":false},"deviceName":"emulator-5554","newCommandTimeout":14,"deviceUDID":"emulator-5554","appPackage":"com.anumati"}],"alwaysMatch":{}}}
[debug] &amp#27;[35m[WD Proxy]&amp#27;[39m Got response with status 200: {"sessionId":"a6be5ef6-dac3-4f1b-8d9b-1af58d81aba3","value":{"capabilities":{"firstMatch":[{"platform":"LINUX","webStorageEnabled":false,"takesScreenshot":true,"javascriptEnabled":true,"databaseEnabled":false,"networkConnectionEnabled":true,"locationContextEnabled":false,"warnings":{},"desired":{"goog:chromeOptions":{"w3c":false},"platformName":"android","app":"C:\\Users\\Fayaz\\Appium\\Anumati\\src\\Anumati.apk","autoGrantPermissions":true,"automationName":"uiautomator2","chromeOptions":{"w3c":false},"deviceName":"Fayaz_Emulator2","newCommandTimeout":14},"goog:chromeOptions":{"w3c":false},"platformName":"android","app":"C:\\Users\\Fayaz\\Appium\\Anumati\\src\\Anumati.apk","autoGrantPermissions":true,"automationName":"uiautomator2","chromeOptions":{"w3c":false},"deviceName":"emulator-5554","newCommandTimeout":14,"deviceUDID":"emulator-5554","appPackage":"com.anumati"}],"alwaysMatch":{}},"sessionId":"a6be5ef6-dac3-4f1b-8d9b-1af58d81aba3"}}
&amp#27;[35m[WD Proxy]&amp#27;[39m Determined the downstream protocol as 'W3C'
[debug] &amp#27;[35m[WD Proxy]&amp#27;[39m Proxying [GET /appium/device/info] to [GET http://127.0.0.1:8201/wd/hub/session/a6be5ef6-dac3-4f1b-8d9b-1af58d81aba3/appium/device/info] with no body
[debug] &amp#27;[35m[WD Proxy]&amp#27;[39m Got response with status 200: {"sessionId":"a6be5ef6-dac3-4f1b-8d9b-1af58d81aba3","value":{"androidId":"4c01298c58a50c77","apiVersion":"30","bluetooth":{"state":"ON"},"brand":"Android","carrierName":"Android","displayDensity":420,"locale":"en_US","manufacturer":"unknown","model":"Android SDK built for x86","networks":[{"capabilities":{"SSID":null,"linkDownBandwidthKbps":141000,"linkUpstreamBandwidthKbps":141000,"networkCapabilities":"NET_CAPABILITY_NOT_METERED,NET_CAPABILITY_INTERNET,NET_CAPABILITY_NOT_RESTRICTED,NET_CAPABILITY_TRUSTED,NET_CAPABILITY_NOT_VPN,NET_CAPABILITY_VALIDATED,NET_CAPABILITY_NOT_ROAMING,NET_CAPABILITY_FOREGROUND,NET_CAPABILITY_NOT_CONGESTED,NET_CAPABILITY_NOT_SUSPENDED","signalStrength":-30,"transportTypes":"TRANSPORT_WIFI"},"detailedState":"CONNECTED","extraInfo":"","isAvailable":true,"isConnected":true,"isFailover":false,"isRoaming":false,"state":"CONNECTED","subtype":0,"subtypeName":"","type":1,"typeName":"WIFI"},{"capabilities":{"SSID":null,"linkDownBandwidthKbps":30000,"linkUpstreamBandwidthKbps":15000,"netw...
[debug] &amp#27;[35m[ADB]&amp#27;[39m Running 'C:\Users\Fayaz\AppData\Local\Android\Sdk\platform-tools\adb.exe -P 5037 -s emulator-5554 shell dumpsys window'
&amp#27;[35m[AndroidDriver]&amp#27;[39m Screen already unlocked, doing nothing
&amp#27;[35m[UiAutomator2]&amp#27;[39m Starting 'com.anumati/com.aa.MainActivity and waiting for 'com.anumati/com.aa.MainActivity'
[debug] &amp#27;[35m[ADB]&amp#27;[39m Running 'C:\Users\Fayaz\AppData\Local\Android\Sdk\platform-tools\adb.exe -P 5037 -s emulator-5554 shell am start -W -n com.anumati/com.aa.MainActivity -S -a android.intent.action.MAIN -c android.intent.category.LAUNCHER -f 0x10200000'
[debug] &amp#27;[35m[ADB]&amp#27;[39m Waiting up to 20000ms for activity matching pkg: 'com.anumati' and activity: 'com.aa.MainActivity' to be focused
[debug] &amp#27;[35m[ADB]&amp#27;[39m Possible activities, to be checked: 'com.aa.MainActivity', 'com.anumati.com.aa.MainActivity'
[debug] &amp#27;[35m[ADB]&amp#27;[39m Getting focused package and activity
[debug] &amp#27;[35m[ADB]&amp#27;[39m Running 'C:\Users\Fayaz\AppData\Local\Android\Sdk\platform-tools\adb.exe -P 5037 -s emulator-5554 shell dumpsys window displays'
[debug] &amp#27;[35m[ADB]&amp#27;[39m Found package: 'com.anumati' and fully qualified activity name : 'com.aa.MainActivity'
[debug] &amp#27;[35m[WD Proxy]&amp#27;[39m Proxying [GET /appium/device/pixel_ratio] to [GET http://127.0.0.1:8201/wd/hub/session/a6be5ef6-dac3-4f1b-8d9b-1af58d81aba3/appium/device/pixel_ratio] with no body
[debug] &amp#27;[35m[WD Proxy]&amp#27;[39m Got response with status 200: {"sessionId":"a6be5ef6-dac3-4f1b-8d9b-1af58d81aba3","value":2.625}
[debug] &amp#27;[35m[WD Proxy]&amp#27;[39m Matched '/appium/device/system_bars' to command name 'getSystemBars'
[debug] &amp#27;[35m[WD Proxy]&amp#27;[39m Proxying [GET /appium/device/system_bars] to [GET http://127.0.0.1:8201/wd/hub/session/a6be5ef6-dac3-4f1b-8d9b-1af58d81aba3/appium/device/system_bars] with no body
[debug] &amp#27;[35m[WD Proxy]&amp#27;[39m Got response with status 200: {"sessionId":"a6be5ef6-dac3-4f1b-8d9b-1af58d81aba3","value":{"statusBar":63}}
[debug] &amp#27;[35m[WD Proxy]&amp#27;[39m Matched '/window/current/size' to command name 'getWindowSize'
[debug] &amp#27;[35m[WD Proxy]&amp#27;[39m Proxying [GET /window/current/size] to [GET http://127.0.0.1:8201/wd/hub/session/a6be5ef6-dac3-4f1b-8d9b-1af58d81aba3/window/current/size] with no body
[debug] &amp#27;[35m[WD Proxy]&amp#27;[39m Got response with status 200: {"sessionId":"a6be5ef6-dac3-4f1b-8d9b-1af58d81aba3","value":{"height":1794,"width":1080}}
&amp#27;[35m[Appium]&amp#27;[39m New AndroidUiautomator2Driver session created successfully, session be98d240-8e71-4adf-a451-d07c90f6f8f2 added to master session list
[debug] &amp#27;[35m[BaseDriver]&amp#27;[39m Event 'newSessionStarted' logged at 1638954221663 (14:33:41 GMT+0530 (India Standard Time))
[debug] &amp#27;[35m[W3C (be98d240)]&amp#27;[39m Cached the protocol value 'W3C' for the new session be98d240-8e71-4adf-a451-d07c90f6f8f2
[debug] &amp#27;[35m[W3C (be98d240)]&amp#27;[39m Responding to client with driver.createSession() result: {"capabilities":{"platform":"LINUX","webStorageEnabled":false,"takesScreenshot":true,"javascriptEnabled":true,"databaseEnabled":false,"networkConnectionEnabled":true,"locationContextEnabled":false,"warnings":{},"desired":{"goog:chromeOptions":{"w3c":false},"platformName":"android","app":"C:\\Users\\Fayaz\\Appium\\Anumati\\src\\Anumati.apk","autoGrantPermissions":true,"automationName":"uiautomator2","chromeOptions":{"w3c":false},"deviceName":"Fayaz_Emulator2","newCommandTimeout":14},"goog:chromeOptions":{"w3c":false},"platformName":"android","app":"C:\\Users\\Fayaz\\Appium\\Anumati\\src\\Anumati.apk","autoGrantPermissions":true,"automationName":"uiautomator2","chromeOptions":{"w3c":false},"deviceName":"emulator-5554","newCommandTimeout":14,"deviceUDID":"emulator-5554","appPackage":"com.anumati","deviceApiLevel":30,"platformVersion":"11","deviceScreenSize":"1080x1920","deviceScreenDensity":420,"deviceModel":"Android SDK built for x86","deviceManufacturer":"unknown","pixelRatio":2.625,"statBarHeight":63,"view...
&amp#27;[35m[HTTP]&amp#27;[39m &amp#27;[37m<-- POST /wd/hub/session &amp#27;[39m&amp#27;[32m200&amp#27;[39m &amp#27;[90m21796 ms - 1140&amp#27;[39m
&amp#27;[35m[HTTP]&amp#27;[39m &amp#27;[90m&amp#27;[39m
&amp#27;[35m[HTTP]&amp#27;[39m &amp#27;[37m-->&amp#27;[39m &amp#27;[37mPOST&amp#27;[39m &amp#27;[37m/wd/hub/session/be98d240-8e71-4adf-a451-d07c90f6f8f2/timeouts&amp#27;[39m
&amp#27;[35m[HTTP]&amp#27;[39m &amp#27;[90m{"implicit":20000}&amp#27;[39m
[debug] &amp#27;[35m[W3C (be98d240)]&amp#27;[39m Calling AppiumDriver.timeouts() with args: [null,null,null,null,20000,"be98d240-8e71-4adf-a451-d07c90f6f8f2"]
[debug] &amp#27;[35m[BaseDriver]&amp#27;[39m W3C timeout argument: {"implicit":20000}}
[debug] &amp#27;[35m[BaseDriver]&amp#27;[39m Set implicit wait to 20000ms
[debug] &amp#27;[35m[W3C (be98d240)]&amp#27;[39m Responding to client with driver.timeouts() result: null
&amp#27;[35m[HTTP]&amp#27;[39m &amp#27;[37m<-- POST /wd/hub/session/be98d240-8e71-4adf-a451-d07c90f6f8f2/timeouts &amp#27;[39m&amp#27;[32m200&amp#27;[39m &amp#27;[90m3 ms - 14&amp#27;[39m
&amp#27;[35m[HTTP]&amp#27;[39m &amp#27;[90m&amp#27;[39m
&amp#27;[35m[HTTP]&amp#27;[39m &amp#27;[37m-->&amp#27;[39m &amp#27;[37mGET&amp#27;[39m &amp#27;[37m/wd/hub/session/be98d240-8e71-4adf-a451-d07c90f6f8f2/context&amp#27;[39m
&amp#27;[35m[HTTP]&amp#27;[39m &amp#27;[90m{}&amp#27;[39m
[debug] &amp#27;[35m[W3C (be98d240)]&amp#27;[39m Calling AppiumDriver.getCurrentContext() with args: ["be98d240-8e71-4adf-a451-d07c90f6f8f2"]
[debug] &amp#27;[35m[W3C (be98d240)]&amp#27;[39m Responding to client with driver.getCurrentContext() result: "NATIVE_APP"
&amp#27;[35m[HTTP]&amp#27;[39m &amp#27;[37m<-- GET /wd/hub/session/be98d240-8e71-4adf-a451-d07c90f6f8f2/context &amp#27;[39m&amp#27;[32m200&amp#27;[39m &amp#27;[90m3 ms - 22&amp#27;[39m
&amp#27;[35m[HTTP]&amp#27;[39m &amp#27;[90m&amp#27;[39m
&amp#27;[35m[HTTP]&amp#27;[39m &amp#27;[37m-->&amp#27;[39m &amp#27;[37mPOST&amp#27;[39m &amp#27;[37m/wd/hub/session/be98d240-8e71-4adf-a451-d07c90f6f8f2/element&amp#27;[39m
&amp#27;[35m[HTTP]&amp#27;[39m &amp#27;[90m{"using":"xpath","value":"//android.view.View[@text='Skip']"}&amp#27;[39m
[debug] &amp#27;[35m[W3C (be98d240)]&amp#27;[39m Calling AppiumDriver.findElement() with args: ["xpath","//android.view.View[@text='Skip']","be98d240-8e71-4adf-a451-d07c90f6f8f2"]
[debug] &amp#27;[35m[BaseDriver]&amp#27;[39m Valid locator strategies for this request: xpath, id, class name, accessibility id, css selector, -android uiautomator
[debug] &amp#27;[35m[BaseDriver]&amp#27;[39m Waiting up to 20000 ms for condition
[debug] &amp#27;[35m[WD Proxy]&amp#27;[39m Matched '/element' to command name 'findElement'
[debug] &amp#27;[35m[WD Proxy]&amp#27;[39m Proxying [POST /element] to [POST http://127.0.0.1:8201/wd/hub/session/a6be5ef6-dac3-4f1b-8d9b-1af58d81aba3/element] with body: {"strategy":"xpath","selector":"//android.view.View[@text='Skip']","context":"","multiple":false}
&amp#27;[35m[WD Proxy]&amp#27;[39m Got response with status 404: {"sessionId":"a6be5ef6-dac3-4f1b-8d9b-1af58d81aba3","value":{"error":"no such element","message":"An element could not be located on the page using the given search parameters","stacktrace":"io.appium.uiautomator2.common.exceptions.ElementNotFoundException: An element could not be located on the page using the given search parameters\n\tat io.appium.uiautomator2.handler.FindElement.findElement(FindElement.java:89)\n\tat io.appium.uiautomator2.handler.FindElement.safeHandle(FindElement.java:66)\n\tat io.appium.uiautomator2.handler.request.SafeRequestHandler.handle(SafeRequestHandler.java:41)\n\tat io.appium.uiautomator2.server.AppiumServlet.handleRequest(AppiumServlet.java:262)\n\tat io.appium.uiautomator2.server.AppiumServlet.handleHttpRequest(AppiumServlet.java:256)\n\tat io.appium.uiautomator2.http.ServerHandler.channelRead(ServerHandler.java:68)\n\tat io.netty.channel.AbstractChannelHandlerContext.invokeChannelRead(AbstractChannelHandlerContext.java:366)\n\tat io.netty.channel.AbstractChannelHandlerCont...
[debug] &amp#27;[35m[W3C]&amp#27;[39m Matched W3C error code 'no such element' to NoSuchElementError
[debug] &amp#27;[35m[BaseDriver]&amp#27;[39m Waited for 369 ms so far
[debug] &amp#27;[35m[WD Proxy]&amp#27;[39m Matched '/element' to command name 'findElement'
[debug] &amp#27;[35m[WD Proxy]&amp#27;[39m Proxying [POST /element] to [POST http://127.0.0.1:8201/wd/hub/session/a6be5ef6-dac3-4f1b-8d9b-1af58d81aba3/element] with body: {"strategy":"xpath","selector":"//android.view.View[@text='Skip']","context":"","multiple":false}
[debug] &amp#27;[35m[WD Proxy]&amp#27;[39m Got response with status 200: {"sessionId":"a6be5ef6-dac3-4f1b-8d9b-1af58d81aba3","value":{"ELEMENT":"d0437dad-b410-4946-acb3-0b2976f5e22c","element-6066-11e4-a52e-4f735466cecf":"d0437dad-b410-4946-acb3-0b2976f5e22c"}}
[debug] &amp#27;[35m[W3C (be98d240)]&amp#27;[39m Responding to client with driver.findElement() result: {"element-6066-11e4-a52e-4f735466cecf":"d0437dad-b410-4946-acb3-0b2976f5e22c","ELEMENT":"d0437dad-b410-4946-acb3-0b2976f5e22c"}
&amp#27;[35m[HTTP]&amp#27;[39m &amp#27;[37m<-- POST /wd/hub/session/be98d240-8e71-4adf-a451-d07c90f6f8f2/element &amp#27;[39m&amp#27;[32m200&amp#27;[39m &amp#27;[90m1363 ms - 137&amp#27;[39m
&amp#27;[35m[HTTP]&amp#27;[39m &amp#27;[90m&amp#27;[39m
&amp#27;[35m[HTTP]&amp#27;[39m &amp#27;[37m-->&amp#27;[39m &amp#27;[37mPOST&amp#27;[39m &amp#27;[37m/wd/hub/session/be98d240-8e71-4adf-a451-d07c90f6f8f2/element/d0437dad-b410-4946-acb3-0b2976f5e22c/click&amp#27;[39m
&amp#27;[35m[HTTP]&amp#27;[39m &amp#27;[90m{"id":"d0437dad-b410-4946-acb3-0b2976f5e22c"}&amp#27;[39m
[debug] &amp#27;[35m[W3C (be98d240)]&amp#27;[39m Calling AppiumDriver.click() with args: ["d0437dad-b410-4946-acb3-0b2976f5e22c","be98d240-8e71-4adf-a451-d07c90f6f8f2"]
[debug] &amp#27;[35m[WD Proxy]&amp#27;[39m Matched '/element/d0437dad-b410-4946-acb3-0b2976f5e22c/click' to command name 'click'
[debug] &amp#27;[35m[WD Proxy]&amp#27;[39m Proxying [POST /element/d0437dad-b410-4946-acb3-0b2976f5e22c/click] to [POST http://127.0.0.1:8201/wd/hub/session/a6be5ef6-dac3-4f1b-8d9b-1af58d81aba3/element/d0437dad-b410-4946-acb3-0b2976f5e22c/click] with body: {"element":"d0437dad-b410-4946-acb3-0b2976f5e22c"}
[debug] &amp#27;[35m[WD Proxy]&amp#27;[39m Got response with status 200: {"sessionId":"a6be5ef6-dac3-4f1b-8d9b-1af58d81aba3","value":null}
[debug] &amp#27;[35m[W3C (be98d240)]&amp#27;[39m Responding to client with driver.click() result: null
&amp#27;[35m[HTTP]&amp#27;[39m &amp#27;[37m<-- POST /wd/hub/session/be98d240-8e71-4adf-a451-d07c90f6f8f2/element/d0437dad-b410-4946-acb3-0b2976f5e22c/click &amp#27;[39m&amp#27;[32m200&amp#27;[39m &amp#27;[90m88 ms - 14&amp#27;[39m
&amp#27;[35m[HTTP]&amp#27;[39m &amp#27;[90m&amp#27;[39m
&amp#27;[35m[HTTP]&amp#27;[39m &amp#27;[37m-->&amp#27;[39m &amp#27;[37mGET&amp#27;[39m &amp#27;[37m/wd/hub/session/be98d240-8e71-4adf-a451-d07c90f6f8f2/context&amp#27;[39m
&amp#27;[35m[HTTP]&amp#27;[39m &amp#27;[90m{}&amp#27;[39m
[debug] &amp#27;[35m[W3C (be98d240)]&amp#27;[39m Calling AppiumDriver.getCurrentContext() with args: ["be98d240-8e71-4adf-a451-d07c90f6f8f2"]
[debug] &amp#27;[35m[W3C (be98d240)]&amp#27;[39m Responding to client with driver.getCurrentContext() result: "NATIVE_APP"
&amp#27;[35m[HTTP]&amp#27;[39m &amp#27;[37m<-- GET /wd/hub/session/be98d240-8e71-4adf-a451-d07c90f6f8f2/context &amp#27;[39m&amp#27;[32m200&amp#27;[39m &amp#27;[90m1 ms - 22&amp#27;[39m
&amp#27;[35m[HTTP]&amp#27;[39m &amp#27;[90m&amp#27;[39m
&amp#27;[35m[HTTP]&amp#27;[39m &amp#27;[37m-->&amp#27;[39m &amp#27;[37mPOST&amp#27;[39m &amp#27;[37m/wd/hub/session/be98d240-8e71-4adf-a451-d07c90f6f8f2/element&amp#27;[39m
&amp#27;[35m[HTTP]&amp#27;[39m &amp#27;[90m{"using":"xpath","value":"//android.view.View/android.widget.EditText[1]"}&amp#27;[39m
[debug] &amp#27;[35m[W3C (be98d240)]&amp#27;[39m Calling AppiumDriver.findElement() with args: ["xpath","//android.view.View/android.widget.EditText[1]","be98d240-8e71-4adf-a451-d07c90f6f8f2"]
[debug] &amp#27;[35m[BaseDriver]&amp#27;[39m Valid locator strategies for this request: xpath, id, class name, accessibility id, css selector, -android uiautomator
[debug] &amp#27;[35m[BaseDriver]&amp#27;[39m Waiting up to 20000 ms for condition
[debug] &amp#27;[35m[WD Proxy]&amp#27;[39m Matched '/element' to command name 'findElement'
[debug] &amp#27;[35m[WD Proxy]&amp#27;[39m Proxying [POST /element] to [POST http://127.0.0.1:8201/wd/hub/session/a6be5ef6-dac3-4f1b-8d9b-1af58d81aba3/element] with body: {"strategy":"xpath","selector":"//android.view.View/android.widget.EditText[1]","context":"","multiple":false}
[debug] &amp#27;[35m[WD Proxy]&amp#27;[39m Got response with status 200: {"sessionId":"a6be5ef6-dac3-4f1b-8d9b-1af58d81aba3","value":{"ELEMENT":"b9f0a8f6-316e-4cc9-8303-bc8ca629c692","element-6066-11e4-a52e-4f735466cecf":"b9f0a8f6-316e-4cc9-8303-bc8ca629c692"}}
[debug] &amp#27;[35m[W3C (be98d240)]&amp#27;[39m Responding to client with driver.findElement() result: {"element-6066-11e4-a52e-4f735466cecf":"b9f0a8f6-316e-4cc9-8303-bc8ca629c692","ELEMENT":"b9f0a8f6-316e-4cc9-8303-bc8ca629c692"}
&amp#27;[35m[HTTP]&amp#27;[39m &amp#27;[37m<-- POST /wd/hub/session/be98d240-8e71-4adf-a451-d07c90f6f8f2/element &amp#27;[39m&amp#27;[32m200&amp#27;[39m &amp#27;[90m1538 ms - 137&amp#27;[39m
&amp#27;[35m[HTTP]&amp#27;[39m &amp#27;[90m&amp#27;[39m
&amp#27;[35m[HTTP]&amp#27;[39m &amp#27;[37m-->&amp#27;[39m &amp#27;[37mPOST&amp#27;[39m &amp#27;[37m/wd/hub/session/be98d240-8e71-4adf-a451-d07c90f6f8f2/element/b9f0a8f6-316e-4cc9-8303-bc8ca629c692/click&amp#27;[39m
&amp#27;[35m[HTTP]&amp#27;[39m &amp#27;[90m{"id":"b9f0a8f6-316e-4cc9-8303-bc8ca629c692"}&amp#27;[39m
[debug] &amp#27;[35m[W3C (be98d240)]&amp#27;[39m Calling AppiumDriver.click() with args: ["b9f0a8f6-316e-4cc9-8303-bc8ca629c692","be98d240-8e71-4adf-a451-d07c90f6f8f2"]
[debug] &amp#27;[35m[WD Proxy]&amp#27;[39m Matched '/element/b9f0a8f6-316e-4cc9-8303-bc8ca629c692/click' to command name 'click'
[debug] &amp#27;[35m[WD Proxy]&amp#27;[39m Proxying [POST /element/b9f0a8f6-316e-4cc9-8303-bc8ca629c692/click] to [POST http://127.0.0.1:8201/wd/hub/session/a6be5ef6-dac3-4f1b-8d9b-1af58d81aba3/element/b9f0a8f6-316e-4cc9-8303-bc8ca629c692/click] with body: {"element":"b9f0a8f6-316e-4cc9-8303-bc8ca629c692"}
[debug] &amp#27;[35m[WD Proxy]&amp#27;[39m Got response with status 200: {"sessionId":"a6be5ef6-dac3-4f1b-8d9b-1af58d81aba3","value":null}
[debug] &amp#27;[35m[W3C (be98d240)]&amp#27;[39m Responding to client with driver.click() result: null
&amp#27;[35m[HTTP]&amp#27;[39m &amp#27;[37m<-- POST /wd/hub/session/be98d240-8e71-4adf-a451-d07c90f6f8f2/element/b9f0a8f6-316e-4cc9-8303-bc8ca629c692/click &amp#27;[39m&amp#27;[32m200&amp#27;[39m &amp#27;[90m123 ms - 14&amp#27;[39m
&amp#27;[35m[HTTP]&amp#27;[39m &amp#27;[90m&amp#27;[39m
&amp#27;[35m[HTTP]&amp#27;[39m &amp#27;[37m-->&amp#27;[39m &amp#27;[37mGET&amp#27;[39m &amp#27;[37m/wd/hub/session/be98d240-8e71-4adf-a451-d07c90f6f8f2/context&amp#27;[39m
&amp#27;[35m[HTTP]&amp#27;[39m &amp#27;[90m{}&amp#27;[39m
[debug] &amp#27;[35m[W3C (be98d240)]&amp#27;[39m Calling AppiumDriver.getCurrentContext() with args: ["be98d240-8e71-4adf-a451-d07c90f6f8f2"]
[debug] &amp#27;[35m[W3C (be98d240)]&amp#27;[39m Responding to client with driver.getCurrentContext() result: "NATIVE_APP"
&amp#27;[35m[HTTP]&amp#27;[39m &amp#27;[37m<-- GET /wd/hub/session/be98d240-8e71-4adf-a451-d07c90f6f8f2/context &amp#27;[39m&amp#27;[32m200&amp#27;[39m &amp#27;[90m3 ms - 22&amp#27;[39m
&amp#27;[35m[HTTP]&amp#27;[39m &amp#27;[90m&amp#27;[39m
&amp#27;[35m[HTTP]&amp#27;[39m &amp#27;[37m-->&amp#27;[39m &amp#27;[37mPOST&amp#27;[39m &amp#27;[37m/wd/hub/session/be98d240-8e71-4adf-a451-d07c90f6f8f2/element&amp#27;[39m
&amp#27;[35m[HTTP]&amp#27;[39m &amp#27;[90m{"using":"xpath","value":"//android.view.View/android.widget.EditText[1]"}&amp#27;[39m
[debug] &amp#27;[35m[W3C (be98d240)]&amp#27;[39m Calling AppiumDriver.findElement() with args: ["xpath","//android.view.View/android.widget.EditText[1]","be98d240-8e71-4adf-a451-d07c90f6f8f2"]
[debug] &amp#27;[35m[BaseDriver]&amp#27;[39m Valid locator strategies for this request: xpath, id, class name, accessibility id, css selector, -android uiautomator
[debug] &amp#27;[35m[BaseDriver]&amp#27;[39m Waiting up to 20000 ms for condition
[debug] &amp#27;[35m[WD Proxy]&amp#27;[39m Matched '/element' to command name 'findElement'
[debug] &amp#27;[35m[WD Proxy]&amp#27;[39m Proxying [POST /element] to [POST http://127.0.0.1:8201/wd/hub/session/a6be5ef6-dac3-4f1b-8d9b-1af58d81aba3/element] with body: {"strategy":"xpath","selector":"//android.view.View/android.widget.EditText[1]","context":"","multiple":false}
[debug] &amp#27;[35m[WD Proxy]&amp#27;[39m Got response with status 200: {"sessionId":"a6be5ef6-dac3-4f1b-8d9b-1af58d81aba3","value":{"ELEMENT":"5db29fcd-e839-4b36-8d85-0de1c2886011","element-6066-11e4-a52e-4f735466cecf":"5db29fcd-e839-4b36-8d85-0de1c2886011"}}
[debug] &amp#27;[35m[W3C (be98d240)]&amp#27;[39m Responding to client with driver.findElement() result: {"element-6066-11e4-a52e-4f735466cecf":"5db29fcd-e839-4b36-8d85-0de1c2886011","ELEMENT":"5db29fcd-e839-4b36-8d85-0de1c2886011"}
&amp#27;[35m[HTTP]&amp#27;[39m &amp#27;[37m<-- POST /wd/hub/session/be98d240-8e71-4adf-a451-d07c90f6f8f2/element &amp#27;[39m&amp#27;[32m200&amp#27;[39m &amp#27;[90m1802 ms - 137&amp#27;[39m
&amp#27;[35m[HTTP]&amp#27;[39m &amp#27;[90m&amp#27;[39m
&amp#27;[35m[HTTP]&amp#27;[39m &amp#27;[37m-->&amp#27;[39m &amp#27;[37mPOST&amp#27;[39m &amp#27;[37m/wd/hub/session/be98d240-8e71-4adf-a451-d07c90f6f8f2/element/5db29fcd-e839-4b36-8d85-0de1c2886011/value&amp#27;[39m
&amp#27;[35m[HTTP]&amp#27;[39m &amp#27;[90m{"id":"5db29fcd-e839-4b36-8d85-0de1c2886011","text":"7760305049","value":["7","7","6","0","3","0","5","0","4","9"]}&amp#27;[39m
[debug] &amp#27;[35m[W3C (be98d240)]&amp#27;[39m Calling AppiumDriver.setValue() with args: [["7","7","6","0","3","0","5","0","4","9"],"5db29fcd-e839-4b36-8d85-0de1c2886011","be98d240-8e71-4adf-a451-d07c90f6f8f2"]
[debug] &amp#27;[35m[WD Proxy]&amp#27;[39m Matched '/element/5db29fcd-e839-4b36-8d85-0de1c2886011/value' to command name 'setValue'
[debug] &amp#27;[35m[Protocol Converter]&amp#27;[39m Added 'value' property ["7","7","6","0","3","0","5","0","4","9"] to 'setValue' request body
[debug] &amp#27;[35m[WD Proxy]&amp#27;[39m Proxying [POST /element/5db29fcd-e839-4b36-8d85-0de1c2886011/value] to [POST http://127.0.0.1:8201/wd/hub/session/a6be5ef6-dac3-4f1b-8d9b-1af58d81aba3/element/5db29fcd-e839-4b36-8d85-0de1c2886011/value] with body: {"elementId":"5db29fcd-e839-4b36-8d85-0de1c2886011","text":"7760305049","replace":false,"value":["7","7","6","0","3","0","5","0","4","9"]}
[debug] &amp#27;[35m[WD Proxy]&amp#27;[39m Got response with status 200: {"sessionId":"a6be5ef6-dac3-4f1b-8d9b-1af58d81aba3","value":null}
[debug] &amp#27;[35m[W3C (be98d240)]&amp#27;[39m Responding to client with driver.setValue() result: null
&amp#27;[35m[HTTP]&amp#27;[39m &amp#27;[37m<-- POST /wd/hub/session/be98d240-8e71-4adf-a451-d07c90f6f8f2/element/5db29fcd-e839-4b36-8d85-0de1c2886011/value &amp#27;[39m&amp#27;[32m200&amp#27;[39m &amp#27;[90m287 ms - 14&amp#27;[39m
&amp#27;[35m[HTTP]&amp#27;[39m &amp#27;[90m&amp#27;[39m
&amp#27;[35m[HTTP]&amp#27;[39m &amp#27;[37m-->&amp#27;[39m &amp#27;[37mPOST&amp#27;[39m &amp#27;[37m/wd/hub/session/be98d240-8e71-4adf-a451-d07c90f6f8f2/appium/device/hide_keyboard&amp#27;[39m
&amp#27;[35m[HTTP]&amp#27;[39m &amp#27;[90m{}&amp#27;[39m
[debug] &amp#27;[35m[W3C (be98d240)]&amp#27;[39m Calling AppiumDriver.hideKeyboard() with args: [null,null,null,null,"be98d240-8e71-4adf-a451-d07c90f6f8f2"]
[debug] &amp#27;[35m[ADB]&amp#27;[39m Running 'C:\Users\Fayaz\AppData\Local\Android\Sdk\platform-tools\adb.exe -P 5037 -s emulator-5554 shell dumpsys input_method'
[debug] &amp#27;[35m[ADB]&amp#27;[39m Running 'C:\Users\Fayaz\AppData\Local\Android\Sdk\platform-tools\adb.exe -P 5037 -s emulator-5554 shell input keyevent 111'
[debug] &amp#27;[35m[ADB]&amp#27;[39m Running 'C:\Users\Fayaz\AppData\Local\Android\Sdk\platform-tools\adb.exe -P 5037 -s emulator-5554 shell dumpsys input_method'
[debug] &amp#27;[35m[ADB]&amp#27;[39m Running 'C:\Users\Fayaz\AppData\Local\Android\Sdk\platform-tools\adb.exe -P 5037 -s emulator-5554 shell dumpsys input_method'
[debug] &amp#27;[35m[ADB]&amp#27;[39m Running 'C:\Users\Fayaz\AppData\Local\Android\Sdk\platform-tools\adb.exe -P 5037 -s emulator-5554 shell input keyevent 4'
[debug] &amp#27;[35m[ADB]&amp#27;[39m Running 'C:\Users\Fayaz\AppData\Local\Android\Sdk\platform-tools\adb.exe -P 5037 -s emulator-5554 shell dumpsys input_method'
[debug] &amp#27;[35m[W3C (be98d240)]&amp#27;[39m Responding to client with driver.hideKeyboard() result: true
&amp#27;[35m[HTTP]&amp#27;[39m &amp#27;[37m<-- POST /wd/hub/session/be98d240-8e71-4adf-a451-d07c90f6f8f2/appium/device/hide_keyboard &amp#27;[39m&amp#27;[32m200&amp#27;[39m &amp#27;[90m4510 ms - 14&amp#27;[39m
&amp#27;[35m[HTTP]&amp#27;[39m &amp#27;[90m&amp#27;[39m
&amp#27;[35m[HTTP]&amp#27;[39m &amp#27;[37m-->&amp#27;[39m &amp#27;[37mGET&amp#27;[39m &amp#27;[37m/wd/hub/session/be98d240-8e71-4adf-a451-d07c90f6f8f2/context&amp#27;[39m
&amp#27;[35m[HTTP]&amp#27;[39m &amp#27;[90m{}&amp#27;[39m
[debug] &amp#27;[35m[W3C (be98d240)]&amp#27;[39m Calling AppiumDriver.getCurrentContext() with args: ["be98d240-8e71-4adf-a451-d07c90f6f8f2"]
[debug] &amp#27;[35m[W3C (be98d240)]&amp#27;[39m Responding to client with driver.getCurrentContext() result: "NATIVE_APP"
&amp#27;[35m[HTTP]&amp#27;[39m &amp#27;[37m<-- GET /wd/hub/session/be98d240-8e71-4adf-a451-d07c90f6f8f2/context &amp#27;[39m&amp#27;[32m200&amp#27;[39m &amp#27;[90m6 ms - 22&amp#27;[39m
&amp#27;[35m[HTTP]&amp#27;[39m &amp#27;[90m&amp#27;[39m
&amp#27;[35m[HTTP]&amp#27;[39m &amp#27;[37m-->&amp#27;[39m &amp#27;[37mPOST&amp#27;[39m &amp#27;[37m/wd/hub/session/be98d240-8e71-4adf-a451-d07c90f6f8f2/element&amp#27;[39m
&amp#27;[35m[HTTP]&amp#27;[39m &amp#27;[90m{"using":"xpath","value":"//android.widget.Button[@text='Proceed']"}&amp#27;[39m
[debug] &amp#27;[35m[W3C (be98d240)]&amp#27;[39m Calling AppiumDriver.findElement() with args: ["xpath","//android.widget.Button[@text='Proceed']","be98d240-8e71-4adf-a451-d07c90f6f8f2"]
[debug] &amp#27;[35m[BaseDriver]&amp#27;[39m Valid locator strategies for this request: xpath, id, class name, accessibility id, css selector, -android uiautomator
[debug] &amp#27;[35m[BaseDriver]&amp#27;[39m Waiting up to 20000 ms for condition
[debug] &amp#27;[35m[WD Proxy]&amp#27;[39m Matched '/element' to command name 'findElement'
[debug] &amp#27;[35m[WD Proxy]&amp#27;[39m Proxying [POST /element] to [POST http://127.0.0.1:8201/wd/hub/session/a6be5ef6-dac3-4f1b-8d9b-1af58d81aba3/element] with body: {"strategy":"xpath","selector":"//android.widget.Button[@text='Proceed']","context":"","multiple":false}
[debug] &amp#27;[35m[WD Proxy]&amp#27;[39m Got response with status 200: {"sessionId":"a6be5ef6-dac3-4f1b-8d9b-1af58d81aba3","value":{"ELEMENT":"10683ce8-2ab1-4f92-a9ce-4a87ea1723e1","element-6066-11e4-a52e-4f735466cecf":"10683ce8-2ab1-4f92-a9ce-4a87ea1723e1"}}
[debug] &amp#27;[35m[W3C (be98d240)]&amp#27;[39m Responding to client with driver.findElement() result: {"element-6066-11e4-a52e-4f735466cecf":"10683ce8-2ab1-4f92-a9ce-4a87ea1723e1","ELEMENT":"10683ce8-2ab1-4f92-a9ce-4a87ea1723e1"}
&amp#27;[35m[HTTP]&amp#27;[39m &amp#27;[37m<-- POST /wd/hub/session/be98d240-8e71-4adf-a451-d07c90f6f8f2/element &amp#27;[39m&amp#27;[32m200&amp#27;[39m &amp#27;[90m126 ms - 137&amp#27;[39m
&amp#27;[35m[HTTP]&amp#27;[39m &amp#27;[90m&amp#27;[39m
&amp#27;[35m[HTTP]&amp#27;[39m &amp#27;[37m-->&amp#27;[39m &amp#27;[37mPOST&amp#27;[39m &amp#27;[37m/wd/hub/session/be98d240-8e71-4adf-a451-d07c90f6f8f2/element/10683ce8-2ab1-4f92-a9ce-4a87ea1723e1/click&amp#27;[39m
&amp#27;[35m[HTTP]&amp#27;[39m &amp#27;[90m{"id":"10683ce8-2ab1-4f92-a9ce-4a87ea1723e1"}&amp#27;[39m
[debug] &amp#27;[35m[W3C (be98d240)]&amp#27;[39m Calling AppiumDriver.click() with args: ["10683ce8-2ab1-4f92-a9ce-4a87ea1723e1","be98d240-8e71-4adf-a451-d07c90f6f8f2"]
[debug] &amp#27;[35m[WD Proxy]&amp#27;[39m Matched '/element/10683ce8-2ab1-4f92-a9ce-4a87ea1723e1/click' to command name 'click'
[debug] &amp#27;[35m[WD Proxy]&amp#27;[39m Proxying [POST /element/10683ce8-2ab1-4f92-a9ce-4a87ea1723e1/click] to [POST http://127.0.0.1:8201/wd/hub/session/a6be5ef6-dac3-4f1b-8d9b-1af58d81aba3/element/10683ce8-2ab1-4f92-a9ce-4a87ea1723e1/click] with body: {"element":"10683ce8-2ab1-4f92-a9ce-4a87ea1723e1"}
[debug] &amp#27;[35m[WD Proxy]&amp#27;[39m Got response with status 200: {"sessionId":"a6be5ef6-dac3-4f1b-8d9b-1af58d81aba3","value":null}
[debug] &amp#27;[35m[W3C (be98d240)]&amp#27;[39m Responding to client with driver.click() result: null
&amp#27;[35m[HTTP]&amp#27;[39m &amp#27;[37m<-- POST /wd/hub/session/be98d240-8e71-4adf-a451-d07c90f6f8f2/element/10683ce8-2ab1-4f92-a9ce-4a87ea1723e1/click &amp#27;[39m&amp#27;[32m200&amp#27;[39m &amp#27;[90m94 ms - 14&amp#27;[39m
&amp#27;[35m[HTTP]&amp#27;[39m &amp#27;[90m&amp#27;[39m
&amp#27;[35m[HTTP]&amp#27;[39m &amp#27;[37m-->&amp#27;[39m &amp#27;[37mGET&amp#27;[39m &amp#27;[37m/wd/hub/session/be98d240-8e71-4adf-a451-d07c90f6f8f2/context&amp#27;[39m
&amp#27;[35m[HTTP]&amp#27;[39m &amp#27;[90m{}&amp#27;[39m
[debug] &amp#27;[35m[W3C (be98d240)]&amp#27;[39m Calling AppiumDriver.getCurrentContext() with args: ["be98d240-8e71-4adf-a451-d07c90f6f8f2"]
[debug] &amp#27;[35m[W3C (be98d240)]&amp#27;[39m Responding to client with driver.getCurrentContext() result: "NATIVE_APP"
&amp#27;[35m[HTTP]&amp#27;[39m &amp#27;[37m<-- GET /wd/hub/session/be98d240-8e71-4adf-a451-d07c90f6f8f2/context &amp#27;[39m&amp#27;[32m200&amp#27;[39m &amp#27;[90m1 ms - 22&amp#27;[39m
&amp#27;[35m[HTTP]&amp#27;[39m &amp#27;[90m&amp#27;[39m
&amp#27;[35m[HTTP]&amp#27;[39m &amp#27;[37m-->&amp#27;[39m &amp#27;[37mPOST&amp#27;[39m &amp#27;[37m/wd/hub/session/be98d240-8e71-4adf-a451-d07c90f6f8f2/element&amp#27;[39m
&amp#27;[35m[HTTP]&amp#27;[39m &amp#27;[90m{"using":"xpath","value":"//android.widget.EditText[1]"}&amp#27;[39m
[debug] &amp#27;[35m[W3C (be98d240)]&amp#27;[39m Calling AppiumDriver.findElement() with args: ["xpath","//android.widget.EditText[1]","be98d240-8e71-4adf-a451-d07c90f6f8f2"]
[debug] &amp#27;[35m[BaseDriver]&amp#27;[39m Valid locator strategies for this request: xpath, id, class name, accessibility id, css selector, -android uiautomator
[debug] &amp#27;[35m[BaseDriver]&amp#27;[39m Waiting up to 20000 ms for condition
[debug] &amp#27;[35m[WD Proxy]&amp#27;[39m Matched '/element' to command name 'findElement'
[debug] &amp#27;[35m[WD Proxy]&amp#27;[39m Proxying [POST /element] to [POST http://127.0.0.1:8201/wd/hub/session/a6be5ef6-dac3-4f1b-8d9b-1af58d81aba3/element] with body: {"strategy":"xpath","selector":"//android.widget.EditText[1]","context":"","multiple":false}
[debug] &amp#27;[35m[WD Proxy]&amp#27;[39m Got response with status 200: {"sessionId":"a6be5ef6-dac3-4f1b-8d9b-1af58d81aba3","value":{"ELEMENT":"d6f44e05-589d-4d8d-b627-abbab9782a52","element-6066-11e4-a52e-4f735466cecf":"d6f44e05-589d-4d8d-b627-abbab9782a52"}}
[debug] &amp#27;[35m[W3C (be98d240)]&amp#27;[39m Responding to client with driver.findElement() result: {"element-6066-11e4-a52e-4f735466cecf":"d6f44e05-589d-4d8d-b627-abbab9782a52","ELEMENT":"d6f44e05-589d-4d8d-b627-abbab9782a52"}
&amp#27;[35m[HTTP]&amp#27;[39m &amp#27;[37m<-- POST /wd/hub/session/be98d240-8e71-4adf-a451-d07c90f6f8f2/element &amp#27;[39m&amp#27;[32m200&amp#27;[39m &amp#27;[90m69 ms - 137&amp#27;[39m
&amp#27;[35m[HTTP]&amp#27;[39m &amp#27;[90m&amp#27;[39m
&amp#27;[35m[HTTP]&amp#27;[39m &amp#27;[37m-->&amp#27;[39m &amp#27;[37mPOST&amp#27;[39m &amp#27;[37m/wd/hub/session/be98d240-8e71-4adf-a451-d07c90f6f8f2/element/d6f44e05-589d-4d8d-b627-abbab9782a52/value&amp#27;[39m
&amp#27;[35m[HTTP]&amp#27;[39m &amp#27;[90m{"id":"d6f44e05-589d-4d8d-b627-abbab9782a52","text":"7760305049","value":["7","7","6","0","3","0","5","0","4","9"]}&amp#27;[39m
[debug] &amp#27;[35m[W3C (be98d240)]&amp#27;[39m Calling AppiumDriver.setValue() with args: [["7","7","6","0","3","0","5","0","4","9"],"d6f44e05-589d-4d8d-b627-abbab9782a52","be98d240-8e71-4adf-a451-d07c90f6f8f2"]
[debug] &amp#27;[35m[WD Proxy]&amp#27;[39m Matched '/element/d6f44e05-589d-4d8d-b627-abbab9782a52/value' to command name 'setValue'
[debug] &amp#27;[35m[Protocol Converter]&amp#27;[39m Added 'value' property ["7","7","6","0","3","0","5","0","4","9"] to 'setValue' request body
[debug] &amp#27;[35m[WD Proxy]&amp#27;[39m Proxying [POST /element/d6f44e05-589d-4d8d-b627-abbab9782a52/value] to [POST http://127.0.0.1:8201/wd/hub/session/a6be5ef6-dac3-4f1b-8d9b-1af58d81aba3/element/d6f44e05-589d-4d8d-b627-abbab9782a52/value] with body: {"elementId":"d6f44e05-589d-4d8d-b627-abbab9782a52","text":"7760305049","replace":false,"value":["7","7","6","0","3","0","5","0","4","9"]}
[debug] &amp#27;[35m[WD Proxy]&amp#27;[39m Got response with status 200: {"sessionId":"a6be5ef6-dac3-4f1b-8d9b-1af58d81aba3","value":null}
[debug] &amp#27;[35m[W3C (be98d240)]&amp#27;[39m Responding to client with driver.setValue() result: null
&amp#27;[35m[HTTP]&amp#27;[39m &amp#27;[37m<-- POST /wd/hub/session/be98d240-8e71-4adf-a451-d07c90f6f8f2/element/d6f44e05-589d-4d8d-b627-abbab9782a52/value &amp#27;[39m&amp#27;[32m200&amp#27;[39m &amp#27;[90m32 ms - 14&amp#27;[39m
&amp#27;[35m[HTTP]&amp#27;[39m &amp#27;[90m&amp#27;[39m
&amp#27;[35m[HTTP]&amp#27;[39m &amp#27;[37m-->&amp#27;[39m &amp#27;[37mGET&amp#27;[39m &amp#27;[37m/wd/hub/session/be98d240-8e71-4adf-a451-d07c90f6f8f2/context&amp#27;[39m
&amp#27;[35m[HTTP]&amp#27;[39m &amp#27;[90m{}&amp#27;[39m
[debug] &amp#27;[35m[W3C (be98d240)]&amp#27;[39m Calling AppiumDriver.getCurrentContext() with args: ["be98d240-8e71-4adf-a451-d07c90f6f8f2"]
[debug] &amp#27;[35m[W3C (be98d240)]&amp#27;[39m Responding to client with driver.getCurrentContext() result: "NATIVE_APP"
&amp#27;[35m[HTTP]&amp#27;[39m &amp#27;[37m<-- GET /wd/hub/session/be98d240-8e71-4adf-a451-d07c90f6f8f2/context &amp#27;[39m&amp#27;[32m200&amp#27;[39m &amp#27;[90m1 ms - 22&amp#27;[39m
&amp#27;[35m[HTTP]&amp#27;[39m &amp#27;[90m&amp#27;[39m
&amp#27;[35m[HTTP]&amp#27;[39m &amp#27;[37m-->&amp#27;[39m &amp#27;[37mPOST&amp#27;[39m &amp#27;[37m/wd/hub/session/be98d240-8e71-4adf-a451-d07c90f6f8f2/element&amp#27;[39m
&amp#27;[35m[HTTP]&amp#27;[39m &amp#27;[90m{"using":"xpath","value":"(//android.widget.EditText)[2]"}&amp#27;[39m
[debug] &amp#27;[35m[W3C (be98d240)]&amp#27;[39m Calling AppiumDriver.findElement() with args: ["xpath","(//android.widget.EditText)[2]","be98d240-8e71-4adf-a451-d07c90f6f8f2"]
[debug] &amp#27;[35m[BaseDriver]&amp#27;[39m Valid locator strategies for this request: xpath, id, class name, accessibility id, css selector, -android uiautomator
[debug] &amp#27;[35m[BaseDriver]&amp#27;[39m Waiting up to 20000 ms for condition
[debug] &amp#27;[35m[WD Proxy]&amp#27;[39m Matched '/element' to command name 'findElement'
[debug] &amp#27;[35m[WD Proxy]&amp#27;[39m Proxying [POST /element] to [POST http://127.0.0.1:8201/wd/hub/session/a6be5ef6-dac3-4f1b-8d9b-1af58d81aba3/element] with body: {"strategy":"xpath","selector":"(//android.widget.EditText)[2]","context":"","multiple":false}
[debug] &amp#27;[35m[WD Proxy]&amp#27;[39m Got response with status 200: {"sessionId":"a6be5ef6-dac3-4f1b-8d9b-1af58d81aba3","value":{"ELEMENT":"8855ded4-efa7-4f82-a562-f414d9e64767","element-6066-11e4-a52e-4f735466cecf":"8855ded4-efa7-4f82-a562-f414d9e64767"}}
[debug] &amp#27;[35m[W3C (be98d240)]&amp#27;[39m Responding to client with driver.findElement() result: {"element-6066-11e4-a52e-4f735466cecf":"8855ded4-efa7-4f82-a562-f414d9e64767","ELEMENT":"8855ded4-efa7-4f82-a562-f414d9e64767"}
&amp#27;[35m[HTTP]&amp#27;[39m &amp#27;[37m<-- POST /wd/hub/session/be98d240-8e71-4adf-a451-d07c90f6f8f2/element &amp#27;[39m&amp#27;[32m200&amp#27;[39m &amp#27;[90m155 ms - 137&amp#27;[39m
&amp#27;[35m[HTTP]&amp#27;[39m &amp#27;[90m&amp#27;[39m
&amp#27;[35m[HTTP]&amp#27;[39m &amp#27;[37m-->&amp#27;[39m &amp#27;[37mPOST&amp#27;[39m &amp#27;[37m/wd/hub/session/be98d240-8e71-4adf-a451-d07c90f6f8f2/element/8855ded4-efa7-4f82-a562-f414d9e64767/click&amp#27;[39m
&amp#27;[35m[HTTP]&amp#27;[39m &amp#27;[90m{"id":"8855ded4-efa7-4f82-a562-f414d9e64767"}&amp#27;[39m
[debug] &amp#27;[35m[W3C (be98d240)]&amp#27;[39m Calling AppiumDriver.click() with args: ["8855ded4-efa7-4f82-a562-f414d9e64767","be98d240-8e71-4adf-a451-d07c90f6f8f2"]
[debug] &amp#27;[35m[WD Proxy]&amp#27;[39m Matched '/element/8855ded4-efa7-4f82-a562-f414d9e64767/click' to command name 'click'
[debug] &amp#27;[35m[WD Proxy]&amp#27;[39m Proxying [POST /element/8855ded4-efa7-4f82-a562-f414d9e64767/click] to [POST http://127.0.0.1:8201/wd/hub/session/a6be5ef6-dac3-4f1b-8d9b-1af58d81aba3/element/8855ded4-efa7-4f82-a562-f414d9e64767/click] with body: {"element":"8855ded4-efa7-4f82-a562-f414d9e64767"}
[debug] &amp#27;[35m[WD Proxy]&amp#27;[39m Got response with status 200: {"sessionId":"a6be5ef6-dac3-4f1b-8d9b-1af58d81aba3","value":null}
[debug] &amp#27;[35m[W3C (be98d240)]&amp#27;[39m Responding to client with driver.click() result: null
&amp#27;[35m[HTTP]&amp#27;[39m &amp#27;[37m<-- POST /wd/hub/session/be98d240-8e71-4adf-a451-d07c90f6f8f2/element/8855ded4-efa7-4f82-a562-f414d9e64767/click &amp#27;[39m&amp#27;[32m200&amp#27;[39m &amp#27;[90m364 ms - 14&amp#27;[39m
&amp#27;[35m[HTTP]&amp#27;[39m &amp#27;[90m&amp#27;[39m
&amp#27;[35m[HTTP]&amp#27;[39m &amp#27;[37m-->&amp#27;[39m &amp#27;[37mGET&amp#27;[39m &amp#27;[37m/wd/hub/session/be98d240-8e71-4adf-a451-d07c90f6f8f2/context&amp#27;[39m
&amp#27;[35m[HTTP]&amp#27;[39m &amp#27;[90m{}&amp#27;[39m
[debug] &amp#27;[35m[W3C (be98d240)]&amp#27;[39m Calling AppiumDriver.getCurrentContext() with args: ["be98d240-8e71-4adf-a451-d07c90f6f8f2"]
[debug] &amp#27;[35m[W3C (be98d240)]&amp#27;[39m Responding to client with driver.getCurrentContext() result: "NATIVE_APP"
&amp#27;[35m[HTTP]&amp#27;[39m &amp#27;[37m<-- GET /wd/hub/session/be98d240-8e71-4adf-a451-d07c90f6f8f2/context &amp#27;[39m&amp#27;[32m200&amp#27;[39m &amp#27;[90m1 ms - 22&amp#27;[39m
&amp#27;[35m[HTTP]&amp#27;[39m &amp#27;[90m&amp#27;[39m
&amp#27;[35m[HTTP]&amp#27;[39m &amp#27;[37m-->&amp#27;[39m &amp#27;[37mPOST&amp#27;[39m &amp#27;[37m/wd/hub/session/be98d240-8e71-4adf-a451-d07c90f6f8f2/element&amp#27;[39m
&amp#27;[35m[HTTP]&amp#27;[39m &amp#27;[90m{"using":"xpath","value":"(//android.widget.EditText)[2]"}&amp#27;[39m
[debug] &amp#27;[35m[W3C (be98d240)]&amp#27;[39m Calling AppiumDriver.findElement() with args: ["xpath","(//android.widget.EditText)[2]","be98d240-8e71-4adf-a451-d07c90f6f8f2"]
[debug] &amp#27;[35m[BaseDriver]&amp#27;[39m Valid locator strategies for this request: xpath, id, class name, accessibility id, css selector, -android uiautomator
[debug] &amp#27;[35m[BaseDriver]&amp#27;[39m Waiting up to 20000 ms for condition
[debug] &amp#27;[35m[WD Proxy]&amp#27;[39m Matched '/element' to command name 'findElement'
[debug] &amp#27;[35m[WD Proxy]&amp#27;[39m Proxying [POST /element] to [POST http://127.0.0.1:8201/wd/hub/session/a6be5ef6-dac3-4f1b-8d9b-1af58d81aba3/element] with body: {"strategy":"xpath","selector":"(//android.widget.EditText)[2]","context":"","multiple":false}
[debug] &amp#27;[35m[WD Proxy]&amp#27;[39m Got response with status 200: {"sessionId":"a6be5ef6-dac3-4f1b-8d9b-1af58d81aba3","value":{"ELEMENT":"fe89821d-51c3-4c8d-be99-ee073ab17fb1","element-6066-11e4-a52e-4f735466cecf":"fe89821d-51c3-4c8d-be99-ee073ab17fb1"}}
[debug] &amp#27;[35m[W3C (be98d240)]&amp#27;[39m Responding to client with driver.findElement() result: {"element-6066-11e4-a52e-4f735466cecf":"fe89821d-51c3-4c8d-be99-ee073ab17fb1","ELEMENT":"fe89821d-51c3-4c8d-be99-ee073ab17fb1"}
&amp#27;[35m[HTTP]&amp#27;[39m &amp#27;[37m<-- POST /wd/hub/session/be98d240-8e71-4adf-a451-d07c90f6f8f2/element &amp#27;[39m&amp#27;[32m200&amp#27;[39m &amp#27;[90m168 ms - 137&amp#27;[39m
&amp#27;[35m[HTTP]&amp#27;[39m &amp#27;[90m&amp#27;[39m
&amp#27;[35m[HTTP]&amp#27;[39m &amp#27;[37m-->&amp#27;[39m &amp#27;[37mPOST&amp#27;[39m &amp#27;[37m/wd/hub/session/be98d240-8e71-4adf-a451-d07c90f6f8f2/element/fe89821d-51c3-4c8d-be99-ee073ab17fb1/value&amp#27;[39m
&amp#27;[35m[HTTP]&amp#27;[39m &amp#27;[90m{"id":"fe89821d-51c3-4c8d-be99-ee073ab17fb1","text":"0082","value":["0","0","8","2"]}&amp#27;[39m
[debug] &amp#27;[35m[W3C (be98d240)]&amp#27;[39m Calling AppiumDriver.setValue() with args: [["0","0","8","2"],"fe89821d-51c3-4c8d-be99-ee073ab17fb1","be98d240-8e71-4adf-a451-d07c90f6f8f2"]
[debug] &amp#27;[35m[WD Proxy]&amp#27;[39m Matched '/element/fe89821d-51c3-4c8d-be99-ee073ab17fb1/value' to command name 'setValue'
[debug] &amp#27;[35m[Protocol Converter]&amp#27;[39m Added 'value' property ["0","0","8","2"] to 'setValue' request body
[debug] &amp#27;[35m[WD Proxy]&amp#27;[39m Proxying [POST /element/fe89821d-51c3-4c8d-be99-ee073ab17fb1/value] to [POST http://127.0.0.1:8201/wd/hub/session/a6be5ef6-dac3-4f1b-8d9b-1af58d81aba3/element/fe89821d-51c3-4c8d-be99-ee073ab17fb1/value] with body: {"elementId":"fe89821d-51c3-4c8d-be99-ee073ab17fb1","text":"0082","replace":false,"value":["0","0","8","2"]}
[debug] &amp#27;[35m[WD Proxy]&amp#27;[39m Got response with status 200: {"sessionId":"a6be5ef6-dac3-4f1b-8d9b-1af58d81aba3","value":null}
[debug] &amp#27;[35m[W3C (be98d240)]&amp#27;[39m Responding to client with driver.setValue() result: null
&amp#27;[35m[HTTP]&amp#27;[39m &amp#27;[37m<-- POST /wd/hub/session/be98d240-8e71-4adf-a451-d07c90f6f8f2/element/fe89821d-51c3-4c8d-be99-ee073ab17fb1/value &amp#27;[39m&amp#27;[32m200&amp#27;[39m &amp#27;[90m1131 ms - 14&amp#27;[39m
&amp#27;[35m[HTTP]&amp#27;[39m &amp#27;[90m&amp#27;[39m
&amp#27;[35m[HTTP]&amp#27;[39m &amp#27;[37m-->&amp#27;[39m &amp#27;[37mPOST&amp#27;[39m &amp#27;[37m/wd/hub/session/be98d240-8e71-4adf-a451-d07c90f6f8f2/appium/device/hide_keyboard&amp#27;[39m
&amp#27;[35m[HTTP]&amp#27;[39m &amp#27;[90m{}&amp#27;[39m
[debug] &amp#27;[35m[W3C (be98d240)]&amp#27;[39m Calling AppiumDriver.hideKeyboard() with args: [null,null,null,null,"be98d240-8e71-4adf-a451-d07c90f6f8f2"]
[debug] &amp#27;[35m[ADB]&amp#27;[39m Running 'C:\Users\Fayaz\AppData\Local\Android\Sdk\platform-tools\adb.exe -P 5037 -s emulator-5554 shell dumpsys input_method'
&amp#27;[35m[AndroidDriver]&amp#27;[39m Keyboard has no UI; no closing necessary
[debug] &amp#27;[35m[W3C (be98d240)]&amp#27;[39m Responding to client with driver.hideKeyboard() result: null
&amp#27;[35m[HTTP]&amp#27;[39m &amp#27;[37m<-- POST /wd/hub/session/be98d240-8e71-4adf-a451-d07c90f6f8f2/appium/device/hide_keyboard &amp#27;[39m&amp#27;[32m200&amp#27;[39m &amp#27;[90m572 ms - 14&amp#27;[39m
&amp#27;[35m[HTTP]&amp#27;[39m &amp#27;[90m&amp#27;[39m
&amp#27;[35m[HTTP]&amp#27;[39m &amp#27;[37m-->&amp#27;[39m &amp#27;[37mGET&amp#27;[39m &amp#27;[37m/wd/hub/session/be98d240-8e71-4adf-a451-d07c90f6f8f2/context&amp#27;[39m
&amp#27;[35m[HTTP]&amp#27;[39m &amp#27;[90m{}&amp#27;[39m
[debug] &amp#27;[35m[W3C (be98d240)]&amp#27;[39m Calling AppiumDriver.getCurrentContext() with args: ["be98d240-8e71-4adf-a451-d07c90f6f8f2"]
[debug] &amp#27;[35m[W3C (be98d240)]&amp#27;[39m Responding to client with driver.getCurrentContext() result: "NATIVE_APP"
&amp#27;[35m[HTTP]&amp#27;[39m &amp#27;[37m<-- GET /wd/hub/session/be98d240-8e71-4adf-a451-d07c90f6f8f2/context &amp#27;[39m&amp#27;[32m200&amp#27;[39m &amp#27;[90m1 ms - 22&amp#27;[39m
&amp#27;[35m[HTTP]&amp#27;[39m &amp#27;[90m&amp#27;[39m
&amp#27;[35m[HTTP]&amp#27;[39m &amp#27;[37m-->&amp#27;[39m &amp#27;[37mPOST&amp#27;[39m &amp#27;[37m/wd/hub/session/be98d240-8e71-4adf-a451-d07c90f6f8f2/element&amp#27;[39m
&amp#27;[35m[HTTP]&amp#27;[39m &amp#27;[90m{"using":"xpath","value":"//android.widget.Button[@text='Sign In']"}&amp#27;[39m
[debug] &amp#27;[35m[W3C (be98d240)]&amp#27;[39m Calling AppiumDriver.findElement() with args: ["xpath","//android.widget.Button[@text='Sign In']","be98d240-8e71-4adf-a451-d07c90f6f8f2"]
[debug] &amp#27;[35m[BaseDriver]&amp#27;[39m Valid locator strategies for this request: xpath, id, class name, accessibility id, css selector, -android uiautomator
[debug] &amp#27;[35m[BaseDriver]&amp#27;[39m Waiting up to 20000 ms for condition
[debug] &amp#27;[35m[WD Proxy]&amp#27;[39m Matched '/element' to command name 'findElement'
[debug] &amp#27;[35m[WD Proxy]&amp#27;[39m Proxying [POST /element] to [POST http://127.0.0.1:8201/wd/hub/session/a6be5ef6-dac3-4f1b-8d9b-1af58d81aba3/element] with body: {"strategy":"xpath","selector":"//android.widget.Button[@text='Sign In']","context":"","multiple":false}
[debug] &amp#27;[35m[WD Proxy]&amp#27;[39m Got response with status 200: {"sessionId":"a6be5ef6-dac3-4f1b-8d9b-1af58d81aba3","value":{"ELEMENT":"406bae09-7525-44c1-96b6-3bbeea10a9ab","element-6066-11e4-a52e-4f735466cecf":"406bae09-7525-44c1-96b6-3bbeea10a9ab"}}
[debug] &amp#27;[35m[W3C (be98d240)]&amp#27;[39m Responding to client with driver.findElement() result: {"element-6066-11e4-a52e-4f735466cecf":"406bae09-7525-44c1-96b6-3bbeea10a9ab","ELEMENT":"406bae09-7525-44c1-96b6-3bbeea10a9ab"}
&amp#27;[35m[HTTP]&amp#27;[39m &amp#27;[37m<-- POST /wd/hub/session/be98d240-8e71-4adf-a451-d07c90f6f8f2/element &amp#27;[39m&amp#27;[32m200&amp#27;[39m &amp#27;[90m411 ms - 137&amp#27;[39m
&amp#27;[35m[HTTP]&amp#27;[39m &amp#27;[90m&amp#27;[39m
&amp#27;[35m[HTTP]&amp#27;[39m &amp#27;[37m-->&amp#27;[39m &amp#27;[37mPOST&amp#27;[39m &amp#27;[37m/wd/hub/session/be98d240-8e71-4adf-a451-d07c90f6f8f2/element/406bae09-7525-44c1-96b6-3bbeea10a9ab/click&amp#27;[39m
&amp#27;[35m[HTTP]&amp#27;[39m &amp#27;[90m{"id":"406bae09-7525-44c1-96b6-3bbeea10a9ab"}&amp#27;[39m
[debug] &amp#27;[35m[W3C (be98d240)]&amp#27;[39m Calling AppiumDriver.click() with args: ["406bae09-7525-44c1-96b6-3bbeea10a9ab","be98d240-8e71-4adf-a451-d07c90f6f8f2"]
[debug] &amp#27;[35m[WD Proxy]&amp#27;[39m Matched '/element/406bae09-7525-44c1-96b6-3bbeea10a9ab/click' to command name 'click'
[debug] &amp#27;[35m[WD Proxy]&amp#27;[39m Proxying [POST /element/406bae09-7525-44c1-96b6-3bbeea10a9ab/click] to [POST http://127.0.0.1:8201/wd/hub/session/a6be5ef6-dac3-4f1b-8d9b-1af58d81aba3/element/406bae09-7525-44c1-96b6-3bbeea10a9ab/click] with body: {"element":"406bae09-7525-44c1-96b6-3bbeea10a9ab"}
[debug] &amp#27;[35m[WD Proxy]&amp#27;[39m Got response with status 200: {"sessionId":"a6be5ef6-dac3-4f1b-8d9b-1af58d81aba3","value":null}
[debug] &amp#27;[35m[W3C (be98d240)]&amp#27;[39m Responding to client with driver.click() result: null
&amp#27;[35m[HTTP]&amp#27;[39m &amp#27;[37m<-- POST /wd/hub/session/be98d240-8e71-4adf-a451-d07c90f6f8f2/element/406bae09-7525-44c1-96b6-3bbeea10a9ab/click &amp#27;[39m&amp#27;[32m200&amp#27;[39m &amp#27;[90m125 ms - 14&amp#27;[39m
&amp#27;[35m[HTTP]&amp#27;[39m &amp#27;[90m&amp#27;[39m
&amp#27;[35m[HTTP]&amp#27;[39m &amp#27;[37m-->&amp#27;[39m &amp#27;[37mGET&amp#27;[39m &amp#27;[37m/wd/hub/session/be98d240-8e71-4adf-a451-d07c90f6f8f2/context&amp#27;[39m
&amp#27;[35m[HTTP]&amp#27;[39m &amp#27;[90m{}&amp#27;[39m
[debug] &amp#27;[35m[W3C (be98d240)]&amp#27;[39m Calling AppiumDriver.getCurrentContext() with args: ["be98d240-8e71-4adf-a451-d07c90f6f8f2"]
[debug] &amp#27;[35m[W3C (be98d240)]&amp#27;[39m Responding to client with driver.getCurrentContext() result: "NATIVE_APP"
&amp#27;[35m[HTTP]&amp#27;[39m &amp#27;[37m<-- GET /wd/hub/session/be98d240-8e71-4adf-a451-d07c90f6f8f2/context &amp#27;[39m&amp#27;[32m200&amp#27;[39m &amp#27;[90m2 ms - 22&amp#27;[39m
&amp#27;[35m[HTTP]&amp#27;[39m &amp#27;[90m&amp#27;[39m
&amp#27;[35m[HTTP]&amp#27;[39m &amp#27;[37m-->&amp#27;[39m &amp#27;[37mPOST&amp#27;[39m &amp#27;[37m/wd/hub/session/be98d240-8e71-4adf-a451-d07c90f6f8f2/element&amp#27;[39m
&amp#27;[35m[HTTP]&amp#27;[39m &amp#27;[90m{"using":"xpath","value":"//android.view.View[@text='Add Accounts']"}&amp#27;[39m
[debug] &amp#27;[35m[W3C (be98d240)]&amp#27;[39m Calling AppiumDriver.findElement() with args: ["xpath","//android.view.View[@text='Add Accounts']","be98d240-8e71-4adf-a451-d07c90f6f8f2"]
[debug] &amp#27;[35m[BaseDriver]&amp#27;[39m Valid locator strategies for this request: xpath, id, class name, accessibility id, css selector, -android uiautomator
[debug] &amp#27;[35m[BaseDriver]&amp#27;[39m Waiting up to 20000 ms for condition
[debug] &amp#27;[35m[WD Proxy]&amp#27;[39m Matched '/element' to command name 'findElement'
[debug] &amp#27;[35m[WD Proxy]&amp#27;[39m Proxying [POST /element] to [POST http://127.0.0.1:8201/wd/hub/session/a6be5ef6-dac3-4f1b-8d9b-1af58d81aba3/element] with body: {"strategy":"xpath","selector":"//android.view.View[@text='Add Accounts']","context":"","multiple":false}
[debug] &amp#27;[35m[WD Proxy]&amp#27;[39m Got response with status 200: {"sessionId":"a6be5ef6-dac3-4f1b-8d9b-1af58d81aba3","value":{"ELEMENT":"d238c268-a64a-45e7-8db1-9caa4176060d","element-6066-11e4-a52e-4f735466cecf":"d238c268-a64a-45e7-8db1-9caa4176060d"}}
[debug] &amp#27;[35m[W3C (be98d240)]&amp#27;[39m Responding to client with driver.findElement() result: {"element-6066-11e4-a52e-4f735466cecf":"d238c268-a64a-45e7-8db1-9caa4176060d","ELEMENT":"d238c268-a64a-45e7-8db1-9caa4176060d"}
&amp#27;[35m[HTTP]&amp#27;[39m &amp#27;[37m<-- POST /wd/hub/session/be98d240-8e71-4adf-a451-d07c90f6f8f2/element &amp#27;[39m&amp#27;[32m200&amp#27;[39m &amp#27;[90m120 ms - 137&amp#27;[39m
&amp#27;[35m[HTTP]&amp#27;[39m &amp#27;[90m&amp#27;[39m
&amp#27;[35m[HTTP]&amp#27;[39m &amp#27;[37m-->&amp#27;[39m &amp#27;[37mPOST&amp#27;[39m &amp#27;[37m/wd/hub/session/be98d240-8e71-4adf-a451-d07c90f6f8f2/element/d238c268-a64a-45e7-8db1-9caa4176060d/click&amp#27;[39m
&amp#27;[35m[HTTP]&amp#27;[39m &amp#27;[90m{"id":"d238c268-a64a-45e7-8db1-9caa4176060d"}&amp#27;[39m
[debug] &amp#27;[35m[W3C (be98d240)]&amp#27;[39m Calling AppiumDriver.click() with args: ["d238c268-a64a-45e7-8db1-9caa4176060d","be98d240-8e71-4adf-a451-d07c90f6f8f2"]
[debug] &amp#27;[35m[WD Proxy]&amp#27;[39m Matched '/element/d238c268-a64a-45e7-8db1-9caa4176060d/click' to command name 'click'
[debug] &amp#27;[35m[WD Proxy]&amp#27;[39m Proxying [POST /element/d238c268-a64a-45e7-8db1-9caa4176060d/click] to [POST http://127.0.0.1:8201/wd/hub/session/a6be5ef6-dac3-4f1b-8d9b-1af58d81aba3/element/d238c268-a64a-45e7-8db1-9caa4176060d/click] with body: {"element":"d238c268-a64a-45e7-8db1-9caa4176060d"}
[debug] &amp#27;[35m[WD Proxy]&amp#27;[39m Got response with status 200: {"sessionId":"a6be5ef6-dac3-4f1b-8d9b-1af58d81aba3","value":null}
[debug] &amp#27;[35m[W3C (be98d240)]&amp#27;[39m Responding to client with driver.click() result: null
&amp#27;[35m[HTTP]&amp#27;[39m &amp#27;[37m<-- POST /wd/hub/session/be98d240-8e71-4adf-a451-d07c90f6f8f2/element/d238c268-a64a-45e7-8db1-9caa4176060d/click &amp#27;[39m&amp#27;[32m200&amp#27;[39m &amp#27;[90m93 ms - 14&amp#27;[39m
&amp#27;[35m[HTTP]&amp#27;[39m &amp#27;[90m&amp#27;[39m
&amp#27;[35m[HTTP]&amp#27;[39m &amp#27;[37m-->&amp#27;[39m &amp#27;[37mGET&amp#27;[39m &amp#27;[37m/wd/hub/session/be98d240-8e71-4adf-a451-d07c90f6f8f2/context&amp#27;[39m
&amp#27;[35m[HTTP]&amp#27;[39m &amp#27;[90m{}&amp#27;[39m
[debug] &amp#27;[35m[W3C (be98d240)]&amp#27;[39m Calling AppiumDriver.getCurrentContext() with args: ["be98d240-8e71-4adf-a451-d07c90f6f8f2"]
[debug] &amp#27;[35m[W3C (be98d240)]&amp#27;[39m Responding to client with driver.getCurrentContext() result: "NATIVE_APP"
&amp#27;[35m[HTTP]&amp#27;[39m &amp#27;[37m<-- GET /wd/hub/session/be98d240-8e71-4adf-a451-d07c90f6f8f2/context &amp#27;[39m&amp#27;[32m200&amp#27;[39m &amp#27;[90m2 ms - 22&amp#27;[39m
&amp#27;[35m[HTTP]&amp#27;[39m &amp#27;[90m&amp#27;[39m
&amp#27;[35m[HTTP]&amp#27;[39m &amp#27;[37m-->&amp#27;[39m &amp#27;[37mPOST&amp#27;[39m &amp#27;[37m/wd/hub/session/be98d240-8e71-4adf-a451-d07c90f6f8f2/element&amp#27;[39m
&amp#27;[35m[HTTP]&amp#27;[39m &amp#27;[90m{"using":"xpath","value":"//android.view.View[@text='Link All']"}&amp#27;[39m
[debug] &amp#27;[35m[W3C (be98d240)]&amp#27;[39m Calling AppiumDriver.findElement() with args: ["xpath","//android.view.View[@text='Link All']","be98d240-8e71-4adf-a451-d07c90f6f8f2"]
[debug] &amp#27;[35m[BaseDriver]&amp#27;[39m Valid locator strategies for this request: xpath, id, class name, accessibility id, css selector, -android uiautomator
[debug] &amp#27;[35m[BaseDriver]&amp#27;[39m Waiting up to 20000 ms for condition
[debug] &amp#27;[35m[WD Proxy]&amp#27;[39m Matched '/element' to command name 'findElement'
[debug] &amp#27;[35m[WD Proxy]&amp#27;[39m Proxying [POST /element] to [POST http://127.0.0.1:8201/wd/hub/session/a6be5ef6-dac3-4f1b-8d9b-1af58d81aba3/element] with body: {"strategy":"xpath","selector":"//android.view.View[@text='Link All']","context":"","multiple":false}
&amp#27;[35m[WD Proxy]&amp#27;[39m Got response with status 404: {"sessionId":"a6be5ef6-dac3-4f1b-8d9b-1af58d81aba3","value":{"error":"no such element","message":"An element could not be located on the page using the given search parameters","stacktrace":"io.appium.uiautomator2.common.exceptions.ElementNotFoundException: An element could not be located on the page using the given search parameters\n\tat io.appium.uiautomator2.handler.FindElement.findElement(FindElement.java:89)\n\tat io.appium.uiautomator2.handler.FindElement.safeHandle(FindElement.java:66)\n\tat io.appium.uiautomator2.handler.request.SafeRequestHandler.handle(SafeRequestHandler.java:41)\n\tat io.appium.uiautomator2.server.AppiumServlet.handleRequest(AppiumServlet.java:262)\n\tat io.appium.uiautomator2.server.AppiumServlet.handleHttpRequest(AppiumServlet.java:256)\n\tat io.appium.uiautomator2.http.ServerHandler.channelRead(ServerHandler.java:68)\n\tat io.netty.channel.AbstractChannelHandlerContext.invokeChannelRead(AbstractChannelHandlerContext.java:366)\n\tat io.netty.channel.AbstractChannelHandlerCont...
[debug] &amp#27;[35m[W3C]&amp#27;[39m Matched W3C error code 'no such element' to NoSuchElementError
[debug] &amp#27;[35m[BaseDriver]&amp#27;[39m Waited for 119 ms so far
[debug] &amp#27;[35m[WD Proxy]&amp#27;[39m Matched '/element' to command name 'findElement'
[debug] &amp#27;[35m[WD Proxy]&amp#27;[39m Proxying [POST /element] to [POST http://127.0.0.1:8201/wd/hub/session/a6be5ef6-dac3-4f1b-8d9b-1af58d81aba3/element] with body: {"strategy":"xpath","selector":"//android.view.View[@text='Link All']","context":"","multiple":false}
[debug] &amp#27;[35m[WD Proxy]&amp#27;[39m Got response with status 200: {"sessionId":"a6be5ef6-dac3-4f1b-8d9b-1af58d81aba3","value":{"ELEMENT":"4a0aef36-1a13-42e0-801d-15a596278f6d","element-6066-11e4-a52e-4f735466cecf":"4a0aef36-1a13-42e0-801d-15a596278f6d"}}
[debug] &amp#27;[35m[W3C (be98d240)]&amp#27;[39m Responding to client with driver.findElement() result: {"element-6066-11e4-a52e-4f735466cecf":"4a0aef36-1a13-42e0-801d-15a596278f6d","ELEMENT":"4a0aef36-1a13-42e0-801d-15a596278f6d"}
&amp#27;[35m[HTTP]&amp#27;[39m &amp#27;[37m<-- POST /wd/hub/session/be98d240-8e71-4adf-a451-d07c90f6f8f2/element &amp#27;[39m&amp#27;[32m200&amp#27;[39m &amp#27;[90m1940 ms - 137&amp#27;[39m
&amp#27;[35m[HTTP]&amp#27;[39m &amp#27;[90m&amp#27;[39m
&amp#27;[35m[HTTP]&amp#27;[39m &amp#27;[37m-->&amp#27;[39m &amp#27;[37mPOST&amp#27;[39m &amp#27;[37m/wd/hub/session/be98d240-8e71-4adf-a451-d07c90f6f8f2/element/4a0aef36-1a13-42e0-801d-15a596278f6d/click&amp#27;[39m
&amp#27;[35m[HTTP]&amp#27;[39m &amp#27;[90m{"id":"4a0aef36-1a13-42e0-801d-15a596278f6d"}&amp#27;[39m
[debug] &amp#27;[35m[W3C (be98d240)]&amp#27;[39m Calling AppiumDriver.click() with args: ["4a0aef36-1a13-42e0-801d-15a596278f6d","be98d240-8e71-4adf-a451-d07c90f6f8f2"]
[debug] &amp#27;[35m[WD Proxy]&amp#27;[39m Matched '/element/4a0aef36-1a13-42e0-801d-15a596278f6d/click' to command name 'click'
[debug] &amp#27;[35m[WD Proxy]&amp#27;[39m Proxying [POST /element/4a0aef36-1a13-42e0-801d-15a596278f6d/click] to [POST http://127.0.0.1:8201/wd/hub/session/a6be5ef6-dac3-4f1b-8d9b-1af58d81aba3/element/4a0aef36-1a13-42e0-801d-15a596278f6d/click] with body: {"element":"4a0aef36-1a13-42e0-801d-15a596278f6d"}
[debug] &amp#27;[35m[WD Proxy]&amp#27;[39m Got response with status 200: {"sessionId":"a6be5ef6-dac3-4f1b-8d9b-1af58d81aba3","value":null}
[debug] &amp#27;[35m[W3C (be98d240)]&amp#27;[39m Responding to client with driver.click() result: null
&amp#27;[35m[HTTP]&amp#27;[39m &amp#27;[37m<-- POST /wd/hub/session/be98d240-8e71-4adf-a451-d07c90f6f8f2/element/4a0aef36-1a13-42e0-801d-15a596278f6d/click &amp#27;[39m&amp#27;[32m200&amp#27;[39m &amp#27;[90m111 ms - 14&amp#27;[39m
&amp#27;[35m[HTTP]&amp#27;[39m &amp#27;[90m&amp#27;[39m
&amp#27;[35m[HTTP]&amp#27;[39m &amp#27;[37m-->&amp#27;[39m &amp#27;[37mGET&amp#27;[39m &amp#27;[37m/wd/hub/session/be98d240-8e71-4adf-a451-d07c90f6f8f2/context&amp#27;[39m
&amp#27;[35m[HTTP]&amp#27;[39m &amp#27;[90m{}&amp#27;[39m
[debug] &amp#27;[35m[W3C (be98d240)]&amp#27;[39m Calling AppiumDriver.getCurrentContext() with args: ["be98d240-8e71-4adf-a451-d07c90f6f8f2"]
[debug] &amp#27;[35m[W3C (be98d240)]&amp#27;[39m Responding to client with driver.getCurrentContext() result: "NATIVE_APP"
&amp#27;[35m[HTTP]&amp#27;[39m &amp#27;[37m<-- GET /wd/hub/session/be98d240-8e71-4adf-a451-d07c90f6f8f2/context &amp#27;[39m&amp#27;[32m200&amp#27;[39m &amp#27;[90m1 ms - 22&amp#27;[39m
&amp#27;[35m[HTTP]&amp#27;[39m &amp#27;[90m&amp#27;[39m
&amp#27;[35m[HTTP]&amp#27;[39m &amp#27;[37m-->&amp#27;[39m &amp#27;[37mPOST&amp#27;[39m &amp#27;[37m/wd/hub/session/be98d240-8e71-4adf-a451-d07c90f6f8f2/element&amp#27;[39m
&amp#27;[35m[HTTP]&amp#27;[39m &amp#27;[90m{"using":"xpath","value":"//android.widget.Button[@text='Proceed']"}&amp#27;[39m
[debug] &amp#27;[35m[W3C (be98d240)]&amp#27;[39m Calling AppiumDriver.findElement() with args: ["xpath","//android.widget.Button[@text='Proceed']","be98d240-8e71-4adf-a451-d07c90f6f8f2"]
[debug] &amp#27;[35m[BaseDriver]&amp#27;[39m Valid locator strategies for this request: xpath, id, class name, accessibility id, css selector, -android uiautomator
[debug] &amp#27;[35m[BaseDriver]&amp#27;[39m Waiting up to 20000 ms for condition
[debug] &amp#27;[35m[WD Proxy]&amp#27;[39m Matched '/element' to command name 'findElement'
[debug] &amp#27;[35m[WD Proxy]&amp#27;[39m Proxying [POST /element] to [POST http://127.0.0.1:8201/wd/hub/session/a6be5ef6-dac3-4f1b-8d9b-1af58d81aba3/element] with body: {"strategy":"xpath","selector":"//android.widget.Button[@text='Proceed']","context":"","multiple":false}
[debug] &amp#27;[35m[WD Proxy]&amp#27;[39m Got response with status 200: {"sessionId":"a6be5ef6-dac3-4f1b-8d9b-1af58d81aba3","value":{"ELEMENT":"5e3fd05c-8767-4233-93f9-40f497e702ac","element-6066-11e4-a52e-4f735466cecf":"5e3fd05c-8767-4233-93f9-40f497e702ac"}}
[debug] &amp#27;[35m[W3C (be98d240)]&amp#27;[39m Responding to client with driver.findElement() result: {"element-6066-11e4-a52e-4f735466cecf":"5e3fd05c-8767-4233-93f9-40f497e702ac","ELEMENT":"5e3fd05c-8767-4233-93f9-40f497e702ac"}
&amp#27;[35m[HTTP]&amp#27;[39m &amp#27;[37m<-- POST /wd/hub/session/be98d240-8e71-4adf-a451-d07c90f6f8f2/element &amp#27;[39m&amp#27;[32m200&amp#27;[39m &amp#27;[90m424 ms - 137&amp#27;[39m
&amp#27;[35m[HTTP]&amp#27;[39m &amp#27;[90m&amp#27;[39m
&amp#27;[35m[HTTP]&amp#27;[39m &amp#27;[37m-->&amp#27;[39m &amp#27;[37mPOST&amp#27;[39m &amp#27;[37m/wd/hub/session/be98d240-8e71-4adf-a451-d07c90f6f8f2/element/5e3fd05c-8767-4233-93f9-40f497e702ac/click&amp#27;[39m
&amp#27;[35m[HTTP]&amp#27;[39m &amp#27;[90m{"id":"5e3fd05c-8767-4233-93f9-40f497e702ac"}&amp#27;[39m
[debug] &amp#27;[35m[W3C (be98d240)]&amp#27;[39m Calling AppiumDriver.click() with args: ["5e3fd05c-8767-4233-93f9-40f497e702ac","be98d240-8e71-4adf-a451-d07c90f6f8f2"]
[debug] &amp#27;[35m[WD Proxy]&amp#27;[39m Matched '/element/5e3fd05c-8767-4233-93f9-40f497e702ac/click' to command name 'click'
[debug] &amp#27;[35m[WD Proxy]&amp#27;[39m Proxying [POST /element/5e3fd05c-8767-4233-93f9-40f497e702ac/click] to [POST http://127.0.0.1:8201/wd/hub/session/a6be5ef6-dac3-4f1b-8d9b-1af58d81aba3/element/5e3fd05c-8767-4233-93f9-40f497e702ac/click] with body: {"element":"5e3fd05c-8767-4233-93f9-40f497e702ac"}
[debug] &amp#27;[35m[WD Proxy]&amp#27;[39m Got response with status 200: {"sessionId":"a6be5ef6-dac3-4f1b-8d9b-1af58d81aba3","value":null}
[debug] &amp#27;[35m[W3C (be98d240)]&amp#27;[39m Responding to client with driver.click() result: null
&amp#27;[35m[HTTP]&amp#27;[39m &amp#27;[37m<-- POST /wd/hub/session/be98d240-8e71-4adf-a451-d07c90f6f8f2/element/5e3fd05c-8767-4233-93f9-40f497e702ac/click &amp#27;[39m&amp#27;[32m200&amp#27;[39m &amp#27;[90m946 ms - 14&amp#27;[39m
&amp#27;[35m[HTTP]&amp#27;[39m &amp#27;[90m&amp#27;[39m
&amp#27;[35m[HTTP]&amp#27;[39m &amp#27;[37m-->&amp#27;[39m &amp#27;[37mPOST&amp#27;[39m &amp#27;[37m/wd/hub/session/be98d240-8e71-4adf-a451-d07c90f6f8f2/appium/device/hide_keyboard&amp#27;[39m
&amp#27;[35m[HTTP]&amp#27;[39m &amp#27;[90m{}&amp#27;[39m
[debug] &amp#27;[35m[W3C (be98d240)]&amp#27;[39m Calling AppiumDriver.hideKeyboard() with args: [null,null,null,null,"be98d240-8e71-4adf-a451-d07c90f6f8f2"]
[debug] &amp#27;[35m[ADB]&amp#27;[39m Running 'C:\Users\Fayaz\AppData\Local\Android\Sdk\platform-tools\adb.exe -P 5037 -s emulator-5554 shell dumpsys input_method'
[debug] &amp#27;[35m[ADB]&amp#27;[39m Running 'C:\Users\Fayaz\AppData\Local\Android\Sdk\platform-tools\adb.exe -P 5037 -s emulator-5554 shell input keyevent 111'
[debug] &amp#27;[35m[ADB]&amp#27;[39m Running 'C:\Users\Fayaz\AppData\Local\Android\Sdk\platform-tools\adb.exe -P 5037 -s emulator-5554 shell dumpsys input_method'
[debug] &amp#27;[35m[ADB]&amp#27;[39m Running 'C:\Users\Fayaz\AppData\Local\Android\Sdk\platform-tools\adb.exe -P 5037 -s emulator-5554 shell dumpsys input_method'
[debug] &amp#27;[35m[ADB]&amp#27;[39m Running 'C:\Users\Fayaz\AppData\Local\Android\Sdk\platform-tools\adb.exe -P 5037 -s emulator-5554 shell input keyevent 4'
[debug] &amp#27;[35m[ADB]&amp#27;[39m Running 'C:\Users\Fayaz\AppData\Local\Android\Sdk\platform-tools\adb.exe -P 5037 -s emulator-5554 shell dumpsys input_method'
[debug] &amp#27;[35m[W3C (be98d240)]&amp#27;[39m Responding to client with driver.hideKeyboard() result: true
&amp#27;[35m[HTTP]&amp#27;[39m &amp#27;[37m<-- POST /wd/hub/session/be98d240-8e71-4adf-a451-d07c90f6f8f2/appium/device/hide_keyboard &amp#27;[39m&amp#27;[32m200&amp#27;[39m &amp#27;[90m4900 ms - 14&amp#27;[39m
&amp#27;[35m[HTTP]&amp#27;[39m &amp#27;[90m&amp#27;[39m
&amp#27;[35m[HTTP]&amp#27;[39m &amp#27;[37m-->&amp#27;[39m &amp#27;[37mPOST&amp#27;[39m &amp#27;[37m/wd/hub/session/be98d240-8e71-4adf-a451-d07c90f6f8f2/actions&amp#27;[39m
&amp#27;[35m[HTTP]&amp#27;[39m &amp#27;[90m{"actions":[{"type":"key","actions":[{"type":"keyDown","value":"8"},{"type":"keyUp","value":"8"},{"type":"keyDown","value":"1"},{"type":"keyUp","value":"1"},{"type":"keyDown","value":"2"},{"type":"keyUp","value":"2"},{"type":"keyDown","value":"0"},{"type":"keyUp","value":"0"},{"type":"keyDown","value":"9"},{"type":"keyUp","value":"9"},{"type":"keyDown","value":"3"},{"type":"keyUp","value":"3"}],"id":"keyboard"}]}&amp#27;[39m
[debug] &amp#27;[35m[W3C (be98d240)]&amp#27;[39m Calling AppiumDriver.performActions() with args: [[{"type":"key","actions":[{"type":"keyDown","value":"8"},{"type":"keyUp","value":"8"},{"type":"keyDown","value":"1"},{"type":"keyUp","value":"1"},{"type":"keyDown","value":"2"},{"type":"keyUp","value":"2"},{"type":"keyDown","value":"0"},{"type":"keyUp","value":"0"},{"type":"keyDown","value":"9"},{"type":"keyUp","value":"9"},{"type":"keyDown","value":"3"},{"type":"keyUp","value":"3"}],"id":"keyboard"}],"be98d240-8e71-4adf-a451-d07c90f6f8f2"]
[debug] &amp#27;[35m[UiAutomator2]&amp#27;[39m Received the following W3C actions: [
[debug] &amp#27;[35m[UiAutomator2]&amp#27;[39m   {
[debug] &amp#27;[35m[UiAutomator2]&amp#27;[39m     "type": "key",
[debug] &amp#27;[35m[UiAutomator2]&amp#27;[39m     "actions": [
[debug] &amp#27;[35m[UiAutomator2]&amp#27;[39m       {
[debug] &amp#27;[35m[UiAutomator2]&amp#27;[39m         "type": "keyDown",
[debug] &amp#27;[35m[UiAutomator2]&amp#27;[39m         "value": "8"
[debug] &amp#27;[35m[UiAutomator2]&amp#27;[39m       },
[debug] &amp#27;[35m[UiAutomator2]&amp#27;[39m       {
[debug] &amp#27;[35m[UiAutomator2]&amp#27;[39m         "type": "keyUp",
[debug] &amp#27;[35m[UiAutomator2]&amp#27;[39m         "value": "8"
[debug] &amp#27;[35m[UiAutomator2]&amp#27;[39m       },
[debug] &amp#27;[35m[UiAutomator2]&amp#27;[39m       {
[debug] &amp#27;[35m[UiAutomator2]&amp#27;[39m         "type": "keyDown",
[debug] &amp#27;[35m[UiAutomator2]&amp#27;[39m         "value": "1"
[debug] &amp#27;[35m[UiAutomator2]&amp#27;[39m       },
[debug] &amp#27;[35m[UiAutomator2]&amp#27;[39m       {
[debug] &amp#27;[35m[UiAutomator2]&amp#27;[39m         "type": "keyUp",
[debug] &amp#27;[35m[UiAutomator2]&amp#27;[39m         "value": "1"
[debug] &amp#27;[35m[UiAutomator2]&amp#27;[39m       },
[debug] &amp#27;[35m[UiAutomator2]&amp#27;[39m       {
[debug] &amp#27;[35m[UiAutomator2]&amp#27;[39m         "type": "keyDown",
[debug] &amp#27;[35m[UiAutomator2]&amp#27;[39m         "value": "2"
[debug] &amp#27;[35m[UiAutomator2]&amp#27;[39m       },
[debug] &amp#27;[35m[UiAutomator2]&amp#27;[39m       {
[debug] &amp#27;[35m[UiAutomator2]&amp#27;[39m         "type": "keyUp",
[debug] &amp#27;[35m[UiAutomator2]&amp#27;[39m         "value": "2"
[debug] &amp#27;[35m[UiAutomator2]&amp#27;[39m       },
[debug] &amp#27;[35m[UiAutomator2]&amp#27;[39m       {
[debug] &amp#27;[35m[UiAutomator2]&amp#27;[39m         "type": "keyDown",
[debug] &amp#27;[35m[UiAutomator2]&amp#27;[39m         "value": "0"
[debug] &amp#27;[35m[UiAutomator2]&amp#27;[39m       },
[debug] &amp#27;[35m[UiAutomator2]&amp#27;[39m       {
[debug] &amp#27;[35m[UiAutomator2]&amp#27;[39m         "type": "keyUp",
[debug] &amp#27;[35m[UiAutomator2]&amp#27;[39m         "value": "0"
[debug] &amp#27;[35m[UiAutomator2]&amp#27;[39m       },
[debug] &amp#27;[35m[UiAutomator2]&amp#27;[39m       {
[debug] &amp#27;[35m[UiAutomator2]&amp#27;[39m         "type": "keyDown",
[debug] &amp#27;[35m[UiAutomator2]&amp#27;[39m         "value": "9"
[debug] &amp#27;[35m[UiAutomator2]&amp#27;[39m       },
[debug] &amp#27;[35m[UiAutomator2]&amp#27;[39m       {
[debug] &amp#27;[35m[UiAutomator2]&amp#27;[39m         "type": "keyUp",
[debug] &amp#27;[35m[UiAutomator2]&amp#27;[39m         "value": "9"
[debug] &amp#27;[35m[UiAutomator2]&amp#27;[39m       },
[debug] &amp#27;[35m[UiAutomator2]&amp#27;[39m       {
[debug] &amp#27;[35m[UiAutomator2]&amp#27;[39m         "type": "keyDown",
[debug] &amp#27;[35m[UiAutomator2]&amp#27;[39m         "value": "3"
[debug] &amp#27;[35m[UiAutomator2]&amp#27;[39m       },
[debug] &amp#27;[35m[UiAutomator2]&amp#27;[39m       {
[debug] &amp#27;[35m[UiAutomator2]&amp#27;[39m         "type": "keyUp",
[debug] &amp#27;[35m[UiAutomator2]&amp#27;[39m         "value": "3"
[debug] &amp#27;[35m[UiAutomator2]&amp#27;[39m       }
[debug] &amp#27;[35m[UiAutomator2]&amp#27;[39m     ],
[debug] &amp#27;[35m[UiAutomator2]&amp#27;[39m     "id": "keyboard"
[debug] &amp#27;[35m[UiAutomator2]&amp#27;[39m   }
[debug] &amp#27;[35m[UiAutomator2]&amp#27;[39m ]
[debug] &amp#27;[35m[UiAutomator2]&amp#27;[39m Preprocessed actions: [
[debug] &amp#27;[35m[UiAutomator2]&amp#27;[39m   {
[debug] &amp#27;[35m[UiAutomator2]&amp#27;[39m     "type": "key",
[debug] &amp#27;[35m[UiAutomator2]&amp#27;[39m     "actions": [
[debug] &amp#27;[35m[UiAutomator2]&amp#27;[39m       {
[debug] &amp#27;[35m[UiAutomator2]&amp#27;[39m         "type": "keyDown",
[debug] &amp#27;[35m[UiAutomator2]&amp#27;[39m         "value": "8"
[debug] &amp#27;[35m[UiAutomator2]&amp#27;[39m       },
[debug] &amp#27;[35m[UiAutomator2]&amp#27;[39m       {
[debug] &amp#27;[35m[UiAutomator2]&amp#27;[39m         "type": "keyUp",
[debug] &amp#27;[35m[UiAutomator2]&amp#27;[39m         "value": "8"
[debug] &amp#27;[35m[UiAutomator2]&amp#27;[39m       },
[debug] &amp#27;[35m[UiAutomator2]&amp#27;[39m       {
[debug] &amp#27;[35m[UiAutomator2]&amp#27;[39m         "type": "keyDown",
[debug] &amp#27;[35m[UiAutomator2]&amp#27;[39m         "value": "1"
[debug] &amp#27;[35m[UiAutomator2]&amp#27;[39m       },
[debug] &amp#27;[35m[UiAutomator2]&amp#27;[39m       {
[debug] &amp#27;[35m[UiAutomator2]&amp#27;[39m         "type": "keyUp",
[debug] &amp#27;[35m[UiAutomator2]&amp#27;[39m         "value": "1"
[debug] &amp#27;[35m[UiAutomator2]&amp#27;[39m       },
[debug] &amp#27;[35m[UiAutomator2]&amp#27;[39m       {
[debug] &amp#27;[35m[UiAutomator2]&amp#27;[39m         "type": "keyDown",
[debug] &amp#27;[35m[UiAutomator2]&amp#27;[39m         "value": "2"
[debug] &amp#27;[35m[UiAutomator2]&amp#27;[39m       },
[debug] &amp#27;[35m[UiAutomator2]&amp#27;[39m       {
[debug] &amp#27;[35m[UiAutomator2]&amp#27;[39m         "type": "keyUp",
[debug] &amp#27;[35m[UiAutomator2]&amp#27;[39m         "value": "2"
[debug] &amp#27;[35m[UiAutomator2]&amp#27;[39m       },
[debug] &amp#27;[35m[UiAutomator2]&amp#27;[39m       {
[debug] &amp#27;[35m[UiAutomator2]&amp#27;[39m         "type": "keyDown",
[debug] &amp#27;[35m[UiAutomator2]&amp#27;[39m         "value": "0"
[debug] &amp#27;[35m[UiAutomator2]&amp#27;[39m       },
[debug] &amp#27;[35m[UiAutomator2]&amp#27;[39m       {
[debug] &amp#27;[35m[UiAutomator2]&amp#27;[39m         "type": "keyUp",
[debug] &amp#27;[35m[UiAutomator2]&amp#27;[39m         "value": "0"
[debug] &amp#27;[35m[UiAutomator2]&amp#27;[39m       },
[debug] &amp#27;[35m[UiAutomator2]&amp#27;[39m       {
[debug] &amp#27;[35m[UiAutomator2]&amp#27;[39m         "type": "keyDown",
[debug] &amp#27;[35m[UiAutomator2]&amp#27;[39m         "value": "9"
[debug] &amp#27;[35m[UiAutomator2]&amp#27;[39m       },
[debug] &amp#27;[35m[UiAutomator2]&amp#27;[39m       {
[debug] &amp#27;[35m[UiAutomator2]&amp#27;[39m         "type": "keyUp",
[debug] &amp#27;[35m[UiAutomator2]&amp#27;[39m         "value": "9"
[debug] &amp#27;[35m[UiAutomator2]&amp#27;[39m       },
[debug] &amp#27;[35m[UiAutomator2]&amp#27;[39m       {
[debug] &amp#27;[35m[UiAutomator2]&amp#27;[39m         "type": "keyDown",
[debug] &amp#27;[35m[UiAutomator2]&amp#27;[39m         "value": "3"
[debug] &amp#27;[35m[UiAutomator2]&amp#27;[39m       },
[debug] &amp#27;[35m[UiAutomator2]&amp#27;[39m       {
[debug] &amp#27;[35m[UiAutomator2]&amp#27;[39m         "type": "keyUp",
[debug] &amp#27;[35m[UiAutomator2]&amp#27;[39m         "value": "3"
[debug] &amp#27;[35m[UiAutomator2]&amp#27;[39m       }
[debug] &amp#27;[35m[UiAutomator2]&amp#27;[39m     ],
[debug] &amp#27;[35m[UiAutomator2]&amp#27;[39m     "id": "keyboard"
[debug] &amp#27;[35m[UiAutomator2]&amp#27;[39m   }
[debug] &amp#27;[35m[UiAutomator2]&amp#27;[39m ]
[debug] &amp#27;[35m[WD Proxy]&amp#27;[39m Matched '/actions' to command name 'performActions'
[debug] &amp#27;[35m[WD Proxy]&amp#27;[39m Proxying [POST /actions] to [POST http://127.0.0.1:8201/wd/hub/session/a6be5ef6-dac3-4f1b-8d9b-1af58d81aba3/actions] with body: {"actions":[{"type":"key","actions":[{"type":"keyDown","value":"8"},{"type":"keyUp","value":"8"},{"type":"keyDown","value":"1"},{"type":"keyUp","value":"1"},{"type":"keyDown","value":"2"},{"type":"keyUp","value":"2"},{"type":"keyDown","value":"0"},{"type":"keyUp","value":"0"},{"type":"keyDown","value":"9"},{"type":"keyUp","value":"9"},{"type":"keyDown","value":"3"},{"type":"keyUp","value":"3"}],"id":"keyboard"}]}
[debug] &amp#27;[35m[WD Proxy]&amp#27;[39m Got response with status 200: {"sessionId":"a6be5ef6-dac3-4f1b-8d9b-1af58d81aba3","value":null}
[debug] &amp#27;[35m[W3C (be98d240)]&amp#27;[39m Responding to client with driver.performActions() result: null
&amp#27;[35m[HTTP]&amp#27;[39m &amp#27;[37m<-- POST /wd/hub/session/be98d240-8e71-4adf-a451-d07c90f6f8f2/actions &amp#27;[39m&amp#27;[32m200&amp#27;[39m &amp#27;[90m1411 ms - 14&amp#27;[39m
&amp#27;[35m[HTTP]&amp#27;[39m &amp#27;[90m&amp#27;[39m
&amp#27;[35m[HTTP]&amp#27;[39m &amp#27;[37m-->&amp#27;[39m &amp#27;[37mPOST&amp#27;[39m &amp#27;[37m/wd/hub/session/be98d240-8e71-4adf-a451-d07c90f6f8f2/appium/device/hide_keyboard&amp#27;[39m
&amp#27;[35m[HTTP]&amp#27;[39m &amp#27;[90m{}&amp#27;[39m
[debug] &amp#27;[35m[W3C (be98d240)]&amp#27;[39m Calling AppiumDriver.hideKeyboard() with args: [null,null,null,null,"be98d240-8e71-4adf-a451-d07c90f6f8f2"]
[debug] &amp#27;[35m[ADB]&amp#27;[39m Running 'C:\Users\Fayaz\AppData\Local\Android\Sdk\platform-tools\adb.exe -P 5037 -s emulator-5554 shell dumpsys input_method'
[debug] &amp#27;[35m[ADB]&amp#27;[39m Running 'C:\Users\Fayaz\AppData\Local\Android\Sdk\platform-tools\adb.exe -P 5037 -s emulator-5554 shell input keyevent 111'
[debug] &amp#27;[35m[ADB]&amp#27;[39m Running 'C:\Users\Fayaz\AppData\Local\Android\Sdk\platform-tools\adb.exe -P 5037 -s emulator-5554 shell dumpsys input_method'
[debug] &amp#27;[35m[ADB]&amp#27;[39m Running 'C:\Users\Fayaz\AppData\Local\Android\Sdk\platform-tools\adb.exe -P 5037 -s emulator-5554 shell dumpsys input_method'
[debug] &amp#27;[35m[ADB]&amp#27;[39m Running 'C:\Users\Fayaz\AppData\Local\Android\Sdk\platform-tools\adb.exe -P 5037 -s emulator-5554 shell input keyevent 4'
[debug] &amp#27;[35m[ADB]&amp#27;[39m Running 'C:\Users\Fayaz\AppData\Local\Android\Sdk\platform-tools\adb.exe -P 5037 -s emulator-5554 shell dumpsys input_method'
[debug] &amp#27;[35m[W3C (be98d240)]&amp#27;[39m Responding to client with driver.hideKeyboard() result: true
&amp#27;[35m[HTTP]&amp#27;[39m &amp#27;[37m<-- POST /wd/hub/session/be98d240-8e71-4adf-a451-d07c90f6f8f2/appium/device/hide_keyboard &amp#27;[39m&amp#27;[32m200&amp#27;[39m &amp#27;[90m4317 ms - 14&amp#27;[39m
&amp#27;[35m[HTTP]&amp#27;[39m &amp#27;[90m&amp#27;[39m
&amp#27;[35m[HTTP]&amp#27;[39m &amp#27;[37m-->&amp#27;[39m &amp#27;[37mGET&amp#27;[39m &amp#27;[37m/wd/hub/session/be98d240-8e71-4adf-a451-d07c90f6f8f2/context&amp#27;[39m
&amp#27;[35m[HTTP]&amp#27;[39m &amp#27;[90m{}&amp#27;[39m
[debug] &amp#27;[35m[W3C (be98d240)]&amp#27;[39m Calling AppiumDriver.getCurrentContext() with args: ["be98d240-8e71-4adf-a451-d07c90f6f8f2"]
[debug] &amp#27;[35m[W3C (be98d240)]&amp#27;[39m Responding to client with driver.getCurrentContext() result: "NATIVE_APP"
&amp#27;[35m[HTTP]&amp#27;[39m &amp#27;[37m<-- GET /wd/hub/session/be98d240-8e71-4adf-a451-d07c90f6f8f2/context &amp#27;[39m&amp#27;[32m200&amp#27;[39m &amp#27;[90m1 ms - 22&amp#27;[39m
&amp#27;[35m[HTTP]&amp#27;[39m &amp#27;[90m&amp#27;[39m
&amp#27;[35m[HTTP]&amp#27;[39m &amp#27;[37m-->&amp#27;[39m &amp#27;[37mPOST&amp#27;[39m &amp#27;[37m/wd/hub/session/be98d240-8e71-4adf-a451-d07c90f6f8f2/element&amp#27;[39m
&amp#27;[35m[HTTP]&amp#27;[39m &amp#27;[90m{"using":"xpath","value":"//android.widget.Button[@text='Verify']"}&amp#27;[39m
[debug] &amp#27;[35m[W3C (be98d240)]&amp#27;[39m Calling AppiumDriver.findElement() with args: ["xpath","//android.widget.Button[@text='Verify']","be98d240-8e71-4adf-a451-d07c90f6f8f2"]
[debug] &amp#27;[35m[BaseDriver]&amp#27;[39m Valid locator strategies for this request: xpath, id, class name, accessibility id, css selector, -android uiautomator
[debug] &amp#27;[35m[BaseDriver]&amp#27;[39m Waiting up to 20000 ms for condition
[debug] &amp#27;[35m[WD Proxy]&amp#27;[39m Matched '/element' to command name 'findElement'
[debug] &amp#27;[35m[WD Proxy]&amp#27;[39m Proxying [POST /element] to [POST http://127.0.0.1:8201/wd/hub/session/a6be5ef6-dac3-4f1b-8d9b-1af58d81aba3/element] with body: {"strategy":"xpath","selector":"//android.widget.Button[@text='Verify']","context":"","multiple":false}
[debug] &amp#27;[35m[WD Proxy]&amp#27;[39m Got response with status 200: {"sessionId":"a6be5ef6-dac3-4f1b-8d9b-1af58d81aba3","value":{"ELEMENT":"6e57ccb5-3761-4b15-ab2a-e095c8e98904","element-6066-11e4-a52e-4f735466cecf":"6e57ccb5-3761-4b15-ab2a-e095c8e98904"}}
[debug] &amp#27;[35m[W3C (be98d240)]&amp#27;[39m Responding to client with driver.findElement() result: {"element-6066-11e4-a52e-4f735466cecf":"6e57ccb5-3761-4b15-ab2a-e095c8e98904","ELEMENT":"6e57ccb5-3761-4b15-ab2a-e095c8e98904"}
&amp#27;[35m[HTTP]&amp#27;[39m &amp#27;[37m<-- POST /wd/hub/session/be98d240-8e71-4adf-a451-d07c90f6f8f2/element &amp#27;[39m&amp#27;[32m200&amp#27;[39m &amp#27;[90m182 ms - 137&amp#27;[39m
&amp#27;[35m[HTTP]&amp#27;[39m &amp#27;[90m&amp#27;[39m
&amp#27;[35m[HTTP]&amp#27;[39m &amp#27;[37m-->&amp#27;[39m &amp#27;[37mPOST&amp#27;[39m &amp#27;[37m/wd/hub/session/be98d240-8e71-4adf-a451-d07c90f6f8f2/element/6e57ccb5-3761-4b15-ab2a-e095c8e98904/click&amp#27;[39m
&amp#27;[35m[HTTP]&amp#27;[39m &amp#27;[90m{"id":"6e57ccb5-3761-4b15-ab2a-e095c8e98904"}&amp#27;[39m
[debug] &amp#27;[35m[W3C (be98d240)]&amp#27;[39m Calling AppiumDriver.click() with args: ["6e57ccb5-3761-4b15-ab2a-e095c8e98904","be98d240-8e71-4adf-a451-d07c90f6f8f2"]
[debug] &amp#27;[35m[WD Proxy]&amp#27;[39m Matched '/element/6e57ccb5-3761-4b15-ab2a-e095c8e98904/click' to command name 'click'
[debug] &amp#27;[35m[WD Proxy]&amp#27;[39m Proxying [POST /element/6e57ccb5-3761-4b15-ab2a-e095c8e98904/click] to [POST http://127.0.0.1:8201/wd/hub/session/a6be5ef6-dac3-4f1b-8d9b-1af58d81aba3/element/6e57ccb5-3761-4b15-ab2a-e095c8e98904/click] with body: {"element":"6e57ccb5-3761-4b15-ab2a-e095c8e98904"}
[debug] &amp#27;[35m[WD Proxy]&amp#27;[39m Got response with status 200: {"sessionId":"a6be5ef6-dac3-4f1b-8d9b-1af58d81aba3","value":null}
[debug] &amp#27;[35m[W3C (be98d240)]&amp#27;[39m Responding to client with driver.click() result: null
&amp#27;[35m[HTTP]&amp#27;[39m &amp#27;[37m<-- POST /wd/hub/session/be98d240-8e71-4adf-a451-d07c90f6f8f2/element/6e57ccb5-3761-4b15-ab2a-e095c8e98904/click &amp#27;[39m&amp#27;[32m200&amp#27;[39m &amp#27;[90m67 ms - 14&amp#27;[39m
&amp#27;[35m[HTTP]&amp#27;[39m &amp#27;[90m&amp#27;[39m
&amp#27;[35m[HTTP]&amp#27;[39m &amp#27;[37m-->&amp#27;[39m &amp#27;[37mGET&amp#27;[39m &amp#27;[37m/wd/hub/session/be98d240-8e71-4adf-a451-d07c90f6f8f2/context&amp#27;[39m
&amp#27;[35m[HTTP]&amp#27;[39m &amp#27;[90m{}&amp#27;[39m
[debug] &amp#27;[35m[W3C (be98d240)]&amp#27;[39m Calling AppiumDriver.getCurrentContext() with args: ["be98d240-8e71-4adf-a451-d07c90f6f8f2"]
[debug] &amp#27;[35m[W3C (be98d240)]&amp#27;[39m Responding to client with driver.getCurrentContext() result: "NATIVE_APP"
&amp#27;[35m[HTTP]&amp#27;[39m &amp#27;[37m<-- GET /wd/hub/session/be98d240-8e71-4adf-a451-d07c90f6f8f2/context &amp#27;[39m&amp#27;[32m200&amp#27;[39m &amp#27;[90m1 ms - 22&amp#27;[39m
&amp#27;[35m[HTTP]&amp#27;[39m &amp#27;[90m&amp#27;[39m
&amp#27;[35m[HTTP]&amp#27;[39m &amp#27;[37m-->&amp#27;[39m &amp#27;[37mPOST&amp#27;[39m &amp#27;[37m/wd/hub/session/be98d240-8e71-4adf-a451-d07c90f6f8f2/element&amp#27;[39m
&amp#27;[35m[HTTP]&amp#27;[39m &amp#27;[90m{"using":"xpath","value":"//android.view.View[@text='Account Added Successfully']"}&amp#27;[39m
[debug] &amp#27;[35m[W3C (be98d240)]&amp#27;[39m Calling AppiumDriver.findElement() with args: ["xpath","//android.view.View[@text='Account Added Successfully']","be98d240-8e71-4adf-a451-d07c90f6f8f2"]
[debug] &amp#27;[35m[BaseDriver]&amp#27;[39m Valid locator strategies for this request: xpath, id, class name, accessibility id, css selector, -android uiautomator
[debug] &amp#27;[35m[BaseDriver]&amp#27;[39m Waiting up to 20000 ms for condition
[debug] &amp#27;[35m[WD Proxy]&amp#27;[39m Matched '/element' to command name 'findElement'
[debug] &amp#27;[35m[WD Proxy]&amp#27;[39m Proxying [POST /element] to [POST http://127.0.0.1:8201/wd/hub/session/a6be5ef6-dac3-4f1b-8d9b-1af58d81aba3/element] with body: {"strategy":"xpath","selector":"//android.view.View[@text='Account Added Successfully']","context":"","multiple":false}
[debug] &amp#27;[35m[WD Proxy]&amp#27;[39m Got response with status 200: {"sessionId":"a6be5ef6-dac3-4f1b-8d9b-1af58d81aba3","value":{"ELEMENT":"e7e677d3-733e-446c-bbc4-762a8c6127af","element-6066-11e4-a52e-4f735466cecf":"e7e677d3-733e-446c-bbc4-762a8c6127af"}}
[debug] &amp#27;[35m[W3C (be98d240)]&amp#27;[39m Responding to client with driver.findElement() result: {"element-6066-11e4-a52e-4f735466cecf":"e7e677d3-733e-446c-bbc4-762a8c6127af","ELEMENT":"e7e677d3-733e-446c-bbc4-762a8c6127af"}
&amp#27;[35m[HTTP]&amp#27;[39m &amp#27;[37m<-- POST /wd/hub/session/be98d240-8e71-4adf-a451-d07c90f6f8f2/element &amp#27;[39m&amp#27;[32m200&amp#27;[39m &amp#27;[90m40 ms - 137&amp#27;[39m
&amp#27;[35m[HTTP]&amp#27;[39m &amp#27;[90m&amp#27;[39m
&amp#27;[35m[HTTP]&amp#27;[39m &amp#27;[37m-->&amp#27;[39m &amp#27;[37mGET&amp#27;[39m &amp#27;[37m/wd/hub/session/be98d240-8e71-4adf-a451-d07c90f6f8f2/element/e7e677d3-733e-446c-bbc4-762a8c6127af/text&amp#27;[39m
&amp#27;[35m[HTTP]&amp#27;[39m &amp#27;[90m{}&amp#27;[39m
&amp#27;[35m[W3C (be98d240)]&amp#27;[39m Driver proxy active, passing request on via HTTP proxy
[debug] &amp#27;[35m[WD Proxy]&amp#27;[39m Matched '/wd/hub/session/be98d240-8e71-4adf-a451-d07c90f6f8f2/element/e7e677d3-733e-446c-bbc4-762a8c6127af/text' to command name 'getText'
[debug] &amp#27;[35m[WD Proxy]&amp#27;[39m Proxying [GET /wd/hub/session/be98d240-8e71-4adf-a451-d07c90f6f8f2/element/e7e677d3-733e-446c-bbc4-762a8c6127af/text] to [GET http://127.0.0.1:8201/wd/hub/session/a6be5ef6-dac3-4f1b-8d9b-1af58d81aba3/element/e7e677d3-733e-446c-bbc4-762a8c6127af/text] with no body
[debug] &amp#27;[35m[WD Proxy]&amp#27;[39m Got response with status 200: {"sessionId":"a6be5ef6-dac3-4f1b-8d9b-1af58d81aba3","value":"Account Added Successfully"}
&amp#27;[35m[WD Proxy]&amp#27;[39m Replacing sessionId a6be5ef6-dac3-4f1b-8d9b-1af58d81aba3 with be98d240-8e71-4adf-a451-d07c90f6f8f2
&amp#27;[35m[HTTP]&amp#27;[39m &amp#27;[37m<-- GET /wd/hub/session/be98d240-8e71-4adf-a451-d07c90f6f8f2/element/e7e677d3-733e-446c-bbc4-762a8c6127af/text &amp#27;[39m&amp#27;[32m200&amp#27;[39m &amp#27;[90m21 ms - 89&amp#27;[39m
&amp#27;[35m[HTTP]&amp#27;[39m &amp#27;[90m&amp#27;[39m
Congulations Account added successfully!!
]]></system-out>
    <system-err><![CDATA[Dec 08, 2021 2:33:41 PM io.appium.java_client.remote.AppiumCommandExecutor$1 lambda$0
INFO: Detected dialect: W3C
]]></system-err>
  </testcase>
  <testcase name="AccountDetailsFetch[7760305049, 7760305049, 0082](1)" classname="AA.Anumati.FetchAccountDetails" time="74.312">
    <system-out><![CDATA[C:\Users\Fayaz\Appium\Anumati
[debug] &amp#27;[35m[HTTP]&amp#27;[39m Request idempotency key: 9018ebd0-aa1e-4e0b-ac21-d946d049947f
&amp#27;[35m[HTTP]&amp#27;[39m &amp#27;[37m-->&amp#27;[39m &amp#27;[37mPOST&amp#27;[39m &amp#27;[37m/wd/hub/session&amp#27;[39m
&amp#27;[35m[HTTP]&amp#27;[39m &amp#27;[90m{"desiredCapabilities":{"app":"C:\\Users\\Fayaz\\Appium\\Anumati\\src\\Anumati.apk","newCommandTimeout":14,"automationName":"uiautomator2","autoGrantPermissions":"true","chromeOptions":{"w3c":false},"platformName":"Android","deviceName":"Fayaz_Emulator2"},"capabilities":{"firstMatch":[{"appium:app":"C:\\Users\\Fayaz\\Appium\\Anumati\\src\\Anumati.apk","appium:autoGrantPermissions":"true","appium:automationName":"uiautomator2","appium:chromeOptions":{"w3c":false},"appium:deviceName":"Fayaz_Emulator2","goog:chromeOptions":{"w3c":false},"appium:newCommandTimeout":14,"platformName":"android"}]}}&amp#27;[39m
[debug] &amp#27;[35m[W3C]&amp#27;[39m Calling AppiumDriver.createSession() with args: [{"app":"C:\\Users\\Fayaz\\Appium\\Anumati\\src\\Anumati.apk","newCommandTimeout":14,"automationName":"uiautomator2","autoGrantPermissions":"true","chromeOptions":{"w3c":false},"platformName":"Android","deviceName":"Fayaz_Emulator2"},null,{"firstMatch":[{"appium:app":"C:\\Users\\Fayaz\\Appium\\Anumati\\src\\Anumati.apk","appium:autoGrantPermissions":"true","appium:automationName":"uiautomator2","appium:chromeOptions":{"w3c":false},"appium:deviceName":"Fayaz_Emulator2","goog:chromeOptions":{"w3c":false},"appium:newCommandTimeout":14,"platformName":"android"}]}]
[debug] &amp#27;[35m[BaseDriver]&amp#27;[39m Event 'newSessionRequested' logged at 1638954272763 (14:34:32 GMT+0530 (India Standard Time))
&amp#27;[35m[Appium]&amp#27;[39m Appium v1.21.0 creating new AndroidUiautomator2Driver (v1.65.0) session
[debug] &amp#27;[35m[BaseDriver]&amp#27;[39m W3C capabilities and MJSONWP desired capabilities were provided
[debug] &amp#27;[35m[BaseDriver]&amp#27;[39m Creating session with W3C capabilities: {
[debug] &amp#27;[35m[BaseDriver]&amp#27;[39m   "alwaysMatch": {
[debug] &amp#27;[35m[BaseDriver]&amp#27;[39m     "goog:chromeOptions": {
[debug] &amp#27;[35m[BaseDriver]&amp#27;[39m       "w3c": false
[debug] &amp#27;[35m[BaseDriver]&amp#27;[39m     },
[debug] &amp#27;[35m[BaseDriver]&amp#27;[39m     "platformName": "android",
[debug] &amp#27;[35m[BaseDriver]&amp#27;[39m     "appium:app": "C:\\Users\\Fayaz\\Appium\\Anumati\\src\\Anumati.apk",
[debug] &amp#27;[35m[BaseDriver]&amp#27;[39m     "appium:autoGrantPermissions": "true",
[debug] &amp#27;[35m[BaseDriver]&amp#27;[39m     "appium:automationName": "uiautomator2",
[debug] &amp#27;[35m[BaseDriver]&amp#27;[39m     "appium:chromeOptions": {
[debug] &amp#27;[35m[BaseDriver]&amp#27;[39m       "w3c": false
[debug] &amp#27;[35m[BaseDriver]&amp#27;[39m     },
[debug] &amp#27;[35m[BaseDriver]&amp#27;[39m     "appium:deviceName": "Fayaz_Emulator2",
[debug] &amp#27;[35m[BaseDriver]&amp#27;[39m     "appium:newCommandTimeout": 14
[debug] &amp#27;[35m[BaseDriver]&amp#27;[39m   },
[debug] &amp#27;[35m[BaseDriver]&amp#27;[39m   "firstMatch": [
[debug] &amp#27;[35m[BaseDriver]&amp#27;[39m     {}
[debug] &amp#27;[35m[BaseDriver]&amp#27;[39m   ]
[debug] &amp#27;[35m[BaseDriver]&amp#27;[39m }
&amp#27;[35m[BaseDriver]&amp#27;[39m Capability 'autoGrantPermissions' changed from string to boolean. This may cause unexpected behavior
&amp#27;[35m[BaseDriver]&amp#27;[39m The following capabilities were provided, but are not recognized by Appium:
&amp#27;[35m[BaseDriver]&amp#27;[39m   goog:chromeOptions
&amp#27;[35m[BaseDriver]&amp#27;[39m Session created with session id: 72f517da-910c-46a8-8c18-f52fc551c88e
&amp#27;[35m[BaseDriver]&amp#27;[39m Using local app 'C:\Users\Fayaz\Appium\Anumati\src\Anumati.apk'
[debug] &amp#27;[35m[UiAutomator2]&amp#27;[39m Checking whether app is actually present
&amp#27;[35m[ADB]&amp#27;[39m Using 'adb.exe' from 'C:\Users\Fayaz\AppData\Local\Android\Sdk\platform-tools\adb.exe'
[debug] &amp#27;[35m[ADB]&amp#27;[39m Running 'C:\Users\Fayaz\AppData\Local\Android\Sdk\platform-tools\adb.exe -P 5037 start-server'
&amp#27;[35m[AndroidDriver]&amp#27;[39m Retrieving device list
[debug] &amp#27;[35m[ADB]&amp#27;[39m Trying to find a connected android device
[debug] &amp#27;[35m[ADB]&amp#27;[39m Getting connected devices
[debug] &amp#27;[35m[ADB]&amp#27;[39m Connected devices: [{"udid":"emulator-5554","state":"device"}]
&amp#27;[35m[AndroidDriver]&amp#27;[39m Using device: emulator-5554
&amp#27;[35m[ADB]&amp#27;[39m Using 'adb.exe' from 'C:\Users\Fayaz\AppData\Local\Android\Sdk\platform-tools\adb.exe'
[debug] &amp#27;[35m[ADB]&amp#27;[39m Running 'C:\Users\Fayaz\AppData\Local\Android\Sdk\platform-tools\adb.exe -P 5037 start-server'
[debug] &amp#27;[35m[ADB]&amp#27;[39m Setting device id to emulator-5554
[debug] &amp#27;[35m[ADB]&amp#27;[39m Running 'C:\Users\Fayaz\AppData\Local\Android\Sdk\platform-tools\adb.exe -P 5037 -s emulator-5554 shell getprop ro.build.version.sdk'
[debug] &amp#27;[35m[ADB]&amp#27;[39m Current device property 'ro.build.version.sdk': 30
&amp#27;[35m[ADB]&amp#27;[39m Getting device platform version
[debug] &amp#27;[35m[ADB]&amp#27;[39m Running 'C:\Users\Fayaz\AppData\Local\Android\Sdk\platform-tools\adb.exe -P 5037 -s emulator-5554 shell getprop ro.build.version.release'
[debug] &amp#27;[35m[ADB]&amp#27;[39m Current device property 'ro.build.version.release': 11
[debug] &amp#27;[35m[ADB]&amp#27;[39m Device API level: 30
&amp#27;[35m[UiAutomator2]&amp#27;[39m Relaxing hidden api policy
[debug] &amp#27;[35m[ADB]&amp#27;[39m Running 'C:\Users\Fayaz\AppData\Local\Android\Sdk\platform-tools\adb.exe -P 5037 -s emulator-5554 shell 'settings put global hidden_api_policy_pre_p_apps 1;settings put global hidden_api_policy_p_apps 1;settings put global hidden_api_policy 1''
[debug] &amp#27;[35m[AndroidDriver]&amp#27;[39m Parsing package and activity from app manifest
&amp#27;[35m[ADB]&amp#27;[39m Package name: 'com.anumati'
&amp#27;[35m[ADB]&amp#27;[39m Main activity name: 'com.aa.MainActivity'
[debug] &amp#27;[35m[AndroidDriver]&amp#27;[39m Parsed package and activity are: com.anumati/com.aa.MainActivity
[debug] &amp#27;[35m[ADB]&amp#27;[39m Running 'C:\Users\Fayaz\AppData\Local\Android\Sdk\platform-tools\adb.exe -P 5037 -s emulator-5554 wait-for-device'
[debug] &amp#27;[35m[ADB]&amp#27;[39m Running 'C:\Users\Fayaz\AppData\Local\Android\Sdk\platform-tools\adb.exe -P 5037 -s emulator-5554 shell echo ping'
[debug] &amp#27;[35m[AndroidDriver]&amp#27;[39m Pushing settings apk to device...
[debug] &amp#27;[35m[ADB]&amp#27;[39m Getting install status for io.appium.settings
[debug] &amp#27;[35m[ADB]&amp#27;[39m Running 'C:\Users\Fayaz\AppData\Local\Android\Sdk\platform-tools\adb.exe -P 5037 -s emulator-5554 shell dumpsys package io.appium.settings'
[debug] &amp#27;[35m[ADB]&amp#27;[39m 'io.appium.settings' is installed
[debug] &amp#27;[35m[ADB]&amp#27;[39m Getting package info for 'io.appium.settings'
[debug] &amp#27;[35m[ADB]&amp#27;[39m Running 'C:\Users\Fayaz\AppData\Local\Android\Sdk\platform-tools\adb.exe -P 5037 -s emulator-5554 shell dumpsys package io.appium.settings'
[debug] &amp#27;[35m[ADB]&amp#27;[39m The version code of the installed 'io.appium.settings' is greater than the application version code (30 > 29)
[debug] &amp#27;[35m[ADB]&amp#27;[39m There is no need to downgrade 'io.appium.settings'
[debug] &amp#27;[35m[ADB]&amp#27;[39m Getting IDs of all 'io.appium.settings' processes
[debug] &amp#27;[35m[ADB]&amp#27;[39m Running 'C:\Users\Fayaz\AppData\Local\Android\Sdk\platform-tools\adb.exe -P 5037 -s emulator-5554 shell 'pgrep --help; echo $?''
[debug] &amp#27;[35m[ADB]&amp#27;[39m Running 'C:\Users\Fayaz\AppData\Local\Android\Sdk\platform-tools\adb.exe -P 5037 -s emulator-5554 shell pgrep -f \(\[\[:blank:\]\]\|\^\)io\.appium\.settings\(\[\[:blank:\]\]\|\$\)'
[debug] &amp#27;[35m[AndroidDriver]&amp#27;[39m io.appium.settings is already running. There is no need to reset its permissions.
[debug] &amp#27;[35m[Logcat]&amp#27;[39m Starting logs capture with command: C:\\Users\\Fayaz\\AppData\\Local\\Android\\Sdk\\platform-tools\\adb.exe -P 5037 -s emulator-5554 logcat -v threadtime
[debug] &amp#27;[35m[UiAutomator2]&amp#27;[39m Forwarding UiAutomator2 Server port 6790 to local port 8200
[debug] &amp#27;[35m[ADB]&amp#27;[39m Forwarding system: 8200 to device: 6790
[debug] &amp#27;[35m[ADB]&amp#27;[39m Running 'C:\Users\Fayaz\AppData\Local\Android\Sdk\platform-tools\adb.exe -P 5037 -s emulator-5554 forward tcp:8200 tcp:6790'
[debug] &amp#27;[35m[ADB]&amp#27;[39m Getting install status for io.appium.uiautomator2.server
[debug] &amp#27;[35m[ADB]&amp#27;[39m Running 'C:\Users\Fayaz\AppData\Local\Android\Sdk\platform-tools\adb.exe -P 5037 -s emulator-5554 shell dumpsys package io.appium.uiautomator2.server'
[debug] &amp#27;[35m[ADB]&amp#27;[39m 'io.appium.uiautomator2.server' is installed
[debug] &amp#27;[35m[ADB]&amp#27;[39m Getting package info for 'io.appium.uiautomator2.server'
[debug] &amp#27;[35m[ADB]&amp#27;[39m Running 'C:\Users\Fayaz\AppData\Local\Android\Sdk\platform-tools\adb.exe -P 5037 -s emulator-5554 shell dumpsys package io.appium.uiautomator2.server'
[debug] &amp#27;[35m[ADB]&amp#27;[39m The version name of the installed 'io.appium.uiautomator2.server' is greater or equal to the application version name ('4.21.1' >= '4.21.1')
[debug] &amp#27;[35m[UiAutomator2]&amp#27;[39m io.appium.uiautomator2.server installation state: sameVersionInstalled
[debug] &amp#27;[35m[ADB]&amp#27;[39m Checking app cert for C:\Users\Fayaz\AppData\Roaming\npm\node_modules\appium\node_modules\appium-uiautomator2-server\apks\appium-uiautomator2-server-v4.21.1.apk
&amp#27;[35m[ADB]&amp#27;[39m Using 'apksigner.jar' from 'C:\Users\Fayaz\AppData\Local\Android\Sdk\build-tools\31.0.0\lib\apksigner.jar'
[debug] &amp#27;[35m[ADB]&amp#27;[39m Starting apksigner: 'C:\\Program Files\\Amazon Corretto\\jdk1.8.0_312\\bin\\java.exe' -Xmx1024M -Xss1m -jar C:\\Users\\Fayaz\\AppData\\Local\\Android\\Sdk\\build-tools\\31.0.0\\lib\\apksigner.jar verify --print-certs C:\\Users\\Fayaz\\AppData\\Roaming\\npm\\node_modules\\appium\\node_modules\\appium-uiautomator2-server\\apks\\appium-uiautomator2-server-v4.21.1.apk
[debug] &amp#27;[35m[ADB]&amp#27;[39m apksigner stdout: Signer #1 certificate DN: EMAILADDRESS=android@android.com, CN=Android, OU=Android, O=Android, L=Mountain View, ST=California, C=US
[debug] &amp#27;[35m[ADB]&amp#27;[39m Signer #1 certificate SHA-256 digest: a40da80a59d170caa950cf15c18c454d47a39b26989d8b640ecd745ba71bf5dc
[debug] &amp#27;[35m[ADB]&amp#27;[39m Signer #1 certificate SHA-1 digest: 61ed377e85d386a8dfee6b864bd85b0bfaa5af81
[debug] &amp#27;[35m[ADB]&amp#27;[39m Signer #1 certificate MD5 digest: e89b158e4bcf988ebd09eb83f5378e87
[debug] &amp#27;[35m[ADB]&amp#27;[39m 
[debug] &amp#27;[35m[ADB]&amp#27;[39m sha256 hash did match for 'appium-uiautomator2-server-v4.21.1.apk'
&amp#27;[35m[ADB]&amp#27;[39m 'C:\Users\Fayaz\AppData\Roaming\npm\node_modules\appium\node_modules\appium-uiautomator2-server\apks\appium-uiautomator2-server-v4.21.1.apk' is signed with the default certificate
[debug] &amp#27;[35m[ADB]&amp#27;[39m Getting install status for io.appium.uiautomator2.server.test
[debug] &amp#27;[35m[ADB]&amp#27;[39m Running 'C:\Users\Fayaz\AppData\Local\Android\Sdk\platform-tools\adb.exe -P 5037 -s emulator-5554 shell dumpsys package io.appium.uiautomator2.server.test'
[debug] &amp#27;[35m[ADB]&amp#27;[39m 'io.appium.uiautomator2.server.test' is installed
[debug] &amp#27;[35m[ADB]&amp#27;[39m Checking app cert for C:\Users\Fayaz\AppData\Roaming\npm\node_modules\appium\node_modules\appium-uiautomator2-server\apks\appium-uiautomator2-server-debug-androidTest.apk
[debug] &amp#27;[35m[ADB]&amp#27;[39m Starting apksigner: 'C:\\Program Files\\Amazon Corretto\\jdk1.8.0_312\\bin\\java.exe' -Xmx1024M -Xss1m -jar C:\\Users\\Fayaz\\AppData\\Local\\Android\\Sdk\\build-tools\\31.0.0\\lib\\apksigner.jar verify --print-certs C:\\Users\\Fayaz\\AppData\\Roaming\\npm\\node_modules\\appium\\node_modules\\appium-uiautomator2-server\\apks\\appium-uiautomator2-server-debug-androidTest.apk
&amp#27;[35m[BaseDriver]&amp#27;[39m Shutting down because we waited 14 seconds for a command
&amp#27;[35m[Appium]&amp#27;[39m Closing session, cause was 'New Command Timeout of 14 seconds expired. Try customizing the timeout using the 'newCommandTimeout' desired capability'
&amp#27;[35m[Appium]&amp#27;[39m Removing session 'be98d240-8e71-4adf-a451-d07c90f6f8f2' from our master session list
[debug] &amp#27;[35m[UiAutomator2]&amp#27;[39m Deleting UiAutomator2 session
[debug] &amp#27;[35m[UiAutomator2]&amp#27;[39m Deleting UiAutomator2 server session
[debug] &amp#27;[35m[WD Proxy]&amp#27;[39m Matched '/' to command name 'deleteSession'
[debug] &amp#27;[35m[WD Proxy]&amp#27;[39m Proxying [DELETE /] to [DELETE http://127.0.0.1:8201/wd/hub/session/a6be5ef6-dac3-4f1b-8d9b-1af58d81aba3] with no body
[debug] &amp#27;[35m[WD Proxy]&amp#27;[39m Got response with status 200: {"sessionId":"a6be5ef6-dac3-4f1b-8d9b-1af58d81aba3","value":null}
[debug] &amp#27;[35m[ADB]&amp#27;[39m Running 'C:\Users\Fayaz\AppData\Local\Android\Sdk\platform-tools\adb.exe -P 5037 -s emulator-5554 shell am force-stop com.anumati'
[debug] &amp#27;[35m[ADB]&amp#27;[39m apksigner stdout: Signer #1 certificate DN: EMAILADDRESS=android@android.com, CN=Android, OU=Android, O=Android, L=Mountain View, ST=California, C=US
[debug] &amp#27;[35m[ADB]&amp#27;[39m Signer #1 certificate SHA-256 digest: a40da80a59d170caa950cf15c18c454d47a39b26989d8b640ecd745ba71bf5dc
[debug] &amp#27;[35m[ADB]&amp#27;[39m Signer #1 certificate SHA-1 digest: 61ed377e85d386a8dfee6b864bd85b0bfaa5af81
[debug] &amp#27;[35m[ADB]&amp#27;[39m Signer #1 certificate MD5 digest: e89b158e4bcf988ebd09eb83f5378e87
[debug] &amp#27;[35m[ADB]&amp#27;[39m 
[debug] &amp#27;[35m[ADB]&amp#27;[39m sha256 hash did match for 'appium-uiautomator2-server-debug-androidTest.apk'
&amp#27;[35m[ADB]&amp#27;[39m 'C:\Users\Fayaz\AppData\Roaming\npm\node_modules\appium\node_modules\appium-uiautomator2-server\apks\appium-uiautomator2-server-debug-androidTest.apk' is signed with the default certificate
&amp#27;[35m[UiAutomator2]&amp#27;[39m Server packages are not going to be (re)installed
[debug] &amp#27;[35m[UiAutomator2]&amp#27;[39m Waiting up to 30000ms for services to be available
[debug] &amp#27;[35m[ADB]&amp#27;[39m Running 'C:\Users\Fayaz\AppData\Local\Android\Sdk\platform-tools\adb.exe -P 5037 -s emulator-5554 shell pm list instrumentation'
[debug] &amp#27;[35m[Logcat]&amp#27;[39m Stopping logcat capture
[debug] &amp#27;[35m[ADB]&amp#27;[39m Removing forwarded port socket connection: 8201 
[debug] &amp#27;[35m[ADB]&amp#27;[39m Running 'C:\Users\Fayaz\AppData\Local\Android\Sdk\platform-tools\adb.exe -P 5037 -s emulator-5554 forward --remove tcp:8201'
[debug] &amp#27;[35m[UiAutomator2]&amp#27;[39m Instrumentation target 'io.appium.uiautomator2.server.test/androidx.test.runner.AndroidJUnitRunner' is available
&amp#27;[35m[ADB]&amp#27;[39m Adding packages ["io.appium.settings","io.appium.uiautomator2.server","io.appium.uiautomator2.server.test"] to Doze whitelist
[debug] &amp#27;[35m[ADB]&amp#27;[39m Got the following command chunks to execute: [["dumpsys","deviceidle","whitelist","+io.appium.settings",";","dumpsys","deviceidle","whitelist","+io.appium.uiautomator2.server",";","dumpsys","deviceidle","whitelist","+io.appium.uiautomator2.server.test",";"]]
[debug] &amp#27;[35m[ADB]&amp#27;[39m Running 'C:\Users\Fayaz\AppData\Local\Android\Sdk\platform-tools\adb.exe -P 5037 -s emulator-5554 shell dumpsys deviceidle whitelist +io.appium.settings ; dumpsys deviceidle whitelist +io.appium.uiautomator2.server ; dumpsys deviceidle whitelist +io.appium.uiautomator2.server.test ;'
[debug] &amp#27;[35m[Instrumentation]&amp#27;[39m .
[debug] &amp#27;[35m[Instrumentation]&amp#27;[39m Time: 65.399
[debug] &amp#27;[35m[Instrumentation]&amp#27;[39m 
[debug] &amp#27;[35m[Instrumentation]&amp#27;[39m OK (1 test)
&amp#27;[35m[UiAutomator2]&amp#27;[39m Restoring hidden api policy to the device default configuration
[debug] &amp#27;[35m[ADB]&amp#27;[39m Running 'C:\Users\Fayaz\AppData\Local\Android\Sdk\platform-tools\adb.exe -P 5037 -s emulator-5554 shell 'settings delete global hidden_api_policy_pre_p_apps;settings delete global hidden_api_policy_p_apps;settings delete global hidden_api_policy''
[debug] &amp#27;[35m[ADB]&amp#27;[39m Checking app cert for C:\Users\Fayaz\Appium\Anumati\src\Anumati.apk
[debug] &amp#27;[35m[ADB]&amp#27;[39m Starting apksigner: 'C:\\Program Files\\Amazon Corretto\\jdk1.8.0_312\\bin\\java.exe' -Xmx1024M -Xss1m -jar C:\\Users\\Fayaz\\AppData\\Local\\Android\\Sdk\\build-tools\\31.0.0\\lib\\apksigner.jar verify --print-certs C:\\Users\\Fayaz\\Appium\\Anumati\\src\\Anumati.apk
[debug] &amp#27;[35m[Instrumentation]&amp#27;[39m The process has exited with code 0
[debug] &amp#27;[35m[ADB]&amp#27;[39m apksigner stdout: Signer #1 certificate DN: CN=Android, OU=Android, O=Google Inc., L=Mountain View, ST=California, C=US
[debug] &amp#27;[35m[ADB]&amp#27;[39m Signer #1 certificate SHA-256 digest: 4730d6e1d0dc8733c1c2302d2b7ccedc5b85a93b2ac0e3a2971a6537173a90bb
[debug] &amp#27;[35m[ADB]&amp#27;[39m Signer #1 certificate SHA-1 digest: 27bcf6fcdf4384e29a8ba18048cbef83538d03e9
[debug] &amp#27;[35m[ADB]&amp#27;[39m Signer #1 certificate MD5 digest: d666c04c85a355f0835d049f3c545d7f
[debug] &amp#27;[35m[ADB]&amp#27;[39m Source Stamp Signer certificate DN: CN=Android, OU=Android, O=Google Inc., L=Mountain View, ST=California, C=US
[debug] &amp#27;[35m[ADB]&amp#27;[39m Source Stamp Signer certificate SHA-256 digest: 3257d599a49d2c961a471ca9843f59d341a405884583fc087df4237b733bbd6d
[debug] &amp#27;[35m[ADB]&amp#27;[39m Source Stamp Signer certificate SHA-1 digest: b1af3a0bf998aeede1a8716a539e5a59da1d86d6
[debug] &amp#27;[35m[ADB]&amp#27;[39m Source Stamp Signer certificate MD5 digest: 577b8a9fbc7e308321aec6411169d2fb
[debug] &amp#27;[35m[ADB]&amp#27;[39m 
&amp#27;[35m[ADB]&amp#27;[39m 'C:\Users\Fayaz\Appium\Anumati\src\Anumati.apk' is signed with a non-default certificate
[debug] &amp#27;[35m[ADB]&amp#27;[39m Getting install status for com.anumati
[debug] &amp#27;[35m[ADB]&amp#27;[39m Running 'C:\Users\Fayaz\AppData\Local\Android\Sdk\platform-tools\adb.exe -P 5037 -s emulator-5554 shell dumpsys package com.anumati'
[debug] &amp#27;[35m[ADB]&amp#27;[39m 'com.anumati' is installed
[debug] &amp#27;[35m[ADB]&amp#27;[39m Getting package info for 'com.anumati'
[debug] &amp#27;[35m[ADB]&amp#27;[39m Running 'C:\Users\Fayaz\AppData\Local\Android\Sdk\platform-tools\adb.exe -P 5037 -s emulator-5554 shell dumpsys package com.anumati'
[debug] &amp#27;[35m[ADB]&amp#27;[39m The version name of the installed 'com.anumati' is greater or equal to the application version name ('1.0.0' >= '1.0.0')
[debug] &amp#27;[35m[ADB]&amp#27;[39m There is no need to install/upgrade 'C:\Users\Fayaz\Appium\Anumati\src\Anumati.apk'
&amp#27;[35m[AndroidDriver]&amp#27;[39m Performing fast reset on 'com.anumati'
[debug] &amp#27;[35m[ADB]&amp#27;[39m Getting install status for com.anumati
[debug] &amp#27;[35m[ADB]&amp#27;[39m Running 'C:\Users\Fayaz\AppData\Local\Android\Sdk\platform-tools\adb.exe -P 5037 -s emulator-5554 shell dumpsys package com.anumati'
[debug] &amp#27;[35m[ADB]&amp#27;[39m 'com.anumati' is installed
[debug] &amp#27;[35m[ADB]&amp#27;[39m Running 'C:\Users\Fayaz\AppData\Local\Android\Sdk\platform-tools\adb.exe -P 5037 -s emulator-5554 shell am force-stop com.anumati'
[debug] &amp#27;[35m[ADB]&amp#27;[39m Running 'C:\Users\Fayaz\AppData\Local\Android\Sdk\platform-tools\adb.exe -P 5037 -s emulator-5554 shell pm clear com.anumati'
[debug] &amp#27;[35m[ADB]&amp#27;[39m Running 'C:\Users\Fayaz\AppData\Local\Android\Sdk\platform-tools\adb.exe -P 5037 -s emulator-5554 shell dumpsys package com.anumati'
[debug] &amp#27;[35m[ADB]&amp#27;[39m Retrieving requested permissions
[debug] &amp#27;[35m[ADB]&amp#27;[39m Retrieved 6 permissions from requested group
[debug] &amp#27;[35m[ADB]&amp#27;[39m Retrieving granted permissions
[debug] &amp#27;[35m[ADB]&amp#27;[39m Retrieved 1 permission from install,runtime groups
[debug] &amp#27;[35m[ADB]&amp#27;[39m Granting permissions ["android.permission.READ_EXTERNAL_STORAGE","android.permission.WRITE_EXTERNAL_STORAGE","android.permission.READ_EXTERNAL_STORAGE","android.permission.WRITE_EXTERNAL_STORAGE"] to 'com.anumati'
[debug] &amp#27;[35m[ADB]&amp#27;[39m Got the following command chunks to execute: [["pm","grant","com.anumati","android.permission.READ_EXTERNAL_STORAGE",";","pm","grant","com.anumati","android.permission.WRITE_EXTERNAL_STORAGE",";","pm","grant","com.anumati","android.permission.READ_EXTERNAL_STORAGE",";","pm","grant","com.anumati","android.permission.WRITE_EXTERNAL_STORAGE",";"]]
[debug] &amp#27;[35m[ADB]&amp#27;[39m Running 'C:\Users\Fayaz\AppData\Local\Android\Sdk\platform-tools\adb.exe -P 5037 -s emulator-5554 shell pm grant com.anumati android.permission.READ_EXTERNAL_STORAGE ; pm grant com.anumati android.permission.WRITE_EXTERNAL_STORAGE ; pm grant com.anumati android.permission.READ_EXTERNAL_STORAGE ; pm grant com.anumati android.permission.WRITE_EXTERNAL_STORAGE ;'
[debug] &amp#27;[35m[AndroidDriver]&amp#27;[39m Performed fast reset on the installed 'com.anumati' application (stop and clear)
[debug] &amp#27;[35m[UiAutomator2]&amp#27;[39m Performing shallow cleanup of automation leftovers
[debug] &amp#27;[35m[UiAutomator2]&amp#27;[39m No obsolete sessions have been detected (socket hang up)
[debug] &amp#27;[35m[ADB]&amp#27;[39m Running 'C:\Users\Fayaz\AppData\Local\Android\Sdk\platform-tools\adb.exe -P 5037 -s emulator-5554 shell am force-stop io.appium.uiautomator2.server.test'
&amp#27;[35m[UiAutomator2]&amp#27;[39m Starting UIAutomator2 server 4.21.1
&amp#27;[35m[UiAutomator2]&amp#27;[39m Using UIAutomator2 server from 'C:\Users\Fayaz\AppData\Roaming\npm\node_modules\appium\node_modules\appium-uiautomator2-server\apks\appium-uiautomator2-server-v4.21.1.apk' and test from 'C:\Users\Fayaz\AppData\Roaming\npm\node_modules\appium\node_modules\appium-uiautomator2-server\apks\appium-uiautomator2-server-debug-androidTest.apk'
&amp#27;[35m[UiAutomator2]&amp#27;[39m Waiting up to 30000ms for UiAutomator2 to be online...
[debug] &amp#27;[35m[ADB]&amp#27;[39m Creating ADB subprocess with args: ["-P",5037,"-s","emulator-5554","shell","am","instrument","-w","-e","disableAnalytics",true,"io.appium.uiautomator2.server.test/androidx.test.runner.AndroidJUnitRunner"]
[debug] &amp#27;[35m[WD Proxy]&amp#27;[39m Matched '/status' to command name 'getStatus'
[debug] &amp#27;[35m[WD Proxy]&amp#27;[39m Proxying [GET /status] to [GET http://127.0.0.1:8200/wd/hub/status] with no body
&amp#27;[35m[WD Proxy]&amp#27;[39m socket hang up
[debug] &amp#27;[35m[WD Proxy]&amp#27;[39m Matched '/status' to command name 'getStatus'
[debug] &amp#27;[35m[WD Proxy]&amp#27;[39m Proxying [GET /status] to [GET http://127.0.0.1:8200/wd/hub/status] with no body
&amp#27;[35m[WD Proxy]&amp#27;[39m socket hang up
[debug] &amp#27;[35m[Instrumentation]&amp#27;[39m io.appium.uiautomator2.server.test.AppiumUiAutomator2Server:
[debug] &amp#27;[35m[WD Proxy]&amp#27;[39m Matched '/status' to command name 'getStatus'
[debug] &amp#27;[35m[WD Proxy]&amp#27;[39m Proxying [GET /status] to [GET http://127.0.0.1:8200/wd/hub/status] with no body
&amp#27;[35m[WD Proxy]&amp#27;[39m socket hang up
[debug] &amp#27;[35m[WD Proxy]&amp#27;[39m Matched '/status' to command name 'getStatus'
[debug] &amp#27;[35m[WD Proxy]&amp#27;[39m Proxying [GET /status] to [GET http://127.0.0.1:8200/wd/hub/status] with no body
[debug] &amp#27;[35m[WD Proxy]&amp#27;[39m Got response with status 200: {"sessionId":"None","value":{"message":"UiAutomator2 Server is ready to accept commands","ready":true}}
[debug] &amp#27;[35m[UiAutomator2]&amp#27;[39m The initialization of the instrumentation process took 3276ms
[debug] &amp#27;[35m[WD Proxy]&amp#27;[39m Matched '/session' to command name 'createSession'
[debug] &amp#27;[35m[WD Proxy]&amp#27;[39m Proxying [POST /session] to [POST http://127.0.0.1:8200/wd/hub/session] with body: {"capabilities":{"firstMatch":[{"platform":"LINUX","webStorageEnabled":false,"takesScreenshot":true,"javascriptEnabled":true,"databaseEnabled":false,"networkConnectionEnabled":true,"locationContextEnabled":false,"warnings":{},"desired":{"goog:chromeOptions":{"w3c":false},"platformName":"android","app":"C:\\Users\\Fayaz\\Appium\\Anumati\\src\\Anumati.apk","autoGrantPermissions":true,"automationName":"uiautomator2","chromeOptions":{"w3c":false},"deviceName":"Fayaz_Emulator2","newCommandTimeout":14},"goog:chromeOptions":{"w3c":false},"platformName":"android","app":"C:\\Users\\Fayaz\\Appium\\Anumati\\src\\Anumati.apk","autoGrantPermissions":true,"automationName":"uiautomator2","chromeOptions":{"w3c":false},"deviceName":"emulator-5554","newCommandTimeout":14,"deviceUDID":"emulator-5554","appPackage":"com.anumati"}],"alwaysMatch":{}}}
[debug] &amp#27;[35m[WD Proxy]&amp#27;[39m Got response with status 200: {"sessionId":"a8830392-9b85-4943-b889-72250055e4eb","value":{"capabilities":{"firstMatch":[{"platform":"LINUX","webStorageEnabled":false,"takesScreenshot":true,"javascriptEnabled":true,"databaseEnabled":false,"networkConnectionEnabled":true,"locationContextEnabled":false,"warnings":{},"desired":{"goog:chromeOptions":{"w3c":false},"platformName":"android","app":"C:\\Users\\Fayaz\\Appium\\Anumati\\src\\Anumati.apk","autoGrantPermissions":true,"automationName":"uiautomator2","chromeOptions":{"w3c":false},"deviceName":"Fayaz_Emulator2","newCommandTimeout":14},"goog:chromeOptions":{"w3c":false},"platformName":"android","app":"C:\\Users\\Fayaz\\Appium\\Anumati\\src\\Anumati.apk","autoGrantPermissions":true,"automationName":"uiautomator2","chromeOptions":{"w3c":false},"deviceName":"emulator-5554","newCommandTimeout":14,"deviceUDID":"emulator-5554","appPackage":"com.anumati"}],"alwaysMatch":{}},"sessionId":"a8830392-9b85-4943-b889-72250055e4eb"}}
&amp#27;[35m[WD Proxy]&amp#27;[39m Determined the downstream protocol as 'W3C'
[debug] &amp#27;[35m[WD Proxy]&amp#27;[39m Proxying [GET /appium/device/info] to [GET http://127.0.0.1:8200/wd/hub/session/a8830392-9b85-4943-b889-72250055e4eb/appium/device/info] with no body
[debug] &amp#27;[35m[WD Proxy]&amp#27;[39m Got response with status 200: {"sessionId":"a8830392-9b85-4943-b889-72250055e4eb","value":{"androidId":"4c01298c58a50c77","apiVersion":"30","bluetooth":{"state":"ON"},"brand":"Android","carrierName":"Android","displayDensity":420,"locale":"en_US","manufacturer":"unknown","model":"Android SDK built for x86","networks":[{"capabilities":{"SSID":null,"linkDownBandwidthKbps":141000,"linkUpstreamBandwidthKbps":141000,"networkCapabilities":"NET_CAPABILITY_NOT_METERED,NET_CAPABILITY_INTERNET,NET_CAPABILITY_NOT_RESTRICTED,NET_CAPABILITY_TRUSTED,NET_CAPABILITY_NOT_VPN,NET_CAPABILITY_VALIDATED,NET_CAPABILITY_NOT_ROAMING,NET_CAPABILITY_FOREGROUND,NET_CAPABILITY_NOT_CONGESTED,NET_CAPABILITY_NOT_SUSPENDED","signalStrength":-30,"transportTypes":"TRANSPORT_WIFI"},"detailedState":"CONNECTED","extraInfo":"","isAvailable":true,"isConnected":true,"isFailover":false,"isRoaming":false,"state":"CONNECTED","subtype":0,"subtypeName":"","type":1,"typeName":"WIFI"},{"capabilities":{"SSID":null,"linkDownBandwidthKbps":30000,"linkUpstreamBandwidthKbps":15000,"netw...
[debug] &amp#27;[35m[ADB]&amp#27;[39m Running 'C:\Users\Fayaz\AppData\Local\Android\Sdk\platform-tools\adb.exe -P 5037 -s emulator-5554 shell dumpsys window'
&amp#27;[35m[AndroidDriver]&amp#27;[39m Screen already unlocked, doing nothing
&amp#27;[35m[UiAutomator2]&amp#27;[39m Starting 'com.anumati/com.aa.MainActivity and waiting for 'com.anumati/com.aa.MainActivity'
[debug] &amp#27;[35m[ADB]&amp#27;[39m Running 'C:\Users\Fayaz\AppData\Local\Android\Sdk\platform-tools\adb.exe -P 5037 -s emulator-5554 shell am start -W -n com.anumati/com.aa.MainActivity -S -a android.intent.action.MAIN -c android.intent.category.LAUNCHER -f 0x10200000'
[debug] &amp#27;[35m[ADB]&amp#27;[39m Waiting up to 20000ms for activity matching pkg: 'com.anumati' and activity: 'com.aa.MainActivity' to be focused
[debug] &amp#27;[35m[ADB]&amp#27;[39m Possible activities, to be checked: 'com.aa.MainActivity', 'com.anumati.com.aa.MainActivity'
[debug] &amp#27;[35m[ADB]&amp#27;[39m Getting focused package and activity
[debug] &amp#27;[35m[ADB]&amp#27;[39m Running 'C:\Users\Fayaz\AppData\Local\Android\Sdk\platform-tools\adb.exe -P 5037 -s emulator-5554 shell dumpsys window displays'
[debug] &amp#27;[35m[ADB]&amp#27;[39m Found package: 'com.anumati' and fully qualified activity name : 'com.aa.MainActivity'
[debug] &amp#27;[35m[WD Proxy]&amp#27;[39m Proxying [GET /appium/device/pixel_ratio] to [GET http://127.0.0.1:8200/wd/hub/session/a8830392-9b85-4943-b889-72250055e4eb/appium/device/pixel_ratio] with no body
[debug] &amp#27;[35m[WD Proxy]&amp#27;[39m Got response with status 200: {"sessionId":"a8830392-9b85-4943-b889-72250055e4eb","value":2.625}
[debug] &amp#27;[35m[WD Proxy]&amp#27;[39m Matched '/appium/device/system_bars' to command name 'getSystemBars'
[debug] &amp#27;[35m[WD Proxy]&amp#27;[39m Proxying [GET /appium/device/system_bars] to [GET http://127.0.0.1:8200/wd/hub/session/a8830392-9b85-4943-b889-72250055e4eb/appium/device/system_bars] with no body
[debug] &amp#27;[35m[WD Proxy]&amp#27;[39m Got response with status 200: {"sessionId":"a8830392-9b85-4943-b889-72250055e4eb","value":{"statusBar":63}}
[debug] &amp#27;[35m[WD Proxy]&amp#27;[39m Matched '/window/current/size' to command name 'getWindowSize'
[debug] &amp#27;[35m[WD Proxy]&amp#27;[39m Proxying [GET /window/current/size] to [GET http://127.0.0.1:8200/wd/hub/session/a8830392-9b85-4943-b889-72250055e4eb/window/current/size] with no body
[debug] &amp#27;[35m[WD Proxy]&amp#27;[39m Got response with status 200: {"sessionId":"a8830392-9b85-4943-b889-72250055e4eb","value":{"height":1794,"width":1080}}
&amp#27;[35m[Appium]&amp#27;[39m New AndroidUiautomator2Driver session created successfully, session 72f517da-910c-46a8-8c18-f52fc551c88e added to master session list
[debug] &amp#27;[35m[BaseDriver]&amp#27;[39m Event 'newSessionStarted' logged at 1638954292829 (14:34:52 GMT+0530 (India Standard Time))
[debug] &amp#27;[35m[W3C (72f517da)]&amp#27;[39m Cached the protocol value 'W3C' for the new session 72f517da-910c-46a8-8c18-f52fc551c88e
[debug] &amp#27;[35m[W3C (72f517da)]&amp#27;[39m Responding to client with driver.createSession() result: {"capabilities":{"platform":"LINUX","webStorageEnabled":false,"takesScreenshot":true,"javascriptEnabled":true,"databaseEnabled":false,"networkConnectionEnabled":true,"locationContextEnabled":false,"warnings":{},"desired":{"goog:chromeOptions":{"w3c":false},"platformName":"android","app":"C:\\Users\\Fayaz\\Appium\\Anumati\\src\\Anumati.apk","autoGrantPermissions":true,"automationName":"uiautomator2","chromeOptions":{"w3c":false},"deviceName":"Fayaz_Emulator2","newCommandTimeout":14},"goog:chromeOptions":{"w3c":false},"platformName":"android","app":"C:\\Users\\Fayaz\\Appium\\Anumati\\src\\Anumati.apk","autoGrantPermissions":true,"automationName":"uiautomator2","chromeOptions":{"w3c":false},"deviceName":"emulator-5554","newCommandTimeout":14,"deviceUDID":"emulator-5554","appPackage":"com.anumati","deviceApiLevel":30,"platformVersion":"11","deviceScreenSize":"1080x1920","deviceScreenDensity":420,"deviceModel":"Android SDK built for x86","deviceManufacturer":"unknown","pixelRatio":2.625,"statBarHeight":63,"view...
&amp#27;[35m[HTTP]&amp#27;[39m &amp#27;[37m<-- POST /wd/hub/session &amp#27;[39m&amp#27;[32m200&amp#27;[39m &amp#27;[90m20068 ms - 1140&amp#27;[39m
&amp#27;[35m[HTTP]&amp#27;[39m &amp#27;[90m&amp#27;[39m
&amp#27;[35m[HTTP]&amp#27;[39m &amp#27;[37m-->&amp#27;[39m &amp#27;[37mPOST&amp#27;[39m &amp#27;[37m/wd/hub/session/72f517da-910c-46a8-8c18-f52fc551c88e/timeouts&amp#27;[39m
&amp#27;[35m[HTTP]&amp#27;[39m &amp#27;[90m{"implicit":20000}&amp#27;[39m
[debug] &amp#27;[35m[W3C (72f517da)]&amp#27;[39m Calling AppiumDriver.timeouts() with args: [null,null,null,null,20000,"72f517da-910c-46a8-8c18-f52fc551c88e"]
[debug] &amp#27;[35m[BaseDriver]&amp#27;[39m W3C timeout argument: {"implicit":20000}}
[debug] &amp#27;[35m[BaseDriver]&amp#27;[39m Set implicit wait to 20000ms
[debug] &amp#27;[35m[W3C (72f517da)]&amp#27;[39m Responding to client with driver.timeouts() result: null
&amp#27;[35m[HTTP]&amp#27;[39m &amp#27;[37m<-- POST /wd/hub/session/72f517da-910c-46a8-8c18-f52fc551c88e/timeouts &amp#27;[39m&amp#27;[32m200&amp#27;[39m &amp#27;[90m1 ms - 14&amp#27;[39m
&amp#27;[35m[HTTP]&amp#27;[39m &amp#27;[90m&amp#27;[39m
&amp#27;[35m[HTTP]&amp#27;[39m &amp#27;[37m-->&amp#27;[39m &amp#27;[37mGET&amp#27;[39m &amp#27;[37m/wd/hub/session/72f517da-910c-46a8-8c18-f52fc551c88e/context&amp#27;[39m
&amp#27;[35m[HTTP]&amp#27;[39m &amp#27;[90m{}&amp#27;[39m
[debug] &amp#27;[35m[W3C (72f517da)]&amp#27;[39m Calling AppiumDriver.getCurrentContext() with args: ["72f517da-910c-46a8-8c18-f52fc551c88e"]
[debug] &amp#27;[35m[W3C (72f517da)]&amp#27;[39m Responding to client with driver.getCurrentContext() result: "NATIVE_APP"
&amp#27;[35m[HTTP]&amp#27;[39m &amp#27;[37m<-- GET /wd/hub/session/72f517da-910c-46a8-8c18-f52fc551c88e/context &amp#27;[39m&amp#27;[32m200&amp#27;[39m &amp#27;[90m1 ms - 22&amp#27;[39m
&amp#27;[35m[HTTP]&amp#27;[39m &amp#27;[90m&amp#27;[39m
&amp#27;[35m[HTTP]&amp#27;[39m &amp#27;[37m-->&amp#27;[39m &amp#27;[37mPOST&amp#27;[39m &amp#27;[37m/wd/hub/session/72f517da-910c-46a8-8c18-f52fc551c88e/element&amp#27;[39m
&amp#27;[35m[HTTP]&amp#27;[39m &amp#27;[90m{"using":"xpath","value":"//android.view.View[@text='Skip']"}&amp#27;[39m
[debug] &amp#27;[35m[W3C (72f517da)]&amp#27;[39m Calling AppiumDriver.findElement() with args: ["xpath","//android.view.View[@text='Skip']","72f517da-910c-46a8-8c18-f52fc551c88e"]
[debug] &amp#27;[35m[BaseDriver]&amp#27;[39m Valid locator strategies for this request: xpath, id, class name, accessibility id, css selector, -android uiautomator
[debug] &amp#27;[35m[BaseDriver]&amp#27;[39m Waiting up to 20000 ms for condition
[debug] &amp#27;[35m[WD Proxy]&amp#27;[39m Matched '/element' to command name 'findElement'
[debug] &amp#27;[35m[WD Proxy]&amp#27;[39m Proxying [POST /element] to [POST http://127.0.0.1:8200/wd/hub/session/a8830392-9b85-4943-b889-72250055e4eb/element] with body: {"strategy":"xpath","selector":"//android.view.View[@text='Skip']","context":"","multiple":false}
&amp#27;[35m[WD Proxy]&amp#27;[39m Got response with status 404: {"sessionId":"a8830392-9b85-4943-b889-72250055e4eb","value":{"error":"no such element","message":"An element could not be located on the page using the given search parameters","stacktrace":"io.appium.uiautomator2.common.exceptions.ElementNotFoundException: An element could not be located on the page using the given search parameters\n\tat io.appium.uiautomator2.handler.FindElement.findElement(FindElement.java:89)\n\tat io.appium.uiautomator2.handler.FindElement.safeHandle(FindElement.java:66)\n\tat io.appium.uiautomator2.handler.request.SafeRequestHandler.handle(SafeRequestHandler.java:41)\n\tat io.appium.uiautomator2.server.AppiumServlet.handleRequest(AppiumServlet.java:262)\n\tat io.appium.uiautomator2.server.AppiumServlet.handleHttpRequest(AppiumServlet.java:256)\n\tat io.appium.uiautomator2.http.ServerHandler.channelRead(ServerHandler.java:68)\n\tat io.netty.channel.AbstractChannelHandlerContext.invokeChannelRead(AbstractChannelHandlerContext.java:366)\n\tat io.netty.channel.AbstractChannelHandlerCont...
[debug] &amp#27;[35m[W3C]&amp#27;[39m Matched W3C error code 'no such element' to NoSuchElementError
[debug] &amp#27;[35m[BaseDriver]&amp#27;[39m Waited for 314 ms so far
[debug] &amp#27;[35m[WD Proxy]&amp#27;[39m Matched '/element' to command name 'findElement'
[debug] &amp#27;[35m[WD Proxy]&amp#27;[39m Proxying [POST /element] to [POST http://127.0.0.1:8200/wd/hub/session/a8830392-9b85-4943-b889-72250055e4eb/element] with body: {"strategy":"xpath","selector":"//android.view.View[@text='Skip']","context":"","multiple":false}
[debug] &amp#27;[35m[WD Proxy]&amp#27;[39m Got response with status 200: {"sessionId":"a8830392-9b85-4943-b889-72250055e4eb","value":{"ELEMENT":"ec4cc61f-ef47-46f7-9b13-8849b22987c0","element-6066-11e4-a52e-4f735466cecf":"ec4cc61f-ef47-46f7-9b13-8849b22987c0"}}
[debug] &amp#27;[35m[W3C (72f517da)]&amp#27;[39m Responding to client with driver.findElement() result: {"element-6066-11e4-a52e-4f735466cecf":"ec4cc61f-ef47-46f7-9b13-8849b22987c0","ELEMENT":"ec4cc61f-ef47-46f7-9b13-8849b22987c0"}
&amp#27;[35m[HTTP]&amp#27;[39m &amp#27;[37m<-- POST /wd/hub/session/72f517da-910c-46a8-8c18-f52fc551c88e/element &amp#27;[39m&amp#27;[32m200&amp#27;[39m &amp#27;[90m1218 ms - 137&amp#27;[39m
&amp#27;[35m[HTTP]&amp#27;[39m &amp#27;[90m&amp#27;[39m
&amp#27;[35m[HTTP]&amp#27;[39m &amp#27;[37m-->&amp#27;[39m &amp#27;[37mPOST&amp#27;[39m &amp#27;[37m/wd/hub/session/72f517da-910c-46a8-8c18-f52fc551c88e/element/ec4cc61f-ef47-46f7-9b13-8849b22987c0/click&amp#27;[39m
&amp#27;[35m[HTTP]&amp#27;[39m &amp#27;[90m{"id":"ec4cc61f-ef47-46f7-9b13-8849b22987c0"}&amp#27;[39m
[debug] &amp#27;[35m[W3C (72f517da)]&amp#27;[39m Calling AppiumDriver.click() with args: ["ec4cc61f-ef47-46f7-9b13-8849b22987c0","72f517da-910c-46a8-8c18-f52fc551c88e"]
[debug] &amp#27;[35m[WD Proxy]&amp#27;[39m Matched '/element/ec4cc61f-ef47-46f7-9b13-8849b22987c0/click' to command name 'click'
[debug] &amp#27;[35m[WD Proxy]&amp#27;[39m Proxying [POST /element/ec4cc61f-ef47-46f7-9b13-8849b22987c0/click] to [POST http://127.0.0.1:8200/wd/hub/session/a8830392-9b85-4943-b889-72250055e4eb/element/ec4cc61f-ef47-46f7-9b13-8849b22987c0/click] with body: {"element":"ec4cc61f-ef47-46f7-9b13-8849b22987c0"}
[debug] &amp#27;[35m[WD Proxy]&amp#27;[39m Got response with status 200: {"sessionId":"a8830392-9b85-4943-b889-72250055e4eb","value":null}
[debug] &amp#27;[35m[W3C (72f517da)]&amp#27;[39m Responding to client with driver.click() result: null
&amp#27;[35m[HTTP]&amp#27;[39m &amp#27;[37m<-- POST /wd/hub/session/72f517da-910c-46a8-8c18-f52fc551c88e/element/ec4cc61f-ef47-46f7-9b13-8849b22987c0/click &amp#27;[39m&amp#27;[32m200&amp#27;[39m &amp#27;[90m91 ms - 14&amp#27;[39m
&amp#27;[35m[HTTP]&amp#27;[39m &amp#27;[90m&amp#27;[39m
&amp#27;[35m[HTTP]&amp#27;[39m &amp#27;[37m-->&amp#27;[39m &amp#27;[37mGET&amp#27;[39m &amp#27;[37m/wd/hub/session/72f517da-910c-46a8-8c18-f52fc551c88e/context&amp#27;[39m
&amp#27;[35m[HTTP]&amp#27;[39m &amp#27;[90m{}&amp#27;[39m
[debug] &amp#27;[35m[W3C (72f517da)]&amp#27;[39m Calling AppiumDriver.getCurrentContext() with args: ["72f517da-910c-46a8-8c18-f52fc551c88e"]
[debug] &amp#27;[35m[W3C (72f517da)]&amp#27;[39m Responding to client with driver.getCurrentContext() result: "NATIVE_APP"
&amp#27;[35m[HTTP]&amp#27;[39m &amp#27;[37m<-- GET /wd/hub/session/72f517da-910c-46a8-8c18-f52fc551c88e/context &amp#27;[39m&amp#27;[32m200&amp#27;[39m &amp#27;[90m1 ms - 22&amp#27;[39m
&amp#27;[35m[HTTP]&amp#27;[39m &amp#27;[90m&amp#27;[39m
&amp#27;[35m[HTTP]&amp#27;[39m &amp#27;[37m-->&amp#27;[39m &amp#27;[37mPOST&amp#27;[39m &amp#27;[37m/wd/hub/session/72f517da-910c-46a8-8c18-f52fc551c88e/element&amp#27;[39m
&amp#27;[35m[HTTP]&amp#27;[39m &amp#27;[90m{"using":"xpath","value":"//android.view.View/android.widget.EditText[1]"}&amp#27;[39m
[debug] &amp#27;[35m[W3C (72f517da)]&amp#27;[39m Calling AppiumDriver.findElement() with args: ["xpath","//android.view.View/android.widget.EditText[1]","72f517da-910c-46a8-8c18-f52fc551c88e"]
[debug] &amp#27;[35m[BaseDriver]&amp#27;[39m Valid locator strategies for this request: xpath, id, class name, accessibility id, css selector, -android uiautomator
[debug] &amp#27;[35m[BaseDriver]&amp#27;[39m Waiting up to 20000 ms for condition
[debug] &amp#27;[35m[WD Proxy]&amp#27;[39m Matched '/element' to command name 'findElement'
[debug] &amp#27;[35m[WD Proxy]&amp#27;[39m Proxying [POST /element] to [POST http://127.0.0.1:8200/wd/hub/session/a8830392-9b85-4943-b889-72250055e4eb/element] with body: {"strategy":"xpath","selector":"//android.view.View/android.widget.EditText[1]","context":"","multiple":false}
[debug] &amp#27;[35m[WD Proxy]&amp#27;[39m Got response with status 200: {"sessionId":"a8830392-9b85-4943-b889-72250055e4eb","value":{"ELEMENT":"0d957eea-81b4-4166-896a-189824fb7bd8","element-6066-11e4-a52e-4f735466cecf":"0d957eea-81b4-4166-896a-189824fb7bd8"}}
[debug] &amp#27;[35m[W3C (72f517da)]&amp#27;[39m Responding to client with driver.findElement() result: {"element-6066-11e4-a52e-4f735466cecf":"0d957eea-81b4-4166-896a-189824fb7bd8","ELEMENT":"0d957eea-81b4-4166-896a-189824fb7bd8"}
&amp#27;[35m[HTTP]&amp#27;[39m &amp#27;[37m<-- POST /wd/hub/session/72f517da-910c-46a8-8c18-f52fc551c88e/element &amp#27;[39m&amp#27;[32m200&amp#27;[39m &amp#27;[90m1637 ms - 137&amp#27;[39m
&amp#27;[35m[HTTP]&amp#27;[39m &amp#27;[90m&amp#27;[39m
&amp#27;[35m[HTTP]&amp#27;[39m &amp#27;[37m-->&amp#27;[39m &amp#27;[37mPOST&amp#27;[39m &amp#27;[37m/wd/hub/session/72f517da-910c-46a8-8c18-f52fc551c88e/element/0d957eea-81b4-4166-896a-189824fb7bd8/click&amp#27;[39m
&amp#27;[35m[HTTP]&amp#27;[39m &amp#27;[90m{"id":"0d957eea-81b4-4166-896a-189824fb7bd8"}&amp#27;[39m
[debug] &amp#27;[35m[W3C (72f517da)]&amp#27;[39m Calling AppiumDriver.click() with args: ["0d957eea-81b4-4166-896a-189824fb7bd8","72f517da-910c-46a8-8c18-f52fc551c88e"]
[debug] &amp#27;[35m[WD Proxy]&amp#27;[39m Matched '/element/0d957eea-81b4-4166-896a-189824fb7bd8/click' to command name 'click'
[debug] &amp#27;[35m[WD Proxy]&amp#27;[39m Proxying [POST /element/0d957eea-81b4-4166-896a-189824fb7bd8/click] to [POST http://127.0.0.1:8200/wd/hub/session/a8830392-9b85-4943-b889-72250055e4eb/element/0d957eea-81b4-4166-896a-189824fb7bd8/click] with body: {"element":"0d957eea-81b4-4166-896a-189824fb7bd8"}
[debug] &amp#27;[35m[WD Proxy]&amp#27;[39m Got response with status 200: {"sessionId":"a8830392-9b85-4943-b889-72250055e4eb","value":null}
[debug] &amp#27;[35m[W3C (72f517da)]&amp#27;[39m Responding to client with driver.click() result: null
&amp#27;[35m[HTTP]&amp#27;[39m &amp#27;[37m<-- POST /wd/hub/session/72f517da-910c-46a8-8c18-f52fc551c88e/element/0d957eea-81b4-4166-896a-189824fb7bd8/click &amp#27;[39m&amp#27;[32m200&amp#27;[39m &amp#27;[90m119 ms - 14&amp#27;[39m
&amp#27;[35m[HTTP]&amp#27;[39m &amp#27;[90m&amp#27;[39m
&amp#27;[35m[HTTP]&amp#27;[39m &amp#27;[37m-->&amp#27;[39m &amp#27;[37mGET&amp#27;[39m &amp#27;[37m/wd/hub/session/72f517da-910c-46a8-8c18-f52fc551c88e/context&amp#27;[39m
&amp#27;[35m[HTTP]&amp#27;[39m &amp#27;[90m{}&amp#27;[39m
[debug] &amp#27;[35m[W3C (72f517da)]&amp#27;[39m Calling AppiumDriver.getCurrentContext() with args: ["72f517da-910c-46a8-8c18-f52fc551c88e"]
[debug] &amp#27;[35m[W3C (72f517da)]&amp#27;[39m Responding to client with driver.getCurrentContext() result: "NATIVE_APP"
&amp#27;[35m[HTTP]&amp#27;[39m &amp#27;[37m<-- GET /wd/hub/session/72f517da-910c-46a8-8c18-f52fc551c88e/context &amp#27;[39m&amp#27;[32m200&amp#27;[39m &amp#27;[90m1 ms - 22&amp#27;[39m
&amp#27;[35m[HTTP]&amp#27;[39m &amp#27;[90m&amp#27;[39m
&amp#27;[35m[HTTP]&amp#27;[39m &amp#27;[37m-->&amp#27;[39m &amp#27;[37mPOST&amp#27;[39m &amp#27;[37m/wd/hub/session/72f517da-910c-46a8-8c18-f52fc551c88e/element&amp#27;[39m
&amp#27;[35m[HTTP]&amp#27;[39m &amp#27;[90m{"using":"xpath","value":"//android.view.View/android.widget.EditText[1]"}&amp#27;[39m
[debug] &amp#27;[35m[W3C (72f517da)]&amp#27;[39m Calling AppiumDriver.findElement() with args: ["xpath","//android.view.View/android.widget.EditText[1]","72f517da-910c-46a8-8c18-f52fc551c88e"]
[debug] &amp#27;[35m[BaseDriver]&amp#27;[39m Valid locator strategies for this request: xpath, id, class name, accessibility id, css selector, -android uiautomator
[debug] &amp#27;[35m[BaseDriver]&amp#27;[39m Waiting up to 20000 ms for condition
[debug] &amp#27;[35m[WD Proxy]&amp#27;[39m Matched '/element' to command name 'findElement'
[debug] &amp#27;[35m[WD Proxy]&amp#27;[39m Proxying [POST /element] to [POST http://127.0.0.1:8200/wd/hub/session/a8830392-9b85-4943-b889-72250055e4eb/element] with body: {"strategy":"xpath","selector":"//android.view.View/android.widget.EditText[1]","context":"","multiple":false}
[debug] &amp#27;[35m[WD Proxy]&amp#27;[39m Got response with status 200: {"sessionId":"a8830392-9b85-4943-b889-72250055e4eb","value":{"ELEMENT":"a0144479-a89e-4859-9a10-d0ef01f0c837","element-6066-11e4-a52e-4f735466cecf":"a0144479-a89e-4859-9a10-d0ef01f0c837"}}
[debug] &amp#27;[35m[W3C (72f517da)]&amp#27;[39m Responding to client with driver.findElement() result: {"element-6066-11e4-a52e-4f735466cecf":"a0144479-a89e-4859-9a10-d0ef01f0c837","ELEMENT":"a0144479-a89e-4859-9a10-d0ef01f0c837"}
&amp#27;[35m[HTTP]&amp#27;[39m &amp#27;[37m<-- POST /wd/hub/session/72f517da-910c-46a8-8c18-f52fc551c88e/element &amp#27;[39m&amp#27;[32m200&amp#27;[39m &amp#27;[90m1314 ms - 137&amp#27;[39m
&amp#27;[35m[HTTP]&amp#27;[39m &amp#27;[90m&amp#27;[39m
&amp#27;[35m[HTTP]&amp#27;[39m &amp#27;[37m-->&amp#27;[39m &amp#27;[37mPOST&amp#27;[39m &amp#27;[37m/wd/hub/session/72f517da-910c-46a8-8c18-f52fc551c88e/element/a0144479-a89e-4859-9a10-d0ef01f0c837/value&amp#27;[39m
&amp#27;[35m[HTTP]&amp#27;[39m &amp#27;[90m{"id":"a0144479-a89e-4859-9a10-d0ef01f0c837","text":"7760305049","value":["7","7","6","0","3","0","5","0","4","9"]}&amp#27;[39m
[debug] &amp#27;[35m[W3C (72f517da)]&amp#27;[39m Calling AppiumDriver.setValue() with args: [["7","7","6","0","3","0","5","0","4","9"],"a0144479-a89e-4859-9a10-d0ef01f0c837","72f517da-910c-46a8-8c18-f52fc551c88e"]
[debug] &amp#27;[35m[WD Proxy]&amp#27;[39m Matched '/element/a0144479-a89e-4859-9a10-d0ef01f0c837/value' to command name 'setValue'
[debug] &amp#27;[35m[Protocol Converter]&amp#27;[39m Added 'value' property ["7","7","6","0","3","0","5","0","4","9"] to 'setValue' request body
[debug] &amp#27;[35m[WD Proxy]&amp#27;[39m Proxying [POST /element/a0144479-a89e-4859-9a10-d0ef01f0c837/value] to [POST http://127.0.0.1:8200/wd/hub/session/a8830392-9b85-4943-b889-72250055e4eb/element/a0144479-a89e-4859-9a10-d0ef01f0c837/value] with body: {"elementId":"a0144479-a89e-4859-9a10-d0ef01f0c837","text":"7760305049","replace":false,"value":["7","7","6","0","3","0","5","0","4","9"]}
[debug] &amp#27;[35m[WD Proxy]&amp#27;[39m Got response with status 200: {"sessionId":"a8830392-9b85-4943-b889-72250055e4eb","value":null}
[debug] &amp#27;[35m[W3C (72f517da)]&amp#27;[39m Responding to client with driver.setValue() result: null
&amp#27;[35m[HTTP]&amp#27;[39m &amp#27;[37m<-- POST /wd/hub/session/72f517da-910c-46a8-8c18-f52fc551c88e/element/a0144479-a89e-4859-9a10-d0ef01f0c837/value &amp#27;[39m&amp#27;[32m200&amp#27;[39m &amp#27;[90m63 ms - 14&amp#27;[39m
&amp#27;[35m[HTTP]&amp#27;[39m &amp#27;[90m&amp#27;[39m
&amp#27;[35m[HTTP]&amp#27;[39m &amp#27;[37m-->&amp#27;[39m &amp#27;[37mPOST&amp#27;[39m &amp#27;[37m/wd/hub/session/72f517da-910c-46a8-8c18-f52fc551c88e/appium/device/hide_keyboard&amp#27;[39m
&amp#27;[35m[HTTP]&amp#27;[39m &amp#27;[90m{}&amp#27;[39m
[debug] &amp#27;[35m[W3C (72f517da)]&amp#27;[39m Calling AppiumDriver.hideKeyboard() with args: [null,null,null,null,"72f517da-910c-46a8-8c18-f52fc551c88e"]
[debug] &amp#27;[35m[ADB]&amp#27;[39m Running 'C:\Users\Fayaz\AppData\Local\Android\Sdk\platform-tools\adb.exe -P 5037 -s emulator-5554 shell dumpsys input_method'
[debug] &amp#27;[35m[ADB]&amp#27;[39m Running 'C:\Users\Fayaz\AppData\Local\Android\Sdk\platform-tools\adb.exe -P 5037 -s emulator-5554 shell input keyevent 111'
[debug] &amp#27;[35m[ADB]&amp#27;[39m Running 'C:\Users\Fayaz\AppData\Local\Android\Sdk\platform-tools\adb.exe -P 5037 -s emulator-5554 shell dumpsys input_method'
[debug] &amp#27;[35m[ADB]&amp#27;[39m Running 'C:\Users\Fayaz\AppData\Local\Android\Sdk\platform-tools\adb.exe -P 5037 -s emulator-5554 shell dumpsys input_method'
[debug] &amp#27;[35m[ADB]&amp#27;[39m Running 'C:\Users\Fayaz\AppData\Local\Android\Sdk\platform-tools\adb.exe -P 5037 -s emulator-5554 shell input keyevent 4'
[debug] &amp#27;[35m[ADB]&amp#27;[39m Running 'C:\Users\Fayaz\AppData\Local\Android\Sdk\platform-tools\adb.exe -P 5037 -s emulator-5554 shell dumpsys input_method'
[debug] &amp#27;[35m[W3C (72f517da)]&amp#27;[39m Responding to client with driver.hideKeyboard() result: true
&amp#27;[35m[HTTP]&amp#27;[39m &amp#27;[37m<-- POST /wd/hub/session/72f517da-910c-46a8-8c18-f52fc551c88e/appium/device/hide_keyboard &amp#27;[39m&amp#27;[32m200&amp#27;[39m &amp#27;[90m4373 ms - 14&amp#27;[39m
&amp#27;[35m[HTTP]&amp#27;[39m &amp#27;[90m&amp#27;[39m
&amp#27;[35m[HTTP]&amp#27;[39m &amp#27;[37m-->&amp#27;[39m &amp#27;[37mGET&amp#27;[39m &amp#27;[37m/wd/hub/session/72f517da-910c-46a8-8c18-f52fc551c88e/context&amp#27;[39m
&amp#27;[35m[HTTP]&amp#27;[39m &amp#27;[90m{}&amp#27;[39m
[debug] &amp#27;[35m[W3C (72f517da)]&amp#27;[39m Calling AppiumDriver.getCurrentContext() with args: ["72f517da-910c-46a8-8c18-f52fc551c88e"]
[debug] &amp#27;[35m[W3C (72f517da)]&amp#27;[39m Responding to client with driver.getCurrentContext() result: "NATIVE_APP"
&amp#27;[35m[HTTP]&amp#27;[39m &amp#27;[37m<-- GET /wd/hub/session/72f517da-910c-46a8-8c18-f52fc551c88e/context &amp#27;[39m&amp#27;[32m200&amp#27;[39m &amp#27;[90m2 ms - 22&amp#27;[39m
&amp#27;[35m[HTTP]&amp#27;[39m &amp#27;[90m&amp#27;[39m
&amp#27;[35m[HTTP]&amp#27;[39m &amp#27;[37m-->&amp#27;[39m &amp#27;[37mPOST&amp#27;[39m &amp#27;[37m/wd/hub/session/72f517da-910c-46a8-8c18-f52fc551c88e/element&amp#27;[39m
&amp#27;[35m[HTTP]&amp#27;[39m &amp#27;[90m{"using":"xpath","value":"//android.widget.Button[@text='Proceed']"}&amp#27;[39m
[debug] &amp#27;[35m[W3C (72f517da)]&amp#27;[39m Calling AppiumDriver.findElement() with args: ["xpath","//android.widget.Button[@text='Proceed']","72f517da-910c-46a8-8c18-f52fc551c88e"]
[debug] &amp#27;[35m[BaseDriver]&amp#27;[39m Valid locator strategies for this request: xpath, id, class name, accessibility id, css selector, -android uiautomator
[debug] &amp#27;[35m[BaseDriver]&amp#27;[39m Waiting up to 20000 ms for condition
[debug] &amp#27;[35m[WD Proxy]&amp#27;[39m Matched '/element' to command name 'findElement'
[debug] &amp#27;[35m[WD Proxy]&amp#27;[39m Proxying [POST /element] to [POST http://127.0.0.1:8200/wd/hub/session/a8830392-9b85-4943-b889-72250055e4eb/element] with body: {"strategy":"xpath","selector":"//android.widget.Button[@text='Proceed']","context":"","multiple":false}
[debug] &amp#27;[35m[WD Proxy]&amp#27;[39m Got response with status 200: {"sessionId":"a8830392-9b85-4943-b889-72250055e4eb","value":{"ELEMENT":"0bf02b13-7bd1-427d-afa7-68f753a49875","element-6066-11e4-a52e-4f735466cecf":"0bf02b13-7bd1-427d-afa7-68f753a49875"}}
[debug] &amp#27;[35m[W3C (72f517da)]&amp#27;[39m Responding to client with driver.findElement() result: {"element-6066-11e4-a52e-4f735466cecf":"0bf02b13-7bd1-427d-afa7-68f753a49875","ELEMENT":"0bf02b13-7bd1-427d-afa7-68f753a49875"}
&amp#27;[35m[HTTP]&amp#27;[39m &amp#27;[37m<-- POST /wd/hub/session/72f517da-910c-46a8-8c18-f52fc551c88e/element &amp#27;[39m&amp#27;[32m200&amp#27;[39m &amp#27;[90m97 ms - 137&amp#27;[39m
&amp#27;[35m[HTTP]&amp#27;[39m &amp#27;[90m&amp#27;[39m
&amp#27;[35m[HTTP]&amp#27;[39m &amp#27;[37m-->&amp#27;[39m &amp#27;[37mPOST&amp#27;[39m &amp#27;[37m/wd/hub/session/72f517da-910c-46a8-8c18-f52fc551c88e/element/0bf02b13-7bd1-427d-afa7-68f753a49875/click&amp#27;[39m
&amp#27;[35m[HTTP]&amp#27;[39m &amp#27;[90m{"id":"0bf02b13-7bd1-427d-afa7-68f753a49875"}&amp#27;[39m
[debug] &amp#27;[35m[W3C (72f517da)]&amp#27;[39m Calling AppiumDriver.click() with args: ["0bf02b13-7bd1-427d-afa7-68f753a49875","72f517da-910c-46a8-8c18-f52fc551c88e"]
[debug] &amp#27;[35m[WD Proxy]&amp#27;[39m Matched '/element/0bf02b13-7bd1-427d-afa7-68f753a49875/click' to command name 'click'
[debug] &amp#27;[35m[WD Proxy]&amp#27;[39m Proxying [POST /element/0bf02b13-7bd1-427d-afa7-68f753a49875/click] to [POST http://127.0.0.1:8200/wd/hub/session/a8830392-9b85-4943-b889-72250055e4eb/element/0bf02b13-7bd1-427d-afa7-68f753a49875/click] with body: {"element":"0bf02b13-7bd1-427d-afa7-68f753a49875"}
[debug] &amp#27;[35m[WD Proxy]&amp#27;[39m Got response with status 200: {"sessionId":"a8830392-9b85-4943-b889-72250055e4eb","value":null}
[debug] &amp#27;[35m[W3C (72f517da)]&amp#27;[39m Responding to client with driver.click() result: null
&amp#27;[35m[HTTP]&amp#27;[39m &amp#27;[37m<-- POST /wd/hub/session/72f517da-910c-46a8-8c18-f52fc551c88e/element/0bf02b13-7bd1-427d-afa7-68f753a49875/click &amp#27;[39m&amp#27;[32m200&amp#27;[39m &amp#27;[90m79 ms - 14&amp#27;[39m
&amp#27;[35m[HTTP]&amp#27;[39m &amp#27;[90m&amp#27;[39m
&amp#27;[35m[HTTP]&amp#27;[39m &amp#27;[37m-->&amp#27;[39m &amp#27;[37mGET&amp#27;[39m &amp#27;[37m/wd/hub/session/72f517da-910c-46a8-8c18-f52fc551c88e/context&amp#27;[39m
&amp#27;[35m[HTTP]&amp#27;[39m &amp#27;[90m{}&amp#27;[39m
[debug] &amp#27;[35m[W3C (72f517da)]&amp#27;[39m Calling AppiumDriver.getCurrentContext() with args: ["72f517da-910c-46a8-8c18-f52fc551c88e"]
[debug] &amp#27;[35m[W3C (72f517da)]&amp#27;[39m Responding to client with driver.getCurrentContext() result: "NATIVE_APP"
&amp#27;[35m[HTTP]&amp#27;[39m &amp#27;[37m<-- GET /wd/hub/session/72f517da-910c-46a8-8c18-f52fc551c88e/context &amp#27;[39m&amp#27;[32m200&amp#27;[39m &amp#27;[90m1 ms - 22&amp#27;[39m
&amp#27;[35m[HTTP]&amp#27;[39m &amp#27;[90m&amp#27;[39m
&amp#27;[35m[HTTP]&amp#27;[39m &amp#27;[37m-->&amp#27;[39m &amp#27;[37mPOST&amp#27;[39m &amp#27;[37m/wd/hub/session/72f517da-910c-46a8-8c18-f52fc551c88e/element&amp#27;[39m
&amp#27;[35m[HTTP]&amp#27;[39m &amp#27;[90m{"using":"xpath","value":"//android.widget.EditText[1]"}&amp#27;[39m
[debug] &amp#27;[35m[W3C (72f517da)]&amp#27;[39m Calling AppiumDriver.findElement() with args: ["xpath","//android.widget.EditText[1]","72f517da-910c-46a8-8c18-f52fc551c88e"]
[debug] &amp#27;[35m[BaseDriver]&amp#27;[39m Valid locator strategies for this request: xpath, id, class name, accessibility id, css selector, -android uiautomator
[debug] &amp#27;[35m[BaseDriver]&amp#27;[39m Waiting up to 20000 ms for condition
[debug] &amp#27;[35m[WD Proxy]&amp#27;[39m Matched '/element' to command name 'findElement'
[debug] &amp#27;[35m[WD Proxy]&amp#27;[39m Proxying [POST /element] to [POST http://127.0.0.1:8200/wd/hub/session/a8830392-9b85-4943-b889-72250055e4eb/element] with body: {"strategy":"xpath","selector":"//android.widget.EditText[1]","context":"","multiple":false}
[debug] &amp#27;[35m[WD Proxy]&amp#27;[39m Got response with status 200: {"sessionId":"a8830392-9b85-4943-b889-72250055e4eb","value":{"ELEMENT":"353579b1-4b6d-4186-a46b-cf2db6abdb4e","element-6066-11e4-a52e-4f735466cecf":"353579b1-4b6d-4186-a46b-cf2db6abdb4e"}}
[debug] &amp#27;[35m[W3C (72f517da)]&amp#27;[39m Responding to client with driver.findElement() result: {"element-6066-11e4-a52e-4f735466cecf":"353579b1-4b6d-4186-a46b-cf2db6abdb4e","ELEMENT":"353579b1-4b6d-4186-a46b-cf2db6abdb4e"}
&amp#27;[35m[HTTP]&amp#27;[39m &amp#27;[37m<-- POST /wd/hub/session/72f517da-910c-46a8-8c18-f52fc551c88e/element &amp#27;[39m&amp#27;[32m200&amp#27;[39m &amp#27;[90m101 ms - 137&amp#27;[39m
&amp#27;[35m[HTTP]&amp#27;[39m &amp#27;[90m&amp#27;[39m
&amp#27;[35m[HTTP]&amp#27;[39m &amp#27;[37m-->&amp#27;[39m &amp#27;[37mPOST&amp#27;[39m &amp#27;[37m/wd/hub/session/72f517da-910c-46a8-8c18-f52fc551c88e/element/353579b1-4b6d-4186-a46b-cf2db6abdb4e/value&amp#27;[39m
&amp#27;[35m[HTTP]&amp#27;[39m &amp#27;[90m{"id":"353579b1-4b6d-4186-a46b-cf2db6abdb4e","text":"7760305049","value":["7","7","6","0","3","0","5","0","4","9"]}&amp#27;[39m
[debug] &amp#27;[35m[W3C (72f517da)]&amp#27;[39m Calling AppiumDriver.setValue() with args: [["7","7","6","0","3","0","5","0","4","9"],"353579b1-4b6d-4186-a46b-cf2db6abdb4e","72f517da-910c-46a8-8c18-f52fc551c88e"]
[debug] &amp#27;[35m[WD Proxy]&amp#27;[39m Matched '/element/353579b1-4b6d-4186-a46b-cf2db6abdb4e/value' to command name 'setValue'
[debug] &amp#27;[35m[Protocol Converter]&amp#27;[39m Added 'value' property ["7","7","6","0","3","0","5","0","4","9"] to 'setValue' request body
[debug] &amp#27;[35m[WD Proxy]&amp#27;[39m Proxying [POST /element/353579b1-4b6d-4186-a46b-cf2db6abdb4e/value] to [POST http://127.0.0.1:8200/wd/hub/session/a8830392-9b85-4943-b889-72250055e4eb/element/353579b1-4b6d-4186-a46b-cf2db6abdb4e/value] with body: {"elementId":"353579b1-4b6d-4186-a46b-cf2db6abdb4e","text":"7760305049","replace":false,"value":["7","7","6","0","3","0","5","0","4","9"]}
[debug] &amp#27;[35m[WD Proxy]&amp#27;[39m Got response with status 200: {"sessionId":"a8830392-9b85-4943-b889-72250055e4eb","value":null}
[debug] &amp#27;[35m[W3C (72f517da)]&amp#27;[39m Responding to client with driver.setValue() result: null
&amp#27;[35m[HTTP]&amp#27;[39m &amp#27;[37m<-- POST /wd/hub/session/72f517da-910c-46a8-8c18-f52fc551c88e/element/353579b1-4b6d-4186-a46b-cf2db6abdb4e/value &amp#27;[39m&amp#27;[32m200&amp#27;[39m &amp#27;[90m34 ms - 14&amp#27;[39m
&amp#27;[35m[HTTP]&amp#27;[39m &amp#27;[90m&amp#27;[39m
&amp#27;[35m[HTTP]&amp#27;[39m &amp#27;[37m-->&amp#27;[39m &amp#27;[37mGET&amp#27;[39m &amp#27;[37m/wd/hub/session/72f517da-910c-46a8-8c18-f52fc551c88e/context&amp#27;[39m
&amp#27;[35m[HTTP]&amp#27;[39m &amp#27;[90m{}&amp#27;[39m
[debug] &amp#27;[35m[W3C (72f517da)]&amp#27;[39m Calling AppiumDriver.getCurrentContext() with args: ["72f517da-910c-46a8-8c18-f52fc551c88e"]
[debug] &amp#27;[35m[W3C (72f517da)]&amp#27;[39m Responding to client with driver.getCurrentContext() result: "NATIVE_APP"
&amp#27;[35m[HTTP]&amp#27;[39m &amp#27;[37m<-- GET /wd/hub/session/72f517da-910c-46a8-8c18-f52fc551c88e/context &amp#27;[39m&amp#27;[32m200&amp#27;[39m &amp#27;[90m1 ms - 22&amp#27;[39m
&amp#27;[35m[HTTP]&amp#27;[39m &amp#27;[90m&amp#27;[39m
&amp#27;[35m[HTTP]&amp#27;[39m &amp#27;[37m-->&amp#27;[39m &amp#27;[37mPOST&amp#27;[39m &amp#27;[37m/wd/hub/session/72f517da-910c-46a8-8c18-f52fc551c88e/element&amp#27;[39m
&amp#27;[35m[HTTP]&amp#27;[39m &amp#27;[90m{"using":"xpath","value":"(//android.widget.EditText)[2]"}&amp#27;[39m
[debug] &amp#27;[35m[W3C (72f517da)]&amp#27;[39m Calling AppiumDriver.findElement() with args: ["xpath","(//android.widget.EditText)[2]","72f517da-910c-46a8-8c18-f52fc551c88e"]
[debug] &amp#27;[35m[BaseDriver]&amp#27;[39m Valid locator strategies for this request: xpath, id, class name, accessibility id, css selector, -android uiautomator
[debug] &amp#27;[35m[BaseDriver]&amp#27;[39m Waiting up to 20000 ms for condition
[debug] &amp#27;[35m[WD Proxy]&amp#27;[39m Matched '/element' to command name 'findElement'
[debug] &amp#27;[35m[WD Proxy]&amp#27;[39m Proxying [POST /element] to [POST http://127.0.0.1:8200/wd/hub/session/a8830392-9b85-4943-b889-72250055e4eb/element] with body: {"strategy":"xpath","selector":"(//android.widget.EditText)[2]","context":"","multiple":false}
[debug] &amp#27;[35m[WD Proxy]&amp#27;[39m Got response with status 200: {"sessionId":"a8830392-9b85-4943-b889-72250055e4eb","value":{"ELEMENT":"8a42d402-6cac-4c02-818d-90141832d1ca","element-6066-11e4-a52e-4f735466cecf":"8a42d402-6cac-4c02-818d-90141832d1ca"}}
[debug] &amp#27;[35m[W3C (72f517da)]&amp#27;[39m Responding to client with driver.findElement() result: {"element-6066-11e4-a52e-4f735466cecf":"8a42d402-6cac-4c02-818d-90141832d1ca","ELEMENT":"8a42d402-6cac-4c02-818d-90141832d1ca"}
&amp#27;[35m[HTTP]&amp#27;[39m &amp#27;[37m<-- POST /wd/hub/session/72f517da-910c-46a8-8c18-f52fc551c88e/element &amp#27;[39m&amp#27;[32m200&amp#27;[39m &amp#27;[90m567 ms - 137&amp#27;[39m
&amp#27;[35m[HTTP]&amp#27;[39m &amp#27;[90m&amp#27;[39m
&amp#27;[35m[HTTP]&amp#27;[39m &amp#27;[37m-->&amp#27;[39m &amp#27;[37mPOST&amp#27;[39m &amp#27;[37m/wd/hub/session/72f517da-910c-46a8-8c18-f52fc551c88e/element/8a42d402-6cac-4c02-818d-90141832d1ca/click&amp#27;[39m
&amp#27;[35m[HTTP]&amp#27;[39m &amp#27;[90m{"id":"8a42d402-6cac-4c02-818d-90141832d1ca"}&amp#27;[39m
[debug] &amp#27;[35m[W3C (72f517da)]&amp#27;[39m Calling AppiumDriver.click() with args: ["8a42d402-6cac-4c02-818d-90141832d1ca","72f517da-910c-46a8-8c18-f52fc551c88e"]
[debug] &amp#27;[35m[WD Proxy]&amp#27;[39m Matched '/element/8a42d402-6cac-4c02-818d-90141832d1ca/click' to command name 'click'
[debug] &amp#27;[35m[WD Proxy]&amp#27;[39m Proxying [POST /element/8a42d402-6cac-4c02-818d-90141832d1ca/click] to [POST http://127.0.0.1:8200/wd/hub/session/a8830392-9b85-4943-b889-72250055e4eb/element/8a42d402-6cac-4c02-818d-90141832d1ca/click] with body: {"element":"8a42d402-6cac-4c02-818d-90141832d1ca"}
[debug] &amp#27;[35m[WD Proxy]&amp#27;[39m Got response with status 200: {"sessionId":"a8830392-9b85-4943-b889-72250055e4eb","value":null}
[debug] &amp#27;[35m[W3C (72f517da)]&amp#27;[39m Responding to client with driver.click() result: null
&amp#27;[35m[HTTP]&amp#27;[39m &amp#27;[37m<-- POST /wd/hub/session/72f517da-910c-46a8-8c18-f52fc551c88e/element/8a42d402-6cac-4c02-818d-90141832d1ca/click &amp#27;[39m&amp#27;[32m200&amp#27;[39m &amp#27;[90m130 ms - 14&amp#27;[39m
&amp#27;[35m[HTTP]&amp#27;[39m &amp#27;[90m&amp#27;[39m
&amp#27;[35m[HTTP]&amp#27;[39m &amp#27;[37m-->&amp#27;[39m &amp#27;[37mGET&amp#27;[39m &amp#27;[37m/wd/hub/session/72f517da-910c-46a8-8c18-f52fc551c88e/context&amp#27;[39m
&amp#27;[35m[HTTP]&amp#27;[39m &amp#27;[90m{}&amp#27;[39m
[debug] &amp#27;[35m[W3C (72f517da)]&amp#27;[39m Calling AppiumDriver.getCurrentContext() with args: ["72f517da-910c-46a8-8c18-f52fc551c88e"]
[debug] &amp#27;[35m[W3C (72f517da)]&amp#27;[39m Responding to client with driver.getCurrentContext() result: "NATIVE_APP"
&amp#27;[35m[HTTP]&amp#27;[39m &amp#27;[37m<-- GET /wd/hub/session/72f517da-910c-46a8-8c18-f52fc551c88e/context &amp#27;[39m&amp#27;[32m200&amp#27;[39m &amp#27;[90m1 ms - 22&amp#27;[39m
&amp#27;[35m[HTTP]&amp#27;[39m &amp#27;[90m&amp#27;[39m
&amp#27;[35m[HTTP]&amp#27;[39m &amp#27;[37m-->&amp#27;[39m &amp#27;[37mPOST&amp#27;[39m &amp#27;[37m/wd/hub/session/72f517da-910c-46a8-8c18-f52fc551c88e/element&amp#27;[39m
&amp#27;[35m[HTTP]&amp#27;[39m &amp#27;[90m{"using":"xpath","value":"(//android.widget.EditText)[2]"}&amp#27;[39m
[debug] &amp#27;[35m[W3C (72f517da)]&amp#27;[39m Calling AppiumDriver.findElement() with args: ["xpath","(//android.widget.EditText)[2]","72f517da-910c-46a8-8c18-f52fc551c88e"]
[debug] &amp#27;[35m[BaseDriver]&amp#27;[39m Valid locator strategies for this request: xpath, id, class name, accessibility id, css selector, -android uiautomator
[debug] &amp#27;[35m[BaseDriver]&amp#27;[39m Waiting up to 20000 ms for condition
[debug] &amp#27;[35m[WD Proxy]&amp#27;[39m Matched '/element' to command name 'findElement'
[debug] &amp#27;[35m[WD Proxy]&amp#27;[39m Proxying [POST /element] to [POST http://127.0.0.1:8200/wd/hub/session/a8830392-9b85-4943-b889-72250055e4eb/element] with body: {"strategy":"xpath","selector":"(//android.widget.EditText)[2]","context":"","multiple":false}
[debug] &amp#27;[35m[WD Proxy]&amp#27;[39m Got response with status 200: {"sessionId":"a8830392-9b85-4943-b889-72250055e4eb","value":{"ELEMENT":"566cd8d1-a55d-488b-8878-719b52f685c6","element-6066-11e4-a52e-4f735466cecf":"566cd8d1-a55d-488b-8878-719b52f685c6"}}
[debug] &amp#27;[35m[W3C (72f517da)]&amp#27;[39m Responding to client with driver.findElement() result: {"element-6066-11e4-a52e-4f735466cecf":"566cd8d1-a55d-488b-8878-719b52f685c6","ELEMENT":"566cd8d1-a55d-488b-8878-719b52f685c6"}
&amp#27;[35m[HTTP]&amp#27;[39m &amp#27;[37m<-- POST /wd/hub/session/72f517da-910c-46a8-8c18-f52fc551c88e/element &amp#27;[39m&amp#27;[32m200&amp#27;[39m &amp#27;[90m1037 ms - 137&amp#27;[39m
&amp#27;[35m[HTTP]&amp#27;[39m &amp#27;[90m&amp#27;[39m
&amp#27;[35m[HTTP]&amp#27;[39m &amp#27;[37m-->&amp#27;[39m &amp#27;[37mPOST&amp#27;[39m &amp#27;[37m/wd/hub/session/72f517da-910c-46a8-8c18-f52fc551c88e/element/566cd8d1-a55d-488b-8878-719b52f685c6/value&amp#27;[39m
&amp#27;[35m[HTTP]&amp#27;[39m &amp#27;[90m{"id":"566cd8d1-a55d-488b-8878-719b52f685c6","text":"0082","value":["0","0","8","2"]}&amp#27;[39m
[debug] &amp#27;[35m[W3C (72f517da)]&amp#27;[39m Calling AppiumDriver.setValue() with args: [["0","0","8","2"],"566cd8d1-a55d-488b-8878-719b52f685c6","72f517da-910c-46a8-8c18-f52fc551c88e"]
[debug] &amp#27;[35m[WD Proxy]&amp#27;[39m Matched '/element/566cd8d1-a55d-488b-8878-719b52f685c6/value' to command name 'setValue'
[debug] &amp#27;[35m[Protocol Converter]&amp#27;[39m Added 'value' property ["0","0","8","2"] to 'setValue' request body
[debug] &amp#27;[35m[WD Proxy]&amp#27;[39m Proxying [POST /element/566cd8d1-a55d-488b-8878-719b52f685c6/value] to [POST http://127.0.0.1:8200/wd/hub/session/a8830392-9b85-4943-b889-72250055e4eb/element/566cd8d1-a55d-488b-8878-719b52f685c6/value] with body: {"elementId":"566cd8d1-a55d-488b-8878-719b52f685c6","text":"0082","replace":false,"value":["0","0","8","2"]}
[debug] &amp#27;[35m[WD Proxy]&amp#27;[39m Got response with status 200: {"sessionId":"a8830392-9b85-4943-b889-72250055e4eb","value":null}
[debug] &amp#27;[35m[W3C (72f517da)]&amp#27;[39m Responding to client with driver.setValue() result: null
&amp#27;[35m[HTTP]&amp#27;[39m &amp#27;[37m<-- POST /wd/hub/session/72f517da-910c-46a8-8c18-f52fc551c88e/element/566cd8d1-a55d-488b-8878-719b52f685c6/value &amp#27;[39m&amp#27;[32m200&amp#27;[39m &amp#27;[90m118 ms - 14&amp#27;[39m
&amp#27;[35m[HTTP]&amp#27;[39m &amp#27;[90m&amp#27;[39m
&amp#27;[35m[HTTP]&amp#27;[39m &amp#27;[37m-->&amp#27;[39m &amp#27;[37mPOST&amp#27;[39m &amp#27;[37m/wd/hub/session/72f517da-910c-46a8-8c18-f52fc551c88e/appium/device/hide_keyboard&amp#27;[39m
&amp#27;[35m[HTTP]&amp#27;[39m &amp#27;[90m{}&amp#27;[39m
[debug] &amp#27;[35m[W3C (72f517da)]&amp#27;[39m Calling AppiumDriver.hideKeyboard() with args: [null,null,null,null,"72f517da-910c-46a8-8c18-f52fc551c88e"]
[debug] &amp#27;[35m[ADB]&amp#27;[39m Running 'C:\Users\Fayaz\AppData\Local\Android\Sdk\platform-tools\adb.exe -P 5037 -s emulator-5554 shell dumpsys input_method'
&amp#27;[35m[AndroidDriver]&amp#27;[39m Keyboard has no UI; no closing necessary
[debug] &amp#27;[35m[W3C (72f517da)]&amp#27;[39m Responding to client with driver.hideKeyboard() result: null
&amp#27;[35m[HTTP]&amp#27;[39m &amp#27;[37m<-- POST /wd/hub/session/72f517da-910c-46a8-8c18-f52fc551c88e/appium/device/hide_keyboard &amp#27;[39m&amp#27;[32m200&amp#27;[39m &amp#27;[90m561 ms - 14&amp#27;[39m
&amp#27;[35m[HTTP]&amp#27;[39m &amp#27;[90m&amp#27;[39m
&amp#27;[35m[HTTP]&amp#27;[39m &amp#27;[37m-->&amp#27;[39m &amp#27;[37mGET&amp#27;[39m &amp#27;[37m/wd/hub/session/72f517da-910c-46a8-8c18-f52fc551c88e/context&amp#27;[39m
&amp#27;[35m[HTTP]&amp#27;[39m &amp#27;[90m{}&amp#27;[39m
[debug] &amp#27;[35m[W3C (72f517da)]&amp#27;[39m Calling AppiumDriver.getCurrentContext() with args: ["72f517da-910c-46a8-8c18-f52fc551c88e"]
[debug] &amp#27;[35m[W3C (72f517da)]&amp#27;[39m Responding to client with driver.getCurrentContext() result: "NATIVE_APP"
&amp#27;[35m[HTTP]&amp#27;[39m &amp#27;[37m<-- GET /wd/hub/session/72f517da-910c-46a8-8c18-f52fc551c88e/context &amp#27;[39m&amp#27;[32m200&amp#27;[39m &amp#27;[90m2 ms - 22&amp#27;[39m
&amp#27;[35m[HTTP]&amp#27;[39m &amp#27;[90m&amp#27;[39m
&amp#27;[35m[HTTP]&amp#27;[39m &amp#27;[37m-->&amp#27;[39m &amp#27;[37mPOST&amp#27;[39m &amp#27;[37m/wd/hub/session/72f517da-910c-46a8-8c18-f52fc551c88e/element&amp#27;[39m
&amp#27;[35m[HTTP]&amp#27;[39m &amp#27;[90m{"using":"xpath","value":"//android.widget.Button[@text='Sign In']"}&amp#27;[39m
[debug] &amp#27;[35m[W3C (72f517da)]&amp#27;[39m Calling AppiumDriver.findElement() with args: ["xpath","//android.widget.Button[@text='Sign In']","72f517da-910c-46a8-8c18-f52fc551c88e"]
[debug] &amp#27;[35m[BaseDriver]&amp#27;[39m Valid locator strategies for this request: xpath, id, class name, accessibility id, css selector, -android uiautomator
[debug] &amp#27;[35m[BaseDriver]&amp#27;[39m Waiting up to 20000 ms for condition
[debug] &amp#27;[35m[WD Proxy]&amp#27;[39m Matched '/element' to command name 'findElement'
[debug] &amp#27;[35m[WD Proxy]&amp#27;[39m Proxying [POST /element] to [POST http://127.0.0.1:8200/wd/hub/session/a8830392-9b85-4943-b889-72250055e4eb/element] with body: {"strategy":"xpath","selector":"//android.widget.Button[@text='Sign In']","context":"","multiple":false}
[debug] &amp#27;[35m[WD Proxy]&amp#27;[39m Got response with status 200: {"sessionId":"a8830392-9b85-4943-b889-72250055e4eb","value":{"ELEMENT":"16aea5ce-a294-4d3c-8b1d-3de3db92e536","element-6066-11e4-a52e-4f735466cecf":"16aea5ce-a294-4d3c-8b1d-3de3db92e536"}}
[debug] &amp#27;[35m[W3C (72f517da)]&amp#27;[39m Responding to client with driver.findElement() result: {"element-6066-11e4-a52e-4f735466cecf":"16aea5ce-a294-4d3c-8b1d-3de3db92e536","ELEMENT":"16aea5ce-a294-4d3c-8b1d-3de3db92e536"}
&amp#27;[35m[HTTP]&amp#27;[39m &amp#27;[37m<-- POST /wd/hub/session/72f517da-910c-46a8-8c18-f52fc551c88e/element &amp#27;[39m&amp#27;[32m200&amp#27;[39m &amp#27;[90m365 ms - 137&amp#27;[39m
&amp#27;[35m[HTTP]&amp#27;[39m &amp#27;[90m&amp#27;[39m
&amp#27;[35m[HTTP]&amp#27;[39m &amp#27;[37m-->&amp#27;[39m &amp#27;[37mPOST&amp#27;[39m &amp#27;[37m/wd/hub/session/72f517da-910c-46a8-8c18-f52fc551c88e/element/16aea5ce-a294-4d3c-8b1d-3de3db92e536/click&amp#27;[39m
&amp#27;[35m[HTTP]&amp#27;[39m &amp#27;[90m{"id":"16aea5ce-a294-4d3c-8b1d-3de3db92e536"}&amp#27;[39m
[debug] &amp#27;[35m[W3C (72f517da)]&amp#27;[39m Calling AppiumDriver.click() with args: ["16aea5ce-a294-4d3c-8b1d-3de3db92e536","72f517da-910c-46a8-8c18-f52fc551c88e"]
[debug] &amp#27;[35m[WD Proxy]&amp#27;[39m Matched '/element/16aea5ce-a294-4d3c-8b1d-3de3db92e536/click' to command name 'click'
[debug] &amp#27;[35m[WD Proxy]&amp#27;[39m Proxying [POST /element/16aea5ce-a294-4d3c-8b1d-3de3db92e536/click] to [POST http://127.0.0.1:8200/wd/hub/session/a8830392-9b85-4943-b889-72250055e4eb/element/16aea5ce-a294-4d3c-8b1d-3de3db92e536/click] with body: {"element":"16aea5ce-a294-4d3c-8b1d-3de3db92e536"}
[debug] &amp#27;[35m[WD Proxy]&amp#27;[39m Got response with status 200: {"sessionId":"a8830392-9b85-4943-b889-72250055e4eb","value":null}
[debug] &amp#27;[35m[W3C (72f517da)]&amp#27;[39m Responding to client with driver.click() result: null
&amp#27;[35m[HTTP]&amp#27;[39m &amp#27;[37m<-- POST /wd/hub/session/72f517da-910c-46a8-8c18-f52fc551c88e/element/16aea5ce-a294-4d3c-8b1d-3de3db92e536/click &amp#27;[39m&amp#27;[32m200&amp#27;[39m &amp#27;[90m88 ms - 14&amp#27;[39m
&amp#27;[35m[HTTP]&amp#27;[39m &amp#27;[90m&amp#27;[39m
&amp#27;[35m[HTTP]&amp#27;[39m &amp#27;[37m-->&amp#27;[39m &amp#27;[37mGET&amp#27;[39m &amp#27;[37m/wd/hub/session/72f517da-910c-46a8-8c18-f52fc551c88e/context&amp#27;[39m
&amp#27;[35m[HTTP]&amp#27;[39m &amp#27;[90m{}&amp#27;[39m
[debug] &amp#27;[35m[W3C (72f517da)]&amp#27;[39m Calling AppiumDriver.getCurrentContext() with args: ["72f517da-910c-46a8-8c18-f52fc551c88e"]
[debug] &amp#27;[35m[W3C (72f517da)]&amp#27;[39m Responding to client with driver.getCurrentContext() result: "NATIVE_APP"
&amp#27;[35m[HTTP]&amp#27;[39m &amp#27;[37m<-- GET /wd/hub/session/72f517da-910c-46a8-8c18-f52fc551c88e/context &amp#27;[39m&amp#27;[32m200&amp#27;[39m &amp#27;[90m2 ms - 22&amp#27;[39m
&amp#27;[35m[HTTP]&amp#27;[39m &amp#27;[90m&amp#27;[39m
&amp#27;[35m[HTTP]&amp#27;[39m &amp#27;[37m-->&amp#27;[39m &amp#27;[37mPOST&amp#27;[39m &amp#27;[37m/wd/hub/session/72f517da-910c-46a8-8c18-f52fc551c88e/element&amp#27;[39m
&amp#27;[35m[HTTP]&amp#27;[39m &amp#27;[90m{"using":"xpath","value":"//android.view.View[@text='accounts']"}&amp#27;[39m
[debug] &amp#27;[35m[W3C (72f517da)]&amp#27;[39m Calling AppiumDriver.findElement() with args: ["xpath","//android.view.View[@text='accounts']","72f517da-910c-46a8-8c18-f52fc551c88e"]
[debug] &amp#27;[35m[BaseDriver]&amp#27;[39m Valid locator strategies for this request: xpath, id, class name, accessibility id, css selector, -android uiautomator
[debug] &amp#27;[35m[BaseDriver]&amp#27;[39m Waiting up to 20000 ms for condition
[debug] &amp#27;[35m[WD Proxy]&amp#27;[39m Matched '/element' to command name 'findElement'
[debug] &amp#27;[35m[WD Proxy]&amp#27;[39m Proxying [POST /element] to [POST http://127.0.0.1:8200/wd/hub/session/a8830392-9b85-4943-b889-72250055e4eb/element] with body: {"strategy":"xpath","selector":"//android.view.View[@text='accounts']","context":"","multiple":false}
[debug] &amp#27;[35m[WD Proxy]&amp#27;[39m Got response with status 200: {"sessionId":"a8830392-9b85-4943-b889-72250055e4eb","value":{"ELEMENT":"606d8989-b917-4132-92ec-f5def7870913","element-6066-11e4-a52e-4f735466cecf":"606d8989-b917-4132-92ec-f5def7870913"}}
[debug] &amp#27;[35m[W3C (72f517da)]&amp#27;[39m Responding to client with driver.findElement() result: {"element-6066-11e4-a52e-4f735466cecf":"606d8989-b917-4132-92ec-f5def7870913","ELEMENT":"606d8989-b917-4132-92ec-f5def7870913"}
&amp#27;[35m[HTTP]&amp#27;[39m &amp#27;[37m<-- POST /wd/hub/session/72f517da-910c-46a8-8c18-f52fc551c88e/element &amp#27;[39m&amp#27;[32m200&amp#27;[39m &amp#27;[90m215 ms - 137&amp#27;[39m
&amp#27;[35m[HTTP]&amp#27;[39m &amp#27;[90m&amp#27;[39m
&amp#27;[35m[HTTP]&amp#27;[39m &amp#27;[37m-->&amp#27;[39m &amp#27;[37mPOST&amp#27;[39m &amp#27;[37m/wd/hub/session/72f517da-910c-46a8-8c18-f52fc551c88e/element/606d8989-b917-4132-92ec-f5def7870913/click&amp#27;[39m
&amp#27;[35m[HTTP]&amp#27;[39m &amp#27;[90m{"id":"606d8989-b917-4132-92ec-f5def7870913"}&amp#27;[39m
[debug] &amp#27;[35m[W3C (72f517da)]&amp#27;[39m Calling AppiumDriver.click() with args: ["606d8989-b917-4132-92ec-f5def7870913","72f517da-910c-46a8-8c18-f52fc551c88e"]
[debug] &amp#27;[35m[WD Proxy]&amp#27;[39m Matched '/element/606d8989-b917-4132-92ec-f5def7870913/click' to command name 'click'
[debug] &amp#27;[35m[WD Proxy]&amp#27;[39m Proxying [POST /element/606d8989-b917-4132-92ec-f5def7870913/click] to [POST http://127.0.0.1:8200/wd/hub/session/a8830392-9b85-4943-b889-72250055e4eb/element/606d8989-b917-4132-92ec-f5def7870913/click] with body: {"element":"606d8989-b917-4132-92ec-f5def7870913"}
[debug] &amp#27;[35m[WD Proxy]&amp#27;[39m Got response with status 200: {"sessionId":"a8830392-9b85-4943-b889-72250055e4eb","value":null}
[debug] &amp#27;[35m[W3C (72f517da)]&amp#27;[39m Responding to client with driver.click() result: null
&amp#27;[35m[HTTP]&amp#27;[39m &amp#27;[37m<-- POST /wd/hub/session/72f517da-910c-46a8-8c18-f52fc551c88e/element/606d8989-b917-4132-92ec-f5def7870913/click &amp#27;[39m&amp#27;[32m200&amp#27;[39m &amp#27;[90m121 ms - 14&amp#27;[39m
&amp#27;[35m[HTTP]&amp#27;[39m &amp#27;[90m&amp#27;[39m
&amp#27;[35m[HTTP]&amp#27;[39m &amp#27;[37m-->&amp#27;[39m &amp#27;[37mGET&amp#27;[39m &amp#27;[37m/wd/hub/session/72f517da-910c-46a8-8c18-f52fc551c88e/context&amp#27;[39m
&amp#27;[35m[HTTP]&amp#27;[39m &amp#27;[90m{}&amp#27;[39m
[debug] &amp#27;[35m[W3C (72f517da)]&amp#27;[39m Calling AppiumDriver.getCurrentContext() with args: ["72f517da-910c-46a8-8c18-f52fc551c88e"]
[debug] &amp#27;[35m[W3C (72f517da)]&amp#27;[39m Responding to client with driver.getCurrentContext() result: "NATIVE_APP"
&amp#27;[35m[HTTP]&amp#27;[39m &amp#27;[37m<-- GET /wd/hub/session/72f517da-910c-46a8-8c18-f52fc551c88e/context &amp#27;[39m&amp#27;[32m200&amp#27;[39m &amp#27;[90m2 ms - 22&amp#27;[39m
&amp#27;[35m[HTTP]&amp#27;[39m &amp#27;[90m&amp#27;[39m
&amp#27;[35m[HTTP]&amp#27;[39m &amp#27;[37m-->&amp#27;[39m &amp#27;[37mPOST&amp#27;[39m &amp#27;[37m/wd/hub/session/72f517da-910c-46a8-8c18-f52fc551c88e/element&amp#27;[39m
&amp#27;[35m[HTTP]&amp#27;[39m &amp#27;[90m{"using":"xpath","value":"//android.view.View[@text='Account Details']"}&amp#27;[39m
[debug] &amp#27;[35m[W3C (72f517da)]&amp#27;[39m Calling AppiumDriver.findElement() with args: ["xpath","//android.view.View[@text='Account Details']","72f517da-910c-46a8-8c18-f52fc551c88e"]
[debug] &amp#27;[35m[BaseDriver]&amp#27;[39m Valid locator strategies for this request: xpath, id, class name, accessibility id, css selector, -android uiautomator
[debug] &amp#27;[35m[BaseDriver]&amp#27;[39m Waiting up to 20000 ms for condition
[debug] &amp#27;[35m[WD Proxy]&amp#27;[39m Matched '/element' to command name 'findElement'
[debug] &amp#27;[35m[WD Proxy]&amp#27;[39m Proxying [POST /element] to [POST http://127.0.0.1:8200/wd/hub/session/a8830392-9b85-4943-b889-72250055e4eb/element] with body: {"strategy":"xpath","selector":"//android.view.View[@text='Account Details']","context":"","multiple":false}
[debug] &amp#27;[35m[WD Proxy]&amp#27;[39m Got response with status 200: {"sessionId":"a8830392-9b85-4943-b889-72250055e4eb","value":{"ELEMENT":"14d881b0-437f-46dd-81e1-cdd4c9cbf842","element-6066-11e4-a52e-4f735466cecf":"14d881b0-437f-46dd-81e1-cdd4c9cbf842"}}
[debug] &amp#27;[35m[W3C (72f517da)]&amp#27;[39m Responding to client with driver.findElement() result: {"element-6066-11e4-a52e-4f735466cecf":"14d881b0-437f-46dd-81e1-cdd4c9cbf842","ELEMENT":"14d881b0-437f-46dd-81e1-cdd4c9cbf842"}
&amp#27;[35m[HTTP]&amp#27;[39m &amp#27;[37m<-- POST /wd/hub/session/72f517da-910c-46a8-8c18-f52fc551c88e/element &amp#27;[39m&amp#27;[32m200&amp#27;[39m &amp#27;[90m1595 ms - 137&amp#27;[39m
&amp#27;[35m[HTTP]&amp#27;[39m &amp#27;[90m&amp#27;[39m
&amp#27;[35m[HTTP]&amp#27;[39m &amp#27;[37m-->&amp#27;[39m &amp#27;[37mPOST&amp#27;[39m &amp#27;[37m/wd/hub/session/72f517da-910c-46a8-8c18-f52fc551c88e/element/14d881b0-437f-46dd-81e1-cdd4c9cbf842/click&amp#27;[39m
&amp#27;[35m[HTTP]&amp#27;[39m &amp#27;[90m{"id":"14d881b0-437f-46dd-81e1-cdd4c9cbf842"}&amp#27;[39m
[debug] &amp#27;[35m[W3C (72f517da)]&amp#27;[39m Calling AppiumDriver.click() with args: ["14d881b0-437f-46dd-81e1-cdd4c9cbf842","72f517da-910c-46a8-8c18-f52fc551c88e"]
[debug] &amp#27;[35m[WD Proxy]&amp#27;[39m Matched '/element/14d881b0-437f-46dd-81e1-cdd4c9cbf842/click' to command name 'click'
[debug] &amp#27;[35m[WD Proxy]&amp#27;[39m Proxying [POST /element/14d881b0-437f-46dd-81e1-cdd4c9cbf842/click] to [POST http://127.0.0.1:8200/wd/hub/session/a8830392-9b85-4943-b889-72250055e4eb/element/14d881b0-437f-46dd-81e1-cdd4c9cbf842/click] with body: {"element":"14d881b0-437f-46dd-81e1-cdd4c9cbf842"}
[debug] &amp#27;[35m[WD Proxy]&amp#27;[39m Got response with status 200: {"sessionId":"a8830392-9b85-4943-b889-72250055e4eb","value":null}
[debug] &amp#27;[35m[W3C (72f517da)]&amp#27;[39m Responding to client with driver.click() result: null
&amp#27;[35m[HTTP]&amp#27;[39m &amp#27;[37m<-- POST /wd/hub/session/72f517da-910c-46a8-8c18-f52fc551c88e/element/14d881b0-437f-46dd-81e1-cdd4c9cbf842/click &amp#27;[39m&amp#27;[32m200&amp#27;[39m &amp#27;[90m1017 ms - 14&amp#27;[39m
&amp#27;[35m[HTTP]&amp#27;[39m &amp#27;[90m&amp#27;[39m
&amp#27;[35m[HTTP]&amp#27;[39m &amp#27;[37m-->&amp#27;[39m &amp#27;[37mGET&amp#27;[39m &amp#27;[37m/wd/hub/session/72f517da-910c-46a8-8c18-f52fc551c88e/context&amp#27;[39m
&amp#27;[35m[HTTP]&amp#27;[39m &amp#27;[90m{}&amp#27;[39m
[debug] &amp#27;[35m[W3C (72f517da)]&amp#27;[39m Calling AppiumDriver.getCurrentContext() with args: ["72f517da-910c-46a8-8c18-f52fc551c88e"]
[debug] &amp#27;[35m[W3C (72f517da)]&amp#27;[39m Responding to client with driver.getCurrentContext() result: "NATIVE_APP"
&amp#27;[35m[HTTP]&amp#27;[39m &amp#27;[37m<-- GET /wd/hub/session/72f517da-910c-46a8-8c18-f52fc551c88e/context &amp#27;[39m&amp#27;[32m200&amp#27;[39m &amp#27;[90m1 ms - 22&amp#27;[39m
&amp#27;[35m[HTTP]&amp#27;[39m &amp#27;[90m&amp#27;[39m
&amp#27;[35m[HTTP]&amp#27;[39m &amp#27;[37m-->&amp#27;[39m &amp#27;[37mPOST&amp#27;[39m &amp#27;[37m/wd/hub/session/72f517da-910c-46a8-8c18-f52fc551c88e/element&amp#27;[39m
&amp#27;[35m[HTTP]&amp#27;[39m &amp#27;[90m{"using":"xpath","value":"//android.view.View[contains(@text,'Accounts found')]"}&amp#27;[39m
[debug] &amp#27;[35m[W3C (72f517da)]&amp#27;[39m Calling AppiumDriver.findElement() with args: ["xpath","//android.view.View[contains(@text,'Accounts found')]","72f517da-910c-46a8-8c18-f52fc551c88e"]
[debug] &amp#27;[35m[BaseDriver]&amp#27;[39m Valid locator strategies for this request: xpath, id, class name, accessibility id, css selector, -android uiautomator
[debug] &amp#27;[35m[BaseDriver]&amp#27;[39m Waiting up to 20000 ms for condition
[debug] &amp#27;[35m[WD Proxy]&amp#27;[39m Matched '/element' to command name 'findElement'
[debug] &amp#27;[35m[WD Proxy]&amp#27;[39m Proxying [POST /element] to [POST http://127.0.0.1:8200/wd/hub/session/a8830392-9b85-4943-b889-72250055e4eb/element] with body: {"strategy":"xpath","selector":"//android.view.View[contains(@text,'Accounts found')]","context":"","multiple":false}
[debug] &amp#27;[35m[WD Proxy]&amp#27;[39m Got response with status 200: {"sessionId":"a8830392-9b85-4943-b889-72250055e4eb","value":{"ELEMENT":"a0924398-eed7-4885-9827-3526481e859d","element-6066-11e4-a52e-4f735466cecf":"a0924398-eed7-4885-9827-3526481e859d"}}
[debug] &amp#27;[35m[W3C (72f517da)]&amp#27;[39m Responding to client with driver.findElement() result: {"element-6066-11e4-a52e-4f735466cecf":"a0924398-eed7-4885-9827-3526481e859d","ELEMENT":"a0924398-eed7-4885-9827-3526481e859d"}
&amp#27;[35m[HTTP]&amp#27;[39m &amp#27;[37m<-- POST /wd/hub/session/72f517da-910c-46a8-8c18-f52fc551c88e/element &amp#27;[39m&amp#27;[32m200&amp#27;[39m &amp#27;[90m243 ms - 137&amp#27;[39m
&amp#27;[35m[HTTP]&amp#27;[39m &amp#27;[90m&amp#27;[39m
&amp#27;[35m[HTTP]&amp#27;[39m &amp#27;[37m-->&amp#27;[39m &amp#27;[37mGET&amp#27;[39m &amp#27;[37m/wd/hub/session/72f517da-910c-46a8-8c18-f52fc551c88e/element/a0924398-eed7-4885-9827-3526481e859d/text&amp#27;[39m
&amp#27;[35m[HTTP]&amp#27;[39m &amp#27;[90m{}&amp#27;[39m
&amp#27;[35m[W3C (72f517da)]&amp#27;[39m Driver proxy active, passing request on via HTTP proxy
[debug] &amp#27;[35m[WD Proxy]&amp#27;[39m Matched '/wd/hub/session/72f517da-910c-46a8-8c18-f52fc551c88e/element/a0924398-eed7-4885-9827-3526481e859d/text' to command name 'getText'
[debug] &amp#27;[35m[WD Proxy]&amp#27;[39m Proxying [GET /wd/hub/session/72f517da-910c-46a8-8c18-f52fc551c88e/element/a0924398-eed7-4885-9827-3526481e859d/text] to [GET http://127.0.0.1:8200/wd/hub/session/a8830392-9b85-4943-b889-72250055e4eb/element/a0924398-eed7-4885-9827-3526481e859d/text] with no body
[debug] &amp#27;[35m[WD Proxy]&amp#27;[39m Got response with status 200: {"sessionId":"a8830392-9b85-4943-b889-72250055e4eb","value":"10 Accounts found"}
&amp#27;[35m[WD Proxy]&amp#27;[39m Replacing sessionId a8830392-9b85-4943-b889-72250055e4eb with 72f517da-910c-46a8-8c18-f52fc551c88e
&amp#27;[35m[HTTP]&amp#27;[39m &amp#27;[37m<-- GET /wd/hub/session/72f517da-910c-46a8-8c18-f52fc551c88e/element/a0924398-eed7-4885-9827-3526481e859d/text &amp#27;[39m&amp#27;[32m200&amp#27;[39m &amp#27;[90m18 ms - 80&amp#27;[39m
&amp#27;[35m[HTTP]&amp#27;[39m &amp#27;[90m&amp#27;[39m
Hi Total of 10 Accounts found !
&amp#27;[35m[HTTP]&amp#27;[39m &amp#27;[37m-->&amp#27;[39m &amp#27;[37mGET&amp#27;[39m &amp#27;[37m/wd/hub/session/72f517da-910c-46a8-8c18-f52fc551c88e/context&amp#27;[39m
&amp#27;[35m[HTTP]&amp#27;[39m &amp#27;[90m{}&amp#27;[39m
[debug] &amp#27;[35m[W3C (72f517da)]&amp#27;[39m Calling AppiumDriver.getCurrentContext() with args: ["72f517da-910c-46a8-8c18-f52fc551c88e"]
[debug] &amp#27;[35m[W3C (72f517da)]&amp#27;[39m Responding to client with driver.getCurrentContext() result: "NATIVE_APP"
&amp#27;[35m[HTTP]&amp#27;[39m &amp#27;[37m<-- GET /wd/hub/session/72f517da-910c-46a8-8c18-f52fc551c88e/context &amp#27;[39m&amp#27;[32m200&amp#27;[39m &amp#27;[90m1 ms - 22&amp#27;[39m
&amp#27;[35m[HTTP]&amp#27;[39m &amp#27;[90m&amp#27;[39m
&amp#27;[35m[HTTP]&amp#27;[39m &amp#27;[37m-->&amp#27;[39m &amp#27;[37mPOST&amp#27;[39m &amp#27;[37m/wd/hub/session/72f517da-910c-46a8-8c18-f52fc551c88e/elements&amp#27;[39m
&amp#27;[35m[HTTP]&amp#27;[39m &amp#27;[90m{"using":"xpath","value":"//android.view.View"}&amp#27;[39m
[debug] &amp#27;[35m[W3C (72f517da)]&amp#27;[39m Calling AppiumDriver.findElements() with args: ["xpath","//android.view.View","72f517da-910c-46a8-8c18-f52fc551c88e"]
[debug] &amp#27;[35m[BaseDriver]&amp#27;[39m Valid locator strategies for this request: xpath, id, class name, accessibility id, css selector, -android uiautomator
[debug] &amp#27;[35m[BaseDriver]&amp#27;[39m Waiting up to 20000 ms for condition
[debug] &amp#27;[35m[WD Proxy]&amp#27;[39m Matched '/elements' to command name 'findElements'
[debug] &amp#27;[35m[WD Proxy]&amp#27;[39m Proxying [POST /elements] to [POST http://127.0.0.1:8200/wd/hub/session/a8830392-9b85-4943-b889-72250055e4eb/elements] with body: {"strategy":"xpath","selector":"//android.view.View","context":"","multiple":true}
[debug] &amp#27;[35m[WD Proxy]&amp#27;[39m Got response with status 200: {"sessionId":"a8830392-9b85-4943-b889-72250055e4eb","value":[{"ELEMENT":"4f06b7a5-8905-4c26-acf8-29180c79b5fb","element-6066-11e4-a52e-4f735466cecf":"4f06b7a5-8905-4c26-acf8-29180c79b5fb"},{"ELEMENT":"4d2ed21c-7489-4824-b655-85c3a0faedb4","element-6066-11e4-a52e-4f735466cecf":"4d2ed21c-7489-4824-b655-85c3a0faedb4"},{"ELEMENT":"3311ea62-ab39-473c-8ffe-ddd133fdb5ea","element-6066-11e4-a52e-4f735466cecf":"3311ea62-ab39-473c-8ffe-ddd133fdb5ea"},{"ELEMENT":"16f62a21-5f68-487a-81b9-acbc06c9e427","element-6066-11e4-a52e-4f735466cecf":"16f62a21-5f68-487a-81b9-acbc06c9e427"},{"ELEMENT":"d555ef2d-a922-4b74-b3d4-41beb97f2845","element-6066-11e4-a52e-4f735466cecf":"d555ef2d-a922-4b74-b3d4-41beb97f2845"},{"ELEMENT":"64c60aa5-a841-4f0f-897f-35c42c8e64ca","element-6066-11e4-a52e-4f735466cecf":"64c60aa5-a841-4f0f-897f-35c42c8e64ca"},{"ELEMENT":"15ef046e-c055-4c83-a2cd-ba404b2a66e1","element-6066-11e4-a52e-4f735466cecf":"15ef046e-c055-4c83-a2cd-ba404b2a66e1"},{"ELEMENT":"dc373917-1bdd-4472-a591-f36da94a923f","element-6066-...
[debug] &amp#27;[35m[W3C (72f517da)]&amp#27;[39m Responding to client with driver.findElements() result: [{"element-6066-11e4-a52e-4f735466cecf":"4f06b7a5-8905-4c26-acf8-29180c79b5fb","ELEMENT":"4f06b7a5-8905-4c26-acf8-29180c79b5fb"},{"element-6066-11e4-a52e-4f735466cecf":"4d2ed21c-7489-4824-b655-85c3a0faedb4","ELEMENT":"4d2ed21c-7489-4824-b655-85c3a0faedb4"},{"element-6066-11e4-a52e-4f735466cecf":"3311ea62-ab39-473c-8ffe-ddd133fdb5ea","ELEMENT":"3311ea62-ab39-473c-8ffe-ddd133fdb5ea"},{"element-6066-11e4-a52e-4f735466cecf":"16f62a21-5f68-487a-81b9-acbc06c9e427","ELEMENT":"16f62a21-5f68-487a-81b9-acbc06c9e427"},{"element-6066-11e4-a52e-4f735466cecf":"d555ef2d-a922-4b74-b3d4-41beb97f2845","ELEMENT":"d555ef2d-a922-4b74-b3d4-41beb97f2845"},{"element-6066-11e4-a52e-4f735466cecf":"64c60aa5-a841-4f0f-897f-35c42c8e64ca","ELEMENT":"64c60aa5-a841-4f0f-897f-35c42c8e64ca"},{"element-6066-11e4-a52e-4f735466cecf":"15ef046e-c055-4c83-a2cd-ba404b2a66e1","ELEMENT":"15ef046e-c055-4c83-a2cd-ba404b2a66e1"},{"element-6066-11e4-a52e-4f735466cecf":"dc373917-1bdd-4472-a591-f36da94a923f","ELEMENT":"dc373917-1bdd-4472-a591-f36da94a923...
&amp#27;[35m[HTTP]&amp#27;[39m &amp#27;[37m<-- POST /wd/hub/session/72f517da-910c-46a8-8c18-f52fc551c88e/elements &amp#27;[39m&amp#27;[32m200&amp#27;[39m &amp#27;[90m234 ms - 6155&amp#27;[39m
&amp#27;[35m[HTTP]&amp#27;[39m &amp#27;[90m&amp#27;[39m
&amp#27;[35m[HTTP]&amp#27;[39m &amp#27;[37m-->&amp#27;[39m &amp#27;[37mGET&amp#27;[39m &amp#27;[37m/wd/hub/session/72f517da-910c-46a8-8c18-f52fc551c88e/context&amp#27;[39m
&amp#27;[35m[HTTP]&amp#27;[39m &amp#27;[90m{}&amp#27;[39m
[debug] &amp#27;[35m[W3C (72f517da)]&amp#27;[39m Calling AppiumDriver.getCurrentContext() with args: ["72f517da-910c-46a8-8c18-f52fc551c88e"]
[debug] &amp#27;[35m[W3C (72f517da)]&amp#27;[39m Responding to client with driver.getCurrentContext() result: "NATIVE_APP"
&amp#27;[35m[HTTP]&amp#27;[39m &amp#27;[37m<-- GET /wd/hub/session/72f517da-910c-46a8-8c18-f52fc551c88e/context &amp#27;[39m&amp#27;[32m200&amp#27;[39m &amp#27;[90m1 ms - 22&amp#27;[39m
&amp#27;[35m[HTTP]&amp#27;[39m &amp#27;[90m&amp#27;[39m
&amp#27;[35m[HTTP]&amp#27;[39m &amp#27;[37m-->&amp#27;[39m &amp#27;[37mPOST&amp#27;[39m &amp#27;[37m/wd/hub/session/72f517da-910c-46a8-8c18-f52fc551c88e/elements&amp#27;[39m
&amp#27;[35m[HTTP]&amp#27;[39m &amp#27;[90m{"using":"xpath","value":"//android.widget.TextView"}&amp#27;[39m
[debug] &amp#27;[35m[W3C (72f517da)]&amp#27;[39m Calling AppiumDriver.findElements() with args: ["xpath","//android.widget.TextView","72f517da-910c-46a8-8c18-f52fc551c88e"]
[debug] &amp#27;[35m[BaseDriver]&amp#27;[39m Valid locator strategies for this request: xpath, id, class name, accessibility id, css selector, -android uiautomator
[debug] &amp#27;[35m[BaseDriver]&amp#27;[39m Waiting up to 20000 ms for condition
[debug] &amp#27;[35m[WD Proxy]&amp#27;[39m Matched '/elements' to command name 'findElements'
[debug] &amp#27;[35m[WD Proxy]&amp#27;[39m Proxying [POST /elements] to [POST http://127.0.0.1:8200/wd/hub/session/a8830392-9b85-4943-b889-72250055e4eb/elements] with body: {"strategy":"xpath","selector":"//android.widget.TextView","context":"","multiple":true}
[debug] &amp#27;[35m[WD Proxy]&amp#27;[39m Got response with status 200: {"sessionId":"a8830392-9b85-4943-b889-72250055e4eb","value":[{"ELEMENT":"8e07bf86-2b7c-4351-a44f-e1aa98c793b1","element-6066-11e4-a52e-4f735466cecf":"8e07bf86-2b7c-4351-a44f-e1aa98c793b1"},{"ELEMENT":"8c613433-21ba-4e46-a217-32d31385f6a0","element-6066-11e4-a52e-4f735466cecf":"8c613433-21ba-4e46-a217-32d31385f6a0"},{"ELEMENT":"27de6e13-2c1f-4a41-b1b9-6a678fbd7e93","element-6066-11e4-a52e-4f735466cecf":"27de6e13-2c1f-4a41-b1b9-6a678fbd7e93"},{"ELEMENT":"60a5d232-cc6e-411e-b00d-130e2cc913e5","element-6066-11e4-a52e-4f735466cecf":"60a5d232-cc6e-411e-b00d-130e2cc913e5"},{"ELEMENT":"6ae90fc8-c21c-40d3-bb7d-e327bf5b3fe2","element-6066-11e4-a52e-4f735466cecf":"6ae90fc8-c21c-40d3-bb7d-e327bf5b3fe2"},{"ELEMENT":"936ca47f-5b25-46a7-a16f-b38af493f930","element-6066-11e4-a52e-4f735466cecf":"936ca47f-5b25-46a7-a16f-b38af493f930"},{"ELEMENT":"a6f33cf6-cc0e-4dfb-b507-8e9644757121","element-6066-11e4-a52e-4f735466cecf":"a6f33cf6-cc0e-4dfb-b507-8e9644757121"},{"ELEMENT":"9b320722-9aa6-47e6-9efe-63b994f7fd2b","element-6066-...
[debug] &amp#27;[35m[W3C (72f517da)]&amp#27;[39m Responding to client with driver.findElements() result: [{"element-6066-11e4-a52e-4f735466cecf":"8e07bf86-2b7c-4351-a44f-e1aa98c793b1","ELEMENT":"8e07bf86-2b7c-4351-a44f-e1aa98c793b1"},{"element-6066-11e4-a52e-4f735466cecf":"8c613433-21ba-4e46-a217-32d31385f6a0","ELEMENT":"8c613433-21ba-4e46-a217-32d31385f6a0"},{"element-6066-11e4-a52e-4f735466cecf":"27de6e13-2c1f-4a41-b1b9-6a678fbd7e93","ELEMENT":"27de6e13-2c1f-4a41-b1b9-6a678fbd7e93"},{"element-6066-11e4-a52e-4f735466cecf":"60a5d232-cc6e-411e-b00d-130e2cc913e5","ELEMENT":"60a5d232-cc6e-411e-b00d-130e2cc913e5"},{"element-6066-11e4-a52e-4f735466cecf":"6ae90fc8-c21c-40d3-bb7d-e327bf5b3fe2","ELEMENT":"6ae90fc8-c21c-40d3-bb7d-e327bf5b3fe2"},{"element-6066-11e4-a52e-4f735466cecf":"936ca47f-5b25-46a7-a16f-b38af493f930","ELEMENT":"936ca47f-5b25-46a7-a16f-b38af493f930"},{"element-6066-11e4-a52e-4f735466cecf":"a6f33cf6-cc0e-4dfb-b507-8e9644757121","ELEMENT":"a6f33cf6-cc0e-4dfb-b507-8e9644757121"},{"element-6066-11e4-a52e-4f735466cecf":"9b320722-9aa6-47e6-9efe-63b994f7fd2b","ELEMENT":"9b320722-9aa6-47e6-9efe-63b994f7fd2...
&amp#27;[35m[HTTP]&amp#27;[39m &amp#27;[37m<-- POST /wd/hub/session/72f517da-910c-46a8-8c18-f52fc551c88e/elements &amp#27;[39m&amp#27;[32m200&amp#27;[39m &amp#27;[90m160 ms - 1291&amp#27;[39m
&amp#27;[35m[HTTP]&amp#27;[39m &amp#27;[90m&amp#27;[39m
&amp#27;[35m[HTTP]&amp#27;[39m &amp#27;[37m-->&amp#27;[39m &amp#27;[37mGET&amp#27;[39m &amp#27;[37m/wd/hub/session/72f517da-910c-46a8-8c18-f52fc551c88e/context&amp#27;[39m
&amp#27;[35m[HTTP]&amp#27;[39m &amp#27;[90m{}&amp#27;[39m
[debug] &amp#27;[35m[W3C (72f517da)]&amp#27;[39m Calling AppiumDriver.getCurrentContext() with args: ["72f517da-910c-46a8-8c18-f52fc551c88e"]
[debug] &amp#27;[35m[W3C (72f517da)]&amp#27;[39m Responding to client with driver.getCurrentContext() result: "NATIVE_APP"
&amp#27;[35m[HTTP]&amp#27;[39m &amp#27;[37m<-- GET /wd/hub/session/72f517da-910c-46a8-8c18-f52fc551c88e/context &amp#27;[39m&amp#27;[32m200&amp#27;[39m &amp#27;[90m2 ms - 22&amp#27;[39m
&amp#27;[35m[HTTP]&amp#27;[39m &amp#27;[90m&amp#27;[39m
&amp#27;[35m[HTTP]&amp#27;[39m &amp#27;[37m-->&amp#27;[39m &amp#27;[37mPOST&amp#27;[39m &amp#27;[37m/wd/hub/session/72f517da-910c-46a8-8c18-f52fc551c88e/elements&amp#27;[39m
&amp#27;[35m[HTTP]&amp#27;[39m &amp#27;[90m{"using":"xpath","value":"//android.view.View"}&amp#27;[39m
[debug] &amp#27;[35m[W3C (72f517da)]&amp#27;[39m Calling AppiumDriver.findElements() with args: ["xpath","//android.view.View","72f517da-910c-46a8-8c18-f52fc551c88e"]
[debug] &amp#27;[35m[BaseDriver]&amp#27;[39m Valid locator strategies for this request: xpath, id, class name, accessibility id, css selector, -android uiautomator
[debug] &amp#27;[35m[BaseDriver]&amp#27;[39m Waiting up to 20000 ms for condition
[debug] &amp#27;[35m[WD Proxy]&amp#27;[39m Matched '/elements' to command name 'findElements'
[debug] &amp#27;[35m[WD Proxy]&amp#27;[39m Proxying [POST /elements] to [POST http://127.0.0.1:8200/wd/hub/session/a8830392-9b85-4943-b889-72250055e4eb/elements] with body: {"strategy":"xpath","selector":"//android.view.View","context":"","multiple":true}
[debug] &amp#27;[35m[WD Proxy]&amp#27;[39m Got response with status 200: {"sessionId":"a8830392-9b85-4943-b889-72250055e4eb","value":[{"ELEMENT":"ef83019f-2e87-4efd-822f-51dbe77b01a0","element-6066-11e4-a52e-4f735466cecf":"ef83019f-2e87-4efd-822f-51dbe77b01a0"},{"ELEMENT":"3e9d867c-d52e-4de9-9ba2-207335290b9c","element-6066-11e4-a52e-4f735466cecf":"3e9d867c-d52e-4de9-9ba2-207335290b9c"},{"ELEMENT":"0715dc1c-c9b2-4209-bbe3-e967ceecde04","element-6066-11e4-a52e-4f735466cecf":"0715dc1c-c9b2-4209-bbe3-e967ceecde04"},{"ELEMENT":"df5d3d99-8793-469b-8072-2e1a846c5c06","element-6066-11e4-a52e-4f735466cecf":"df5d3d99-8793-469b-8072-2e1a846c5c06"},{"ELEMENT":"b511c70a-aa16-426b-93ea-34cae32361e7","element-6066-11e4-a52e-4f735466cecf":"b511c70a-aa16-426b-93ea-34cae32361e7"},{"ELEMENT":"457742d6-2e7f-47d3-88c1-4d339307d319","element-6066-11e4-a52e-4f735466cecf":"457742d6-2e7f-47d3-88c1-4d339307d319"},{"ELEMENT":"6619d212-3294-4d45-bd78-c9402ace30a7","element-6066-11e4-a52e-4f735466cecf":"6619d212-3294-4d45-bd78-c9402ace30a7"},{"ELEMENT":"730953cc-2922-4f14-b662-eb6e95539b18","element-6066-...
[debug] &amp#27;[35m[W3C (72f517da)]&amp#27;[39m Responding to client with driver.findElements() result: [{"element-6066-11e4-a52e-4f735466cecf":"ef83019f-2e87-4efd-822f-51dbe77b01a0","ELEMENT":"ef83019f-2e87-4efd-822f-51dbe77b01a0"},{"element-6066-11e4-a52e-4f735466cecf":"3e9d867c-d52e-4de9-9ba2-207335290b9c","ELEMENT":"3e9d867c-d52e-4de9-9ba2-207335290b9c"},{"element-6066-11e4-a52e-4f735466cecf":"0715dc1c-c9b2-4209-bbe3-e967ceecde04","ELEMENT":"0715dc1c-c9b2-4209-bbe3-e967ceecde04"},{"element-6066-11e4-a52e-4f735466cecf":"df5d3d99-8793-469b-8072-2e1a846c5c06","ELEMENT":"df5d3d99-8793-469b-8072-2e1a846c5c06"},{"element-6066-11e4-a52e-4f735466cecf":"b511c70a-aa16-426b-93ea-34cae32361e7","ELEMENT":"b511c70a-aa16-426b-93ea-34cae32361e7"},{"element-6066-11e4-a52e-4f735466cecf":"457742d6-2e7f-47d3-88c1-4d339307d319","ELEMENT":"457742d6-2e7f-47d3-88c1-4d339307d319"},{"element-6066-11e4-a52e-4f735466cecf":"6619d212-3294-4d45-bd78-c9402ace30a7","ELEMENT":"6619d212-3294-4d45-bd78-c9402ace30a7"},{"element-6066-11e4-a52e-4f735466cecf":"730953cc-2922-4f14-b662-eb6e95539b18","ELEMENT":"730953cc-2922-4f14-b662-eb6e95539b1...
&amp#27;[35m[HTTP]&amp#27;[39m &amp#27;[37m<-- POST /wd/hub/session/72f517da-910c-46a8-8c18-f52fc551c88e/elements &amp#27;[39m&amp#27;[32m200&amp#27;[39m &amp#27;[90m181 ms - 6155&amp#27;[39m
&amp#27;[35m[HTTP]&amp#27;[39m &amp#27;[90m&amp#27;[39m
&amp#27;[35m[HTTP]&amp#27;[39m &amp#27;[37m-->&amp#27;[39m &amp#27;[37mGET&amp#27;[39m &amp#27;[37m/wd/hub/session/72f517da-910c-46a8-8c18-f52fc551c88e/element/26a4fae8-e0bc-4cc7-8e28-d54c38b94284/text&amp#27;[39m
&amp#27;[35m[HTTP]&amp#27;[39m &amp#27;[90m{}&amp#27;[39m
&amp#27;[35m[W3C (72f517da)]&amp#27;[39m Driver proxy active, passing request on via HTTP proxy
[debug] &amp#27;[35m[WD Proxy]&amp#27;[39m Matched '/wd/hub/session/72f517da-910c-46a8-8c18-f52fc551c88e/element/26a4fae8-e0bc-4cc7-8e28-d54c38b94284/text' to command name 'getText'
[debug] &amp#27;[35m[WD Proxy]&amp#27;[39m Proxying [GET /wd/hub/session/72f517da-910c-46a8-8c18-f52fc551c88e/element/26a4fae8-e0bc-4cc7-8e28-d54c38b94284/text] to [GET http://127.0.0.1:8200/wd/hub/session/a8830392-9b85-4943-b889-72250055e4eb/element/26a4fae8-e0bc-4cc7-8e28-d54c38b94284/text] with no body
[debug] &amp#27;[35m[WD Proxy]&amp#27;[39m Got response with status 200: {"sessionId":"a8830392-9b85-4943-b889-72250055e4eb","value":""}
&amp#27;[35m[WD Proxy]&amp#27;[39m Replacing sessionId a8830392-9b85-4943-b889-72250055e4eb with 72f517da-910c-46a8-8c18-f52fc551c88e
&amp#27;[35m[HTTP]&amp#27;[39m &amp#27;[37m<-- GET /wd/hub/session/72f517da-910c-46a8-8c18-f52fc551c88e/element/26a4fae8-e0bc-4cc7-8e28-d54c38b94284/text &amp#27;[39m&amp#27;[32m200&amp#27;[39m &amp#27;[90m20 ms - 63&amp#27;[39m
&amp#27;[35m[HTTP]&amp#27;[39m &amp#27;[90m&amp#27;[39m
&amp#27;[35m[HTTP]&amp#27;[39m &amp#27;[37m-->&amp#27;[39m &amp#27;[37mGET&amp#27;[39m &amp#27;[37m/wd/hub/session/72f517da-910c-46a8-8c18-f52fc551c88e/context&amp#27;[39m
&amp#27;[35m[HTTP]&amp#27;[39m &amp#27;[90m{}&amp#27;[39m
[debug] &amp#27;[35m[W3C (72f517da)]&amp#27;[39m Calling AppiumDriver.getCurrentContext() with args: ["72f517da-910c-46a8-8c18-f52fc551c88e"]
[debug] &amp#27;[35m[W3C (72f517da)]&amp#27;[39m Responding to client with driver.getCurrentContext() result: "NATIVE_APP"
&amp#27;[35m[HTTP]&amp#27;[39m &amp#27;[37m<-- GET /wd/hub/session/72f517da-910c-46a8-8c18-f52fc551c88e/context &amp#27;[39m&amp#27;[32m200&amp#27;[39m &amp#27;[90m1 ms - 22&amp#27;[39m
&amp#27;[35m[HTTP]&amp#27;[39m &amp#27;[90m&amp#27;[39m
&amp#27;[35m[HTTP]&amp#27;[39m &amp#27;[37m-->&amp#27;[39m &amp#27;[37mPOST&amp#27;[39m &amp#27;[37m/wd/hub/session/72f517da-910c-46a8-8c18-f52fc551c88e/elements&amp#27;[39m
&amp#27;[35m[HTTP]&amp#27;[39m &amp#27;[90m{"using":"xpath","value":"//android.widget.TextView"}&amp#27;[39m
[debug] &amp#27;[35m[W3C (72f517da)]&amp#27;[39m Calling AppiumDriver.findElements() with args: ["xpath","//android.widget.TextView","72f517da-910c-46a8-8c18-f52fc551c88e"]
[debug] &amp#27;[35m[BaseDriver]&amp#27;[39m Valid locator strategies for this request: xpath, id, class name, accessibility id, css selector, -android uiautomator
[debug] &amp#27;[35m[BaseDriver]&amp#27;[39m Waiting up to 20000 ms for condition
[debug] &amp#27;[35m[WD Proxy]&amp#27;[39m Matched '/elements' to command name 'findElements'
[debug] &amp#27;[35m[WD Proxy]&amp#27;[39m Proxying [POST /elements] to [POST http://127.0.0.1:8200/wd/hub/session/a8830392-9b85-4943-b889-72250055e4eb/elements] with body: {"strategy":"xpath","selector":"//android.widget.TextView","context":"","multiple":true}
[debug] &amp#27;[35m[WD Proxy]&amp#27;[39m Got response with status 200: {"sessionId":"a8830392-9b85-4943-b889-72250055e4eb","value":[{"ELEMENT":"cd7cf2b9-71e1-4981-82c8-11a2665f0173","element-6066-11e4-a52e-4f735466cecf":"cd7cf2b9-71e1-4981-82c8-11a2665f0173"},{"ELEMENT":"246968a9-b3e1-47e1-b857-d5aacf7e2908","element-6066-11e4-a52e-4f735466cecf":"246968a9-b3e1-47e1-b857-d5aacf7e2908"},{"ELEMENT":"1fe02693-3115-4f6a-8549-6780700c9f07","element-6066-11e4-a52e-4f735466cecf":"1fe02693-3115-4f6a-8549-6780700c9f07"},{"ELEMENT":"9e1927e9-131a-42f9-b392-b9aa2ce1fc1c","element-6066-11e4-a52e-4f735466cecf":"9e1927e9-131a-42f9-b392-b9aa2ce1fc1c"},{"ELEMENT":"e32594f4-98b9-43f7-82bc-9b0733c4c4d6","element-6066-11e4-a52e-4f735466cecf":"e32594f4-98b9-43f7-82bc-9b0733c4c4d6"},{"ELEMENT":"943b9b3d-d9c4-4fd9-a1fa-85aa91aa4989","element-6066-11e4-a52e-4f735466cecf":"943b9b3d-d9c4-4fd9-a1fa-85aa91aa4989"},{"ELEMENT":"7aa50c25-cb02-4134-a854-caa5f9cb98e4","element-6066-11e4-a52e-4f735466cecf":"7aa50c25-cb02-4134-a854-caa5f9cb98e4"},{"ELEMENT":"dba0eb27-4156-409f-9c50-e3f2692ac439","element-6066-...
[debug] &amp#27;[35m[W3C (72f517da)]&amp#27;[39m Responding to client with driver.findElements() result: [{"element-6066-11e4-a52e-4f735466cecf":"cd7cf2b9-71e1-4981-82c8-11a2665f0173","ELEMENT":"cd7cf2b9-71e1-4981-82c8-11a2665f0173"},{"element-6066-11e4-a52e-4f735466cecf":"246968a9-b3e1-47e1-b857-d5aacf7e2908","ELEMENT":"246968a9-b3e1-47e1-b857-d5aacf7e2908"},{"element-6066-11e4-a52e-4f735466cecf":"1fe02693-3115-4f6a-8549-6780700c9f07","ELEMENT":"1fe02693-3115-4f6a-8549-6780700c9f07"},{"element-6066-11e4-a52e-4f735466cecf":"9e1927e9-131a-42f9-b392-b9aa2ce1fc1c","ELEMENT":"9e1927e9-131a-42f9-b392-b9aa2ce1fc1c"},{"element-6066-11e4-a52e-4f735466cecf":"e32594f4-98b9-43f7-82bc-9b0733c4c4d6","ELEMENT":"e32594f4-98b9-43f7-82bc-9b0733c4c4d6"},{"element-6066-11e4-a52e-4f735466cecf":"943b9b3d-d9c4-4fd9-a1fa-85aa91aa4989","ELEMENT":"943b9b3d-d9c4-4fd9-a1fa-85aa91aa4989"},{"element-6066-11e4-a52e-4f735466cecf":"7aa50c25-cb02-4134-a854-caa5f9cb98e4","ELEMENT":"7aa50c25-cb02-4134-a854-caa5f9cb98e4"},{"element-6066-11e4-a52e-4f735466cecf":"dba0eb27-4156-409f-9c50-e3f2692ac439","ELEMENT":"dba0eb27-4156-409f-9c50-e3f2692ac43...
&amp#27;[35m[HTTP]&amp#27;[39m &amp#27;[37m<-- POST /wd/hub/session/72f517da-910c-46a8-8c18-f52fc551c88e/elements &amp#27;[39m&amp#27;[32m200&amp#27;[39m &amp#27;[90m163 ms - 1291&amp#27;[39m
&amp#27;[35m[HTTP]&amp#27;[39m &amp#27;[90m&amp#27;[39m
&amp#27;[35m[HTTP]&amp#27;[39m &amp#27;[37m-->&amp#27;[39m &amp#27;[37mGET&amp#27;[39m &amp#27;[37m/wd/hub/session/72f517da-910c-46a8-8c18-f52fc551c88e/element/cd7cf2b9-71e1-4981-82c8-11a2665f0173/text&amp#27;[39m
&amp#27;[35m[HTTP]&amp#27;[39m &amp#27;[90m{}&amp#27;[39m
&amp#27;[35m[W3C (72f517da)]&amp#27;[39m Driver proxy active, passing request on via HTTP proxy
[debug] &amp#27;[35m[WD Proxy]&amp#27;[39m Matched '/wd/hub/session/72f517da-910c-46a8-8c18-f52fc551c88e/element/cd7cf2b9-71e1-4981-82c8-11a2665f0173/text' to command name 'getText'
[debug] &amp#27;[35m[WD Proxy]&amp#27;[39m Proxying [GET /wd/hub/session/72f517da-910c-46a8-8c18-f52fc551c88e/element/cd7cf2b9-71e1-4981-82c8-11a2665f0173/text] to [GET http://127.0.0.1:8200/wd/hub/session/a8830392-9b85-4943-b889-72250055e4eb/element/cd7cf2b9-71e1-4981-82c8-11a2665f0173/text] with no body
[debug] &amp#27;[35m[WD Proxy]&amp#27;[39m Got response with status 200: {"sessionId":"a8830392-9b85-4943-b889-72250055e4eb","value":"SAVINGS"}
&amp#27;[35m[WD Proxy]&amp#27;[39m Replacing sessionId a8830392-9b85-4943-b889-72250055e4eb with 72f517da-910c-46a8-8c18-f52fc551c88e
&amp#27;[35m[HTTP]&amp#27;[39m &amp#27;[37m<-- GET /wd/hub/session/72f517da-910c-46a8-8c18-f52fc551c88e/element/cd7cf2b9-71e1-4981-82c8-11a2665f0173/text &amp#27;[39m&amp#27;[32m200&amp#27;[39m &amp#27;[90m19 ms - 70&amp#27;[39m
&amp#27;[35m[HTTP]&amp#27;[39m &amp#27;[90m&amp#27;[39m

&amp#27;[35m[HTTP]&amp#27;[39m &amp#27;[37m-->&amp#27;[39m &amp#27;[37mGET&amp#27;[39m &amp#27;[37m/wd/hub/session/72f517da-910c-46a8-8c18-f52fc551c88e/context&amp#27;[39m
&amp#27;[35m[HTTP]&amp#27;[39m &amp#27;[90m{}&amp#27;[39m
[debug] &amp#27;[35m[W3C (72f517da)]&amp#27;[39m Calling AppiumDriver.getCurrentContext() with args: ["72f517da-910c-46a8-8c18-f52fc551c88e"]
[debug] &amp#27;[35m[W3C (72f517da)]&amp#27;[39m Responding to client with driver.getCurrentContext() result: "NATIVE_APP"
&amp#27;[35m[HTTP]&amp#27;[39m &amp#27;[37m<-- GET /wd/hub/session/72f517da-910c-46a8-8c18-f52fc551c88e/context &amp#27;[39m&amp#27;[32m200&amp#27;[39m &amp#27;[90m1 ms - 22&amp#27;[39m
&amp#27;[35m[HTTP]&amp#27;[39m &amp#27;[90m&amp#27;[39m
&amp#27;[35m[HTTP]&amp#27;[39m &amp#27;[37m-->&amp#27;[39m &amp#27;[37mPOST&amp#27;[39m &amp#27;[37m/wd/hub/session/72f517da-910c-46a8-8c18-f52fc551c88e/elements&amp#27;[39m
&amp#27;[35m[HTTP]&amp#27;[39m &amp#27;[90m{"using":"xpath","value":"//android.view.View"}&amp#27;[39m
[debug] &amp#27;[35m[W3C (72f517da)]&amp#27;[39m Calling AppiumDriver.findElements() with args: ["xpath","//android.view.View","72f517da-910c-46a8-8c18-f52fc551c88e"]
[debug] &amp#27;[35m[BaseDriver]&amp#27;[39m Valid locator strategies for this request: xpath, id, class name, accessibility id, css selector, -android uiautomator
[debug] &amp#27;[35m[BaseDriver]&amp#27;[39m Waiting up to 20000 ms for condition
[debug] &amp#27;[35m[WD Proxy]&amp#27;[39m Matched '/elements' to command name 'findElements'
[debug] &amp#27;[35m[WD Proxy]&amp#27;[39m Proxying [POST /elements] to [POST http://127.0.0.1:8200/wd/hub/session/a8830392-9b85-4943-b889-72250055e4eb/elements] with body: {"strategy":"xpath","selector":"//android.view.View","context":"","multiple":true}
[debug] &amp#27;[35m[WD Proxy]&amp#27;[39m Got response with status 200: {"sessionId":"a8830392-9b85-4943-b889-72250055e4eb","value":[{"ELEMENT":"a76556a2-4d87-4e1b-945b-1ce163cc286d","element-6066-11e4-a52e-4f735466cecf":"a76556a2-4d87-4e1b-945b-1ce163cc286d"},{"ELEMENT":"9ca73106-e757-46a1-b30a-72dde59b084f","element-6066-11e4-a52e-4f735466cecf":"9ca73106-e757-46a1-b30a-72dde59b084f"},{"ELEMENT":"21bdf481-646d-448a-8b2e-3f7864e63d7a","element-6066-11e4-a52e-4f735466cecf":"21bdf481-646d-448a-8b2e-3f7864e63d7a"},{"ELEMENT":"7f7e215b-fb15-4bc6-81c7-455d1b672feb","element-6066-11e4-a52e-4f735466cecf":"7f7e215b-fb15-4bc6-81c7-455d1b672feb"},{"ELEMENT":"f3f0b5d8-e3a2-42d0-9e61-496af7990d78","element-6066-11e4-a52e-4f735466cecf":"f3f0b5d8-e3a2-42d0-9e61-496af7990d78"},{"ELEMENT":"5970ecc0-f003-43f6-93cf-0f86a63985de","element-6066-11e4-a52e-4f735466cecf":"5970ecc0-f003-43f6-93cf-0f86a63985de"},{"ELEMENT":"f5477e21-9d68-49f0-8714-79a0cdb93e75","element-6066-11e4-a52e-4f735466cecf":"f5477e21-9d68-49f0-8714-79a0cdb93e75"},{"ELEMENT":"5b7a83ae-8503-4cc4-9e70-77388e36fb10","element-6066-...
[debug] &amp#27;[35m[W3C (72f517da)]&amp#27;[39m Responding to client with driver.findElements() result: [{"element-6066-11e4-a52e-4f735466cecf":"a76556a2-4d87-4e1b-945b-1ce163cc286d","ELEMENT":"a76556a2-4d87-4e1b-945b-1ce163cc286d"},{"element-6066-11e4-a52e-4f735466cecf":"9ca73106-e757-46a1-b30a-72dde59b084f","ELEMENT":"9ca73106-e757-46a1-b30a-72dde59b084f"},{"element-6066-11e4-a52e-4f735466cecf":"21bdf481-646d-448a-8b2e-3f7864e63d7a","ELEMENT":"21bdf481-646d-448a-8b2e-3f7864e63d7a"},{"element-6066-11e4-a52e-4f735466cecf":"7f7e215b-fb15-4bc6-81c7-455d1b672feb","ELEMENT":"7f7e215b-fb15-4bc6-81c7-455d1b672feb"},{"element-6066-11e4-a52e-4f735466cecf":"f3f0b5d8-e3a2-42d0-9e61-496af7990d78","ELEMENT":"f3f0b5d8-e3a2-42d0-9e61-496af7990d78"},{"element-6066-11e4-a52e-4f735466cecf":"5970ecc0-f003-43f6-93cf-0f86a63985de","ELEMENT":"5970ecc0-f003-43f6-93cf-0f86a63985de"},{"element-6066-11e4-a52e-4f735466cecf":"f5477e21-9d68-49f0-8714-79a0cdb93e75","ELEMENT":"f5477e21-9d68-49f0-8714-79a0cdb93e75"},{"element-6066-11e4-a52e-4f735466cecf":"5b7a83ae-8503-4cc4-9e70-77388e36fb10","ELEMENT":"5b7a83ae-8503-4cc4-9e70-77388e36fb1...
&amp#27;[35m[HTTP]&amp#27;[39m &amp#27;[37m<-- POST /wd/hub/session/72f517da-910c-46a8-8c18-f52fc551c88e/elements &amp#27;[39m&amp#27;[32m200&amp#27;[39m &amp#27;[90m188 ms - 6155&amp#27;[39m
&amp#27;[35m[HTTP]&amp#27;[39m &amp#27;[90m&amp#27;[39m
&amp#27;[35m[HTTP]&amp#27;[39m &amp#27;[37m-->&amp#27;[39m &amp#27;[37mGET&amp#27;[39m &amp#27;[37m/wd/hub/session/72f517da-910c-46a8-8c18-f52fc551c88e/element/2a7b5094-4b1f-4651-8e7f-d988a7d9772a/text&amp#27;[39m
&amp#27;[35m[HTTP]&amp#27;[39m &amp#27;[90m{}&amp#27;[39m
&amp#27;[35m[W3C (72f517da)]&amp#27;[39m Driver proxy active, passing request on via HTTP proxy
[debug] &amp#27;[35m[WD Proxy]&amp#27;[39m Matched '/wd/hub/session/72f517da-910c-46a8-8c18-f52fc551c88e/element/2a7b5094-4b1f-4651-8e7f-d988a7d9772a/text' to command name 'getText'
[debug] &amp#27;[35m[WD Proxy]&amp#27;[39m Proxying [GET /wd/hub/session/72f517da-910c-46a8-8c18-f52fc551c88e/element/2a7b5094-4b1f-4651-8e7f-d988a7d9772a/text] to [GET http://127.0.0.1:8200/wd/hub/session/a8830392-9b85-4943-b889-72250055e4eb/element/2a7b5094-4b1f-4651-8e7f-d988a7d9772a/text] with no body
[debug] &amp#27;[35m[WD Proxy]&amp#27;[39m Got response with status 200: {"sessionId":"a8830392-9b85-4943-b889-72250055e4eb","value":"XX 648"}
&amp#27;[35m[WD Proxy]&amp#27;[39m Replacing sessionId a8830392-9b85-4943-b889-72250055e4eb with 72f517da-910c-46a8-8c18-f52fc551c88e
&amp#27;[35m[HTTP]&amp#27;[39m &amp#27;[37m<-- GET /wd/hub/session/72f517da-910c-46a8-8c18-f52fc551c88e/element/2a7b5094-4b1f-4651-8e7f-d988a7d9772a/text &amp#27;[39m&amp#27;[32m200&amp#27;[39m &amp#27;[90m15 ms - 69&amp#27;[39m
&amp#27;[35m[HTTP]&amp#27;[39m &amp#27;[90m&amp#27;[39m
&amp#27;[35m[HTTP]&amp#27;[39m &amp#27;[37m-->&amp#27;[39m &amp#27;[37mGET&amp#27;[39m &amp#27;[37m/wd/hub/session/72f517da-910c-46a8-8c18-f52fc551c88e/context&amp#27;[39m
&amp#27;[35m[HTTP]&amp#27;[39m &amp#27;[90m{}&amp#27;[39m
[debug] &amp#27;[35m[W3C (72f517da)]&amp#27;[39m Calling AppiumDriver.getCurrentContext() with args: ["72f517da-910c-46a8-8c18-f52fc551c88e"]
[debug] &amp#27;[35m[W3C (72f517da)]&amp#27;[39m Responding to client with driver.getCurrentContext() result: "NATIVE_APP"
&amp#27;[35m[HTTP]&amp#27;[39m &amp#27;[37m<-- GET /wd/hub/session/72f517da-910c-46a8-8c18-f52fc551c88e/context &amp#27;[39m&amp#27;[32m200&amp#27;[39m &amp#27;[90m2 ms - 22&amp#27;[39m
&amp#27;[35m[HTTP]&amp#27;[39m &amp#27;[90m&amp#27;[39m
&amp#27;[35m[HTTP]&amp#27;[39m &amp#27;[37m-->&amp#27;[39m &amp#27;[37mPOST&amp#27;[39m &amp#27;[37m/wd/hub/session/72f517da-910c-46a8-8c18-f52fc551c88e/elements&amp#27;[39m
&amp#27;[35m[HTTP]&amp#27;[39m &amp#27;[90m{"using":"xpath","value":"//android.widget.TextView"}&amp#27;[39m
[debug] &amp#27;[35m[W3C (72f517da)]&amp#27;[39m Calling AppiumDriver.findElements() with args: ["xpath","//android.widget.TextView","72f517da-910c-46a8-8c18-f52fc551c88e"]
[debug] &amp#27;[35m[BaseDriver]&amp#27;[39m Valid locator strategies for this request: xpath, id, class name, accessibility id, css selector, -android uiautomator
[debug] &amp#27;[35m[BaseDriver]&amp#27;[39m Waiting up to 20000 ms for condition
[debug] &amp#27;[35m[WD Proxy]&amp#27;[39m Matched '/elements' to command name 'findElements'
[debug] &amp#27;[35m[WD Proxy]&amp#27;[39m Proxying [POST /elements] to [POST http://127.0.0.1:8200/wd/hub/session/a8830392-9b85-4943-b889-72250055e4eb/elements] with body: {"strategy":"xpath","selector":"//android.widget.TextView","context":"","multiple":true}
[debug] &amp#27;[35m[WD Proxy]&amp#27;[39m Got response with status 200: {"sessionId":"a8830392-9b85-4943-b889-72250055e4eb","value":[{"ELEMENT":"0a523645-ffb8-4939-ad5d-b5fd569d6680","element-6066-11e4-a52e-4f735466cecf":"0a523645-ffb8-4939-ad5d-b5fd569d6680"},{"ELEMENT":"de825602-70a3-4560-ade4-520d7c020546","element-6066-11e4-a52e-4f735466cecf":"de825602-70a3-4560-ade4-520d7c020546"},{"ELEMENT":"a99e190d-dd51-405b-9254-06882772be5f","element-6066-11e4-a52e-4f735466cecf":"a99e190d-dd51-405b-9254-06882772be5f"},{"ELEMENT":"7acd1f75-3f8e-4405-9404-70c37e33c63c","element-6066-11e4-a52e-4f735466cecf":"7acd1f75-3f8e-4405-9404-70c37e33c63c"},{"ELEMENT":"e3256246-7613-4909-9cdf-902e4befe297","element-6066-11e4-a52e-4f735466cecf":"e3256246-7613-4909-9cdf-902e4befe297"},{"ELEMENT":"666e320b-7382-40eb-93ef-63dec1e3e478","element-6066-11e4-a52e-4f735466cecf":"666e320b-7382-40eb-93ef-63dec1e3e478"},{"ELEMENT":"94609db1-42a7-4478-a058-70fd955370cb","element-6066-11e4-a52e-4f735466cecf":"94609db1-42a7-4478-a058-70fd955370cb"},{"ELEMENT":"10b36074-ce05-4fda-8209-7506967caaa2","element-6066-...
[debug] &amp#27;[35m[W3C (72f517da)]&amp#27;[39m Responding to client with driver.findElements() result: [{"element-6066-11e4-a52e-4f735466cecf":"0a523645-ffb8-4939-ad5d-b5fd569d6680","ELEMENT":"0a523645-ffb8-4939-ad5d-b5fd569d6680"},{"element-6066-11e4-a52e-4f735466cecf":"de825602-70a3-4560-ade4-520d7c020546","ELEMENT":"de825602-70a3-4560-ade4-520d7c020546"},{"element-6066-11e4-a52e-4f735466cecf":"a99e190d-dd51-405b-9254-06882772be5f","ELEMENT":"a99e190d-dd51-405b-9254-06882772be5f"},{"element-6066-11e4-a52e-4f735466cecf":"7acd1f75-3f8e-4405-9404-70c37e33c63c","ELEMENT":"7acd1f75-3f8e-4405-9404-70c37e33c63c"},{"element-6066-11e4-a52e-4f735466cecf":"e3256246-7613-4909-9cdf-902e4befe297","ELEMENT":"e3256246-7613-4909-9cdf-902e4befe297"},{"element-6066-11e4-a52e-4f735466cecf":"666e320b-7382-40eb-93ef-63dec1e3e478","ELEMENT":"666e320b-7382-40eb-93ef-63dec1e3e478"},{"element-6066-11e4-a52e-4f735466cecf":"94609db1-42a7-4478-a058-70fd955370cb","ELEMENT":"94609db1-42a7-4478-a058-70fd955370cb"},{"element-6066-11e4-a52e-4f735466cecf":"10b36074-ce05-4fda-8209-7506967caaa2","ELEMENT":"10b36074-ce05-4fda-8209-7506967caaa...
&amp#27;[35m[HTTP]&amp#27;[39m &amp#27;[37m<-- POST /wd/hub/session/72f517da-910c-46a8-8c18-f52fc551c88e/elements &amp#27;[39m&amp#27;[32m200&amp#27;[39m &amp#27;[90m149 ms - 1291&amp#27;[39m
&amp#27;[35m[HTTP]&amp#27;[39m &amp#27;[90m&amp#27;[39m
&amp#27;[35m[HTTP]&amp#27;[39m &amp#27;[37m-->&amp#27;[39m &amp#27;[37mGET&amp#27;[39m &amp#27;[37m/wd/hub/session/72f517da-910c-46a8-8c18-f52fc551c88e/element/0a523645-ffb8-4939-ad5d-b5fd569d6680/text&amp#27;[39m
&amp#27;[35m[HTTP]&amp#27;[39m &amp#27;[90m{}&amp#27;[39m
&amp#27;[35m[W3C (72f517da)]&amp#27;[39m Driver proxy active, passing request on via HTTP proxy
[debug] &amp#27;[35m[WD Proxy]&amp#27;[39m Matched '/wd/hub/session/72f517da-910c-46a8-8c18-f52fc551c88e/element/0a523645-ffb8-4939-ad5d-b5fd569d6680/text' to command name 'getText'
[debug] &amp#27;[35m[WD Proxy]&amp#27;[39m Proxying [GET /wd/hub/session/72f517da-910c-46a8-8c18-f52fc551c88e/element/0a523645-ffb8-4939-ad5d-b5fd569d6680/text] to [GET http://127.0.0.1:8200/wd/hub/session/a8830392-9b85-4943-b889-72250055e4eb/element/0a523645-ffb8-4939-ad5d-b5fd569d6680/text] with no body
[debug] &amp#27;[35m[WD Proxy]&amp#27;[39m Got response with status 200: {"sessionId":"a8830392-9b85-4943-b889-72250055e4eb","value":"SAVINGS"}
&amp#27;[35m[WD Proxy]&amp#27;[39m Replacing sessionId a8830392-9b85-4943-b889-72250055e4eb with 72f517da-910c-46a8-8c18-f52fc551c88e
&amp#27;[35m[HTTP]&amp#27;[39m &amp#27;[37m<-- GET /wd/hub/session/72f517da-910c-46a8-8c18-f52fc551c88e/element/0a523645-ffb8-4939-ad5d-b5fd569d6680/text &amp#27;[39m&amp#27;[32m200&amp#27;[39m &amp#27;[90m18 ms - 70&amp#27;[39m
&amp#27;[35m[HTTP]&amp#27;[39m &amp#27;[90m&amp#27;[39m
XX 648:SAVINGS
&amp#27;[35m[HTTP]&amp#27;[39m &amp#27;[37m-->&amp#27;[39m &amp#27;[37mGET&amp#27;[39m &amp#27;[37m/wd/hub/session/72f517da-910c-46a8-8c18-f52fc551c88e/context&amp#27;[39m
&amp#27;[35m[HTTP]&amp#27;[39m &amp#27;[90m{}&amp#27;[39m
[debug] &amp#27;[35m[W3C (72f517da)]&amp#27;[39m Calling AppiumDriver.getCurrentContext() with args: ["72f517da-910c-46a8-8c18-f52fc551c88e"]
[debug] &amp#27;[35m[W3C (72f517da)]&amp#27;[39m Responding to client with driver.getCurrentContext() result: "NATIVE_APP"
&amp#27;[35m[HTTP]&amp#27;[39m &amp#27;[37m<-- GET /wd/hub/session/72f517da-910c-46a8-8c18-f52fc551c88e/context &amp#27;[39m&amp#27;[32m200&amp#27;[39m &amp#27;[90m1 ms - 22&amp#27;[39m
&amp#27;[35m[HTTP]&amp#27;[39m &amp#27;[90m&amp#27;[39m
&amp#27;[35m[HTTP]&amp#27;[39m &amp#27;[37m-->&amp#27;[39m &amp#27;[37mPOST&amp#27;[39m &amp#27;[37m/wd/hub/session/72f517da-910c-46a8-8c18-f52fc551c88e/elements&amp#27;[39m
&amp#27;[35m[HTTP]&amp#27;[39m &amp#27;[90m{"using":"xpath","value":"//android.view.View"}&amp#27;[39m
[debug] &amp#27;[35m[W3C (72f517da)]&amp#27;[39m Calling AppiumDriver.findElements() with args: ["xpath","//android.view.View","72f517da-910c-46a8-8c18-f52fc551c88e"]
[debug] &amp#27;[35m[BaseDriver]&amp#27;[39m Valid locator strategies for this request: xpath, id, class name, accessibility id, css selector, -android uiautomator
[debug] &amp#27;[35m[BaseDriver]&amp#27;[39m Waiting up to 20000 ms for condition
[debug] &amp#27;[35m[WD Proxy]&amp#27;[39m Matched '/elements' to command name 'findElements'
[debug] &amp#27;[35m[WD Proxy]&amp#27;[39m Proxying [POST /elements] to [POST http://127.0.0.1:8200/wd/hub/session/a8830392-9b85-4943-b889-72250055e4eb/elements] with body: {"strategy":"xpath","selector":"//android.view.View","context":"","multiple":true}
[debug] &amp#27;[35m[WD Proxy]&amp#27;[39m Got response with status 200: {"sessionId":"a8830392-9b85-4943-b889-72250055e4eb","value":[{"ELEMENT":"19ccc9ab-a29e-4e1b-ac74-25497a651191","element-6066-11e4-a52e-4f735466cecf":"19ccc9ab-a29e-4e1b-ac74-25497a651191"},{"ELEMENT":"ccfb4b8c-bfa1-4ee7-8e52-e25e57c6ec0a","element-6066-11e4-a52e-4f735466cecf":"ccfb4b8c-bfa1-4ee7-8e52-e25e57c6ec0a"},{"ELEMENT":"9326be72-fa9f-4fba-a8c3-149e12d14c34","element-6066-11e4-a52e-4f735466cecf":"9326be72-fa9f-4fba-a8c3-149e12d14c34"},{"ELEMENT":"9e7a50b3-8745-4f83-bc68-6ee744a3ddca","element-6066-11e4-a52e-4f735466cecf":"9e7a50b3-8745-4f83-bc68-6ee744a3ddca"},{"ELEMENT":"a5baab7e-06bb-4769-8e47-7b1fdc2c0776","element-6066-11e4-a52e-4f735466cecf":"a5baab7e-06bb-4769-8e47-7b1fdc2c0776"},{"ELEMENT":"36eeb3bf-27cd-4aee-9160-db4331576746","element-6066-11e4-a52e-4f735466cecf":"36eeb3bf-27cd-4aee-9160-db4331576746"},{"ELEMENT":"0cee4331-7f22-42bb-9d97-9780f7aeb1cf","element-6066-11e4-a52e-4f735466cecf":"0cee4331-7f22-42bb-9d97-9780f7aeb1cf"},{"ELEMENT":"14bc032e-fc07-4114-b357-cd111acf616f","element-6066-...
[debug] &amp#27;[35m[W3C (72f517da)]&amp#27;[39m Responding to client with driver.findElements() result: [{"element-6066-11e4-a52e-4f735466cecf":"19ccc9ab-a29e-4e1b-ac74-25497a651191","ELEMENT":"19ccc9ab-a29e-4e1b-ac74-25497a651191"},{"element-6066-11e4-a52e-4f735466cecf":"ccfb4b8c-bfa1-4ee7-8e52-e25e57c6ec0a","ELEMENT":"ccfb4b8c-bfa1-4ee7-8e52-e25e57c6ec0a"},{"element-6066-11e4-a52e-4f735466cecf":"9326be72-fa9f-4fba-a8c3-149e12d14c34","ELEMENT":"9326be72-fa9f-4fba-a8c3-149e12d14c34"},{"element-6066-11e4-a52e-4f735466cecf":"9e7a50b3-8745-4f83-bc68-6ee744a3ddca","ELEMENT":"9e7a50b3-8745-4f83-bc68-6ee744a3ddca"},{"element-6066-11e4-a52e-4f735466cecf":"a5baab7e-06bb-4769-8e47-7b1fdc2c0776","ELEMENT":"a5baab7e-06bb-4769-8e47-7b1fdc2c0776"},{"element-6066-11e4-a52e-4f735466cecf":"36eeb3bf-27cd-4aee-9160-db4331576746","ELEMENT":"36eeb3bf-27cd-4aee-9160-db4331576746"},{"element-6066-11e4-a52e-4f735466cecf":"0cee4331-7f22-42bb-9d97-9780f7aeb1cf","ELEMENT":"0cee4331-7f22-42bb-9d97-9780f7aeb1cf"},{"element-6066-11e4-a52e-4f735466cecf":"14bc032e-fc07-4114-b357-cd111acf616f","ELEMENT":"14bc032e-fc07-4114-b357-cd111acf616...
&amp#27;[35m[HTTP]&amp#27;[39m &amp#27;[37m<-- POST /wd/hub/session/72f517da-910c-46a8-8c18-f52fc551c88e/elements &amp#27;[39m&amp#27;[32m200&amp#27;[39m &amp#27;[90m190 ms - 6155&amp#27;[39m
&amp#27;[35m[HTTP]&amp#27;[39m &amp#27;[90m&amp#27;[39m
&amp#27;[35m[HTTP]&amp#27;[39m &amp#27;[37m-->&amp#27;[39m &amp#27;[37mGET&amp#27;[39m &amp#27;[37m/wd/hub/session/72f517da-910c-46a8-8c18-f52fc551c88e/element/92bdcf44-50f2-4fe3-83e0-bc4218f6d9bf/text&amp#27;[39m
&amp#27;[35m[HTTP]&amp#27;[39m &amp#27;[90m{}&amp#27;[39m
&amp#27;[35m[W3C (72f517da)]&amp#27;[39m Driver proxy active, passing request on via HTTP proxy
[debug] &amp#27;[35m[WD Proxy]&amp#27;[39m Matched '/wd/hub/session/72f517da-910c-46a8-8c18-f52fc551c88e/element/92bdcf44-50f2-4fe3-83e0-bc4218f6d9bf/text' to command name 'getText'
[debug] &amp#27;[35m[WD Proxy]&amp#27;[39m Proxying [GET /wd/hub/session/72f517da-910c-46a8-8c18-f52fc551c88e/element/92bdcf44-50f2-4fe3-83e0-bc4218f6d9bf/text] to [GET http://127.0.0.1:8200/wd/hub/session/a8830392-9b85-4943-b889-72250055e4eb/element/92bdcf44-50f2-4fe3-83e0-bc4218f6d9bf/text] with no body
[debug] &amp#27;[35m[WD Proxy]&amp#27;[39m Got response with status 200: {"sessionId":"a8830392-9b85-4943-b889-72250055e4eb","value":""}
&amp#27;[35m[WD Proxy]&amp#27;[39m Replacing sessionId a8830392-9b85-4943-b889-72250055e4eb with 72f517da-910c-46a8-8c18-f52fc551c88e
&amp#27;[35m[HTTP]&amp#27;[39m &amp#27;[37m<-- GET /wd/hub/session/72f517da-910c-46a8-8c18-f52fc551c88e/element/92bdcf44-50f2-4fe3-83e0-bc4218f6d9bf/text &amp#27;[39m&amp#27;[32m200&amp#27;[39m &amp#27;[90m18 ms - 63&amp#27;[39m
&amp#27;[35m[HTTP]&amp#27;[39m &amp#27;[90m&amp#27;[39m
&amp#27;[35m[HTTP]&amp#27;[39m &amp#27;[37m-->&amp#27;[39m &amp#27;[37mGET&amp#27;[39m &amp#27;[37m/wd/hub/session/72f517da-910c-46a8-8c18-f52fc551c88e/context&amp#27;[39m
&amp#27;[35m[HTTP]&amp#27;[39m &amp#27;[90m{}&amp#27;[39m
[debug] &amp#27;[35m[W3C (72f517da)]&amp#27;[39m Calling AppiumDriver.getCurrentContext() with args: ["72f517da-910c-46a8-8c18-f52fc551c88e"]
[debug] &amp#27;[35m[W3C (72f517da)]&amp#27;[39m Responding to client with driver.getCurrentContext() result: "NATIVE_APP"
&amp#27;[35m[HTTP]&amp#27;[39m &amp#27;[37m<-- GET /wd/hub/session/72f517da-910c-46a8-8c18-f52fc551c88e/context &amp#27;[39m&amp#27;[32m200&amp#27;[39m &amp#27;[90m1 ms - 22&amp#27;[39m
&amp#27;[35m[HTTP]&amp#27;[39m &amp#27;[90m&amp#27;[39m
&amp#27;[35m[HTTP]&amp#27;[39m &amp#27;[37m-->&amp#27;[39m &amp#27;[37mPOST&amp#27;[39m &amp#27;[37m/wd/hub/session/72f517da-910c-46a8-8c18-f52fc551c88e/elements&amp#27;[39m
&amp#27;[35m[HTTP]&amp#27;[39m &amp#27;[90m{"using":"xpath","value":"//android.widget.TextView"}&amp#27;[39m
[debug] &amp#27;[35m[W3C (72f517da)]&amp#27;[39m Calling AppiumDriver.findElements() with args: ["xpath","//android.widget.TextView","72f517da-910c-46a8-8c18-f52fc551c88e"]
[debug] &amp#27;[35m[BaseDriver]&amp#27;[39m Valid locator strategies for this request: xpath, id, class name, accessibility id, css selector, -android uiautomator
[debug] &amp#27;[35m[BaseDriver]&amp#27;[39m Waiting up to 20000 ms for condition
[debug] &amp#27;[35m[WD Proxy]&amp#27;[39m Matched '/elements' to command name 'findElements'
[debug] &amp#27;[35m[WD Proxy]&amp#27;[39m Proxying [POST /elements] to [POST http://127.0.0.1:8200/wd/hub/session/a8830392-9b85-4943-b889-72250055e4eb/elements] with body: {"strategy":"xpath","selector":"//android.widget.TextView","context":"","multiple":true}
[debug] &amp#27;[35m[WD Proxy]&amp#27;[39m Got response with status 200: {"sessionId":"a8830392-9b85-4943-b889-72250055e4eb","value":[{"ELEMENT":"0f39544d-c5c5-4955-8365-b0762b79fec5","element-6066-11e4-a52e-4f735466cecf":"0f39544d-c5c5-4955-8365-b0762b79fec5"},{"ELEMENT":"9e3e3ebd-a462-4c15-8f0a-6cae1694279e","element-6066-11e4-a52e-4f735466cecf":"9e3e3ebd-a462-4c15-8f0a-6cae1694279e"},{"ELEMENT":"0dd8e0c4-1a8f-4341-bb21-cde240b0a54a","element-6066-11e4-a52e-4f735466cecf":"0dd8e0c4-1a8f-4341-bb21-cde240b0a54a"},{"ELEMENT":"b9768b9b-c084-438e-a4c6-34efd40eeafe","element-6066-11e4-a52e-4f735466cecf":"b9768b9b-c084-438e-a4c6-34efd40eeafe"},{"ELEMENT":"f94856e1-19f3-4513-9702-2698e1f2d005","element-6066-11e4-a52e-4f735466cecf":"f94856e1-19f3-4513-9702-2698e1f2d005"},{"ELEMENT":"25d8514e-2db3-49fc-ac41-1277199ce173","element-6066-11e4-a52e-4f735466cecf":"25d8514e-2db3-49fc-ac41-1277199ce173"},{"ELEMENT":"1fb9fb01-f313-483f-abf2-f642aea92ee1","element-6066-11e4-a52e-4f735466cecf":"1fb9fb01-f313-483f-abf2-f642aea92ee1"},{"ELEMENT":"d7742ed8-b01d-4223-a820-ee24324cb591","element-6066-...
[debug] &amp#27;[35m[W3C (72f517da)]&amp#27;[39m Responding to client with driver.findElements() result: [{"element-6066-11e4-a52e-4f735466cecf":"0f39544d-c5c5-4955-8365-b0762b79fec5","ELEMENT":"0f39544d-c5c5-4955-8365-b0762b79fec5"},{"element-6066-11e4-a52e-4f735466cecf":"9e3e3ebd-a462-4c15-8f0a-6cae1694279e","ELEMENT":"9e3e3ebd-a462-4c15-8f0a-6cae1694279e"},{"element-6066-11e4-a52e-4f735466cecf":"0dd8e0c4-1a8f-4341-bb21-cde240b0a54a","ELEMENT":"0dd8e0c4-1a8f-4341-bb21-cde240b0a54a"},{"element-6066-11e4-a52e-4f735466cecf":"b9768b9b-c084-438e-a4c6-34efd40eeafe","ELEMENT":"b9768b9b-c084-438e-a4c6-34efd40eeafe"},{"element-6066-11e4-a52e-4f735466cecf":"f94856e1-19f3-4513-9702-2698e1f2d005","ELEMENT":"f94856e1-19f3-4513-9702-2698e1f2d005"},{"element-6066-11e4-a52e-4f735466cecf":"25d8514e-2db3-49fc-ac41-1277199ce173","ELEMENT":"25d8514e-2db3-49fc-ac41-1277199ce173"},{"element-6066-11e4-a52e-4f735466cecf":"1fb9fb01-f313-483f-abf2-f642aea92ee1","ELEMENT":"1fb9fb01-f313-483f-abf2-f642aea92ee1"},{"element-6066-11e4-a52e-4f735466cecf":"d7742ed8-b01d-4223-a820-ee24324cb591","ELEMENT":"d7742ed8-b01d-4223-a820-ee24324cb59...
&amp#27;[35m[HTTP]&amp#27;[39m &amp#27;[37m<-- POST /wd/hub/session/72f517da-910c-46a8-8c18-f52fc551c88e/elements &amp#27;[39m&amp#27;[32m200&amp#27;[39m &amp#27;[90m140 ms - 1291&amp#27;[39m
&amp#27;[35m[HTTP]&amp#27;[39m &amp#27;[90m&amp#27;[39m
&amp#27;[35m[HTTP]&amp#27;[39m &amp#27;[37m-->&amp#27;[39m &amp#27;[37mGET&amp#27;[39m &amp#27;[37m/wd/hub/session/72f517da-910c-46a8-8c18-f52fc551c88e/element/9e3e3ebd-a462-4c15-8f0a-6cae1694279e/text&amp#27;[39m
&amp#27;[35m[HTTP]&amp#27;[39m &amp#27;[90m{}&amp#27;[39m
&amp#27;[35m[W3C (72f517da)]&amp#27;[39m Driver proxy active, passing request on via HTTP proxy
[debug] &amp#27;[35m[WD Proxy]&amp#27;[39m Matched '/wd/hub/session/72f517da-910c-46a8-8c18-f52fc551c88e/element/9e3e3ebd-a462-4c15-8f0a-6cae1694279e/text' to command name 'getText'
[debug] &amp#27;[35m[WD Proxy]&amp#27;[39m Proxying [GET /wd/hub/session/72f517da-910c-46a8-8c18-f52fc551c88e/element/9e3e3ebd-a462-4c15-8f0a-6cae1694279e/text] to [GET http://127.0.0.1:8200/wd/hub/session/a8830392-9b85-4943-b889-72250055e4eb/element/9e3e3ebd-a462-4c15-8f0a-6cae1694279e/text] with no body
[debug] &amp#27;[35m[WD Proxy]&amp#27;[39m Got response with status 200: {"sessionId":"a8830392-9b85-4943-b889-72250055e4eb","value":"SAVINGS"}
&amp#27;[35m[WD Proxy]&amp#27;[39m Replacing sessionId a8830392-9b85-4943-b889-72250055e4eb with 72f517da-910c-46a8-8c18-f52fc551c88e
&amp#27;[35m[HTTP]&amp#27;[39m &amp#27;[37m<-- GET /wd/hub/session/72f517da-910c-46a8-8c18-f52fc551c88e/element/9e3e3ebd-a462-4c15-8f0a-6cae1694279e/text &amp#27;[39m&amp#27;[32m200&amp#27;[39m &amp#27;[90m23 ms - 70&amp#27;[39m
&amp#27;[35m[HTTP]&amp#27;[39m &amp#27;[90m&amp#27;[39m

&amp#27;[35m[HTTP]&amp#27;[39m &amp#27;[37m-->&amp#27;[39m &amp#27;[37mGET&amp#27;[39m &amp#27;[37m/wd/hub/session/72f517da-910c-46a8-8c18-f52fc551c88e/context&amp#27;[39m
&amp#27;[35m[HTTP]&amp#27;[39m &amp#27;[90m{}&amp#27;[39m
[debug] &amp#27;[35m[W3C (72f517da)]&amp#27;[39m Calling AppiumDriver.getCurrentContext() with args: ["72f517da-910c-46a8-8c18-f52fc551c88e"]
[debug] &amp#27;[35m[W3C (72f517da)]&amp#27;[39m Responding to client with driver.getCurrentContext() result: "NATIVE_APP"
&amp#27;[35m[HTTP]&amp#27;[39m &amp#27;[37m<-- GET /wd/hub/session/72f517da-910c-46a8-8c18-f52fc551c88e/context &amp#27;[39m&amp#27;[32m200&amp#27;[39m &amp#27;[90m1 ms - 22&amp#27;[39m
&amp#27;[35m[HTTP]&amp#27;[39m &amp#27;[90m&amp#27;[39m
&amp#27;[35m[HTTP]&amp#27;[39m &amp#27;[37m-->&amp#27;[39m &amp#27;[37mPOST&amp#27;[39m &amp#27;[37m/wd/hub/session/72f517da-910c-46a8-8c18-f52fc551c88e/elements&amp#27;[39m
&amp#27;[35m[HTTP]&amp#27;[39m &amp#27;[90m{"using":"xpath","value":"//android.view.View"}&amp#27;[39m
[debug] &amp#27;[35m[W3C (72f517da)]&amp#27;[39m Calling AppiumDriver.findElements() with args: ["xpath","//android.view.View","72f517da-910c-46a8-8c18-f52fc551c88e"]
[debug] &amp#27;[35m[BaseDriver]&amp#27;[39m Valid locator strategies for this request: xpath, id, class name, accessibility id, css selector, -android uiautomator
[debug] &amp#27;[35m[BaseDriver]&amp#27;[39m Waiting up to 20000 ms for condition
[debug] &amp#27;[35m[WD Proxy]&amp#27;[39m Matched '/elements' to command name 'findElements'
[debug] &amp#27;[35m[WD Proxy]&amp#27;[39m Proxying [POST /elements] to [POST http://127.0.0.1:8200/wd/hub/session/a8830392-9b85-4943-b889-72250055e4eb/elements] with body: {"strategy":"xpath","selector":"//android.view.View","context":"","multiple":true}
[debug] &amp#27;[35m[WD Proxy]&amp#27;[39m Got response with status 200: {"sessionId":"a8830392-9b85-4943-b889-72250055e4eb","value":[{"ELEMENT":"e1573fc2-db05-4a86-9796-3a4a87dfec39","element-6066-11e4-a52e-4f735466cecf":"e1573fc2-db05-4a86-9796-3a4a87dfec39"},{"ELEMENT":"e06dad89-2ac5-4d7b-99a2-8fc818daadf9","element-6066-11e4-a52e-4f735466cecf":"e06dad89-2ac5-4d7b-99a2-8fc818daadf9"},{"ELEMENT":"b6177d5c-0328-4a64-a254-09c5872643ea","element-6066-11e4-a52e-4f735466cecf":"b6177d5c-0328-4a64-a254-09c5872643ea"},{"ELEMENT":"ddd77a03-d1de-4302-a96c-57a5a6c65daf","element-6066-11e4-a52e-4f735466cecf":"ddd77a03-d1de-4302-a96c-57a5a6c65daf"},{"ELEMENT":"af8896eb-6d11-485f-8e91-195c2779d957","element-6066-11e4-a52e-4f735466cecf":"af8896eb-6d11-485f-8e91-195c2779d957"},{"ELEMENT":"83107aa7-ebf1-4dae-8ebd-32be8edef7a3","element-6066-11e4-a52e-4f735466cecf":"83107aa7-ebf1-4dae-8ebd-32be8edef7a3"},{"ELEMENT":"ae26516e-c611-46ac-bfb8-74fdded57cd7","element-6066-11e4-a52e-4f735466cecf":"ae26516e-c611-46ac-bfb8-74fdded57cd7"},{"ELEMENT":"7c1c6062-0ee3-457b-a234-08091029fc1e","element-6066-...
[debug] &amp#27;[35m[W3C (72f517da)]&amp#27;[39m Responding to client with driver.findElements() result: [{"element-6066-11e4-a52e-4f735466cecf":"e1573fc2-db05-4a86-9796-3a4a87dfec39","ELEMENT":"e1573fc2-db05-4a86-9796-3a4a87dfec39"},{"element-6066-11e4-a52e-4f735466cecf":"e06dad89-2ac5-4d7b-99a2-8fc818daadf9","ELEMENT":"e06dad89-2ac5-4d7b-99a2-8fc818daadf9"},{"element-6066-11e4-a52e-4f735466cecf":"b6177d5c-0328-4a64-a254-09c5872643ea","ELEMENT":"b6177d5c-0328-4a64-a254-09c5872643ea"},{"element-6066-11e4-a52e-4f735466cecf":"ddd77a03-d1de-4302-a96c-57a5a6c65daf","ELEMENT":"ddd77a03-d1de-4302-a96c-57a5a6c65daf"},{"element-6066-11e4-a52e-4f735466cecf":"af8896eb-6d11-485f-8e91-195c2779d957","ELEMENT":"af8896eb-6d11-485f-8e91-195c2779d957"},{"element-6066-11e4-a52e-4f735466cecf":"83107aa7-ebf1-4dae-8ebd-32be8edef7a3","ELEMENT":"83107aa7-ebf1-4dae-8ebd-32be8edef7a3"},{"element-6066-11e4-a52e-4f735466cecf":"ae26516e-c611-46ac-bfb8-74fdded57cd7","ELEMENT":"ae26516e-c611-46ac-bfb8-74fdded57cd7"},{"element-6066-11e4-a52e-4f735466cecf":"7c1c6062-0ee3-457b-a234-08091029fc1e","ELEMENT":"7c1c6062-0ee3-457b-a234-08091029fc1...
&amp#27;[35m[HTTP]&amp#27;[39m &amp#27;[37m<-- POST /wd/hub/session/72f517da-910c-46a8-8c18-f52fc551c88e/elements &amp#27;[39m&amp#27;[32m200&amp#27;[39m &amp#27;[90m162 ms - 6155&amp#27;[39m
&amp#27;[35m[HTTP]&amp#27;[39m &amp#27;[90m&amp#27;[39m
&amp#27;[35m[HTTP]&amp#27;[39m &amp#27;[37m-->&amp#27;[39m &amp#27;[37mGET&amp#27;[39m &amp#27;[37m/wd/hub/session/72f517da-910c-46a8-8c18-f52fc551c88e/element/2fbc75bc-8698-4c30-aae0-62f621d4eefd/text&amp#27;[39m
&amp#27;[35m[HTTP]&amp#27;[39m &amp#27;[90m{}&amp#27;[39m
&amp#27;[35m[W3C (72f517da)]&amp#27;[39m Driver proxy active, passing request on via HTTP proxy
[debug] &amp#27;[35m[WD Proxy]&amp#27;[39m Matched '/wd/hub/session/72f517da-910c-46a8-8c18-f52fc551c88e/element/2fbc75bc-8698-4c30-aae0-62f621d4eefd/text' to command name 'getText'
[debug] &amp#27;[35m[WD Proxy]&amp#27;[39m Proxying [GET /wd/hub/session/72f517da-910c-46a8-8c18-f52fc551c88e/element/2fbc75bc-8698-4c30-aae0-62f621d4eefd/text] to [GET http://127.0.0.1:8200/wd/hub/session/a8830392-9b85-4943-b889-72250055e4eb/element/2fbc75bc-8698-4c30-aae0-62f621d4eefd/text] with no body
[debug] &amp#27;[35m[WD Proxy]&amp#27;[39m Got response with status 200: {"sessionId":"a8830392-9b85-4943-b889-72250055e4eb","value":""}
&amp#27;[35m[WD Proxy]&amp#27;[39m Replacing sessionId a8830392-9b85-4943-b889-72250055e4eb with 72f517da-910c-46a8-8c18-f52fc551c88e
&amp#27;[35m[HTTP]&amp#27;[39m &amp#27;[37m<-- GET /wd/hub/session/72f517da-910c-46a8-8c18-f52fc551c88e/element/2fbc75bc-8698-4c30-aae0-62f621d4eefd/text &amp#27;[39m&amp#27;[32m200&amp#27;[39m &amp#27;[90m18 ms - 63&amp#27;[39m
&amp#27;[35m[HTTP]&amp#27;[39m &amp#27;[90m&amp#27;[39m
&amp#27;[35m[HTTP]&amp#27;[39m &amp#27;[37m-->&amp#27;[39m &amp#27;[37mGET&amp#27;[39m &amp#27;[37m/wd/hub/session/72f517da-910c-46a8-8c18-f52fc551c88e/context&amp#27;[39m
&amp#27;[35m[HTTP]&amp#27;[39m &amp#27;[90m{}&amp#27;[39m
[debug] &amp#27;[35m[W3C (72f517da)]&amp#27;[39m Calling AppiumDriver.getCurrentContext() with args: ["72f517da-910c-46a8-8c18-f52fc551c88e"]
[debug] &amp#27;[35m[W3C (72f517da)]&amp#27;[39m Responding to client with driver.getCurrentContext() result: "NATIVE_APP"
&amp#27;[35m[HTTP]&amp#27;[39m &amp#27;[37m<-- GET /wd/hub/session/72f517da-910c-46a8-8c18-f52fc551c88e/context &amp#27;[39m&amp#27;[32m200&amp#27;[39m &amp#27;[90m1 ms - 22&amp#27;[39m
&amp#27;[35m[HTTP]&amp#27;[39m &amp#27;[90m&amp#27;[39m
&amp#27;[35m[HTTP]&amp#27;[39m &amp#27;[37m-->&amp#27;[39m &amp#27;[37mPOST&amp#27;[39m &amp#27;[37m/wd/hub/session/72f517da-910c-46a8-8c18-f52fc551c88e/elements&amp#27;[39m
&amp#27;[35m[HTTP]&amp#27;[39m &amp#27;[90m{"using":"xpath","value":"//android.widget.TextView"}&amp#27;[39m
[debug] &amp#27;[35m[W3C (72f517da)]&amp#27;[39m Calling AppiumDriver.findElements() with args: ["xpath","//android.widget.TextView","72f517da-910c-46a8-8c18-f52fc551c88e"]
[debug] &amp#27;[35m[BaseDriver]&amp#27;[39m Valid locator strategies for this request: xpath, id, class name, accessibility id, css selector, -android uiautomator
[debug] &amp#27;[35m[BaseDriver]&amp#27;[39m Waiting up to 20000 ms for condition
[debug] &amp#27;[35m[WD Proxy]&amp#27;[39m Matched '/elements' to command name 'findElements'
[debug] &amp#27;[35m[WD Proxy]&amp#27;[39m Proxying [POST /elements] to [POST http://127.0.0.1:8200/wd/hub/session/a8830392-9b85-4943-b889-72250055e4eb/elements] with body: {"strategy":"xpath","selector":"//android.widget.TextView","context":"","multiple":true}
[debug] &amp#27;[35m[WD Proxy]&amp#27;[39m Got response with status 200: {"sessionId":"a8830392-9b85-4943-b889-72250055e4eb","value":[{"ELEMENT":"d784990b-6e05-4a52-b7fc-76c018575532","element-6066-11e4-a52e-4f735466cecf":"d784990b-6e05-4a52-b7fc-76c018575532"},{"ELEMENT":"ad4806ac-7875-47e4-b8dc-a280f046e1e2","element-6066-11e4-a52e-4f735466cecf":"ad4806ac-7875-47e4-b8dc-a280f046e1e2"},{"ELEMENT":"928ea80d-2084-4576-962a-ea93529ff7bd","element-6066-11e4-a52e-4f735466cecf":"928ea80d-2084-4576-962a-ea93529ff7bd"},{"ELEMENT":"d94187c2-e31f-41e0-806f-e08da30936e6","element-6066-11e4-a52e-4f735466cecf":"d94187c2-e31f-41e0-806f-e08da30936e6"},{"ELEMENT":"c3adf91c-d284-406c-8379-7c5cca92628d","element-6066-11e4-a52e-4f735466cecf":"c3adf91c-d284-406c-8379-7c5cca92628d"},{"ELEMENT":"05160831-be51-43f5-a20a-f3cffd881403","element-6066-11e4-a52e-4f735466cecf":"05160831-be51-43f5-a20a-f3cffd881403"},{"ELEMENT":"7c01e339-a8e2-4635-807f-82c46691f406","element-6066-11e4-a52e-4f735466cecf":"7c01e339-a8e2-4635-807f-82c46691f406"},{"ELEMENT":"42a16b29-c3be-44e8-90d8-90409c4014cb","element-6066-...
[debug] &amp#27;[35m[W3C (72f517da)]&amp#27;[39m Responding to client with driver.findElements() result: [{"element-6066-11e4-a52e-4f735466cecf":"d784990b-6e05-4a52-b7fc-76c018575532","ELEMENT":"d784990b-6e05-4a52-b7fc-76c018575532"},{"element-6066-11e4-a52e-4f735466cecf":"ad4806ac-7875-47e4-b8dc-a280f046e1e2","ELEMENT":"ad4806ac-7875-47e4-b8dc-a280f046e1e2"},{"element-6066-11e4-a52e-4f735466cecf":"928ea80d-2084-4576-962a-ea93529ff7bd","ELEMENT":"928ea80d-2084-4576-962a-ea93529ff7bd"},{"element-6066-11e4-a52e-4f735466cecf":"d94187c2-e31f-41e0-806f-e08da30936e6","ELEMENT":"d94187c2-e31f-41e0-806f-e08da30936e6"},{"element-6066-11e4-a52e-4f735466cecf":"c3adf91c-d284-406c-8379-7c5cca92628d","ELEMENT":"c3adf91c-d284-406c-8379-7c5cca92628d"},{"element-6066-11e4-a52e-4f735466cecf":"05160831-be51-43f5-a20a-f3cffd881403","ELEMENT":"05160831-be51-43f5-a20a-f3cffd881403"},{"element-6066-11e4-a52e-4f735466cecf":"7c01e339-a8e2-4635-807f-82c46691f406","ELEMENT":"7c01e339-a8e2-4635-807f-82c46691f406"},{"element-6066-11e4-a52e-4f735466cecf":"42a16b29-c3be-44e8-90d8-90409c4014cb","ELEMENT":"42a16b29-c3be-44e8-90d8-90409c4014c...
&amp#27;[35m[HTTP]&amp#27;[39m &amp#27;[37m<-- POST /wd/hub/session/72f517da-910c-46a8-8c18-f52fc551c88e/elements &amp#27;[39m&amp#27;[32m200&amp#27;[39m &amp#27;[90m141 ms - 1291&amp#27;[39m
&amp#27;[35m[HTTP]&amp#27;[39m &amp#27;[90m&amp#27;[39m
&amp#27;[35m[HTTP]&amp#27;[39m &amp#27;[37m-->&amp#27;[39m &amp#27;[37mGET&amp#27;[39m &amp#27;[37m/wd/hub/session/72f517da-910c-46a8-8c18-f52fc551c88e/element/ad4806ac-7875-47e4-b8dc-a280f046e1e2/text&amp#27;[39m
&amp#27;[35m[HTTP]&amp#27;[39m &amp#27;[90m{}&amp#27;[39m
&amp#27;[35m[W3C (72f517da)]&amp#27;[39m Driver proxy active, passing request on via HTTP proxy
[debug] &amp#27;[35m[WD Proxy]&amp#27;[39m Matched '/wd/hub/session/72f517da-910c-46a8-8c18-f52fc551c88e/element/ad4806ac-7875-47e4-b8dc-a280f046e1e2/text' to command name 'getText'
[debug] &amp#27;[35m[WD Proxy]&amp#27;[39m Proxying [GET /wd/hub/session/72f517da-910c-46a8-8c18-f52fc551c88e/element/ad4806ac-7875-47e4-b8dc-a280f046e1e2/text] to [GET http://127.0.0.1:8200/wd/hub/session/a8830392-9b85-4943-b889-72250055e4eb/element/ad4806ac-7875-47e4-b8dc-a280f046e1e2/text] with no body
[debug] &amp#27;[35m[WD Proxy]&amp#27;[39m Got response with status 200: {"sessionId":"a8830392-9b85-4943-b889-72250055e4eb","value":"SAVINGS"}
&amp#27;[35m[WD Proxy]&amp#27;[39m Replacing sessionId a8830392-9b85-4943-b889-72250055e4eb with 72f517da-910c-46a8-8c18-f52fc551c88e
&amp#27;[35m[HTTP]&amp#27;[39m &amp#27;[37m<-- GET /wd/hub/session/72f517da-910c-46a8-8c18-f52fc551c88e/element/ad4806ac-7875-47e4-b8dc-a280f046e1e2/text &amp#27;[39m&amp#27;[32m200&amp#27;[39m &amp#27;[90m16 ms - 70&amp#27;[39m
&amp#27;[35m[HTTP]&amp#27;[39m &amp#27;[90m&amp#27;[39m

&amp#27;[35m[HTTP]&amp#27;[39m &amp#27;[37m-->&amp#27;[39m &amp#27;[37mGET&amp#27;[39m &amp#27;[37m/wd/hub/session/72f517da-910c-46a8-8c18-f52fc551c88e/context&amp#27;[39m
&amp#27;[35m[HTTP]&amp#27;[39m &amp#27;[90m{}&amp#27;[39m
[debug] &amp#27;[35m[W3C (72f517da)]&amp#27;[39m Calling AppiumDriver.getCurrentContext() with args: ["72f517da-910c-46a8-8c18-f52fc551c88e"]
[debug] &amp#27;[35m[W3C (72f517da)]&amp#27;[39m Responding to client with driver.getCurrentContext() result: "NATIVE_APP"
&amp#27;[35m[HTTP]&amp#27;[39m &amp#27;[37m<-- GET /wd/hub/session/72f517da-910c-46a8-8c18-f52fc551c88e/context &amp#27;[39m&amp#27;[32m200&amp#27;[39m &amp#27;[90m1 ms - 22&amp#27;[39m
&amp#27;[35m[HTTP]&amp#27;[39m &amp#27;[90m&amp#27;[39m
&amp#27;[35m[HTTP]&amp#27;[39m &amp#27;[37m-->&amp#27;[39m &amp#27;[37mPOST&amp#27;[39m &amp#27;[37m/wd/hub/session/72f517da-910c-46a8-8c18-f52fc551c88e/elements&amp#27;[39m
&amp#27;[35m[HTTP]&amp#27;[39m &amp#27;[90m{"using":"xpath","value":"//android.view.View"}&amp#27;[39m
[debug] &amp#27;[35m[W3C (72f517da)]&amp#27;[39m Calling AppiumDriver.findElements() with args: ["xpath","//android.view.View","72f517da-910c-46a8-8c18-f52fc551c88e"]
[debug] &amp#27;[35m[BaseDriver]&amp#27;[39m Valid locator strategies for this request: xpath, id, class name, accessibility id, css selector, -android uiautomator
[debug] &amp#27;[35m[BaseDriver]&amp#27;[39m Waiting up to 20000 ms for condition
[debug] &amp#27;[35m[WD Proxy]&amp#27;[39m Matched '/elements' to command name 'findElements'
[debug] &amp#27;[35m[WD Proxy]&amp#27;[39m Proxying [POST /elements] to [POST http://127.0.0.1:8200/wd/hub/session/a8830392-9b85-4943-b889-72250055e4eb/elements] with body: {"strategy":"xpath","selector":"//android.view.View","context":"","multiple":true}
[debug] &amp#27;[35m[WD Proxy]&amp#27;[39m Got response with status 200: {"sessionId":"a8830392-9b85-4943-b889-72250055e4eb","value":[{"ELEMENT":"b3e04cdf-a960-42ba-bfd4-62a6a06f6ce9","element-6066-11e4-a52e-4f735466cecf":"b3e04cdf-a960-42ba-bfd4-62a6a06f6ce9"},{"ELEMENT":"1df58aa9-afcb-4719-94df-f8a436c2a10f","element-6066-11e4-a52e-4f735466cecf":"1df58aa9-afcb-4719-94df-f8a436c2a10f"},{"ELEMENT":"bc78a24e-45eb-47bb-9528-ae7017a24d0f","element-6066-11e4-a52e-4f735466cecf":"bc78a24e-45eb-47bb-9528-ae7017a24d0f"},{"ELEMENT":"aa68cee0-6b33-49bc-8324-2b948cd46023","element-6066-11e4-a52e-4f735466cecf":"aa68cee0-6b33-49bc-8324-2b948cd46023"},{"ELEMENT":"948509f1-9230-4c74-a854-a7e43a2c8dfb","element-6066-11e4-a52e-4f735466cecf":"948509f1-9230-4c74-a854-a7e43a2c8dfb"},{"ELEMENT":"60ca7078-2673-4770-ab95-fd5d71b5deaa","element-6066-11e4-a52e-4f735466cecf":"60ca7078-2673-4770-ab95-fd5d71b5deaa"},{"ELEMENT":"30572691-3ad6-4b9c-a392-c1cabfdca988","element-6066-11e4-a52e-4f735466cecf":"30572691-3ad6-4b9c-a392-c1cabfdca988"},{"ELEMENT":"18bc7c94-fda0-42e9-a623-bb8cf431b522","element-6066-...
[debug] &amp#27;[35m[W3C (72f517da)]&amp#27;[39m Responding to client with driver.findElements() result: [{"element-6066-11e4-a52e-4f735466cecf":"b3e04cdf-a960-42ba-bfd4-62a6a06f6ce9","ELEMENT":"b3e04cdf-a960-42ba-bfd4-62a6a06f6ce9"},{"element-6066-11e4-a52e-4f735466cecf":"1df58aa9-afcb-4719-94df-f8a436c2a10f","ELEMENT":"1df58aa9-afcb-4719-94df-f8a436c2a10f"},{"element-6066-11e4-a52e-4f735466cecf":"bc78a24e-45eb-47bb-9528-ae7017a24d0f","ELEMENT":"bc78a24e-45eb-47bb-9528-ae7017a24d0f"},{"element-6066-11e4-a52e-4f735466cecf":"aa68cee0-6b33-49bc-8324-2b948cd46023","ELEMENT":"aa68cee0-6b33-49bc-8324-2b948cd46023"},{"element-6066-11e4-a52e-4f735466cecf":"948509f1-9230-4c74-a854-a7e43a2c8dfb","ELEMENT":"948509f1-9230-4c74-a854-a7e43a2c8dfb"},{"element-6066-11e4-a52e-4f735466cecf":"60ca7078-2673-4770-ab95-fd5d71b5deaa","ELEMENT":"60ca7078-2673-4770-ab95-fd5d71b5deaa"},{"element-6066-11e4-a52e-4f735466cecf":"30572691-3ad6-4b9c-a392-c1cabfdca988","ELEMENT":"30572691-3ad6-4b9c-a392-c1cabfdca988"},{"element-6066-11e4-a52e-4f735466cecf":"18bc7c94-fda0-42e9-a623-bb8cf431b522","ELEMENT":"18bc7c94-fda0-42e9-a623-bb8cf431b52...
&amp#27;[35m[HTTP]&amp#27;[39m &amp#27;[37m<-- POST /wd/hub/session/72f517da-910c-46a8-8c18-f52fc551c88e/elements &amp#27;[39m&amp#27;[32m200&amp#27;[39m &amp#27;[90m167 ms - 6155&amp#27;[39m
&amp#27;[35m[HTTP]&amp#27;[39m &amp#27;[90m&amp#27;[39m
&amp#27;[35m[HTTP]&amp#27;[39m &amp#27;[37m-->&amp#27;[39m &amp#27;[37mGET&amp#27;[39m &amp#27;[37m/wd/hub/session/72f517da-910c-46a8-8c18-f52fc551c88e/element/58a476ec-67bd-49f8-b302-d1af8459aa62/text&amp#27;[39m
&amp#27;[35m[HTTP]&amp#27;[39m &amp#27;[90m{}&amp#27;[39m
&amp#27;[35m[W3C (72f517da)]&amp#27;[39m Driver proxy active, passing request on via HTTP proxy
[debug] &amp#27;[35m[WD Proxy]&amp#27;[39m Matched '/wd/hub/session/72f517da-910c-46a8-8c18-f52fc551c88e/element/58a476ec-67bd-49f8-b302-d1af8459aa62/text' to command name 'getText'
[debug] &amp#27;[35m[WD Proxy]&amp#27;[39m Proxying [GET /wd/hub/session/72f517da-910c-46a8-8c18-f52fc551c88e/element/58a476ec-67bd-49f8-b302-d1af8459aa62/text] to [GET http://127.0.0.1:8200/wd/hub/session/a8830392-9b85-4943-b889-72250055e4eb/element/58a476ec-67bd-49f8-b302-d1af8459aa62/text] with no body
[debug] &amp#27;[35m[WD Proxy]&amp#27;[39m Got response with status 200: {"sessionId":"a8830392-9b85-4943-b889-72250055e4eb","value":""}
&amp#27;[35m[WD Proxy]&amp#27;[39m Replacing sessionId a8830392-9b85-4943-b889-72250055e4eb with 72f517da-910c-46a8-8c18-f52fc551c88e
&amp#27;[35m[HTTP]&amp#27;[39m &amp#27;[37m<-- GET /wd/hub/session/72f517da-910c-46a8-8c18-f52fc551c88e/element/58a476ec-67bd-49f8-b302-d1af8459aa62/text &amp#27;[39m&amp#27;[32m200&amp#27;[39m &amp#27;[90m16 ms - 63&amp#27;[39m
&amp#27;[35m[HTTP]&amp#27;[39m &amp#27;[90m&amp#27;[39m
&amp#27;[35m[HTTP]&amp#27;[39m &amp#27;[37m-->&amp#27;[39m &amp#27;[37mGET&amp#27;[39m &amp#27;[37m/wd/hub/session/72f517da-910c-46a8-8c18-f52fc551c88e/context&amp#27;[39m
&amp#27;[35m[HTTP]&amp#27;[39m &amp#27;[90m{}&amp#27;[39m
[debug] &amp#27;[35m[W3C (72f517da)]&amp#27;[39m Calling AppiumDriver.getCurrentContext() with args: ["72f517da-910c-46a8-8c18-f52fc551c88e"]
[debug] &amp#27;[35m[W3C (72f517da)]&amp#27;[39m Responding to client with driver.getCurrentContext() result: "NATIVE_APP"
&amp#27;[35m[HTTP]&amp#27;[39m &amp#27;[37m<-- GET /wd/hub/session/72f517da-910c-46a8-8c18-f52fc551c88e/context &amp#27;[39m&amp#27;[32m200&amp#27;[39m &amp#27;[90m1 ms - 22&amp#27;[39m
&amp#27;[35m[HTTP]&amp#27;[39m &amp#27;[90m&amp#27;[39m
&amp#27;[35m[HTTP]&amp#27;[39m &amp#27;[37m-->&amp#27;[39m &amp#27;[37mPOST&amp#27;[39m &amp#27;[37m/wd/hub/session/72f517da-910c-46a8-8c18-f52fc551c88e/elements&amp#27;[39m
&amp#27;[35m[HTTP]&amp#27;[39m &amp#27;[90m{"using":"xpath","value":"//android.widget.TextView"}&amp#27;[39m
[debug] &amp#27;[35m[W3C (72f517da)]&amp#27;[39m Calling AppiumDriver.findElements() with args: ["xpath","//android.widget.TextView","72f517da-910c-46a8-8c18-f52fc551c88e"]
[debug] &amp#27;[35m[BaseDriver]&amp#27;[39m Valid locator strategies for this request: xpath, id, class name, accessibility id, css selector, -android uiautomator
[debug] &amp#27;[35m[BaseDriver]&amp#27;[39m Waiting up to 20000 ms for condition
[debug] &amp#27;[35m[WD Proxy]&amp#27;[39m Matched '/elements' to command name 'findElements'
[debug] &amp#27;[35m[WD Proxy]&amp#27;[39m Proxying [POST /elements] to [POST http://127.0.0.1:8200/wd/hub/session/a8830392-9b85-4943-b889-72250055e4eb/elements] with body: {"strategy":"xpath","selector":"//android.widget.TextView","context":"","multiple":true}
[debug] &amp#27;[35m[WD Proxy]&amp#27;[39m Got response with status 200: {"sessionId":"a8830392-9b85-4943-b889-72250055e4eb","value":[{"ELEMENT":"4d7e5880-1d31-435c-9c87-8b549486ba67","element-6066-11e4-a52e-4f735466cecf":"4d7e5880-1d31-435c-9c87-8b549486ba67"},{"ELEMENT":"f8dcda9c-4e30-405e-985b-047f21f7dd64","element-6066-11e4-a52e-4f735466cecf":"f8dcda9c-4e30-405e-985b-047f21f7dd64"},{"ELEMENT":"39da36ec-9735-4b3e-81c0-9b00f5192ccf","element-6066-11e4-a52e-4f735466cecf":"39da36ec-9735-4b3e-81c0-9b00f5192ccf"},{"ELEMENT":"478ed514-87f4-4918-8c81-efed7a73488b","element-6066-11e4-a52e-4f735466cecf":"478ed514-87f4-4918-8c81-efed7a73488b"},{"ELEMENT":"508779bb-53d4-4641-bf74-3399b3d4d10f","element-6066-11e4-a52e-4f735466cecf":"508779bb-53d4-4641-bf74-3399b3d4d10f"},{"ELEMENT":"70245739-4277-4476-80d6-d8646b613cfd","element-6066-11e4-a52e-4f735466cecf":"70245739-4277-4476-80d6-d8646b613cfd"},{"ELEMENT":"9a2908d3-2894-44f4-a29a-c4ea9f312749","element-6066-11e4-a52e-4f735466cecf":"9a2908d3-2894-44f4-a29a-c4ea9f312749"},{"ELEMENT":"8e6d5873-ab8b-47ea-8a26-82b38ea4217f","element-6066-...
[debug] &amp#27;[35m[W3C (72f517da)]&amp#27;[39m Responding to client with driver.findElements() result: [{"element-6066-11e4-a52e-4f735466cecf":"4d7e5880-1d31-435c-9c87-8b549486ba67","ELEMENT":"4d7e5880-1d31-435c-9c87-8b549486ba67"},{"element-6066-11e4-a52e-4f735466cecf":"f8dcda9c-4e30-405e-985b-047f21f7dd64","ELEMENT":"f8dcda9c-4e30-405e-985b-047f21f7dd64"},{"element-6066-11e4-a52e-4f735466cecf":"39da36ec-9735-4b3e-81c0-9b00f5192ccf","ELEMENT":"39da36ec-9735-4b3e-81c0-9b00f5192ccf"},{"element-6066-11e4-a52e-4f735466cecf":"478ed514-87f4-4918-8c81-efed7a73488b","ELEMENT":"478ed514-87f4-4918-8c81-efed7a73488b"},{"element-6066-11e4-a52e-4f735466cecf":"508779bb-53d4-4641-bf74-3399b3d4d10f","ELEMENT":"508779bb-53d4-4641-bf74-3399b3d4d10f"},{"element-6066-11e4-a52e-4f735466cecf":"70245739-4277-4476-80d6-d8646b613cfd","ELEMENT":"70245739-4277-4476-80d6-d8646b613cfd"},{"element-6066-11e4-a52e-4f735466cecf":"9a2908d3-2894-44f4-a29a-c4ea9f312749","ELEMENT":"9a2908d3-2894-44f4-a29a-c4ea9f312749"},{"element-6066-11e4-a52e-4f735466cecf":"8e6d5873-ab8b-47ea-8a26-82b38ea4217f","ELEMENT":"8e6d5873-ab8b-47ea-8a26-82b38ea4217...
&amp#27;[35m[HTTP]&amp#27;[39m &amp#27;[37m<-- POST /wd/hub/session/72f517da-910c-46a8-8c18-f52fc551c88e/elements &amp#27;[39m&amp#27;[32m200&amp#27;[39m &amp#27;[90m162 ms - 1291&amp#27;[39m
&amp#27;[35m[HTTP]&amp#27;[39m &amp#27;[90m&amp#27;[39m
&amp#27;[35m[HTTP]&amp#27;[39m &amp#27;[37m-->&amp#27;[39m &amp#27;[37mGET&amp#27;[39m &amp#27;[37m/wd/hub/session/72f517da-910c-46a8-8c18-f52fc551c88e/element/f8dcda9c-4e30-405e-985b-047f21f7dd64/text&amp#27;[39m
&amp#27;[35m[HTTP]&amp#27;[39m &amp#27;[90m{}&amp#27;[39m
&amp#27;[35m[W3C (72f517da)]&amp#27;[39m Driver proxy active, passing request on via HTTP proxy
[debug] &amp#27;[35m[WD Proxy]&amp#27;[39m Matched '/wd/hub/session/72f517da-910c-46a8-8c18-f52fc551c88e/element/f8dcda9c-4e30-405e-985b-047f21f7dd64/text' to command name 'getText'
[debug] &amp#27;[35m[WD Proxy]&amp#27;[39m Proxying [GET /wd/hub/session/72f517da-910c-46a8-8c18-f52fc551c88e/element/f8dcda9c-4e30-405e-985b-047f21f7dd64/text] to [GET http://127.0.0.1:8200/wd/hub/session/a8830392-9b85-4943-b889-72250055e4eb/element/f8dcda9c-4e30-405e-985b-047f21f7dd64/text] with no body
[debug] &amp#27;[35m[WD Proxy]&amp#27;[39m Got response with status 200: {"sessionId":"a8830392-9b85-4943-b889-72250055e4eb","value":"SAVINGS"}
&amp#27;[35m[WD Proxy]&amp#27;[39m Replacing sessionId a8830392-9b85-4943-b889-72250055e4eb with 72f517da-910c-46a8-8c18-f52fc551c88e
&amp#27;[35m[HTTP]&amp#27;[39m &amp#27;[37m<-- GET /wd/hub/session/72f517da-910c-46a8-8c18-f52fc551c88e/element/f8dcda9c-4e30-405e-985b-047f21f7dd64/text &amp#27;[39m&amp#27;[32m200&amp#27;[39m &amp#27;[90m23 ms - 70&amp#27;[39m
&amp#27;[35m[HTTP]&amp#27;[39m &amp#27;[90m&amp#27;[39m

&amp#27;[35m[HTTP]&amp#27;[39m &amp#27;[37m-->&amp#27;[39m &amp#27;[37mGET&amp#27;[39m &amp#27;[37m/wd/hub/session/72f517da-910c-46a8-8c18-f52fc551c88e/context&amp#27;[39m
&amp#27;[35m[HTTP]&amp#27;[39m &amp#27;[90m{}&amp#27;[39m
[debug] &amp#27;[35m[W3C (72f517da)]&amp#27;[39m Calling AppiumDriver.getCurrentContext() with args: ["72f517da-910c-46a8-8c18-f52fc551c88e"]
[debug] &amp#27;[35m[W3C (72f517da)]&amp#27;[39m Responding to client with driver.getCurrentContext() result: "NATIVE_APP"
&amp#27;[35m[HTTP]&amp#27;[39m &amp#27;[37m<-- GET /wd/hub/session/72f517da-910c-46a8-8c18-f52fc551c88e/context &amp#27;[39m&amp#27;[32m200&amp#27;[39m &amp#27;[90m1 ms - 22&amp#27;[39m
&amp#27;[35m[HTTP]&amp#27;[39m &amp#27;[90m&amp#27;[39m
&amp#27;[35m[HTTP]&amp#27;[39m &amp#27;[37m-->&amp#27;[39m &amp#27;[37mPOST&amp#27;[39m &amp#27;[37m/wd/hub/session/72f517da-910c-46a8-8c18-f52fc551c88e/elements&amp#27;[39m
&amp#27;[35m[HTTP]&amp#27;[39m &amp#27;[90m{"using":"xpath","value":"//android.view.View"}&amp#27;[39m
[debug] &amp#27;[35m[W3C (72f517da)]&amp#27;[39m Calling AppiumDriver.findElements() with args: ["xpath","//android.view.View","72f517da-910c-46a8-8c18-f52fc551c88e"]
[debug] &amp#27;[35m[BaseDriver]&amp#27;[39m Valid locator strategies for this request: xpath, id, class name, accessibility id, css selector, -android uiautomator
[debug] &amp#27;[35m[BaseDriver]&amp#27;[39m Waiting up to 20000 ms for condition
[debug] &amp#27;[35m[WD Proxy]&amp#27;[39m Matched '/elements' to command name 'findElements'
[debug] &amp#27;[35m[WD Proxy]&amp#27;[39m Proxying [POST /elements] to [POST http://127.0.0.1:8200/wd/hub/session/a8830392-9b85-4943-b889-72250055e4eb/elements] with body: {"strategy":"xpath","selector":"//android.view.View","context":"","multiple":true}
[debug] &amp#27;[35m[WD Proxy]&amp#27;[39m Got response with status 200: {"sessionId":"a8830392-9b85-4943-b889-72250055e4eb","value":[{"ELEMENT":"f91b0930-d626-4341-8a5f-000e6ec967c7","element-6066-11e4-a52e-4f735466cecf":"f91b0930-d626-4341-8a5f-000e6ec967c7"},{"ELEMENT":"2d14d586-5ec5-4fd5-b555-046bded82137","element-6066-11e4-a52e-4f735466cecf":"2d14d586-5ec5-4fd5-b555-046bded82137"},{"ELEMENT":"a4ac21de-ca83-480a-9190-203b129e823c","element-6066-11e4-a52e-4f735466cecf":"a4ac21de-ca83-480a-9190-203b129e823c"},{"ELEMENT":"66e4a64c-14b6-4c89-9123-aae3dc072480","element-6066-11e4-a52e-4f735466cecf":"66e4a64c-14b6-4c89-9123-aae3dc072480"},{"ELEMENT":"b43a3c2e-0630-4bc5-a1d1-96f628f8932e","element-6066-11e4-a52e-4f735466cecf":"b43a3c2e-0630-4bc5-a1d1-96f628f8932e"},{"ELEMENT":"0af296dc-ebec-4f58-9821-6102d1b9457f","element-6066-11e4-a52e-4f735466cecf":"0af296dc-ebec-4f58-9821-6102d1b9457f"},{"ELEMENT":"b07d51c8-3278-42ae-8e62-b45a4b5564f3","element-6066-11e4-a52e-4f735466cecf":"b07d51c8-3278-42ae-8e62-b45a4b5564f3"},{"ELEMENT":"6797e4f3-cc28-45a5-9113-3e04a29d2508","element-6066-...
[debug] &amp#27;[35m[W3C (72f517da)]&amp#27;[39m Responding to client with driver.findElements() result: [{"element-6066-11e4-a52e-4f735466cecf":"f91b0930-d626-4341-8a5f-000e6ec967c7","ELEMENT":"f91b0930-d626-4341-8a5f-000e6ec967c7"},{"element-6066-11e4-a52e-4f735466cecf":"2d14d586-5ec5-4fd5-b555-046bded82137","ELEMENT":"2d14d586-5ec5-4fd5-b555-046bded82137"},{"element-6066-11e4-a52e-4f735466cecf":"a4ac21de-ca83-480a-9190-203b129e823c","ELEMENT":"a4ac21de-ca83-480a-9190-203b129e823c"},{"element-6066-11e4-a52e-4f735466cecf":"66e4a64c-14b6-4c89-9123-aae3dc072480","ELEMENT":"66e4a64c-14b6-4c89-9123-aae3dc072480"},{"element-6066-11e4-a52e-4f735466cecf":"b43a3c2e-0630-4bc5-a1d1-96f628f8932e","ELEMENT":"b43a3c2e-0630-4bc5-a1d1-96f628f8932e"},{"element-6066-11e4-a52e-4f735466cecf":"0af296dc-ebec-4f58-9821-6102d1b9457f","ELEMENT":"0af296dc-ebec-4f58-9821-6102d1b9457f"},{"element-6066-11e4-a52e-4f735466cecf":"b07d51c8-3278-42ae-8e62-b45a4b5564f3","ELEMENT":"b07d51c8-3278-42ae-8e62-b45a4b5564f3"},{"element-6066-11e4-a52e-4f735466cecf":"6797e4f3-cc28-45a5-9113-3e04a29d2508","ELEMENT":"6797e4f3-cc28-45a5-9113-3e04a29d250...
&amp#27;[35m[HTTP]&amp#27;[39m &amp#27;[37m<-- POST /wd/hub/session/72f517da-910c-46a8-8c18-f52fc551c88e/elements &amp#27;[39m&amp#27;[32m200&amp#27;[39m &amp#27;[90m165 ms - 6155&amp#27;[39m
&amp#27;[35m[HTTP]&amp#27;[39m &amp#27;[90m&amp#27;[39m
&amp#27;[35m[HTTP]&amp#27;[39m &amp#27;[37m-->&amp#27;[39m &amp#27;[37mGET&amp#27;[39m &amp#27;[37m/wd/hub/session/72f517da-910c-46a8-8c18-f52fc551c88e/element/53d01cdf-ffc0-4171-a37c-3978282c3285/text&amp#27;[39m
&amp#27;[35m[HTTP]&amp#27;[39m &amp#27;[90m{}&amp#27;[39m
&amp#27;[35m[W3C (72f517da)]&amp#27;[39m Driver proxy active, passing request on via HTTP proxy
[debug] &amp#27;[35m[WD Proxy]&amp#27;[39m Matched '/wd/hub/session/72f517da-910c-46a8-8c18-f52fc551c88e/element/53d01cdf-ffc0-4171-a37c-3978282c3285/text' to command name 'getText'
[debug] &amp#27;[35m[WD Proxy]&amp#27;[39m Proxying [GET /wd/hub/session/72f517da-910c-46a8-8c18-f52fc551c88e/element/53d01cdf-ffc0-4171-a37c-3978282c3285/text] to [GET http://127.0.0.1:8200/wd/hub/session/a8830392-9b85-4943-b889-72250055e4eb/element/53d01cdf-ffc0-4171-a37c-3978282c3285/text] with no body
[debug] &amp#27;[35m[WD Proxy]&amp#27;[39m Got response with status 200: {"sessionId":"a8830392-9b85-4943-b889-72250055e4eb","value":"XX 648"}
&amp#27;[35m[WD Proxy]&amp#27;[39m Replacing sessionId a8830392-9b85-4943-b889-72250055e4eb with 72f517da-910c-46a8-8c18-f52fc551c88e
&amp#27;[35m[HTTP]&amp#27;[39m &amp#27;[37m<-- GET /wd/hub/session/72f517da-910c-46a8-8c18-f52fc551c88e/element/53d01cdf-ffc0-4171-a37c-3978282c3285/text &amp#27;[39m&amp#27;[32m200&amp#27;[39m &amp#27;[90m21 ms - 69&amp#27;[39m
&amp#27;[35m[HTTP]&amp#27;[39m &amp#27;[90m&amp#27;[39m
&amp#27;[35m[HTTP]&amp#27;[39m &amp#27;[37m-->&amp#27;[39m &amp#27;[37mGET&amp#27;[39m &amp#27;[37m/wd/hub/session/72f517da-910c-46a8-8c18-f52fc551c88e/context&amp#27;[39m
&amp#27;[35m[HTTP]&amp#27;[39m &amp#27;[90m{}&amp#27;[39m
[debug] &amp#27;[35m[W3C (72f517da)]&amp#27;[39m Calling AppiumDriver.getCurrentContext() with args: ["72f517da-910c-46a8-8c18-f52fc551c88e"]
[debug] &amp#27;[35m[W3C (72f517da)]&amp#27;[39m Responding to client with driver.getCurrentContext() result: "NATIVE_APP"
&amp#27;[35m[HTTP]&amp#27;[39m &amp#27;[37m<-- GET /wd/hub/session/72f517da-910c-46a8-8c18-f52fc551c88e/context &amp#27;[39m&amp#27;[32m200&amp#27;[39m &amp#27;[90m1 ms - 22&amp#27;[39m
&amp#27;[35m[HTTP]&amp#27;[39m &amp#27;[90m&amp#27;[39m
&amp#27;[35m[HTTP]&amp#27;[39m &amp#27;[37m-->&amp#27;[39m &amp#27;[37mPOST&amp#27;[39m &amp#27;[37m/wd/hub/session/72f517da-910c-46a8-8c18-f52fc551c88e/elements&amp#27;[39m
&amp#27;[35m[HTTP]&amp#27;[39m &amp#27;[90m{"using":"xpath","value":"//android.widget.TextView"}&amp#27;[39m
[debug] &amp#27;[35m[W3C (72f517da)]&amp#27;[39m Calling AppiumDriver.findElements() with args: ["xpath","//android.widget.TextView","72f517da-910c-46a8-8c18-f52fc551c88e"]
[debug] &amp#27;[35m[BaseDriver]&amp#27;[39m Valid locator strategies for this request: xpath, id, class name, accessibility id, css selector, -android uiautomator
[debug] &amp#27;[35m[BaseDriver]&amp#27;[39m Waiting up to 20000 ms for condition
[debug] &amp#27;[35m[WD Proxy]&amp#27;[39m Matched '/elements' to command name 'findElements'
[debug] &amp#27;[35m[WD Proxy]&amp#27;[39m Proxying [POST /elements] to [POST http://127.0.0.1:8200/wd/hub/session/a8830392-9b85-4943-b889-72250055e4eb/elements] with body: {"strategy":"xpath","selector":"//android.widget.TextView","context":"","multiple":true}
[debug] &amp#27;[35m[WD Proxy]&amp#27;[39m Got response with status 200: {"sessionId":"a8830392-9b85-4943-b889-72250055e4eb","value":[{"ELEMENT":"98a1dafc-01f9-4db4-89e5-a6010ddaaa8b","element-6066-11e4-a52e-4f735466cecf":"98a1dafc-01f9-4db4-89e5-a6010ddaaa8b"},{"ELEMENT":"f1965dd1-2c4c-4f38-a633-6f6a9eb3ec49","element-6066-11e4-a52e-4f735466cecf":"f1965dd1-2c4c-4f38-a633-6f6a9eb3ec49"},{"ELEMENT":"7959a4f0-6868-460d-8ca9-f5a16928fe71","element-6066-11e4-a52e-4f735466cecf":"7959a4f0-6868-460d-8ca9-f5a16928fe71"},{"ELEMENT":"65c2ecae-53ef-4d21-b8d0-aee15586232f","element-6066-11e4-a52e-4f735466cecf":"65c2ecae-53ef-4d21-b8d0-aee15586232f"},{"ELEMENT":"e3211201-f70d-4754-b845-a9b397ed7c72","element-6066-11e4-a52e-4f735466cecf":"e3211201-f70d-4754-b845-a9b397ed7c72"},{"ELEMENT":"bceef17e-7b92-46a5-a922-537ccf785915","element-6066-11e4-a52e-4f735466cecf":"bceef17e-7b92-46a5-a922-537ccf785915"},{"ELEMENT":"1cf51f00-a673-476b-a8be-d2a8b62558bd","element-6066-11e4-a52e-4f735466cecf":"1cf51f00-a673-476b-a8be-d2a8b62558bd"},{"ELEMENT":"512f66ca-cca7-4d55-af07-23f72915309d","element-6066-...
[debug] &amp#27;[35m[W3C (72f517da)]&amp#27;[39m Responding to client with driver.findElements() result: [{"element-6066-11e4-a52e-4f735466cecf":"98a1dafc-01f9-4db4-89e5-a6010ddaaa8b","ELEMENT":"98a1dafc-01f9-4db4-89e5-a6010ddaaa8b"},{"element-6066-11e4-a52e-4f735466cecf":"f1965dd1-2c4c-4f38-a633-6f6a9eb3ec49","ELEMENT":"f1965dd1-2c4c-4f38-a633-6f6a9eb3ec49"},{"element-6066-11e4-a52e-4f735466cecf":"7959a4f0-6868-460d-8ca9-f5a16928fe71","ELEMENT":"7959a4f0-6868-460d-8ca9-f5a16928fe71"},{"element-6066-11e4-a52e-4f735466cecf":"65c2ecae-53ef-4d21-b8d0-aee15586232f","ELEMENT":"65c2ecae-53ef-4d21-b8d0-aee15586232f"},{"element-6066-11e4-a52e-4f735466cecf":"e3211201-f70d-4754-b845-a9b397ed7c72","ELEMENT":"e3211201-f70d-4754-b845-a9b397ed7c72"},{"element-6066-11e4-a52e-4f735466cecf":"bceef17e-7b92-46a5-a922-537ccf785915","ELEMENT":"bceef17e-7b92-46a5-a922-537ccf785915"},{"element-6066-11e4-a52e-4f735466cecf":"1cf51f00-a673-476b-a8be-d2a8b62558bd","ELEMENT":"1cf51f00-a673-476b-a8be-d2a8b62558bd"},{"element-6066-11e4-a52e-4f735466cecf":"512f66ca-cca7-4d55-af07-23f72915309d","ELEMENT":"512f66ca-cca7-4d55-af07-23f72915309...
&amp#27;[35m[HTTP]&amp#27;[39m &amp#27;[37m<-- POST /wd/hub/session/72f517da-910c-46a8-8c18-f52fc551c88e/elements &amp#27;[39m&amp#27;[32m200&amp#27;[39m &amp#27;[90m128 ms - 1291&amp#27;[39m
&amp#27;[35m[HTTP]&amp#27;[39m &amp#27;[90m&amp#27;[39m
&amp#27;[35m[HTTP]&amp#27;[39m &amp#27;[37m-->&amp#27;[39m &amp#27;[37mGET&amp#27;[39m &amp#27;[37m/wd/hub/session/72f517da-910c-46a8-8c18-f52fc551c88e/element/f1965dd1-2c4c-4f38-a633-6f6a9eb3ec49/text&amp#27;[39m
&amp#27;[35m[HTTP]&amp#27;[39m &amp#27;[90m{}&amp#27;[39m
&amp#27;[35m[W3C (72f517da)]&amp#27;[39m Driver proxy active, passing request on via HTTP proxy
[debug] &amp#27;[35m[WD Proxy]&amp#27;[39m Matched '/wd/hub/session/72f517da-910c-46a8-8c18-f52fc551c88e/element/f1965dd1-2c4c-4f38-a633-6f6a9eb3ec49/text' to command name 'getText'
[debug] &amp#27;[35m[WD Proxy]&amp#27;[39m Proxying [GET /wd/hub/session/72f517da-910c-46a8-8c18-f52fc551c88e/element/f1965dd1-2c4c-4f38-a633-6f6a9eb3ec49/text] to [GET http://127.0.0.1:8200/wd/hub/session/a8830392-9b85-4943-b889-72250055e4eb/element/f1965dd1-2c4c-4f38-a633-6f6a9eb3ec49/text] with no body
[debug] &amp#27;[35m[WD Proxy]&amp#27;[39m Got response with status 200: {"sessionId":"a8830392-9b85-4943-b889-72250055e4eb","value":"SAVINGS"}
&amp#27;[35m[WD Proxy]&amp#27;[39m Replacing sessionId a8830392-9b85-4943-b889-72250055e4eb with 72f517da-910c-46a8-8c18-f52fc551c88e
&amp#27;[35m[HTTP]&amp#27;[39m &amp#27;[37m<-- GET /wd/hub/session/72f517da-910c-46a8-8c18-f52fc551c88e/element/f1965dd1-2c4c-4f38-a633-6f6a9eb3ec49/text &amp#27;[39m&amp#27;[32m200&amp#27;[39m &amp#27;[90m15 ms - 70&amp#27;[39m
&amp#27;[35m[HTTP]&amp#27;[39m &amp#27;[90m&amp#27;[39m
XX 648:SAVINGS
&amp#27;[35m[HTTP]&amp#27;[39m &amp#27;[37m-->&amp#27;[39m &amp#27;[37mGET&amp#27;[39m &amp#27;[37m/wd/hub/session/72f517da-910c-46a8-8c18-f52fc551c88e/context&amp#27;[39m
&amp#27;[35m[HTTP]&amp#27;[39m &amp#27;[90m{}&amp#27;[39m
[debug] &amp#27;[35m[W3C (72f517da)]&amp#27;[39m Calling AppiumDriver.getCurrentContext() with args: ["72f517da-910c-46a8-8c18-f52fc551c88e"]
[debug] &amp#27;[35m[W3C (72f517da)]&amp#27;[39m Responding to client with driver.getCurrentContext() result: "NATIVE_APP"
&amp#27;[35m[HTTP]&amp#27;[39m &amp#27;[37m<-- GET /wd/hub/session/72f517da-910c-46a8-8c18-f52fc551c88e/context &amp#27;[39m&amp#27;[32m200&amp#27;[39m &amp#27;[90m1 ms - 22&amp#27;[39m
&amp#27;[35m[HTTP]&amp#27;[39m &amp#27;[90m&amp#27;[39m
&amp#27;[35m[HTTP]&amp#27;[39m &amp#27;[37m-->&amp#27;[39m &amp#27;[37mPOST&amp#27;[39m &amp#27;[37m/wd/hub/session/72f517da-910c-46a8-8c18-f52fc551c88e/elements&amp#27;[39m
&amp#27;[35m[HTTP]&amp#27;[39m &amp#27;[90m{"using":"xpath","value":"//android.view.View"}&amp#27;[39m
[debug] &amp#27;[35m[W3C (72f517da)]&amp#27;[39m Calling AppiumDriver.findElements() with args: ["xpath","//android.view.View","72f517da-910c-46a8-8c18-f52fc551c88e"]
[debug] &amp#27;[35m[BaseDriver]&amp#27;[39m Valid locator strategies for this request: xpath, id, class name, accessibility id, css selector, -android uiautomator
[debug] &amp#27;[35m[BaseDriver]&amp#27;[39m Waiting up to 20000 ms for condition
[debug] &amp#27;[35m[WD Proxy]&amp#27;[39m Matched '/elements' to command name 'findElements'
[debug] &amp#27;[35m[WD Proxy]&amp#27;[39m Proxying [POST /elements] to [POST http://127.0.0.1:8200/wd/hub/session/a8830392-9b85-4943-b889-72250055e4eb/elements] with body: {"strategy":"xpath","selector":"//android.view.View","context":"","multiple":true}
[debug] &amp#27;[35m[WD Proxy]&amp#27;[39m Got response with status 200: {"sessionId":"a8830392-9b85-4943-b889-72250055e4eb","value":[{"ELEMENT":"a7cc94f4-f0d1-48ef-a483-dcad5f261642","element-6066-11e4-a52e-4f735466cecf":"a7cc94f4-f0d1-48ef-a483-dcad5f261642"},{"ELEMENT":"cddfa4a2-ca30-4301-b040-a3931184a29a","element-6066-11e4-a52e-4f735466cecf":"cddfa4a2-ca30-4301-b040-a3931184a29a"},{"ELEMENT":"997ba740-2adb-497d-943a-d63c9ce58c0a","element-6066-11e4-a52e-4f735466cecf":"997ba740-2adb-497d-943a-d63c9ce58c0a"},{"ELEMENT":"6908aad5-992f-4c43-87aa-de96ccc05699","element-6066-11e4-a52e-4f735466cecf":"6908aad5-992f-4c43-87aa-de96ccc05699"},{"ELEMENT":"a347953d-2185-4c88-aa45-9666fcc01121","element-6066-11e4-a52e-4f735466cecf":"a347953d-2185-4c88-aa45-9666fcc01121"},{"ELEMENT":"0968d19e-f476-40df-aefd-c1dedd078417","element-6066-11e4-a52e-4f735466cecf":"0968d19e-f476-40df-aefd-c1dedd078417"},{"ELEMENT":"de03265d-66d7-44c5-bb6c-6ae7013e9657","element-6066-11e4-a52e-4f735466cecf":"de03265d-66d7-44c5-bb6c-6ae7013e9657"},{"ELEMENT":"2c9d4af9-a67b-44bc-8af5-d3f98e609039","element-6066-...
[debug] &amp#27;[35m[W3C (72f517da)]&amp#27;[39m Responding to client with driver.findElements() result: [{"element-6066-11e4-a52e-4f735466cecf":"a7cc94f4-f0d1-48ef-a483-dcad5f261642","ELEMENT":"a7cc94f4-f0d1-48ef-a483-dcad5f261642"},{"element-6066-11e4-a52e-4f735466cecf":"cddfa4a2-ca30-4301-b040-a3931184a29a","ELEMENT":"cddfa4a2-ca30-4301-b040-a3931184a29a"},{"element-6066-11e4-a52e-4f735466cecf":"997ba740-2adb-497d-943a-d63c9ce58c0a","ELEMENT":"997ba740-2adb-497d-943a-d63c9ce58c0a"},{"element-6066-11e4-a52e-4f735466cecf":"6908aad5-992f-4c43-87aa-de96ccc05699","ELEMENT":"6908aad5-992f-4c43-87aa-de96ccc05699"},{"element-6066-11e4-a52e-4f735466cecf":"a347953d-2185-4c88-aa45-9666fcc01121","ELEMENT":"a347953d-2185-4c88-aa45-9666fcc01121"},{"element-6066-11e4-a52e-4f735466cecf":"0968d19e-f476-40df-aefd-c1dedd078417","ELEMENT":"0968d19e-f476-40df-aefd-c1dedd078417"},{"element-6066-11e4-a52e-4f735466cecf":"de03265d-66d7-44c5-bb6c-6ae7013e9657","ELEMENT":"de03265d-66d7-44c5-bb6c-6ae7013e9657"},{"element-6066-11e4-a52e-4f735466cecf":"2c9d4af9-a67b-44bc-8af5-d3f98e609039","ELEMENT":"2c9d4af9-a67b-44bc-8af5-d3f98e60903...
&amp#27;[35m[HTTP]&amp#27;[39m &amp#27;[37m<-- POST /wd/hub/session/72f517da-910c-46a8-8c18-f52fc551c88e/elements &amp#27;[39m&amp#27;[32m200&amp#27;[39m &amp#27;[90m141 ms - 6155&amp#27;[39m
&amp#27;[35m[HTTP]&amp#27;[39m &amp#27;[90m&amp#27;[39m
&amp#27;[35m[HTTP]&amp#27;[39m &amp#27;[37m-->&amp#27;[39m &amp#27;[37mGET&amp#27;[39m &amp#27;[37m/wd/hub/session/72f517da-910c-46a8-8c18-f52fc551c88e/element/c937ce5e-3ff4-4195-9b11-8661bafdb319/text&amp#27;[39m
&amp#27;[35m[HTTP]&amp#27;[39m &amp#27;[90m{}&amp#27;[39m
&amp#27;[35m[W3C (72f517da)]&amp#27;[39m Driver proxy active, passing request on via HTTP proxy
[debug] &amp#27;[35m[WD Proxy]&amp#27;[39m Matched '/wd/hub/session/72f517da-910c-46a8-8c18-f52fc551c88e/element/c937ce5e-3ff4-4195-9b11-8661bafdb319/text' to command name 'getText'
[debug] &amp#27;[35m[WD Proxy]&amp#27;[39m Proxying [GET /wd/hub/session/72f517da-910c-46a8-8c18-f52fc551c88e/element/c937ce5e-3ff4-4195-9b11-8661bafdb319/text] to [GET http://127.0.0.1:8200/wd/hub/session/a8830392-9b85-4943-b889-72250055e4eb/element/c937ce5e-3ff4-4195-9b11-8661bafdb319/text] with no body
[debug] &amp#27;[35m[WD Proxy]&amp#27;[39m Got response with status 200: {"sessionId":"a8830392-9b85-4943-b889-72250055e4eb","value":""}
&amp#27;[35m[WD Proxy]&amp#27;[39m Replacing sessionId a8830392-9b85-4943-b889-72250055e4eb with 72f517da-910c-46a8-8c18-f52fc551c88e
&amp#27;[35m[HTTP]&amp#27;[39m &amp#27;[37m<-- GET /wd/hub/session/72f517da-910c-46a8-8c18-f52fc551c88e/element/c937ce5e-3ff4-4195-9b11-8661bafdb319/text &amp#27;[39m&amp#27;[32m200&amp#27;[39m &amp#27;[90m16 ms - 63&amp#27;[39m
&amp#27;[35m[HTTP]&amp#27;[39m &amp#27;[90m&amp#27;[39m
&amp#27;[35m[HTTP]&amp#27;[39m &amp#27;[37m-->&amp#27;[39m &amp#27;[37mGET&amp#27;[39m &amp#27;[37m/wd/hub/session/72f517da-910c-46a8-8c18-f52fc551c88e/context&amp#27;[39m
&amp#27;[35m[HTTP]&amp#27;[39m &amp#27;[90m{}&amp#27;[39m
[debug] &amp#27;[35m[W3C (72f517da)]&amp#27;[39m Calling AppiumDriver.getCurrentContext() with args: ["72f517da-910c-46a8-8c18-f52fc551c88e"]
[debug] &amp#27;[35m[W3C (72f517da)]&amp#27;[39m Responding to client with driver.getCurrentContext() result: "NATIVE_APP"
&amp#27;[35m[HTTP]&amp#27;[39m &amp#27;[37m<-- GET /wd/hub/session/72f517da-910c-46a8-8c18-f52fc551c88e/context &amp#27;[39m&amp#27;[32m200&amp#27;[39m &amp#27;[90m1 ms - 22&amp#27;[39m
&amp#27;[35m[HTTP]&amp#27;[39m &amp#27;[90m&amp#27;[39m
&amp#27;[35m[HTTP]&amp#27;[39m &amp#27;[37m-->&amp#27;[39m &amp#27;[37mPOST&amp#27;[39m &amp#27;[37m/wd/hub/session/72f517da-910c-46a8-8c18-f52fc551c88e/elements&amp#27;[39m
&amp#27;[35m[HTTP]&amp#27;[39m &amp#27;[90m{"using":"xpath","value":"//android.widget.TextView"}&amp#27;[39m
[debug] &amp#27;[35m[W3C (72f517da)]&amp#27;[39m Calling AppiumDriver.findElements() with args: ["xpath","//android.widget.TextView","72f517da-910c-46a8-8c18-f52fc551c88e"]
[debug] &amp#27;[35m[BaseDriver]&amp#27;[39m Valid locator strategies for this request: xpath, id, class name, accessibility id, css selector, -android uiautomator
[debug] &amp#27;[35m[BaseDriver]&amp#27;[39m Waiting up to 20000 ms for condition
[debug] &amp#27;[35m[WD Proxy]&amp#27;[39m Matched '/elements' to command name 'findElements'
[debug] &amp#27;[35m[WD Proxy]&amp#27;[39m Proxying [POST /elements] to [POST http://127.0.0.1:8200/wd/hub/session/a8830392-9b85-4943-b889-72250055e4eb/elements] with body: {"strategy":"xpath","selector":"//android.widget.TextView","context":"","multiple":true}
[debug] &amp#27;[35m[WD Proxy]&amp#27;[39m Got response with status 200: {"sessionId":"a8830392-9b85-4943-b889-72250055e4eb","value":[{"ELEMENT":"79f8ecb5-28a1-4cb6-8715-1ae297117b9a","element-6066-11e4-a52e-4f735466cecf":"79f8ecb5-28a1-4cb6-8715-1ae297117b9a"},{"ELEMENT":"dda0aa10-32c3-4527-8539-19d5f1e37d3e","element-6066-11e4-a52e-4f735466cecf":"dda0aa10-32c3-4527-8539-19d5f1e37d3e"},{"ELEMENT":"982291cd-1efa-48a6-960a-17afb4395560","element-6066-11e4-a52e-4f735466cecf":"982291cd-1efa-48a6-960a-17afb4395560"},{"ELEMENT":"4358153d-9e07-4632-bf72-27f0a2f149c1","element-6066-11e4-a52e-4f735466cecf":"4358153d-9e07-4632-bf72-27f0a2f149c1"},{"ELEMENT":"6a793aee-8b2b-418d-a706-1a54607270ca","element-6066-11e4-a52e-4f735466cecf":"6a793aee-8b2b-418d-a706-1a54607270ca"},{"ELEMENT":"5d0850f5-7c6e-4304-b8ea-7dc1ac1a8162","element-6066-11e4-a52e-4f735466cecf":"5d0850f5-7c6e-4304-b8ea-7dc1ac1a8162"},{"ELEMENT":"07c0c066-003b-4d1a-98f4-fba0ffb3592d","element-6066-11e4-a52e-4f735466cecf":"07c0c066-003b-4d1a-98f4-fba0ffb3592d"},{"ELEMENT":"bfc6fb85-4ac5-4dbb-96de-4cf5c2ee9b12","element-6066-...
[debug] &amp#27;[35m[W3C (72f517da)]&amp#27;[39m Responding to client with driver.findElements() result: [{"element-6066-11e4-a52e-4f735466cecf":"79f8ecb5-28a1-4cb6-8715-1ae297117b9a","ELEMENT":"79f8ecb5-28a1-4cb6-8715-1ae297117b9a"},{"element-6066-11e4-a52e-4f735466cecf":"dda0aa10-32c3-4527-8539-19d5f1e37d3e","ELEMENT":"dda0aa10-32c3-4527-8539-19d5f1e37d3e"},{"element-6066-11e4-a52e-4f735466cecf":"982291cd-1efa-48a6-960a-17afb4395560","ELEMENT":"982291cd-1efa-48a6-960a-17afb4395560"},{"element-6066-11e4-a52e-4f735466cecf":"4358153d-9e07-4632-bf72-27f0a2f149c1","ELEMENT":"4358153d-9e07-4632-bf72-27f0a2f149c1"},{"element-6066-11e4-a52e-4f735466cecf":"6a793aee-8b2b-418d-a706-1a54607270ca","ELEMENT":"6a793aee-8b2b-418d-a706-1a54607270ca"},{"element-6066-11e4-a52e-4f735466cecf":"5d0850f5-7c6e-4304-b8ea-7dc1ac1a8162","ELEMENT":"5d0850f5-7c6e-4304-b8ea-7dc1ac1a8162"},{"element-6066-11e4-a52e-4f735466cecf":"07c0c066-003b-4d1a-98f4-fba0ffb3592d","ELEMENT":"07c0c066-003b-4d1a-98f4-fba0ffb3592d"},{"element-6066-11e4-a52e-4f735466cecf":"bfc6fb85-4ac5-4dbb-96de-4cf5c2ee9b12","ELEMENT":"bfc6fb85-4ac5-4dbb-96de-4cf5c2ee9b1...
&amp#27;[35m[HTTP]&amp#27;[39m &amp#27;[37m<-- POST /wd/hub/session/72f517da-910c-46a8-8c18-f52fc551c88e/elements &amp#27;[39m&amp#27;[32m200&amp#27;[39m &amp#27;[90m130 ms - 1291&amp#27;[39m
&amp#27;[35m[HTTP]&amp#27;[39m &amp#27;[90m&amp#27;[39m
&amp#27;[35m[HTTP]&amp#27;[39m &amp#27;[37m-->&amp#27;[39m &amp#27;[37mGET&amp#27;[39m &amp#27;[37m/wd/hub/session/72f517da-910c-46a8-8c18-f52fc551c88e/element/982291cd-1efa-48a6-960a-17afb4395560/text&amp#27;[39m
&amp#27;[35m[HTTP]&amp#27;[39m &amp#27;[90m{}&amp#27;[39m
&amp#27;[35m[W3C (72f517da)]&amp#27;[39m Driver proxy active, passing request on via HTTP proxy
[debug] &amp#27;[35m[WD Proxy]&amp#27;[39m Matched '/wd/hub/session/72f517da-910c-46a8-8c18-f52fc551c88e/element/982291cd-1efa-48a6-960a-17afb4395560/text' to command name 'getText'
[debug] &amp#27;[35m[WD Proxy]&amp#27;[39m Proxying [GET /wd/hub/session/72f517da-910c-46a8-8c18-f52fc551c88e/element/982291cd-1efa-48a6-960a-17afb4395560/text] to [GET http://127.0.0.1:8200/wd/hub/session/a8830392-9b85-4943-b889-72250055e4eb/element/982291cd-1efa-48a6-960a-17afb4395560/text] with no body
[debug] &amp#27;[35m[WD Proxy]&amp#27;[39m Got response with status 200: {"sessionId":"a8830392-9b85-4943-b889-72250055e4eb","value":"SAVINGS"}
&amp#27;[35m[WD Proxy]&amp#27;[39m Replacing sessionId a8830392-9b85-4943-b889-72250055e4eb with 72f517da-910c-46a8-8c18-f52fc551c88e
&amp#27;[35m[HTTP]&amp#27;[39m &amp#27;[37m<-- GET /wd/hub/session/72f517da-910c-46a8-8c18-f52fc551c88e/element/982291cd-1efa-48a6-960a-17afb4395560/text &amp#27;[39m&amp#27;[32m200&amp#27;[39m &amp#27;[90m15 ms - 70&amp#27;[39m
&amp#27;[35m[HTTP]&amp#27;[39m &amp#27;[90m&amp#27;[39m

&amp#27;[35m[HTTP]&amp#27;[39m &amp#27;[37m-->&amp#27;[39m &amp#27;[37mGET&amp#27;[39m &amp#27;[37m/wd/hub/session/72f517da-910c-46a8-8c18-f52fc551c88e/context&amp#27;[39m
&amp#27;[35m[HTTP]&amp#27;[39m &amp#27;[90m{}&amp#27;[39m
[debug] &amp#27;[35m[W3C (72f517da)]&amp#27;[39m Calling AppiumDriver.getCurrentContext() with args: ["72f517da-910c-46a8-8c18-f52fc551c88e"]
[debug] &amp#27;[35m[W3C (72f517da)]&amp#27;[39m Responding to client with driver.getCurrentContext() result: "NATIVE_APP"
&amp#27;[35m[HTTP]&amp#27;[39m &amp#27;[37m<-- GET /wd/hub/session/72f517da-910c-46a8-8c18-f52fc551c88e/context &amp#27;[39m&amp#27;[32m200&amp#27;[39m &amp#27;[90m1 ms - 22&amp#27;[39m
&amp#27;[35m[HTTP]&amp#27;[39m &amp#27;[90m&amp#27;[39m
&amp#27;[35m[HTTP]&amp#27;[39m &amp#27;[37m-->&amp#27;[39m &amp#27;[37mPOST&amp#27;[39m &amp#27;[37m/wd/hub/session/72f517da-910c-46a8-8c18-f52fc551c88e/elements&amp#27;[39m
&amp#27;[35m[HTTP]&amp#27;[39m &amp#27;[90m{"using":"xpath","value":"//android.view.View"}&amp#27;[39m
[debug] &amp#27;[35m[W3C (72f517da)]&amp#27;[39m Calling AppiumDriver.findElements() with args: ["xpath","//android.view.View","72f517da-910c-46a8-8c18-f52fc551c88e"]
[debug] &amp#27;[35m[BaseDriver]&amp#27;[39m Valid locator strategies for this request: xpath, id, class name, accessibility id, css selector, -android uiautomator
[debug] &amp#27;[35m[BaseDriver]&amp#27;[39m Waiting up to 20000 ms for condition
[debug] &amp#27;[35m[WD Proxy]&amp#27;[39m Matched '/elements' to command name 'findElements'
[debug] &amp#27;[35m[WD Proxy]&amp#27;[39m Proxying [POST /elements] to [POST http://127.0.0.1:8200/wd/hub/session/a8830392-9b85-4943-b889-72250055e4eb/elements] with body: {"strategy":"xpath","selector":"//android.view.View","context":"","multiple":true}
[debug] &amp#27;[35m[WD Proxy]&amp#27;[39m Got response with status 200: {"sessionId":"a8830392-9b85-4943-b889-72250055e4eb","value":[{"ELEMENT":"a465acea-964b-4b7a-bfd8-aebef25abd3f","element-6066-11e4-a52e-4f735466cecf":"a465acea-964b-4b7a-bfd8-aebef25abd3f"},{"ELEMENT":"b15bc0bd-6c63-4fdf-85dd-cbd70d77387a","element-6066-11e4-a52e-4f735466cecf":"b15bc0bd-6c63-4fdf-85dd-cbd70d77387a"},{"ELEMENT":"f48f4e76-8cf5-4150-bf53-ae8054aff67a","element-6066-11e4-a52e-4f735466cecf":"f48f4e76-8cf5-4150-bf53-ae8054aff67a"},{"ELEMENT":"d39e6f4d-4510-451f-bb95-a51a2eb37e9b","element-6066-11e4-a52e-4f735466cecf":"d39e6f4d-4510-451f-bb95-a51a2eb37e9b"},{"ELEMENT":"6eac8915-dda1-40a3-a5f4-bddd943ee5e7","element-6066-11e4-a52e-4f735466cecf":"6eac8915-dda1-40a3-a5f4-bddd943ee5e7"},{"ELEMENT":"92588e01-ed6c-4ad7-9864-790655cecfe1","element-6066-11e4-a52e-4f735466cecf":"92588e01-ed6c-4ad7-9864-790655cecfe1"},{"ELEMENT":"e96bea06-311e-40ef-bb4f-7237204bbb43","element-6066-11e4-a52e-4f735466cecf":"e96bea06-311e-40ef-bb4f-7237204bbb43"},{"ELEMENT":"dd2989ba-dca1-4e61-90d6-3930b36fb54a","element-6066-...
[debug] &amp#27;[35m[W3C (72f517da)]&amp#27;[39m Responding to client with driver.findElements() result: [{"element-6066-11e4-a52e-4f735466cecf":"a465acea-964b-4b7a-bfd8-aebef25abd3f","ELEMENT":"a465acea-964b-4b7a-bfd8-aebef25abd3f"},{"element-6066-11e4-a52e-4f735466cecf":"b15bc0bd-6c63-4fdf-85dd-cbd70d77387a","ELEMENT":"b15bc0bd-6c63-4fdf-85dd-cbd70d77387a"},{"element-6066-11e4-a52e-4f735466cecf":"f48f4e76-8cf5-4150-bf53-ae8054aff67a","ELEMENT":"f48f4e76-8cf5-4150-bf53-ae8054aff67a"},{"element-6066-11e4-a52e-4f735466cecf":"d39e6f4d-4510-451f-bb95-a51a2eb37e9b","ELEMENT":"d39e6f4d-4510-451f-bb95-a51a2eb37e9b"},{"element-6066-11e4-a52e-4f735466cecf":"6eac8915-dda1-40a3-a5f4-bddd943ee5e7","ELEMENT":"6eac8915-dda1-40a3-a5f4-bddd943ee5e7"},{"element-6066-11e4-a52e-4f735466cecf":"92588e01-ed6c-4ad7-9864-790655cecfe1","ELEMENT":"92588e01-ed6c-4ad7-9864-790655cecfe1"},{"element-6066-11e4-a52e-4f735466cecf":"e96bea06-311e-40ef-bb4f-7237204bbb43","ELEMENT":"e96bea06-311e-40ef-bb4f-7237204bbb43"},{"element-6066-11e4-a52e-4f735466cecf":"dd2989ba-dca1-4e61-90d6-3930b36fb54a","ELEMENT":"dd2989ba-dca1-4e61-90d6-3930b36fb54...
&amp#27;[35m[HTTP]&amp#27;[39m &amp#27;[37m<-- POST /wd/hub/session/72f517da-910c-46a8-8c18-f52fc551c88e/elements &amp#27;[39m&amp#27;[32m200&amp#27;[39m &amp#27;[90m183 ms - 6155&amp#27;[39m
&amp#27;[35m[HTTP]&amp#27;[39m &amp#27;[90m&amp#27;[39m
&amp#27;[35m[HTTP]&amp#27;[39m &amp#27;[37m-->&amp#27;[39m &amp#27;[37mGET&amp#27;[39m &amp#27;[37m/wd/hub/session/72f517da-910c-46a8-8c18-f52fc551c88e/element/b2763235-a053-423e-9b25-bb1fb282fbd4/text&amp#27;[39m
&amp#27;[35m[HTTP]&amp#27;[39m &amp#27;[90m{}&amp#27;[39m
&amp#27;[35m[W3C (72f517da)]&amp#27;[39m Driver proxy active, passing request on via HTTP proxy
[debug] &amp#27;[35m[WD Proxy]&amp#27;[39m Matched '/wd/hub/session/72f517da-910c-46a8-8c18-f52fc551c88e/element/b2763235-a053-423e-9b25-bb1fb282fbd4/text' to command name 'getText'
[debug] &amp#27;[35m[WD Proxy]&amp#27;[39m Proxying [GET /wd/hub/session/72f517da-910c-46a8-8c18-f52fc551c88e/element/b2763235-a053-423e-9b25-bb1fb282fbd4/text] to [GET http://127.0.0.1:8200/wd/hub/session/a8830392-9b85-4943-b889-72250055e4eb/element/b2763235-a053-423e-9b25-bb1fb282fbd4/text] with no body
[debug] &amp#27;[35m[WD Proxy]&amp#27;[39m Got response with status 200: {"sessionId":"a8830392-9b85-4943-b889-72250055e4eb","value":""}
&amp#27;[35m[WD Proxy]&amp#27;[39m Replacing sessionId a8830392-9b85-4943-b889-72250055e4eb with 72f517da-910c-46a8-8c18-f52fc551c88e
&amp#27;[35m[HTTP]&amp#27;[39m &amp#27;[37m<-- GET /wd/hub/session/72f517da-910c-46a8-8c18-f52fc551c88e/element/b2763235-a053-423e-9b25-bb1fb282fbd4/text &amp#27;[39m&amp#27;[32m200&amp#27;[39m &amp#27;[90m19 ms - 63&amp#27;[39m
&amp#27;[35m[HTTP]&amp#27;[39m &amp#27;[90m&amp#27;[39m
&amp#27;[35m[HTTP]&amp#27;[39m &amp#27;[37m-->&amp#27;[39m &amp#27;[37mGET&amp#27;[39m &amp#27;[37m/wd/hub/session/72f517da-910c-46a8-8c18-f52fc551c88e/context&amp#27;[39m
&amp#27;[35m[HTTP]&amp#27;[39m &amp#27;[90m{}&amp#27;[39m
[debug] &amp#27;[35m[W3C (72f517da)]&amp#27;[39m Calling AppiumDriver.getCurrentContext() with args: ["72f517da-910c-46a8-8c18-f52fc551c88e"]
[debug] &amp#27;[35m[W3C (72f517da)]&amp#27;[39m Responding to client with driver.getCurrentContext() result: "NATIVE_APP"
&amp#27;[35m[HTTP]&amp#27;[39m &amp#27;[37m<-- GET /wd/hub/session/72f517da-910c-46a8-8c18-f52fc551c88e/context &amp#27;[39m&amp#27;[32m200&amp#27;[39m &amp#27;[90m1 ms - 22&amp#27;[39m
&amp#27;[35m[HTTP]&amp#27;[39m &amp#27;[90m&amp#27;[39m
&amp#27;[35m[HTTP]&amp#27;[39m &amp#27;[37m-->&amp#27;[39m &amp#27;[37mPOST&amp#27;[39m &amp#27;[37m/wd/hub/session/72f517da-910c-46a8-8c18-f52fc551c88e/elements&amp#27;[39m
&amp#27;[35m[HTTP]&amp#27;[39m &amp#27;[90m{"using":"xpath","value":"//android.widget.TextView"}&amp#27;[39m
[debug] &amp#27;[35m[W3C (72f517da)]&amp#27;[39m Calling AppiumDriver.findElements() with args: ["xpath","//android.widget.TextView","72f517da-910c-46a8-8c18-f52fc551c88e"]
[debug] &amp#27;[35m[BaseDriver]&amp#27;[39m Valid locator strategies for this request: xpath, id, class name, accessibility id, css selector, -android uiautomator
[debug] &amp#27;[35m[BaseDriver]&amp#27;[39m Waiting up to 20000 ms for condition
[debug] &amp#27;[35m[WD Proxy]&amp#27;[39m Matched '/elements' to command name 'findElements'
[debug] &amp#27;[35m[WD Proxy]&amp#27;[39m Proxying [POST /elements] to [POST http://127.0.0.1:8200/wd/hub/session/a8830392-9b85-4943-b889-72250055e4eb/elements] with body: {"strategy":"xpath","selector":"//android.widget.TextView","context":"","multiple":true}
[debug] &amp#27;[35m[WD Proxy]&amp#27;[39m Got response with status 200: {"sessionId":"a8830392-9b85-4943-b889-72250055e4eb","value":[{"ELEMENT":"5d22264a-ee7a-4107-9217-05e4e6895cc3","element-6066-11e4-a52e-4f735466cecf":"5d22264a-ee7a-4107-9217-05e4e6895cc3"},{"ELEMENT":"c1a5619c-c4a7-4361-8d39-bddb1a59c7db","element-6066-11e4-a52e-4f735466cecf":"c1a5619c-c4a7-4361-8d39-bddb1a59c7db"},{"ELEMENT":"5b2d2080-05a3-42fc-8cc6-9dea68e1bdfe","element-6066-11e4-a52e-4f735466cecf":"5b2d2080-05a3-42fc-8cc6-9dea68e1bdfe"},{"ELEMENT":"a609ce8e-8031-4681-8357-f206669f3308","element-6066-11e4-a52e-4f735466cecf":"a609ce8e-8031-4681-8357-f206669f3308"},{"ELEMENT":"466ade04-edd4-46c0-890f-ae4e3579ee6d","element-6066-11e4-a52e-4f735466cecf":"466ade04-edd4-46c0-890f-ae4e3579ee6d"},{"ELEMENT":"7695ce32-d9ec-4887-933c-fd6bc72974ad","element-6066-11e4-a52e-4f735466cecf":"7695ce32-d9ec-4887-933c-fd6bc72974ad"},{"ELEMENT":"6719478a-ca65-4b74-9785-d8fec5641007","element-6066-11e4-a52e-4f735466cecf":"6719478a-ca65-4b74-9785-d8fec5641007"},{"ELEMENT":"57f9ea92-4a7d-46a5-99e3-6e61e5b56f6f","element-6066-...
[debug] &amp#27;[35m[W3C (72f517da)]&amp#27;[39m Responding to client with driver.findElements() result: [{"element-6066-11e4-a52e-4f735466cecf":"5d22264a-ee7a-4107-9217-05e4e6895cc3","ELEMENT":"5d22264a-ee7a-4107-9217-05e4e6895cc3"},{"element-6066-11e4-a52e-4f735466cecf":"c1a5619c-c4a7-4361-8d39-bddb1a59c7db","ELEMENT":"c1a5619c-c4a7-4361-8d39-bddb1a59c7db"},{"element-6066-11e4-a52e-4f735466cecf":"5b2d2080-05a3-42fc-8cc6-9dea68e1bdfe","ELEMENT":"5b2d2080-05a3-42fc-8cc6-9dea68e1bdfe"},{"element-6066-11e4-a52e-4f735466cecf":"a609ce8e-8031-4681-8357-f206669f3308","ELEMENT":"a609ce8e-8031-4681-8357-f206669f3308"},{"element-6066-11e4-a52e-4f735466cecf":"466ade04-edd4-46c0-890f-ae4e3579ee6d","ELEMENT":"466ade04-edd4-46c0-890f-ae4e3579ee6d"},{"element-6066-11e4-a52e-4f735466cecf":"7695ce32-d9ec-4887-933c-fd6bc72974ad","ELEMENT":"7695ce32-d9ec-4887-933c-fd6bc72974ad"},{"element-6066-11e4-a52e-4f735466cecf":"6719478a-ca65-4b74-9785-d8fec5641007","ELEMENT":"6719478a-ca65-4b74-9785-d8fec5641007"},{"element-6066-11e4-a52e-4f735466cecf":"57f9ea92-4a7d-46a5-99e3-6e61e5b56f6f","ELEMENT":"57f9ea92-4a7d-46a5-99e3-6e61e5b56f6...
&amp#27;[35m[HTTP]&amp#27;[39m &amp#27;[37m<-- POST /wd/hub/session/72f517da-910c-46a8-8c18-f52fc551c88e/elements &amp#27;[39m&amp#27;[32m200&amp#27;[39m &amp#27;[90m135 ms - 1291&amp#27;[39m
&amp#27;[35m[HTTP]&amp#27;[39m &amp#27;[90m&amp#27;[39m
&amp#27;[35m[HTTP]&amp#27;[39m &amp#27;[37m-->&amp#27;[39m &amp#27;[37mGET&amp#27;[39m &amp#27;[37m/wd/hub/session/72f517da-910c-46a8-8c18-f52fc551c88e/element/5b2d2080-05a3-42fc-8cc6-9dea68e1bdfe/text&amp#27;[39m
&amp#27;[35m[HTTP]&amp#27;[39m &amp#27;[90m{}&amp#27;[39m
&amp#27;[35m[W3C (72f517da)]&amp#27;[39m Driver proxy active, passing request on via HTTP proxy
[debug] &amp#27;[35m[WD Proxy]&amp#27;[39m Matched '/wd/hub/session/72f517da-910c-46a8-8c18-f52fc551c88e/element/5b2d2080-05a3-42fc-8cc6-9dea68e1bdfe/text' to command name 'getText'
[debug] &amp#27;[35m[WD Proxy]&amp#27;[39m Proxying [GET /wd/hub/session/72f517da-910c-46a8-8c18-f52fc551c88e/element/5b2d2080-05a3-42fc-8cc6-9dea68e1bdfe/text] to [GET http://127.0.0.1:8200/wd/hub/session/a8830392-9b85-4943-b889-72250055e4eb/element/5b2d2080-05a3-42fc-8cc6-9dea68e1bdfe/text] with no body
[debug] &amp#27;[35m[WD Proxy]&amp#27;[39m Got response with status 200: {"sessionId":"a8830392-9b85-4943-b889-72250055e4eb","value":"SAVINGS"}
&amp#27;[35m[WD Proxy]&amp#27;[39m Replacing sessionId a8830392-9b85-4943-b889-72250055e4eb with 72f517da-910c-46a8-8c18-f52fc551c88e
&amp#27;[35m[HTTP]&amp#27;[39m &amp#27;[37m<-- GET /wd/hub/session/72f517da-910c-46a8-8c18-f52fc551c88e/element/5b2d2080-05a3-42fc-8cc6-9dea68e1bdfe/text &amp#27;[39m&amp#27;[32m200&amp#27;[39m &amp#27;[90m27 ms - 70&amp#27;[39m
&amp#27;[35m[HTTP]&amp#27;[39m &amp#27;[90m&amp#27;[39m

&amp#27;[35m[HTTP]&amp#27;[39m &amp#27;[37m-->&amp#27;[39m &amp#27;[37mGET&amp#27;[39m &amp#27;[37m/wd/hub/session/72f517da-910c-46a8-8c18-f52fc551c88e/context&amp#27;[39m
&amp#27;[35m[HTTP]&amp#27;[39m &amp#27;[90m{}&amp#27;[39m
[debug] &amp#27;[35m[W3C (72f517da)]&amp#27;[39m Calling AppiumDriver.getCurrentContext() with args: ["72f517da-910c-46a8-8c18-f52fc551c88e"]
[debug] &amp#27;[35m[W3C (72f517da)]&amp#27;[39m Responding to client with driver.getCurrentContext() result: "NATIVE_APP"
&amp#27;[35m[HTTP]&amp#27;[39m &amp#27;[37m<-- GET /wd/hub/session/72f517da-910c-46a8-8c18-f52fc551c88e/context &amp#27;[39m&amp#27;[32m200&amp#27;[39m &amp#27;[90m1 ms - 22&amp#27;[39m
&amp#27;[35m[HTTP]&amp#27;[39m &amp#27;[90m&amp#27;[39m
&amp#27;[35m[HTTP]&amp#27;[39m &amp#27;[37m-->&amp#27;[39m &amp#27;[37mPOST&amp#27;[39m &amp#27;[37m/wd/hub/session/72f517da-910c-46a8-8c18-f52fc551c88e/elements&amp#27;[39m
&amp#27;[35m[HTTP]&amp#27;[39m &amp#27;[90m{"using":"xpath","value":"//android.view.View"}&amp#27;[39m
[debug] &amp#27;[35m[W3C (72f517da)]&amp#27;[39m Calling AppiumDriver.findElements() with args: ["xpath","//android.view.View","72f517da-910c-46a8-8c18-f52fc551c88e"]
[debug] &amp#27;[35m[BaseDriver]&amp#27;[39m Valid locator strategies for this request: xpath, id, class name, accessibility id, css selector, -android uiautomator
[debug] &amp#27;[35m[BaseDriver]&amp#27;[39m Waiting up to 20000 ms for condition
[debug] &amp#27;[35m[WD Proxy]&amp#27;[39m Matched '/elements' to command name 'findElements'
[debug] &amp#27;[35m[WD Proxy]&amp#27;[39m Proxying [POST /elements] to [POST http://127.0.0.1:8200/wd/hub/session/a8830392-9b85-4943-b889-72250055e4eb/elements] with body: {"strategy":"xpath","selector":"//android.view.View","context":"","multiple":true}
[debug] &amp#27;[35m[WD Proxy]&amp#27;[39m Got response with status 200: {"sessionId":"a8830392-9b85-4943-b889-72250055e4eb","value":[{"ELEMENT":"bc9b60e4-0586-4da9-b009-df0065be807f","element-6066-11e4-a52e-4f735466cecf":"bc9b60e4-0586-4da9-b009-df0065be807f"},{"ELEMENT":"076f1a3f-08b3-45b6-bace-f2a48cae701c","element-6066-11e4-a52e-4f735466cecf":"076f1a3f-08b3-45b6-bace-f2a48cae701c"},{"ELEMENT":"4606c593-f933-44c6-9709-f1c2632536f2","element-6066-11e4-a52e-4f735466cecf":"4606c593-f933-44c6-9709-f1c2632536f2"},{"ELEMENT":"bf1bde7a-2593-4dac-9d18-9ff9483dc44e","element-6066-11e4-a52e-4f735466cecf":"bf1bde7a-2593-4dac-9d18-9ff9483dc44e"},{"ELEMENT":"0adde705-6b30-4d3f-9bbb-9f59442e2a90","element-6066-11e4-a52e-4f735466cecf":"0adde705-6b30-4d3f-9bbb-9f59442e2a90"},{"ELEMENT":"85b51041-f8b9-49fb-ba51-c5ab3ba0e81e","element-6066-11e4-a52e-4f735466cecf":"85b51041-f8b9-49fb-ba51-c5ab3ba0e81e"},{"ELEMENT":"5c83c467-8fc8-446c-b73c-d67e5e413353","element-6066-11e4-a52e-4f735466cecf":"5c83c467-8fc8-446c-b73c-d67e5e413353"},{"ELEMENT":"f874a443-0ad7-4b54-87e5-964ef7c520e3","element-6066-...
[debug] &amp#27;[35m[W3C (72f517da)]&amp#27;[39m Responding to client with driver.findElements() result: [{"element-6066-11e4-a52e-4f735466cecf":"bc9b60e4-0586-4da9-b009-df0065be807f","ELEMENT":"bc9b60e4-0586-4da9-b009-df0065be807f"},{"element-6066-11e4-a52e-4f735466cecf":"076f1a3f-08b3-45b6-bace-f2a48cae701c","ELEMENT":"076f1a3f-08b3-45b6-bace-f2a48cae701c"},{"element-6066-11e4-a52e-4f735466cecf":"4606c593-f933-44c6-9709-f1c2632536f2","ELEMENT":"4606c593-f933-44c6-9709-f1c2632536f2"},{"element-6066-11e4-a52e-4f735466cecf":"bf1bde7a-2593-4dac-9d18-9ff9483dc44e","ELEMENT":"bf1bde7a-2593-4dac-9d18-9ff9483dc44e"},{"element-6066-11e4-a52e-4f735466cecf":"0adde705-6b30-4d3f-9bbb-9f59442e2a90","ELEMENT":"0adde705-6b30-4d3f-9bbb-9f59442e2a90"},{"element-6066-11e4-a52e-4f735466cecf":"85b51041-f8b9-49fb-ba51-c5ab3ba0e81e","ELEMENT":"85b51041-f8b9-49fb-ba51-c5ab3ba0e81e"},{"element-6066-11e4-a52e-4f735466cecf":"5c83c467-8fc8-446c-b73c-d67e5e413353","ELEMENT":"5c83c467-8fc8-446c-b73c-d67e5e413353"},{"element-6066-11e4-a52e-4f735466cecf":"f874a443-0ad7-4b54-87e5-964ef7c520e3","ELEMENT":"f874a443-0ad7-4b54-87e5-964ef7c520e...
&amp#27;[35m[HTTP]&amp#27;[39m &amp#27;[37m<-- POST /wd/hub/session/72f517da-910c-46a8-8c18-f52fc551c88e/elements &amp#27;[39m&amp#27;[32m200&amp#27;[39m &amp#27;[90m169 ms - 6155&amp#27;[39m
&amp#27;[35m[HTTP]&amp#27;[39m &amp#27;[90m&amp#27;[39m
&amp#27;[35m[HTTP]&amp#27;[39m &amp#27;[37m-->&amp#27;[39m &amp#27;[37mGET&amp#27;[39m &amp#27;[37m/wd/hub/session/72f517da-910c-46a8-8c18-f52fc551c88e/element/55021d07-baff-469b-8b9c-b8f1889c6241/text&amp#27;[39m
&amp#27;[35m[HTTP]&amp#27;[39m &amp#27;[90m{}&amp#27;[39m
&amp#27;[35m[W3C (72f517da)]&amp#27;[39m Driver proxy active, passing request on via HTTP proxy
[debug] &amp#27;[35m[WD Proxy]&amp#27;[39m Matched '/wd/hub/session/72f517da-910c-46a8-8c18-f52fc551c88e/element/55021d07-baff-469b-8b9c-b8f1889c6241/text' to command name 'getText'
[debug] &amp#27;[35m[WD Proxy]&amp#27;[39m Proxying [GET /wd/hub/session/72f517da-910c-46a8-8c18-f52fc551c88e/element/55021d07-baff-469b-8b9c-b8f1889c6241/text] to [GET http://127.0.0.1:8200/wd/hub/session/a8830392-9b85-4943-b889-72250055e4eb/element/55021d07-baff-469b-8b9c-b8f1889c6241/text] with no body
[debug] &amp#27;[35m[WD Proxy]&amp#27;[39m Got response with status 200: {"sessionId":"a8830392-9b85-4943-b889-72250055e4eb","value":""}
&amp#27;[35m[WD Proxy]&amp#27;[39m Replacing sessionId a8830392-9b85-4943-b889-72250055e4eb with 72f517da-910c-46a8-8c18-f52fc551c88e
&amp#27;[35m[HTTP]&amp#27;[39m &amp#27;[37m<-- GET /wd/hub/session/72f517da-910c-46a8-8c18-f52fc551c88e/element/55021d07-baff-469b-8b9c-b8f1889c6241/text &amp#27;[39m&amp#27;[32m200&amp#27;[39m &amp#27;[90m17 ms - 63&amp#27;[39m
&amp#27;[35m[HTTP]&amp#27;[39m &amp#27;[90m&amp#27;[39m
&amp#27;[35m[HTTP]&amp#27;[39m &amp#27;[37m-->&amp#27;[39m &amp#27;[37mGET&amp#27;[39m &amp#27;[37m/wd/hub/session/72f517da-910c-46a8-8c18-f52fc551c88e/context&amp#27;[39m
&amp#27;[35m[HTTP]&amp#27;[39m &amp#27;[90m{}&amp#27;[39m
[debug] &amp#27;[35m[W3C (72f517da)]&amp#27;[39m Calling AppiumDriver.getCurrentContext() with args: ["72f517da-910c-46a8-8c18-f52fc551c88e"]
[debug] &amp#27;[35m[W3C (72f517da)]&amp#27;[39m Responding to client with driver.getCurrentContext() result: "NATIVE_APP"
&amp#27;[35m[HTTP]&amp#27;[39m &amp#27;[37m<-- GET /wd/hub/session/72f517da-910c-46a8-8c18-f52fc551c88e/context &amp#27;[39m&amp#27;[32m200&amp#27;[39m &amp#27;[90m1 ms - 22&amp#27;[39m
&amp#27;[35m[HTTP]&amp#27;[39m &amp#27;[90m&amp#27;[39m
&amp#27;[35m[HTTP]&amp#27;[39m &amp#27;[37m-->&amp#27;[39m &amp#27;[37mPOST&amp#27;[39m &amp#27;[37m/wd/hub/session/72f517da-910c-46a8-8c18-f52fc551c88e/elements&amp#27;[39m
&amp#27;[35m[HTTP]&amp#27;[39m &amp#27;[90m{"using":"xpath","value":"//android.widget.TextView"}&amp#27;[39m
[debug] &amp#27;[35m[W3C (72f517da)]&amp#27;[39m Calling AppiumDriver.findElements() with args: ["xpath","//android.widget.TextView","72f517da-910c-46a8-8c18-f52fc551c88e"]
[debug] &amp#27;[35m[BaseDriver]&amp#27;[39m Valid locator strategies for this request: xpath, id, class name, accessibility id, css selector, -android uiautomator
[debug] &amp#27;[35m[BaseDriver]&amp#27;[39m Waiting up to 20000 ms for condition
[debug] &amp#27;[35m[WD Proxy]&amp#27;[39m Matched '/elements' to command name 'findElements'
[debug] &amp#27;[35m[WD Proxy]&amp#27;[39m Proxying [POST /elements] to [POST http://127.0.0.1:8200/wd/hub/session/a8830392-9b85-4943-b889-72250055e4eb/elements] with body: {"strategy":"xpath","selector":"//android.widget.TextView","context":"","multiple":true}
[debug] &amp#27;[35m[WD Proxy]&amp#27;[39m Got response with status 200: {"sessionId":"a8830392-9b85-4943-b889-72250055e4eb","value":[{"ELEMENT":"6533aea0-04d1-46ee-8eb9-2a88d565835f","element-6066-11e4-a52e-4f735466cecf":"6533aea0-04d1-46ee-8eb9-2a88d565835f"},{"ELEMENT":"8fce53f0-53b5-4609-8d4d-cd3378540add","element-6066-11e4-a52e-4f735466cecf":"8fce53f0-53b5-4609-8d4d-cd3378540add"},{"ELEMENT":"0f7cbc95-8f0e-4ed1-b2fb-8b75f80b2b13","element-6066-11e4-a52e-4f735466cecf":"0f7cbc95-8f0e-4ed1-b2fb-8b75f80b2b13"},{"ELEMENT":"f7f2df5c-9343-4e7c-b39e-4dbc2f3fea38","element-6066-11e4-a52e-4f735466cecf":"f7f2df5c-9343-4e7c-b39e-4dbc2f3fea38"},{"ELEMENT":"6eb66acb-cdb4-4177-a066-a039426af8d8","element-6066-11e4-a52e-4f735466cecf":"6eb66acb-cdb4-4177-a066-a039426af8d8"},{"ELEMENT":"c770c0ca-d72e-43f1-8b26-50e04e3681b0","element-6066-11e4-a52e-4f735466cecf":"c770c0ca-d72e-43f1-8b26-50e04e3681b0"},{"ELEMENT":"dd04c7d4-c24c-4d2a-976b-efb6ca1812ae","element-6066-11e4-a52e-4f735466cecf":"dd04c7d4-c24c-4d2a-976b-efb6ca1812ae"},{"ELEMENT":"1d0ff354-b309-4bbf-8868-6294d4c1e08b","element-6066-...
[debug] &amp#27;[35m[W3C (72f517da)]&amp#27;[39m Responding to client with driver.findElements() result: [{"element-6066-11e4-a52e-4f735466cecf":"6533aea0-04d1-46ee-8eb9-2a88d565835f","ELEMENT":"6533aea0-04d1-46ee-8eb9-2a88d565835f"},{"element-6066-11e4-a52e-4f735466cecf":"8fce53f0-53b5-4609-8d4d-cd3378540add","ELEMENT":"8fce53f0-53b5-4609-8d4d-cd3378540add"},{"element-6066-11e4-a52e-4f735466cecf":"0f7cbc95-8f0e-4ed1-b2fb-8b75f80b2b13","ELEMENT":"0f7cbc95-8f0e-4ed1-b2fb-8b75f80b2b13"},{"element-6066-11e4-a52e-4f735466cecf":"f7f2df5c-9343-4e7c-b39e-4dbc2f3fea38","ELEMENT":"f7f2df5c-9343-4e7c-b39e-4dbc2f3fea38"},{"element-6066-11e4-a52e-4f735466cecf":"6eb66acb-cdb4-4177-a066-a039426af8d8","ELEMENT":"6eb66acb-cdb4-4177-a066-a039426af8d8"},{"element-6066-11e4-a52e-4f735466cecf":"c770c0ca-d72e-43f1-8b26-50e04e3681b0","ELEMENT":"c770c0ca-d72e-43f1-8b26-50e04e3681b0"},{"element-6066-11e4-a52e-4f735466cecf":"dd04c7d4-c24c-4d2a-976b-efb6ca1812ae","ELEMENT":"dd04c7d4-c24c-4d2a-976b-efb6ca1812ae"},{"element-6066-11e4-a52e-4f735466cecf":"1d0ff354-b309-4bbf-8868-6294d4c1e08b","ELEMENT":"1d0ff354-b309-4bbf-8868-6294d4c1e08...
&amp#27;[35m[HTTP]&amp#27;[39m &amp#27;[37m<-- POST /wd/hub/session/72f517da-910c-46a8-8c18-f52fc551c88e/elements &amp#27;[39m&amp#27;[32m200&amp#27;[39m &amp#27;[90m122 ms - 1291&amp#27;[39m
&amp#27;[35m[HTTP]&amp#27;[39m &amp#27;[90m&amp#27;[39m
&amp#27;[35m[HTTP]&amp#27;[39m &amp#27;[37m-->&amp#27;[39m &amp#27;[37mGET&amp#27;[39m &amp#27;[37m/wd/hub/session/72f517da-910c-46a8-8c18-f52fc551c88e/element/0f7cbc95-8f0e-4ed1-b2fb-8b75f80b2b13/text&amp#27;[39m
&amp#27;[35m[HTTP]&amp#27;[39m &amp#27;[90m{}&amp#27;[39m
&amp#27;[35m[W3C (72f517da)]&amp#27;[39m Driver proxy active, passing request on via HTTP proxy
[debug] &amp#27;[35m[WD Proxy]&amp#27;[39m Matched '/wd/hub/session/72f517da-910c-46a8-8c18-f52fc551c88e/element/0f7cbc95-8f0e-4ed1-b2fb-8b75f80b2b13/text' to command name 'getText'
[debug] &amp#27;[35m[WD Proxy]&amp#27;[39m Proxying [GET /wd/hub/session/72f517da-910c-46a8-8c18-f52fc551c88e/element/0f7cbc95-8f0e-4ed1-b2fb-8b75f80b2b13/text] to [GET http://127.0.0.1:8200/wd/hub/session/a8830392-9b85-4943-b889-72250055e4eb/element/0f7cbc95-8f0e-4ed1-b2fb-8b75f80b2b13/text] with no body
[debug] &amp#27;[35m[WD Proxy]&amp#27;[39m Got response with status 200: {"sessionId":"a8830392-9b85-4943-b889-72250055e4eb","value":"SAVINGS"}
&amp#27;[35m[WD Proxy]&amp#27;[39m Replacing sessionId a8830392-9b85-4943-b889-72250055e4eb with 72f517da-910c-46a8-8c18-f52fc551c88e
&amp#27;[35m[HTTP]&amp#27;[39m &amp#27;[37m<-- GET /wd/hub/session/72f517da-910c-46a8-8c18-f52fc551c88e/element/0f7cbc95-8f0e-4ed1-b2fb-8b75f80b2b13/text &amp#27;[39m&amp#27;[32m200&amp#27;[39m &amp#27;[90m16 ms - 70&amp#27;[39m
&amp#27;[35m[HTTP]&amp#27;[39m &amp#27;[90m&amp#27;[39m

&amp#27;[35m[HTTP]&amp#27;[39m &amp#27;[37m-->&amp#27;[39m &amp#27;[37mGET&amp#27;[39m &amp#27;[37m/wd/hub/session/72f517da-910c-46a8-8c18-f52fc551c88e/context&amp#27;[39m
&amp#27;[35m[HTTP]&amp#27;[39m &amp#27;[90m{}&amp#27;[39m
[debug] &amp#27;[35m[W3C (72f517da)]&amp#27;[39m Calling AppiumDriver.getCurrentContext() with args: ["72f517da-910c-46a8-8c18-f52fc551c88e"]
[debug] &amp#27;[35m[W3C (72f517da)]&amp#27;[39m Responding to client with driver.getCurrentContext() result: "NATIVE_APP"
&amp#27;[35m[HTTP]&amp#27;[39m &amp#27;[37m<-- GET /wd/hub/session/72f517da-910c-46a8-8c18-f52fc551c88e/context &amp#27;[39m&amp#27;[32m200&amp#27;[39m &amp#27;[90m1 ms - 22&amp#27;[39m
&amp#27;[35m[HTTP]&amp#27;[39m &amp#27;[90m&amp#27;[39m
&amp#27;[35m[HTTP]&amp#27;[39m &amp#27;[37m-->&amp#27;[39m &amp#27;[37mPOST&amp#27;[39m &amp#27;[37m/wd/hub/session/72f517da-910c-46a8-8c18-f52fc551c88e/elements&amp#27;[39m
&amp#27;[35m[HTTP]&amp#27;[39m &amp#27;[90m{"using":"xpath","value":"//android.view.View"}&amp#27;[39m
[debug] &amp#27;[35m[W3C (72f517da)]&amp#27;[39m Calling AppiumDriver.findElements() with args: ["xpath","//android.view.View","72f517da-910c-46a8-8c18-f52fc551c88e"]
[debug] &amp#27;[35m[BaseDriver]&amp#27;[39m Valid locator strategies for this request: xpath, id, class name, accessibility id, css selector, -android uiautomator
[debug] &amp#27;[35m[BaseDriver]&amp#27;[39m Waiting up to 20000 ms for condition
[debug] &amp#27;[35m[WD Proxy]&amp#27;[39m Matched '/elements' to command name 'findElements'
[debug] &amp#27;[35m[WD Proxy]&amp#27;[39m Proxying [POST /elements] to [POST http://127.0.0.1:8200/wd/hub/session/a8830392-9b85-4943-b889-72250055e4eb/elements] with body: {"strategy":"xpath","selector":"//android.view.View","context":"","multiple":true}
[debug] &amp#27;[35m[WD Proxy]&amp#27;[39m Got response with status 200: {"sessionId":"a8830392-9b85-4943-b889-72250055e4eb","value":[{"ELEMENT":"8874c091-1d0d-441b-a140-a351f798fd10","element-6066-11e4-a52e-4f735466cecf":"8874c091-1d0d-441b-a140-a351f798fd10"},{"ELEMENT":"b23321b0-5472-4306-8446-f0c22234e223","element-6066-11e4-a52e-4f735466cecf":"b23321b0-5472-4306-8446-f0c22234e223"},{"ELEMENT":"509e3c15-a8c2-4f17-9fa2-2765ab84409b","element-6066-11e4-a52e-4f735466cecf":"509e3c15-a8c2-4f17-9fa2-2765ab84409b"},{"ELEMENT":"1d9372ed-65a4-4edd-9d82-56e035751ee5","element-6066-11e4-a52e-4f735466cecf":"1d9372ed-65a4-4edd-9d82-56e035751ee5"},{"ELEMENT":"1e12af55-b9b6-4ded-a075-eed0949fab02","element-6066-11e4-a52e-4f735466cecf":"1e12af55-b9b6-4ded-a075-eed0949fab02"},{"ELEMENT":"a1441460-3e06-434b-aec3-194c4afb5b48","element-6066-11e4-a52e-4f735466cecf":"a1441460-3e06-434b-aec3-194c4afb5b48"},{"ELEMENT":"288581a1-e313-45e6-82cf-95e8ce7482e6","element-6066-11e4-a52e-4f735466cecf":"288581a1-e313-45e6-82cf-95e8ce7482e6"},{"ELEMENT":"b793fa95-89a4-4d4a-ab6f-b121182812d4","element-6066-...
[debug] &amp#27;[35m[W3C (72f517da)]&amp#27;[39m Responding to client with driver.findElements() result: [{"element-6066-11e4-a52e-4f735466cecf":"8874c091-1d0d-441b-a140-a351f798fd10","ELEMENT":"8874c091-1d0d-441b-a140-a351f798fd10"},{"element-6066-11e4-a52e-4f735466cecf":"b23321b0-5472-4306-8446-f0c22234e223","ELEMENT":"b23321b0-5472-4306-8446-f0c22234e223"},{"element-6066-11e4-a52e-4f735466cecf":"509e3c15-a8c2-4f17-9fa2-2765ab84409b","ELEMENT":"509e3c15-a8c2-4f17-9fa2-2765ab84409b"},{"element-6066-11e4-a52e-4f735466cecf":"1d9372ed-65a4-4edd-9d82-56e035751ee5","ELEMENT":"1d9372ed-65a4-4edd-9d82-56e035751ee5"},{"element-6066-11e4-a52e-4f735466cecf":"1e12af55-b9b6-4ded-a075-eed0949fab02","ELEMENT":"1e12af55-b9b6-4ded-a075-eed0949fab02"},{"element-6066-11e4-a52e-4f735466cecf":"a1441460-3e06-434b-aec3-194c4afb5b48","ELEMENT":"a1441460-3e06-434b-aec3-194c4afb5b48"},{"element-6066-11e4-a52e-4f735466cecf":"288581a1-e313-45e6-82cf-95e8ce7482e6","ELEMENT":"288581a1-e313-45e6-82cf-95e8ce7482e6"},{"element-6066-11e4-a52e-4f735466cecf":"b793fa95-89a4-4d4a-ab6f-b121182812d4","ELEMENT":"b793fa95-89a4-4d4a-ab6f-b121182812d...
&amp#27;[35m[HTTP]&amp#27;[39m &amp#27;[37m<-- POST /wd/hub/session/72f517da-910c-46a8-8c18-f52fc551c88e/elements &amp#27;[39m&amp#27;[32m200&amp#27;[39m &amp#27;[90m214 ms - 6155&amp#27;[39m
&amp#27;[35m[HTTP]&amp#27;[39m &amp#27;[90m&amp#27;[39m
&amp#27;[35m[HTTP]&amp#27;[39m &amp#27;[37m-->&amp#27;[39m &amp#27;[37mGET&amp#27;[39m &amp#27;[37m/wd/hub/session/72f517da-910c-46a8-8c18-f52fc551c88e/element/e20558de-eb7f-4894-8b69-c4f7c072e91b/text&amp#27;[39m
&amp#27;[35m[HTTP]&amp#27;[39m &amp#27;[90m{}&amp#27;[39m
&amp#27;[35m[W3C (72f517da)]&amp#27;[39m Driver proxy active, passing request on via HTTP proxy
[debug] &amp#27;[35m[WD Proxy]&amp#27;[39m Matched '/wd/hub/session/72f517da-910c-46a8-8c18-f52fc551c88e/element/e20558de-eb7f-4894-8b69-c4f7c072e91b/text' to command name 'getText'
[debug] &amp#27;[35m[WD Proxy]&amp#27;[39m Proxying [GET /wd/hub/session/72f517da-910c-46a8-8c18-f52fc551c88e/element/e20558de-eb7f-4894-8b69-c4f7c072e91b/text] to [GET http://127.0.0.1:8200/wd/hub/session/a8830392-9b85-4943-b889-72250055e4eb/element/e20558de-eb7f-4894-8b69-c4f7c072e91b/text] with no body
[debug] &amp#27;[35m[WD Proxy]&amp#27;[39m Got response with status 200: {"sessionId":"a8830392-9b85-4943-b889-72250055e4eb","value":"XX 741"}
&amp#27;[35m[WD Proxy]&amp#27;[39m Replacing sessionId a8830392-9b85-4943-b889-72250055e4eb with 72f517da-910c-46a8-8c18-f52fc551c88e
&amp#27;[35m[HTTP]&amp#27;[39m &amp#27;[37m<-- GET /wd/hub/session/72f517da-910c-46a8-8c18-f52fc551c88e/element/e20558de-eb7f-4894-8b69-c4f7c072e91b/text &amp#27;[39m&amp#27;[32m200&amp#27;[39m &amp#27;[90m21 ms - 69&amp#27;[39m
&amp#27;[35m[HTTP]&amp#27;[39m &amp#27;[90m&amp#27;[39m
&amp#27;[35m[HTTP]&amp#27;[39m &amp#27;[37m-->&amp#27;[39m &amp#27;[37mGET&amp#27;[39m &amp#27;[37m/wd/hub/session/72f517da-910c-46a8-8c18-f52fc551c88e/context&amp#27;[39m
&amp#27;[35m[HTTP]&amp#27;[39m &amp#27;[90m{}&amp#27;[39m
[debug] &amp#27;[35m[W3C (72f517da)]&amp#27;[39m Calling AppiumDriver.getCurrentContext() with args: ["72f517da-910c-46a8-8c18-f52fc551c88e"]
[debug] &amp#27;[35m[W3C (72f517da)]&amp#27;[39m Responding to client with driver.getCurrentContext() result: "NATIVE_APP"
&amp#27;[35m[HTTP]&amp#27;[39m &amp#27;[37m<-- GET /wd/hub/session/72f517da-910c-46a8-8c18-f52fc551c88e/context &amp#27;[39m&amp#27;[32m200&amp#27;[39m &amp#27;[90m1 ms - 22&amp#27;[39m
&amp#27;[35m[HTTP]&amp#27;[39m &amp#27;[90m&amp#27;[39m
&amp#27;[35m[HTTP]&amp#27;[39m &amp#27;[37m-->&amp#27;[39m &amp#27;[37mPOST&amp#27;[39m &amp#27;[37m/wd/hub/session/72f517da-910c-46a8-8c18-f52fc551c88e/elements&amp#27;[39m
&amp#27;[35m[HTTP]&amp#27;[39m &amp#27;[90m{"using":"xpath","value":"//android.widget.TextView"}&amp#27;[39m
[debug] &amp#27;[35m[W3C (72f517da)]&amp#27;[39m Calling AppiumDriver.findElements() with args: ["xpath","//android.widget.TextView","72f517da-910c-46a8-8c18-f52fc551c88e"]
[debug] &amp#27;[35m[BaseDriver]&amp#27;[39m Valid locator strategies for this request: xpath, id, class name, accessibility id, css selector, -android uiautomator
[debug] &amp#27;[35m[BaseDriver]&amp#27;[39m Waiting up to 20000 ms for condition
[debug] &amp#27;[35m[WD Proxy]&amp#27;[39m Matched '/elements' to command name 'findElements'
[debug] &amp#27;[35m[WD Proxy]&amp#27;[39m Proxying [POST /elements] to [POST http://127.0.0.1:8200/wd/hub/session/a8830392-9b85-4943-b889-72250055e4eb/elements] with body: {"strategy":"xpath","selector":"//android.widget.TextView","context":"","multiple":true}
[debug] &amp#27;[35m[WD Proxy]&amp#27;[39m Got response with status 200: {"sessionId":"a8830392-9b85-4943-b889-72250055e4eb","value":[{"ELEMENT":"c67ac5fb-6517-4fda-bdbd-0245334aa0ad","element-6066-11e4-a52e-4f735466cecf":"c67ac5fb-6517-4fda-bdbd-0245334aa0ad"},{"ELEMENT":"cd76a3c5-5dbe-4201-a306-b8d6933be673","element-6066-11e4-a52e-4f735466cecf":"cd76a3c5-5dbe-4201-a306-b8d6933be673"},{"ELEMENT":"1bf94a4b-359a-4281-9443-919902a5a75d","element-6066-11e4-a52e-4f735466cecf":"1bf94a4b-359a-4281-9443-919902a5a75d"},{"ELEMENT":"1aa66da5-98c1-412a-97cb-0583bcd171ba","element-6066-11e4-a52e-4f735466cecf":"1aa66da5-98c1-412a-97cb-0583bcd171ba"},{"ELEMENT":"d2fb388b-32ef-40d2-a227-1b283592f8aa","element-6066-11e4-a52e-4f735466cecf":"d2fb388b-32ef-40d2-a227-1b283592f8aa"},{"ELEMENT":"fae59963-7554-40ca-893f-66cf0cfc2605","element-6066-11e4-a52e-4f735466cecf":"fae59963-7554-40ca-893f-66cf0cfc2605"},{"ELEMENT":"56366939-0d03-44d4-b9fb-3541cfafce5d","element-6066-11e4-a52e-4f735466cecf":"56366939-0d03-44d4-b9fb-3541cfafce5d"},{"ELEMENT":"e7701f41-4be9-4687-b415-4d17df2dec6d","element-6066-...
[debug] &amp#27;[35m[W3C (72f517da)]&amp#27;[39m Responding to client with driver.findElements() result: [{"element-6066-11e4-a52e-4f735466cecf":"c67ac5fb-6517-4fda-bdbd-0245334aa0ad","ELEMENT":"c67ac5fb-6517-4fda-bdbd-0245334aa0ad"},{"element-6066-11e4-a52e-4f735466cecf":"cd76a3c5-5dbe-4201-a306-b8d6933be673","ELEMENT":"cd76a3c5-5dbe-4201-a306-b8d6933be673"},{"element-6066-11e4-a52e-4f735466cecf":"1bf94a4b-359a-4281-9443-919902a5a75d","ELEMENT":"1bf94a4b-359a-4281-9443-919902a5a75d"},{"element-6066-11e4-a52e-4f735466cecf":"1aa66da5-98c1-412a-97cb-0583bcd171ba","ELEMENT":"1aa66da5-98c1-412a-97cb-0583bcd171ba"},{"element-6066-11e4-a52e-4f735466cecf":"d2fb388b-32ef-40d2-a227-1b283592f8aa","ELEMENT":"d2fb388b-32ef-40d2-a227-1b283592f8aa"},{"element-6066-11e4-a52e-4f735466cecf":"fae59963-7554-40ca-893f-66cf0cfc2605","ELEMENT":"fae59963-7554-40ca-893f-66cf0cfc2605"},{"element-6066-11e4-a52e-4f735466cecf":"56366939-0d03-44d4-b9fb-3541cfafce5d","ELEMENT":"56366939-0d03-44d4-b9fb-3541cfafce5d"},{"element-6066-11e4-a52e-4f735466cecf":"e7701f41-4be9-4687-b415-4d17df2dec6d","ELEMENT":"e7701f41-4be9-4687-b415-4d17df2dec6...
&amp#27;[35m[HTTP]&amp#27;[39m &amp#27;[37m<-- POST /wd/hub/session/72f517da-910c-46a8-8c18-f52fc551c88e/elements &amp#27;[39m&amp#27;[32m200&amp#27;[39m &amp#27;[90m134 ms - 1291&amp#27;[39m
&amp#27;[35m[HTTP]&amp#27;[39m &amp#27;[90m&amp#27;[39m
&amp#27;[35m[HTTP]&amp#27;[39m &amp#27;[37m-->&amp#27;[39m &amp#27;[37mGET&amp#27;[39m &amp#27;[37m/wd/hub/session/72f517da-910c-46a8-8c18-f52fc551c88e/element/1bf94a4b-359a-4281-9443-919902a5a75d/text&amp#27;[39m
&amp#27;[35m[HTTP]&amp#27;[39m &amp#27;[90m{}&amp#27;[39m
&amp#27;[35m[W3C (72f517da)]&amp#27;[39m Driver proxy active, passing request on via HTTP proxy
[debug] &amp#27;[35m[WD Proxy]&amp#27;[39m Matched '/wd/hub/session/72f517da-910c-46a8-8c18-f52fc551c88e/element/1bf94a4b-359a-4281-9443-919902a5a75d/text' to command name 'getText'
[debug] &amp#27;[35m[WD Proxy]&amp#27;[39m Proxying [GET /wd/hub/session/72f517da-910c-46a8-8c18-f52fc551c88e/element/1bf94a4b-359a-4281-9443-919902a5a75d/text] to [GET http://127.0.0.1:8200/wd/hub/session/a8830392-9b85-4943-b889-72250055e4eb/element/1bf94a4b-359a-4281-9443-919902a5a75d/text] with no body
[debug] &amp#27;[35m[WD Proxy]&amp#27;[39m Got response with status 200: {"sessionId":"a8830392-9b85-4943-b889-72250055e4eb","value":"SAVINGS"}
&amp#27;[35m[WD Proxy]&amp#27;[39m Replacing sessionId a8830392-9b85-4943-b889-72250055e4eb with 72f517da-910c-46a8-8c18-f52fc551c88e
&amp#27;[35m[HTTP]&amp#27;[39m &amp#27;[37m<-- GET /wd/hub/session/72f517da-910c-46a8-8c18-f52fc551c88e/element/1bf94a4b-359a-4281-9443-919902a5a75d/text &amp#27;[39m&amp#27;[32m200&amp#27;[39m &amp#27;[90m19 ms - 70&amp#27;[39m
&amp#27;[35m[HTTP]&amp#27;[39m &amp#27;[90m&amp#27;[39m
XX 741:SAVINGS
&amp#27;[35m[HTTP]&amp#27;[39m &amp#27;[37m-->&amp#27;[39m &amp#27;[37mGET&amp#27;[39m &amp#27;[37m/wd/hub/session/72f517da-910c-46a8-8c18-f52fc551c88e/context&amp#27;[39m
&amp#27;[35m[HTTP]&amp#27;[39m &amp#27;[90m{}&amp#27;[39m
[debug] &amp#27;[35m[W3C (72f517da)]&amp#27;[39m Calling AppiumDriver.getCurrentContext() with args: ["72f517da-910c-46a8-8c18-f52fc551c88e"]
[debug] &amp#27;[35m[W3C (72f517da)]&amp#27;[39m Responding to client with driver.getCurrentContext() result: "NATIVE_APP"
&amp#27;[35m[HTTP]&amp#27;[39m &amp#27;[37m<-- GET /wd/hub/session/72f517da-910c-46a8-8c18-f52fc551c88e/context &amp#27;[39m&amp#27;[32m200&amp#27;[39m &amp#27;[90m1 ms - 22&amp#27;[39m
&amp#27;[35m[HTTP]&amp#27;[39m &amp#27;[90m&amp#27;[39m
&amp#27;[35m[HTTP]&amp#27;[39m &amp#27;[37m-->&amp#27;[39m &amp#27;[37mPOST&amp#27;[39m &amp#27;[37m/wd/hub/session/72f517da-910c-46a8-8c18-f52fc551c88e/elements&amp#27;[39m
&amp#27;[35m[HTTP]&amp#27;[39m &amp#27;[90m{"using":"xpath","value":"//android.view.View"}&amp#27;[39m
[debug] &amp#27;[35m[W3C (72f517da)]&amp#27;[39m Calling AppiumDriver.findElements() with args: ["xpath","//android.view.View","72f517da-910c-46a8-8c18-f52fc551c88e"]
[debug] &amp#27;[35m[BaseDriver]&amp#27;[39m Valid locator strategies for this request: xpath, id, class name, accessibility id, css selector, -android uiautomator
[debug] &amp#27;[35m[BaseDriver]&amp#27;[39m Waiting up to 20000 ms for condition
[debug] &amp#27;[35m[WD Proxy]&amp#27;[39m Matched '/elements' to command name 'findElements'
[debug] &amp#27;[35m[WD Proxy]&amp#27;[39m Proxying [POST /elements] to [POST http://127.0.0.1:8200/wd/hub/session/a8830392-9b85-4943-b889-72250055e4eb/elements] with body: {"strategy":"xpath","selector":"//android.view.View","context":"","multiple":true}
[debug] &amp#27;[35m[WD Proxy]&amp#27;[39m Got response with status 200: {"sessionId":"a8830392-9b85-4943-b889-72250055e4eb","value":[{"ELEMENT":"5b79c856-1208-4c56-aeee-989640675240","element-6066-11e4-a52e-4f735466cecf":"5b79c856-1208-4c56-aeee-989640675240"},{"ELEMENT":"30134ce7-8e66-46eb-9c32-441aff7d5b52","element-6066-11e4-a52e-4f735466cecf":"30134ce7-8e66-46eb-9c32-441aff7d5b52"},{"ELEMENT":"fc6fef4e-092a-4f7f-a27c-cf0ea3221c38","element-6066-11e4-a52e-4f735466cecf":"fc6fef4e-092a-4f7f-a27c-cf0ea3221c38"},{"ELEMENT":"6aada179-d4ff-41ab-b15f-7ca715da1631","element-6066-11e4-a52e-4f735466cecf":"6aada179-d4ff-41ab-b15f-7ca715da1631"},{"ELEMENT":"26507949-0038-4f5e-9a47-f57e36dc6f9a","element-6066-11e4-a52e-4f735466cecf":"26507949-0038-4f5e-9a47-f57e36dc6f9a"},{"ELEMENT":"5b68d1d8-4009-4f77-a759-eb1dbd0ec860","element-6066-11e4-a52e-4f735466cecf":"5b68d1d8-4009-4f77-a759-eb1dbd0ec860"},{"ELEMENT":"7f2527f0-d961-45c0-b713-82a281b7cee4","element-6066-11e4-a52e-4f735466cecf":"7f2527f0-d961-45c0-b713-82a281b7cee4"},{"ELEMENT":"02d12b30-a52f-4a41-a97f-3cb8cbcba38b","element-6066-...
[debug] &amp#27;[35m[W3C (72f517da)]&amp#27;[39m Responding to client with driver.findElements() result: [{"element-6066-11e4-a52e-4f735466cecf":"5b79c856-1208-4c56-aeee-989640675240","ELEMENT":"5b79c856-1208-4c56-aeee-989640675240"},{"element-6066-11e4-a52e-4f735466cecf":"30134ce7-8e66-46eb-9c32-441aff7d5b52","ELEMENT":"30134ce7-8e66-46eb-9c32-441aff7d5b52"},{"element-6066-11e4-a52e-4f735466cecf":"fc6fef4e-092a-4f7f-a27c-cf0ea3221c38","ELEMENT":"fc6fef4e-092a-4f7f-a27c-cf0ea3221c38"},{"element-6066-11e4-a52e-4f735466cecf":"6aada179-d4ff-41ab-b15f-7ca715da1631","ELEMENT":"6aada179-d4ff-41ab-b15f-7ca715da1631"},{"element-6066-11e4-a52e-4f735466cecf":"26507949-0038-4f5e-9a47-f57e36dc6f9a","ELEMENT":"26507949-0038-4f5e-9a47-f57e36dc6f9a"},{"element-6066-11e4-a52e-4f735466cecf":"5b68d1d8-4009-4f77-a759-eb1dbd0ec860","ELEMENT":"5b68d1d8-4009-4f77-a759-eb1dbd0ec860"},{"element-6066-11e4-a52e-4f735466cecf":"7f2527f0-d961-45c0-b713-82a281b7cee4","ELEMENT":"7f2527f0-d961-45c0-b713-82a281b7cee4"},{"element-6066-11e4-a52e-4f735466cecf":"02d12b30-a52f-4a41-a97f-3cb8cbcba38b","ELEMENT":"02d12b30-a52f-4a41-a97f-3cb8cbcba38...
&amp#27;[35m[HTTP]&amp#27;[39m &amp#27;[37m<-- POST /wd/hub/session/72f517da-910c-46a8-8c18-f52fc551c88e/elements &amp#27;[39m&amp#27;[32m200&amp#27;[39m &amp#27;[90m183 ms - 6155&amp#27;[39m
&amp#27;[35m[HTTP]&amp#27;[39m &amp#27;[90m&amp#27;[39m
&amp#27;[35m[HTTP]&amp#27;[39m &amp#27;[37m-->&amp#27;[39m &amp#27;[37mGET&amp#27;[39m &amp#27;[37m/wd/hub/session/72f517da-910c-46a8-8c18-f52fc551c88e/element/5107cbf9-a974-425b-9f81-c3f7b13c0459/text&amp#27;[39m
&amp#27;[35m[HTTP]&amp#27;[39m &amp#27;[90m{}&amp#27;[39m
&amp#27;[35m[W3C (72f517da)]&amp#27;[39m Driver proxy active, passing request on via HTTP proxy
[debug] &amp#27;[35m[WD Proxy]&amp#27;[39m Matched '/wd/hub/session/72f517da-910c-46a8-8c18-f52fc551c88e/element/5107cbf9-a974-425b-9f81-c3f7b13c0459/text' to command name 'getText'
[debug] &amp#27;[35m[WD Proxy]&amp#27;[39m Proxying [GET /wd/hub/session/72f517da-910c-46a8-8c18-f52fc551c88e/element/5107cbf9-a974-425b-9f81-c3f7b13c0459/text] to [GET http://127.0.0.1:8200/wd/hub/session/a8830392-9b85-4943-b889-72250055e4eb/element/5107cbf9-a974-425b-9f81-c3f7b13c0459/text] with no body
[debug] &amp#27;[35m[WD Proxy]&amp#27;[39m Got response with status 200: {"sessionId":"a8830392-9b85-4943-b889-72250055e4eb","value":""}
&amp#27;[35m[WD Proxy]&amp#27;[39m Replacing sessionId a8830392-9b85-4943-b889-72250055e4eb with 72f517da-910c-46a8-8c18-f52fc551c88e
&amp#27;[35m[HTTP]&amp#27;[39m &amp#27;[37m<-- GET /wd/hub/session/72f517da-910c-46a8-8c18-f52fc551c88e/element/5107cbf9-a974-425b-9f81-c3f7b13c0459/text &amp#27;[39m&amp#27;[32m200&amp#27;[39m &amp#27;[90m19 ms - 63&amp#27;[39m
&amp#27;[35m[HTTP]&amp#27;[39m &amp#27;[90m&amp#27;[39m
&amp#27;[35m[HTTP]&amp#27;[39m &amp#27;[37m-->&amp#27;[39m &amp#27;[37mGET&amp#27;[39m &amp#27;[37m/wd/hub/session/72f517da-910c-46a8-8c18-f52fc551c88e/context&amp#27;[39m
&amp#27;[35m[HTTP]&amp#27;[39m &amp#27;[90m{}&amp#27;[39m
[debug] &amp#27;[35m[W3C (72f517da)]&amp#27;[39m Calling AppiumDriver.getCurrentContext() with args: ["72f517da-910c-46a8-8c18-f52fc551c88e"]
[debug] &amp#27;[35m[W3C (72f517da)]&amp#27;[39m Responding to client with driver.getCurrentContext() result: "NATIVE_APP"
&amp#27;[35m[HTTP]&amp#27;[39m &amp#27;[37m<-- GET /wd/hub/session/72f517da-910c-46a8-8c18-f52fc551c88e/context &amp#27;[39m&amp#27;[32m200&amp#27;[39m &amp#27;[90m1 ms - 22&amp#27;[39m
&amp#27;[35m[HTTP]&amp#27;[39m &amp#27;[90m&amp#27;[39m
&amp#27;[35m[HTTP]&amp#27;[39m &amp#27;[37m-->&amp#27;[39m &amp#27;[37mPOST&amp#27;[39m &amp#27;[37m/wd/hub/session/72f517da-910c-46a8-8c18-f52fc551c88e/elements&amp#27;[39m
&amp#27;[35m[HTTP]&amp#27;[39m &amp#27;[90m{"using":"xpath","value":"//android.widget.TextView"}&amp#27;[39m
[debug] &amp#27;[35m[W3C (72f517da)]&amp#27;[39m Calling AppiumDriver.findElements() with args: ["xpath","//android.widget.TextView","72f517da-910c-46a8-8c18-f52fc551c88e"]
[debug] &amp#27;[35m[BaseDriver]&amp#27;[39m Valid locator strategies for this request: xpath, id, class name, accessibility id, css selector, -android uiautomator
[debug] &amp#27;[35m[BaseDriver]&amp#27;[39m Waiting up to 20000 ms for condition
[debug] &amp#27;[35m[WD Proxy]&amp#27;[39m Matched '/elements' to command name 'findElements'
[debug] &amp#27;[35m[WD Proxy]&amp#27;[39m Proxying [POST /elements] to [POST http://127.0.0.1:8200/wd/hub/session/a8830392-9b85-4943-b889-72250055e4eb/elements] with body: {"strategy":"xpath","selector":"//android.widget.TextView","context":"","multiple":true}
[debug] &amp#27;[35m[WD Proxy]&amp#27;[39m Got response with status 200: {"sessionId":"a8830392-9b85-4943-b889-72250055e4eb","value":[{"ELEMENT":"60e05287-3049-4b1f-a27c-a89125dbe33d","element-6066-11e4-a52e-4f735466cecf":"60e05287-3049-4b1f-a27c-a89125dbe33d"},{"ELEMENT":"d1903e49-ad6f-4c15-a711-ca89d09a4148","element-6066-11e4-a52e-4f735466cecf":"d1903e49-ad6f-4c15-a711-ca89d09a4148"},{"ELEMENT":"03c175d5-c191-48ee-a9ab-23836a83c095","element-6066-11e4-a52e-4f735466cecf":"03c175d5-c191-48ee-a9ab-23836a83c095"},{"ELEMENT":"2d870959-5683-4b35-8126-3af8f99831b0","element-6066-11e4-a52e-4f735466cecf":"2d870959-5683-4b35-8126-3af8f99831b0"},{"ELEMENT":"f9a161ef-fc95-49b6-ab88-ae17baab8af2","element-6066-11e4-a52e-4f735466cecf":"f9a161ef-fc95-49b6-ab88-ae17baab8af2"},{"ELEMENT":"5f4f59a8-1fd1-40a6-80eb-b709696edb41","element-6066-11e4-a52e-4f735466cecf":"5f4f59a8-1fd1-40a6-80eb-b709696edb41"},{"ELEMENT":"649e693d-7d37-4cac-959d-23363ac99e29","element-6066-11e4-a52e-4f735466cecf":"649e693d-7d37-4cac-959d-23363ac99e29"},{"ELEMENT":"ccfc5c1b-4e24-42dd-b99e-a06529a865e9","element-6066-...
[debug] &amp#27;[35m[W3C (72f517da)]&amp#27;[39m Responding to client with driver.findElements() result: [{"element-6066-11e4-a52e-4f735466cecf":"60e05287-3049-4b1f-a27c-a89125dbe33d","ELEMENT":"60e05287-3049-4b1f-a27c-a89125dbe33d"},{"element-6066-11e4-a52e-4f735466cecf":"d1903e49-ad6f-4c15-a711-ca89d09a4148","ELEMENT":"d1903e49-ad6f-4c15-a711-ca89d09a4148"},{"element-6066-11e4-a52e-4f735466cecf":"03c175d5-c191-48ee-a9ab-23836a83c095","ELEMENT":"03c175d5-c191-48ee-a9ab-23836a83c095"},{"element-6066-11e4-a52e-4f735466cecf":"2d870959-5683-4b35-8126-3af8f99831b0","ELEMENT":"2d870959-5683-4b35-8126-3af8f99831b0"},{"element-6066-11e4-a52e-4f735466cecf":"f9a161ef-fc95-49b6-ab88-ae17baab8af2","ELEMENT":"f9a161ef-fc95-49b6-ab88-ae17baab8af2"},{"element-6066-11e4-a52e-4f735466cecf":"5f4f59a8-1fd1-40a6-80eb-b709696edb41","ELEMENT":"5f4f59a8-1fd1-40a6-80eb-b709696edb41"},{"element-6066-11e4-a52e-4f735466cecf":"649e693d-7d37-4cac-959d-23363ac99e29","ELEMENT":"649e693d-7d37-4cac-959d-23363ac99e29"},{"element-6066-11e4-a52e-4f735466cecf":"ccfc5c1b-4e24-42dd-b99e-a06529a865e9","ELEMENT":"ccfc5c1b-4e24-42dd-b99e-a06529a865e...
&amp#27;[35m[HTTP]&amp#27;[39m &amp#27;[37m<-- POST /wd/hub/session/72f517da-910c-46a8-8c18-f52fc551c88e/elements &amp#27;[39m&amp#27;[32m200&amp#27;[39m &amp#27;[90m137 ms - 1291&amp#27;[39m
&amp#27;[35m[HTTP]&amp#27;[39m &amp#27;[90m&amp#27;[39m
&amp#27;[35m[HTTP]&amp#27;[39m &amp#27;[37m-->&amp#27;[39m &amp#27;[37mGET&amp#27;[39m &amp#27;[37m/wd/hub/session/72f517da-910c-46a8-8c18-f52fc551c88e/element/2d870959-5683-4b35-8126-3af8f99831b0/text&amp#27;[39m
&amp#27;[35m[HTTP]&amp#27;[39m &amp#27;[90m{}&amp#27;[39m
&amp#27;[35m[W3C (72f517da)]&amp#27;[39m Driver proxy active, passing request on via HTTP proxy
[debug] &amp#27;[35m[WD Proxy]&amp#27;[39m Matched '/wd/hub/session/72f517da-910c-46a8-8c18-f52fc551c88e/element/2d870959-5683-4b35-8126-3af8f99831b0/text' to command name 'getText'
[debug] &amp#27;[35m[WD Proxy]&amp#27;[39m Proxying [GET /wd/hub/session/72f517da-910c-46a8-8c18-f52fc551c88e/element/2d870959-5683-4b35-8126-3af8f99831b0/text] to [GET http://127.0.0.1:8200/wd/hub/session/a8830392-9b85-4943-b889-72250055e4eb/element/2d870959-5683-4b35-8126-3af8f99831b0/text] with no body
[debug] &amp#27;[35m[WD Proxy]&amp#27;[39m Got response with status 200: {"sessionId":"a8830392-9b85-4943-b889-72250055e4eb","value":"SAVINGS"}
&amp#27;[35m[WD Proxy]&amp#27;[39m Replacing sessionId a8830392-9b85-4943-b889-72250055e4eb with 72f517da-910c-46a8-8c18-f52fc551c88e
&amp#27;[35m[HTTP]&amp#27;[39m &amp#27;[37m<-- GET /wd/hub/session/72f517da-910c-46a8-8c18-f52fc551c88e/element/2d870959-5683-4b35-8126-3af8f99831b0/text &amp#27;[39m&amp#27;[32m200&amp#27;[39m &amp#27;[90m17 ms - 70&amp#27;[39m
&amp#27;[35m[HTTP]&amp#27;[39m &amp#27;[90m&amp#27;[39m

&amp#27;[35m[HTTP]&amp#27;[39m &amp#27;[37m-->&amp#27;[39m &amp#27;[37mGET&amp#27;[39m &amp#27;[37m/wd/hub/session/72f517da-910c-46a8-8c18-f52fc551c88e/context&amp#27;[39m
&amp#27;[35m[HTTP]&amp#27;[39m &amp#27;[90m{}&amp#27;[39m
[debug] &amp#27;[35m[W3C (72f517da)]&amp#27;[39m Calling AppiumDriver.getCurrentContext() with args: ["72f517da-910c-46a8-8c18-f52fc551c88e"]
[debug] &amp#27;[35m[W3C (72f517da)]&amp#27;[39m Responding to client with driver.getCurrentContext() result: "NATIVE_APP"
&amp#27;[35m[HTTP]&amp#27;[39m &amp#27;[37m<-- GET /wd/hub/session/72f517da-910c-46a8-8c18-f52fc551c88e/context &amp#27;[39m&amp#27;[32m200&amp#27;[39m &amp#27;[90m1 ms - 22&amp#27;[39m
&amp#27;[35m[HTTP]&amp#27;[39m &amp#27;[90m&amp#27;[39m
&amp#27;[35m[HTTP]&amp#27;[39m &amp#27;[37m-->&amp#27;[39m &amp#27;[37mPOST&amp#27;[39m &amp#27;[37m/wd/hub/session/72f517da-910c-46a8-8c18-f52fc551c88e/elements&amp#27;[39m
&amp#27;[35m[HTTP]&amp#27;[39m &amp#27;[90m{"using":"xpath","value":"//android.view.View"}&amp#27;[39m
[debug] &amp#27;[35m[W3C (72f517da)]&amp#27;[39m Calling AppiumDriver.findElements() with args: ["xpath","//android.view.View","72f517da-910c-46a8-8c18-f52fc551c88e"]
[debug] &amp#27;[35m[BaseDriver]&amp#27;[39m Valid locator strategies for this request: xpath, id, class name, accessibility id, css selector, -android uiautomator
[debug] &amp#27;[35m[BaseDriver]&amp#27;[39m Waiting up to 20000 ms for condition
[debug] &amp#27;[35m[WD Proxy]&amp#27;[39m Matched '/elements' to command name 'findElements'
[debug] &amp#27;[35m[WD Proxy]&amp#27;[39m Proxying [POST /elements] to [POST http://127.0.0.1:8200/wd/hub/session/a8830392-9b85-4943-b889-72250055e4eb/elements] with body: {"strategy":"xpath","selector":"//android.view.View","context":"","multiple":true}
[debug] &amp#27;[35m[WD Proxy]&amp#27;[39m Got response with status 200: {"sessionId":"a8830392-9b85-4943-b889-72250055e4eb","value":[{"ELEMENT":"e0a21bc6-e4be-4d3b-9cbb-2967cff6aefe","element-6066-11e4-a52e-4f735466cecf":"e0a21bc6-e4be-4d3b-9cbb-2967cff6aefe"},{"ELEMENT":"54255737-8c3c-4989-b210-979f4157ee48","element-6066-11e4-a52e-4f735466cecf":"54255737-8c3c-4989-b210-979f4157ee48"},{"ELEMENT":"cce7bdb1-96bd-4de1-b4f9-d53a030982d1","element-6066-11e4-a52e-4f735466cecf":"cce7bdb1-96bd-4de1-b4f9-d53a030982d1"},{"ELEMENT":"c5b3a02d-6760-4b62-ae81-0ce7f12adb0f","element-6066-11e4-a52e-4f735466cecf":"c5b3a02d-6760-4b62-ae81-0ce7f12adb0f"},{"ELEMENT":"0ef27800-48e4-4eb8-b924-a940764bd269","element-6066-11e4-a52e-4f735466cecf":"0ef27800-48e4-4eb8-b924-a940764bd269"},{"ELEMENT":"54621166-04e0-49cf-b641-13c799cf86da","element-6066-11e4-a52e-4f735466cecf":"54621166-04e0-49cf-b641-13c799cf86da"},{"ELEMENT":"603e051c-b5bc-4b5a-bbe3-721428fe7e80","element-6066-11e4-a52e-4f735466cecf":"603e051c-b5bc-4b5a-bbe3-721428fe7e80"},{"ELEMENT":"9b557037-4f5a-4d46-902d-e5a3e8f35c87","element-6066-...
[debug] &amp#27;[35m[W3C (72f517da)]&amp#27;[39m Responding to client with driver.findElements() result: [{"element-6066-11e4-a52e-4f735466cecf":"e0a21bc6-e4be-4d3b-9cbb-2967cff6aefe","ELEMENT":"e0a21bc6-e4be-4d3b-9cbb-2967cff6aefe"},{"element-6066-11e4-a52e-4f735466cecf":"54255737-8c3c-4989-b210-979f4157ee48","ELEMENT":"54255737-8c3c-4989-b210-979f4157ee48"},{"element-6066-11e4-a52e-4f735466cecf":"cce7bdb1-96bd-4de1-b4f9-d53a030982d1","ELEMENT":"cce7bdb1-96bd-4de1-b4f9-d53a030982d1"},{"element-6066-11e4-a52e-4f735466cecf":"c5b3a02d-6760-4b62-ae81-0ce7f12adb0f","ELEMENT":"c5b3a02d-6760-4b62-ae81-0ce7f12adb0f"},{"element-6066-11e4-a52e-4f735466cecf":"0ef27800-48e4-4eb8-b924-a940764bd269","ELEMENT":"0ef27800-48e4-4eb8-b924-a940764bd269"},{"element-6066-11e4-a52e-4f735466cecf":"54621166-04e0-49cf-b641-13c799cf86da","ELEMENT":"54621166-04e0-49cf-b641-13c799cf86da"},{"element-6066-11e4-a52e-4f735466cecf":"603e051c-b5bc-4b5a-bbe3-721428fe7e80","ELEMENT":"603e051c-b5bc-4b5a-bbe3-721428fe7e80"},{"element-6066-11e4-a52e-4f735466cecf":"9b557037-4f5a-4d46-902d-e5a3e8f35c87","ELEMENT":"9b557037-4f5a-4d46-902d-e5a3e8f35c8...
&amp#27;[35m[HTTP]&amp#27;[39m &amp#27;[37m<-- POST /wd/hub/session/72f517da-910c-46a8-8c18-f52fc551c88e/elements &amp#27;[39m&amp#27;[32m200&amp#27;[39m &amp#27;[90m149 ms - 6155&amp#27;[39m
&amp#27;[35m[HTTP]&amp#27;[39m &amp#27;[90m&amp#27;[39m
&amp#27;[35m[HTTP]&amp#27;[39m &amp#27;[37m-->&amp#27;[39m &amp#27;[37mGET&amp#27;[39m &amp#27;[37m/wd/hub/session/72f517da-910c-46a8-8c18-f52fc551c88e/element/de77484f-772b-461c-9a76-af43678ad371/text&amp#27;[39m
&amp#27;[35m[HTTP]&amp#27;[39m &amp#27;[90m{}&amp#27;[39m
&amp#27;[35m[W3C (72f517da)]&amp#27;[39m Driver proxy active, passing request on via HTTP proxy
[debug] &amp#27;[35m[WD Proxy]&amp#27;[39m Matched '/wd/hub/session/72f517da-910c-46a8-8c18-f52fc551c88e/element/de77484f-772b-461c-9a76-af43678ad371/text' to command name 'getText'
[debug] &amp#27;[35m[WD Proxy]&amp#27;[39m Proxying [GET /wd/hub/session/72f517da-910c-46a8-8c18-f52fc551c88e/element/de77484f-772b-461c-9a76-af43678ad371/text] to [GET http://127.0.0.1:8200/wd/hub/session/a8830392-9b85-4943-b889-72250055e4eb/element/de77484f-772b-461c-9a76-af43678ad371/text] with no body
[debug] &amp#27;[35m[WD Proxy]&amp#27;[39m Got response with status 200: {"sessionId":"a8830392-9b85-4943-b889-72250055e4eb","value":""}
&amp#27;[35m[WD Proxy]&amp#27;[39m Replacing sessionId a8830392-9b85-4943-b889-72250055e4eb with 72f517da-910c-46a8-8c18-f52fc551c88e
&amp#27;[35m[HTTP]&amp#27;[39m &amp#27;[37m<-- GET /wd/hub/session/72f517da-910c-46a8-8c18-f52fc551c88e/element/de77484f-772b-461c-9a76-af43678ad371/text &amp#27;[39m&amp#27;[32m200&amp#27;[39m &amp#27;[90m17 ms - 63&amp#27;[39m
&amp#27;[35m[HTTP]&amp#27;[39m &amp#27;[90m&amp#27;[39m
&amp#27;[35m[HTTP]&amp#27;[39m &amp#27;[37m-->&amp#27;[39m &amp#27;[37mGET&amp#27;[39m &amp#27;[37m/wd/hub/session/72f517da-910c-46a8-8c18-f52fc551c88e/context&amp#27;[39m
&amp#27;[35m[HTTP]&amp#27;[39m &amp#27;[90m{}&amp#27;[39m
[debug] &amp#27;[35m[W3C (72f517da)]&amp#27;[39m Calling AppiumDriver.getCurrentContext() with args: ["72f517da-910c-46a8-8c18-f52fc551c88e"]
[debug] &amp#27;[35m[W3C (72f517da)]&amp#27;[39m Responding to client with driver.getCurrentContext() result: "NATIVE_APP"
&amp#27;[35m[HTTP]&amp#27;[39m &amp#27;[37m<-- GET /wd/hub/session/72f517da-910c-46a8-8c18-f52fc551c88e/context &amp#27;[39m&amp#27;[32m200&amp#27;[39m &amp#27;[90m1 ms - 22&amp#27;[39m
&amp#27;[35m[HTTP]&amp#27;[39m &amp#27;[90m&amp#27;[39m
&amp#27;[35m[HTTP]&amp#27;[39m &amp#27;[37m-->&amp#27;[39m &amp#27;[37mPOST&amp#27;[39m &amp#27;[37m/wd/hub/session/72f517da-910c-46a8-8c18-f52fc551c88e/elements&amp#27;[39m
&amp#27;[35m[HTTP]&amp#27;[39m &amp#27;[90m{"using":"xpath","value":"//android.widget.TextView"}&amp#27;[39m
[debug] &amp#27;[35m[W3C (72f517da)]&amp#27;[39m Calling AppiumDriver.findElements() with args: ["xpath","//android.widget.TextView","72f517da-910c-46a8-8c18-f52fc551c88e"]
[debug] &amp#27;[35m[BaseDriver]&amp#27;[39m Valid locator strategies for this request: xpath, id, class name, accessibility id, css selector, -android uiautomator
[debug] &amp#27;[35m[BaseDriver]&amp#27;[39m Waiting up to 20000 ms for condition
[debug] &amp#27;[35m[WD Proxy]&amp#27;[39m Matched '/elements' to command name 'findElements'
[debug] &amp#27;[35m[WD Proxy]&amp#27;[39m Proxying [POST /elements] to [POST http://127.0.0.1:8200/wd/hub/session/a8830392-9b85-4943-b889-72250055e4eb/elements] with body: {"strategy":"xpath","selector":"//android.widget.TextView","context":"","multiple":true}
[debug] &amp#27;[35m[WD Proxy]&amp#27;[39m Got response with status 200: {"sessionId":"a8830392-9b85-4943-b889-72250055e4eb","value":[{"ELEMENT":"de912f5a-e9ad-4858-b5f1-5c084a03ebc7","element-6066-11e4-a52e-4f735466cecf":"de912f5a-e9ad-4858-b5f1-5c084a03ebc7"},{"ELEMENT":"cc2039c6-4775-4d1c-b047-b2211a1db282","element-6066-11e4-a52e-4f735466cecf":"cc2039c6-4775-4d1c-b047-b2211a1db282"},{"ELEMENT":"a5153b19-d871-408f-9e0b-5900a6f60972","element-6066-11e4-a52e-4f735466cecf":"a5153b19-d871-408f-9e0b-5900a6f60972"},{"ELEMENT":"ebced600-b17e-49a2-8e5a-69f973c5286e","element-6066-11e4-a52e-4f735466cecf":"ebced600-b17e-49a2-8e5a-69f973c5286e"},{"ELEMENT":"03ab8354-5aae-445e-9d40-d9ace4032e9f","element-6066-11e4-a52e-4f735466cecf":"03ab8354-5aae-445e-9d40-d9ace4032e9f"},{"ELEMENT":"492d53f1-f41c-4fc8-a6bf-02de899190a3","element-6066-11e4-a52e-4f735466cecf":"492d53f1-f41c-4fc8-a6bf-02de899190a3"},{"ELEMENT":"8b45fe27-b56e-41b8-b778-48add9c48a5f","element-6066-11e4-a52e-4f735466cecf":"8b45fe27-b56e-41b8-b778-48add9c48a5f"},{"ELEMENT":"b5a866ba-19ee-4466-8f2a-cdf56224cd92","element-6066-...
[debug] &amp#27;[35m[W3C (72f517da)]&amp#27;[39m Responding to client with driver.findElements() result: [{"element-6066-11e4-a52e-4f735466cecf":"de912f5a-e9ad-4858-b5f1-5c084a03ebc7","ELEMENT":"de912f5a-e9ad-4858-b5f1-5c084a03ebc7"},{"element-6066-11e4-a52e-4f735466cecf":"cc2039c6-4775-4d1c-b047-b2211a1db282","ELEMENT":"cc2039c6-4775-4d1c-b047-b2211a1db282"},{"element-6066-11e4-a52e-4f735466cecf":"a5153b19-d871-408f-9e0b-5900a6f60972","ELEMENT":"a5153b19-d871-408f-9e0b-5900a6f60972"},{"element-6066-11e4-a52e-4f735466cecf":"ebced600-b17e-49a2-8e5a-69f973c5286e","ELEMENT":"ebced600-b17e-49a2-8e5a-69f973c5286e"},{"element-6066-11e4-a52e-4f735466cecf":"03ab8354-5aae-445e-9d40-d9ace4032e9f","ELEMENT":"03ab8354-5aae-445e-9d40-d9ace4032e9f"},{"element-6066-11e4-a52e-4f735466cecf":"492d53f1-f41c-4fc8-a6bf-02de899190a3","ELEMENT":"492d53f1-f41c-4fc8-a6bf-02de899190a3"},{"element-6066-11e4-a52e-4f735466cecf":"8b45fe27-b56e-41b8-b778-48add9c48a5f","ELEMENT":"8b45fe27-b56e-41b8-b778-48add9c48a5f"},{"element-6066-11e4-a52e-4f735466cecf":"b5a866ba-19ee-4466-8f2a-cdf56224cd92","ELEMENT":"b5a866ba-19ee-4466-8f2a-cdf56224cd9...
&amp#27;[35m[HTTP]&amp#27;[39m &amp#27;[37m<-- POST /wd/hub/session/72f517da-910c-46a8-8c18-f52fc551c88e/elements &amp#27;[39m&amp#27;[32m200&amp#27;[39m &amp#27;[90m172 ms - 1291&amp#27;[39m
&amp#27;[35m[HTTP]&amp#27;[39m &amp#27;[90m&amp#27;[39m
&amp#27;[35m[HTTP]&amp#27;[39m &amp#27;[37m-->&amp#27;[39m &amp#27;[37mGET&amp#27;[39m &amp#27;[37m/wd/hub/session/72f517da-910c-46a8-8c18-f52fc551c88e/element/ebced600-b17e-49a2-8e5a-69f973c5286e/text&amp#27;[39m
&amp#27;[35m[HTTP]&amp#27;[39m &amp#27;[90m{}&amp#27;[39m
&amp#27;[35m[W3C (72f517da)]&amp#27;[39m Driver proxy active, passing request on via HTTP proxy
[debug] &amp#27;[35m[WD Proxy]&amp#27;[39m Matched '/wd/hub/session/72f517da-910c-46a8-8c18-f52fc551c88e/element/ebced600-b17e-49a2-8e5a-69f973c5286e/text' to command name 'getText'
[debug] &amp#27;[35m[WD Proxy]&amp#27;[39m Proxying [GET /wd/hub/session/72f517da-910c-46a8-8c18-f52fc551c88e/element/ebced600-b17e-49a2-8e5a-69f973c5286e/text] to [GET http://127.0.0.1:8200/wd/hub/session/a8830392-9b85-4943-b889-72250055e4eb/element/ebced600-b17e-49a2-8e5a-69f973c5286e/text] with no body
[debug] &amp#27;[35m[WD Proxy]&amp#27;[39m Got response with status 200: {"sessionId":"a8830392-9b85-4943-b889-72250055e4eb","value":"SAVINGS"}
&amp#27;[35m[WD Proxy]&amp#27;[39m Replacing sessionId a8830392-9b85-4943-b889-72250055e4eb with 72f517da-910c-46a8-8c18-f52fc551c88e
&amp#27;[35m[HTTP]&amp#27;[39m &amp#27;[37m<-- GET /wd/hub/session/72f517da-910c-46a8-8c18-f52fc551c88e/element/ebced600-b17e-49a2-8e5a-69f973c5286e/text &amp#27;[39m&amp#27;[32m200&amp#27;[39m &amp#27;[90m20 ms - 70&amp#27;[39m
&amp#27;[35m[HTTP]&amp#27;[39m &amp#27;[90m&amp#27;[39m

&amp#27;[35m[HTTP]&amp#27;[39m &amp#27;[37m-->&amp#27;[39m &amp#27;[37mGET&amp#27;[39m &amp#27;[37m/wd/hub/session/72f517da-910c-46a8-8c18-f52fc551c88e/context&amp#27;[39m
&amp#27;[35m[HTTP]&amp#27;[39m &amp#27;[90m{}&amp#27;[39m
[debug] &amp#27;[35m[W3C (72f517da)]&amp#27;[39m Calling AppiumDriver.getCurrentContext() with args: ["72f517da-910c-46a8-8c18-f52fc551c88e"]
[debug] &amp#27;[35m[W3C (72f517da)]&amp#27;[39m Responding to client with driver.getCurrentContext() result: "NATIVE_APP"
&amp#27;[35m[HTTP]&amp#27;[39m &amp#27;[37m<-- GET /wd/hub/session/72f517da-910c-46a8-8c18-f52fc551c88e/context &amp#27;[39m&amp#27;[32m200&amp#27;[39m &amp#27;[90m1 ms - 22&amp#27;[39m
&amp#27;[35m[HTTP]&amp#27;[39m &amp#27;[90m&amp#27;[39m
&amp#27;[35m[HTTP]&amp#27;[39m &amp#27;[37m-->&amp#27;[39m &amp#27;[37mPOST&amp#27;[39m &amp#27;[37m/wd/hub/session/72f517da-910c-46a8-8c18-f52fc551c88e/elements&amp#27;[39m
&amp#27;[35m[HTTP]&amp#27;[39m &amp#27;[90m{"using":"xpath","value":"//android.view.View"}&amp#27;[39m
[debug] &amp#27;[35m[W3C (72f517da)]&amp#27;[39m Calling AppiumDriver.findElements() with args: ["xpath","//android.view.View","72f517da-910c-46a8-8c18-f52fc551c88e"]
[debug] &amp#27;[35m[BaseDriver]&amp#27;[39m Valid locator strategies for this request: xpath, id, class name, accessibility id, css selector, -android uiautomator
[debug] &amp#27;[35m[BaseDriver]&amp#27;[39m Waiting up to 20000 ms for condition
[debug] &amp#27;[35m[WD Proxy]&amp#27;[39m Matched '/elements' to command name 'findElements'
[debug] &amp#27;[35m[WD Proxy]&amp#27;[39m Proxying [POST /elements] to [POST http://127.0.0.1:8200/wd/hub/session/a8830392-9b85-4943-b889-72250055e4eb/elements] with body: {"strategy":"xpath","selector":"//android.view.View","context":"","multiple":true}
[debug] &amp#27;[35m[WD Proxy]&amp#27;[39m Got response with status 200: {"sessionId":"a8830392-9b85-4943-b889-72250055e4eb","value":[{"ELEMENT":"15cb7f96-f27e-46de-884f-942e2e2d3995","element-6066-11e4-a52e-4f735466cecf":"15cb7f96-f27e-46de-884f-942e2e2d3995"},{"ELEMENT":"e3a08360-db87-492a-b6d9-59a9d80df654","element-6066-11e4-a52e-4f735466cecf":"e3a08360-db87-492a-b6d9-59a9d80df654"},{"ELEMENT":"7c6303f7-943b-449f-b722-dde4909ab2dc","element-6066-11e4-a52e-4f735466cecf":"7c6303f7-943b-449f-b722-dde4909ab2dc"},{"ELEMENT":"a11437b3-18c6-4ae1-b953-61818f455e6e","element-6066-11e4-a52e-4f735466cecf":"a11437b3-18c6-4ae1-b953-61818f455e6e"},{"ELEMENT":"e9015c55-c521-482e-9b9e-6bbea247f4c6","element-6066-11e4-a52e-4f735466cecf":"e9015c55-c521-482e-9b9e-6bbea247f4c6"},{"ELEMENT":"8a2e87ea-dd13-4ee4-a131-7edba8c0948e","element-6066-11e4-a52e-4f735466cecf":"8a2e87ea-dd13-4ee4-a131-7edba8c0948e"},{"ELEMENT":"b5d7a831-1e72-446a-b5ae-0ea1b626bcdc","element-6066-11e4-a52e-4f735466cecf":"b5d7a831-1e72-446a-b5ae-0ea1b626bcdc"},{"ELEMENT":"bd59eeca-0420-4da5-b5cc-ebfca8a21245","element-6066-...
[debug] &amp#27;[35m[W3C (72f517da)]&amp#27;[39m Responding to client with driver.findElements() result: [{"element-6066-11e4-a52e-4f735466cecf":"15cb7f96-f27e-46de-884f-942e2e2d3995","ELEMENT":"15cb7f96-f27e-46de-884f-942e2e2d3995"},{"element-6066-11e4-a52e-4f735466cecf":"e3a08360-db87-492a-b6d9-59a9d80df654","ELEMENT":"e3a08360-db87-492a-b6d9-59a9d80df654"},{"element-6066-11e4-a52e-4f735466cecf":"7c6303f7-943b-449f-b722-dde4909ab2dc","ELEMENT":"7c6303f7-943b-449f-b722-dde4909ab2dc"},{"element-6066-11e4-a52e-4f735466cecf":"a11437b3-18c6-4ae1-b953-61818f455e6e","ELEMENT":"a11437b3-18c6-4ae1-b953-61818f455e6e"},{"element-6066-11e4-a52e-4f735466cecf":"e9015c55-c521-482e-9b9e-6bbea247f4c6","ELEMENT":"e9015c55-c521-482e-9b9e-6bbea247f4c6"},{"element-6066-11e4-a52e-4f735466cecf":"8a2e87ea-dd13-4ee4-a131-7edba8c0948e","ELEMENT":"8a2e87ea-dd13-4ee4-a131-7edba8c0948e"},{"element-6066-11e4-a52e-4f735466cecf":"b5d7a831-1e72-446a-b5ae-0ea1b626bcdc","ELEMENT":"b5d7a831-1e72-446a-b5ae-0ea1b626bcdc"},{"element-6066-11e4-a52e-4f735466cecf":"bd59eeca-0420-4da5-b5cc-ebfca8a21245","ELEMENT":"bd59eeca-0420-4da5-b5cc-ebfca8a2124...
&amp#27;[35m[HTTP]&amp#27;[39m &amp#27;[37m<-- POST /wd/hub/session/72f517da-910c-46a8-8c18-f52fc551c88e/elements &amp#27;[39m&amp#27;[32m200&amp#27;[39m &amp#27;[90m172 ms - 6155&amp#27;[39m
&amp#27;[35m[HTTP]&amp#27;[39m &amp#27;[90m&amp#27;[39m
&amp#27;[35m[HTTP]&amp#27;[39m &amp#27;[37m-->&amp#27;[39m &amp#27;[37mGET&amp#27;[39m &amp#27;[37m/wd/hub/session/72f517da-910c-46a8-8c18-f52fc551c88e/element/d462303a-02dc-470c-9846-002d162861e6/text&amp#27;[39m
&amp#27;[35m[HTTP]&amp#27;[39m &amp#27;[90m{}&amp#27;[39m
&amp#27;[35m[W3C (72f517da)]&amp#27;[39m Driver proxy active, passing request on via HTTP proxy
[debug] &amp#27;[35m[WD Proxy]&amp#27;[39m Matched '/wd/hub/session/72f517da-910c-46a8-8c18-f52fc551c88e/element/d462303a-02dc-470c-9846-002d162861e6/text' to command name 'getText'
[debug] &amp#27;[35m[WD Proxy]&amp#27;[39m Proxying [GET /wd/hub/session/72f517da-910c-46a8-8c18-f52fc551c88e/element/d462303a-02dc-470c-9846-002d162861e6/text] to [GET http://127.0.0.1:8200/wd/hub/session/a8830392-9b85-4943-b889-72250055e4eb/element/d462303a-02dc-470c-9846-002d162861e6/text] with no body
[debug] &amp#27;[35m[WD Proxy]&amp#27;[39m Got response with status 200: {"sessionId":"a8830392-9b85-4943-b889-72250055e4eb","value":""}
&amp#27;[35m[WD Proxy]&amp#27;[39m Replacing sessionId a8830392-9b85-4943-b889-72250055e4eb with 72f517da-910c-46a8-8c18-f52fc551c88e
&amp#27;[35m[HTTP]&amp#27;[39m &amp#27;[37m<-- GET /wd/hub/session/72f517da-910c-46a8-8c18-f52fc551c88e/element/d462303a-02dc-470c-9846-002d162861e6/text &amp#27;[39m&amp#27;[32m200&amp#27;[39m &amp#27;[90m18 ms - 63&amp#27;[39m
&amp#27;[35m[HTTP]&amp#27;[39m &amp#27;[90m&amp#27;[39m
&amp#27;[35m[HTTP]&amp#27;[39m &amp#27;[37m-->&amp#27;[39m &amp#27;[37mGET&amp#27;[39m &amp#27;[37m/wd/hub/session/72f517da-910c-46a8-8c18-f52fc551c88e/context&amp#27;[39m
&amp#27;[35m[HTTP]&amp#27;[39m &amp#27;[90m{}&amp#27;[39m
[debug] &amp#27;[35m[W3C (72f517da)]&amp#27;[39m Calling AppiumDriver.getCurrentContext() with args: ["72f517da-910c-46a8-8c18-f52fc551c88e"]
[debug] &amp#27;[35m[W3C (72f517da)]&amp#27;[39m Responding to client with driver.getCurrentContext() result: "NATIVE_APP"
&amp#27;[35m[HTTP]&amp#27;[39m &amp#27;[37m<-- GET /wd/hub/session/72f517da-910c-46a8-8c18-f52fc551c88e/context &amp#27;[39m&amp#27;[32m200&amp#27;[39m &amp#27;[90m1 ms - 22&amp#27;[39m
&amp#27;[35m[HTTP]&amp#27;[39m &amp#27;[90m&amp#27;[39m
&amp#27;[35m[HTTP]&amp#27;[39m &amp#27;[37m-->&amp#27;[39m &amp#27;[37mPOST&amp#27;[39m &amp#27;[37m/wd/hub/session/72f517da-910c-46a8-8c18-f52fc551c88e/elements&amp#27;[39m
&amp#27;[35m[HTTP]&amp#27;[39m &amp#27;[90m{"using":"xpath","value":"//android.widget.TextView"}&amp#27;[39m
[debug] &amp#27;[35m[W3C (72f517da)]&amp#27;[39m Calling AppiumDriver.findElements() with args: ["xpath","//android.widget.TextView","72f517da-910c-46a8-8c18-f52fc551c88e"]
[debug] &amp#27;[35m[BaseDriver]&amp#27;[39m Valid locator strategies for this request: xpath, id, class name, accessibility id, css selector, -android uiautomator
[debug] &amp#27;[35m[BaseDriver]&amp#27;[39m Waiting up to 20000 ms for condition
[debug] &amp#27;[35m[WD Proxy]&amp#27;[39m Matched '/elements' to command name 'findElements'
[debug] &amp#27;[35m[WD Proxy]&amp#27;[39m Proxying [POST /elements] to [POST http://127.0.0.1:8200/wd/hub/session/a8830392-9b85-4943-b889-72250055e4eb/elements] with body: {"strategy":"xpath","selector":"//android.widget.TextView","context":"","multiple":true}
[debug] &amp#27;[35m[WD Proxy]&amp#27;[39m Got response with status 200: {"sessionId":"a8830392-9b85-4943-b889-72250055e4eb","value":[{"ELEMENT":"2c040ab5-7a51-4f16-81aa-115dace660e0","element-6066-11e4-a52e-4f735466cecf":"2c040ab5-7a51-4f16-81aa-115dace660e0"},{"ELEMENT":"90f3c157-d2ed-4678-adbb-cc2899116eed","element-6066-11e4-a52e-4f735466cecf":"90f3c157-d2ed-4678-adbb-cc2899116eed"},{"ELEMENT":"dbb32aa5-761d-49a4-98e5-807906bdc412","element-6066-11e4-a52e-4f735466cecf":"dbb32aa5-761d-49a4-98e5-807906bdc412"},{"ELEMENT":"2873e769-cf30-4af0-b801-d827a0426c99","element-6066-11e4-a52e-4f735466cecf":"2873e769-cf30-4af0-b801-d827a0426c99"},{"ELEMENT":"ea0d22ac-8926-41e9-85cd-5f42f0ed6dfa","element-6066-11e4-a52e-4f735466cecf":"ea0d22ac-8926-41e9-85cd-5f42f0ed6dfa"},{"ELEMENT":"bf028c9d-e402-41e8-be64-6a66330fa334","element-6066-11e4-a52e-4f735466cecf":"bf028c9d-e402-41e8-be64-6a66330fa334"},{"ELEMENT":"e8d5ce83-ea08-4d58-af63-76bb5184df6a","element-6066-11e4-a52e-4f735466cecf":"e8d5ce83-ea08-4d58-af63-76bb5184df6a"},{"ELEMENT":"05d74656-7dc1-4c8c-b92e-734be1b5d14e","element-6066-...
[debug] &amp#27;[35m[W3C (72f517da)]&amp#27;[39m Responding to client with driver.findElements() result: [{"element-6066-11e4-a52e-4f735466cecf":"2c040ab5-7a51-4f16-81aa-115dace660e0","ELEMENT":"2c040ab5-7a51-4f16-81aa-115dace660e0"},{"element-6066-11e4-a52e-4f735466cecf":"90f3c157-d2ed-4678-adbb-cc2899116eed","ELEMENT":"90f3c157-d2ed-4678-adbb-cc2899116eed"},{"element-6066-11e4-a52e-4f735466cecf":"dbb32aa5-761d-49a4-98e5-807906bdc412","ELEMENT":"dbb32aa5-761d-49a4-98e5-807906bdc412"},{"element-6066-11e4-a52e-4f735466cecf":"2873e769-cf30-4af0-b801-d827a0426c99","ELEMENT":"2873e769-cf30-4af0-b801-d827a0426c99"},{"element-6066-11e4-a52e-4f735466cecf":"ea0d22ac-8926-41e9-85cd-5f42f0ed6dfa","ELEMENT":"ea0d22ac-8926-41e9-85cd-5f42f0ed6dfa"},{"element-6066-11e4-a52e-4f735466cecf":"bf028c9d-e402-41e8-be64-6a66330fa334","ELEMENT":"bf028c9d-e402-41e8-be64-6a66330fa334"},{"element-6066-11e4-a52e-4f735466cecf":"e8d5ce83-ea08-4d58-af63-76bb5184df6a","ELEMENT":"e8d5ce83-ea08-4d58-af63-76bb5184df6a"},{"element-6066-11e4-a52e-4f735466cecf":"05d74656-7dc1-4c8c-b92e-734be1b5d14e","ELEMENT":"05d74656-7dc1-4c8c-b92e-734be1b5d14...
&amp#27;[35m[HTTP]&amp#27;[39m &amp#27;[37m<-- POST /wd/hub/session/72f517da-910c-46a8-8c18-f52fc551c88e/elements &amp#27;[39m&amp#27;[32m200&amp#27;[39m &amp#27;[90m145 ms - 1291&amp#27;[39m
&amp#27;[35m[HTTP]&amp#27;[39m &amp#27;[90m&amp#27;[39m
&amp#27;[35m[HTTP]&amp#27;[39m &amp#27;[37m-->&amp#27;[39m &amp#27;[37mGET&amp#27;[39m &amp#27;[37m/wd/hub/session/72f517da-910c-46a8-8c18-f52fc551c88e/element/2873e769-cf30-4af0-b801-d827a0426c99/text&amp#27;[39m
&amp#27;[35m[HTTP]&amp#27;[39m &amp#27;[90m{}&amp#27;[39m
&amp#27;[35m[W3C (72f517da)]&amp#27;[39m Driver proxy active, passing request on via HTTP proxy
[debug] &amp#27;[35m[WD Proxy]&amp#27;[39m Matched '/wd/hub/session/72f517da-910c-46a8-8c18-f52fc551c88e/element/2873e769-cf30-4af0-b801-d827a0426c99/text' to command name 'getText'
[debug] &amp#27;[35m[WD Proxy]&amp#27;[39m Proxying [GET /wd/hub/session/72f517da-910c-46a8-8c18-f52fc551c88e/element/2873e769-cf30-4af0-b801-d827a0426c99/text] to [GET http://127.0.0.1:8200/wd/hub/session/a8830392-9b85-4943-b889-72250055e4eb/element/2873e769-cf30-4af0-b801-d827a0426c99/text] with no body
[debug] &amp#27;[35m[WD Proxy]&amp#27;[39m Got response with status 200: {"sessionId":"a8830392-9b85-4943-b889-72250055e4eb","value":"SAVINGS"}
&amp#27;[35m[WD Proxy]&amp#27;[39m Replacing sessionId a8830392-9b85-4943-b889-72250055e4eb with 72f517da-910c-46a8-8c18-f52fc551c88e
&amp#27;[35m[HTTP]&amp#27;[39m &amp#27;[37m<-- GET /wd/hub/session/72f517da-910c-46a8-8c18-f52fc551c88e/element/2873e769-cf30-4af0-b801-d827a0426c99/text &amp#27;[39m&amp#27;[32m200&amp#27;[39m &amp#27;[90m16 ms - 70&amp#27;[39m
&amp#27;[35m[HTTP]&amp#27;[39m &amp#27;[90m&amp#27;[39m

&amp#27;[35m[HTTP]&amp#27;[39m &amp#27;[37m-->&amp#27;[39m &amp#27;[37mGET&amp#27;[39m &amp#27;[37m/wd/hub/session/72f517da-910c-46a8-8c18-f52fc551c88e/context&amp#27;[39m
&amp#27;[35m[HTTP]&amp#27;[39m &amp#27;[90m{}&amp#27;[39m
[debug] &amp#27;[35m[W3C (72f517da)]&amp#27;[39m Calling AppiumDriver.getCurrentContext() with args: ["72f517da-910c-46a8-8c18-f52fc551c88e"]
[debug] &amp#27;[35m[W3C (72f517da)]&amp#27;[39m Responding to client with driver.getCurrentContext() result: "NATIVE_APP"
&amp#27;[35m[HTTP]&amp#27;[39m &amp#27;[37m<-- GET /wd/hub/session/72f517da-910c-46a8-8c18-f52fc551c88e/context &amp#27;[39m&amp#27;[32m200&amp#27;[39m &amp#27;[90m1 ms - 22&amp#27;[39m
&amp#27;[35m[HTTP]&amp#27;[39m &amp#27;[90m&amp#27;[39m
&amp#27;[35m[HTTP]&amp#27;[39m &amp#27;[37m-->&amp#27;[39m &amp#27;[37mPOST&amp#27;[39m &amp#27;[37m/wd/hub/session/72f517da-910c-46a8-8c18-f52fc551c88e/elements&amp#27;[39m
&amp#27;[35m[HTTP]&amp#27;[39m &amp#27;[90m{"using":"xpath","value":"//android.view.View"}&amp#27;[39m
[debug] &amp#27;[35m[W3C (72f517da)]&amp#27;[39m Calling AppiumDriver.findElements() with args: ["xpath","//android.view.View","72f517da-910c-46a8-8c18-f52fc551c88e"]
[debug] &amp#27;[35m[BaseDriver]&amp#27;[39m Valid locator strategies for this request: xpath, id, class name, accessibility id, css selector, -android uiautomator
[debug] &amp#27;[35m[BaseDriver]&amp#27;[39m Waiting up to 20000 ms for condition
[debug] &amp#27;[35m[WD Proxy]&amp#27;[39m Matched '/elements' to command name 'findElements'
[debug] &amp#27;[35m[WD Proxy]&amp#27;[39m Proxying [POST /elements] to [POST http://127.0.0.1:8200/wd/hub/session/a8830392-9b85-4943-b889-72250055e4eb/elements] with body: {"strategy":"xpath","selector":"//android.view.View","context":"","multiple":true}
[debug] &amp#27;[35m[WD Proxy]&amp#27;[39m Got response with status 200: {"sessionId":"a8830392-9b85-4943-b889-72250055e4eb","value":[{"ELEMENT":"d7a27fbf-6ead-436f-9f2a-4bcbf70ee608","element-6066-11e4-a52e-4f735466cecf":"d7a27fbf-6ead-436f-9f2a-4bcbf70ee608"},{"ELEMENT":"be97d2fe-3dac-45c8-b38a-26b6b8ec3b95","element-6066-11e4-a52e-4f735466cecf":"be97d2fe-3dac-45c8-b38a-26b6b8ec3b95"},{"ELEMENT":"69210a9a-3d23-4e50-a222-8dd63aeb7157","element-6066-11e4-a52e-4f735466cecf":"69210a9a-3d23-4e50-a222-8dd63aeb7157"},{"ELEMENT":"2bcdb43d-a8d0-416c-96d7-b49a7d41d53f","element-6066-11e4-a52e-4f735466cecf":"2bcdb43d-a8d0-416c-96d7-b49a7d41d53f"},{"ELEMENT":"c27416d9-d4ed-4a51-ba3b-0269afefcbca","element-6066-11e4-a52e-4f735466cecf":"c27416d9-d4ed-4a51-ba3b-0269afefcbca"},{"ELEMENT":"bf369af2-efa5-4baf-bb95-250945dd1ff2","element-6066-11e4-a52e-4f735466cecf":"bf369af2-efa5-4baf-bb95-250945dd1ff2"},{"ELEMENT":"8c65401b-13e1-46a7-ba8c-1229779240e3","element-6066-11e4-a52e-4f735466cecf":"8c65401b-13e1-46a7-ba8c-1229779240e3"},{"ELEMENT":"05113e4b-73b7-4e1d-8aec-3a38e1528ff5","element-6066-...
[debug] &amp#27;[35m[W3C (72f517da)]&amp#27;[39m Responding to client with driver.findElements() result: [{"element-6066-11e4-a52e-4f735466cecf":"d7a27fbf-6ead-436f-9f2a-4bcbf70ee608","ELEMENT":"d7a27fbf-6ead-436f-9f2a-4bcbf70ee608"},{"element-6066-11e4-a52e-4f735466cecf":"be97d2fe-3dac-45c8-b38a-26b6b8ec3b95","ELEMENT":"be97d2fe-3dac-45c8-b38a-26b6b8ec3b95"},{"element-6066-11e4-a52e-4f735466cecf":"69210a9a-3d23-4e50-a222-8dd63aeb7157","ELEMENT":"69210a9a-3d23-4e50-a222-8dd63aeb7157"},{"element-6066-11e4-a52e-4f735466cecf":"2bcdb43d-a8d0-416c-96d7-b49a7d41d53f","ELEMENT":"2bcdb43d-a8d0-416c-96d7-b49a7d41d53f"},{"element-6066-11e4-a52e-4f735466cecf":"c27416d9-d4ed-4a51-ba3b-0269afefcbca","ELEMENT":"c27416d9-d4ed-4a51-ba3b-0269afefcbca"},{"element-6066-11e4-a52e-4f735466cecf":"bf369af2-efa5-4baf-bb95-250945dd1ff2","ELEMENT":"bf369af2-efa5-4baf-bb95-250945dd1ff2"},{"element-6066-11e4-a52e-4f735466cecf":"8c65401b-13e1-46a7-ba8c-1229779240e3","ELEMENT":"8c65401b-13e1-46a7-ba8c-1229779240e3"},{"element-6066-11e4-a52e-4f735466cecf":"05113e4b-73b7-4e1d-8aec-3a38e1528ff5","ELEMENT":"05113e4b-73b7-4e1d-8aec-3a38e1528ff...
&amp#27;[35m[HTTP]&amp#27;[39m &amp#27;[37m<-- POST /wd/hub/session/72f517da-910c-46a8-8c18-f52fc551c88e/elements &amp#27;[39m&amp#27;[32m200&amp#27;[39m &amp#27;[90m155 ms - 6155&amp#27;[39m
&amp#27;[35m[HTTP]&amp#27;[39m &amp#27;[90m&amp#27;[39m
&amp#27;[35m[HTTP]&amp#27;[39m &amp#27;[37m-->&amp#27;[39m &amp#27;[37mGET&amp#27;[39m &amp#27;[37m/wd/hub/session/72f517da-910c-46a8-8c18-f52fc551c88e/element/1698fc44-06a4-4c3e-82ba-d294d52420a7/text&amp#27;[39m
&amp#27;[35m[HTTP]&amp#27;[39m &amp#27;[90m{}&amp#27;[39m
&amp#27;[35m[W3C (72f517da)]&amp#27;[39m Driver proxy active, passing request on via HTTP proxy
[debug] &amp#27;[35m[WD Proxy]&amp#27;[39m Matched '/wd/hub/session/72f517da-910c-46a8-8c18-f52fc551c88e/element/1698fc44-06a4-4c3e-82ba-d294d52420a7/text' to command name 'getText'
[debug] &amp#27;[35m[WD Proxy]&amp#27;[39m Proxying [GET /wd/hub/session/72f517da-910c-46a8-8c18-f52fc551c88e/element/1698fc44-06a4-4c3e-82ba-d294d52420a7/text] to [GET http://127.0.0.1:8200/wd/hub/session/a8830392-9b85-4943-b889-72250055e4eb/element/1698fc44-06a4-4c3e-82ba-d294d52420a7/text] with no body
[debug] &amp#27;[35m[WD Proxy]&amp#27;[39m Got response with status 200: {"sessionId":"a8830392-9b85-4943-b889-72250055e4eb","value":"XX 741"}
&amp#27;[35m[WD Proxy]&amp#27;[39m Replacing sessionId a8830392-9b85-4943-b889-72250055e4eb with 72f517da-910c-46a8-8c18-f52fc551c88e
&amp#27;[35m[HTTP]&amp#27;[39m &amp#27;[37m<-- GET /wd/hub/session/72f517da-910c-46a8-8c18-f52fc551c88e/element/1698fc44-06a4-4c3e-82ba-d294d52420a7/text &amp#27;[39m&amp#27;[32m200&amp#27;[39m &amp#27;[90m18 ms - 69&amp#27;[39m
&amp#27;[35m[HTTP]&amp#27;[39m &amp#27;[90m&amp#27;[39m
&amp#27;[35m[HTTP]&amp#27;[39m &amp#27;[37m-->&amp#27;[39m &amp#27;[37mGET&amp#27;[39m &amp#27;[37m/wd/hub/session/72f517da-910c-46a8-8c18-f52fc551c88e/context&amp#27;[39m
&amp#27;[35m[HTTP]&amp#27;[39m &amp#27;[90m{}&amp#27;[39m
[debug] &amp#27;[35m[W3C (72f517da)]&amp#27;[39m Calling AppiumDriver.getCurrentContext() with args: ["72f517da-910c-46a8-8c18-f52fc551c88e"]
[debug] &amp#27;[35m[W3C (72f517da)]&amp#27;[39m Responding to client with driver.getCurrentContext() result: "NATIVE_APP"
&amp#27;[35m[HTTP]&amp#27;[39m &amp#27;[37m<-- GET /wd/hub/session/72f517da-910c-46a8-8c18-f52fc551c88e/context &amp#27;[39m&amp#27;[32m200&amp#27;[39m &amp#27;[90m1 ms - 22&amp#27;[39m
&amp#27;[35m[HTTP]&amp#27;[39m &amp#27;[90m&amp#27;[39m
&amp#27;[35m[HTTP]&amp#27;[39m &amp#27;[37m-->&amp#27;[39m &amp#27;[37mPOST&amp#27;[39m &amp#27;[37m/wd/hub/session/72f517da-910c-46a8-8c18-f52fc551c88e/elements&amp#27;[39m
&amp#27;[35m[HTTP]&amp#27;[39m &amp#27;[90m{"using":"xpath","value":"//android.widget.TextView"}&amp#27;[39m
[debug] &amp#27;[35m[W3C (72f517da)]&amp#27;[39m Calling AppiumDriver.findElements() with args: ["xpath","//android.widget.TextView","72f517da-910c-46a8-8c18-f52fc551c88e"]
[debug] &amp#27;[35m[BaseDriver]&amp#27;[39m Valid locator strategies for this request: xpath, id, class name, accessibility id, css selector, -android uiautomator
[debug] &amp#27;[35m[BaseDriver]&amp#27;[39m Waiting up to 20000 ms for condition
[debug] &amp#27;[35m[WD Proxy]&amp#27;[39m Matched '/elements' to command name 'findElements'
[debug] &amp#27;[35m[WD Proxy]&amp#27;[39m Proxying [POST /elements] to [POST http://127.0.0.1:8200/wd/hub/session/a8830392-9b85-4943-b889-72250055e4eb/elements] with body: {"strategy":"xpath","selector":"//android.widget.TextView","context":"","multiple":true}
[debug] &amp#27;[35m[WD Proxy]&amp#27;[39m Got response with status 200: {"sessionId":"a8830392-9b85-4943-b889-72250055e4eb","value":[{"ELEMENT":"b353c43d-9298-40d5-930f-4195b1b76124","element-6066-11e4-a52e-4f735466cecf":"b353c43d-9298-40d5-930f-4195b1b76124"},{"ELEMENT":"567d7490-987d-488e-a686-4377183c5a80","element-6066-11e4-a52e-4f735466cecf":"567d7490-987d-488e-a686-4377183c5a80"},{"ELEMENT":"9ccd0c1e-d316-478a-bfed-a597911c91cf","element-6066-11e4-a52e-4f735466cecf":"9ccd0c1e-d316-478a-bfed-a597911c91cf"},{"ELEMENT":"73a53ef2-9684-49bb-87f3-c308dd361780","element-6066-11e4-a52e-4f735466cecf":"73a53ef2-9684-49bb-87f3-c308dd361780"},{"ELEMENT":"dc76e668-5395-4f53-81f3-cdb8092d4f2f","element-6066-11e4-a52e-4f735466cecf":"dc76e668-5395-4f53-81f3-cdb8092d4f2f"},{"ELEMENT":"18bcc849-5e69-47c7-9e2c-3275f995a847","element-6066-11e4-a52e-4f735466cecf":"18bcc849-5e69-47c7-9e2c-3275f995a847"},{"ELEMENT":"94eee519-56e3-4a2e-9bd8-fbf443623013","element-6066-11e4-a52e-4f735466cecf":"94eee519-56e3-4a2e-9bd8-fbf443623013"},{"ELEMENT":"901d1ac0-0082-4f11-b939-98e79332e8fb","element-6066-...
[debug] &amp#27;[35m[W3C (72f517da)]&amp#27;[39m Responding to client with driver.findElements() result: [{"element-6066-11e4-a52e-4f735466cecf":"b353c43d-9298-40d5-930f-4195b1b76124","ELEMENT":"b353c43d-9298-40d5-930f-4195b1b76124"},{"element-6066-11e4-a52e-4f735466cecf":"567d7490-987d-488e-a686-4377183c5a80","ELEMENT":"567d7490-987d-488e-a686-4377183c5a80"},{"element-6066-11e4-a52e-4f735466cecf":"9ccd0c1e-d316-478a-bfed-a597911c91cf","ELEMENT":"9ccd0c1e-d316-478a-bfed-a597911c91cf"},{"element-6066-11e4-a52e-4f735466cecf":"73a53ef2-9684-49bb-87f3-c308dd361780","ELEMENT":"73a53ef2-9684-49bb-87f3-c308dd361780"},{"element-6066-11e4-a52e-4f735466cecf":"dc76e668-5395-4f53-81f3-cdb8092d4f2f","ELEMENT":"dc76e668-5395-4f53-81f3-cdb8092d4f2f"},{"element-6066-11e4-a52e-4f735466cecf":"18bcc849-5e69-47c7-9e2c-3275f995a847","ELEMENT":"18bcc849-5e69-47c7-9e2c-3275f995a847"},{"element-6066-11e4-a52e-4f735466cecf":"94eee519-56e3-4a2e-9bd8-fbf443623013","ELEMENT":"94eee519-56e3-4a2e-9bd8-fbf443623013"},{"element-6066-11e4-a52e-4f735466cecf":"901d1ac0-0082-4f11-b939-98e79332e8fb","ELEMENT":"901d1ac0-0082-4f11-b939-98e79332e8f...
&amp#27;[35m[HTTP]&amp#27;[39m &amp#27;[37m<-- POST /wd/hub/session/72f517da-910c-46a8-8c18-f52fc551c88e/elements &amp#27;[39m&amp#27;[32m200&amp#27;[39m &amp#27;[90m110 ms - 1291&amp#27;[39m
&amp#27;[35m[HTTP]&amp#27;[39m &amp#27;[90m&amp#27;[39m
&amp#27;[35m[HTTP]&amp#27;[39m &amp#27;[37m-->&amp#27;[39m &amp#27;[37mGET&amp#27;[39m &amp#27;[37m/wd/hub/session/72f517da-910c-46a8-8c18-f52fc551c88e/element/73a53ef2-9684-49bb-87f3-c308dd361780/text&amp#27;[39m
&amp#27;[35m[HTTP]&amp#27;[39m &amp#27;[90m{}&amp#27;[39m
&amp#27;[35m[W3C (72f517da)]&amp#27;[39m Driver proxy active, passing request on via HTTP proxy
[debug] &amp#27;[35m[WD Proxy]&amp#27;[39m Matched '/wd/hub/session/72f517da-910c-46a8-8c18-f52fc551c88e/element/73a53ef2-9684-49bb-87f3-c308dd361780/text' to command name 'getText'
[debug] &amp#27;[35m[WD Proxy]&amp#27;[39m Proxying [GET /wd/hub/session/72f517da-910c-46a8-8c18-f52fc551c88e/element/73a53ef2-9684-49bb-87f3-c308dd361780/text] to [GET http://127.0.0.1:8200/wd/hub/session/a8830392-9b85-4943-b889-72250055e4eb/element/73a53ef2-9684-49bb-87f3-c308dd361780/text] with no body
[debug] &amp#27;[35m[WD Proxy]&amp#27;[39m Got response with status 200: {"sessionId":"a8830392-9b85-4943-b889-72250055e4eb","value":"SAVINGS"}
&amp#27;[35m[WD Proxy]&amp#27;[39m Replacing sessionId a8830392-9b85-4943-b889-72250055e4eb with 72f517da-910c-46a8-8c18-f52fc551c88e
&amp#27;[35m[HTTP]&amp#27;[39m &amp#27;[37m<-- GET /wd/hub/session/72f517da-910c-46a8-8c18-f52fc551c88e/element/73a53ef2-9684-49bb-87f3-c308dd361780/text &amp#27;[39m&amp#27;[32m200&amp#27;[39m &amp#27;[90m17 ms - 70&amp#27;[39m
&amp#27;[35m[HTTP]&amp#27;[39m &amp#27;[90m&amp#27;[39m
XX 741:SAVINGS
&amp#27;[35m[HTTP]&amp#27;[39m &amp#27;[37m-->&amp#27;[39m &amp#27;[37mGET&amp#27;[39m &amp#27;[37m/wd/hub/session/72f517da-910c-46a8-8c18-f52fc551c88e/context&amp#27;[39m
&amp#27;[35m[HTTP]&amp#27;[39m &amp#27;[90m{}&amp#27;[39m
[debug] &amp#27;[35m[W3C (72f517da)]&amp#27;[39m Calling AppiumDriver.getCurrentContext() with args: ["72f517da-910c-46a8-8c18-f52fc551c88e"]
[debug] &amp#27;[35m[W3C (72f517da)]&amp#27;[39m Responding to client with driver.getCurrentContext() result: "NATIVE_APP"
&amp#27;[35m[HTTP]&amp#27;[39m &amp#27;[37m<-- GET /wd/hub/session/72f517da-910c-46a8-8c18-f52fc551c88e/context &amp#27;[39m&amp#27;[32m200&amp#27;[39m &amp#27;[90m1 ms - 22&amp#27;[39m
&amp#27;[35m[HTTP]&amp#27;[39m &amp#27;[90m&amp#27;[39m
&amp#27;[35m[HTTP]&amp#27;[39m &amp#27;[37m-->&amp#27;[39m &amp#27;[37mPOST&amp#27;[39m &amp#27;[37m/wd/hub/session/72f517da-910c-46a8-8c18-f52fc551c88e/elements&amp#27;[39m
&amp#27;[35m[HTTP]&amp#27;[39m &amp#27;[90m{"using":"xpath","value":"//android.view.View"}&amp#27;[39m
[debug] &amp#27;[35m[W3C (72f517da)]&amp#27;[39m Calling AppiumDriver.findElements() with args: ["xpath","//android.view.View","72f517da-910c-46a8-8c18-f52fc551c88e"]
[debug] &amp#27;[35m[BaseDriver]&amp#27;[39m Valid locator strategies for this request: xpath, id, class name, accessibility id, css selector, -android uiautomator
[debug] &amp#27;[35m[BaseDriver]&amp#27;[39m Waiting up to 20000 ms for condition
[debug] &amp#27;[35m[WD Proxy]&amp#27;[39m Matched '/elements' to command name 'findElements'
[debug] &amp#27;[35m[WD Proxy]&amp#27;[39m Proxying [POST /elements] to [POST http://127.0.0.1:8200/wd/hub/session/a8830392-9b85-4943-b889-72250055e4eb/elements] with body: {"strategy":"xpath","selector":"//android.view.View","context":"","multiple":true}
[debug] &amp#27;[35m[WD Proxy]&amp#27;[39m Got response with status 200: {"sessionId":"a8830392-9b85-4943-b889-72250055e4eb","value":[{"ELEMENT":"a6189c86-2392-4857-a268-805eb1865aa1","element-6066-11e4-a52e-4f735466cecf":"a6189c86-2392-4857-a268-805eb1865aa1"},{"ELEMENT":"ebeabeac-9cc0-462f-88d6-4f00a2202e7b","element-6066-11e4-a52e-4f735466cecf":"ebeabeac-9cc0-462f-88d6-4f00a2202e7b"},{"ELEMENT":"01fba1d6-c74e-4153-a9d1-c7ad9dc4a976","element-6066-11e4-a52e-4f735466cecf":"01fba1d6-c74e-4153-a9d1-c7ad9dc4a976"},{"ELEMENT":"07700dfb-75ac-446f-bcd8-7cdefd39e752","element-6066-11e4-a52e-4f735466cecf":"07700dfb-75ac-446f-bcd8-7cdefd39e752"},{"ELEMENT":"07830280-a83c-4c71-b4da-261e1e062e68","element-6066-11e4-a52e-4f735466cecf":"07830280-a83c-4c71-b4da-261e1e062e68"},{"ELEMENT":"3904470e-52a2-42cd-88ef-04aa9b63dd16","element-6066-11e4-a52e-4f735466cecf":"3904470e-52a2-42cd-88ef-04aa9b63dd16"},{"ELEMENT":"67d36892-702a-40e1-9a50-ec979dc7503f","element-6066-11e4-a52e-4f735466cecf":"67d36892-702a-40e1-9a50-ec979dc7503f"},{"ELEMENT":"7981aaa2-f64a-4dbe-b78d-120b56aaf7bc","element-6066-...
[debug] &amp#27;[35m[W3C (72f517da)]&amp#27;[39m Responding to client with driver.findElements() result: [{"element-6066-11e4-a52e-4f735466cecf":"a6189c86-2392-4857-a268-805eb1865aa1","ELEMENT":"a6189c86-2392-4857-a268-805eb1865aa1"},{"element-6066-11e4-a52e-4f735466cecf":"ebeabeac-9cc0-462f-88d6-4f00a2202e7b","ELEMENT":"ebeabeac-9cc0-462f-88d6-4f00a2202e7b"},{"element-6066-11e4-a52e-4f735466cecf":"01fba1d6-c74e-4153-a9d1-c7ad9dc4a976","ELEMENT":"01fba1d6-c74e-4153-a9d1-c7ad9dc4a976"},{"element-6066-11e4-a52e-4f735466cecf":"07700dfb-75ac-446f-bcd8-7cdefd39e752","ELEMENT":"07700dfb-75ac-446f-bcd8-7cdefd39e752"},{"element-6066-11e4-a52e-4f735466cecf":"07830280-a83c-4c71-b4da-261e1e062e68","ELEMENT":"07830280-a83c-4c71-b4da-261e1e062e68"},{"element-6066-11e4-a52e-4f735466cecf":"3904470e-52a2-42cd-88ef-04aa9b63dd16","ELEMENT":"3904470e-52a2-42cd-88ef-04aa9b63dd16"},{"element-6066-11e4-a52e-4f735466cecf":"67d36892-702a-40e1-9a50-ec979dc7503f","ELEMENT":"67d36892-702a-40e1-9a50-ec979dc7503f"},{"element-6066-11e4-a52e-4f735466cecf":"7981aaa2-f64a-4dbe-b78d-120b56aaf7bc","ELEMENT":"7981aaa2-f64a-4dbe-b78d-120b56aaf7b...
&amp#27;[35m[HTTP]&amp#27;[39m &amp#27;[37m<-- POST /wd/hub/session/72f517da-910c-46a8-8c18-f52fc551c88e/elements &amp#27;[39m&amp#27;[32m200&amp#27;[39m &amp#27;[90m118 ms - 6155&amp#27;[39m
&amp#27;[35m[HTTP]&amp#27;[39m &amp#27;[90m&amp#27;[39m
&amp#27;[35m[HTTP]&amp#27;[39m &amp#27;[37m-->&amp#27;[39m &amp#27;[37mGET&amp#27;[39m &amp#27;[37m/wd/hub/session/72f517da-910c-46a8-8c18-f52fc551c88e/element/6a6d1937-b4b3-4b07-a367-bf54e97cad98/text&amp#27;[39m
&amp#27;[35m[HTTP]&amp#27;[39m &amp#27;[90m{}&amp#27;[39m
&amp#27;[35m[W3C (72f517da)]&amp#27;[39m Driver proxy active, passing request on via HTTP proxy
[debug] &amp#27;[35m[WD Proxy]&amp#27;[39m Matched '/wd/hub/session/72f517da-910c-46a8-8c18-f52fc551c88e/element/6a6d1937-b4b3-4b07-a367-bf54e97cad98/text' to command name 'getText'
[debug] &amp#27;[35m[WD Proxy]&amp#27;[39m Proxying [GET /wd/hub/session/72f517da-910c-46a8-8c18-f52fc551c88e/element/6a6d1937-b4b3-4b07-a367-bf54e97cad98/text] to [GET http://127.0.0.1:8200/wd/hub/session/a8830392-9b85-4943-b889-72250055e4eb/element/6a6d1937-b4b3-4b07-a367-bf54e97cad98/text] with no body
[debug] &amp#27;[35m[WD Proxy]&amp#27;[39m Got response with status 200: {"sessionId":"a8830392-9b85-4943-b889-72250055e4eb","value":""}
&amp#27;[35m[WD Proxy]&amp#27;[39m Replacing sessionId a8830392-9b85-4943-b889-72250055e4eb with 72f517da-910c-46a8-8c18-f52fc551c88e
&amp#27;[35m[HTTP]&amp#27;[39m &amp#27;[37m<-- GET /wd/hub/session/72f517da-910c-46a8-8c18-f52fc551c88e/element/6a6d1937-b4b3-4b07-a367-bf54e97cad98/text &amp#27;[39m&amp#27;[32m200&amp#27;[39m &amp#27;[90m17 ms - 63&amp#27;[39m
&amp#27;[35m[HTTP]&amp#27;[39m &amp#27;[90m&amp#27;[39m
&amp#27;[35m[HTTP]&amp#27;[39m &amp#27;[37m-->&amp#27;[39m &amp#27;[37mGET&amp#27;[39m &amp#27;[37m/wd/hub/session/72f517da-910c-46a8-8c18-f52fc551c88e/context&amp#27;[39m
&amp#27;[35m[HTTP]&amp#27;[39m &amp#27;[90m{}&amp#27;[39m
[debug] &amp#27;[35m[W3C (72f517da)]&amp#27;[39m Calling AppiumDriver.getCurrentContext() with args: ["72f517da-910c-46a8-8c18-f52fc551c88e"]
[debug] &amp#27;[35m[W3C (72f517da)]&amp#27;[39m Responding to client with driver.getCurrentContext() result: "NATIVE_APP"
&amp#27;[35m[HTTP]&amp#27;[39m &amp#27;[37m<-- GET /wd/hub/session/72f517da-910c-46a8-8c18-f52fc551c88e/context &amp#27;[39m&amp#27;[32m200&amp#27;[39m &amp#27;[90m1 ms - 22&amp#27;[39m
&amp#27;[35m[HTTP]&amp#27;[39m &amp#27;[90m&amp#27;[39m
&amp#27;[35m[HTTP]&amp#27;[39m &amp#27;[37m-->&amp#27;[39m &amp#27;[37mPOST&amp#27;[39m &amp#27;[37m/wd/hub/session/72f517da-910c-46a8-8c18-f52fc551c88e/elements&amp#27;[39m
&amp#27;[35m[HTTP]&amp#27;[39m &amp#27;[90m{"using":"xpath","value":"//android.widget.TextView"}&amp#27;[39m
[debug] &amp#27;[35m[W3C (72f517da)]&amp#27;[39m Calling AppiumDriver.findElements() with args: ["xpath","//android.widget.TextView","72f517da-910c-46a8-8c18-f52fc551c88e"]
[debug] &amp#27;[35m[BaseDriver]&amp#27;[39m Valid locator strategies for this request: xpath, id, class name, accessibility id, css selector, -android uiautomator
[debug] &amp#27;[35m[BaseDriver]&amp#27;[39m Waiting up to 20000 ms for condition
[debug] &amp#27;[35m[WD Proxy]&amp#27;[39m Matched '/elements' to command name 'findElements'
[debug] &amp#27;[35m[WD Proxy]&amp#27;[39m Proxying [POST /elements] to [POST http://127.0.0.1:8200/wd/hub/session/a8830392-9b85-4943-b889-72250055e4eb/elements] with body: {"strategy":"xpath","selector":"//android.widget.TextView","context":"","multiple":true}
[debug] &amp#27;[35m[WD Proxy]&amp#27;[39m Got response with status 200: {"sessionId":"a8830392-9b85-4943-b889-72250055e4eb","value":[{"ELEMENT":"7a7ef566-5e4c-40e7-9c17-2d79d816a3e4","element-6066-11e4-a52e-4f735466cecf":"7a7ef566-5e4c-40e7-9c17-2d79d816a3e4"},{"ELEMENT":"9c523347-6dca-4fa1-b5a8-6e3dcb4e6a6e","element-6066-11e4-a52e-4f735466cecf":"9c523347-6dca-4fa1-b5a8-6e3dcb4e6a6e"},{"ELEMENT":"bbd38770-39dd-4e0e-86a4-dad83059d843","element-6066-11e4-a52e-4f735466cecf":"bbd38770-39dd-4e0e-86a4-dad83059d843"},{"ELEMENT":"d9ba9444-64c7-40a5-aebd-b421467a8df2","element-6066-11e4-a52e-4f735466cecf":"d9ba9444-64c7-40a5-aebd-b421467a8df2"},{"ELEMENT":"d75daa9b-f3df-438e-9a39-cd9af5495245","element-6066-11e4-a52e-4f735466cecf":"d75daa9b-f3df-438e-9a39-cd9af5495245"},{"ELEMENT":"acf72e69-6967-4dd4-a3ee-08a39db91545","element-6066-11e4-a52e-4f735466cecf":"acf72e69-6967-4dd4-a3ee-08a39db91545"},{"ELEMENT":"cc88077e-b638-4901-ac8c-2c5c01392d66","element-6066-11e4-a52e-4f735466cecf":"cc88077e-b638-4901-ac8c-2c5c01392d66"},{"ELEMENT":"6edd165b-ffe8-4f89-b7cf-77a88c6963d1","element-6066-...
[debug] &amp#27;[35m[W3C (72f517da)]&amp#27;[39m Responding to client with driver.findElements() result: [{"element-6066-11e4-a52e-4f735466cecf":"7a7ef566-5e4c-40e7-9c17-2d79d816a3e4","ELEMENT":"7a7ef566-5e4c-40e7-9c17-2d79d816a3e4"},{"element-6066-11e4-a52e-4f735466cecf":"9c523347-6dca-4fa1-b5a8-6e3dcb4e6a6e","ELEMENT":"9c523347-6dca-4fa1-b5a8-6e3dcb4e6a6e"},{"element-6066-11e4-a52e-4f735466cecf":"bbd38770-39dd-4e0e-86a4-dad83059d843","ELEMENT":"bbd38770-39dd-4e0e-86a4-dad83059d843"},{"element-6066-11e4-a52e-4f735466cecf":"d9ba9444-64c7-40a5-aebd-b421467a8df2","ELEMENT":"d9ba9444-64c7-40a5-aebd-b421467a8df2"},{"element-6066-11e4-a52e-4f735466cecf":"d75daa9b-f3df-438e-9a39-cd9af5495245","ELEMENT":"d75daa9b-f3df-438e-9a39-cd9af5495245"},{"element-6066-11e4-a52e-4f735466cecf":"acf72e69-6967-4dd4-a3ee-08a39db91545","ELEMENT":"acf72e69-6967-4dd4-a3ee-08a39db91545"},{"element-6066-11e4-a52e-4f735466cecf":"cc88077e-b638-4901-ac8c-2c5c01392d66","ELEMENT":"cc88077e-b638-4901-ac8c-2c5c01392d66"},{"element-6066-11e4-a52e-4f735466cecf":"6edd165b-ffe8-4f89-b7cf-77a88c6963d1","ELEMENT":"6edd165b-ffe8-4f89-b7cf-77a88c6963d...
&amp#27;[35m[HTTP]&amp#27;[39m &amp#27;[37m<-- POST /wd/hub/session/72f517da-910c-46a8-8c18-f52fc551c88e/elements &amp#27;[39m&amp#27;[32m200&amp#27;[39m &amp#27;[90m117 ms - 1291&amp#27;[39m
&amp#27;[35m[HTTP]&amp#27;[39m &amp#27;[90m&amp#27;[39m
&amp#27;[35m[HTTP]&amp#27;[39m &amp#27;[37m-->&amp#27;[39m &amp#27;[37mGET&amp#27;[39m &amp#27;[37m/wd/hub/session/72f517da-910c-46a8-8c18-f52fc551c88e/element/d75daa9b-f3df-438e-9a39-cd9af5495245/text&amp#27;[39m
&amp#27;[35m[HTTP]&amp#27;[39m &amp#27;[90m{}&amp#27;[39m
&amp#27;[35m[W3C (72f517da)]&amp#27;[39m Driver proxy active, passing request on via HTTP proxy
[debug] &amp#27;[35m[WD Proxy]&amp#27;[39m Matched '/wd/hub/session/72f517da-910c-46a8-8c18-f52fc551c88e/element/d75daa9b-f3df-438e-9a39-cd9af5495245/text' to command name 'getText'
[debug] &amp#27;[35m[WD Proxy]&amp#27;[39m Proxying [GET /wd/hub/session/72f517da-910c-46a8-8c18-f52fc551c88e/element/d75daa9b-f3df-438e-9a39-cd9af5495245/text] to [GET http://127.0.0.1:8200/wd/hub/session/a8830392-9b85-4943-b889-72250055e4eb/element/d75daa9b-f3df-438e-9a39-cd9af5495245/text] with no body
[debug] &amp#27;[35m[WD Proxy]&amp#27;[39m Got response with status 200: {"sessionId":"a8830392-9b85-4943-b889-72250055e4eb","value":"RECURRING DEPOSIT"}
&amp#27;[35m[WD Proxy]&amp#27;[39m Replacing sessionId a8830392-9b85-4943-b889-72250055e4eb with 72f517da-910c-46a8-8c18-f52fc551c88e
&amp#27;[35m[HTTP]&amp#27;[39m &amp#27;[37m<-- GET /wd/hub/session/72f517da-910c-46a8-8c18-f52fc551c88e/element/d75daa9b-f3df-438e-9a39-cd9af5495245/text &amp#27;[39m&amp#27;[32m200&amp#27;[39m &amp#27;[90m17 ms - 80&amp#27;[39m
&amp#27;[35m[HTTP]&amp#27;[39m &amp#27;[90m&amp#27;[39m

&amp#27;[35m[HTTP]&amp#27;[39m &amp#27;[37m-->&amp#27;[39m &amp#27;[37mGET&amp#27;[39m &amp#27;[37m/wd/hub/session/72f517da-910c-46a8-8c18-f52fc551c88e/context&amp#27;[39m
&amp#27;[35m[HTTP]&amp#27;[39m &amp#27;[90m{}&amp#27;[39m
[debug] &amp#27;[35m[W3C (72f517da)]&amp#27;[39m Calling AppiumDriver.getCurrentContext() with args: ["72f517da-910c-46a8-8c18-f52fc551c88e"]
[debug] &amp#27;[35m[W3C (72f517da)]&amp#27;[39m Responding to client with driver.getCurrentContext() result: "NATIVE_APP"
&amp#27;[35m[HTTP]&amp#27;[39m &amp#27;[37m<-- GET /wd/hub/session/72f517da-910c-46a8-8c18-f52fc551c88e/context &amp#27;[39m&amp#27;[32m200&amp#27;[39m &amp#27;[90m1 ms - 22&amp#27;[39m
&amp#27;[35m[HTTP]&amp#27;[39m &amp#27;[90m&amp#27;[39m
&amp#27;[35m[HTTP]&amp#27;[39m &amp#27;[37m-->&amp#27;[39m &amp#27;[37mPOST&amp#27;[39m &amp#27;[37m/wd/hub/session/72f517da-910c-46a8-8c18-f52fc551c88e/elements&amp#27;[39m
&amp#27;[35m[HTTP]&amp#27;[39m &amp#27;[90m{"using":"xpath","value":"//android.view.View"}&amp#27;[39m
[debug] &amp#27;[35m[W3C (72f517da)]&amp#27;[39m Calling AppiumDriver.findElements() with args: ["xpath","//android.view.View","72f517da-910c-46a8-8c18-f52fc551c88e"]
[debug] &amp#27;[35m[BaseDriver]&amp#27;[39m Valid locator strategies for this request: xpath, id, class name, accessibility id, css selector, -android uiautomator
[debug] &amp#27;[35m[BaseDriver]&amp#27;[39m Waiting up to 20000 ms for condition
[debug] &amp#27;[35m[WD Proxy]&amp#27;[39m Matched '/elements' to command name 'findElements'
[debug] &amp#27;[35m[WD Proxy]&amp#27;[39m Proxying [POST /elements] to [POST http://127.0.0.1:8200/wd/hub/session/a8830392-9b85-4943-b889-72250055e4eb/elements] with body: {"strategy":"xpath","selector":"//android.view.View","context":"","multiple":true}
[debug] &amp#27;[35m[WD Proxy]&amp#27;[39m Got response with status 200: {"sessionId":"a8830392-9b85-4943-b889-72250055e4eb","value":[{"ELEMENT":"0b02c976-1e9c-4e74-9639-47913c673e31","element-6066-11e4-a52e-4f735466cecf":"0b02c976-1e9c-4e74-9639-47913c673e31"},{"ELEMENT":"7a8bbd13-c631-40ed-ab27-a38e9c357a14","element-6066-11e4-a52e-4f735466cecf":"7a8bbd13-c631-40ed-ab27-a38e9c357a14"},{"ELEMENT":"58277768-1b8d-43c7-8a43-c217ccf2892b","element-6066-11e4-a52e-4f735466cecf":"58277768-1b8d-43c7-8a43-c217ccf2892b"},{"ELEMENT":"4cf92ddb-36f6-4aa0-81df-6c97ace8b6e7","element-6066-11e4-a52e-4f735466cecf":"4cf92ddb-36f6-4aa0-81df-6c97ace8b6e7"},{"ELEMENT":"f0b23e30-0366-4b80-b997-9481811eaabd","element-6066-11e4-a52e-4f735466cecf":"f0b23e30-0366-4b80-b997-9481811eaabd"},{"ELEMENT":"ac77b23f-dba1-4113-a1ac-1e33394c35fd","element-6066-11e4-a52e-4f735466cecf":"ac77b23f-dba1-4113-a1ac-1e33394c35fd"},{"ELEMENT":"7a16b186-52ec-4104-a32c-e5e1b1c73528","element-6066-11e4-a52e-4f735466cecf":"7a16b186-52ec-4104-a32c-e5e1b1c73528"},{"ELEMENT":"b872e820-b7f8-4fd5-9a01-f1357258b00d","element-6066-...
[debug] &amp#27;[35m[W3C (72f517da)]&amp#27;[39m Responding to client with driver.findElements() result: [{"element-6066-11e4-a52e-4f735466cecf":"0b02c976-1e9c-4e74-9639-47913c673e31","ELEMENT":"0b02c976-1e9c-4e74-9639-47913c673e31"},{"element-6066-11e4-a52e-4f735466cecf":"7a8bbd13-c631-40ed-ab27-a38e9c357a14","ELEMENT":"7a8bbd13-c631-40ed-ab27-a38e9c357a14"},{"element-6066-11e4-a52e-4f735466cecf":"58277768-1b8d-43c7-8a43-c217ccf2892b","ELEMENT":"58277768-1b8d-43c7-8a43-c217ccf2892b"},{"element-6066-11e4-a52e-4f735466cecf":"4cf92ddb-36f6-4aa0-81df-6c97ace8b6e7","ELEMENT":"4cf92ddb-36f6-4aa0-81df-6c97ace8b6e7"},{"element-6066-11e4-a52e-4f735466cecf":"f0b23e30-0366-4b80-b997-9481811eaabd","ELEMENT":"f0b23e30-0366-4b80-b997-9481811eaabd"},{"element-6066-11e4-a52e-4f735466cecf":"ac77b23f-dba1-4113-a1ac-1e33394c35fd","ELEMENT":"ac77b23f-dba1-4113-a1ac-1e33394c35fd"},{"element-6066-11e4-a52e-4f735466cecf":"7a16b186-52ec-4104-a32c-e5e1b1c73528","ELEMENT":"7a16b186-52ec-4104-a32c-e5e1b1c73528"},{"element-6066-11e4-a52e-4f735466cecf":"b872e820-b7f8-4fd5-9a01-f1357258b00d","ELEMENT":"b872e820-b7f8-4fd5-9a01-f1357258b00...
&amp#27;[35m[HTTP]&amp#27;[39m &amp#27;[37m<-- POST /wd/hub/session/72f517da-910c-46a8-8c18-f52fc551c88e/elements &amp#27;[39m&amp#27;[32m200&amp#27;[39m &amp#27;[90m144 ms - 6155&amp#27;[39m
&amp#27;[35m[HTTP]&amp#27;[39m &amp#27;[90m&amp#27;[39m
&amp#27;[35m[HTTP]&amp#27;[39m &amp#27;[37m-->&amp#27;[39m &amp#27;[37mGET&amp#27;[39m &amp#27;[37m/wd/hub/session/72f517da-910c-46a8-8c18-f52fc551c88e/element/9eff2584-f2a9-4b74-8b47-52c7a985b030/text&amp#27;[39m
&amp#27;[35m[HTTP]&amp#27;[39m &amp#27;[90m{}&amp#27;[39m
&amp#27;[35m[W3C (72f517da)]&amp#27;[39m Driver proxy active, passing request on via HTTP proxy
[debug] &amp#27;[35m[WD Proxy]&amp#27;[39m Matched '/wd/hub/session/72f517da-910c-46a8-8c18-f52fc551c88e/element/9eff2584-f2a9-4b74-8b47-52c7a985b030/text' to command name 'getText'
[debug] &amp#27;[35m[WD Proxy]&amp#27;[39m Proxying [GET /wd/hub/session/72f517da-910c-46a8-8c18-f52fc551c88e/element/9eff2584-f2a9-4b74-8b47-52c7a985b030/text] to [GET http://127.0.0.1:8200/wd/hub/session/a8830392-9b85-4943-b889-72250055e4eb/element/9eff2584-f2a9-4b74-8b47-52c7a985b030/text] with no body
[debug] &amp#27;[35m[WD Proxy]&amp#27;[39m Got response with status 200: {"sessionId":"a8830392-9b85-4943-b889-72250055e4eb","value":""}
&amp#27;[35m[WD Proxy]&amp#27;[39m Replacing sessionId a8830392-9b85-4943-b889-72250055e4eb with 72f517da-910c-46a8-8c18-f52fc551c88e
&amp#27;[35m[HTTP]&amp#27;[39m &amp#27;[37m<-- GET /wd/hub/session/72f517da-910c-46a8-8c18-f52fc551c88e/element/9eff2584-f2a9-4b74-8b47-52c7a985b030/text &amp#27;[39m&amp#27;[32m200&amp#27;[39m &amp#27;[90m15 ms - 63&amp#27;[39m
&amp#27;[35m[HTTP]&amp#27;[39m &amp#27;[90m&amp#27;[39m
&amp#27;[35m[HTTP]&amp#27;[39m &amp#27;[37m-->&amp#27;[39m &amp#27;[37mGET&amp#27;[39m &amp#27;[37m/wd/hub/session/72f517da-910c-46a8-8c18-f52fc551c88e/context&amp#27;[39m
&amp#27;[35m[HTTP]&amp#27;[39m &amp#27;[90m{}&amp#27;[39m
[debug] &amp#27;[35m[W3C (72f517da)]&amp#27;[39m Calling AppiumDriver.getCurrentContext() with args: ["72f517da-910c-46a8-8c18-f52fc551c88e"]
[debug] &amp#27;[35m[W3C (72f517da)]&amp#27;[39m Responding to client with driver.getCurrentContext() result: "NATIVE_APP"
&amp#27;[35m[HTTP]&amp#27;[39m &amp#27;[37m<-- GET /wd/hub/session/72f517da-910c-46a8-8c18-f52fc551c88e/context &amp#27;[39m&amp#27;[32m200&amp#27;[39m &amp#27;[90m1 ms - 22&amp#27;[39m
&amp#27;[35m[HTTP]&amp#27;[39m &amp#27;[90m&amp#27;[39m
&amp#27;[35m[HTTP]&amp#27;[39m &amp#27;[37m-->&amp#27;[39m &amp#27;[37mPOST&amp#27;[39m &amp#27;[37m/wd/hub/session/72f517da-910c-46a8-8c18-f52fc551c88e/elements&amp#27;[39m
&amp#27;[35m[HTTP]&amp#27;[39m &amp#27;[90m{"using":"xpath","value":"//android.widget.TextView"}&amp#27;[39m
[debug] &amp#27;[35m[W3C (72f517da)]&amp#27;[39m Calling AppiumDriver.findElements() with args: ["xpath","//android.widget.TextView","72f517da-910c-46a8-8c18-f52fc551c88e"]
[debug] &amp#27;[35m[BaseDriver]&amp#27;[39m Valid locator strategies for this request: xpath, id, class name, accessibility id, css selector, -android uiautomator
[debug] &amp#27;[35m[BaseDriver]&amp#27;[39m Waiting up to 20000 ms for condition
[debug] &amp#27;[35m[WD Proxy]&amp#27;[39m Matched '/elements' to command name 'findElements'
[debug] &amp#27;[35m[WD Proxy]&amp#27;[39m Proxying [POST /elements] to [POST http://127.0.0.1:8200/wd/hub/session/a8830392-9b85-4943-b889-72250055e4eb/elements] with body: {"strategy":"xpath","selector":"//android.widget.TextView","context":"","multiple":true}
[debug] &amp#27;[35m[WD Proxy]&amp#27;[39m Got response with status 200: {"sessionId":"a8830392-9b85-4943-b889-72250055e4eb","value":[{"ELEMENT":"ba280fa9-2a4a-48e5-aaf3-2632b6aa6613","element-6066-11e4-a52e-4f735466cecf":"ba280fa9-2a4a-48e5-aaf3-2632b6aa6613"},{"ELEMENT":"41410973-d035-4b8e-ad97-5fc2ddbc7667","element-6066-11e4-a52e-4f735466cecf":"41410973-d035-4b8e-ad97-5fc2ddbc7667"},{"ELEMENT":"84361647-2618-4ddd-8097-516f62b4b545","element-6066-11e4-a52e-4f735466cecf":"84361647-2618-4ddd-8097-516f62b4b545"},{"ELEMENT":"01ebce57-3615-41a9-808e-dee8a8114132","element-6066-11e4-a52e-4f735466cecf":"01ebce57-3615-41a9-808e-dee8a8114132"},{"ELEMENT":"24eaee34-f17e-4566-81d5-e870122fc342","element-6066-11e4-a52e-4f735466cecf":"24eaee34-f17e-4566-81d5-e870122fc342"},{"ELEMENT":"246b7b0f-79ab-4d4c-87ff-0a6257ca306b","element-6066-11e4-a52e-4f735466cecf":"246b7b0f-79ab-4d4c-87ff-0a6257ca306b"},{"ELEMENT":"14e0e9a2-95d3-4eca-aa01-9fee071b121b","element-6066-11e4-a52e-4f735466cecf":"14e0e9a2-95d3-4eca-aa01-9fee071b121b"},{"ELEMENT":"bd329c8e-cee0-472a-b8bc-38cfa541a440","element-6066-...
[debug] &amp#27;[35m[W3C (72f517da)]&amp#27;[39m Responding to client with driver.findElements() result: [{"element-6066-11e4-a52e-4f735466cecf":"ba280fa9-2a4a-48e5-aaf3-2632b6aa6613","ELEMENT":"ba280fa9-2a4a-48e5-aaf3-2632b6aa6613"},{"element-6066-11e4-a52e-4f735466cecf":"41410973-d035-4b8e-ad97-5fc2ddbc7667","ELEMENT":"41410973-d035-4b8e-ad97-5fc2ddbc7667"},{"element-6066-11e4-a52e-4f735466cecf":"84361647-2618-4ddd-8097-516f62b4b545","ELEMENT":"84361647-2618-4ddd-8097-516f62b4b545"},{"element-6066-11e4-a52e-4f735466cecf":"01ebce57-3615-41a9-808e-dee8a8114132","ELEMENT":"01ebce57-3615-41a9-808e-dee8a8114132"},{"element-6066-11e4-a52e-4f735466cecf":"24eaee34-f17e-4566-81d5-e870122fc342","ELEMENT":"24eaee34-f17e-4566-81d5-e870122fc342"},{"element-6066-11e4-a52e-4f735466cecf":"246b7b0f-79ab-4d4c-87ff-0a6257ca306b","ELEMENT":"246b7b0f-79ab-4d4c-87ff-0a6257ca306b"},{"element-6066-11e4-a52e-4f735466cecf":"14e0e9a2-95d3-4eca-aa01-9fee071b121b","ELEMENT":"14e0e9a2-95d3-4eca-aa01-9fee071b121b"},{"element-6066-11e4-a52e-4f735466cecf":"bd329c8e-cee0-472a-b8bc-38cfa541a440","ELEMENT":"bd329c8e-cee0-472a-b8bc-38cfa541a44...
&amp#27;[35m[HTTP]&amp#27;[39m &amp#27;[37m<-- POST /wd/hub/session/72f517da-910c-46a8-8c18-f52fc551c88e/elements &amp#27;[39m&amp#27;[32m200&amp#27;[39m &amp#27;[90m113 ms - 1291&amp#27;[39m
&amp#27;[35m[HTTP]&amp#27;[39m &amp#27;[90m&amp#27;[39m
&amp#27;[35m[HTTP]&amp#27;[39m &amp#27;[37m-->&amp#27;[39m &amp#27;[37mGET&amp#27;[39m &amp#27;[37m/wd/hub/session/72f517da-910c-46a8-8c18-f52fc551c88e/element/24eaee34-f17e-4566-81d5-e870122fc342/text&amp#27;[39m
&amp#27;[35m[HTTP]&amp#27;[39m &amp#27;[90m{}&amp#27;[39m
&amp#27;[35m[W3C (72f517da)]&amp#27;[39m Driver proxy active, passing request on via HTTP proxy
[debug] &amp#27;[35m[WD Proxy]&amp#27;[39m Matched '/wd/hub/session/72f517da-910c-46a8-8c18-f52fc551c88e/element/24eaee34-f17e-4566-81d5-e870122fc342/text' to command name 'getText'
[debug] &amp#27;[35m[WD Proxy]&amp#27;[39m Proxying [GET /wd/hub/session/72f517da-910c-46a8-8c18-f52fc551c88e/element/24eaee34-f17e-4566-81d5-e870122fc342/text] to [GET http://127.0.0.1:8200/wd/hub/session/a8830392-9b85-4943-b889-72250055e4eb/element/24eaee34-f17e-4566-81d5-e870122fc342/text] with no body
[debug] &amp#27;[35m[WD Proxy]&amp#27;[39m Got response with status 200: {"sessionId":"a8830392-9b85-4943-b889-72250055e4eb","value":"RECURRING DEPOSIT"}
&amp#27;[35m[WD Proxy]&amp#27;[39m Replacing sessionId a8830392-9b85-4943-b889-72250055e4eb with 72f517da-910c-46a8-8c18-f52fc551c88e
&amp#27;[35m[HTTP]&amp#27;[39m &amp#27;[37m<-- GET /wd/hub/session/72f517da-910c-46a8-8c18-f52fc551c88e/element/24eaee34-f17e-4566-81d5-e870122fc342/text &amp#27;[39m&amp#27;[32m200&amp#27;[39m &amp#27;[90m20 ms - 80&amp#27;[39m
&amp#27;[35m[HTTP]&amp#27;[39m &amp#27;[90m&amp#27;[39m

&amp#27;[35m[HTTP]&amp#27;[39m &amp#27;[37m-->&amp#27;[39m &amp#27;[37mGET&amp#27;[39m &amp#27;[37m/wd/hub/session/72f517da-910c-46a8-8c18-f52fc551c88e/context&amp#27;[39m
&amp#27;[35m[HTTP]&amp#27;[39m &amp#27;[90m{}&amp#27;[39m
[debug] &amp#27;[35m[W3C (72f517da)]&amp#27;[39m Calling AppiumDriver.getCurrentContext() with args: ["72f517da-910c-46a8-8c18-f52fc551c88e"]
[debug] &amp#27;[35m[W3C (72f517da)]&amp#27;[39m Responding to client with driver.getCurrentContext() result: "NATIVE_APP"
&amp#27;[35m[HTTP]&amp#27;[39m &amp#27;[37m<-- GET /wd/hub/session/72f517da-910c-46a8-8c18-f52fc551c88e/context &amp#27;[39m&amp#27;[32m200&amp#27;[39m &amp#27;[90m1 ms - 22&amp#27;[39m
&amp#27;[35m[HTTP]&amp#27;[39m &amp#27;[90m&amp#27;[39m
&amp#27;[35m[HTTP]&amp#27;[39m &amp#27;[37m-->&amp#27;[39m &amp#27;[37mPOST&amp#27;[39m &amp#27;[37m/wd/hub/session/72f517da-910c-46a8-8c18-f52fc551c88e/elements&amp#27;[39m
&amp#27;[35m[HTTP]&amp#27;[39m &amp#27;[90m{"using":"xpath","value":"//android.view.View"}&amp#27;[39m
[debug] &amp#27;[35m[W3C (72f517da)]&amp#27;[39m Calling AppiumDriver.findElements() with args: ["xpath","//android.view.View","72f517da-910c-46a8-8c18-f52fc551c88e"]
[debug] &amp#27;[35m[BaseDriver]&amp#27;[39m Valid locator strategies for this request: xpath, id, class name, accessibility id, css selector, -android uiautomator
[debug] &amp#27;[35m[BaseDriver]&amp#27;[39m Waiting up to 20000 ms for condition
[debug] &amp#27;[35m[WD Proxy]&amp#27;[39m Matched '/elements' to command name 'findElements'
[debug] &amp#27;[35m[WD Proxy]&amp#27;[39m Proxying [POST /elements] to [POST http://127.0.0.1:8200/wd/hub/session/a8830392-9b85-4943-b889-72250055e4eb/elements] with body: {"strategy":"xpath","selector":"//android.view.View","context":"","multiple":true}
[debug] &amp#27;[35m[WD Proxy]&amp#27;[39m Got response with status 200: {"sessionId":"a8830392-9b85-4943-b889-72250055e4eb","value":[{"ELEMENT":"9d849e0e-14bd-461a-8886-868d7a64df6a","element-6066-11e4-a52e-4f735466cecf":"9d849e0e-14bd-461a-8886-868d7a64df6a"},{"ELEMENT":"ac513cb9-65df-4db4-93ec-5f35e1b97be7","element-6066-11e4-a52e-4f735466cecf":"ac513cb9-65df-4db4-93ec-5f35e1b97be7"},{"ELEMENT":"7e0902d0-3d0c-4179-94e1-80ba23854bcf","element-6066-11e4-a52e-4f735466cecf":"7e0902d0-3d0c-4179-94e1-80ba23854bcf"},{"ELEMENT":"e6d094ba-dd3c-4e05-8dcd-dbecc0132e56","element-6066-11e4-a52e-4f735466cecf":"e6d094ba-dd3c-4e05-8dcd-dbecc0132e56"},{"ELEMENT":"39f05fe6-1564-4a2d-b20e-6355264616af","element-6066-11e4-a52e-4f735466cecf":"39f05fe6-1564-4a2d-b20e-6355264616af"},{"ELEMENT":"526a8a33-579e-4273-8eb9-87b638959308","element-6066-11e4-a52e-4f735466cecf":"526a8a33-579e-4273-8eb9-87b638959308"},{"ELEMENT":"14e0dd35-3539-4e4a-8da0-3b63a711c96c","element-6066-11e4-a52e-4f735466cecf":"14e0dd35-3539-4e4a-8da0-3b63a711c96c"},{"ELEMENT":"d5c49dbf-b8ab-482b-872c-141b18e94456","element-6066-...
[debug] &amp#27;[35m[W3C (72f517da)]&amp#27;[39m Responding to client with driver.findElements() result: [{"element-6066-11e4-a52e-4f735466cecf":"9d849e0e-14bd-461a-8886-868d7a64df6a","ELEMENT":"9d849e0e-14bd-461a-8886-868d7a64df6a"},{"element-6066-11e4-a52e-4f735466cecf":"ac513cb9-65df-4db4-93ec-5f35e1b97be7","ELEMENT":"ac513cb9-65df-4db4-93ec-5f35e1b97be7"},{"element-6066-11e4-a52e-4f735466cecf":"7e0902d0-3d0c-4179-94e1-80ba23854bcf","ELEMENT":"7e0902d0-3d0c-4179-94e1-80ba23854bcf"},{"element-6066-11e4-a52e-4f735466cecf":"e6d094ba-dd3c-4e05-8dcd-dbecc0132e56","ELEMENT":"e6d094ba-dd3c-4e05-8dcd-dbecc0132e56"},{"element-6066-11e4-a52e-4f735466cecf":"39f05fe6-1564-4a2d-b20e-6355264616af","ELEMENT":"39f05fe6-1564-4a2d-b20e-6355264616af"},{"element-6066-11e4-a52e-4f735466cecf":"526a8a33-579e-4273-8eb9-87b638959308","ELEMENT":"526a8a33-579e-4273-8eb9-87b638959308"},{"element-6066-11e4-a52e-4f735466cecf":"14e0dd35-3539-4e4a-8da0-3b63a711c96c","ELEMENT":"14e0dd35-3539-4e4a-8da0-3b63a711c96c"},{"element-6066-11e4-a52e-4f735466cecf":"d5c49dbf-b8ab-482b-872c-141b18e94456","ELEMENT":"d5c49dbf-b8ab-482b-872c-141b18e9445...
&amp#27;[35m[HTTP]&amp#27;[39m &amp#27;[37m<-- POST /wd/hub/session/72f517da-910c-46a8-8c18-f52fc551c88e/elements &amp#27;[39m&amp#27;[32m200&amp#27;[39m &amp#27;[90m124 ms - 6155&amp#27;[39m
&amp#27;[35m[HTTP]&amp#27;[39m &amp#27;[90m&amp#27;[39m
&amp#27;[35m[HTTP]&amp#27;[39m &amp#27;[37m-->&amp#27;[39m &amp#27;[37mGET&amp#27;[39m &amp#27;[37m/wd/hub/session/72f517da-910c-46a8-8c18-f52fc551c88e/element/61b0a1a8-8190-4fbc-b5a9-e0b86edc0968/text&amp#27;[39m
&amp#27;[35m[HTTP]&amp#27;[39m &amp#27;[90m{}&amp#27;[39m
&amp#27;[35m[W3C (72f517da)]&amp#27;[39m Driver proxy active, passing request on via HTTP proxy
[debug] &amp#27;[35m[WD Proxy]&amp#27;[39m Matched '/wd/hub/session/72f517da-910c-46a8-8c18-f52fc551c88e/element/61b0a1a8-8190-4fbc-b5a9-e0b86edc0968/text' to command name 'getText'
[debug] &amp#27;[35m[WD Proxy]&amp#27;[39m Proxying [GET /wd/hub/session/72f517da-910c-46a8-8c18-f52fc551c88e/element/61b0a1a8-8190-4fbc-b5a9-e0b86edc0968/text] to [GET http://127.0.0.1:8200/wd/hub/session/a8830392-9b85-4943-b889-72250055e4eb/element/61b0a1a8-8190-4fbc-b5a9-e0b86edc0968/text] with no body
[debug] &amp#27;[35m[WD Proxy]&amp#27;[39m Got response with status 200: {"sessionId":"a8830392-9b85-4943-b889-72250055e4eb","value":""}
&amp#27;[35m[WD Proxy]&amp#27;[39m Replacing sessionId a8830392-9b85-4943-b889-72250055e4eb with 72f517da-910c-46a8-8c18-f52fc551c88e
&amp#27;[35m[HTTP]&amp#27;[39m &amp#27;[37m<-- GET /wd/hub/session/72f517da-910c-46a8-8c18-f52fc551c88e/element/61b0a1a8-8190-4fbc-b5a9-e0b86edc0968/text &amp#27;[39m&amp#27;[32m200&amp#27;[39m &amp#27;[90m18 ms - 63&amp#27;[39m
&amp#27;[35m[HTTP]&amp#27;[39m &amp#27;[90m&amp#27;[39m
&amp#27;[35m[HTTP]&amp#27;[39m &amp#27;[37m-->&amp#27;[39m &amp#27;[37mGET&amp#27;[39m &amp#27;[37m/wd/hub/session/72f517da-910c-46a8-8c18-f52fc551c88e/context&amp#27;[39m
&amp#27;[35m[HTTP]&amp#27;[39m &amp#27;[90m{}&amp#27;[39m
[debug] &amp#27;[35m[W3C (72f517da)]&amp#27;[39m Calling AppiumDriver.getCurrentContext() with args: ["72f517da-910c-46a8-8c18-f52fc551c88e"]
[debug] &amp#27;[35m[W3C (72f517da)]&amp#27;[39m Responding to client with driver.getCurrentContext() result: "NATIVE_APP"
&amp#27;[35m[HTTP]&amp#27;[39m &amp#27;[37m<-- GET /wd/hub/session/72f517da-910c-46a8-8c18-f52fc551c88e/context &amp#27;[39m&amp#27;[32m200&amp#27;[39m &amp#27;[90m1 ms - 22&amp#27;[39m
&amp#27;[35m[HTTP]&amp#27;[39m &amp#27;[90m&amp#27;[39m
&amp#27;[35m[HTTP]&amp#27;[39m &amp#27;[37m-->&amp#27;[39m &amp#27;[37mPOST&amp#27;[39m &amp#27;[37m/wd/hub/session/72f517da-910c-46a8-8c18-f52fc551c88e/elements&amp#27;[39m
&amp#27;[35m[HTTP]&amp#27;[39m &amp#27;[90m{"using":"xpath","value":"//android.widget.TextView"}&amp#27;[39m
[debug] &amp#27;[35m[W3C (72f517da)]&amp#27;[39m Calling AppiumDriver.findElements() with args: ["xpath","//android.widget.TextView","72f517da-910c-46a8-8c18-f52fc551c88e"]
[debug] &amp#27;[35m[BaseDriver]&amp#27;[39m Valid locator strategies for this request: xpath, id, class name, accessibility id, css selector, -android uiautomator
[debug] &amp#27;[35m[BaseDriver]&amp#27;[39m Waiting up to 20000 ms for condition
[debug] &amp#27;[35m[WD Proxy]&amp#27;[39m Matched '/elements' to command name 'findElements'
[debug] &amp#27;[35m[WD Proxy]&amp#27;[39m Proxying [POST /elements] to [POST http://127.0.0.1:8200/wd/hub/session/a8830392-9b85-4943-b889-72250055e4eb/elements] with body: {"strategy":"xpath","selector":"//android.widget.TextView","context":"","multiple":true}
[debug] &amp#27;[35m[WD Proxy]&amp#27;[39m Got response with status 200: {"sessionId":"a8830392-9b85-4943-b889-72250055e4eb","value":[{"ELEMENT":"9cb56841-f865-4efd-aa66-78957380e8d4","element-6066-11e4-a52e-4f735466cecf":"9cb56841-f865-4efd-aa66-78957380e8d4"},{"ELEMENT":"504fb0f0-7d03-43e7-b255-efe440087e6e","element-6066-11e4-a52e-4f735466cecf":"504fb0f0-7d03-43e7-b255-efe440087e6e"},{"ELEMENT":"859754dc-249e-464b-bc7e-1172fb4202c1","element-6066-11e4-a52e-4f735466cecf":"859754dc-249e-464b-bc7e-1172fb4202c1"},{"ELEMENT":"f0fb6d30-a4c7-40ce-a29e-21fa62204cc9","element-6066-11e4-a52e-4f735466cecf":"f0fb6d30-a4c7-40ce-a29e-21fa62204cc9"},{"ELEMENT":"da44487e-e269-4958-9de9-fe0b188e37b9","element-6066-11e4-a52e-4f735466cecf":"da44487e-e269-4958-9de9-fe0b188e37b9"},{"ELEMENT":"ae2f11b7-97ba-4699-bb16-f8bb25244cd7","element-6066-11e4-a52e-4f735466cecf":"ae2f11b7-97ba-4699-bb16-f8bb25244cd7"},{"ELEMENT":"69ded903-523b-453e-b296-31c33553a0da","element-6066-11e4-a52e-4f735466cecf":"69ded903-523b-453e-b296-31c33553a0da"},{"ELEMENT":"3cdd48c5-ed8a-454d-9fe7-ecd436ede8e1","element-6066-...
[debug] &amp#27;[35m[W3C (72f517da)]&amp#27;[39m Responding to client with driver.findElements() result: [{"element-6066-11e4-a52e-4f735466cecf":"9cb56841-f865-4efd-aa66-78957380e8d4","ELEMENT":"9cb56841-f865-4efd-aa66-78957380e8d4"},{"element-6066-11e4-a52e-4f735466cecf":"504fb0f0-7d03-43e7-b255-efe440087e6e","ELEMENT":"504fb0f0-7d03-43e7-b255-efe440087e6e"},{"element-6066-11e4-a52e-4f735466cecf":"859754dc-249e-464b-bc7e-1172fb4202c1","ELEMENT":"859754dc-249e-464b-bc7e-1172fb4202c1"},{"element-6066-11e4-a52e-4f735466cecf":"f0fb6d30-a4c7-40ce-a29e-21fa62204cc9","ELEMENT":"f0fb6d30-a4c7-40ce-a29e-21fa62204cc9"},{"element-6066-11e4-a52e-4f735466cecf":"da44487e-e269-4958-9de9-fe0b188e37b9","ELEMENT":"da44487e-e269-4958-9de9-fe0b188e37b9"},{"element-6066-11e4-a52e-4f735466cecf":"ae2f11b7-97ba-4699-bb16-f8bb25244cd7","ELEMENT":"ae2f11b7-97ba-4699-bb16-f8bb25244cd7"},{"element-6066-11e4-a52e-4f735466cecf":"69ded903-523b-453e-b296-31c33553a0da","ELEMENT":"69ded903-523b-453e-b296-31c33553a0da"},{"element-6066-11e4-a52e-4f735466cecf":"3cdd48c5-ed8a-454d-9fe7-ecd436ede8e1","ELEMENT":"3cdd48c5-ed8a-454d-9fe7-ecd436ede8e...
&amp#27;[35m[HTTP]&amp#27;[39m &amp#27;[37m<-- POST /wd/hub/session/72f517da-910c-46a8-8c18-f52fc551c88e/elements &amp#27;[39m&amp#27;[32m200&amp#27;[39m &amp#27;[90m129 ms - 1291&amp#27;[39m
&amp#27;[35m[HTTP]&amp#27;[39m &amp#27;[90m&amp#27;[39m
&amp#27;[35m[HTTP]&amp#27;[39m &amp#27;[37m-->&amp#27;[39m &amp#27;[37mGET&amp#27;[39m &amp#27;[37m/wd/hub/session/72f517da-910c-46a8-8c18-f52fc551c88e/element/da44487e-e269-4958-9de9-fe0b188e37b9/text&amp#27;[39m
&amp#27;[35m[HTTP]&amp#27;[39m &amp#27;[90m{}&amp#27;[39m
&amp#27;[35m[W3C (72f517da)]&amp#27;[39m Driver proxy active, passing request on via HTTP proxy
[debug] &amp#27;[35m[WD Proxy]&amp#27;[39m Matched '/wd/hub/session/72f517da-910c-46a8-8c18-f52fc551c88e/element/da44487e-e269-4958-9de9-fe0b188e37b9/text' to command name 'getText'
[debug] &amp#27;[35m[WD Proxy]&amp#27;[39m Proxying [GET /wd/hub/session/72f517da-910c-46a8-8c18-f52fc551c88e/element/da44487e-e269-4958-9de9-fe0b188e37b9/text] to [GET http://127.0.0.1:8200/wd/hub/session/a8830392-9b85-4943-b889-72250055e4eb/element/da44487e-e269-4958-9de9-fe0b188e37b9/text] with no body
[debug] &amp#27;[35m[WD Proxy]&amp#27;[39m Got response with status 200: {"sessionId":"a8830392-9b85-4943-b889-72250055e4eb","value":"RECURRING DEPOSIT"}
&amp#27;[35m[WD Proxy]&amp#27;[39m Replacing sessionId a8830392-9b85-4943-b889-72250055e4eb with 72f517da-910c-46a8-8c18-f52fc551c88e
&amp#27;[35m[HTTP]&amp#27;[39m &amp#27;[37m<-- GET /wd/hub/session/72f517da-910c-46a8-8c18-f52fc551c88e/element/da44487e-e269-4958-9de9-fe0b188e37b9/text &amp#27;[39m&amp#27;[32m200&amp#27;[39m &amp#27;[90m18 ms - 80&amp#27;[39m
&amp#27;[35m[HTTP]&amp#27;[39m &amp#27;[90m&amp#27;[39m

&amp#27;[35m[HTTP]&amp#27;[39m &amp#27;[37m-->&amp#27;[39m &amp#27;[37mGET&amp#27;[39m &amp#27;[37m/wd/hub/session/72f517da-910c-46a8-8c18-f52fc551c88e/context&amp#27;[39m
&amp#27;[35m[HTTP]&amp#27;[39m &amp#27;[90m{}&amp#27;[39m
[debug] &amp#27;[35m[W3C (72f517da)]&amp#27;[39m Calling AppiumDriver.getCurrentContext() with args: ["72f517da-910c-46a8-8c18-f52fc551c88e"]
[debug] &amp#27;[35m[W3C (72f517da)]&amp#27;[39m Responding to client with driver.getCurrentContext() result: "NATIVE_APP"
&amp#27;[35m[HTTP]&amp#27;[39m &amp#27;[37m<-- GET /wd/hub/session/72f517da-910c-46a8-8c18-f52fc551c88e/context &amp#27;[39m&amp#27;[32m200&amp#27;[39m &amp#27;[90m1 ms - 22&amp#27;[39m
&amp#27;[35m[HTTP]&amp#27;[39m &amp#27;[90m&amp#27;[39m
&amp#27;[35m[HTTP]&amp#27;[39m &amp#27;[37m-->&amp#27;[39m &amp#27;[37mPOST&amp#27;[39m &amp#27;[37m/wd/hub/session/72f517da-910c-46a8-8c18-f52fc551c88e/elements&amp#27;[39m
&amp#27;[35m[HTTP]&amp#27;[39m &amp#27;[90m{"using":"xpath","value":"//android.view.View"}&amp#27;[39m
[debug] &amp#27;[35m[W3C (72f517da)]&amp#27;[39m Calling AppiumDriver.findElements() with args: ["xpath","//android.view.View","72f517da-910c-46a8-8c18-f52fc551c88e"]
[debug] &amp#27;[35m[BaseDriver]&amp#27;[39m Valid locator strategies for this request: xpath, id, class name, accessibility id, css selector, -android uiautomator
[debug] &amp#27;[35m[BaseDriver]&amp#27;[39m Waiting up to 20000 ms for condition
[debug] &amp#27;[35m[WD Proxy]&amp#27;[39m Matched '/elements' to command name 'findElements'
[debug] &amp#27;[35m[WD Proxy]&amp#27;[39m Proxying [POST /elements] to [POST http://127.0.0.1:8200/wd/hub/session/a8830392-9b85-4943-b889-72250055e4eb/elements] with body: {"strategy":"xpath","selector":"//android.view.View","context":"","multiple":true}
[debug] &amp#27;[35m[WD Proxy]&amp#27;[39m Got response with status 200: {"sessionId":"a8830392-9b85-4943-b889-72250055e4eb","value":[{"ELEMENT":"65be55ee-5593-4120-be74-e73ed3750014","element-6066-11e4-a52e-4f735466cecf":"65be55ee-5593-4120-be74-e73ed3750014"},{"ELEMENT":"61774390-d295-4d97-94f1-4681d34191a1","element-6066-11e4-a52e-4f735466cecf":"61774390-d295-4d97-94f1-4681d34191a1"},{"ELEMENT":"7ea7bebe-2478-4128-a1bd-7e3589f8ea51","element-6066-11e4-a52e-4f735466cecf":"7ea7bebe-2478-4128-a1bd-7e3589f8ea51"},{"ELEMENT":"831185df-1b5d-4c85-8792-f86eeabdabf3","element-6066-11e4-a52e-4f735466cecf":"831185df-1b5d-4c85-8792-f86eeabdabf3"},{"ELEMENT":"1f75c016-794c-4907-a52b-d8eb1d4cf0ec","element-6066-11e4-a52e-4f735466cecf":"1f75c016-794c-4907-a52b-d8eb1d4cf0ec"},{"ELEMENT":"4c48e4ac-e9cd-44cc-8e47-3e297b6d6c51","element-6066-11e4-a52e-4f735466cecf":"4c48e4ac-e9cd-44cc-8e47-3e297b6d6c51"},{"ELEMENT":"bc6886c1-39cd-4ecd-9477-8ba417faefcc","element-6066-11e4-a52e-4f735466cecf":"bc6886c1-39cd-4ecd-9477-8ba417faefcc"},{"ELEMENT":"c62839ca-092c-4bea-a9e0-5a709e4c9b5e","element-6066-...
[debug] &amp#27;[35m[W3C (72f517da)]&amp#27;[39m Responding to client with driver.findElements() result: [{"element-6066-11e4-a52e-4f735466cecf":"65be55ee-5593-4120-be74-e73ed3750014","ELEMENT":"65be55ee-5593-4120-be74-e73ed3750014"},{"element-6066-11e4-a52e-4f735466cecf":"61774390-d295-4d97-94f1-4681d34191a1","ELEMENT":"61774390-d295-4d97-94f1-4681d34191a1"},{"element-6066-11e4-a52e-4f735466cecf":"7ea7bebe-2478-4128-a1bd-7e3589f8ea51","ELEMENT":"7ea7bebe-2478-4128-a1bd-7e3589f8ea51"},{"element-6066-11e4-a52e-4f735466cecf":"831185df-1b5d-4c85-8792-f86eeabdabf3","ELEMENT":"831185df-1b5d-4c85-8792-f86eeabdabf3"},{"element-6066-11e4-a52e-4f735466cecf":"1f75c016-794c-4907-a52b-d8eb1d4cf0ec","ELEMENT":"1f75c016-794c-4907-a52b-d8eb1d4cf0ec"},{"element-6066-11e4-a52e-4f735466cecf":"4c48e4ac-e9cd-44cc-8e47-3e297b6d6c51","ELEMENT":"4c48e4ac-e9cd-44cc-8e47-3e297b6d6c51"},{"element-6066-11e4-a52e-4f735466cecf":"bc6886c1-39cd-4ecd-9477-8ba417faefcc","ELEMENT":"bc6886c1-39cd-4ecd-9477-8ba417faefcc"},{"element-6066-11e4-a52e-4f735466cecf":"c62839ca-092c-4bea-a9e0-5a709e4c9b5e","ELEMENT":"c62839ca-092c-4bea-a9e0-5a709e4c9b5...
&amp#27;[35m[HTTP]&amp#27;[39m &amp#27;[37m<-- POST /wd/hub/session/72f517da-910c-46a8-8c18-f52fc551c88e/elements &amp#27;[39m&amp#27;[32m200&amp#27;[39m &amp#27;[90m140 ms - 6155&amp#27;[39m
&amp#27;[35m[HTTP]&amp#27;[39m &amp#27;[90m&amp#27;[39m
&amp#27;[35m[HTTP]&amp#27;[39m &amp#27;[37m-->&amp#27;[39m &amp#27;[37mGET&amp#27;[39m &amp#27;[37m/wd/hub/session/72f517da-910c-46a8-8c18-f52fc551c88e/element/92c6bc00-ede7-4288-b464-64d60f9b7c22/text&amp#27;[39m
&amp#27;[35m[HTTP]&amp#27;[39m &amp#27;[90m{}&amp#27;[39m
&amp#27;[35m[W3C (72f517da)]&amp#27;[39m Driver proxy active, passing request on via HTTP proxy
[debug] &amp#27;[35m[WD Proxy]&amp#27;[39m Matched '/wd/hub/session/72f517da-910c-46a8-8c18-f52fc551c88e/element/92c6bc00-ede7-4288-b464-64d60f9b7c22/text' to command name 'getText'
[debug] &amp#27;[35m[WD Proxy]&amp#27;[39m Proxying [GET /wd/hub/session/72f517da-910c-46a8-8c18-f52fc551c88e/element/92c6bc00-ede7-4288-b464-64d60f9b7c22/text] to [GET http://127.0.0.1:8200/wd/hub/session/a8830392-9b85-4943-b889-72250055e4eb/element/92c6bc00-ede7-4288-b464-64d60f9b7c22/text] with no body
[debug] &amp#27;[35m[WD Proxy]&amp#27;[39m Got response with status 200: {"sessionId":"a8830392-9b85-4943-b889-72250055e4eb","value":"XX 930"}
&amp#27;[35m[WD Proxy]&amp#27;[39m Replacing sessionId a8830392-9b85-4943-b889-72250055e4eb with 72f517da-910c-46a8-8c18-f52fc551c88e
&amp#27;[35m[HTTP]&amp#27;[39m &amp#27;[37m<-- GET /wd/hub/session/72f517da-910c-46a8-8c18-f52fc551c88e/element/92c6bc00-ede7-4288-b464-64d60f9b7c22/text &amp#27;[39m&amp#27;[32m200&amp#27;[39m &amp#27;[90m17 ms - 69&amp#27;[39m
&amp#27;[35m[HTTP]&amp#27;[39m &amp#27;[90m&amp#27;[39m
&amp#27;[35m[HTTP]&amp#27;[39m &amp#27;[37m-->&amp#27;[39m &amp#27;[37mGET&amp#27;[39m &amp#27;[37m/wd/hub/session/72f517da-910c-46a8-8c18-f52fc551c88e/context&amp#27;[39m
&amp#27;[35m[HTTP]&amp#27;[39m &amp#27;[90m{}&amp#27;[39m
[debug] &amp#27;[35m[W3C (72f517da)]&amp#27;[39m Calling AppiumDriver.getCurrentContext() with args: ["72f517da-910c-46a8-8c18-f52fc551c88e"]
[debug] &amp#27;[35m[W3C (72f517da)]&amp#27;[39m Responding to client with driver.getCurrentContext() result: "NATIVE_APP"
&amp#27;[35m[HTTP]&amp#27;[39m &amp#27;[37m<-- GET /wd/hub/session/72f517da-910c-46a8-8c18-f52fc551c88e/context &amp#27;[39m&amp#27;[32m200&amp#27;[39m &amp#27;[90m1 ms - 22&amp#27;[39m
&amp#27;[35m[HTTP]&amp#27;[39m &amp#27;[90m&amp#27;[39m
&amp#27;[35m[HTTP]&amp#27;[39m &amp#27;[37m-->&amp#27;[39m &amp#27;[37mPOST&amp#27;[39m &amp#27;[37m/wd/hub/session/72f517da-910c-46a8-8c18-f52fc551c88e/elements&amp#27;[39m
&amp#27;[35m[HTTP]&amp#27;[39m &amp#27;[90m{"using":"xpath","value":"//android.widget.TextView"}&amp#27;[39m
[debug] &amp#27;[35m[W3C (72f517da)]&amp#27;[39m Calling AppiumDriver.findElements() with args: ["xpath","//android.widget.TextView","72f517da-910c-46a8-8c18-f52fc551c88e"]
[debug] &amp#27;[35m[BaseDriver]&amp#27;[39m Valid locator strategies for this request: xpath, id, class name, accessibility id, css selector, -android uiautomator
[debug] &amp#27;[35m[BaseDriver]&amp#27;[39m Waiting up to 20000 ms for condition
[debug] &amp#27;[35m[WD Proxy]&amp#27;[39m Matched '/elements' to command name 'findElements'
[debug] &amp#27;[35m[WD Proxy]&amp#27;[39m Proxying [POST /elements] to [POST http://127.0.0.1:8200/wd/hub/session/a8830392-9b85-4943-b889-72250055e4eb/elements] with body: {"strategy":"xpath","selector":"//android.widget.TextView","context":"","multiple":true}
[debug] &amp#27;[35m[WD Proxy]&amp#27;[39m Got response with status 200: {"sessionId":"a8830392-9b85-4943-b889-72250055e4eb","value":[{"ELEMENT":"dea6ca5d-a8d1-4885-8296-7ec8f0b52ae9","element-6066-11e4-a52e-4f735466cecf":"dea6ca5d-a8d1-4885-8296-7ec8f0b52ae9"},{"ELEMENT":"82bf8ef5-72c3-46a4-834f-bcc63ed09d07","element-6066-11e4-a52e-4f735466cecf":"82bf8ef5-72c3-46a4-834f-bcc63ed09d07"},{"ELEMENT":"b12f471f-e00f-40d9-bac9-22af957500ed","element-6066-11e4-a52e-4f735466cecf":"b12f471f-e00f-40d9-bac9-22af957500ed"},{"ELEMENT":"fcd6b3d2-6d94-4c28-9dd3-8cf71050be1f","element-6066-11e4-a52e-4f735466cecf":"fcd6b3d2-6d94-4c28-9dd3-8cf71050be1f"},{"ELEMENT":"7c198637-34b3-4aa9-9a13-733c736ac736","element-6066-11e4-a52e-4f735466cecf":"7c198637-34b3-4aa9-9a13-733c736ac736"},{"ELEMENT":"aecd5255-3193-403d-ad28-c4004285882c","element-6066-11e4-a52e-4f735466cecf":"aecd5255-3193-403d-ad28-c4004285882c"},{"ELEMENT":"10e60648-35d9-4c23-9b1e-2e20487b391e","element-6066-11e4-a52e-4f735466cecf":"10e60648-35d9-4c23-9b1e-2e20487b391e"},{"ELEMENT":"7758e524-3340-42f5-b66c-be09f5e332f1","element-6066-...
[debug] &amp#27;[35m[W3C (72f517da)]&amp#27;[39m Responding to client with driver.findElements() result: [{"element-6066-11e4-a52e-4f735466cecf":"dea6ca5d-a8d1-4885-8296-7ec8f0b52ae9","ELEMENT":"dea6ca5d-a8d1-4885-8296-7ec8f0b52ae9"},{"element-6066-11e4-a52e-4f735466cecf":"82bf8ef5-72c3-46a4-834f-bcc63ed09d07","ELEMENT":"82bf8ef5-72c3-46a4-834f-bcc63ed09d07"},{"element-6066-11e4-a52e-4f735466cecf":"b12f471f-e00f-40d9-bac9-22af957500ed","ELEMENT":"b12f471f-e00f-40d9-bac9-22af957500ed"},{"element-6066-11e4-a52e-4f735466cecf":"fcd6b3d2-6d94-4c28-9dd3-8cf71050be1f","ELEMENT":"fcd6b3d2-6d94-4c28-9dd3-8cf71050be1f"},{"element-6066-11e4-a52e-4f735466cecf":"7c198637-34b3-4aa9-9a13-733c736ac736","ELEMENT":"7c198637-34b3-4aa9-9a13-733c736ac736"},{"element-6066-11e4-a52e-4f735466cecf":"aecd5255-3193-403d-ad28-c4004285882c","ELEMENT":"aecd5255-3193-403d-ad28-c4004285882c"},{"element-6066-11e4-a52e-4f735466cecf":"10e60648-35d9-4c23-9b1e-2e20487b391e","ELEMENT":"10e60648-35d9-4c23-9b1e-2e20487b391e"},{"element-6066-11e4-a52e-4f735466cecf":"7758e524-3340-42f5-b66c-be09f5e332f1","ELEMENT":"7758e524-3340-42f5-b66c-be09f5e332f...
&amp#27;[35m[HTTP]&amp#27;[39m &amp#27;[37m<-- POST /wd/hub/session/72f517da-910c-46a8-8c18-f52fc551c88e/elements &amp#27;[39m&amp#27;[32m200&amp#27;[39m &amp#27;[90m128 ms - 1291&amp#27;[39m
&amp#27;[35m[HTTP]&amp#27;[39m &amp#27;[90m&amp#27;[39m
&amp#27;[35m[HTTP]&amp#27;[39m &amp#27;[37m-->&amp#27;[39m &amp#27;[37mGET&amp#27;[39m &amp#27;[37m/wd/hub/session/72f517da-910c-46a8-8c18-f52fc551c88e/element/7c198637-34b3-4aa9-9a13-733c736ac736/text&amp#27;[39m
&amp#27;[35m[HTTP]&amp#27;[39m &amp#27;[90m{}&amp#27;[39m
&amp#27;[35m[W3C (72f517da)]&amp#27;[39m Driver proxy active, passing request on via HTTP proxy
[debug] &amp#27;[35m[WD Proxy]&amp#27;[39m Matched '/wd/hub/session/72f517da-910c-46a8-8c18-f52fc551c88e/element/7c198637-34b3-4aa9-9a13-733c736ac736/text' to command name 'getText'
[debug] &amp#27;[35m[WD Proxy]&amp#27;[39m Proxying [GET /wd/hub/session/72f517da-910c-46a8-8c18-f52fc551c88e/element/7c198637-34b3-4aa9-9a13-733c736ac736/text] to [GET http://127.0.0.1:8200/wd/hub/session/a8830392-9b85-4943-b889-72250055e4eb/element/7c198637-34b3-4aa9-9a13-733c736ac736/text] with no body
[debug] &amp#27;[35m[WD Proxy]&amp#27;[39m Got response with status 200: {"sessionId":"a8830392-9b85-4943-b889-72250055e4eb","value":"RECURRING DEPOSIT"}
&amp#27;[35m[WD Proxy]&amp#27;[39m Replacing sessionId a8830392-9b85-4943-b889-72250055e4eb with 72f517da-910c-46a8-8c18-f52fc551c88e
&amp#27;[35m[HTTP]&amp#27;[39m &amp#27;[37m<-- GET /wd/hub/session/72f517da-910c-46a8-8c18-f52fc551c88e/element/7c198637-34b3-4aa9-9a13-733c736ac736/text &amp#27;[39m&amp#27;[32m200&amp#27;[39m &amp#27;[90m17 ms - 80&amp#27;[39m
&amp#27;[35m[HTTP]&amp#27;[39m &amp#27;[90m&amp#27;[39m
XX 930:RECURRING DEPOSIT
&amp#27;[35m[HTTP]&amp#27;[39m &amp#27;[37m-->&amp#27;[39m &amp#27;[37mGET&amp#27;[39m &amp#27;[37m/wd/hub/session/72f517da-910c-46a8-8c18-f52fc551c88e/context&amp#27;[39m
&amp#27;[35m[HTTP]&amp#27;[39m &amp#27;[90m{}&amp#27;[39m
[debug] &amp#27;[35m[W3C (72f517da)]&amp#27;[39m Calling AppiumDriver.getCurrentContext() with args: ["72f517da-910c-46a8-8c18-f52fc551c88e"]
[debug] &amp#27;[35m[W3C (72f517da)]&amp#27;[39m Responding to client with driver.getCurrentContext() result: "NATIVE_APP"
&amp#27;[35m[HTTP]&amp#27;[39m &amp#27;[37m<-- GET /wd/hub/session/72f517da-910c-46a8-8c18-f52fc551c88e/context &amp#27;[39m&amp#27;[32m200&amp#27;[39m &amp#27;[90m1 ms - 22&amp#27;[39m
&amp#27;[35m[HTTP]&amp#27;[39m &amp#27;[90m&amp#27;[39m
&amp#27;[35m[HTTP]&amp#27;[39m &amp#27;[37m-->&amp#27;[39m &amp#27;[37mPOST&amp#27;[39m &amp#27;[37m/wd/hub/session/72f517da-910c-46a8-8c18-f52fc551c88e/elements&amp#27;[39m
&amp#27;[35m[HTTP]&amp#27;[39m &amp#27;[90m{"using":"xpath","value":"//android.view.View"}&amp#27;[39m
[debug] &amp#27;[35m[W3C (72f517da)]&amp#27;[39m Calling AppiumDriver.findElements() with args: ["xpath","//android.view.View","72f517da-910c-46a8-8c18-f52fc551c88e"]
[debug] &amp#27;[35m[BaseDriver]&amp#27;[39m Valid locator strategies for this request: xpath, id, class name, accessibility id, css selector, -android uiautomator
[debug] &amp#27;[35m[BaseDriver]&amp#27;[39m Waiting up to 20000 ms for condition
[debug] &amp#27;[35m[WD Proxy]&amp#27;[39m Matched '/elements' to command name 'findElements'
[debug] &amp#27;[35m[WD Proxy]&amp#27;[39m Proxying [POST /elements] to [POST http://127.0.0.1:8200/wd/hub/session/a8830392-9b85-4943-b889-72250055e4eb/elements] with body: {"strategy":"xpath","selector":"//android.view.View","context":"","multiple":true}
[debug] &amp#27;[35m[WD Proxy]&amp#27;[39m Got response with status 200: {"sessionId":"a8830392-9b85-4943-b889-72250055e4eb","value":[{"ELEMENT":"f463c67c-151b-4c6e-adaa-c8a877ac3f4d","element-6066-11e4-a52e-4f735466cecf":"f463c67c-151b-4c6e-adaa-c8a877ac3f4d"},{"ELEMENT":"98af4493-2724-4112-af5c-49726c1403e3","element-6066-11e4-a52e-4f735466cecf":"98af4493-2724-4112-af5c-49726c1403e3"},{"ELEMENT":"6930735d-ccbf-4cb8-a021-2babfc62a65f","element-6066-11e4-a52e-4f735466cecf":"6930735d-ccbf-4cb8-a021-2babfc62a65f"},{"ELEMENT":"5b1a18e6-bd5a-4385-b244-3c53f14f0448","element-6066-11e4-a52e-4f735466cecf":"5b1a18e6-bd5a-4385-b244-3c53f14f0448"},{"ELEMENT":"00476409-446e-4b81-8421-4617b06282e9","element-6066-11e4-a52e-4f735466cecf":"00476409-446e-4b81-8421-4617b06282e9"},{"ELEMENT":"54ce5aa2-88ea-4250-bc55-13d0d51a4033","element-6066-11e4-a52e-4f735466cecf":"54ce5aa2-88ea-4250-bc55-13d0d51a4033"},{"ELEMENT":"d5b83fc6-0356-48d4-9b7c-391750d6a3b7","element-6066-11e4-a52e-4f735466cecf":"d5b83fc6-0356-48d4-9b7c-391750d6a3b7"},{"ELEMENT":"c75792fc-f1fb-46c2-8fe4-86dda1d89085","element-6066-...
[debug] &amp#27;[35m[W3C (72f517da)]&amp#27;[39m Responding to client with driver.findElements() result: [{"element-6066-11e4-a52e-4f735466cecf":"f463c67c-151b-4c6e-adaa-c8a877ac3f4d","ELEMENT":"f463c67c-151b-4c6e-adaa-c8a877ac3f4d"},{"element-6066-11e4-a52e-4f735466cecf":"98af4493-2724-4112-af5c-49726c1403e3","ELEMENT":"98af4493-2724-4112-af5c-49726c1403e3"},{"element-6066-11e4-a52e-4f735466cecf":"6930735d-ccbf-4cb8-a021-2babfc62a65f","ELEMENT":"6930735d-ccbf-4cb8-a021-2babfc62a65f"},{"element-6066-11e4-a52e-4f735466cecf":"5b1a18e6-bd5a-4385-b244-3c53f14f0448","ELEMENT":"5b1a18e6-bd5a-4385-b244-3c53f14f0448"},{"element-6066-11e4-a52e-4f735466cecf":"00476409-446e-4b81-8421-4617b06282e9","ELEMENT":"00476409-446e-4b81-8421-4617b06282e9"},{"element-6066-11e4-a52e-4f735466cecf":"54ce5aa2-88ea-4250-bc55-13d0d51a4033","ELEMENT":"54ce5aa2-88ea-4250-bc55-13d0d51a4033"},{"element-6066-11e4-a52e-4f735466cecf":"d5b83fc6-0356-48d4-9b7c-391750d6a3b7","ELEMENT":"d5b83fc6-0356-48d4-9b7c-391750d6a3b7"},{"element-6066-11e4-a52e-4f735466cecf":"c75792fc-f1fb-46c2-8fe4-86dda1d89085","ELEMENT":"c75792fc-f1fb-46c2-8fe4-86dda1d8908...
&amp#27;[35m[HTTP]&amp#27;[39m &amp#27;[37m<-- POST /wd/hub/session/72f517da-910c-46a8-8c18-f52fc551c88e/elements &amp#27;[39m&amp#27;[32m200&amp#27;[39m &amp#27;[90m143 ms - 6155&amp#27;[39m
&amp#27;[35m[HTTP]&amp#27;[39m &amp#27;[90m&amp#27;[39m
&amp#27;[35m[HTTP]&amp#27;[39m &amp#27;[37m-->&amp#27;[39m &amp#27;[37mGET&amp#27;[39m &amp#27;[37m/wd/hub/session/72f517da-910c-46a8-8c18-f52fc551c88e/element/a25c01c6-e2d9-45d3-afcc-93f515cd6edb/text&amp#27;[39m
&amp#27;[35m[HTTP]&amp#27;[39m &amp#27;[90m{}&amp#27;[39m
&amp#27;[35m[W3C (72f517da)]&amp#27;[39m Driver proxy active, passing request on via HTTP proxy
[debug] &amp#27;[35m[WD Proxy]&amp#27;[39m Matched '/wd/hub/session/72f517da-910c-46a8-8c18-f52fc551c88e/element/a25c01c6-e2d9-45d3-afcc-93f515cd6edb/text' to command name 'getText'
[debug] &amp#27;[35m[WD Proxy]&amp#27;[39m Proxying [GET /wd/hub/session/72f517da-910c-46a8-8c18-f52fc551c88e/element/a25c01c6-e2d9-45d3-afcc-93f515cd6edb/text] to [GET http://127.0.0.1:8200/wd/hub/session/a8830392-9b85-4943-b889-72250055e4eb/element/a25c01c6-e2d9-45d3-afcc-93f515cd6edb/text] with no body
[debug] &amp#27;[35m[WD Proxy]&amp#27;[39m Got response with status 200: {"sessionId":"a8830392-9b85-4943-b889-72250055e4eb","value":""}
&amp#27;[35m[WD Proxy]&amp#27;[39m Replacing sessionId a8830392-9b85-4943-b889-72250055e4eb with 72f517da-910c-46a8-8c18-f52fc551c88e
&amp#27;[35m[HTTP]&amp#27;[39m &amp#27;[37m<-- GET /wd/hub/session/72f517da-910c-46a8-8c18-f52fc551c88e/element/a25c01c6-e2d9-45d3-afcc-93f515cd6edb/text &amp#27;[39m&amp#27;[32m200&amp#27;[39m &amp#27;[90m16 ms - 63&amp#27;[39m
&amp#27;[35m[HTTP]&amp#27;[39m &amp#27;[90m&amp#27;[39m
&amp#27;[35m[HTTP]&amp#27;[39m &amp#27;[37m-->&amp#27;[39m &amp#27;[37mGET&amp#27;[39m &amp#27;[37m/wd/hub/session/72f517da-910c-46a8-8c18-f52fc551c88e/context&amp#27;[39m
&amp#27;[35m[HTTP]&amp#27;[39m &amp#27;[90m{}&amp#27;[39m
[debug] &amp#27;[35m[W3C (72f517da)]&amp#27;[39m Calling AppiumDriver.getCurrentContext() with args: ["72f517da-910c-46a8-8c18-f52fc551c88e"]
[debug] &amp#27;[35m[W3C (72f517da)]&amp#27;[39m Responding to client with driver.getCurrentContext() result: "NATIVE_APP"
&amp#27;[35m[HTTP]&amp#27;[39m &amp#27;[37m<-- GET /wd/hub/session/72f517da-910c-46a8-8c18-f52fc551c88e/context &amp#27;[39m&amp#27;[32m200&amp#27;[39m &amp#27;[90m1 ms - 22&amp#27;[39m
&amp#27;[35m[HTTP]&amp#27;[39m &amp#27;[90m&amp#27;[39m
&amp#27;[35m[HTTP]&amp#27;[39m &amp#27;[37m-->&amp#27;[39m &amp#27;[37mPOST&amp#27;[39m &amp#27;[37m/wd/hub/session/72f517da-910c-46a8-8c18-f52fc551c88e/elements&amp#27;[39m
&amp#27;[35m[HTTP]&amp#27;[39m &amp#27;[90m{"using":"xpath","value":"//android.widget.TextView"}&amp#27;[39m
[debug] &amp#27;[35m[W3C (72f517da)]&amp#27;[39m Calling AppiumDriver.findElements() with args: ["xpath","//android.widget.TextView","72f517da-910c-46a8-8c18-f52fc551c88e"]
[debug] &amp#27;[35m[BaseDriver]&amp#27;[39m Valid locator strategies for this request: xpath, id, class name, accessibility id, css selector, -android uiautomator
[debug] &amp#27;[35m[BaseDriver]&amp#27;[39m Waiting up to 20000 ms for condition
[debug] &amp#27;[35m[WD Proxy]&amp#27;[39m Matched '/elements' to command name 'findElements'
[debug] &amp#27;[35m[WD Proxy]&amp#27;[39m Proxying [POST /elements] to [POST http://127.0.0.1:8200/wd/hub/session/a8830392-9b85-4943-b889-72250055e4eb/elements] with body: {"strategy":"xpath","selector":"//android.widget.TextView","context":"","multiple":true}
[debug] &amp#27;[35m[WD Proxy]&amp#27;[39m Got response with status 200: {"sessionId":"a8830392-9b85-4943-b889-72250055e4eb","value":[{"ELEMENT":"e946f25c-6933-499f-85db-946ce53aba65","element-6066-11e4-a52e-4f735466cecf":"e946f25c-6933-499f-85db-946ce53aba65"},{"ELEMENT":"d7a0847b-5e6c-4db9-82e2-6e22c61a9250","element-6066-11e4-a52e-4f735466cecf":"d7a0847b-5e6c-4db9-82e2-6e22c61a9250"},{"ELEMENT":"542b7273-0d7a-4c99-89e3-615172f936e5","element-6066-11e4-a52e-4f735466cecf":"542b7273-0d7a-4c99-89e3-615172f936e5"},{"ELEMENT":"792a5198-d573-4a79-b7d8-f94695620126","element-6066-11e4-a52e-4f735466cecf":"792a5198-d573-4a79-b7d8-f94695620126"},{"ELEMENT":"d1e47d0c-382d-4b45-9901-03fb308d77e7","element-6066-11e4-a52e-4f735466cecf":"d1e47d0c-382d-4b45-9901-03fb308d77e7"},{"ELEMENT":"5af37c83-b5c5-4bc2-80a5-bc6bc69332af","element-6066-11e4-a52e-4f735466cecf":"5af37c83-b5c5-4bc2-80a5-bc6bc69332af"},{"ELEMENT":"ff084638-3b78-40ab-b465-91ce6898c351","element-6066-11e4-a52e-4f735466cecf":"ff084638-3b78-40ab-b465-91ce6898c351"},{"ELEMENT":"802f517b-8a01-4898-a812-69a9e7080688","element-6066-...
[debug] &amp#27;[35m[W3C (72f517da)]&amp#27;[39m Responding to client with driver.findElements() result: [{"element-6066-11e4-a52e-4f735466cecf":"e946f25c-6933-499f-85db-946ce53aba65","ELEMENT":"e946f25c-6933-499f-85db-946ce53aba65"},{"element-6066-11e4-a52e-4f735466cecf":"d7a0847b-5e6c-4db9-82e2-6e22c61a9250","ELEMENT":"d7a0847b-5e6c-4db9-82e2-6e22c61a9250"},{"element-6066-11e4-a52e-4f735466cecf":"542b7273-0d7a-4c99-89e3-615172f936e5","ELEMENT":"542b7273-0d7a-4c99-89e3-615172f936e5"},{"element-6066-11e4-a52e-4f735466cecf":"792a5198-d573-4a79-b7d8-f94695620126","ELEMENT":"792a5198-d573-4a79-b7d8-f94695620126"},{"element-6066-11e4-a52e-4f735466cecf":"d1e47d0c-382d-4b45-9901-03fb308d77e7","ELEMENT":"d1e47d0c-382d-4b45-9901-03fb308d77e7"},{"element-6066-11e4-a52e-4f735466cecf":"5af37c83-b5c5-4bc2-80a5-bc6bc69332af","ELEMENT":"5af37c83-b5c5-4bc2-80a5-bc6bc69332af"},{"element-6066-11e4-a52e-4f735466cecf":"ff084638-3b78-40ab-b465-91ce6898c351","ELEMENT":"ff084638-3b78-40ab-b465-91ce6898c351"},{"element-6066-11e4-a52e-4f735466cecf":"802f517b-8a01-4898-a812-69a9e7080688","ELEMENT":"802f517b-8a01-4898-a812-69a9e708068...
&amp#27;[35m[HTTP]&amp#27;[39m &amp#27;[37m<-- POST /wd/hub/session/72f517da-910c-46a8-8c18-f52fc551c88e/elements &amp#27;[39m&amp#27;[32m200&amp#27;[39m &amp#27;[90m114 ms - 1291&amp#27;[39m
&amp#27;[35m[HTTP]&amp#27;[39m &amp#27;[90m&amp#27;[39m
&amp#27;[35m[HTTP]&amp#27;[39m &amp#27;[37m-->&amp#27;[39m &amp#27;[37mGET&amp#27;[39m &amp#27;[37m/wd/hub/session/72f517da-910c-46a8-8c18-f52fc551c88e/element/5af37c83-b5c5-4bc2-80a5-bc6bc69332af/text&amp#27;[39m
&amp#27;[35m[HTTP]&amp#27;[39m &amp#27;[90m{}&amp#27;[39m
&amp#27;[35m[W3C (72f517da)]&amp#27;[39m Driver proxy active, passing request on via HTTP proxy
[debug] &amp#27;[35m[WD Proxy]&amp#27;[39m Matched '/wd/hub/session/72f517da-910c-46a8-8c18-f52fc551c88e/element/5af37c83-b5c5-4bc2-80a5-bc6bc69332af/text' to command name 'getText'
[debug] &amp#27;[35m[WD Proxy]&amp#27;[39m Proxying [GET /wd/hub/session/72f517da-910c-46a8-8c18-f52fc551c88e/element/5af37c83-b5c5-4bc2-80a5-bc6bc69332af/text] to [GET http://127.0.0.1:8200/wd/hub/session/a8830392-9b85-4943-b889-72250055e4eb/element/5af37c83-b5c5-4bc2-80a5-bc6bc69332af/text] with no body
[debug] &amp#27;[35m[WD Proxy]&amp#27;[39m Got response with status 200: {"sessionId":"a8830392-9b85-4943-b889-72250055e4eb","value":"RECURRING DEPOSIT"}
&amp#27;[35m[WD Proxy]&amp#27;[39m Replacing sessionId a8830392-9b85-4943-b889-72250055e4eb with 72f517da-910c-46a8-8c18-f52fc551c88e
&amp#27;[35m[HTTP]&amp#27;[39m &amp#27;[37m<-- GET /wd/hub/session/72f517da-910c-46a8-8c18-f52fc551c88e/element/5af37c83-b5c5-4bc2-80a5-bc6bc69332af/text &amp#27;[39m&amp#27;[32m200&amp#27;[39m &amp#27;[90m18 ms - 80&amp#27;[39m
&amp#27;[35m[HTTP]&amp#27;[39m &amp#27;[90m&amp#27;[39m

&amp#27;[35m[HTTP]&amp#27;[39m &amp#27;[37m-->&amp#27;[39m &amp#27;[37mGET&amp#27;[39m &amp#27;[37m/wd/hub/session/72f517da-910c-46a8-8c18-f52fc551c88e/context&amp#27;[39m
&amp#27;[35m[HTTP]&amp#27;[39m &amp#27;[90m{}&amp#27;[39m
[debug] &amp#27;[35m[W3C (72f517da)]&amp#27;[39m Calling AppiumDriver.getCurrentContext() with args: ["72f517da-910c-46a8-8c18-f52fc551c88e"]
[debug] &amp#27;[35m[W3C (72f517da)]&amp#27;[39m Responding to client with driver.getCurrentContext() result: "NATIVE_APP"
&amp#27;[35m[HTTP]&amp#27;[39m &amp#27;[37m<-- GET /wd/hub/session/72f517da-910c-46a8-8c18-f52fc551c88e/context &amp#27;[39m&amp#27;[32m200&amp#27;[39m &amp#27;[90m1 ms - 22&amp#27;[39m
&amp#27;[35m[HTTP]&amp#27;[39m &amp#27;[90m&amp#27;[39m
&amp#27;[35m[HTTP]&amp#27;[39m &amp#27;[37m-->&amp#27;[39m &amp#27;[37mPOST&amp#27;[39m &amp#27;[37m/wd/hub/session/72f517da-910c-46a8-8c18-f52fc551c88e/elements&amp#27;[39m
&amp#27;[35m[HTTP]&amp#27;[39m &amp#27;[90m{"using":"xpath","value":"//android.view.View"}&amp#27;[39m
[debug] &amp#27;[35m[W3C (72f517da)]&amp#27;[39m Calling AppiumDriver.findElements() with args: ["xpath","//android.view.View","72f517da-910c-46a8-8c18-f52fc551c88e"]
[debug] &amp#27;[35m[BaseDriver]&amp#27;[39m Valid locator strategies for this request: xpath, id, class name, accessibility id, css selector, -android uiautomator
[debug] &amp#27;[35m[BaseDriver]&amp#27;[39m Waiting up to 20000 ms for condition
[debug] &amp#27;[35m[WD Proxy]&amp#27;[39m Matched '/elements' to command name 'findElements'
[debug] &amp#27;[35m[WD Proxy]&amp#27;[39m Proxying [POST /elements] to [POST http://127.0.0.1:8200/wd/hub/session/a8830392-9b85-4943-b889-72250055e4eb/elements] with body: {"strategy":"xpath","selector":"//android.view.View","context":"","multiple":true}
[debug] &amp#27;[35m[WD Proxy]&amp#27;[39m Got response with status 200: {"sessionId":"a8830392-9b85-4943-b889-72250055e4eb","value":[{"ELEMENT":"4d9947a7-9f5d-4575-9899-4c499c7fe99b","element-6066-11e4-a52e-4f735466cecf":"4d9947a7-9f5d-4575-9899-4c499c7fe99b"},{"ELEMENT":"1ea165cd-a10c-4486-b08d-9d562ca42ed2","element-6066-11e4-a52e-4f735466cecf":"1ea165cd-a10c-4486-b08d-9d562ca42ed2"},{"ELEMENT":"f5e58880-0d4e-47dc-9c9c-4e868087ca0e","element-6066-11e4-a52e-4f735466cecf":"f5e58880-0d4e-47dc-9c9c-4e868087ca0e"},{"ELEMENT":"9f452a9c-d574-472a-aef9-6efc7930da31","element-6066-11e4-a52e-4f735466cecf":"9f452a9c-d574-472a-aef9-6efc7930da31"},{"ELEMENT":"c3727d6b-1614-4126-856c-c68a066a1697","element-6066-11e4-a52e-4f735466cecf":"c3727d6b-1614-4126-856c-c68a066a1697"},{"ELEMENT":"85488768-704b-4388-96b3-17376dd10d47","element-6066-11e4-a52e-4f735466cecf":"85488768-704b-4388-96b3-17376dd10d47"},{"ELEMENT":"94551965-341e-4932-a370-4627ed63e12a","element-6066-11e4-a52e-4f735466cecf":"94551965-341e-4932-a370-4627ed63e12a"},{"ELEMENT":"4fe1cbd1-f126-436e-8dee-54621caecbf3","element-6066-...
[debug] &amp#27;[35m[W3C (72f517da)]&amp#27;[39m Responding to client with driver.findElements() result: [{"element-6066-11e4-a52e-4f735466cecf":"4d9947a7-9f5d-4575-9899-4c499c7fe99b","ELEMENT":"4d9947a7-9f5d-4575-9899-4c499c7fe99b"},{"element-6066-11e4-a52e-4f735466cecf":"1ea165cd-a10c-4486-b08d-9d562ca42ed2","ELEMENT":"1ea165cd-a10c-4486-b08d-9d562ca42ed2"},{"element-6066-11e4-a52e-4f735466cecf":"f5e58880-0d4e-47dc-9c9c-4e868087ca0e","ELEMENT":"f5e58880-0d4e-47dc-9c9c-4e868087ca0e"},{"element-6066-11e4-a52e-4f735466cecf":"9f452a9c-d574-472a-aef9-6efc7930da31","ELEMENT":"9f452a9c-d574-472a-aef9-6efc7930da31"},{"element-6066-11e4-a52e-4f735466cecf":"c3727d6b-1614-4126-856c-c68a066a1697","ELEMENT":"c3727d6b-1614-4126-856c-c68a066a1697"},{"element-6066-11e4-a52e-4f735466cecf":"85488768-704b-4388-96b3-17376dd10d47","ELEMENT":"85488768-704b-4388-96b3-17376dd10d47"},{"element-6066-11e4-a52e-4f735466cecf":"94551965-341e-4932-a370-4627ed63e12a","ELEMENT":"94551965-341e-4932-a370-4627ed63e12a"},{"element-6066-11e4-a52e-4f735466cecf":"4fe1cbd1-f126-436e-8dee-54621caecbf3","ELEMENT":"4fe1cbd1-f126-436e-8dee-54621caecbf...
&amp#27;[35m[HTTP]&amp#27;[39m &amp#27;[37m<-- POST /wd/hub/session/72f517da-910c-46a8-8c18-f52fc551c88e/elements &amp#27;[39m&amp#27;[32m200&amp#27;[39m &amp#27;[90m136 ms - 6155&amp#27;[39m
&amp#27;[35m[HTTP]&amp#27;[39m &amp#27;[90m&amp#27;[39m
&amp#27;[35m[HTTP]&amp#27;[39m &amp#27;[37m-->&amp#27;[39m &amp#27;[37mGET&amp#27;[39m &amp#27;[37m/wd/hub/session/72f517da-910c-46a8-8c18-f52fc551c88e/element/4e654a6f-7e23-4677-9fa9-e7b71bb9fb05/text&amp#27;[39m
&amp#27;[35m[HTTP]&amp#27;[39m &amp#27;[90m{}&amp#27;[39m
&amp#27;[35m[W3C (72f517da)]&amp#27;[39m Driver proxy active, passing request on via HTTP proxy
[debug] &amp#27;[35m[WD Proxy]&amp#27;[39m Matched '/wd/hub/session/72f517da-910c-46a8-8c18-f52fc551c88e/element/4e654a6f-7e23-4677-9fa9-e7b71bb9fb05/text' to command name 'getText'
[debug] &amp#27;[35m[WD Proxy]&amp#27;[39m Proxying [GET /wd/hub/session/72f517da-910c-46a8-8c18-f52fc551c88e/element/4e654a6f-7e23-4677-9fa9-e7b71bb9fb05/text] to [GET http://127.0.0.1:8200/wd/hub/session/a8830392-9b85-4943-b889-72250055e4eb/element/4e654a6f-7e23-4677-9fa9-e7b71bb9fb05/text] with no body
[debug] &amp#27;[35m[WD Proxy]&amp#27;[39m Got response with status 200: {"sessionId":"a8830392-9b85-4943-b889-72250055e4eb","value":""}
&amp#27;[35m[WD Proxy]&amp#27;[39m Replacing sessionId a8830392-9b85-4943-b889-72250055e4eb with 72f517da-910c-46a8-8c18-f52fc551c88e
&amp#27;[35m[HTTP]&amp#27;[39m &amp#27;[37m<-- GET /wd/hub/session/72f517da-910c-46a8-8c18-f52fc551c88e/element/4e654a6f-7e23-4677-9fa9-e7b71bb9fb05/text &amp#27;[39m&amp#27;[32m200&amp#27;[39m &amp#27;[90m18 ms - 63&amp#27;[39m
&amp#27;[35m[HTTP]&amp#27;[39m &amp#27;[90m&amp#27;[39m
&amp#27;[35m[HTTP]&amp#27;[39m &amp#27;[37m-->&amp#27;[39m &amp#27;[37mGET&amp#27;[39m &amp#27;[37m/wd/hub/session/72f517da-910c-46a8-8c18-f52fc551c88e/context&amp#27;[39m
&amp#27;[35m[HTTP]&amp#27;[39m &amp#27;[90m{}&amp#27;[39m
[debug] &amp#27;[35m[W3C (72f517da)]&amp#27;[39m Calling AppiumDriver.getCurrentContext() with args: ["72f517da-910c-46a8-8c18-f52fc551c88e"]
[debug] &amp#27;[35m[W3C (72f517da)]&amp#27;[39m Responding to client with driver.getCurrentContext() result: "NATIVE_APP"
&amp#27;[35m[HTTP]&amp#27;[39m &amp#27;[37m<-- GET /wd/hub/session/72f517da-910c-46a8-8c18-f52fc551c88e/context &amp#27;[39m&amp#27;[32m200&amp#27;[39m &amp#27;[90m1 ms - 22&amp#27;[39m
&amp#27;[35m[HTTP]&amp#27;[39m &amp#27;[90m&amp#27;[39m
&amp#27;[35m[HTTP]&amp#27;[39m &amp#27;[37m-->&amp#27;[39m &amp#27;[37mPOST&amp#27;[39m &amp#27;[37m/wd/hub/session/72f517da-910c-46a8-8c18-f52fc551c88e/elements&amp#27;[39m
&amp#27;[35m[HTTP]&amp#27;[39m &amp#27;[90m{"using":"xpath","value":"//android.widget.TextView"}&amp#27;[39m
[debug] &amp#27;[35m[W3C (72f517da)]&amp#27;[39m Calling AppiumDriver.findElements() with args: ["xpath","//android.widget.TextView","72f517da-910c-46a8-8c18-f52fc551c88e"]
[debug] &amp#27;[35m[BaseDriver]&amp#27;[39m Valid locator strategies for this request: xpath, id, class name, accessibility id, css selector, -android uiautomator
[debug] &amp#27;[35m[BaseDriver]&amp#27;[39m Waiting up to 20000 ms for condition
[debug] &amp#27;[35m[WD Proxy]&amp#27;[39m Matched '/elements' to command name 'findElements'
[debug] &amp#27;[35m[WD Proxy]&amp#27;[39m Proxying [POST /elements] to [POST http://127.0.0.1:8200/wd/hub/session/a8830392-9b85-4943-b889-72250055e4eb/elements] with body: {"strategy":"xpath","selector":"//android.widget.TextView","context":"","multiple":true}
[debug] &amp#27;[35m[WD Proxy]&amp#27;[39m Got response with status 200: {"sessionId":"a8830392-9b85-4943-b889-72250055e4eb","value":[{"ELEMENT":"93305552-8957-47a3-b089-95cf6da58310","element-6066-11e4-a52e-4f735466cecf":"93305552-8957-47a3-b089-95cf6da58310"},{"ELEMENT":"17c44b69-5c9c-4d6b-9e3b-158001305482","element-6066-11e4-a52e-4f735466cecf":"17c44b69-5c9c-4d6b-9e3b-158001305482"},{"ELEMENT":"9fa18540-53f0-44d6-a93e-4d35e4847df2","element-6066-11e4-a52e-4f735466cecf":"9fa18540-53f0-44d6-a93e-4d35e4847df2"},{"ELEMENT":"c054cea5-e930-417d-8a53-c1294fc4bee8","element-6066-11e4-a52e-4f735466cecf":"c054cea5-e930-417d-8a53-c1294fc4bee8"},{"ELEMENT":"fa3819fe-c6d6-4b90-af26-8455864acea4","element-6066-11e4-a52e-4f735466cecf":"fa3819fe-c6d6-4b90-af26-8455864acea4"},{"ELEMENT":"98d1e3fb-8650-4b9c-b7f3-806c833c2780","element-6066-11e4-a52e-4f735466cecf":"98d1e3fb-8650-4b9c-b7f3-806c833c2780"},{"ELEMENT":"9243509c-ca52-4bef-bf68-c9e2d336cde6","element-6066-11e4-a52e-4f735466cecf":"9243509c-ca52-4bef-bf68-c9e2d336cde6"},{"ELEMENT":"92dddadb-a2f5-4b27-9d9f-8bb586b4cb36","element-6066-...
[debug] &amp#27;[35m[W3C (72f517da)]&amp#27;[39m Responding to client with driver.findElements() result: [{"element-6066-11e4-a52e-4f735466cecf":"93305552-8957-47a3-b089-95cf6da58310","ELEMENT":"93305552-8957-47a3-b089-95cf6da58310"},{"element-6066-11e4-a52e-4f735466cecf":"17c44b69-5c9c-4d6b-9e3b-158001305482","ELEMENT":"17c44b69-5c9c-4d6b-9e3b-158001305482"},{"element-6066-11e4-a52e-4f735466cecf":"9fa18540-53f0-44d6-a93e-4d35e4847df2","ELEMENT":"9fa18540-53f0-44d6-a93e-4d35e4847df2"},{"element-6066-11e4-a52e-4f735466cecf":"c054cea5-e930-417d-8a53-c1294fc4bee8","ELEMENT":"c054cea5-e930-417d-8a53-c1294fc4bee8"},{"element-6066-11e4-a52e-4f735466cecf":"fa3819fe-c6d6-4b90-af26-8455864acea4","ELEMENT":"fa3819fe-c6d6-4b90-af26-8455864acea4"},{"element-6066-11e4-a52e-4f735466cecf":"98d1e3fb-8650-4b9c-b7f3-806c833c2780","ELEMENT":"98d1e3fb-8650-4b9c-b7f3-806c833c2780"},{"element-6066-11e4-a52e-4f735466cecf":"9243509c-ca52-4bef-bf68-c9e2d336cde6","ELEMENT":"9243509c-ca52-4bef-bf68-c9e2d336cde6"},{"element-6066-11e4-a52e-4f735466cecf":"92dddadb-a2f5-4b27-9d9f-8bb586b4cb36","ELEMENT":"92dddadb-a2f5-4b27-9d9f-8bb586b4cb3...
&amp#27;[35m[HTTP]&amp#27;[39m &amp#27;[37m<-- POST /wd/hub/session/72f517da-910c-46a8-8c18-f52fc551c88e/elements &amp#27;[39m&amp#27;[32m200&amp#27;[39m &amp#27;[90m110 ms - 1291&amp#27;[39m
&amp#27;[35m[HTTP]&amp#27;[39m &amp#27;[90m&amp#27;[39m
&amp#27;[35m[HTTP]&amp#27;[39m &amp#27;[37m-->&amp#27;[39m &amp#27;[37mGET&amp#27;[39m &amp#27;[37m/wd/hub/session/72f517da-910c-46a8-8c18-f52fc551c88e/element/98d1e3fb-8650-4b9c-b7f3-806c833c2780/text&amp#27;[39m
&amp#27;[35m[HTTP]&amp#27;[39m &amp#27;[90m{}&amp#27;[39m
&amp#27;[35m[W3C (72f517da)]&amp#27;[39m Driver proxy active, passing request on via HTTP proxy
[debug] &amp#27;[35m[WD Proxy]&amp#27;[39m Matched '/wd/hub/session/72f517da-910c-46a8-8c18-f52fc551c88e/element/98d1e3fb-8650-4b9c-b7f3-806c833c2780/text' to command name 'getText'
[debug] &amp#27;[35m[WD Proxy]&amp#27;[39m Proxying [GET /wd/hub/session/72f517da-910c-46a8-8c18-f52fc551c88e/element/98d1e3fb-8650-4b9c-b7f3-806c833c2780/text] to [GET http://127.0.0.1:8200/wd/hub/session/a8830392-9b85-4943-b889-72250055e4eb/element/98d1e3fb-8650-4b9c-b7f3-806c833c2780/text] with no body
[debug] &amp#27;[35m[WD Proxy]&amp#27;[39m Got response with status 200: {"sessionId":"a8830392-9b85-4943-b889-72250055e4eb","value":"RECURRING DEPOSIT"}
&amp#27;[35m[WD Proxy]&amp#27;[39m Replacing sessionId a8830392-9b85-4943-b889-72250055e4eb with 72f517da-910c-46a8-8c18-f52fc551c88e
&amp#27;[35m[HTTP]&amp#27;[39m &amp#27;[37m<-- GET /wd/hub/session/72f517da-910c-46a8-8c18-f52fc551c88e/element/98d1e3fb-8650-4b9c-b7f3-806c833c2780/text &amp#27;[39m&amp#27;[32m200&amp#27;[39m &amp#27;[90m15 ms - 80&amp#27;[39m
&amp#27;[35m[HTTP]&amp#27;[39m &amp#27;[90m&amp#27;[39m

&amp#27;[35m[HTTP]&amp#27;[39m &amp#27;[37m-->&amp#27;[39m &amp#27;[37mGET&amp#27;[39m &amp#27;[37m/wd/hub/session/72f517da-910c-46a8-8c18-f52fc551c88e/context&amp#27;[39m
&amp#27;[35m[HTTP]&amp#27;[39m &amp#27;[90m{}&amp#27;[39m
[debug] &amp#27;[35m[W3C (72f517da)]&amp#27;[39m Calling AppiumDriver.getCurrentContext() with args: ["72f517da-910c-46a8-8c18-f52fc551c88e"]
[debug] &amp#27;[35m[W3C (72f517da)]&amp#27;[39m Responding to client with driver.getCurrentContext() result: "NATIVE_APP"
&amp#27;[35m[HTTP]&amp#27;[39m &amp#27;[37m<-- GET /wd/hub/session/72f517da-910c-46a8-8c18-f52fc551c88e/context &amp#27;[39m&amp#27;[32m200&amp#27;[39m &amp#27;[90m1 ms - 22&amp#27;[39m
&amp#27;[35m[HTTP]&amp#27;[39m &amp#27;[90m&amp#27;[39m
&amp#27;[35m[HTTP]&amp#27;[39m &amp#27;[37m-->&amp#27;[39m &amp#27;[37mPOST&amp#27;[39m &amp#27;[37m/wd/hub/session/72f517da-910c-46a8-8c18-f52fc551c88e/elements&amp#27;[39m
&amp#27;[35m[HTTP]&amp#27;[39m &amp#27;[90m{"using":"xpath","value":"//android.view.View"}&amp#27;[39m
[debug] &amp#27;[35m[W3C (72f517da)]&amp#27;[39m Calling AppiumDriver.findElements() with args: ["xpath","//android.view.View","72f517da-910c-46a8-8c18-f52fc551c88e"]
[debug] &amp#27;[35m[BaseDriver]&amp#27;[39m Valid locator strategies for this request: xpath, id, class name, accessibility id, css selector, -android uiautomator
[debug] &amp#27;[35m[BaseDriver]&amp#27;[39m Waiting up to 20000 ms for condition
[debug] &amp#27;[35m[WD Proxy]&amp#27;[39m Matched '/elements' to command name 'findElements'
[debug] &amp#27;[35m[WD Proxy]&amp#27;[39m Proxying [POST /elements] to [POST http://127.0.0.1:8200/wd/hub/session/a8830392-9b85-4943-b889-72250055e4eb/elements] with body: {"strategy":"xpath","selector":"//android.view.View","context":"","multiple":true}
[debug] &amp#27;[35m[WD Proxy]&amp#27;[39m Got response with status 200: {"sessionId":"a8830392-9b85-4943-b889-72250055e4eb","value":[{"ELEMENT":"91b73a38-f1c6-44f0-9ffc-7183a098b40c","element-6066-11e4-a52e-4f735466cecf":"91b73a38-f1c6-44f0-9ffc-7183a098b40c"},{"ELEMENT":"a57c32cf-b9a6-4928-acdd-27d759cfebe9","element-6066-11e4-a52e-4f735466cecf":"a57c32cf-b9a6-4928-acdd-27d759cfebe9"},{"ELEMENT":"cac1cd8a-3e5f-4cfb-a4c5-a99b56579c74","element-6066-11e4-a52e-4f735466cecf":"cac1cd8a-3e5f-4cfb-a4c5-a99b56579c74"},{"ELEMENT":"b8e56cf7-833c-466e-a442-251fdc8df648","element-6066-11e4-a52e-4f735466cecf":"b8e56cf7-833c-466e-a442-251fdc8df648"},{"ELEMENT":"17ed34d8-d880-4d99-b233-359ef16d657f","element-6066-11e4-a52e-4f735466cecf":"17ed34d8-d880-4d99-b233-359ef16d657f"},{"ELEMENT":"af125ee9-7a04-471f-9799-4fcb700274ca","element-6066-11e4-a52e-4f735466cecf":"af125ee9-7a04-471f-9799-4fcb700274ca"},{"ELEMENT":"1a4421d3-ac05-4231-9bbb-5b2dd5a17bbc","element-6066-11e4-a52e-4f735466cecf":"1a4421d3-ac05-4231-9bbb-5b2dd5a17bbc"},{"ELEMENT":"9c46499a-1a4e-401a-b047-23853e7a14f9","element-6066-...
[debug] &amp#27;[35m[W3C (72f517da)]&amp#27;[39m Responding to client with driver.findElements() result: [{"element-6066-11e4-a52e-4f735466cecf":"91b73a38-f1c6-44f0-9ffc-7183a098b40c","ELEMENT":"91b73a38-f1c6-44f0-9ffc-7183a098b40c"},{"element-6066-11e4-a52e-4f735466cecf":"a57c32cf-b9a6-4928-acdd-27d759cfebe9","ELEMENT":"a57c32cf-b9a6-4928-acdd-27d759cfebe9"},{"element-6066-11e4-a52e-4f735466cecf":"cac1cd8a-3e5f-4cfb-a4c5-a99b56579c74","ELEMENT":"cac1cd8a-3e5f-4cfb-a4c5-a99b56579c74"},{"element-6066-11e4-a52e-4f735466cecf":"b8e56cf7-833c-466e-a442-251fdc8df648","ELEMENT":"b8e56cf7-833c-466e-a442-251fdc8df648"},{"element-6066-11e4-a52e-4f735466cecf":"17ed34d8-d880-4d99-b233-359ef16d657f","ELEMENT":"17ed34d8-d880-4d99-b233-359ef16d657f"},{"element-6066-11e4-a52e-4f735466cecf":"af125ee9-7a04-471f-9799-4fcb700274ca","ELEMENT":"af125ee9-7a04-471f-9799-4fcb700274ca"},{"element-6066-11e4-a52e-4f735466cecf":"1a4421d3-ac05-4231-9bbb-5b2dd5a17bbc","ELEMENT":"1a4421d3-ac05-4231-9bbb-5b2dd5a17bbc"},{"element-6066-11e4-a52e-4f735466cecf":"9c46499a-1a4e-401a-b047-23853e7a14f9","ELEMENT":"9c46499a-1a4e-401a-b047-23853e7a14f...
&amp#27;[35m[HTTP]&amp#27;[39m &amp#27;[37m<-- POST /wd/hub/session/72f517da-910c-46a8-8c18-f52fc551c88e/elements &amp#27;[39m&amp#27;[32m200&amp#27;[39m &amp#27;[90m127 ms - 6155&amp#27;[39m
&amp#27;[35m[HTTP]&amp#27;[39m &amp#27;[90m&amp#27;[39m
&amp#27;[35m[HTTP]&amp#27;[39m &amp#27;[37m-->&amp#27;[39m &amp#27;[37mGET&amp#27;[39m &amp#27;[37m/wd/hub/session/72f517da-910c-46a8-8c18-f52fc551c88e/element/5367eacd-ac40-4ff3-85c8-e1c813d8d079/text&amp#27;[39m
&amp#27;[35m[HTTP]&amp#27;[39m &amp#27;[90m{}&amp#27;[39m
&amp#27;[35m[W3C (72f517da)]&amp#27;[39m Driver proxy active, passing request on via HTTP proxy
[debug] &amp#27;[35m[WD Proxy]&amp#27;[39m Matched '/wd/hub/session/72f517da-910c-46a8-8c18-f52fc551c88e/element/5367eacd-ac40-4ff3-85c8-e1c813d8d079/text' to command name 'getText'
[debug] &amp#27;[35m[WD Proxy]&amp#27;[39m Proxying [GET /wd/hub/session/72f517da-910c-46a8-8c18-f52fc551c88e/element/5367eacd-ac40-4ff3-85c8-e1c813d8d079/text] to [GET http://127.0.0.1:8200/wd/hub/session/a8830392-9b85-4943-b889-72250055e4eb/element/5367eacd-ac40-4ff3-85c8-e1c813d8d079/text] with no body
[debug] &amp#27;[35m[WD Proxy]&amp#27;[39m Got response with status 200: {"sessionId":"a8830392-9b85-4943-b889-72250055e4eb","value":""}
&amp#27;[35m[WD Proxy]&amp#27;[39m Replacing sessionId a8830392-9b85-4943-b889-72250055e4eb with 72f517da-910c-46a8-8c18-f52fc551c88e
&amp#27;[35m[HTTP]&amp#27;[39m &amp#27;[37m<-- GET /wd/hub/session/72f517da-910c-46a8-8c18-f52fc551c88e/element/5367eacd-ac40-4ff3-85c8-e1c813d8d079/text &amp#27;[39m&amp#27;[32m200&amp#27;[39m &amp#27;[90m17 ms - 63&amp#27;[39m
&amp#27;[35m[HTTP]&amp#27;[39m &amp#27;[90m&amp#27;[39m
&amp#27;[35m[HTTP]&amp#27;[39m &amp#27;[37m-->&amp#27;[39m &amp#27;[37mGET&amp#27;[39m &amp#27;[37m/wd/hub/session/72f517da-910c-46a8-8c18-f52fc551c88e/context&amp#27;[39m
&amp#27;[35m[HTTP]&amp#27;[39m &amp#27;[90m{}&amp#27;[39m
[debug] &amp#27;[35m[W3C (72f517da)]&amp#27;[39m Calling AppiumDriver.getCurrentContext() with args: ["72f517da-910c-46a8-8c18-f52fc551c88e"]
[debug] &amp#27;[35m[W3C (72f517da)]&amp#27;[39m Responding to client with driver.getCurrentContext() result: "NATIVE_APP"
&amp#27;[35m[HTTP]&amp#27;[39m &amp#27;[37m<-- GET /wd/hub/session/72f517da-910c-46a8-8c18-f52fc551c88e/context &amp#27;[39m&amp#27;[32m200&amp#27;[39m &amp#27;[90m1 ms - 22&amp#27;[39m
&amp#27;[35m[HTTP]&amp#27;[39m &amp#27;[90m&amp#27;[39m
&amp#27;[35m[HTTP]&amp#27;[39m &amp#27;[37m-->&amp#27;[39m &amp#27;[37mPOST&amp#27;[39m &amp#27;[37m/wd/hub/session/72f517da-910c-46a8-8c18-f52fc551c88e/elements&amp#27;[39m
&amp#27;[35m[HTTP]&amp#27;[39m &amp#27;[90m{"using":"xpath","value":"//android.widget.TextView"}&amp#27;[39m
[debug] &amp#27;[35m[W3C (72f517da)]&amp#27;[39m Calling AppiumDriver.findElements() with args: ["xpath","//android.widget.TextView","72f517da-910c-46a8-8c18-f52fc551c88e"]
[debug] &amp#27;[35m[BaseDriver]&amp#27;[39m Valid locator strategies for this request: xpath, id, class name, accessibility id, css selector, -android uiautomator
[debug] &amp#27;[35m[BaseDriver]&amp#27;[39m Waiting up to 20000 ms for condition
[debug] &amp#27;[35m[WD Proxy]&amp#27;[39m Matched '/elements' to command name 'findElements'
[debug] &amp#27;[35m[WD Proxy]&amp#27;[39m Proxying [POST /elements] to [POST http://127.0.0.1:8200/wd/hub/session/a8830392-9b85-4943-b889-72250055e4eb/elements] with body: {"strategy":"xpath","selector":"//android.widget.TextView","context":"","multiple":true}
[debug] &amp#27;[35m[WD Proxy]&amp#27;[39m Got response with status 200: {"sessionId":"a8830392-9b85-4943-b889-72250055e4eb","value":[{"ELEMENT":"ee5d1c5e-1b45-479e-8b51-d21b45991390","element-6066-11e4-a52e-4f735466cecf":"ee5d1c5e-1b45-479e-8b51-d21b45991390"},{"ELEMENT":"b2799202-e9a7-4851-bf5b-a3af467bf1ce","element-6066-11e4-a52e-4f735466cecf":"b2799202-e9a7-4851-bf5b-a3af467bf1ce"},{"ELEMENT":"948b423e-6dfc-463f-b3a2-87c3c04eae29","element-6066-11e4-a52e-4f735466cecf":"948b423e-6dfc-463f-b3a2-87c3c04eae29"},{"ELEMENT":"32b4882a-acdb-4cb1-ad6d-9b5a3b640c63","element-6066-11e4-a52e-4f735466cecf":"32b4882a-acdb-4cb1-ad6d-9b5a3b640c63"},{"ELEMENT":"2b2d99c1-51a4-42c0-af69-c6f419f1ada7","element-6066-11e4-a52e-4f735466cecf":"2b2d99c1-51a4-42c0-af69-c6f419f1ada7"},{"ELEMENT":"3cba5657-854e-415e-b4af-facfa2e8a560","element-6066-11e4-a52e-4f735466cecf":"3cba5657-854e-415e-b4af-facfa2e8a560"},{"ELEMENT":"dc7165e5-4e0c-4e71-ba45-e8e2d6c7391e","element-6066-11e4-a52e-4f735466cecf":"dc7165e5-4e0c-4e71-ba45-e8e2d6c7391e"},{"ELEMENT":"9757fb29-791b-4d1f-8363-9fd4e0a13a64","element-6066-...
[debug] &amp#27;[35m[W3C (72f517da)]&amp#27;[39m Responding to client with driver.findElements() result: [{"element-6066-11e4-a52e-4f735466cecf":"ee5d1c5e-1b45-479e-8b51-d21b45991390","ELEMENT":"ee5d1c5e-1b45-479e-8b51-d21b45991390"},{"element-6066-11e4-a52e-4f735466cecf":"b2799202-e9a7-4851-bf5b-a3af467bf1ce","ELEMENT":"b2799202-e9a7-4851-bf5b-a3af467bf1ce"},{"element-6066-11e4-a52e-4f735466cecf":"948b423e-6dfc-463f-b3a2-87c3c04eae29","ELEMENT":"948b423e-6dfc-463f-b3a2-87c3c04eae29"},{"element-6066-11e4-a52e-4f735466cecf":"32b4882a-acdb-4cb1-ad6d-9b5a3b640c63","ELEMENT":"32b4882a-acdb-4cb1-ad6d-9b5a3b640c63"},{"element-6066-11e4-a52e-4f735466cecf":"2b2d99c1-51a4-42c0-af69-c6f419f1ada7","ELEMENT":"2b2d99c1-51a4-42c0-af69-c6f419f1ada7"},{"element-6066-11e4-a52e-4f735466cecf":"3cba5657-854e-415e-b4af-facfa2e8a560","ELEMENT":"3cba5657-854e-415e-b4af-facfa2e8a560"},{"element-6066-11e4-a52e-4f735466cecf":"dc7165e5-4e0c-4e71-ba45-e8e2d6c7391e","ELEMENT":"dc7165e5-4e0c-4e71-ba45-e8e2d6c7391e"},{"element-6066-11e4-a52e-4f735466cecf":"9757fb29-791b-4d1f-8363-9fd4e0a13a64","ELEMENT":"9757fb29-791b-4d1f-8363-9fd4e0a13a6...
&amp#27;[35m[HTTP]&amp#27;[39m &amp#27;[37m<-- POST /wd/hub/session/72f517da-910c-46a8-8c18-f52fc551c88e/elements &amp#27;[39m&amp#27;[32m200&amp#27;[39m &amp#27;[90m157 ms - 1291&amp#27;[39m
&amp#27;[35m[HTTP]&amp#27;[39m &amp#27;[90m&amp#27;[39m
&amp#27;[35m[HTTP]&amp#27;[39m &amp#27;[37m-->&amp#27;[39m &amp#27;[37mGET&amp#27;[39m &amp#27;[37m/wd/hub/session/72f517da-910c-46a8-8c18-f52fc551c88e/element/3cba5657-854e-415e-b4af-facfa2e8a560/text&amp#27;[39m
&amp#27;[35m[HTTP]&amp#27;[39m &amp#27;[90m{}&amp#27;[39m
&amp#27;[35m[W3C (72f517da)]&amp#27;[39m Driver proxy active, passing request on via HTTP proxy
[debug] &amp#27;[35m[WD Proxy]&amp#27;[39m Matched '/wd/hub/session/72f517da-910c-46a8-8c18-f52fc551c88e/element/3cba5657-854e-415e-b4af-facfa2e8a560/text' to command name 'getText'
[debug] &amp#27;[35m[WD Proxy]&amp#27;[39m Proxying [GET /wd/hub/session/72f517da-910c-46a8-8c18-f52fc551c88e/element/3cba5657-854e-415e-b4af-facfa2e8a560/text] to [GET http://127.0.0.1:8200/wd/hub/session/a8830392-9b85-4943-b889-72250055e4eb/element/3cba5657-854e-415e-b4af-facfa2e8a560/text] with no body
[debug] &amp#27;[35m[WD Proxy]&amp#27;[39m Got response with status 200: {"sessionId":"a8830392-9b85-4943-b889-72250055e4eb","value":"RECURRING DEPOSIT"}
&amp#27;[35m[WD Proxy]&amp#27;[39m Replacing sessionId a8830392-9b85-4943-b889-72250055e4eb with 72f517da-910c-46a8-8c18-f52fc551c88e
&amp#27;[35m[HTTP]&amp#27;[39m &amp#27;[37m<-- GET /wd/hub/session/72f517da-910c-46a8-8c18-f52fc551c88e/element/3cba5657-854e-415e-b4af-facfa2e8a560/text &amp#27;[39m&amp#27;[32m200&amp#27;[39m &amp#27;[90m19 ms - 80&amp#27;[39m
&amp#27;[35m[HTTP]&amp#27;[39m &amp#27;[90m&amp#27;[39m

&amp#27;[35m[HTTP]&amp#27;[39m &amp#27;[37m-->&amp#27;[39m &amp#27;[37mGET&amp#27;[39m &amp#27;[37m/wd/hub/session/72f517da-910c-46a8-8c18-f52fc551c88e/context&amp#27;[39m
&amp#27;[35m[HTTP]&amp#27;[39m &amp#27;[90m{}&amp#27;[39m
[debug] &amp#27;[35m[W3C (72f517da)]&amp#27;[39m Calling AppiumDriver.getCurrentContext() with args: ["72f517da-910c-46a8-8c18-f52fc551c88e"]
[debug] &amp#27;[35m[W3C (72f517da)]&amp#27;[39m Responding to client with driver.getCurrentContext() result: "NATIVE_APP"
&amp#27;[35m[HTTP]&amp#27;[39m &amp#27;[37m<-- GET /wd/hub/session/72f517da-910c-46a8-8c18-f52fc551c88e/context &amp#27;[39m&amp#27;[32m200&amp#27;[39m &amp#27;[90m1 ms - 22&amp#27;[39m
&amp#27;[35m[HTTP]&amp#27;[39m &amp#27;[90m&amp#27;[39m
&amp#27;[35m[HTTP]&amp#27;[39m &amp#27;[37m-->&amp#27;[39m &amp#27;[37mPOST&amp#27;[39m &amp#27;[37m/wd/hub/session/72f517da-910c-46a8-8c18-f52fc551c88e/elements&amp#27;[39m
&amp#27;[35m[HTTP]&amp#27;[39m &amp#27;[90m{"using":"xpath","value":"//android.view.View"}&amp#27;[39m
[debug] &amp#27;[35m[W3C (72f517da)]&amp#27;[39m Calling AppiumDriver.findElements() with args: ["xpath","//android.view.View","72f517da-910c-46a8-8c18-f52fc551c88e"]
[debug] &amp#27;[35m[BaseDriver]&amp#27;[39m Valid locator strategies for this request: xpath, id, class name, accessibility id, css selector, -android uiautomator
[debug] &amp#27;[35m[BaseDriver]&amp#27;[39m Waiting up to 20000 ms for condition
[debug] &amp#27;[35m[WD Proxy]&amp#27;[39m Matched '/elements' to command name 'findElements'
[debug] &amp#27;[35m[WD Proxy]&amp#27;[39m Proxying [POST /elements] to [POST http://127.0.0.1:8200/wd/hub/session/a8830392-9b85-4943-b889-72250055e4eb/elements] with body: {"strategy":"xpath","selector":"//android.view.View","context":"","multiple":true}
[debug] &amp#27;[35m[WD Proxy]&amp#27;[39m Got response with status 200: {"sessionId":"a8830392-9b85-4943-b889-72250055e4eb","value":[{"ELEMENT":"bff592ec-5627-42c0-a8c5-7fc9435d4955","element-6066-11e4-a52e-4f735466cecf":"bff592ec-5627-42c0-a8c5-7fc9435d4955"},{"ELEMENT":"2403fc48-95b9-4336-a021-04d665843340","element-6066-11e4-a52e-4f735466cecf":"2403fc48-95b9-4336-a021-04d665843340"},{"ELEMENT":"20dd7e98-61e8-4679-9f74-3feb8795cbf3","element-6066-11e4-a52e-4f735466cecf":"20dd7e98-61e8-4679-9f74-3feb8795cbf3"},{"ELEMENT":"b24e27d4-291c-4824-8610-496391d538c7","element-6066-11e4-a52e-4f735466cecf":"b24e27d4-291c-4824-8610-496391d538c7"},{"ELEMENT":"39e4d57d-1124-4614-97d0-9f72cee28fac","element-6066-11e4-a52e-4f735466cecf":"39e4d57d-1124-4614-97d0-9f72cee28fac"},{"ELEMENT":"6f32b48e-88cb-4ac3-bc78-9beb2d21bf7f","element-6066-11e4-a52e-4f735466cecf":"6f32b48e-88cb-4ac3-bc78-9beb2d21bf7f"},{"ELEMENT":"258a86ac-055b-421b-ace9-df2b1096732d","element-6066-11e4-a52e-4f735466cecf":"258a86ac-055b-421b-ace9-df2b1096732d"},{"ELEMENT":"86922754-45f7-4e84-97cb-732eafa183a2","element-6066-...
[debug] &amp#27;[35m[W3C (72f517da)]&amp#27;[39m Responding to client with driver.findElements() result: [{"element-6066-11e4-a52e-4f735466cecf":"bff592ec-5627-42c0-a8c5-7fc9435d4955","ELEMENT":"bff592ec-5627-42c0-a8c5-7fc9435d4955"},{"element-6066-11e4-a52e-4f735466cecf":"2403fc48-95b9-4336-a021-04d665843340","ELEMENT":"2403fc48-95b9-4336-a021-04d665843340"},{"element-6066-11e4-a52e-4f735466cecf":"20dd7e98-61e8-4679-9f74-3feb8795cbf3","ELEMENT":"20dd7e98-61e8-4679-9f74-3feb8795cbf3"},{"element-6066-11e4-a52e-4f735466cecf":"b24e27d4-291c-4824-8610-496391d538c7","ELEMENT":"b24e27d4-291c-4824-8610-496391d538c7"},{"element-6066-11e4-a52e-4f735466cecf":"39e4d57d-1124-4614-97d0-9f72cee28fac","ELEMENT":"39e4d57d-1124-4614-97d0-9f72cee28fac"},{"element-6066-11e4-a52e-4f735466cecf":"6f32b48e-88cb-4ac3-bc78-9beb2d21bf7f","ELEMENT":"6f32b48e-88cb-4ac3-bc78-9beb2d21bf7f"},{"element-6066-11e4-a52e-4f735466cecf":"258a86ac-055b-421b-ace9-df2b1096732d","ELEMENT":"258a86ac-055b-421b-ace9-df2b1096732d"},{"element-6066-11e4-a52e-4f735466cecf":"86922754-45f7-4e84-97cb-732eafa183a2","ELEMENT":"86922754-45f7-4e84-97cb-732eafa183a...
&amp#27;[35m[HTTP]&amp#27;[39m &amp#27;[37m<-- POST /wd/hub/session/72f517da-910c-46a8-8c18-f52fc551c88e/elements &amp#27;[39m&amp#27;[32m200&amp#27;[39m &amp#27;[90m156 ms - 6155&amp#27;[39m
&amp#27;[35m[HTTP]&amp#27;[39m &amp#27;[90m&amp#27;[39m
&amp#27;[35m[HTTP]&amp#27;[39m &amp#27;[37m-->&amp#27;[39m &amp#27;[37mGET&amp#27;[39m &amp#27;[37m/wd/hub/session/72f517da-910c-46a8-8c18-f52fc551c88e/element/1ed121d2-0f2b-4ae3-9369-1ab7e8d0762d/text&amp#27;[39m
&amp#27;[35m[HTTP]&amp#27;[39m &amp#27;[90m{}&amp#27;[39m
&amp#27;[35m[W3C (72f517da)]&amp#27;[39m Driver proxy active, passing request on via HTTP proxy
[debug] &amp#27;[35m[WD Proxy]&amp#27;[39m Matched '/wd/hub/session/72f517da-910c-46a8-8c18-f52fc551c88e/element/1ed121d2-0f2b-4ae3-9369-1ab7e8d0762d/text' to command name 'getText'
[debug] &amp#27;[35m[WD Proxy]&amp#27;[39m Proxying [GET /wd/hub/session/72f517da-910c-46a8-8c18-f52fc551c88e/element/1ed121d2-0f2b-4ae3-9369-1ab7e8d0762d/text] to [GET http://127.0.0.1:8200/wd/hub/session/a8830392-9b85-4943-b889-72250055e4eb/element/1ed121d2-0f2b-4ae3-9369-1ab7e8d0762d/text] with no body
[debug] &amp#27;[35m[WD Proxy]&amp#27;[39m Got response with status 200: {"sessionId":"a8830392-9b85-4943-b889-72250055e4eb","value":"XX 930"}
&amp#27;[35m[WD Proxy]&amp#27;[39m Replacing sessionId a8830392-9b85-4943-b889-72250055e4eb with 72f517da-910c-46a8-8c18-f52fc551c88e
&amp#27;[35m[HTTP]&amp#27;[39m &amp#27;[37m<-- GET /wd/hub/session/72f517da-910c-46a8-8c18-f52fc551c88e/element/1ed121d2-0f2b-4ae3-9369-1ab7e8d0762d/text &amp#27;[39m&amp#27;[32m200&amp#27;[39m &amp#27;[90m24 ms - 69&amp#27;[39m
&amp#27;[35m[HTTP]&amp#27;[39m &amp#27;[90m&amp#27;[39m
&amp#27;[35m[HTTP]&amp#27;[39m &amp#27;[37m-->&amp#27;[39m &amp#27;[37mGET&amp#27;[39m &amp#27;[37m/wd/hub/session/72f517da-910c-46a8-8c18-f52fc551c88e/context&amp#27;[39m
&amp#27;[35m[HTTP]&amp#27;[39m &amp#27;[90m{}&amp#27;[39m
[debug] &amp#27;[35m[W3C (72f517da)]&amp#27;[39m Calling AppiumDriver.getCurrentContext() with args: ["72f517da-910c-46a8-8c18-f52fc551c88e"]
[debug] &amp#27;[35m[W3C (72f517da)]&amp#27;[39m Responding to client with driver.getCurrentContext() result: "NATIVE_APP"
&amp#27;[35m[HTTP]&amp#27;[39m &amp#27;[37m<-- GET /wd/hub/session/72f517da-910c-46a8-8c18-f52fc551c88e/context &amp#27;[39m&amp#27;[32m200&amp#27;[39m &amp#27;[90m1 ms - 22&amp#27;[39m
&amp#27;[35m[HTTP]&amp#27;[39m &amp#27;[90m&amp#27;[39m
&amp#27;[35m[HTTP]&amp#27;[39m &amp#27;[37m-->&amp#27;[39m &amp#27;[37mPOST&amp#27;[39m &amp#27;[37m/wd/hub/session/72f517da-910c-46a8-8c18-f52fc551c88e/elements&amp#27;[39m
&amp#27;[35m[HTTP]&amp#27;[39m &amp#27;[90m{"using":"xpath","value":"//android.widget.TextView"}&amp#27;[39m
[debug] &amp#27;[35m[W3C (72f517da)]&amp#27;[39m Calling AppiumDriver.findElements() with args: ["xpath","//android.widget.TextView","72f517da-910c-46a8-8c18-f52fc551c88e"]
[debug] &amp#27;[35m[BaseDriver]&amp#27;[39m Valid locator strategies for this request: xpath, id, class name, accessibility id, css selector, -android uiautomator
[debug] &amp#27;[35m[BaseDriver]&amp#27;[39m Waiting up to 20000 ms for condition
[debug] &amp#27;[35m[WD Proxy]&amp#27;[39m Matched '/elements' to command name 'findElements'
[debug] &amp#27;[35m[WD Proxy]&amp#27;[39m Proxying [POST /elements] to [POST http://127.0.0.1:8200/wd/hub/session/a8830392-9b85-4943-b889-72250055e4eb/elements] with body: {"strategy":"xpath","selector":"//android.widget.TextView","context":"","multiple":true}
[debug] &amp#27;[35m[WD Proxy]&amp#27;[39m Got response with status 200: {"sessionId":"a8830392-9b85-4943-b889-72250055e4eb","value":[{"ELEMENT":"cd6b5fde-5d7a-4a4b-95e2-2e5be3732cbf","element-6066-11e4-a52e-4f735466cecf":"cd6b5fde-5d7a-4a4b-95e2-2e5be3732cbf"},{"ELEMENT":"75441cca-2572-4ec2-bda7-1219ca7d0faf","element-6066-11e4-a52e-4f735466cecf":"75441cca-2572-4ec2-bda7-1219ca7d0faf"},{"ELEMENT":"db09a56b-ff12-4050-bdac-5c9ef5f1a471","element-6066-11e4-a52e-4f735466cecf":"db09a56b-ff12-4050-bdac-5c9ef5f1a471"},{"ELEMENT":"e5769ad1-1d22-47c6-a226-0431462191f2","element-6066-11e4-a52e-4f735466cecf":"e5769ad1-1d22-47c6-a226-0431462191f2"},{"ELEMENT":"a6bab211-5538-4d48-87f1-78c2e710f985","element-6066-11e4-a52e-4f735466cecf":"a6bab211-5538-4d48-87f1-78c2e710f985"},{"ELEMENT":"2643774f-8167-4d5c-a322-cfe6a5ad5a83","element-6066-11e4-a52e-4f735466cecf":"2643774f-8167-4d5c-a322-cfe6a5ad5a83"},{"ELEMENT":"5436815f-aa14-41ea-b240-acd291c4b61d","element-6066-11e4-a52e-4f735466cecf":"5436815f-aa14-41ea-b240-acd291c4b61d"},{"ELEMENT":"71a67470-3916-4a91-80cc-ff3ebae9dcba","element-6066-...
[debug] &amp#27;[35m[W3C (72f517da)]&amp#27;[39m Responding to client with driver.findElements() result: [{"element-6066-11e4-a52e-4f735466cecf":"cd6b5fde-5d7a-4a4b-95e2-2e5be3732cbf","ELEMENT":"cd6b5fde-5d7a-4a4b-95e2-2e5be3732cbf"},{"element-6066-11e4-a52e-4f735466cecf":"75441cca-2572-4ec2-bda7-1219ca7d0faf","ELEMENT":"75441cca-2572-4ec2-bda7-1219ca7d0faf"},{"element-6066-11e4-a52e-4f735466cecf":"db09a56b-ff12-4050-bdac-5c9ef5f1a471","ELEMENT":"db09a56b-ff12-4050-bdac-5c9ef5f1a471"},{"element-6066-11e4-a52e-4f735466cecf":"e5769ad1-1d22-47c6-a226-0431462191f2","ELEMENT":"e5769ad1-1d22-47c6-a226-0431462191f2"},{"element-6066-11e4-a52e-4f735466cecf":"a6bab211-5538-4d48-87f1-78c2e710f985","ELEMENT":"a6bab211-5538-4d48-87f1-78c2e710f985"},{"element-6066-11e4-a52e-4f735466cecf":"2643774f-8167-4d5c-a322-cfe6a5ad5a83","ELEMENT":"2643774f-8167-4d5c-a322-cfe6a5ad5a83"},{"element-6066-11e4-a52e-4f735466cecf":"5436815f-aa14-41ea-b240-acd291c4b61d","ELEMENT":"5436815f-aa14-41ea-b240-acd291c4b61d"},{"element-6066-11e4-a52e-4f735466cecf":"71a67470-3916-4a91-80cc-ff3ebae9dcba","ELEMENT":"71a67470-3916-4a91-80cc-ff3ebae9dcb...
&amp#27;[35m[HTTP]&amp#27;[39m &amp#27;[37m<-- POST /wd/hub/session/72f517da-910c-46a8-8c18-f52fc551c88e/elements &amp#27;[39m&amp#27;[32m200&amp#27;[39m &amp#27;[90m125 ms - 1291&amp#27;[39m
&amp#27;[35m[HTTP]&amp#27;[39m &amp#27;[90m&amp#27;[39m
&amp#27;[35m[HTTP]&amp#27;[39m &amp#27;[37m-->&amp#27;[39m &amp#27;[37mGET&amp#27;[39m &amp#27;[37m/wd/hub/session/72f517da-910c-46a8-8c18-f52fc551c88e/element/2643774f-8167-4d5c-a322-cfe6a5ad5a83/text&amp#27;[39m
&amp#27;[35m[HTTP]&amp#27;[39m &amp#27;[90m{}&amp#27;[39m
&amp#27;[35m[W3C (72f517da)]&amp#27;[39m Driver proxy active, passing request on via HTTP proxy
[debug] &amp#27;[35m[WD Proxy]&amp#27;[39m Matched '/wd/hub/session/72f517da-910c-46a8-8c18-f52fc551c88e/element/2643774f-8167-4d5c-a322-cfe6a5ad5a83/text' to command name 'getText'
[debug] &amp#27;[35m[WD Proxy]&amp#27;[39m Proxying [GET /wd/hub/session/72f517da-910c-46a8-8c18-f52fc551c88e/element/2643774f-8167-4d5c-a322-cfe6a5ad5a83/text] to [GET http://127.0.0.1:8200/wd/hub/session/a8830392-9b85-4943-b889-72250055e4eb/element/2643774f-8167-4d5c-a322-cfe6a5ad5a83/text] with no body
[debug] &amp#27;[35m[WD Proxy]&amp#27;[39m Got response with status 200: {"sessionId":"a8830392-9b85-4943-b889-72250055e4eb","value":"RECURRING DEPOSIT"}
&amp#27;[35m[WD Proxy]&amp#27;[39m Replacing sessionId a8830392-9b85-4943-b889-72250055e4eb with 72f517da-910c-46a8-8c18-f52fc551c88e
&amp#27;[35m[HTTP]&amp#27;[39m &amp#27;[37m<-- GET /wd/hub/session/72f517da-910c-46a8-8c18-f52fc551c88e/element/2643774f-8167-4d5c-a322-cfe6a5ad5a83/text &amp#27;[39m&amp#27;[32m200&amp#27;[39m &amp#27;[90m17 ms - 80&amp#27;[39m
&amp#27;[35m[HTTP]&amp#27;[39m &amp#27;[90m&amp#27;[39m
XX 930:RECURRING DEPOSIT
&amp#27;[35m[HTTP]&amp#27;[39m &amp#27;[37m-->&amp#27;[39m &amp#27;[37mGET&amp#27;[39m &amp#27;[37m/wd/hub/session/72f517da-910c-46a8-8c18-f52fc551c88e/context&amp#27;[39m
&amp#27;[35m[HTTP]&amp#27;[39m &amp#27;[90m{}&amp#27;[39m
[debug] &amp#27;[35m[W3C (72f517da)]&amp#27;[39m Calling AppiumDriver.getCurrentContext() with args: ["72f517da-910c-46a8-8c18-f52fc551c88e"]
[debug] &amp#27;[35m[W3C (72f517da)]&amp#27;[39m Responding to client with driver.getCurrentContext() result: "NATIVE_APP"
&amp#27;[35m[HTTP]&amp#27;[39m &amp#27;[37m<-- GET /wd/hub/session/72f517da-910c-46a8-8c18-f52fc551c88e/context &amp#27;[39m&amp#27;[32m200&amp#27;[39m &amp#27;[90m1 ms - 22&amp#27;[39m
&amp#27;[35m[HTTP]&amp#27;[39m &amp#27;[90m&amp#27;[39m
&amp#27;[35m[HTTP]&amp#27;[39m &amp#27;[37m-->&amp#27;[39m &amp#27;[37mPOST&amp#27;[39m &amp#27;[37m/wd/hub/session/72f517da-910c-46a8-8c18-f52fc551c88e/elements&amp#27;[39m
&amp#27;[35m[HTTP]&amp#27;[39m &amp#27;[90m{"using":"xpath","value":"//android.view.View"}&amp#27;[39m
[debug] &amp#27;[35m[W3C (72f517da)]&amp#27;[39m Calling AppiumDriver.findElements() with args: ["xpath","//android.view.View","72f517da-910c-46a8-8c18-f52fc551c88e"]
[debug] &amp#27;[35m[BaseDriver]&amp#27;[39m Valid locator strategies for this request: xpath, id, class name, accessibility id, css selector, -android uiautomator
[debug] &amp#27;[35m[BaseDriver]&amp#27;[39m Waiting up to 20000 ms for condition
[debug] &amp#27;[35m[WD Proxy]&amp#27;[39m Matched '/elements' to command name 'findElements'
[debug] &amp#27;[35m[WD Proxy]&amp#27;[39m Proxying [POST /elements] to [POST http://127.0.0.1:8200/wd/hub/session/a8830392-9b85-4943-b889-72250055e4eb/elements] with body: {"strategy":"xpath","selector":"//android.view.View","context":"","multiple":true}
[debug] &amp#27;[35m[WD Proxy]&amp#27;[39m Got response with status 200: {"sessionId":"a8830392-9b85-4943-b889-72250055e4eb","value":[{"ELEMENT":"ff1ca456-752e-428a-aaa8-adaa528bbd2e","element-6066-11e4-a52e-4f735466cecf":"ff1ca456-752e-428a-aaa8-adaa528bbd2e"},{"ELEMENT":"cd75c4e0-1049-4158-b229-c0c0e03b44e8","element-6066-11e4-a52e-4f735466cecf":"cd75c4e0-1049-4158-b229-c0c0e03b44e8"},{"ELEMENT":"b2c97333-0c08-4c6f-b799-2271b03310b2","element-6066-11e4-a52e-4f735466cecf":"b2c97333-0c08-4c6f-b799-2271b03310b2"},{"ELEMENT":"141e9bc6-a90c-4980-a93c-b5947be65cf1","element-6066-11e4-a52e-4f735466cecf":"141e9bc6-a90c-4980-a93c-b5947be65cf1"},{"ELEMENT":"0583fb59-cc06-4418-9dd0-0816d698fb13","element-6066-11e4-a52e-4f735466cecf":"0583fb59-cc06-4418-9dd0-0816d698fb13"},{"ELEMENT":"182003d3-c69f-4d33-af84-fdb7cc7c96c7","element-6066-11e4-a52e-4f735466cecf":"182003d3-c69f-4d33-af84-fdb7cc7c96c7"},{"ELEMENT":"cba23c09-6bfb-48a0-ac03-3c6e515a3d18","element-6066-11e4-a52e-4f735466cecf":"cba23c09-6bfb-48a0-ac03-3c6e515a3d18"},{"ELEMENT":"0a99cecb-a273-44ce-a16f-a2f303964804","element-6066-...
[debug] &amp#27;[35m[W3C (72f517da)]&amp#27;[39m Responding to client with driver.findElements() result: [{"element-6066-11e4-a52e-4f735466cecf":"ff1ca456-752e-428a-aaa8-adaa528bbd2e","ELEMENT":"ff1ca456-752e-428a-aaa8-adaa528bbd2e"},{"element-6066-11e4-a52e-4f735466cecf":"cd75c4e0-1049-4158-b229-c0c0e03b44e8","ELEMENT":"cd75c4e0-1049-4158-b229-c0c0e03b44e8"},{"element-6066-11e4-a52e-4f735466cecf":"b2c97333-0c08-4c6f-b799-2271b03310b2","ELEMENT":"b2c97333-0c08-4c6f-b799-2271b03310b2"},{"element-6066-11e4-a52e-4f735466cecf":"141e9bc6-a90c-4980-a93c-b5947be65cf1","ELEMENT":"141e9bc6-a90c-4980-a93c-b5947be65cf1"},{"element-6066-11e4-a52e-4f735466cecf":"0583fb59-cc06-4418-9dd0-0816d698fb13","ELEMENT":"0583fb59-cc06-4418-9dd0-0816d698fb13"},{"element-6066-11e4-a52e-4f735466cecf":"182003d3-c69f-4d33-af84-fdb7cc7c96c7","ELEMENT":"182003d3-c69f-4d33-af84-fdb7cc7c96c7"},{"element-6066-11e4-a52e-4f735466cecf":"cba23c09-6bfb-48a0-ac03-3c6e515a3d18","ELEMENT":"cba23c09-6bfb-48a0-ac03-3c6e515a3d18"},{"element-6066-11e4-a52e-4f735466cecf":"0a99cecb-a273-44ce-a16f-a2f303964804","ELEMENT":"0a99cecb-a273-44ce-a16f-a2f30396480...
&amp#27;[35m[HTTP]&amp#27;[39m &amp#27;[37m<-- POST /wd/hub/session/72f517da-910c-46a8-8c18-f52fc551c88e/elements &amp#27;[39m&amp#27;[32m200&amp#27;[39m &amp#27;[90m126 ms - 6155&amp#27;[39m
&amp#27;[35m[HTTP]&amp#27;[39m &amp#27;[90m&amp#27;[39m
&amp#27;[35m[HTTP]&amp#27;[39m &amp#27;[37m-->&amp#27;[39m &amp#27;[37mGET&amp#27;[39m &amp#27;[37m/wd/hub/session/72f517da-910c-46a8-8c18-f52fc551c88e/element/367dc88e-97bd-4628-aeb4-0741e4c59ce6/text&amp#27;[39m
&amp#27;[35m[HTTP]&amp#27;[39m &amp#27;[90m{}&amp#27;[39m
&amp#27;[35m[W3C (72f517da)]&amp#27;[39m Driver proxy active, passing request on via HTTP proxy
[debug] &amp#27;[35m[WD Proxy]&amp#27;[39m Matched '/wd/hub/session/72f517da-910c-46a8-8c18-f52fc551c88e/element/367dc88e-97bd-4628-aeb4-0741e4c59ce6/text' to command name 'getText'
[debug] &amp#27;[35m[WD Proxy]&amp#27;[39m Proxying [GET /wd/hub/session/72f517da-910c-46a8-8c18-f52fc551c88e/element/367dc88e-97bd-4628-aeb4-0741e4c59ce6/text] to [GET http://127.0.0.1:8200/wd/hub/session/a8830392-9b85-4943-b889-72250055e4eb/element/367dc88e-97bd-4628-aeb4-0741e4c59ce6/text] with no body
[debug] &amp#27;[35m[WD Proxy]&amp#27;[39m Got response with status 200: {"sessionId":"a8830392-9b85-4943-b889-72250055e4eb","value":""}
&amp#27;[35m[WD Proxy]&amp#27;[39m Replacing sessionId a8830392-9b85-4943-b889-72250055e4eb with 72f517da-910c-46a8-8c18-f52fc551c88e
&amp#27;[35m[HTTP]&amp#27;[39m &amp#27;[37m<-- GET /wd/hub/session/72f517da-910c-46a8-8c18-f52fc551c88e/element/367dc88e-97bd-4628-aeb4-0741e4c59ce6/text &amp#27;[39m&amp#27;[32m200&amp#27;[39m &amp#27;[90m17 ms - 63&amp#27;[39m
&amp#27;[35m[HTTP]&amp#27;[39m &amp#27;[90m&amp#27;[39m
&amp#27;[35m[HTTP]&amp#27;[39m &amp#27;[37m-->&amp#27;[39m &amp#27;[37mGET&amp#27;[39m &amp#27;[37m/wd/hub/session/72f517da-910c-46a8-8c18-f52fc551c88e/context&amp#27;[39m
&amp#27;[35m[HTTP]&amp#27;[39m &amp#27;[90m{}&amp#27;[39m
[debug] &amp#27;[35m[W3C (72f517da)]&amp#27;[39m Calling AppiumDriver.getCurrentContext() with args: ["72f517da-910c-46a8-8c18-f52fc551c88e"]
[debug] &amp#27;[35m[W3C (72f517da)]&amp#27;[39m Responding to client with driver.getCurrentContext() result: "NATIVE_APP"
&amp#27;[35m[HTTP]&amp#27;[39m &amp#27;[37m<-- GET /wd/hub/session/72f517da-910c-46a8-8c18-f52fc551c88e/context &amp#27;[39m&amp#27;[32m200&amp#27;[39m &amp#27;[90m1 ms - 22&amp#27;[39m
&amp#27;[35m[HTTP]&amp#27;[39m &amp#27;[90m&amp#27;[39m
&amp#27;[35m[HTTP]&amp#27;[39m &amp#27;[37m-->&amp#27;[39m &amp#27;[37mPOST&amp#27;[39m &amp#27;[37m/wd/hub/session/72f517da-910c-46a8-8c18-f52fc551c88e/elements&amp#27;[39m
&amp#27;[35m[HTTP]&amp#27;[39m &amp#27;[90m{"using":"xpath","value":"//android.widget.TextView"}&amp#27;[39m
[debug] &amp#27;[35m[W3C (72f517da)]&amp#27;[39m Calling AppiumDriver.findElements() with args: ["xpath","//android.widget.TextView","72f517da-910c-46a8-8c18-f52fc551c88e"]
[debug] &amp#27;[35m[BaseDriver]&amp#27;[39m Valid locator strategies for this request: xpath, id, class name, accessibility id, css selector, -android uiautomator
[debug] &amp#27;[35m[BaseDriver]&amp#27;[39m Waiting up to 20000 ms for condition
[debug] &amp#27;[35m[WD Proxy]&amp#27;[39m Matched '/elements' to command name 'findElements'
[debug] &amp#27;[35m[WD Proxy]&amp#27;[39m Proxying [POST /elements] to [POST http://127.0.0.1:8200/wd/hub/session/a8830392-9b85-4943-b889-72250055e4eb/elements] with body: {"strategy":"xpath","selector":"//android.widget.TextView","context":"","multiple":true}
[debug] &amp#27;[35m[WD Proxy]&amp#27;[39m Got response with status 200: {"sessionId":"a8830392-9b85-4943-b889-72250055e4eb","value":[{"ELEMENT":"1d738746-cf62-4b9a-bf8c-ca198e742d82","element-6066-11e4-a52e-4f735466cecf":"1d738746-cf62-4b9a-bf8c-ca198e742d82"},{"ELEMENT":"c1329fe1-1151-43c1-87d5-f3254f5c5b01","element-6066-11e4-a52e-4f735466cecf":"c1329fe1-1151-43c1-87d5-f3254f5c5b01"},{"ELEMENT":"eee9470d-33f2-4d95-9f08-a79ef821d925","element-6066-11e4-a52e-4f735466cecf":"eee9470d-33f2-4d95-9f08-a79ef821d925"},{"ELEMENT":"ebc88326-2798-4679-aabd-832b1cabcbca","element-6066-11e4-a52e-4f735466cecf":"ebc88326-2798-4679-aabd-832b1cabcbca"},{"ELEMENT":"01e838e0-5ac3-4e33-a3b5-0c332cef4805","element-6066-11e4-a52e-4f735466cecf":"01e838e0-5ac3-4e33-a3b5-0c332cef4805"},{"ELEMENT":"41fa0fe7-1067-424d-909b-1cbba41e57c1","element-6066-11e4-a52e-4f735466cecf":"41fa0fe7-1067-424d-909b-1cbba41e57c1"},{"ELEMENT":"03a35b77-988e-4bb7-a283-733a3f0a0a2e","element-6066-11e4-a52e-4f735466cecf":"03a35b77-988e-4bb7-a283-733a3f0a0a2e"},{"ELEMENT":"4210b788-41c5-45c0-bc96-f5b641afe4ee","element-6066-...
[debug] &amp#27;[35m[W3C (72f517da)]&amp#27;[39m Responding to client with driver.findElements() result: [{"element-6066-11e4-a52e-4f735466cecf":"1d738746-cf62-4b9a-bf8c-ca198e742d82","ELEMENT":"1d738746-cf62-4b9a-bf8c-ca198e742d82"},{"element-6066-11e4-a52e-4f735466cecf":"c1329fe1-1151-43c1-87d5-f3254f5c5b01","ELEMENT":"c1329fe1-1151-43c1-87d5-f3254f5c5b01"},{"element-6066-11e4-a52e-4f735466cecf":"eee9470d-33f2-4d95-9f08-a79ef821d925","ELEMENT":"eee9470d-33f2-4d95-9f08-a79ef821d925"},{"element-6066-11e4-a52e-4f735466cecf":"ebc88326-2798-4679-aabd-832b1cabcbca","ELEMENT":"ebc88326-2798-4679-aabd-832b1cabcbca"},{"element-6066-11e4-a52e-4f735466cecf":"01e838e0-5ac3-4e33-a3b5-0c332cef4805","ELEMENT":"01e838e0-5ac3-4e33-a3b5-0c332cef4805"},{"element-6066-11e4-a52e-4f735466cecf":"41fa0fe7-1067-424d-909b-1cbba41e57c1","ELEMENT":"41fa0fe7-1067-424d-909b-1cbba41e57c1"},{"element-6066-11e4-a52e-4f735466cecf":"03a35b77-988e-4bb7-a283-733a3f0a0a2e","ELEMENT":"03a35b77-988e-4bb7-a283-733a3f0a0a2e"},{"element-6066-11e4-a52e-4f735466cecf":"4210b788-41c5-45c0-bc96-f5b641afe4ee","ELEMENT":"4210b788-41c5-45c0-bc96-f5b641afe4e...
&amp#27;[35m[HTTP]&amp#27;[39m &amp#27;[37m<-- POST /wd/hub/session/72f517da-910c-46a8-8c18-f52fc551c88e/elements &amp#27;[39m&amp#27;[32m200&amp#27;[39m &amp#27;[90m124 ms - 1291&amp#27;[39m
&amp#27;[35m[HTTP]&amp#27;[39m &amp#27;[90m&amp#27;[39m
&amp#27;[35m[HTTP]&amp#27;[39m &amp#27;[37m-->&amp#27;[39m &amp#27;[37mGET&amp#27;[39m &amp#27;[37m/wd/hub/session/72f517da-910c-46a8-8c18-f52fc551c88e/element/03a35b77-988e-4bb7-a283-733a3f0a0a2e/text&amp#27;[39m
&amp#27;[35m[HTTP]&amp#27;[39m &amp#27;[90m{}&amp#27;[39m
&amp#27;[35m[W3C (72f517da)]&amp#27;[39m Driver proxy active, passing request on via HTTP proxy
[debug] &amp#27;[35m[WD Proxy]&amp#27;[39m Matched '/wd/hub/session/72f517da-910c-46a8-8c18-f52fc551c88e/element/03a35b77-988e-4bb7-a283-733a3f0a0a2e/text' to command name 'getText'
[debug] &amp#27;[35m[WD Proxy]&amp#27;[39m Proxying [GET /wd/hub/session/72f517da-910c-46a8-8c18-f52fc551c88e/element/03a35b77-988e-4bb7-a283-733a3f0a0a2e/text] to [GET http://127.0.0.1:8200/wd/hub/session/a8830392-9b85-4943-b889-72250055e4eb/element/03a35b77-988e-4bb7-a283-733a3f0a0a2e/text] with no body
[debug] &amp#27;[35m[WD Proxy]&amp#27;[39m Got response with status 200: {"sessionId":"a8830392-9b85-4943-b889-72250055e4eb","value":"CURRENT"}
&amp#27;[35m[WD Proxy]&amp#27;[39m Replacing sessionId a8830392-9b85-4943-b889-72250055e4eb with 72f517da-910c-46a8-8c18-f52fc551c88e
&amp#27;[35m[HTTP]&amp#27;[39m &amp#27;[37m<-- GET /wd/hub/session/72f517da-910c-46a8-8c18-f52fc551c88e/element/03a35b77-988e-4bb7-a283-733a3f0a0a2e/text &amp#27;[39m&amp#27;[32m200&amp#27;[39m &amp#27;[90m15 ms - 70&amp#27;[39m
&amp#27;[35m[HTTP]&amp#27;[39m &amp#27;[90m&amp#27;[39m

&amp#27;[35m[HTTP]&amp#27;[39m &amp#27;[37m-->&amp#27;[39m &amp#27;[37mGET&amp#27;[39m &amp#27;[37m/wd/hub/session/72f517da-910c-46a8-8c18-f52fc551c88e/context&amp#27;[39m
&amp#27;[35m[HTTP]&amp#27;[39m &amp#27;[90m{}&amp#27;[39m
[debug] &amp#27;[35m[W3C (72f517da)]&amp#27;[39m Calling AppiumDriver.getCurrentContext() with args: ["72f517da-910c-46a8-8c18-f52fc551c88e"]
[debug] &amp#27;[35m[W3C (72f517da)]&amp#27;[39m Responding to client with driver.getCurrentContext() result: "NATIVE_APP"
&amp#27;[35m[HTTP]&amp#27;[39m &amp#27;[37m<-- GET /wd/hub/session/72f517da-910c-46a8-8c18-f52fc551c88e/context &amp#27;[39m&amp#27;[32m200&amp#27;[39m &amp#27;[90m1 ms - 22&amp#27;[39m
&amp#27;[35m[HTTP]&amp#27;[39m &amp#27;[90m&amp#27;[39m
&amp#27;[35m[HTTP]&amp#27;[39m &amp#27;[37m-->&amp#27;[39m &amp#27;[37mPOST&amp#27;[39m &amp#27;[37m/wd/hub/session/72f517da-910c-46a8-8c18-f52fc551c88e/elements&amp#27;[39m
&amp#27;[35m[HTTP]&amp#27;[39m &amp#27;[90m{"using":"xpath","value":"//android.view.View"}&amp#27;[39m
[debug] &amp#27;[35m[W3C (72f517da)]&amp#27;[39m Calling AppiumDriver.findElements() with args: ["xpath","//android.view.View","72f517da-910c-46a8-8c18-f52fc551c88e"]
[debug] &amp#27;[35m[BaseDriver]&amp#27;[39m Valid locator strategies for this request: xpath, id, class name, accessibility id, css selector, -android uiautomator
[debug] &amp#27;[35m[BaseDriver]&amp#27;[39m Waiting up to 20000 ms for condition
[debug] &amp#27;[35m[WD Proxy]&amp#27;[39m Matched '/elements' to command name 'findElements'
[debug] &amp#27;[35m[WD Proxy]&amp#27;[39m Proxying [POST /elements] to [POST http://127.0.0.1:8200/wd/hub/session/a8830392-9b85-4943-b889-72250055e4eb/elements] with body: {"strategy":"xpath","selector":"//android.view.View","context":"","multiple":true}
[debug] &amp#27;[35m[WD Proxy]&amp#27;[39m Got response with status 200: {"sessionId":"a8830392-9b85-4943-b889-72250055e4eb","value":[{"ELEMENT":"22d435ab-8121-4eec-ab62-047e6b9792e5","element-6066-11e4-a52e-4f735466cecf":"22d435ab-8121-4eec-ab62-047e6b9792e5"},{"ELEMENT":"4e477719-b7d9-446a-bce3-27c1cdca79a5","element-6066-11e4-a52e-4f735466cecf":"4e477719-b7d9-446a-bce3-27c1cdca79a5"},{"ELEMENT":"475db480-d021-4a75-9a6b-86bd8b90ede7","element-6066-11e4-a52e-4f735466cecf":"475db480-d021-4a75-9a6b-86bd8b90ede7"},{"ELEMENT":"69e3534e-5c74-4919-bbd5-adcfaa277e76","element-6066-11e4-a52e-4f735466cecf":"69e3534e-5c74-4919-bbd5-adcfaa277e76"},{"ELEMENT":"1071cb9e-af44-46b6-b72e-7c0936be9bb7","element-6066-11e4-a52e-4f735466cecf":"1071cb9e-af44-46b6-b72e-7c0936be9bb7"},{"ELEMENT":"787cfb57-c6e0-413a-ab05-faab497d5037","element-6066-11e4-a52e-4f735466cecf":"787cfb57-c6e0-413a-ab05-faab497d5037"},{"ELEMENT":"53cf570a-9608-495a-91bc-27bc2d6fdbbc","element-6066-11e4-a52e-4f735466cecf":"53cf570a-9608-495a-91bc-27bc2d6fdbbc"},{"ELEMENT":"3c6f64ce-6e9b-4fd3-a6fc-57c4f5c0191c","element-6066-...
[debug] &amp#27;[35m[W3C (72f517da)]&amp#27;[39m Responding to client with driver.findElements() result: [{"element-6066-11e4-a52e-4f735466cecf":"22d435ab-8121-4eec-ab62-047e6b9792e5","ELEMENT":"22d435ab-8121-4eec-ab62-047e6b9792e5"},{"element-6066-11e4-a52e-4f735466cecf":"4e477719-b7d9-446a-bce3-27c1cdca79a5","ELEMENT":"4e477719-b7d9-446a-bce3-27c1cdca79a5"},{"element-6066-11e4-a52e-4f735466cecf":"475db480-d021-4a75-9a6b-86bd8b90ede7","ELEMENT":"475db480-d021-4a75-9a6b-86bd8b90ede7"},{"element-6066-11e4-a52e-4f735466cecf":"69e3534e-5c74-4919-bbd5-adcfaa277e76","ELEMENT":"69e3534e-5c74-4919-bbd5-adcfaa277e76"},{"element-6066-11e4-a52e-4f735466cecf":"1071cb9e-af44-46b6-b72e-7c0936be9bb7","ELEMENT":"1071cb9e-af44-46b6-b72e-7c0936be9bb7"},{"element-6066-11e4-a52e-4f735466cecf":"787cfb57-c6e0-413a-ab05-faab497d5037","ELEMENT":"787cfb57-c6e0-413a-ab05-faab497d5037"},{"element-6066-11e4-a52e-4f735466cecf":"53cf570a-9608-495a-91bc-27bc2d6fdbbc","ELEMENT":"53cf570a-9608-495a-91bc-27bc2d6fdbbc"},{"element-6066-11e4-a52e-4f735466cecf":"3c6f64ce-6e9b-4fd3-a6fc-57c4f5c0191c","ELEMENT":"3c6f64ce-6e9b-4fd3-a6fc-57c4f5c0191...
&amp#27;[35m[HTTP]&amp#27;[39m &amp#27;[37m<-- POST /wd/hub/session/72f517da-910c-46a8-8c18-f52fc551c88e/elements &amp#27;[39m&amp#27;[32m200&amp#27;[39m &amp#27;[90m139 ms - 6155&amp#27;[39m
&amp#27;[35m[HTTP]&amp#27;[39m &amp#27;[90m&amp#27;[39m
&amp#27;[35m[HTTP]&amp#27;[39m &amp#27;[37m-->&amp#27;[39m &amp#27;[37mGET&amp#27;[39m &amp#27;[37m/wd/hub/session/72f517da-910c-46a8-8c18-f52fc551c88e/element/a128981f-5d43-4422-8ad2-55776c5b67e9/text&amp#27;[39m
&amp#27;[35m[HTTP]&amp#27;[39m &amp#27;[90m{}&amp#27;[39m
&amp#27;[35m[W3C (72f517da)]&amp#27;[39m Driver proxy active, passing request on via HTTP proxy
[debug] &amp#27;[35m[WD Proxy]&amp#27;[39m Matched '/wd/hub/session/72f517da-910c-46a8-8c18-f52fc551c88e/element/a128981f-5d43-4422-8ad2-55776c5b67e9/text' to command name 'getText'
[debug] &amp#27;[35m[WD Proxy]&amp#27;[39m Proxying [GET /wd/hub/session/72f517da-910c-46a8-8c18-f52fc551c88e/element/a128981f-5d43-4422-8ad2-55776c5b67e9/text] to [GET http://127.0.0.1:8200/wd/hub/session/a8830392-9b85-4943-b889-72250055e4eb/element/a128981f-5d43-4422-8ad2-55776c5b67e9/text] with no body
[debug] &amp#27;[35m[WD Proxy]&amp#27;[39m Got response with status 200: {"sessionId":"a8830392-9b85-4943-b889-72250055e4eb","value":""}
&amp#27;[35m[WD Proxy]&amp#27;[39m Replacing sessionId a8830392-9b85-4943-b889-72250055e4eb with 72f517da-910c-46a8-8c18-f52fc551c88e
&amp#27;[35m[HTTP]&amp#27;[39m &amp#27;[37m<-- GET /wd/hub/session/72f517da-910c-46a8-8c18-f52fc551c88e/element/a128981f-5d43-4422-8ad2-55776c5b67e9/text &amp#27;[39m&amp#27;[32m200&amp#27;[39m &amp#27;[90m15 ms - 63&amp#27;[39m
&amp#27;[35m[HTTP]&amp#27;[39m &amp#27;[90m&amp#27;[39m
&amp#27;[35m[HTTP]&amp#27;[39m &amp#27;[37m-->&amp#27;[39m &amp#27;[37mGET&amp#27;[39m &amp#27;[37m/wd/hub/session/72f517da-910c-46a8-8c18-f52fc551c88e/context&amp#27;[39m
&amp#27;[35m[HTTP]&amp#27;[39m &amp#27;[90m{}&amp#27;[39m
[debug] &amp#27;[35m[W3C (72f517da)]&amp#27;[39m Calling AppiumDriver.getCurrentContext() with args: ["72f517da-910c-46a8-8c18-f52fc551c88e"]
[debug] &amp#27;[35m[W3C (72f517da)]&amp#27;[39m Responding to client with driver.getCurrentContext() result: "NATIVE_APP"
&amp#27;[35m[HTTP]&amp#27;[39m &amp#27;[37m<-- GET /wd/hub/session/72f517da-910c-46a8-8c18-f52fc551c88e/context &amp#27;[39m&amp#27;[32m200&amp#27;[39m &amp#27;[90m1 ms - 22&amp#27;[39m
&amp#27;[35m[HTTP]&amp#27;[39m &amp#27;[90m&amp#27;[39m
&amp#27;[35m[HTTP]&amp#27;[39m &amp#27;[37m-->&amp#27;[39m &amp#27;[37mPOST&amp#27;[39m &amp#27;[37m/wd/hub/session/72f517da-910c-46a8-8c18-f52fc551c88e/elements&amp#27;[39m
&amp#27;[35m[HTTP]&amp#27;[39m &amp#27;[90m{"using":"xpath","value":"//android.widget.TextView"}&amp#27;[39m
[debug] &amp#27;[35m[W3C (72f517da)]&amp#27;[39m Calling AppiumDriver.findElements() with args: ["xpath","//android.widget.TextView","72f517da-910c-46a8-8c18-f52fc551c88e"]
[debug] &amp#27;[35m[BaseDriver]&amp#27;[39m Valid locator strategies for this request: xpath, id, class name, accessibility id, css selector, -android uiautomator
[debug] &amp#27;[35m[BaseDriver]&amp#27;[39m Waiting up to 20000 ms for condition
[debug] &amp#27;[35m[WD Proxy]&amp#27;[39m Matched '/elements' to command name 'findElements'
[debug] &amp#27;[35m[WD Proxy]&amp#27;[39m Proxying [POST /elements] to [POST http://127.0.0.1:8200/wd/hub/session/a8830392-9b85-4943-b889-72250055e4eb/elements] with body: {"strategy":"xpath","selector":"//android.widget.TextView","context":"","multiple":true}
[debug] &amp#27;[35m[WD Proxy]&amp#27;[39m Got response with status 200: {"sessionId":"a8830392-9b85-4943-b889-72250055e4eb","value":[{"ELEMENT":"43ceedbb-8ec2-432d-bb61-d9e547779bfb","element-6066-11e4-a52e-4f735466cecf":"43ceedbb-8ec2-432d-bb61-d9e547779bfb"},{"ELEMENT":"808a161f-b198-40c3-9e8f-4152c2b9cb06","element-6066-11e4-a52e-4f735466cecf":"808a161f-b198-40c3-9e8f-4152c2b9cb06"},{"ELEMENT":"c1622bd0-d1e8-49fb-a29c-c07f5bbdee64","element-6066-11e4-a52e-4f735466cecf":"c1622bd0-d1e8-49fb-a29c-c07f5bbdee64"},{"ELEMENT":"02ed03e3-c1a9-4d10-be45-780ac2181007","element-6066-11e4-a52e-4f735466cecf":"02ed03e3-c1a9-4d10-be45-780ac2181007"},{"ELEMENT":"f579f92d-5998-4ed5-9d72-b12a493be34d","element-6066-11e4-a52e-4f735466cecf":"f579f92d-5998-4ed5-9d72-b12a493be34d"},{"ELEMENT":"045120c3-5530-47c9-9f45-af011b39d528","element-6066-11e4-a52e-4f735466cecf":"045120c3-5530-47c9-9f45-af011b39d528"},{"ELEMENT":"01eabc0c-5975-4d39-8acc-9996f23e8cac","element-6066-11e4-a52e-4f735466cecf":"01eabc0c-5975-4d39-8acc-9996f23e8cac"},{"ELEMENT":"58fa5f0c-dc38-476d-8ea2-b8c8a924dea1","element-6066-...
[debug] &amp#27;[35m[W3C (72f517da)]&amp#27;[39m Responding to client with driver.findElements() result: [{"element-6066-11e4-a52e-4f735466cecf":"43ceedbb-8ec2-432d-bb61-d9e547779bfb","ELEMENT":"43ceedbb-8ec2-432d-bb61-d9e547779bfb"},{"element-6066-11e4-a52e-4f735466cecf":"808a161f-b198-40c3-9e8f-4152c2b9cb06","ELEMENT":"808a161f-b198-40c3-9e8f-4152c2b9cb06"},{"element-6066-11e4-a52e-4f735466cecf":"c1622bd0-d1e8-49fb-a29c-c07f5bbdee64","ELEMENT":"c1622bd0-d1e8-49fb-a29c-c07f5bbdee64"},{"element-6066-11e4-a52e-4f735466cecf":"02ed03e3-c1a9-4d10-be45-780ac2181007","ELEMENT":"02ed03e3-c1a9-4d10-be45-780ac2181007"},{"element-6066-11e4-a52e-4f735466cecf":"f579f92d-5998-4ed5-9d72-b12a493be34d","ELEMENT":"f579f92d-5998-4ed5-9d72-b12a493be34d"},{"element-6066-11e4-a52e-4f735466cecf":"045120c3-5530-47c9-9f45-af011b39d528","ELEMENT":"045120c3-5530-47c9-9f45-af011b39d528"},{"element-6066-11e4-a52e-4f735466cecf":"01eabc0c-5975-4d39-8acc-9996f23e8cac","ELEMENT":"01eabc0c-5975-4d39-8acc-9996f23e8cac"},{"element-6066-11e4-a52e-4f735466cecf":"58fa5f0c-dc38-476d-8ea2-b8c8a924dea1","ELEMENT":"58fa5f0c-dc38-476d-8ea2-b8c8a924dea...
&amp#27;[35m[HTTP]&amp#27;[39m &amp#27;[37m<-- POST /wd/hub/session/72f517da-910c-46a8-8c18-f52fc551c88e/elements &amp#27;[39m&amp#27;[32m200&amp#27;[39m &amp#27;[90m114 ms - 1291&amp#27;[39m
&amp#27;[35m[HTTP]&amp#27;[39m &amp#27;[90m&amp#27;[39m
&amp#27;[35m[HTTP]&amp#27;[39m &amp#27;[37m-->&amp#27;[39m &amp#27;[37mGET&amp#27;[39m &amp#27;[37m/wd/hub/session/72f517da-910c-46a8-8c18-f52fc551c88e/element/01eabc0c-5975-4d39-8acc-9996f23e8cac/text&amp#27;[39m
&amp#27;[35m[HTTP]&amp#27;[39m &amp#27;[90m{}&amp#27;[39m
&amp#27;[35m[W3C (72f517da)]&amp#27;[39m Driver proxy active, passing request on via HTTP proxy
[debug] &amp#27;[35m[WD Proxy]&amp#27;[39m Matched '/wd/hub/session/72f517da-910c-46a8-8c18-f52fc551c88e/element/01eabc0c-5975-4d39-8acc-9996f23e8cac/text' to command name 'getText'
[debug] &amp#27;[35m[WD Proxy]&amp#27;[39m Proxying [GET /wd/hub/session/72f517da-910c-46a8-8c18-f52fc551c88e/element/01eabc0c-5975-4d39-8acc-9996f23e8cac/text] to [GET http://127.0.0.1:8200/wd/hub/session/a8830392-9b85-4943-b889-72250055e4eb/element/01eabc0c-5975-4d39-8acc-9996f23e8cac/text] with no body
[debug] &amp#27;[35m[WD Proxy]&amp#27;[39m Got response with status 200: {"sessionId":"a8830392-9b85-4943-b889-72250055e4eb","value":"CURRENT"}
&amp#27;[35m[WD Proxy]&amp#27;[39m Replacing sessionId a8830392-9b85-4943-b889-72250055e4eb with 72f517da-910c-46a8-8c18-f52fc551c88e
&amp#27;[35m[HTTP]&amp#27;[39m &amp#27;[37m<-- GET /wd/hub/session/72f517da-910c-46a8-8c18-f52fc551c88e/element/01eabc0c-5975-4d39-8acc-9996f23e8cac/text &amp#27;[39m&amp#27;[32m200&amp#27;[39m &amp#27;[90m27 ms - 70&amp#27;[39m
&amp#27;[35m[HTTP]&amp#27;[39m &amp#27;[90m&amp#27;[39m

&amp#27;[35m[HTTP]&amp#27;[39m &amp#27;[37m-->&amp#27;[39m &amp#27;[37mGET&amp#27;[39m &amp#27;[37m/wd/hub/session/72f517da-910c-46a8-8c18-f52fc551c88e/context&amp#27;[39m
&amp#27;[35m[HTTP]&amp#27;[39m &amp#27;[90m{}&amp#27;[39m
[debug] &amp#27;[35m[W3C (72f517da)]&amp#27;[39m Calling AppiumDriver.getCurrentContext() with args: ["72f517da-910c-46a8-8c18-f52fc551c88e"]
[debug] &amp#27;[35m[W3C (72f517da)]&amp#27;[39m Responding to client with driver.getCurrentContext() result: "NATIVE_APP"
&amp#27;[35m[HTTP]&amp#27;[39m &amp#27;[37m<-- GET /wd/hub/session/72f517da-910c-46a8-8c18-f52fc551c88e/context &amp#27;[39m&amp#27;[32m200&amp#27;[39m &amp#27;[90m1 ms - 22&amp#27;[39m
&amp#27;[35m[HTTP]&amp#27;[39m &amp#27;[90m&amp#27;[39m
&amp#27;[35m[HTTP]&amp#27;[39m &amp#27;[37m-->&amp#27;[39m &amp#27;[37mPOST&amp#27;[39m &amp#27;[37m/wd/hub/session/72f517da-910c-46a8-8c18-f52fc551c88e/elements&amp#27;[39m
&amp#27;[35m[HTTP]&amp#27;[39m &amp#27;[90m{"using":"xpath","value":"//android.view.View"}&amp#27;[39m
[debug] &amp#27;[35m[W3C (72f517da)]&amp#27;[39m Calling AppiumDriver.findElements() with args: ["xpath","//android.view.View","72f517da-910c-46a8-8c18-f52fc551c88e"]
[debug] &amp#27;[35m[BaseDriver]&amp#27;[39m Valid locator strategies for this request: xpath, id, class name, accessibility id, css selector, -android uiautomator
[debug] &amp#27;[35m[BaseDriver]&amp#27;[39m Waiting up to 20000 ms for condition
[debug] &amp#27;[35m[WD Proxy]&amp#27;[39m Matched '/elements' to command name 'findElements'
[debug] &amp#27;[35m[WD Proxy]&amp#27;[39m Proxying [POST /elements] to [POST http://127.0.0.1:8200/wd/hub/session/a8830392-9b85-4943-b889-72250055e4eb/elements] with body: {"strategy":"xpath","selector":"//android.view.View","context":"","multiple":true}
[debug] &amp#27;[35m[WD Proxy]&amp#27;[39m Got response with status 200: {"sessionId":"a8830392-9b85-4943-b889-72250055e4eb","value":[{"ELEMENT":"41d3fa09-8322-479c-9549-74fdfae5daba","element-6066-11e4-a52e-4f735466cecf":"41d3fa09-8322-479c-9549-74fdfae5daba"},{"ELEMENT":"d085f23b-3fe2-45c8-b4a7-5b54373cc670","element-6066-11e4-a52e-4f735466cecf":"d085f23b-3fe2-45c8-b4a7-5b54373cc670"},{"ELEMENT":"11dcbd06-0351-4227-89f3-af6b13724c35","element-6066-11e4-a52e-4f735466cecf":"11dcbd06-0351-4227-89f3-af6b13724c35"},{"ELEMENT":"3b3f9df4-e6cd-4eef-a0a2-b98cd9530096","element-6066-11e4-a52e-4f735466cecf":"3b3f9df4-e6cd-4eef-a0a2-b98cd9530096"},{"ELEMENT":"00b1f7c9-2def-4e85-99a0-d317bd4fe1b2","element-6066-11e4-a52e-4f735466cecf":"00b1f7c9-2def-4e85-99a0-d317bd4fe1b2"},{"ELEMENT":"1357bb52-1208-48ad-aa25-b31a301f53a5","element-6066-11e4-a52e-4f735466cecf":"1357bb52-1208-48ad-aa25-b31a301f53a5"},{"ELEMENT":"25ffca2a-4f7e-4944-a302-abe336d87577","element-6066-11e4-a52e-4f735466cecf":"25ffca2a-4f7e-4944-a302-abe336d87577"},{"ELEMENT":"381c543f-052b-42dd-bd45-7764a8c1b381","element-6066-...
[debug] &amp#27;[35m[W3C (72f517da)]&amp#27;[39m Responding to client with driver.findElements() result: [{"element-6066-11e4-a52e-4f735466cecf":"41d3fa09-8322-479c-9549-74fdfae5daba","ELEMENT":"41d3fa09-8322-479c-9549-74fdfae5daba"},{"element-6066-11e4-a52e-4f735466cecf":"d085f23b-3fe2-45c8-b4a7-5b54373cc670","ELEMENT":"d085f23b-3fe2-45c8-b4a7-5b54373cc670"},{"element-6066-11e4-a52e-4f735466cecf":"11dcbd06-0351-4227-89f3-af6b13724c35","ELEMENT":"11dcbd06-0351-4227-89f3-af6b13724c35"},{"element-6066-11e4-a52e-4f735466cecf":"3b3f9df4-e6cd-4eef-a0a2-b98cd9530096","ELEMENT":"3b3f9df4-e6cd-4eef-a0a2-b98cd9530096"},{"element-6066-11e4-a52e-4f735466cecf":"00b1f7c9-2def-4e85-99a0-d317bd4fe1b2","ELEMENT":"00b1f7c9-2def-4e85-99a0-d317bd4fe1b2"},{"element-6066-11e4-a52e-4f735466cecf":"1357bb52-1208-48ad-aa25-b31a301f53a5","ELEMENT":"1357bb52-1208-48ad-aa25-b31a301f53a5"},{"element-6066-11e4-a52e-4f735466cecf":"25ffca2a-4f7e-4944-a302-abe336d87577","ELEMENT":"25ffca2a-4f7e-4944-a302-abe336d87577"},{"element-6066-11e4-a52e-4f735466cecf":"381c543f-052b-42dd-bd45-7764a8c1b381","ELEMENT":"381c543f-052b-42dd-bd45-7764a8c1b38...
&amp#27;[35m[HTTP]&amp#27;[39m &amp#27;[37m<-- POST /wd/hub/session/72f517da-910c-46a8-8c18-f52fc551c88e/elements &amp#27;[39m&amp#27;[32m200&amp#27;[39m &amp#27;[90m108 ms - 6155&amp#27;[39m
&amp#27;[35m[HTTP]&amp#27;[39m &amp#27;[90m&amp#27;[39m
&amp#27;[35m[HTTP]&amp#27;[39m &amp#27;[37m-->&amp#27;[39m &amp#27;[37mGET&amp#27;[39m &amp#27;[37m/wd/hub/session/72f517da-910c-46a8-8c18-f52fc551c88e/element/11a59bbb-26e5-4072-b9fa-491d4e63fed1/text&amp#27;[39m
&amp#27;[35m[HTTP]&amp#27;[39m &amp#27;[90m{}&amp#27;[39m
&amp#27;[35m[W3C (72f517da)]&amp#27;[39m Driver proxy active, passing request on via HTTP proxy
[debug] &amp#27;[35m[WD Proxy]&amp#27;[39m Matched '/wd/hub/session/72f517da-910c-46a8-8c18-f52fc551c88e/element/11a59bbb-26e5-4072-b9fa-491d4e63fed1/text' to command name 'getText'
[debug] &amp#27;[35m[WD Proxy]&amp#27;[39m Proxying [GET /wd/hub/session/72f517da-910c-46a8-8c18-f52fc551c88e/element/11a59bbb-26e5-4072-b9fa-491d4e63fed1/text] to [GET http://127.0.0.1:8200/wd/hub/session/a8830392-9b85-4943-b889-72250055e4eb/element/11a59bbb-26e5-4072-b9fa-491d4e63fed1/text] with no body
[debug] &amp#27;[35m[WD Proxy]&amp#27;[39m Got response with status 200: {"sessionId":"a8830392-9b85-4943-b889-72250055e4eb","value":""}
&amp#27;[35m[WD Proxy]&amp#27;[39m Replacing sessionId a8830392-9b85-4943-b889-72250055e4eb with 72f517da-910c-46a8-8c18-f52fc551c88e
&amp#27;[35m[HTTP]&amp#27;[39m &amp#27;[37m<-- GET /wd/hub/session/72f517da-910c-46a8-8c18-f52fc551c88e/element/11a59bbb-26e5-4072-b9fa-491d4e63fed1/text &amp#27;[39m&amp#27;[32m200&amp#27;[39m &amp#27;[90m16 ms - 63&amp#27;[39m
&amp#27;[35m[HTTP]&amp#27;[39m &amp#27;[90m&amp#27;[39m
&amp#27;[35m[HTTP]&amp#27;[39m &amp#27;[37m-->&amp#27;[39m &amp#27;[37mGET&amp#27;[39m &amp#27;[37m/wd/hub/session/72f517da-910c-46a8-8c18-f52fc551c88e/context&amp#27;[39m
&amp#27;[35m[HTTP]&amp#27;[39m &amp#27;[90m{}&amp#27;[39m
[debug] &amp#27;[35m[W3C (72f517da)]&amp#27;[39m Calling AppiumDriver.getCurrentContext() with args: ["72f517da-910c-46a8-8c18-f52fc551c88e"]
[debug] &amp#27;[35m[W3C (72f517da)]&amp#27;[39m Responding to client with driver.getCurrentContext() result: "NATIVE_APP"
&amp#27;[35m[HTTP]&amp#27;[39m &amp#27;[37m<-- GET /wd/hub/session/72f517da-910c-46a8-8c18-f52fc551c88e/context &amp#27;[39m&amp#27;[32m200&amp#27;[39m &amp#27;[90m1 ms - 22&amp#27;[39m
&amp#27;[35m[HTTP]&amp#27;[39m &amp#27;[90m&amp#27;[39m
&amp#27;[35m[HTTP]&amp#27;[39m &amp#27;[37m-->&amp#27;[39m &amp#27;[37mPOST&amp#27;[39m &amp#27;[37m/wd/hub/session/72f517da-910c-46a8-8c18-f52fc551c88e/elements&amp#27;[39m
&amp#27;[35m[HTTP]&amp#27;[39m &amp#27;[90m{"using":"xpath","value":"//android.widget.TextView"}&amp#27;[39m
[debug] &amp#27;[35m[W3C (72f517da)]&amp#27;[39m Calling AppiumDriver.findElements() with args: ["xpath","//android.widget.TextView","72f517da-910c-46a8-8c18-f52fc551c88e"]
[debug] &amp#27;[35m[BaseDriver]&amp#27;[39m Valid locator strategies for this request: xpath, id, class name, accessibility id, css selector, -android uiautomator
[debug] &amp#27;[35m[BaseDriver]&amp#27;[39m Waiting up to 20000 ms for condition
[debug] &amp#27;[35m[WD Proxy]&amp#27;[39m Matched '/elements' to command name 'findElements'
[debug] &amp#27;[35m[WD Proxy]&amp#27;[39m Proxying [POST /elements] to [POST http://127.0.0.1:8200/wd/hub/session/a8830392-9b85-4943-b889-72250055e4eb/elements] with body: {"strategy":"xpath","selector":"//android.widget.TextView","context":"","multiple":true}
[debug] &amp#27;[35m[WD Proxy]&amp#27;[39m Got response with status 200: {"sessionId":"a8830392-9b85-4943-b889-72250055e4eb","value":[{"ELEMENT":"d2ed61ed-1f68-435d-915a-ba783dc7da24","element-6066-11e4-a52e-4f735466cecf":"d2ed61ed-1f68-435d-915a-ba783dc7da24"},{"ELEMENT":"237dc9fb-f8de-46a1-9cd6-71278f09ba5c","element-6066-11e4-a52e-4f735466cecf":"237dc9fb-f8de-46a1-9cd6-71278f09ba5c"},{"ELEMENT":"f5f11765-2de4-444b-a0b7-d20dede3fcd6","element-6066-11e4-a52e-4f735466cecf":"f5f11765-2de4-444b-a0b7-d20dede3fcd6"},{"ELEMENT":"fbb3ff4d-7d57-4b6c-9ebf-e2a3d150127b","element-6066-11e4-a52e-4f735466cecf":"fbb3ff4d-7d57-4b6c-9ebf-e2a3d150127b"},{"ELEMENT":"bea15873-1bc4-4763-8461-a81070c1bfaf","element-6066-11e4-a52e-4f735466cecf":"bea15873-1bc4-4763-8461-a81070c1bfaf"},{"ELEMENT":"09033c1b-2e43-4196-ab13-c5f106beac79","element-6066-11e4-a52e-4f735466cecf":"09033c1b-2e43-4196-ab13-c5f106beac79"},{"ELEMENT":"bc74bec7-b37e-4a87-8329-c4df38a6fc7d","element-6066-11e4-a52e-4f735466cecf":"bc74bec7-b37e-4a87-8329-c4df38a6fc7d"},{"ELEMENT":"adf1bd34-aa28-4bef-9e90-ca981443378e","element-6066-...
[debug] &amp#27;[35m[W3C (72f517da)]&amp#27;[39m Responding to client with driver.findElements() result: [{"element-6066-11e4-a52e-4f735466cecf":"d2ed61ed-1f68-435d-915a-ba783dc7da24","ELEMENT":"d2ed61ed-1f68-435d-915a-ba783dc7da24"},{"element-6066-11e4-a52e-4f735466cecf":"237dc9fb-f8de-46a1-9cd6-71278f09ba5c","ELEMENT":"237dc9fb-f8de-46a1-9cd6-71278f09ba5c"},{"element-6066-11e4-a52e-4f735466cecf":"f5f11765-2de4-444b-a0b7-d20dede3fcd6","ELEMENT":"f5f11765-2de4-444b-a0b7-d20dede3fcd6"},{"element-6066-11e4-a52e-4f735466cecf":"fbb3ff4d-7d57-4b6c-9ebf-e2a3d150127b","ELEMENT":"fbb3ff4d-7d57-4b6c-9ebf-e2a3d150127b"},{"element-6066-11e4-a52e-4f735466cecf":"bea15873-1bc4-4763-8461-a81070c1bfaf","ELEMENT":"bea15873-1bc4-4763-8461-a81070c1bfaf"},{"element-6066-11e4-a52e-4f735466cecf":"09033c1b-2e43-4196-ab13-c5f106beac79","ELEMENT":"09033c1b-2e43-4196-ab13-c5f106beac79"},{"element-6066-11e4-a52e-4f735466cecf":"bc74bec7-b37e-4a87-8329-c4df38a6fc7d","ELEMENT":"bc74bec7-b37e-4a87-8329-c4df38a6fc7d"},{"element-6066-11e4-a52e-4f735466cecf":"adf1bd34-aa28-4bef-9e90-ca981443378e","ELEMENT":"adf1bd34-aa28-4bef-9e90-ca981443378...
&amp#27;[35m[HTTP]&amp#27;[39m &amp#27;[37m<-- POST /wd/hub/session/72f517da-910c-46a8-8c18-f52fc551c88e/elements &amp#27;[39m&amp#27;[32m200&amp#27;[39m &amp#27;[90m117 ms - 1291&amp#27;[39m
&amp#27;[35m[HTTP]&amp#27;[39m &amp#27;[90m&amp#27;[39m
&amp#27;[35m[HTTP]&amp#27;[39m &amp#27;[37m-->&amp#27;[39m &amp#27;[37mGET&amp#27;[39m &amp#27;[37m/wd/hub/session/72f517da-910c-46a8-8c18-f52fc551c88e/element/bc74bec7-b37e-4a87-8329-c4df38a6fc7d/text&amp#27;[39m
&amp#27;[35m[HTTP]&amp#27;[39m &amp#27;[90m{}&amp#27;[39m
&amp#27;[35m[W3C (72f517da)]&amp#27;[39m Driver proxy active, passing request on via HTTP proxy
[debug] &amp#27;[35m[WD Proxy]&amp#27;[39m Matched '/wd/hub/session/72f517da-910c-46a8-8c18-f52fc551c88e/element/bc74bec7-b37e-4a87-8329-c4df38a6fc7d/text' to command name 'getText'
[debug] &amp#27;[35m[WD Proxy]&amp#27;[39m Proxying [GET /wd/hub/session/72f517da-910c-46a8-8c18-f52fc551c88e/element/bc74bec7-b37e-4a87-8329-c4df38a6fc7d/text] to [GET http://127.0.0.1:8200/wd/hub/session/a8830392-9b85-4943-b889-72250055e4eb/element/bc74bec7-b37e-4a87-8329-c4df38a6fc7d/text] with no body
[debug] &amp#27;[35m[WD Proxy]&amp#27;[39m Got response with status 200: {"sessionId":"a8830392-9b85-4943-b889-72250055e4eb","value":"CURRENT"}
&amp#27;[35m[WD Proxy]&amp#27;[39m Replacing sessionId a8830392-9b85-4943-b889-72250055e4eb with 72f517da-910c-46a8-8c18-f52fc551c88e
&amp#27;[35m[HTTP]&amp#27;[39m &amp#27;[37m<-- GET /wd/hub/session/72f517da-910c-46a8-8c18-f52fc551c88e/element/bc74bec7-b37e-4a87-8329-c4df38a6fc7d/text &amp#27;[39m&amp#27;[32m200&amp#27;[39m &amp#27;[90m18 ms - 70&amp#27;[39m
&amp#27;[35m[HTTP]&amp#27;[39m &amp#27;[90m&amp#27;[39m

&amp#27;[35m[HTTP]&amp#27;[39m &amp#27;[37m-->&amp#27;[39m &amp#27;[37mGET&amp#27;[39m &amp#27;[37m/wd/hub/session/72f517da-910c-46a8-8c18-f52fc551c88e/context&amp#27;[39m
&amp#27;[35m[HTTP]&amp#27;[39m &amp#27;[90m{}&amp#27;[39m
[debug] &amp#27;[35m[W3C (72f517da)]&amp#27;[39m Calling AppiumDriver.getCurrentContext() with args: ["72f517da-910c-46a8-8c18-f52fc551c88e"]
[debug] &amp#27;[35m[W3C (72f517da)]&amp#27;[39m Responding to client with driver.getCurrentContext() result: "NATIVE_APP"
&amp#27;[35m[HTTP]&amp#27;[39m &amp#27;[37m<-- GET /wd/hub/session/72f517da-910c-46a8-8c18-f52fc551c88e/context &amp#27;[39m&amp#27;[32m200&amp#27;[39m &amp#27;[90m1 ms - 22&amp#27;[39m
&amp#27;[35m[HTTP]&amp#27;[39m &amp#27;[90m&amp#27;[39m
&amp#27;[35m[HTTP]&amp#27;[39m &amp#27;[37m-->&amp#27;[39m &amp#27;[37mPOST&amp#27;[39m &amp#27;[37m/wd/hub/session/72f517da-910c-46a8-8c18-f52fc551c88e/elements&amp#27;[39m
&amp#27;[35m[HTTP]&amp#27;[39m &amp#27;[90m{"using":"xpath","value":"//android.view.View"}&amp#27;[39m
[debug] &amp#27;[35m[W3C (72f517da)]&amp#27;[39m Calling AppiumDriver.findElements() with args: ["xpath","//android.view.View","72f517da-910c-46a8-8c18-f52fc551c88e"]
[debug] &amp#27;[35m[BaseDriver]&amp#27;[39m Valid locator strategies for this request: xpath, id, class name, accessibility id, css selector, -android uiautomator
[debug] &amp#27;[35m[BaseDriver]&amp#27;[39m Waiting up to 20000 ms for condition
[debug] &amp#27;[35m[WD Proxy]&amp#27;[39m Matched '/elements' to command name 'findElements'
[debug] &amp#27;[35m[WD Proxy]&amp#27;[39m Proxying [POST /elements] to [POST http://127.0.0.1:8200/wd/hub/session/a8830392-9b85-4943-b889-72250055e4eb/elements] with body: {"strategy":"xpath","selector":"//android.view.View","context":"","multiple":true}
[debug] &amp#27;[35m[WD Proxy]&amp#27;[39m Got response with status 200: {"sessionId":"a8830392-9b85-4943-b889-72250055e4eb","value":[{"ELEMENT":"bd007ad2-b749-45d3-acea-93243fb97b03","element-6066-11e4-a52e-4f735466cecf":"bd007ad2-b749-45d3-acea-93243fb97b03"},{"ELEMENT":"2f10b379-0ff3-410f-8c0b-5a5d257f751d","element-6066-11e4-a52e-4f735466cecf":"2f10b379-0ff3-410f-8c0b-5a5d257f751d"},{"ELEMENT":"d2d2285a-4c14-4ae9-a526-5db47dc79c57","element-6066-11e4-a52e-4f735466cecf":"d2d2285a-4c14-4ae9-a526-5db47dc79c57"},{"ELEMENT":"afbd0d73-b14a-45ce-a587-c1e2b1b31e01","element-6066-11e4-a52e-4f735466cecf":"afbd0d73-b14a-45ce-a587-c1e2b1b31e01"},{"ELEMENT":"95d6ef0a-bf44-4881-8615-fb2bbb21654b","element-6066-11e4-a52e-4f735466cecf":"95d6ef0a-bf44-4881-8615-fb2bbb21654b"},{"ELEMENT":"58e04f2d-a21d-4447-bc96-361fd3d774f1","element-6066-11e4-a52e-4f735466cecf":"58e04f2d-a21d-4447-bc96-361fd3d774f1"},{"ELEMENT":"dcced3f6-c4e3-4a55-bb87-5b972892847b","element-6066-11e4-a52e-4f735466cecf":"dcced3f6-c4e3-4a55-bb87-5b972892847b"},{"ELEMENT":"7a4b5204-bb1c-4611-9391-67c72fac10be","element-6066-...
[debug] &amp#27;[35m[W3C (72f517da)]&amp#27;[39m Responding to client with driver.findElements() result: [{"element-6066-11e4-a52e-4f735466cecf":"bd007ad2-b749-45d3-acea-93243fb97b03","ELEMENT":"bd007ad2-b749-45d3-acea-93243fb97b03"},{"element-6066-11e4-a52e-4f735466cecf":"2f10b379-0ff3-410f-8c0b-5a5d257f751d","ELEMENT":"2f10b379-0ff3-410f-8c0b-5a5d257f751d"},{"element-6066-11e4-a52e-4f735466cecf":"d2d2285a-4c14-4ae9-a526-5db47dc79c57","ELEMENT":"d2d2285a-4c14-4ae9-a526-5db47dc79c57"},{"element-6066-11e4-a52e-4f735466cecf":"afbd0d73-b14a-45ce-a587-c1e2b1b31e01","ELEMENT":"afbd0d73-b14a-45ce-a587-c1e2b1b31e01"},{"element-6066-11e4-a52e-4f735466cecf":"95d6ef0a-bf44-4881-8615-fb2bbb21654b","ELEMENT":"95d6ef0a-bf44-4881-8615-fb2bbb21654b"},{"element-6066-11e4-a52e-4f735466cecf":"58e04f2d-a21d-4447-bc96-361fd3d774f1","ELEMENT":"58e04f2d-a21d-4447-bc96-361fd3d774f1"},{"element-6066-11e4-a52e-4f735466cecf":"dcced3f6-c4e3-4a55-bb87-5b972892847b","ELEMENT":"dcced3f6-c4e3-4a55-bb87-5b972892847b"},{"element-6066-11e4-a52e-4f735466cecf":"7a4b5204-bb1c-4611-9391-67c72fac10be","ELEMENT":"7a4b5204-bb1c-4611-9391-67c72fac10b...
&amp#27;[35m[HTTP]&amp#27;[39m &amp#27;[37m<-- POST /wd/hub/session/72f517da-910c-46a8-8c18-f52fc551c88e/elements &amp#27;[39m&amp#27;[32m200&amp#27;[39m &amp#27;[90m131 ms - 6155&amp#27;[39m
&amp#27;[35m[HTTP]&amp#27;[39m &amp#27;[90m&amp#27;[39m
&amp#27;[35m[HTTP]&amp#27;[39m &amp#27;[37m-->&amp#27;[39m &amp#27;[37mGET&amp#27;[39m &amp#27;[37m/wd/hub/session/72f517da-910c-46a8-8c18-f52fc551c88e/element/a44f602a-979f-4739-bc83-778ea763dcc7/text&amp#27;[39m
&amp#27;[35m[HTTP]&amp#27;[39m &amp#27;[90m{}&amp#27;[39m
&amp#27;[35m[W3C (72f517da)]&amp#27;[39m Driver proxy active, passing request on via HTTP proxy
[debug] &amp#27;[35m[WD Proxy]&amp#27;[39m Matched '/wd/hub/session/72f517da-910c-46a8-8c18-f52fc551c88e/element/a44f602a-979f-4739-bc83-778ea763dcc7/text' to command name 'getText'
[debug] &amp#27;[35m[WD Proxy]&amp#27;[39m Proxying [GET /wd/hub/session/72f517da-910c-46a8-8c18-f52fc551c88e/element/a44f602a-979f-4739-bc83-778ea763dcc7/text] to [GET http://127.0.0.1:8200/wd/hub/session/a8830392-9b85-4943-b889-72250055e4eb/element/a44f602a-979f-4739-bc83-778ea763dcc7/text] with no body
[debug] &amp#27;[35m[WD Proxy]&amp#27;[39m Got response with status 200: {"sessionId":"a8830392-9b85-4943-b889-72250055e4eb","value":"XX 950"}
&amp#27;[35m[WD Proxy]&amp#27;[39m Replacing sessionId a8830392-9b85-4943-b889-72250055e4eb with 72f517da-910c-46a8-8c18-f52fc551c88e
&amp#27;[35m[HTTP]&amp#27;[39m &amp#27;[37m<-- GET /wd/hub/session/72f517da-910c-46a8-8c18-f52fc551c88e/element/a44f602a-979f-4739-bc83-778ea763dcc7/text &amp#27;[39m&amp#27;[32m200&amp#27;[39m &amp#27;[90m19 ms - 69&amp#27;[39m
&amp#27;[35m[HTTP]&amp#27;[39m &amp#27;[90m&amp#27;[39m
&amp#27;[35m[HTTP]&amp#27;[39m &amp#27;[37m-->&amp#27;[39m &amp#27;[37mGET&amp#27;[39m &amp#27;[37m/wd/hub/session/72f517da-910c-46a8-8c18-f52fc551c88e/context&amp#27;[39m
&amp#27;[35m[HTTP]&amp#27;[39m &amp#27;[90m{}&amp#27;[39m
[debug] &amp#27;[35m[W3C (72f517da)]&amp#27;[39m Calling AppiumDriver.getCurrentContext() with args: ["72f517da-910c-46a8-8c18-f52fc551c88e"]
[debug] &amp#27;[35m[W3C (72f517da)]&amp#27;[39m Responding to client with driver.getCurrentContext() result: "NATIVE_APP"
&amp#27;[35m[HTTP]&amp#27;[39m &amp#27;[37m<-- GET /wd/hub/session/72f517da-910c-46a8-8c18-f52fc551c88e/context &amp#27;[39m&amp#27;[32m200&amp#27;[39m &amp#27;[90m1 ms - 22&amp#27;[39m
&amp#27;[35m[HTTP]&amp#27;[39m &amp#27;[90m&amp#27;[39m
&amp#27;[35m[HTTP]&amp#27;[39m &amp#27;[37m-->&amp#27;[39m &amp#27;[37mPOST&amp#27;[39m &amp#27;[37m/wd/hub/session/72f517da-910c-46a8-8c18-f52fc551c88e/elements&amp#27;[39m
&amp#27;[35m[HTTP]&amp#27;[39m &amp#27;[90m{"using":"xpath","value":"//android.widget.TextView"}&amp#27;[39m
[debug] &amp#27;[35m[W3C (72f517da)]&amp#27;[39m Calling AppiumDriver.findElements() with args: ["xpath","//android.widget.TextView","72f517da-910c-46a8-8c18-f52fc551c88e"]
[debug] &amp#27;[35m[BaseDriver]&amp#27;[39m Valid locator strategies for this request: xpath, id, class name, accessibility id, css selector, -android uiautomator
[debug] &amp#27;[35m[BaseDriver]&amp#27;[39m Waiting up to 20000 ms for condition
[debug] &amp#27;[35m[WD Proxy]&amp#27;[39m Matched '/elements' to command name 'findElements'
[debug] &amp#27;[35m[WD Proxy]&amp#27;[39m Proxying [POST /elements] to [POST http://127.0.0.1:8200/wd/hub/session/a8830392-9b85-4943-b889-72250055e4eb/elements] with body: {"strategy":"xpath","selector":"//android.widget.TextView","context":"","multiple":true}
[debug] &amp#27;[35m[WD Proxy]&amp#27;[39m Got response with status 200: {"sessionId":"a8830392-9b85-4943-b889-72250055e4eb","value":[{"ELEMENT":"4bfde878-f757-4b73-98b9-2fec13a843a9","element-6066-11e4-a52e-4f735466cecf":"4bfde878-f757-4b73-98b9-2fec13a843a9"},{"ELEMENT":"039bad99-5fcf-4a24-9e8f-4b47222d8ae5","element-6066-11e4-a52e-4f735466cecf":"039bad99-5fcf-4a24-9e8f-4b47222d8ae5"},{"ELEMENT":"45089aea-0482-4746-b1ec-b44ea3913e9e","element-6066-11e4-a52e-4f735466cecf":"45089aea-0482-4746-b1ec-b44ea3913e9e"},{"ELEMENT":"57457395-aa2a-4b27-9e81-8e9f2e3eb93e","element-6066-11e4-a52e-4f735466cecf":"57457395-aa2a-4b27-9e81-8e9f2e3eb93e"},{"ELEMENT":"01743df9-e150-4b4b-9fdd-78b0c52877d0","element-6066-11e4-a52e-4f735466cecf":"01743df9-e150-4b4b-9fdd-78b0c52877d0"},{"ELEMENT":"4cfb4d66-7fd5-46a3-bca8-ff3b3d3b1d71","element-6066-11e4-a52e-4f735466cecf":"4cfb4d66-7fd5-46a3-bca8-ff3b3d3b1d71"},{"ELEMENT":"d99c2197-e6ad-42eb-9f4f-ea4df705f997","element-6066-11e4-a52e-4f735466cecf":"d99c2197-e6ad-42eb-9f4f-ea4df705f997"},{"ELEMENT":"049927cc-94a7-41de-9ac0-5fe45f263abb","element-6066-...
[debug] &amp#27;[35m[W3C (72f517da)]&amp#27;[39m Responding to client with driver.findElements() result: [{"element-6066-11e4-a52e-4f735466cecf":"4bfde878-f757-4b73-98b9-2fec13a843a9","ELEMENT":"4bfde878-f757-4b73-98b9-2fec13a843a9"},{"element-6066-11e4-a52e-4f735466cecf":"039bad99-5fcf-4a24-9e8f-4b47222d8ae5","ELEMENT":"039bad99-5fcf-4a24-9e8f-4b47222d8ae5"},{"element-6066-11e4-a52e-4f735466cecf":"45089aea-0482-4746-b1ec-b44ea3913e9e","ELEMENT":"45089aea-0482-4746-b1ec-b44ea3913e9e"},{"element-6066-11e4-a52e-4f735466cecf":"57457395-aa2a-4b27-9e81-8e9f2e3eb93e","ELEMENT":"57457395-aa2a-4b27-9e81-8e9f2e3eb93e"},{"element-6066-11e4-a52e-4f735466cecf":"01743df9-e150-4b4b-9fdd-78b0c52877d0","ELEMENT":"01743df9-e150-4b4b-9fdd-78b0c52877d0"},{"element-6066-11e4-a52e-4f735466cecf":"4cfb4d66-7fd5-46a3-bca8-ff3b3d3b1d71","ELEMENT":"4cfb4d66-7fd5-46a3-bca8-ff3b3d3b1d71"},{"element-6066-11e4-a52e-4f735466cecf":"d99c2197-e6ad-42eb-9f4f-ea4df705f997","ELEMENT":"d99c2197-e6ad-42eb-9f4f-ea4df705f997"},{"element-6066-11e4-a52e-4f735466cecf":"049927cc-94a7-41de-9ac0-5fe45f263abb","ELEMENT":"049927cc-94a7-41de-9ac0-5fe45f263ab...
&amp#27;[35m[HTTP]&amp#27;[39m &amp#27;[37m<-- POST /wd/hub/session/72f517da-910c-46a8-8c18-f52fc551c88e/elements &amp#27;[39m&amp#27;[32m200&amp#27;[39m &amp#27;[90m138 ms - 1291&amp#27;[39m
&amp#27;[35m[HTTP]&amp#27;[39m &amp#27;[90m&amp#27;[39m
&amp#27;[35m[HTTP]&amp#27;[39m &amp#27;[37m-->&amp#27;[39m &amp#27;[37mGET&amp#27;[39m &amp#27;[37m/wd/hub/session/72f517da-910c-46a8-8c18-f52fc551c88e/element/d99c2197-e6ad-42eb-9f4f-ea4df705f997/text&amp#27;[39m
&amp#27;[35m[HTTP]&amp#27;[39m &amp#27;[90m{}&amp#27;[39m
&amp#27;[35m[W3C (72f517da)]&amp#27;[39m Driver proxy active, passing request on via HTTP proxy
[debug] &amp#27;[35m[WD Proxy]&amp#27;[39m Matched '/wd/hub/session/72f517da-910c-46a8-8c18-f52fc551c88e/element/d99c2197-e6ad-42eb-9f4f-ea4df705f997/text' to command name 'getText'
[debug] &amp#27;[35m[WD Proxy]&amp#27;[39m Proxying [GET /wd/hub/session/72f517da-910c-46a8-8c18-f52fc551c88e/element/d99c2197-e6ad-42eb-9f4f-ea4df705f997/text] to [GET http://127.0.0.1:8200/wd/hub/session/a8830392-9b85-4943-b889-72250055e4eb/element/d99c2197-e6ad-42eb-9f4f-ea4df705f997/text] with no body
[debug] &amp#27;[35m[WD Proxy]&amp#27;[39m Got response with status 200: {"sessionId":"a8830392-9b85-4943-b889-72250055e4eb","value":"CURRENT"}
&amp#27;[35m[WD Proxy]&amp#27;[39m Replacing sessionId a8830392-9b85-4943-b889-72250055e4eb with 72f517da-910c-46a8-8c18-f52fc551c88e
&amp#27;[35m[HTTP]&amp#27;[39m &amp#27;[37m<-- GET /wd/hub/session/72f517da-910c-46a8-8c18-f52fc551c88e/element/d99c2197-e6ad-42eb-9f4f-ea4df705f997/text &amp#27;[39m&amp#27;[32m200&amp#27;[39m &amp#27;[90m16 ms - 70&amp#27;[39m
&amp#27;[35m[HTTP]&amp#27;[39m &amp#27;[90m&amp#27;[39m
XX 950:CURRENT
&amp#27;[35m[HTTP]&amp#27;[39m &amp#27;[37m-->&amp#27;[39m &amp#27;[37mGET&amp#27;[39m &amp#27;[37m/wd/hub/session/72f517da-910c-46a8-8c18-f52fc551c88e/context&amp#27;[39m
&amp#27;[35m[HTTP]&amp#27;[39m &amp#27;[90m{}&amp#27;[39m
[debug] &amp#27;[35m[W3C (72f517da)]&amp#27;[39m Calling AppiumDriver.getCurrentContext() with args: ["72f517da-910c-46a8-8c18-f52fc551c88e"]
[debug] &amp#27;[35m[W3C (72f517da)]&amp#27;[39m Responding to client with driver.getCurrentContext() result: "NATIVE_APP"
&amp#27;[35m[HTTP]&amp#27;[39m &amp#27;[37m<-- GET /wd/hub/session/72f517da-910c-46a8-8c18-f52fc551c88e/context &amp#27;[39m&amp#27;[32m200&amp#27;[39m &amp#27;[90m1 ms - 22&amp#27;[39m
&amp#27;[35m[HTTP]&amp#27;[39m &amp#27;[90m&amp#27;[39m
&amp#27;[35m[HTTP]&amp#27;[39m &amp#27;[37m-->&amp#27;[39m &amp#27;[37mPOST&amp#27;[39m &amp#27;[37m/wd/hub/session/72f517da-910c-46a8-8c18-f52fc551c88e/elements&amp#27;[39m
&amp#27;[35m[HTTP]&amp#27;[39m &amp#27;[90m{"using":"xpath","value":"//android.view.View"}&amp#27;[39m
[debug] &amp#27;[35m[W3C (72f517da)]&amp#27;[39m Calling AppiumDriver.findElements() with args: ["xpath","//android.view.View","72f517da-910c-46a8-8c18-f52fc551c88e"]
[debug] &amp#27;[35m[BaseDriver]&amp#27;[39m Valid locator strategies for this request: xpath, id, class name, accessibility id, css selector, -android uiautomator
[debug] &amp#27;[35m[BaseDriver]&amp#27;[39m Waiting up to 20000 ms for condition
[debug] &amp#27;[35m[WD Proxy]&amp#27;[39m Matched '/elements' to command name 'findElements'
[debug] &amp#27;[35m[WD Proxy]&amp#27;[39m Proxying [POST /elements] to [POST http://127.0.0.1:8200/wd/hub/session/a8830392-9b85-4943-b889-72250055e4eb/elements] with body: {"strategy":"xpath","selector":"//android.view.View","context":"","multiple":true}
[debug] &amp#27;[35m[WD Proxy]&amp#27;[39m Got response with status 200: {"sessionId":"a8830392-9b85-4943-b889-72250055e4eb","value":[{"ELEMENT":"6cfcaa3d-c18f-489d-ad02-1cc8f5c96361","element-6066-11e4-a52e-4f735466cecf":"6cfcaa3d-c18f-489d-ad02-1cc8f5c96361"},{"ELEMENT":"9b53899c-cce3-4d78-b538-437e3a2ecdeb","element-6066-11e4-a52e-4f735466cecf":"9b53899c-cce3-4d78-b538-437e3a2ecdeb"},{"ELEMENT":"0c21a602-37e3-4eb3-bdfc-e82d9d147df8","element-6066-11e4-a52e-4f735466cecf":"0c21a602-37e3-4eb3-bdfc-e82d9d147df8"},{"ELEMENT":"845169a8-99e2-414d-a455-0617b563cbe8","element-6066-11e4-a52e-4f735466cecf":"845169a8-99e2-414d-a455-0617b563cbe8"},{"ELEMENT":"d48418e3-dc20-4297-b84e-a41125563f89","element-6066-11e4-a52e-4f735466cecf":"d48418e3-dc20-4297-b84e-a41125563f89"},{"ELEMENT":"05fb5d4e-e834-44a4-8b9f-c924fc1a6fb8","element-6066-11e4-a52e-4f735466cecf":"05fb5d4e-e834-44a4-8b9f-c924fc1a6fb8"},{"ELEMENT":"9b215945-8cbd-4916-844b-9d4a9f1fee4a","element-6066-11e4-a52e-4f735466cecf":"9b215945-8cbd-4916-844b-9d4a9f1fee4a"},{"ELEMENT":"953264f5-2224-4743-b719-a80256e4a973","element-6066-...
[debug] &amp#27;[35m[W3C (72f517da)]&amp#27;[39m Responding to client with driver.findElements() result: [{"element-6066-11e4-a52e-4f735466cecf":"6cfcaa3d-c18f-489d-ad02-1cc8f5c96361","ELEMENT":"6cfcaa3d-c18f-489d-ad02-1cc8f5c96361"},{"element-6066-11e4-a52e-4f735466cecf":"9b53899c-cce3-4d78-b538-437e3a2ecdeb","ELEMENT":"9b53899c-cce3-4d78-b538-437e3a2ecdeb"},{"element-6066-11e4-a52e-4f735466cecf":"0c21a602-37e3-4eb3-bdfc-e82d9d147df8","ELEMENT":"0c21a602-37e3-4eb3-bdfc-e82d9d147df8"},{"element-6066-11e4-a52e-4f735466cecf":"845169a8-99e2-414d-a455-0617b563cbe8","ELEMENT":"845169a8-99e2-414d-a455-0617b563cbe8"},{"element-6066-11e4-a52e-4f735466cecf":"d48418e3-dc20-4297-b84e-a41125563f89","ELEMENT":"d48418e3-dc20-4297-b84e-a41125563f89"},{"element-6066-11e4-a52e-4f735466cecf":"05fb5d4e-e834-44a4-8b9f-c924fc1a6fb8","ELEMENT":"05fb5d4e-e834-44a4-8b9f-c924fc1a6fb8"},{"element-6066-11e4-a52e-4f735466cecf":"9b215945-8cbd-4916-844b-9d4a9f1fee4a","ELEMENT":"9b215945-8cbd-4916-844b-9d4a9f1fee4a"},{"element-6066-11e4-a52e-4f735466cecf":"953264f5-2224-4743-b719-a80256e4a973","ELEMENT":"953264f5-2224-4743-b719-a80256e4a97...
&amp#27;[35m[HTTP]&amp#27;[39m &amp#27;[37m<-- POST /wd/hub/session/72f517da-910c-46a8-8c18-f52fc551c88e/elements &amp#27;[39m&amp#27;[32m200&amp#27;[39m &amp#27;[90m140 ms - 6155&amp#27;[39m
&amp#27;[35m[HTTP]&amp#27;[39m &amp#27;[90m&amp#27;[39m
&amp#27;[35m[HTTP]&amp#27;[39m &amp#27;[37m-->&amp#27;[39m &amp#27;[37mGET&amp#27;[39m &amp#27;[37m/wd/hub/session/72f517da-910c-46a8-8c18-f52fc551c88e/element/83b08770-ae61-4dca-9371-8d94f3d9fe10/text&amp#27;[39m
&amp#27;[35m[HTTP]&amp#27;[39m &amp#27;[90m{}&amp#27;[39m
&amp#27;[35m[W3C (72f517da)]&amp#27;[39m Driver proxy active, passing request on via HTTP proxy
[debug] &amp#27;[35m[WD Proxy]&amp#27;[39m Matched '/wd/hub/session/72f517da-910c-46a8-8c18-f52fc551c88e/element/83b08770-ae61-4dca-9371-8d94f3d9fe10/text' to command name 'getText'
[debug] &amp#27;[35m[WD Proxy]&amp#27;[39m Proxying [GET /wd/hub/session/72f517da-910c-46a8-8c18-f52fc551c88e/element/83b08770-ae61-4dca-9371-8d94f3d9fe10/text] to [GET http://127.0.0.1:8200/wd/hub/session/a8830392-9b85-4943-b889-72250055e4eb/element/83b08770-ae61-4dca-9371-8d94f3d9fe10/text] with no body
[debug] &amp#27;[35m[WD Proxy]&amp#27;[39m Got response with status 200: {"sessionId":"a8830392-9b85-4943-b889-72250055e4eb","value":""}
&amp#27;[35m[WD Proxy]&amp#27;[39m Replacing sessionId a8830392-9b85-4943-b889-72250055e4eb with 72f517da-910c-46a8-8c18-f52fc551c88e
&amp#27;[35m[HTTP]&amp#27;[39m &amp#27;[37m<-- GET /wd/hub/session/72f517da-910c-46a8-8c18-f52fc551c88e/element/83b08770-ae61-4dca-9371-8d94f3d9fe10/text &amp#27;[39m&amp#27;[32m200&amp#27;[39m &amp#27;[90m18 ms - 63&amp#27;[39m
&amp#27;[35m[HTTP]&amp#27;[39m &amp#27;[90m&amp#27;[39m
&amp#27;[35m[HTTP]&amp#27;[39m &amp#27;[37m-->&amp#27;[39m &amp#27;[37mGET&amp#27;[39m &amp#27;[37m/wd/hub/session/72f517da-910c-46a8-8c18-f52fc551c88e/context&amp#27;[39m
&amp#27;[35m[HTTP]&amp#27;[39m &amp#27;[90m{}&amp#27;[39m
[debug] &amp#27;[35m[W3C (72f517da)]&amp#27;[39m Calling AppiumDriver.getCurrentContext() with args: ["72f517da-910c-46a8-8c18-f52fc551c88e"]
[debug] &amp#27;[35m[W3C (72f517da)]&amp#27;[39m Responding to client with driver.getCurrentContext() result: "NATIVE_APP"
&amp#27;[35m[HTTP]&amp#27;[39m &amp#27;[37m<-- GET /wd/hub/session/72f517da-910c-46a8-8c18-f52fc551c88e/context &amp#27;[39m&amp#27;[32m200&amp#27;[39m &amp#27;[90m1 ms - 22&amp#27;[39m
&amp#27;[35m[HTTP]&amp#27;[39m &amp#27;[90m&amp#27;[39m
&amp#27;[35m[HTTP]&amp#27;[39m &amp#27;[37m-->&amp#27;[39m &amp#27;[37mPOST&amp#27;[39m &amp#27;[37m/wd/hub/session/72f517da-910c-46a8-8c18-f52fc551c88e/elements&amp#27;[39m
&amp#27;[35m[HTTP]&amp#27;[39m &amp#27;[90m{"using":"xpath","value":"//android.widget.TextView"}&amp#27;[39m
[debug] &amp#27;[35m[W3C (72f517da)]&amp#27;[39m Calling AppiumDriver.findElements() with args: ["xpath","//android.widget.TextView","72f517da-910c-46a8-8c18-f52fc551c88e"]
[debug] &amp#27;[35m[BaseDriver]&amp#27;[39m Valid locator strategies for this request: xpath, id, class name, accessibility id, css selector, -android uiautomator
[debug] &amp#27;[35m[BaseDriver]&amp#27;[39m Waiting up to 20000 ms for condition
[debug] &amp#27;[35m[WD Proxy]&amp#27;[39m Matched '/elements' to command name 'findElements'
[debug] &amp#27;[35m[WD Proxy]&amp#27;[39m Proxying [POST /elements] to [POST http://127.0.0.1:8200/wd/hub/session/a8830392-9b85-4943-b889-72250055e4eb/elements] with body: {"strategy":"xpath","selector":"//android.widget.TextView","context":"","multiple":true}
[debug] &amp#27;[35m[WD Proxy]&amp#27;[39m Got response with status 200: {"sessionId":"a8830392-9b85-4943-b889-72250055e4eb","value":[{"ELEMENT":"df630b93-781c-487f-925f-2b254de57313","element-6066-11e4-a52e-4f735466cecf":"df630b93-781c-487f-925f-2b254de57313"},{"ELEMENT":"efeb5abb-dfe0-40f4-8c92-84df5702e2fe","element-6066-11e4-a52e-4f735466cecf":"efeb5abb-dfe0-40f4-8c92-84df5702e2fe"},{"ELEMENT":"5bbdde0e-0a3d-41a6-98c4-723a78a25e50","element-6066-11e4-a52e-4f735466cecf":"5bbdde0e-0a3d-41a6-98c4-723a78a25e50"},{"ELEMENT":"171f5130-9a24-41f4-ab11-bec1bfffd938","element-6066-11e4-a52e-4f735466cecf":"171f5130-9a24-41f4-ab11-bec1bfffd938"},{"ELEMENT":"4864d264-3a5a-4482-8595-f7e2bc56ec29","element-6066-11e4-a52e-4f735466cecf":"4864d264-3a5a-4482-8595-f7e2bc56ec29"},{"ELEMENT":"b5fc4a6c-52f2-4b51-a010-11b494fd8a09","element-6066-11e4-a52e-4f735466cecf":"b5fc4a6c-52f2-4b51-a010-11b494fd8a09"},{"ELEMENT":"69e9206e-e824-452c-b30d-9456f955f3fd","element-6066-11e4-a52e-4f735466cecf":"69e9206e-e824-452c-b30d-9456f955f3fd"},{"ELEMENT":"9242a053-c3e6-45cf-bd5b-c1a6aa73769a","element-6066-...
[debug] &amp#27;[35m[W3C (72f517da)]&amp#27;[39m Responding to client with driver.findElements() result: [{"element-6066-11e4-a52e-4f735466cecf":"df630b93-781c-487f-925f-2b254de57313","ELEMENT":"df630b93-781c-487f-925f-2b254de57313"},{"element-6066-11e4-a52e-4f735466cecf":"efeb5abb-dfe0-40f4-8c92-84df5702e2fe","ELEMENT":"efeb5abb-dfe0-40f4-8c92-84df5702e2fe"},{"element-6066-11e4-a52e-4f735466cecf":"5bbdde0e-0a3d-41a6-98c4-723a78a25e50","ELEMENT":"5bbdde0e-0a3d-41a6-98c4-723a78a25e50"},{"element-6066-11e4-a52e-4f735466cecf":"171f5130-9a24-41f4-ab11-bec1bfffd938","ELEMENT":"171f5130-9a24-41f4-ab11-bec1bfffd938"},{"element-6066-11e4-a52e-4f735466cecf":"4864d264-3a5a-4482-8595-f7e2bc56ec29","ELEMENT":"4864d264-3a5a-4482-8595-f7e2bc56ec29"},{"element-6066-11e4-a52e-4f735466cecf":"b5fc4a6c-52f2-4b51-a010-11b494fd8a09","ELEMENT":"b5fc4a6c-52f2-4b51-a010-11b494fd8a09"},{"element-6066-11e4-a52e-4f735466cecf":"69e9206e-e824-452c-b30d-9456f955f3fd","ELEMENT":"69e9206e-e824-452c-b30d-9456f955f3fd"},{"element-6066-11e4-a52e-4f735466cecf":"9242a053-c3e6-45cf-bd5b-c1a6aa73769a","ELEMENT":"9242a053-c3e6-45cf-bd5b-c1a6aa73769...
&amp#27;[35m[HTTP]&amp#27;[39m &amp#27;[37m<-- POST /wd/hub/session/72f517da-910c-46a8-8c18-f52fc551c88e/elements &amp#27;[39m&amp#27;[32m200&amp#27;[39m &amp#27;[90m112 ms - 1291&amp#27;[39m
&amp#27;[35m[HTTP]&amp#27;[39m &amp#27;[90m&amp#27;[39m
&amp#27;[35m[HTTP]&amp#27;[39m &amp#27;[37m-->&amp#27;[39m &amp#27;[37mGET&amp#27;[39m &amp#27;[37m/wd/hub/session/72f517da-910c-46a8-8c18-f52fc551c88e/element/9242a053-c3e6-45cf-bd5b-c1a6aa73769a/text&amp#27;[39m
&amp#27;[35m[HTTP]&amp#27;[39m &amp#27;[90m{}&amp#27;[39m
&amp#27;[35m[W3C (72f517da)]&amp#27;[39m Driver proxy active, passing request on via HTTP proxy
[debug] &amp#27;[35m[WD Proxy]&amp#27;[39m Matched '/wd/hub/session/72f517da-910c-46a8-8c18-f52fc551c88e/element/9242a053-c3e6-45cf-bd5b-c1a6aa73769a/text' to command name 'getText'
[debug] &amp#27;[35m[WD Proxy]&amp#27;[39m Proxying [GET /wd/hub/session/72f517da-910c-46a8-8c18-f52fc551c88e/element/9242a053-c3e6-45cf-bd5b-c1a6aa73769a/text] to [GET http://127.0.0.1:8200/wd/hub/session/a8830392-9b85-4943-b889-72250055e4eb/element/9242a053-c3e6-45cf-bd5b-c1a6aa73769a/text] with no body
[debug] &amp#27;[35m[WD Proxy]&amp#27;[39m Got response with status 200: {"sessionId":"a8830392-9b85-4943-b889-72250055e4eb","value":"CURRENT"}
&amp#27;[35m[WD Proxy]&amp#27;[39m Replacing sessionId a8830392-9b85-4943-b889-72250055e4eb with 72f517da-910c-46a8-8c18-f52fc551c88e
&amp#27;[35m[HTTP]&amp#27;[39m &amp#27;[37m<-- GET /wd/hub/session/72f517da-910c-46a8-8c18-f52fc551c88e/element/9242a053-c3e6-45cf-bd5b-c1a6aa73769a/text &amp#27;[39m&amp#27;[32m200&amp#27;[39m &amp#27;[90m17 ms - 70&amp#27;[39m
&amp#27;[35m[HTTP]&amp#27;[39m &amp#27;[90m&amp#27;[39m

&amp#27;[35m[HTTP]&amp#27;[39m &amp#27;[37m-->&amp#27;[39m &amp#27;[37mGET&amp#27;[39m &amp#27;[37m/wd/hub/session/72f517da-910c-46a8-8c18-f52fc551c88e/context&amp#27;[39m
&amp#27;[35m[HTTP]&amp#27;[39m &amp#27;[90m{}&amp#27;[39m
[debug] &amp#27;[35m[W3C (72f517da)]&amp#27;[39m Calling AppiumDriver.getCurrentContext() with args: ["72f517da-910c-46a8-8c18-f52fc551c88e"]
[debug] &amp#27;[35m[W3C (72f517da)]&amp#27;[39m Responding to client with driver.getCurrentContext() result: "NATIVE_APP"
&amp#27;[35m[HTTP]&amp#27;[39m &amp#27;[37m<-- GET /wd/hub/session/72f517da-910c-46a8-8c18-f52fc551c88e/context &amp#27;[39m&amp#27;[32m200&amp#27;[39m &amp#27;[90m1 ms - 22&amp#27;[39m
&amp#27;[35m[HTTP]&amp#27;[39m &amp#27;[90m&amp#27;[39m
&amp#27;[35m[HTTP]&amp#27;[39m &amp#27;[37m-->&amp#27;[39m &amp#27;[37mPOST&amp#27;[39m &amp#27;[37m/wd/hub/session/72f517da-910c-46a8-8c18-f52fc551c88e/elements&amp#27;[39m
&amp#27;[35m[HTTP]&amp#27;[39m &amp#27;[90m{"using":"xpath","value":"//android.view.View"}&amp#27;[39m
[debug] &amp#27;[35m[W3C (72f517da)]&amp#27;[39m Calling AppiumDriver.findElements() with args: ["xpath","//android.view.View","72f517da-910c-46a8-8c18-f52fc551c88e"]
[debug] &amp#27;[35m[BaseDriver]&amp#27;[39m Valid locator strategies for this request: xpath, id, class name, accessibility id, css selector, -android uiautomator
[debug] &amp#27;[35m[BaseDriver]&amp#27;[39m Waiting up to 20000 ms for condition
[debug] &amp#27;[35m[WD Proxy]&amp#27;[39m Matched '/elements' to command name 'findElements'
[debug] &amp#27;[35m[WD Proxy]&amp#27;[39m Proxying [POST /elements] to [POST http://127.0.0.1:8200/wd/hub/session/a8830392-9b85-4943-b889-72250055e4eb/elements] with body: {"strategy":"xpath","selector":"//android.view.View","context":"","multiple":true}
[debug] &amp#27;[35m[WD Proxy]&amp#27;[39m Got response with status 200: {"sessionId":"a8830392-9b85-4943-b889-72250055e4eb","value":[{"ELEMENT":"6743ca39-bfd7-4511-a05e-582c253c7cce","element-6066-11e4-a52e-4f735466cecf":"6743ca39-bfd7-4511-a05e-582c253c7cce"},{"ELEMENT":"6e67f8b2-f2e7-47bd-bdd4-7c79f0257f22","element-6066-11e4-a52e-4f735466cecf":"6e67f8b2-f2e7-47bd-bdd4-7c79f0257f22"},{"ELEMENT":"1ecee7ab-01d1-4ac9-952d-35184edf8099","element-6066-11e4-a52e-4f735466cecf":"1ecee7ab-01d1-4ac9-952d-35184edf8099"},{"ELEMENT":"fe451185-efe7-4428-83a2-5ba54ec8ca38","element-6066-11e4-a52e-4f735466cecf":"fe451185-efe7-4428-83a2-5ba54ec8ca38"},{"ELEMENT":"d8a89802-82a9-4159-9cf8-3a2b72679817","element-6066-11e4-a52e-4f735466cecf":"d8a89802-82a9-4159-9cf8-3a2b72679817"},{"ELEMENT":"c2879b2d-0063-4e42-a816-39bcfce432df","element-6066-11e4-a52e-4f735466cecf":"c2879b2d-0063-4e42-a816-39bcfce432df"},{"ELEMENT":"3af3a8c4-9e31-4691-9000-53976e3af5a7","element-6066-11e4-a52e-4f735466cecf":"3af3a8c4-9e31-4691-9000-53976e3af5a7"},{"ELEMENT":"0d6e779f-0b25-4e09-91fc-97bf6d94dc7d","element-6066-...
[debug] &amp#27;[35m[W3C (72f517da)]&amp#27;[39m Responding to client with driver.findElements() result: [{"element-6066-11e4-a52e-4f735466cecf":"6743ca39-bfd7-4511-a05e-582c253c7cce","ELEMENT":"6743ca39-bfd7-4511-a05e-582c253c7cce"},{"element-6066-11e4-a52e-4f735466cecf":"6e67f8b2-f2e7-47bd-bdd4-7c79f0257f22","ELEMENT":"6e67f8b2-f2e7-47bd-bdd4-7c79f0257f22"},{"element-6066-11e4-a52e-4f735466cecf":"1ecee7ab-01d1-4ac9-952d-35184edf8099","ELEMENT":"1ecee7ab-01d1-4ac9-952d-35184edf8099"},{"element-6066-11e4-a52e-4f735466cecf":"fe451185-efe7-4428-83a2-5ba54ec8ca38","ELEMENT":"fe451185-efe7-4428-83a2-5ba54ec8ca38"},{"element-6066-11e4-a52e-4f735466cecf":"d8a89802-82a9-4159-9cf8-3a2b72679817","ELEMENT":"d8a89802-82a9-4159-9cf8-3a2b72679817"},{"element-6066-11e4-a52e-4f735466cecf":"c2879b2d-0063-4e42-a816-39bcfce432df","ELEMENT":"c2879b2d-0063-4e42-a816-39bcfce432df"},{"element-6066-11e4-a52e-4f735466cecf":"3af3a8c4-9e31-4691-9000-53976e3af5a7","ELEMENT":"3af3a8c4-9e31-4691-9000-53976e3af5a7"},{"element-6066-11e4-a52e-4f735466cecf":"0d6e779f-0b25-4e09-91fc-97bf6d94dc7d","ELEMENT":"0d6e779f-0b25-4e09-91fc-97bf6d94dc7...
&amp#27;[35m[HTTP]&amp#27;[39m &amp#27;[37m<-- POST /wd/hub/session/72f517da-910c-46a8-8c18-f52fc551c88e/elements &amp#27;[39m&amp#27;[32m200&amp#27;[39m &amp#27;[90m133 ms - 6155&amp#27;[39m
&amp#27;[35m[HTTP]&amp#27;[39m &amp#27;[90m&amp#27;[39m
&amp#27;[35m[HTTP]&amp#27;[39m &amp#27;[37m-->&amp#27;[39m &amp#27;[37mGET&amp#27;[39m &amp#27;[37m/wd/hub/session/72f517da-910c-46a8-8c18-f52fc551c88e/element/7a5a9383-d42a-402d-94cf-f9b4a425dc1a/text&amp#27;[39m
&amp#27;[35m[HTTP]&amp#27;[39m &amp#27;[90m{}&amp#27;[39m
&amp#27;[35m[W3C (72f517da)]&amp#27;[39m Driver proxy active, passing request on via HTTP proxy
[debug] &amp#27;[35m[WD Proxy]&amp#27;[39m Matched '/wd/hub/session/72f517da-910c-46a8-8c18-f52fc551c88e/element/7a5a9383-d42a-402d-94cf-f9b4a425dc1a/text' to command name 'getText'
[debug] &amp#27;[35m[WD Proxy]&amp#27;[39m Proxying [GET /wd/hub/session/72f517da-910c-46a8-8c18-f52fc551c88e/element/7a5a9383-d42a-402d-94cf-f9b4a425dc1a/text] to [GET http://127.0.0.1:8200/wd/hub/session/a8830392-9b85-4943-b889-72250055e4eb/element/7a5a9383-d42a-402d-94cf-f9b4a425dc1a/text] with no body
[debug] &amp#27;[35m[WD Proxy]&amp#27;[39m Got response with status 200: {"sessionId":"a8830392-9b85-4943-b889-72250055e4eb","value":""}
&amp#27;[35m[WD Proxy]&amp#27;[39m Replacing sessionId a8830392-9b85-4943-b889-72250055e4eb with 72f517da-910c-46a8-8c18-f52fc551c88e
&amp#27;[35m[HTTP]&amp#27;[39m &amp#27;[37m<-- GET /wd/hub/session/72f517da-910c-46a8-8c18-f52fc551c88e/element/7a5a9383-d42a-402d-94cf-f9b4a425dc1a/text &amp#27;[39m&amp#27;[32m200&amp#27;[39m &amp#27;[90m14 ms - 63&amp#27;[39m
&amp#27;[35m[HTTP]&amp#27;[39m &amp#27;[90m&amp#27;[39m
&amp#27;[35m[HTTP]&amp#27;[39m &amp#27;[37m-->&amp#27;[39m &amp#27;[37mGET&amp#27;[39m &amp#27;[37m/wd/hub/session/72f517da-910c-46a8-8c18-f52fc551c88e/context&amp#27;[39m
&amp#27;[35m[HTTP]&amp#27;[39m &amp#27;[90m{}&amp#27;[39m
[debug] &amp#27;[35m[W3C (72f517da)]&amp#27;[39m Calling AppiumDriver.getCurrentContext() with args: ["72f517da-910c-46a8-8c18-f52fc551c88e"]
[debug] &amp#27;[35m[W3C (72f517da)]&amp#27;[39m Responding to client with driver.getCurrentContext() result: "NATIVE_APP"
&amp#27;[35m[HTTP]&amp#27;[39m &amp#27;[37m<-- GET /wd/hub/session/72f517da-910c-46a8-8c18-f52fc551c88e/context &amp#27;[39m&amp#27;[32m200&amp#27;[39m &amp#27;[90m1 ms - 22&amp#27;[39m
&amp#27;[35m[HTTP]&amp#27;[39m &amp#27;[90m&amp#27;[39m
&amp#27;[35m[HTTP]&amp#27;[39m &amp#27;[37m-->&amp#27;[39m &amp#27;[37mPOST&amp#27;[39m &amp#27;[37m/wd/hub/session/72f517da-910c-46a8-8c18-f52fc551c88e/elements&amp#27;[39m
&amp#27;[35m[HTTP]&amp#27;[39m &amp#27;[90m{"using":"xpath","value":"//android.widget.TextView"}&amp#27;[39m
[debug] &amp#27;[35m[W3C (72f517da)]&amp#27;[39m Calling AppiumDriver.findElements() with args: ["xpath","//android.widget.TextView","72f517da-910c-46a8-8c18-f52fc551c88e"]
[debug] &amp#27;[35m[BaseDriver]&amp#27;[39m Valid locator strategies for this request: xpath, id, class name, accessibility id, css selector, -android uiautomator
[debug] &amp#27;[35m[BaseDriver]&amp#27;[39m Waiting up to 20000 ms for condition
[debug] &amp#27;[35m[WD Proxy]&amp#27;[39m Matched '/elements' to command name 'findElements'
[debug] &amp#27;[35m[WD Proxy]&amp#27;[39m Proxying [POST /elements] to [POST http://127.0.0.1:8200/wd/hub/session/a8830392-9b85-4943-b889-72250055e4eb/elements] with body: {"strategy":"xpath","selector":"//android.widget.TextView","context":"","multiple":true}
[debug] &amp#27;[35m[WD Proxy]&amp#27;[39m Got response with status 200: {"sessionId":"a8830392-9b85-4943-b889-72250055e4eb","value":[{"ELEMENT":"9e716a92-4890-4722-84ab-8bd1c72b9b56","element-6066-11e4-a52e-4f735466cecf":"9e716a92-4890-4722-84ab-8bd1c72b9b56"},{"ELEMENT":"def637c6-dbe3-4219-9419-12b58360b6ee","element-6066-11e4-a52e-4f735466cecf":"def637c6-dbe3-4219-9419-12b58360b6ee"},{"ELEMENT":"e2810e57-e006-4663-9159-b8fec20c7b47","element-6066-11e4-a52e-4f735466cecf":"e2810e57-e006-4663-9159-b8fec20c7b47"},{"ELEMENT":"d5886747-59c6-4f5f-b8ea-c09dd1aa28c7","element-6066-11e4-a52e-4f735466cecf":"d5886747-59c6-4f5f-b8ea-c09dd1aa28c7"},{"ELEMENT":"43caba20-29f7-4d80-b386-fd275fbf0bee","element-6066-11e4-a52e-4f735466cecf":"43caba20-29f7-4d80-b386-fd275fbf0bee"},{"ELEMENT":"8dea19f6-354a-49d3-9f5c-98a34ad59bd1","element-6066-11e4-a52e-4f735466cecf":"8dea19f6-354a-49d3-9f5c-98a34ad59bd1"},{"ELEMENT":"c1784960-2f38-4407-8ee5-c07bbd0cee39","element-6066-11e4-a52e-4f735466cecf":"c1784960-2f38-4407-8ee5-c07bbd0cee39"},{"ELEMENT":"b3d3ccfb-a35c-4af8-a153-146871582ed0","element-6066-...
[debug] &amp#27;[35m[W3C (72f517da)]&amp#27;[39m Responding to client with driver.findElements() result: [{"element-6066-11e4-a52e-4f735466cecf":"9e716a92-4890-4722-84ab-8bd1c72b9b56","ELEMENT":"9e716a92-4890-4722-84ab-8bd1c72b9b56"},{"element-6066-11e4-a52e-4f735466cecf":"def637c6-dbe3-4219-9419-12b58360b6ee","ELEMENT":"def637c6-dbe3-4219-9419-12b58360b6ee"},{"element-6066-11e4-a52e-4f735466cecf":"e2810e57-e006-4663-9159-b8fec20c7b47","ELEMENT":"e2810e57-e006-4663-9159-b8fec20c7b47"},{"element-6066-11e4-a52e-4f735466cecf":"d5886747-59c6-4f5f-b8ea-c09dd1aa28c7","ELEMENT":"d5886747-59c6-4f5f-b8ea-c09dd1aa28c7"},{"element-6066-11e4-a52e-4f735466cecf":"43caba20-29f7-4d80-b386-fd275fbf0bee","ELEMENT":"43caba20-29f7-4d80-b386-fd275fbf0bee"},{"element-6066-11e4-a52e-4f735466cecf":"8dea19f6-354a-49d3-9f5c-98a34ad59bd1","ELEMENT":"8dea19f6-354a-49d3-9f5c-98a34ad59bd1"},{"element-6066-11e4-a52e-4f735466cecf":"c1784960-2f38-4407-8ee5-c07bbd0cee39","ELEMENT":"c1784960-2f38-4407-8ee5-c07bbd0cee39"},{"element-6066-11e4-a52e-4f735466cecf":"b3d3ccfb-a35c-4af8-a153-146871582ed0","ELEMENT":"b3d3ccfb-a35c-4af8-a153-146871582ed...
&amp#27;[35m[HTTP]&amp#27;[39m &amp#27;[37m<-- POST /wd/hub/session/72f517da-910c-46a8-8c18-f52fc551c88e/elements &amp#27;[39m&amp#27;[32m200&amp#27;[39m &amp#27;[90m121 ms - 1291&amp#27;[39m
&amp#27;[35m[HTTP]&amp#27;[39m &amp#27;[90m&amp#27;[39m
&amp#27;[35m[HTTP]&amp#27;[39m &amp#27;[37m-->&amp#27;[39m &amp#27;[37mGET&amp#27;[39m &amp#27;[37m/wd/hub/session/72f517da-910c-46a8-8c18-f52fc551c88e/element/b3d3ccfb-a35c-4af8-a153-146871582ed0/text&amp#27;[39m
&amp#27;[35m[HTTP]&amp#27;[39m &amp#27;[90m{}&amp#27;[39m
&amp#27;[35m[W3C (72f517da)]&amp#27;[39m Driver proxy active, passing request on via HTTP proxy
[debug] &amp#27;[35m[WD Proxy]&amp#27;[39m Matched '/wd/hub/session/72f517da-910c-46a8-8c18-f52fc551c88e/element/b3d3ccfb-a35c-4af8-a153-146871582ed0/text' to command name 'getText'
[debug] &amp#27;[35m[WD Proxy]&amp#27;[39m Proxying [GET /wd/hub/session/72f517da-910c-46a8-8c18-f52fc551c88e/element/b3d3ccfb-a35c-4af8-a153-146871582ed0/text] to [GET http://127.0.0.1:8200/wd/hub/session/a8830392-9b85-4943-b889-72250055e4eb/element/b3d3ccfb-a35c-4af8-a153-146871582ed0/text] with no body
[debug] &amp#27;[35m[WD Proxy]&amp#27;[39m Got response with status 200: {"sessionId":"a8830392-9b85-4943-b889-72250055e4eb","value":"CURRENT"}
&amp#27;[35m[WD Proxy]&amp#27;[39m Replacing sessionId a8830392-9b85-4943-b889-72250055e4eb with 72f517da-910c-46a8-8c18-f52fc551c88e
&amp#27;[35m[HTTP]&amp#27;[39m &amp#27;[37m<-- GET /wd/hub/session/72f517da-910c-46a8-8c18-f52fc551c88e/element/b3d3ccfb-a35c-4af8-a153-146871582ed0/text &amp#27;[39m&amp#27;[32m200&amp#27;[39m &amp#27;[90m19 ms - 70&amp#27;[39m
&amp#27;[35m[HTTP]&amp#27;[39m &amp#27;[90m&amp#27;[39m

&amp#27;[35m[HTTP]&amp#27;[39m &amp#27;[37m-->&amp#27;[39m &amp#27;[37mGET&amp#27;[39m &amp#27;[37m/wd/hub/session/72f517da-910c-46a8-8c18-f52fc551c88e/context&amp#27;[39m
&amp#27;[35m[HTTP]&amp#27;[39m &amp#27;[90m{}&amp#27;[39m
[debug] &amp#27;[35m[W3C (72f517da)]&amp#27;[39m Calling AppiumDriver.getCurrentContext() with args: ["72f517da-910c-46a8-8c18-f52fc551c88e"]
[debug] &amp#27;[35m[W3C (72f517da)]&amp#27;[39m Responding to client with driver.getCurrentContext() result: "NATIVE_APP"
&amp#27;[35m[HTTP]&amp#27;[39m &amp#27;[37m<-- GET /wd/hub/session/72f517da-910c-46a8-8c18-f52fc551c88e/context &amp#27;[39m&amp#27;[32m200&amp#27;[39m &amp#27;[90m1 ms - 22&amp#27;[39m
&amp#27;[35m[HTTP]&amp#27;[39m &amp#27;[90m&amp#27;[39m
&amp#27;[35m[HTTP]&amp#27;[39m &amp#27;[37m-->&amp#27;[39m &amp#27;[37mPOST&amp#27;[39m &amp#27;[37m/wd/hub/session/72f517da-910c-46a8-8c18-f52fc551c88e/elements&amp#27;[39m
&amp#27;[35m[HTTP]&amp#27;[39m &amp#27;[90m{"using":"xpath","value":"//android.view.View"}&amp#27;[39m
[debug] &amp#27;[35m[W3C (72f517da)]&amp#27;[39m Calling AppiumDriver.findElements() with args: ["xpath","//android.view.View","72f517da-910c-46a8-8c18-f52fc551c88e"]
[debug] &amp#27;[35m[BaseDriver]&amp#27;[39m Valid locator strategies for this request: xpath, id, class name, accessibility id, css selector, -android uiautomator
[debug] &amp#27;[35m[BaseDriver]&amp#27;[39m Waiting up to 20000 ms for condition
[debug] &amp#27;[35m[WD Proxy]&amp#27;[39m Matched '/elements' to command name 'findElements'
[debug] &amp#27;[35m[WD Proxy]&amp#27;[39m Proxying [POST /elements] to [POST http://127.0.0.1:8200/wd/hub/session/a8830392-9b85-4943-b889-72250055e4eb/elements] with body: {"strategy":"xpath","selector":"//android.view.View","context":"","multiple":true}
[debug] &amp#27;[35m[WD Proxy]&amp#27;[39m Got response with status 200: {"sessionId":"a8830392-9b85-4943-b889-72250055e4eb","value":[{"ELEMENT":"f1db4ad3-885e-48e0-89b7-a7f16ca857b7","element-6066-11e4-a52e-4f735466cecf":"f1db4ad3-885e-48e0-89b7-a7f16ca857b7"},{"ELEMENT":"b06fac09-c433-408a-b413-b9e882888197","element-6066-11e4-a52e-4f735466cecf":"b06fac09-c433-408a-b413-b9e882888197"},{"ELEMENT":"fbb0b0c8-12cd-4a98-b1b1-e9d2a13d93cb","element-6066-11e4-a52e-4f735466cecf":"fbb0b0c8-12cd-4a98-b1b1-e9d2a13d93cb"},{"ELEMENT":"922010b5-4e20-42f3-91d5-bb75595bdb5f","element-6066-11e4-a52e-4f735466cecf":"922010b5-4e20-42f3-91d5-bb75595bdb5f"},{"ELEMENT":"cc4c95c9-5c27-48a4-8185-af3773fc8ad1","element-6066-11e4-a52e-4f735466cecf":"cc4c95c9-5c27-48a4-8185-af3773fc8ad1"},{"ELEMENT":"0d65bfda-8c7d-4772-8f62-0a34dcc1ad4d","element-6066-11e4-a52e-4f735466cecf":"0d65bfda-8c7d-4772-8f62-0a34dcc1ad4d"},{"ELEMENT":"7f0a7e2b-1da3-48f7-bb43-7fece1d9684b","element-6066-11e4-a52e-4f735466cecf":"7f0a7e2b-1da3-48f7-bb43-7fece1d9684b"},{"ELEMENT":"2ea3513b-c75d-4121-8941-df8722efd8f7","element-6066-...
[debug] &amp#27;[35m[W3C (72f517da)]&amp#27;[39m Responding to client with driver.findElements() result: [{"element-6066-11e4-a52e-4f735466cecf":"f1db4ad3-885e-48e0-89b7-a7f16ca857b7","ELEMENT":"f1db4ad3-885e-48e0-89b7-a7f16ca857b7"},{"element-6066-11e4-a52e-4f735466cecf":"b06fac09-c433-408a-b413-b9e882888197","ELEMENT":"b06fac09-c433-408a-b413-b9e882888197"},{"element-6066-11e4-a52e-4f735466cecf":"fbb0b0c8-12cd-4a98-b1b1-e9d2a13d93cb","ELEMENT":"fbb0b0c8-12cd-4a98-b1b1-e9d2a13d93cb"},{"element-6066-11e4-a52e-4f735466cecf":"922010b5-4e20-42f3-91d5-bb75595bdb5f","ELEMENT":"922010b5-4e20-42f3-91d5-bb75595bdb5f"},{"element-6066-11e4-a52e-4f735466cecf":"cc4c95c9-5c27-48a4-8185-af3773fc8ad1","ELEMENT":"cc4c95c9-5c27-48a4-8185-af3773fc8ad1"},{"element-6066-11e4-a52e-4f735466cecf":"0d65bfda-8c7d-4772-8f62-0a34dcc1ad4d","ELEMENT":"0d65bfda-8c7d-4772-8f62-0a34dcc1ad4d"},{"element-6066-11e4-a52e-4f735466cecf":"7f0a7e2b-1da3-48f7-bb43-7fece1d9684b","ELEMENT":"7f0a7e2b-1da3-48f7-bb43-7fece1d9684b"},{"element-6066-11e4-a52e-4f735466cecf":"2ea3513b-c75d-4121-8941-df8722efd8f7","ELEMENT":"2ea3513b-c75d-4121-8941-df8722efd8f...
&amp#27;[35m[HTTP]&amp#27;[39m &amp#27;[37m<-- POST /wd/hub/session/72f517da-910c-46a8-8c18-f52fc551c88e/elements &amp#27;[39m&amp#27;[32m200&amp#27;[39m &amp#27;[90m116 ms - 6155&amp#27;[39m
&amp#27;[35m[HTTP]&amp#27;[39m &amp#27;[90m&amp#27;[39m
&amp#27;[35m[HTTP]&amp#27;[39m &amp#27;[37m-->&amp#27;[39m &amp#27;[37mGET&amp#27;[39m &amp#27;[37m/wd/hub/session/72f517da-910c-46a8-8c18-f52fc551c88e/element/cb8e7f83-f8d3-43f6-b4b7-7a0d7e6e3a88/text&amp#27;[39m
&amp#27;[35m[HTTP]&amp#27;[39m &amp#27;[90m{}&amp#27;[39m
&amp#27;[35m[W3C (72f517da)]&amp#27;[39m Driver proxy active, passing request on via HTTP proxy
[debug] &amp#27;[35m[WD Proxy]&amp#27;[39m Matched '/wd/hub/session/72f517da-910c-46a8-8c18-f52fc551c88e/element/cb8e7f83-f8d3-43f6-b4b7-7a0d7e6e3a88/text' to command name 'getText'
[debug] &amp#27;[35m[WD Proxy]&amp#27;[39m Proxying [GET /wd/hub/session/72f517da-910c-46a8-8c18-f52fc551c88e/element/cb8e7f83-f8d3-43f6-b4b7-7a0d7e6e3a88/text] to [GET http://127.0.0.1:8200/wd/hub/session/a8830392-9b85-4943-b889-72250055e4eb/element/cb8e7f83-f8d3-43f6-b4b7-7a0d7e6e3a88/text] with no body
[debug] &amp#27;[35m[WD Proxy]&amp#27;[39m Got response with status 200: {"sessionId":"a8830392-9b85-4943-b889-72250055e4eb","value":""}
&amp#27;[35m[WD Proxy]&amp#27;[39m Replacing sessionId a8830392-9b85-4943-b889-72250055e4eb with 72f517da-910c-46a8-8c18-f52fc551c88e
&amp#27;[35m[HTTP]&amp#27;[39m &amp#27;[37m<-- GET /wd/hub/session/72f517da-910c-46a8-8c18-f52fc551c88e/element/cb8e7f83-f8d3-43f6-b4b7-7a0d7e6e3a88/text &amp#27;[39m&amp#27;[32m200&amp#27;[39m &amp#27;[90m16 ms - 63&amp#27;[39m
&amp#27;[35m[HTTP]&amp#27;[39m &amp#27;[90m&amp#27;[39m
&amp#27;[35m[HTTP]&amp#27;[39m &amp#27;[37m-->&amp#27;[39m &amp#27;[37mGET&amp#27;[39m &amp#27;[37m/wd/hub/session/72f517da-910c-46a8-8c18-f52fc551c88e/context&amp#27;[39m
&amp#27;[35m[HTTP]&amp#27;[39m &amp#27;[90m{}&amp#27;[39m
[debug] &amp#27;[35m[W3C (72f517da)]&amp#27;[39m Calling AppiumDriver.getCurrentContext() with args: ["72f517da-910c-46a8-8c18-f52fc551c88e"]
[debug] &amp#27;[35m[W3C (72f517da)]&amp#27;[39m Responding to client with driver.getCurrentContext() result: "NATIVE_APP"
&amp#27;[35m[HTTP]&amp#27;[39m &amp#27;[37m<-- GET /wd/hub/session/72f517da-910c-46a8-8c18-f52fc551c88e/context &amp#27;[39m&amp#27;[32m200&amp#27;[39m &amp#27;[90m2 ms - 22&amp#27;[39m
&amp#27;[35m[HTTP]&amp#27;[39m &amp#27;[90m&amp#27;[39m
&amp#27;[35m[HTTP]&amp#27;[39m &amp#27;[37m-->&amp#27;[39m &amp#27;[37mPOST&amp#27;[39m &amp#27;[37m/wd/hub/session/72f517da-910c-46a8-8c18-f52fc551c88e/elements&amp#27;[39m
&amp#27;[35m[HTTP]&amp#27;[39m &amp#27;[90m{"using":"xpath","value":"//android.widget.TextView"}&amp#27;[39m
[debug] &amp#27;[35m[W3C (72f517da)]&amp#27;[39m Calling AppiumDriver.findElements() with args: ["xpath","//android.widget.TextView","72f517da-910c-46a8-8c18-f52fc551c88e"]
[debug] &amp#27;[35m[BaseDriver]&amp#27;[39m Valid locator strategies for this request: xpath, id, class name, accessibility id, css selector, -android uiautomator
[debug] &amp#27;[35m[BaseDriver]&amp#27;[39m Waiting up to 20000 ms for condition
[debug] &amp#27;[35m[WD Proxy]&amp#27;[39m Matched '/elements' to command name 'findElements'
[debug] &amp#27;[35m[WD Proxy]&amp#27;[39m Proxying [POST /elements] to [POST http://127.0.0.1:8200/wd/hub/session/a8830392-9b85-4943-b889-72250055e4eb/elements] with body: {"strategy":"xpath","selector":"//android.widget.TextView","context":"","multiple":true}
[debug] &amp#27;[35m[WD Proxy]&amp#27;[39m Got response with status 200: {"sessionId":"a8830392-9b85-4943-b889-72250055e4eb","value":[{"ELEMENT":"e6f7847d-1348-46b9-8547-769271a227cb","element-6066-11e4-a52e-4f735466cecf":"e6f7847d-1348-46b9-8547-769271a227cb"},{"ELEMENT":"8ab8249e-ce30-4316-bb87-04d781c1602b","element-6066-11e4-a52e-4f735466cecf":"8ab8249e-ce30-4316-bb87-04d781c1602b"},{"ELEMENT":"f4e0f5da-d0b0-443b-ad2f-3fa1c5a71047","element-6066-11e4-a52e-4f735466cecf":"f4e0f5da-d0b0-443b-ad2f-3fa1c5a71047"},{"ELEMENT":"86f30dc8-ae61-4bb8-8ea4-f4c3ac58fd09","element-6066-11e4-a52e-4f735466cecf":"86f30dc8-ae61-4bb8-8ea4-f4c3ac58fd09"},{"ELEMENT":"b86868c8-9ccd-407e-bbfc-f41d96c150f2","element-6066-11e4-a52e-4f735466cecf":"b86868c8-9ccd-407e-bbfc-f41d96c150f2"},{"ELEMENT":"d8c70c3c-b988-43ec-8150-55969abcc602","element-6066-11e4-a52e-4f735466cecf":"d8c70c3c-b988-43ec-8150-55969abcc602"},{"ELEMENT":"581eac64-9bf5-4d30-a10e-ccfb27e3527d","element-6066-11e4-a52e-4f735466cecf":"581eac64-9bf5-4d30-a10e-ccfb27e3527d"},{"ELEMENT":"138bdd27-6856-4ab6-bbe3-c8a9e180bbc6","element-6066-...
[debug] &amp#27;[35m[W3C (72f517da)]&amp#27;[39m Responding to client with driver.findElements() result: [{"element-6066-11e4-a52e-4f735466cecf":"e6f7847d-1348-46b9-8547-769271a227cb","ELEMENT":"e6f7847d-1348-46b9-8547-769271a227cb"},{"element-6066-11e4-a52e-4f735466cecf":"8ab8249e-ce30-4316-bb87-04d781c1602b","ELEMENT":"8ab8249e-ce30-4316-bb87-04d781c1602b"},{"element-6066-11e4-a52e-4f735466cecf":"f4e0f5da-d0b0-443b-ad2f-3fa1c5a71047","ELEMENT":"f4e0f5da-d0b0-443b-ad2f-3fa1c5a71047"},{"element-6066-11e4-a52e-4f735466cecf":"86f30dc8-ae61-4bb8-8ea4-f4c3ac58fd09","ELEMENT":"86f30dc8-ae61-4bb8-8ea4-f4c3ac58fd09"},{"element-6066-11e4-a52e-4f735466cecf":"b86868c8-9ccd-407e-bbfc-f41d96c150f2","ELEMENT":"b86868c8-9ccd-407e-bbfc-f41d96c150f2"},{"element-6066-11e4-a52e-4f735466cecf":"d8c70c3c-b988-43ec-8150-55969abcc602","ELEMENT":"d8c70c3c-b988-43ec-8150-55969abcc602"},{"element-6066-11e4-a52e-4f735466cecf":"581eac64-9bf5-4d30-a10e-ccfb27e3527d","ELEMENT":"581eac64-9bf5-4d30-a10e-ccfb27e3527d"},{"element-6066-11e4-a52e-4f735466cecf":"138bdd27-6856-4ab6-bbe3-c8a9e180bbc6","ELEMENT":"138bdd27-6856-4ab6-bbe3-c8a9e180bbc...
&amp#27;[35m[HTTP]&amp#27;[39m &amp#27;[37m<-- POST /wd/hub/session/72f517da-910c-46a8-8c18-f52fc551c88e/elements &amp#27;[39m&amp#27;[32m200&amp#27;[39m &amp#27;[90m103 ms - 1291&amp#27;[39m
&amp#27;[35m[HTTP]&amp#27;[39m &amp#27;[90m&amp#27;[39m
&amp#27;[35m[HTTP]&amp#27;[39m &amp#27;[37m-->&amp#27;[39m &amp#27;[37mGET&amp#27;[39m &amp#27;[37m/wd/hub/session/72f517da-910c-46a8-8c18-f52fc551c88e/element/138bdd27-6856-4ab6-bbe3-c8a9e180bbc6/text&amp#27;[39m
&amp#27;[35m[HTTP]&amp#27;[39m &amp#27;[90m{}&amp#27;[39m
&amp#27;[35m[W3C (72f517da)]&amp#27;[39m Driver proxy active, passing request on via HTTP proxy
[debug] &amp#27;[35m[WD Proxy]&amp#27;[39m Matched '/wd/hub/session/72f517da-910c-46a8-8c18-f52fc551c88e/element/138bdd27-6856-4ab6-bbe3-c8a9e180bbc6/text' to command name 'getText'
[debug] &amp#27;[35m[WD Proxy]&amp#27;[39m Proxying [GET /wd/hub/session/72f517da-910c-46a8-8c18-f52fc551c88e/element/138bdd27-6856-4ab6-bbe3-c8a9e180bbc6/text] to [GET http://127.0.0.1:8200/wd/hub/session/a8830392-9b85-4943-b889-72250055e4eb/element/138bdd27-6856-4ab6-bbe3-c8a9e180bbc6/text] with no body
[debug] &amp#27;[35m[WD Proxy]&amp#27;[39m Got response with status 200: {"sessionId":"a8830392-9b85-4943-b889-72250055e4eb","value":"CURRENT"}
&amp#27;[35m[WD Proxy]&amp#27;[39m Replacing sessionId a8830392-9b85-4943-b889-72250055e4eb with 72f517da-910c-46a8-8c18-f52fc551c88e
&amp#27;[35m[HTTP]&amp#27;[39m &amp#27;[37m<-- GET /wd/hub/session/72f517da-910c-46a8-8c18-f52fc551c88e/element/138bdd27-6856-4ab6-bbe3-c8a9e180bbc6/text &amp#27;[39m&amp#27;[32m200&amp#27;[39m &amp#27;[90m19 ms - 70&amp#27;[39m
&amp#27;[35m[HTTP]&amp#27;[39m &amp#27;[90m&amp#27;[39m

&amp#27;[35m[HTTP]&amp#27;[39m &amp#27;[37m-->&amp#27;[39m &amp#27;[37mGET&amp#27;[39m &amp#27;[37m/wd/hub/session/72f517da-910c-46a8-8c18-f52fc551c88e/context&amp#27;[39m
&amp#27;[35m[HTTP]&amp#27;[39m &amp#27;[90m{}&amp#27;[39m
[debug] &amp#27;[35m[W3C (72f517da)]&amp#27;[39m Calling AppiumDriver.getCurrentContext() with args: ["72f517da-910c-46a8-8c18-f52fc551c88e"]
[debug] &amp#27;[35m[W3C (72f517da)]&amp#27;[39m Responding to client with driver.getCurrentContext() result: "NATIVE_APP"
&amp#27;[35m[HTTP]&amp#27;[39m &amp#27;[37m<-- GET /wd/hub/session/72f517da-910c-46a8-8c18-f52fc551c88e/context &amp#27;[39m&amp#27;[32m200&amp#27;[39m &amp#27;[90m1 ms - 22&amp#27;[39m
&amp#27;[35m[HTTP]&amp#27;[39m &amp#27;[90m&amp#27;[39m
&amp#27;[35m[HTTP]&amp#27;[39m &amp#27;[37m-->&amp#27;[39m &amp#27;[37mPOST&amp#27;[39m &amp#27;[37m/wd/hub/session/72f517da-910c-46a8-8c18-f52fc551c88e/elements&amp#27;[39m
&amp#27;[35m[HTTP]&amp#27;[39m &amp#27;[90m{"using":"xpath","value":"//android.view.View"}&amp#27;[39m
[debug] &amp#27;[35m[W3C (72f517da)]&amp#27;[39m Calling AppiumDriver.findElements() with args: ["xpath","//android.view.View","72f517da-910c-46a8-8c18-f52fc551c88e"]
[debug] &amp#27;[35m[BaseDriver]&amp#27;[39m Valid locator strategies for this request: xpath, id, class name, accessibility id, css selector, -android uiautomator
[debug] &amp#27;[35m[BaseDriver]&amp#27;[39m Waiting up to 20000 ms for condition
[debug] &amp#27;[35m[WD Proxy]&amp#27;[39m Matched '/elements' to command name 'findElements'
[debug] &amp#27;[35m[WD Proxy]&amp#27;[39m Proxying [POST /elements] to [POST http://127.0.0.1:8200/wd/hub/session/a8830392-9b85-4943-b889-72250055e4eb/elements] with body: {"strategy":"xpath","selector":"//android.view.View","context":"","multiple":true}
[debug] &amp#27;[35m[WD Proxy]&amp#27;[39m Got response with status 200: {"sessionId":"a8830392-9b85-4943-b889-72250055e4eb","value":[{"ELEMENT":"7097e024-7471-4400-b7da-cee26ad62005","element-6066-11e4-a52e-4f735466cecf":"7097e024-7471-4400-b7da-cee26ad62005"},{"ELEMENT":"897e5ba9-2e76-445c-ba59-c5863f8cd982","element-6066-11e4-a52e-4f735466cecf":"897e5ba9-2e76-445c-ba59-c5863f8cd982"},{"ELEMENT":"0fd92241-4271-4474-8dbe-912c09539e8b","element-6066-11e4-a52e-4f735466cecf":"0fd92241-4271-4474-8dbe-912c09539e8b"},{"ELEMENT":"25fc7891-e006-415c-a113-e8d064929888","element-6066-11e4-a52e-4f735466cecf":"25fc7891-e006-415c-a113-e8d064929888"},{"ELEMENT":"4ccc546e-4889-42c8-9517-41c6dbb0d680","element-6066-11e4-a52e-4f735466cecf":"4ccc546e-4889-42c8-9517-41c6dbb0d680"},{"ELEMENT":"9f83e8c6-088f-4902-9abe-890c5f593a8e","element-6066-11e4-a52e-4f735466cecf":"9f83e8c6-088f-4902-9abe-890c5f593a8e"},{"ELEMENT":"f052f9e6-a1d9-4411-800b-3809ea15eb82","element-6066-11e4-a52e-4f735466cecf":"f052f9e6-a1d9-4411-800b-3809ea15eb82"},{"ELEMENT":"263d2dd3-5de9-4cfe-b6be-0daa58fc129a","element-6066-...
[debug] &amp#27;[35m[W3C (72f517da)]&amp#27;[39m Responding to client with driver.findElements() result: [{"element-6066-11e4-a52e-4f735466cecf":"7097e024-7471-4400-b7da-cee26ad62005","ELEMENT":"7097e024-7471-4400-b7da-cee26ad62005"},{"element-6066-11e4-a52e-4f735466cecf":"897e5ba9-2e76-445c-ba59-c5863f8cd982","ELEMENT":"897e5ba9-2e76-445c-ba59-c5863f8cd982"},{"element-6066-11e4-a52e-4f735466cecf":"0fd92241-4271-4474-8dbe-912c09539e8b","ELEMENT":"0fd92241-4271-4474-8dbe-912c09539e8b"},{"element-6066-11e4-a52e-4f735466cecf":"25fc7891-e006-415c-a113-e8d064929888","ELEMENT":"25fc7891-e006-415c-a113-e8d064929888"},{"element-6066-11e4-a52e-4f735466cecf":"4ccc546e-4889-42c8-9517-41c6dbb0d680","ELEMENT":"4ccc546e-4889-42c8-9517-41c6dbb0d680"},{"element-6066-11e4-a52e-4f735466cecf":"9f83e8c6-088f-4902-9abe-890c5f593a8e","ELEMENT":"9f83e8c6-088f-4902-9abe-890c5f593a8e"},{"element-6066-11e4-a52e-4f735466cecf":"f052f9e6-a1d9-4411-800b-3809ea15eb82","ELEMENT":"f052f9e6-a1d9-4411-800b-3809ea15eb82"},{"element-6066-11e4-a52e-4f735466cecf":"263d2dd3-5de9-4cfe-b6be-0daa58fc129a","ELEMENT":"263d2dd3-5de9-4cfe-b6be-0daa58fc129...
&amp#27;[35m[HTTP]&amp#27;[39m &amp#27;[37m<-- POST /wd/hub/session/72f517da-910c-46a8-8c18-f52fc551c88e/elements &amp#27;[39m&amp#27;[32m200&amp#27;[39m &amp#27;[90m133 ms - 6155&amp#27;[39m
&amp#27;[35m[HTTP]&amp#27;[39m &amp#27;[90m&amp#27;[39m
&amp#27;[35m[HTTP]&amp#27;[39m &amp#27;[37m-->&amp#27;[39m &amp#27;[37mGET&amp#27;[39m &amp#27;[37m/wd/hub/session/72f517da-910c-46a8-8c18-f52fc551c88e/element/a7f587fd-6824-476d-8062-ec0c6221d3b0/text&amp#27;[39m
&amp#27;[35m[HTTP]&amp#27;[39m &amp#27;[90m{}&amp#27;[39m
&amp#27;[35m[W3C (72f517da)]&amp#27;[39m Driver proxy active, passing request on via HTTP proxy
[debug] &amp#27;[35m[WD Proxy]&amp#27;[39m Matched '/wd/hub/session/72f517da-910c-46a8-8c18-f52fc551c88e/element/a7f587fd-6824-476d-8062-ec0c6221d3b0/text' to command name 'getText'
[debug] &amp#27;[35m[WD Proxy]&amp#27;[39m Proxying [GET /wd/hub/session/72f517da-910c-46a8-8c18-f52fc551c88e/element/a7f587fd-6824-476d-8062-ec0c6221d3b0/text] to [GET http://127.0.0.1:8200/wd/hub/session/a8830392-9b85-4943-b889-72250055e4eb/element/a7f587fd-6824-476d-8062-ec0c6221d3b0/text] with no body
[debug] &amp#27;[35m[WD Proxy]&amp#27;[39m Got response with status 200: {"sessionId":"a8830392-9b85-4943-b889-72250055e4eb","value":"XX 950"}
&amp#27;[35m[WD Proxy]&amp#27;[39m Replacing sessionId a8830392-9b85-4943-b889-72250055e4eb with 72f517da-910c-46a8-8c18-f52fc551c88e
&amp#27;[35m[HTTP]&amp#27;[39m &amp#27;[37m<-- GET /wd/hub/session/72f517da-910c-46a8-8c18-f52fc551c88e/element/a7f587fd-6824-476d-8062-ec0c6221d3b0/text &amp#27;[39m&amp#27;[32m200&amp#27;[39m &amp#27;[90m21 ms - 69&amp#27;[39m
&amp#27;[35m[HTTP]&amp#27;[39m &amp#27;[90m&amp#27;[39m
&amp#27;[35m[HTTP]&amp#27;[39m &amp#27;[37m-->&amp#27;[39m &amp#27;[37mGET&amp#27;[39m &amp#27;[37m/wd/hub/session/72f517da-910c-46a8-8c18-f52fc551c88e/context&amp#27;[39m
&amp#27;[35m[HTTP]&amp#27;[39m &amp#27;[90m{}&amp#27;[39m
[debug] &amp#27;[35m[W3C (72f517da)]&amp#27;[39m Calling AppiumDriver.getCurrentContext() with args: ["72f517da-910c-46a8-8c18-f52fc551c88e"]
[debug] &amp#27;[35m[W3C (72f517da)]&amp#27;[39m Responding to client with driver.getCurrentContext() result: "NATIVE_APP"
&amp#27;[35m[HTTP]&amp#27;[39m &amp#27;[37m<-- GET /wd/hub/session/72f517da-910c-46a8-8c18-f52fc551c88e/context &amp#27;[39m&amp#27;[32m200&amp#27;[39m &amp#27;[90m1 ms - 22&amp#27;[39m
&amp#27;[35m[HTTP]&amp#27;[39m &amp#27;[90m&amp#27;[39m
&amp#27;[35m[HTTP]&amp#27;[39m &amp#27;[37m-->&amp#27;[39m &amp#27;[37mPOST&amp#27;[39m &amp#27;[37m/wd/hub/session/72f517da-910c-46a8-8c18-f52fc551c88e/elements&amp#27;[39m
&amp#27;[35m[HTTP]&amp#27;[39m &amp#27;[90m{"using":"xpath","value":"//android.widget.TextView"}&amp#27;[39m
[debug] &amp#27;[35m[W3C (72f517da)]&amp#27;[39m Calling AppiumDriver.findElements() with args: ["xpath","//android.widget.TextView","72f517da-910c-46a8-8c18-f52fc551c88e"]
[debug] &amp#27;[35m[BaseDriver]&amp#27;[39m Valid locator strategies for this request: xpath, id, class name, accessibility id, css selector, -android uiautomator
[debug] &amp#27;[35m[BaseDriver]&amp#27;[39m Waiting up to 20000 ms for condition
[debug] &amp#27;[35m[WD Proxy]&amp#27;[39m Matched '/elements' to command name 'findElements'
[debug] &amp#27;[35m[WD Proxy]&amp#27;[39m Proxying [POST /elements] to [POST http://127.0.0.1:8200/wd/hub/session/a8830392-9b85-4943-b889-72250055e4eb/elements] with body: {"strategy":"xpath","selector":"//android.widget.TextView","context":"","multiple":true}
[debug] &amp#27;[35m[WD Proxy]&amp#27;[39m Got response with status 200: {"sessionId":"a8830392-9b85-4943-b889-72250055e4eb","value":[{"ELEMENT":"1578123c-d533-4488-ad5f-cf655f28e712","element-6066-11e4-a52e-4f735466cecf":"1578123c-d533-4488-ad5f-cf655f28e712"},{"ELEMENT":"27401ccf-341e-4eaa-996d-c0ec2644d5dd","element-6066-11e4-a52e-4f735466cecf":"27401ccf-341e-4eaa-996d-c0ec2644d5dd"},{"ELEMENT":"c23e7d1f-ab38-4500-9255-8bc8886a2dcb","element-6066-11e4-a52e-4f735466cecf":"c23e7d1f-ab38-4500-9255-8bc8886a2dcb"},{"ELEMENT":"5ba563c2-0e00-4131-9a8a-464dc4df53c0","element-6066-11e4-a52e-4f735466cecf":"5ba563c2-0e00-4131-9a8a-464dc4df53c0"},{"ELEMENT":"61305854-2c9b-48c3-bb28-a9961821e3eb","element-6066-11e4-a52e-4f735466cecf":"61305854-2c9b-48c3-bb28-a9961821e3eb"},{"ELEMENT":"4264d657-0f54-40c7-969c-49be80d4b211","element-6066-11e4-a52e-4f735466cecf":"4264d657-0f54-40c7-969c-49be80d4b211"},{"ELEMENT":"cb97dcbd-8dd5-49f0-a13a-bd2783ac8583","element-6066-11e4-a52e-4f735466cecf":"cb97dcbd-8dd5-49f0-a13a-bd2783ac8583"},{"ELEMENT":"f6a7d8fc-0ffe-4edd-b3ca-ce09f9f3e5f4","element-6066-...
[debug] &amp#27;[35m[W3C (72f517da)]&amp#27;[39m Responding to client with driver.findElements() result: [{"element-6066-11e4-a52e-4f735466cecf":"1578123c-d533-4488-ad5f-cf655f28e712","ELEMENT":"1578123c-d533-4488-ad5f-cf655f28e712"},{"element-6066-11e4-a52e-4f735466cecf":"27401ccf-341e-4eaa-996d-c0ec2644d5dd","ELEMENT":"27401ccf-341e-4eaa-996d-c0ec2644d5dd"},{"element-6066-11e4-a52e-4f735466cecf":"c23e7d1f-ab38-4500-9255-8bc8886a2dcb","ELEMENT":"c23e7d1f-ab38-4500-9255-8bc8886a2dcb"},{"element-6066-11e4-a52e-4f735466cecf":"5ba563c2-0e00-4131-9a8a-464dc4df53c0","ELEMENT":"5ba563c2-0e00-4131-9a8a-464dc4df53c0"},{"element-6066-11e4-a52e-4f735466cecf":"61305854-2c9b-48c3-bb28-a9961821e3eb","ELEMENT":"61305854-2c9b-48c3-bb28-a9961821e3eb"},{"element-6066-11e4-a52e-4f735466cecf":"4264d657-0f54-40c7-969c-49be80d4b211","ELEMENT":"4264d657-0f54-40c7-969c-49be80d4b211"},{"element-6066-11e4-a52e-4f735466cecf":"cb97dcbd-8dd5-49f0-a13a-bd2783ac8583","ELEMENT":"cb97dcbd-8dd5-49f0-a13a-bd2783ac8583"},{"element-6066-11e4-a52e-4f735466cecf":"f6a7d8fc-0ffe-4edd-b3ca-ce09f9f3e5f4","ELEMENT":"f6a7d8fc-0ffe-4edd-b3ca-ce09f9f3e5f...
&amp#27;[35m[HTTP]&amp#27;[39m &amp#27;[37m<-- POST /wd/hub/session/72f517da-910c-46a8-8c18-f52fc551c88e/elements &amp#27;[39m&amp#27;[32m200&amp#27;[39m &amp#27;[90m109 ms - 1291&amp#27;[39m
&amp#27;[35m[HTTP]&amp#27;[39m &amp#27;[90m&amp#27;[39m
&amp#27;[35m[HTTP]&amp#27;[39m &amp#27;[37m-->&amp#27;[39m &amp#27;[37mGET&amp#27;[39m &amp#27;[37m/wd/hub/session/72f517da-910c-46a8-8c18-f52fc551c88e/element/f6a7d8fc-0ffe-4edd-b3ca-ce09f9f3e5f4/text&amp#27;[39m
&amp#27;[35m[HTTP]&amp#27;[39m &amp#27;[90m{}&amp#27;[39m
&amp#27;[35m[W3C (72f517da)]&amp#27;[39m Driver proxy active, passing request on via HTTP proxy
[debug] &amp#27;[35m[WD Proxy]&amp#27;[39m Matched '/wd/hub/session/72f517da-910c-46a8-8c18-f52fc551c88e/element/f6a7d8fc-0ffe-4edd-b3ca-ce09f9f3e5f4/text' to command name 'getText'
[debug] &amp#27;[35m[WD Proxy]&amp#27;[39m Proxying [GET /wd/hub/session/72f517da-910c-46a8-8c18-f52fc551c88e/element/f6a7d8fc-0ffe-4edd-b3ca-ce09f9f3e5f4/text] to [GET http://127.0.0.1:8200/wd/hub/session/a8830392-9b85-4943-b889-72250055e4eb/element/f6a7d8fc-0ffe-4edd-b3ca-ce09f9f3e5f4/text] with no body
[debug] &amp#27;[35m[WD Proxy]&amp#27;[39m Got response with status 200: {"sessionId":"a8830392-9b85-4943-b889-72250055e4eb","value":"CURRENT"}
&amp#27;[35m[WD Proxy]&amp#27;[39m Replacing sessionId a8830392-9b85-4943-b889-72250055e4eb with 72f517da-910c-46a8-8c18-f52fc551c88e
&amp#27;[35m[HTTP]&amp#27;[39m &amp#27;[37m<-- GET /wd/hub/session/72f517da-910c-46a8-8c18-f52fc551c88e/element/f6a7d8fc-0ffe-4edd-b3ca-ce09f9f3e5f4/text &amp#27;[39m&amp#27;[32m200&amp#27;[39m &amp#27;[90m17 ms - 70&amp#27;[39m
&amp#27;[35m[HTTP]&amp#27;[39m &amp#27;[90m&amp#27;[39m
XX 950:CURRENT
&amp#27;[35m[HTTP]&amp#27;[39m &amp#27;[37m-->&amp#27;[39m &amp#27;[37mGET&amp#27;[39m &amp#27;[37m/wd/hub/session/72f517da-910c-46a8-8c18-f52fc551c88e/context&amp#27;[39m
&amp#27;[35m[HTTP]&amp#27;[39m &amp#27;[90m{}&amp#27;[39m
[debug] &amp#27;[35m[W3C (72f517da)]&amp#27;[39m Calling AppiumDriver.getCurrentContext() with args: ["72f517da-910c-46a8-8c18-f52fc551c88e"]
[debug] &amp#27;[35m[W3C (72f517da)]&amp#27;[39m Responding to client with driver.getCurrentContext() result: "NATIVE_APP"
&amp#27;[35m[HTTP]&amp#27;[39m &amp#27;[37m<-- GET /wd/hub/session/72f517da-910c-46a8-8c18-f52fc551c88e/context &amp#27;[39m&amp#27;[32m200&amp#27;[39m &amp#27;[90m1 ms - 22&amp#27;[39m
&amp#27;[35m[HTTP]&amp#27;[39m &amp#27;[90m&amp#27;[39m
&amp#27;[35m[HTTP]&amp#27;[39m &amp#27;[37m-->&amp#27;[39m &amp#27;[37mPOST&amp#27;[39m &amp#27;[37m/wd/hub/session/72f517da-910c-46a8-8c18-f52fc551c88e/elements&amp#27;[39m
&amp#27;[35m[HTTP]&amp#27;[39m &amp#27;[90m{"using":"xpath","value":"//android.view.View"}&amp#27;[39m
[debug] &amp#27;[35m[W3C (72f517da)]&amp#27;[39m Calling AppiumDriver.findElements() with args: ["xpath","//android.view.View","72f517da-910c-46a8-8c18-f52fc551c88e"]
[debug] &amp#27;[35m[BaseDriver]&amp#27;[39m Valid locator strategies for this request: xpath, id, class name, accessibility id, css selector, -android uiautomator
[debug] &amp#27;[35m[BaseDriver]&amp#27;[39m Waiting up to 20000 ms for condition
[debug] &amp#27;[35m[WD Proxy]&amp#27;[39m Matched '/elements' to command name 'findElements'
[debug] &amp#27;[35m[WD Proxy]&amp#27;[39m Proxying [POST /elements] to [POST http://127.0.0.1:8200/wd/hub/session/a8830392-9b85-4943-b889-72250055e4eb/elements] with body: {"strategy":"xpath","selector":"//android.view.View","context":"","multiple":true}
[debug] &amp#27;[35m[WD Proxy]&amp#27;[39m Got response with status 200: {"sessionId":"a8830392-9b85-4943-b889-72250055e4eb","value":[{"ELEMENT":"dfd49b71-20b1-4c9c-b89c-374f7baed075","element-6066-11e4-a52e-4f735466cecf":"dfd49b71-20b1-4c9c-b89c-374f7baed075"},{"ELEMENT":"690f508c-6ce3-4dfb-a704-f2eff0500650","element-6066-11e4-a52e-4f735466cecf":"690f508c-6ce3-4dfb-a704-f2eff0500650"},{"ELEMENT":"84853431-a392-4615-ba9a-b95a7ced41b9","element-6066-11e4-a52e-4f735466cecf":"84853431-a392-4615-ba9a-b95a7ced41b9"},{"ELEMENT":"2c5c93de-1405-40a7-9acd-21a1c7c5696d","element-6066-11e4-a52e-4f735466cecf":"2c5c93de-1405-40a7-9acd-21a1c7c5696d"},{"ELEMENT":"c34d1b0f-cc65-4664-87a9-ca5089420089","element-6066-11e4-a52e-4f735466cecf":"c34d1b0f-cc65-4664-87a9-ca5089420089"},{"ELEMENT":"49d61a35-a2f6-4c72-9060-354bd33692ce","element-6066-11e4-a52e-4f735466cecf":"49d61a35-a2f6-4c72-9060-354bd33692ce"},{"ELEMENT":"cacfd4c5-f253-4dfd-8c25-be57d0d666e8","element-6066-11e4-a52e-4f735466cecf":"cacfd4c5-f253-4dfd-8c25-be57d0d666e8"},{"ELEMENT":"77da1de9-83c8-488e-9e1a-e03f48c5a6df","element-6066-...
[debug] &amp#27;[35m[W3C (72f517da)]&amp#27;[39m Responding to client with driver.findElements() result: [{"element-6066-11e4-a52e-4f735466cecf":"dfd49b71-20b1-4c9c-b89c-374f7baed075","ELEMENT":"dfd49b71-20b1-4c9c-b89c-374f7baed075"},{"element-6066-11e4-a52e-4f735466cecf":"690f508c-6ce3-4dfb-a704-f2eff0500650","ELEMENT":"690f508c-6ce3-4dfb-a704-f2eff0500650"},{"element-6066-11e4-a52e-4f735466cecf":"84853431-a392-4615-ba9a-b95a7ced41b9","ELEMENT":"84853431-a392-4615-ba9a-b95a7ced41b9"},{"element-6066-11e4-a52e-4f735466cecf":"2c5c93de-1405-40a7-9acd-21a1c7c5696d","ELEMENT":"2c5c93de-1405-40a7-9acd-21a1c7c5696d"},{"element-6066-11e4-a52e-4f735466cecf":"c34d1b0f-cc65-4664-87a9-ca5089420089","ELEMENT":"c34d1b0f-cc65-4664-87a9-ca5089420089"},{"element-6066-11e4-a52e-4f735466cecf":"49d61a35-a2f6-4c72-9060-354bd33692ce","ELEMENT":"49d61a35-a2f6-4c72-9060-354bd33692ce"},{"element-6066-11e4-a52e-4f735466cecf":"cacfd4c5-f253-4dfd-8c25-be57d0d666e8","ELEMENT":"cacfd4c5-f253-4dfd-8c25-be57d0d666e8"},{"element-6066-11e4-a52e-4f735466cecf":"77da1de9-83c8-488e-9e1a-e03f48c5a6df","ELEMENT":"77da1de9-83c8-488e-9e1a-e03f48c5a6d...
&amp#27;[35m[HTTP]&amp#27;[39m &amp#27;[37m<-- POST /wd/hub/session/72f517da-910c-46a8-8c18-f52fc551c88e/elements &amp#27;[39m&amp#27;[32m200&amp#27;[39m &amp#27;[90m129 ms - 6155&amp#27;[39m
&amp#27;[35m[HTTP]&amp#27;[39m &amp#27;[90m&amp#27;[39m
&amp#27;[35m[HTTP]&amp#27;[39m &amp#27;[37m-->&amp#27;[39m &amp#27;[37mGET&amp#27;[39m &amp#27;[37m/wd/hub/session/72f517da-910c-46a8-8c18-f52fc551c88e/element/7b028aef-a9b5-4df4-b9f9-29cdfad16c41/text&amp#27;[39m
&amp#27;[35m[HTTP]&amp#27;[39m &amp#27;[90m{}&amp#27;[39m
&amp#27;[35m[W3C (72f517da)]&amp#27;[39m Driver proxy active, passing request on via HTTP proxy
[debug] &amp#27;[35m[WD Proxy]&amp#27;[39m Matched '/wd/hub/session/72f517da-910c-46a8-8c18-f52fc551c88e/element/7b028aef-a9b5-4df4-b9f9-29cdfad16c41/text' to command name 'getText'
[debug] &amp#27;[35m[WD Proxy]&amp#27;[39m Proxying [GET /wd/hub/session/72f517da-910c-46a8-8c18-f52fc551c88e/element/7b028aef-a9b5-4df4-b9f9-29cdfad16c41/text] to [GET http://127.0.0.1:8200/wd/hub/session/a8830392-9b85-4943-b889-72250055e4eb/element/7b028aef-a9b5-4df4-b9f9-29cdfad16c41/text] with no body
[debug] &amp#27;[35m[WD Proxy]&amp#27;[39m Got response with status 200: {"sessionId":"a8830392-9b85-4943-b889-72250055e4eb","value":""}
&amp#27;[35m[WD Proxy]&amp#27;[39m Replacing sessionId a8830392-9b85-4943-b889-72250055e4eb with 72f517da-910c-46a8-8c18-f52fc551c88e
&amp#27;[35m[HTTP]&amp#27;[39m &amp#27;[37m<-- GET /wd/hub/session/72f517da-910c-46a8-8c18-f52fc551c88e/element/7b028aef-a9b5-4df4-b9f9-29cdfad16c41/text &amp#27;[39m&amp#27;[32m200&amp#27;[39m &amp#27;[90m22 ms - 63&amp#27;[39m
&amp#27;[35m[HTTP]&amp#27;[39m &amp#27;[90m&amp#27;[39m
&amp#27;[35m[HTTP]&amp#27;[39m &amp#27;[37m-->&amp#27;[39m &amp#27;[37mGET&amp#27;[39m &amp#27;[37m/wd/hub/session/72f517da-910c-46a8-8c18-f52fc551c88e/context&amp#27;[39m
&amp#27;[35m[HTTP]&amp#27;[39m &amp#27;[90m{}&amp#27;[39m
[debug] &amp#27;[35m[W3C (72f517da)]&amp#27;[39m Calling AppiumDriver.getCurrentContext() with args: ["72f517da-910c-46a8-8c18-f52fc551c88e"]
[debug] &amp#27;[35m[W3C (72f517da)]&amp#27;[39m Responding to client with driver.getCurrentContext() result: "NATIVE_APP"
&amp#27;[35m[HTTP]&amp#27;[39m &amp#27;[37m<-- GET /wd/hub/session/72f517da-910c-46a8-8c18-f52fc551c88e/context &amp#27;[39m&amp#27;[32m200&amp#27;[39m &amp#27;[90m1 ms - 22&amp#27;[39m
&amp#27;[35m[HTTP]&amp#27;[39m &amp#27;[90m&amp#27;[39m
&amp#27;[35m[HTTP]&amp#27;[39m &amp#27;[37m-->&amp#27;[39m &amp#27;[37mPOST&amp#27;[39m &amp#27;[37m/wd/hub/session/72f517da-910c-46a8-8c18-f52fc551c88e/elements&amp#27;[39m
&amp#27;[35m[HTTP]&amp#27;[39m &amp#27;[90m{"using":"xpath","value":"//android.widget.TextView"}&amp#27;[39m
[debug] &amp#27;[35m[W3C (72f517da)]&amp#27;[39m Calling AppiumDriver.findElements() with args: ["xpath","//android.widget.TextView","72f517da-910c-46a8-8c18-f52fc551c88e"]
[debug] &amp#27;[35m[BaseDriver]&amp#27;[39m Valid locator strategies for this request: xpath, id, class name, accessibility id, css selector, -android uiautomator
[debug] &amp#27;[35m[BaseDriver]&amp#27;[39m Waiting up to 20000 ms for condition
[debug] &amp#27;[35m[WD Proxy]&amp#27;[39m Matched '/elements' to command name 'findElements'
[debug] &amp#27;[35m[WD Proxy]&amp#27;[39m Proxying [POST /elements] to [POST http://127.0.0.1:8200/wd/hub/session/a8830392-9b85-4943-b889-72250055e4eb/elements] with body: {"strategy":"xpath","selector":"//android.widget.TextView","context":"","multiple":true}
[debug] &amp#27;[35m[WD Proxy]&amp#27;[39m Got response with status 200: {"sessionId":"a8830392-9b85-4943-b889-72250055e4eb","value":[{"ELEMENT":"1cd67006-fc4c-4586-8c80-b41cec5e7b20","element-6066-11e4-a52e-4f735466cecf":"1cd67006-fc4c-4586-8c80-b41cec5e7b20"},{"ELEMENT":"114a4077-ff81-4b0f-aacb-1886aec27a7d","element-6066-11e4-a52e-4f735466cecf":"114a4077-ff81-4b0f-aacb-1886aec27a7d"},{"ELEMENT":"a385d7ff-b841-4ff3-9162-7388002c3f4f","element-6066-11e4-a52e-4f735466cecf":"a385d7ff-b841-4ff3-9162-7388002c3f4f"},{"ELEMENT":"f4d45448-a7cf-4a6a-b55d-aae0d42fed50","element-6066-11e4-a52e-4f735466cecf":"f4d45448-a7cf-4a6a-b55d-aae0d42fed50"},{"ELEMENT":"6bb75752-8a91-424b-8ed2-00119e833eaf","element-6066-11e4-a52e-4f735466cecf":"6bb75752-8a91-424b-8ed2-00119e833eaf"},{"ELEMENT":"9e4dca3b-fd3e-4eda-9177-4cf29de98eaa","element-6066-11e4-a52e-4f735466cecf":"9e4dca3b-fd3e-4eda-9177-4cf29de98eaa"},{"ELEMENT":"c17428fe-62ab-48ca-9733-bf6d8d6ef78e","element-6066-11e4-a52e-4f735466cecf":"c17428fe-62ab-48ca-9733-bf6d8d6ef78e"},{"ELEMENT":"7d9d3d16-7b82-4700-b1f1-d6338cffca9b","element-6066-...
[debug] &amp#27;[35m[W3C (72f517da)]&amp#27;[39m Responding to client with driver.findElements() result: [{"element-6066-11e4-a52e-4f735466cecf":"1cd67006-fc4c-4586-8c80-b41cec5e7b20","ELEMENT":"1cd67006-fc4c-4586-8c80-b41cec5e7b20"},{"element-6066-11e4-a52e-4f735466cecf":"114a4077-ff81-4b0f-aacb-1886aec27a7d","ELEMENT":"114a4077-ff81-4b0f-aacb-1886aec27a7d"},{"element-6066-11e4-a52e-4f735466cecf":"a385d7ff-b841-4ff3-9162-7388002c3f4f","ELEMENT":"a385d7ff-b841-4ff3-9162-7388002c3f4f"},{"element-6066-11e4-a52e-4f735466cecf":"f4d45448-a7cf-4a6a-b55d-aae0d42fed50","ELEMENT":"f4d45448-a7cf-4a6a-b55d-aae0d42fed50"},{"element-6066-11e4-a52e-4f735466cecf":"6bb75752-8a91-424b-8ed2-00119e833eaf","ELEMENT":"6bb75752-8a91-424b-8ed2-00119e833eaf"},{"element-6066-11e4-a52e-4f735466cecf":"9e4dca3b-fd3e-4eda-9177-4cf29de98eaa","ELEMENT":"9e4dca3b-fd3e-4eda-9177-4cf29de98eaa"},{"element-6066-11e4-a52e-4f735466cecf":"c17428fe-62ab-48ca-9733-bf6d8d6ef78e","ELEMENT":"c17428fe-62ab-48ca-9733-bf6d8d6ef78e"},{"element-6066-11e4-a52e-4f735466cecf":"7d9d3d16-7b82-4700-b1f1-d6338cffca9b","ELEMENT":"7d9d3d16-7b82-4700-b1f1-d6338cffca9...
&amp#27;[35m[HTTP]&amp#27;[39m &amp#27;[37m<-- POST /wd/hub/session/72f517da-910c-46a8-8c18-f52fc551c88e/elements &amp#27;[39m&amp#27;[32m200&amp#27;[39m &amp#27;[90m139 ms - 1291&amp#27;[39m
&amp#27;[35m[HTTP]&amp#27;[39m &amp#27;[90m&amp#27;[39m
&amp#27;[35m[HTTP]&amp#27;[39m &amp#27;[37m-->&amp#27;[39m &amp#27;[37mGET&amp#27;[39m &amp#27;[37m/wd/hub/session/72f517da-910c-46a8-8c18-f52fc551c88e/element/c5f9261d-d6b8-4180-8130-1c817afa5dfd/text&amp#27;[39m
&amp#27;[35m[HTTP]&amp#27;[39m &amp#27;[90m{}&amp#27;[39m
&amp#27;[35m[W3C (72f517da)]&amp#27;[39m Driver proxy active, passing request on via HTTP proxy
[debug] &amp#27;[35m[WD Proxy]&amp#27;[39m Matched '/wd/hub/session/72f517da-910c-46a8-8c18-f52fc551c88e/element/c5f9261d-d6b8-4180-8130-1c817afa5dfd/text' to command name 'getText'
[debug] &amp#27;[35m[WD Proxy]&amp#27;[39m Proxying [GET /wd/hub/session/72f517da-910c-46a8-8c18-f52fc551c88e/element/c5f9261d-d6b8-4180-8130-1c817afa5dfd/text] to [GET http://127.0.0.1:8200/wd/hub/session/a8830392-9b85-4943-b889-72250055e4eb/element/c5f9261d-d6b8-4180-8130-1c817afa5dfd/text] with no body
[debug] &amp#27;[35m[WD Proxy]&amp#27;[39m Got response with status 200: {"sessionId":"a8830392-9b85-4943-b889-72250055e4eb","value":"TERM DEPOSIT"}
&amp#27;[35m[WD Proxy]&amp#27;[39m Replacing sessionId a8830392-9b85-4943-b889-72250055e4eb with 72f517da-910c-46a8-8c18-f52fc551c88e
&amp#27;[35m[HTTP]&amp#27;[39m &amp#27;[37m<-- GET /wd/hub/session/72f517da-910c-46a8-8c18-f52fc551c88e/element/c5f9261d-d6b8-4180-8130-1c817afa5dfd/text &amp#27;[39m&amp#27;[32m200&amp#27;[39m &amp#27;[90m15 ms - 75&amp#27;[39m
&amp#27;[35m[HTTP]&amp#27;[39m &amp#27;[90m&amp#27;[39m

&amp#27;[35m[HTTP]&amp#27;[39m &amp#27;[37m-->&amp#27;[39m &amp#27;[37mGET&amp#27;[39m &amp#27;[37m/wd/hub/session/72f517da-910c-46a8-8c18-f52fc551c88e/context&amp#27;[39m
&amp#27;[35m[HTTP]&amp#27;[39m &amp#27;[90m{}&amp#27;[39m
[debug] &amp#27;[35m[W3C (72f517da)]&amp#27;[39m Calling AppiumDriver.getCurrentContext() with args: ["72f517da-910c-46a8-8c18-f52fc551c88e"]
[debug] &amp#27;[35m[W3C (72f517da)]&amp#27;[39m Responding to client with driver.getCurrentContext() result: "NATIVE_APP"
&amp#27;[35m[HTTP]&amp#27;[39m &amp#27;[37m<-- GET /wd/hub/session/72f517da-910c-46a8-8c18-f52fc551c88e/context &amp#27;[39m&amp#27;[32m200&amp#27;[39m &amp#27;[90m1 ms - 22&amp#27;[39m
&amp#27;[35m[HTTP]&amp#27;[39m &amp#27;[90m&amp#27;[39m
&amp#27;[35m[HTTP]&amp#27;[39m &amp#27;[37m-->&amp#27;[39m &amp#27;[37mPOST&amp#27;[39m &amp#27;[37m/wd/hub/session/72f517da-910c-46a8-8c18-f52fc551c88e/elements&amp#27;[39m
&amp#27;[35m[HTTP]&amp#27;[39m &amp#27;[90m{"using":"xpath","value":"//android.view.View"}&amp#27;[39m
[debug] &amp#27;[35m[W3C (72f517da)]&amp#27;[39m Calling AppiumDriver.findElements() with args: ["xpath","//android.view.View","72f517da-910c-46a8-8c18-f52fc551c88e"]
[debug] &amp#27;[35m[BaseDriver]&amp#27;[39m Valid locator strategies for this request: xpath, id, class name, accessibility id, css selector, -android uiautomator
[debug] &amp#27;[35m[BaseDriver]&amp#27;[39m Waiting up to 20000 ms for condition
[debug] &amp#27;[35m[WD Proxy]&amp#27;[39m Matched '/elements' to command name 'findElements'
[debug] &amp#27;[35m[WD Proxy]&amp#27;[39m Proxying [POST /elements] to [POST http://127.0.0.1:8200/wd/hub/session/a8830392-9b85-4943-b889-72250055e4eb/elements] with body: {"strategy":"xpath","selector":"//android.view.View","context":"","multiple":true}
[debug] &amp#27;[35m[WD Proxy]&amp#27;[39m Got response with status 200: {"sessionId":"a8830392-9b85-4943-b889-72250055e4eb","value":[{"ELEMENT":"4bea00e7-5d86-4ae1-876c-91a6864dfeef","element-6066-11e4-a52e-4f735466cecf":"4bea00e7-5d86-4ae1-876c-91a6864dfeef"},{"ELEMENT":"f855ce9f-d6fa-4060-b008-f2a3f9abed1f","element-6066-11e4-a52e-4f735466cecf":"f855ce9f-d6fa-4060-b008-f2a3f9abed1f"},{"ELEMENT":"e0cb2f27-1be0-4175-a810-9e7adc4277d8","element-6066-11e4-a52e-4f735466cecf":"e0cb2f27-1be0-4175-a810-9e7adc4277d8"},{"ELEMENT":"2afb16d8-33c0-4052-8ca4-eaa3b8e7fd48","element-6066-11e4-a52e-4f735466cecf":"2afb16d8-33c0-4052-8ca4-eaa3b8e7fd48"},{"ELEMENT":"d6cc1d1b-85dc-4c3b-b8de-bef75ca2dc96","element-6066-11e4-a52e-4f735466cecf":"d6cc1d1b-85dc-4c3b-b8de-bef75ca2dc96"},{"ELEMENT":"4b637dbd-8484-4bbb-834a-3a593210e1a7","element-6066-11e4-a52e-4f735466cecf":"4b637dbd-8484-4bbb-834a-3a593210e1a7"},{"ELEMENT":"ca6608f2-7d63-46ad-bcd7-7cb45b89929b","element-6066-11e4-a52e-4f735466cecf":"ca6608f2-7d63-46ad-bcd7-7cb45b89929b"},{"ELEMENT":"d66ac6a1-5b0b-47cc-bfe2-7624c92b41e7","element-6066-...
[debug] &amp#27;[35m[W3C (72f517da)]&amp#27;[39m Responding to client with driver.findElements() result: [{"element-6066-11e4-a52e-4f735466cecf":"4bea00e7-5d86-4ae1-876c-91a6864dfeef","ELEMENT":"4bea00e7-5d86-4ae1-876c-91a6864dfeef"},{"element-6066-11e4-a52e-4f735466cecf":"f855ce9f-d6fa-4060-b008-f2a3f9abed1f","ELEMENT":"f855ce9f-d6fa-4060-b008-f2a3f9abed1f"},{"element-6066-11e4-a52e-4f735466cecf":"e0cb2f27-1be0-4175-a810-9e7adc4277d8","ELEMENT":"e0cb2f27-1be0-4175-a810-9e7adc4277d8"},{"element-6066-11e4-a52e-4f735466cecf":"2afb16d8-33c0-4052-8ca4-eaa3b8e7fd48","ELEMENT":"2afb16d8-33c0-4052-8ca4-eaa3b8e7fd48"},{"element-6066-11e4-a52e-4f735466cecf":"d6cc1d1b-85dc-4c3b-b8de-bef75ca2dc96","ELEMENT":"d6cc1d1b-85dc-4c3b-b8de-bef75ca2dc96"},{"element-6066-11e4-a52e-4f735466cecf":"4b637dbd-8484-4bbb-834a-3a593210e1a7","ELEMENT":"4b637dbd-8484-4bbb-834a-3a593210e1a7"},{"element-6066-11e4-a52e-4f735466cecf":"ca6608f2-7d63-46ad-bcd7-7cb45b89929b","ELEMENT":"ca6608f2-7d63-46ad-bcd7-7cb45b89929b"},{"element-6066-11e4-a52e-4f735466cecf":"d66ac6a1-5b0b-47cc-bfe2-7624c92b41e7","ELEMENT":"d66ac6a1-5b0b-47cc-bfe2-7624c92b41e...
&amp#27;[35m[HTTP]&amp#27;[39m &amp#27;[37m<-- POST /wd/hub/session/72f517da-910c-46a8-8c18-f52fc551c88e/elements &amp#27;[39m&amp#27;[32m200&amp#27;[39m &amp#27;[90m127 ms - 6155&amp#27;[39m
&amp#27;[35m[HTTP]&amp#27;[39m &amp#27;[90m&amp#27;[39m
&amp#27;[35m[HTTP]&amp#27;[39m &amp#27;[37m-->&amp#27;[39m &amp#27;[37mGET&amp#27;[39m &amp#27;[37m/wd/hub/session/72f517da-910c-46a8-8c18-f52fc551c88e/element/2af23820-4359-4daa-be27-a464e1ca1ab6/text&amp#27;[39m
&amp#27;[35m[HTTP]&amp#27;[39m &amp#27;[90m{}&amp#27;[39m
&amp#27;[35m[W3C (72f517da)]&amp#27;[39m Driver proxy active, passing request on via HTTP proxy
[debug] &amp#27;[35m[WD Proxy]&amp#27;[39m Matched '/wd/hub/session/72f517da-910c-46a8-8c18-f52fc551c88e/element/2af23820-4359-4daa-be27-a464e1ca1ab6/text' to command name 'getText'
[debug] &amp#27;[35m[WD Proxy]&amp#27;[39m Proxying [GET /wd/hub/session/72f517da-910c-46a8-8c18-f52fc551c88e/element/2af23820-4359-4daa-be27-a464e1ca1ab6/text] to [GET http://127.0.0.1:8200/wd/hub/session/a8830392-9b85-4943-b889-72250055e4eb/element/2af23820-4359-4daa-be27-a464e1ca1ab6/text] with no body
[debug] &amp#27;[35m[WD Proxy]&amp#27;[39m Got response with status 200: {"sessionId":"a8830392-9b85-4943-b889-72250055e4eb","value":""}
&amp#27;[35m[WD Proxy]&amp#27;[39m Replacing sessionId a8830392-9b85-4943-b889-72250055e4eb with 72f517da-910c-46a8-8c18-f52fc551c88e
&amp#27;[35m[HTTP]&amp#27;[39m &amp#27;[37m<-- GET /wd/hub/session/72f517da-910c-46a8-8c18-f52fc551c88e/element/2af23820-4359-4daa-be27-a464e1ca1ab6/text &amp#27;[39m&amp#27;[32m200&amp#27;[39m &amp#27;[90m17 ms - 63&amp#27;[39m
&amp#27;[35m[HTTP]&amp#27;[39m &amp#27;[90m&amp#27;[39m
&amp#27;[35m[HTTP]&amp#27;[39m &amp#27;[37m-->&amp#27;[39m &amp#27;[37mGET&amp#27;[39m &amp#27;[37m/wd/hub/session/72f517da-910c-46a8-8c18-f52fc551c88e/context&amp#27;[39m
&amp#27;[35m[HTTP]&amp#27;[39m &amp#27;[90m{}&amp#27;[39m
[debug] &amp#27;[35m[W3C (72f517da)]&amp#27;[39m Calling AppiumDriver.getCurrentContext() with args: ["72f517da-910c-46a8-8c18-f52fc551c88e"]
[debug] &amp#27;[35m[W3C (72f517da)]&amp#27;[39m Responding to client with driver.getCurrentContext() result: "NATIVE_APP"
&amp#27;[35m[HTTP]&amp#27;[39m &amp#27;[37m<-- GET /wd/hub/session/72f517da-910c-46a8-8c18-f52fc551c88e/context &amp#27;[39m&amp#27;[32m200&amp#27;[39m &amp#27;[90m1 ms - 22&amp#27;[39m
&amp#27;[35m[HTTP]&amp#27;[39m &amp#27;[90m&amp#27;[39m
&amp#27;[35m[HTTP]&amp#27;[39m &amp#27;[37m-->&amp#27;[39m &amp#27;[37mPOST&amp#27;[39m &amp#27;[37m/wd/hub/session/72f517da-910c-46a8-8c18-f52fc551c88e/elements&amp#27;[39m
&amp#27;[35m[HTTP]&amp#27;[39m &amp#27;[90m{"using":"xpath","value":"//android.widget.TextView"}&amp#27;[39m
[debug] &amp#27;[35m[W3C (72f517da)]&amp#27;[39m Calling AppiumDriver.findElements() with args: ["xpath","//android.widget.TextView","72f517da-910c-46a8-8c18-f52fc551c88e"]
[debug] &amp#27;[35m[BaseDriver]&amp#27;[39m Valid locator strategies for this request: xpath, id, class name, accessibility id, css selector, -android uiautomator
[debug] &amp#27;[35m[BaseDriver]&amp#27;[39m Waiting up to 20000 ms for condition
[debug] &amp#27;[35m[WD Proxy]&amp#27;[39m Matched '/elements' to command name 'findElements'
[debug] &amp#27;[35m[WD Proxy]&amp#27;[39m Proxying [POST /elements] to [POST http://127.0.0.1:8200/wd/hub/session/a8830392-9b85-4943-b889-72250055e4eb/elements] with body: {"strategy":"xpath","selector":"//android.widget.TextView","context":"","multiple":true}
[debug] &amp#27;[35m[WD Proxy]&amp#27;[39m Got response with status 200: {"sessionId":"a8830392-9b85-4943-b889-72250055e4eb","value":[{"ELEMENT":"52febdbe-ed51-497e-9ff7-3430bb6cd744","element-6066-11e4-a52e-4f735466cecf":"52febdbe-ed51-497e-9ff7-3430bb6cd744"},{"ELEMENT":"dbd8aa5d-b6fe-4980-ac38-2d2afb8ef24c","element-6066-11e4-a52e-4f735466cecf":"dbd8aa5d-b6fe-4980-ac38-2d2afb8ef24c"},{"ELEMENT":"8829992b-ff3e-45b9-9c41-5db53558dfb6","element-6066-11e4-a52e-4f735466cecf":"8829992b-ff3e-45b9-9c41-5db53558dfb6"},{"ELEMENT":"27e98184-a9fc-4aff-aa2d-376f3959d4c4","element-6066-11e4-a52e-4f735466cecf":"27e98184-a9fc-4aff-aa2d-376f3959d4c4"},{"ELEMENT":"36f77c5a-5401-4f07-a1b0-1b4c87cfa171","element-6066-11e4-a52e-4f735466cecf":"36f77c5a-5401-4f07-a1b0-1b4c87cfa171"},{"ELEMENT":"2c49ec65-0d30-4719-bb68-ff05beaf4e2a","element-6066-11e4-a52e-4f735466cecf":"2c49ec65-0d30-4719-bb68-ff05beaf4e2a"},{"ELEMENT":"161abd3f-ff55-4cd0-b1a0-5da2b8b8bed2","element-6066-11e4-a52e-4f735466cecf":"161abd3f-ff55-4cd0-b1a0-5da2b8b8bed2"},{"ELEMENT":"1b09afa9-a4a7-427a-832d-50239f862f24","element-6066-...
[debug] &amp#27;[35m[W3C (72f517da)]&amp#27;[39m Responding to client with driver.findElements() result: [{"element-6066-11e4-a52e-4f735466cecf":"52febdbe-ed51-497e-9ff7-3430bb6cd744","ELEMENT":"52febdbe-ed51-497e-9ff7-3430bb6cd744"},{"element-6066-11e4-a52e-4f735466cecf":"dbd8aa5d-b6fe-4980-ac38-2d2afb8ef24c","ELEMENT":"dbd8aa5d-b6fe-4980-ac38-2d2afb8ef24c"},{"element-6066-11e4-a52e-4f735466cecf":"8829992b-ff3e-45b9-9c41-5db53558dfb6","ELEMENT":"8829992b-ff3e-45b9-9c41-5db53558dfb6"},{"element-6066-11e4-a52e-4f735466cecf":"27e98184-a9fc-4aff-aa2d-376f3959d4c4","ELEMENT":"27e98184-a9fc-4aff-aa2d-376f3959d4c4"},{"element-6066-11e4-a52e-4f735466cecf":"36f77c5a-5401-4f07-a1b0-1b4c87cfa171","ELEMENT":"36f77c5a-5401-4f07-a1b0-1b4c87cfa171"},{"element-6066-11e4-a52e-4f735466cecf":"2c49ec65-0d30-4719-bb68-ff05beaf4e2a","ELEMENT":"2c49ec65-0d30-4719-bb68-ff05beaf4e2a"},{"element-6066-11e4-a52e-4f735466cecf":"161abd3f-ff55-4cd0-b1a0-5da2b8b8bed2","ELEMENT":"161abd3f-ff55-4cd0-b1a0-5da2b8b8bed2"},{"element-6066-11e4-a52e-4f735466cecf":"1b09afa9-a4a7-427a-832d-50239f862f24","ELEMENT":"1b09afa9-a4a7-427a-832d-50239f862f2...
&amp#27;[35m[HTTP]&amp#27;[39m &amp#27;[37m<-- POST /wd/hub/session/72f517da-910c-46a8-8c18-f52fc551c88e/elements &amp#27;[39m&amp#27;[32m200&amp#27;[39m &amp#27;[90m100 ms - 1291&amp#27;[39m
&amp#27;[35m[HTTP]&amp#27;[39m &amp#27;[90m&amp#27;[39m
&amp#27;[35m[HTTP]&amp#27;[39m &amp#27;[37m-->&amp#27;[39m &amp#27;[37mGET&amp#27;[39m &amp#27;[37m/wd/hub/session/72f517da-910c-46a8-8c18-f52fc551c88e/element/e57596c3-09bb-4f05-b66b-f704764a10ed/text&amp#27;[39m
&amp#27;[35m[HTTP]&amp#27;[39m &amp#27;[90m{}&amp#27;[39m
&amp#27;[35m[W3C (72f517da)]&amp#27;[39m Driver proxy active, passing request on via HTTP proxy
[debug] &amp#27;[35m[WD Proxy]&amp#27;[39m Matched '/wd/hub/session/72f517da-910c-46a8-8c18-f52fc551c88e/element/e57596c3-09bb-4f05-b66b-f704764a10ed/text' to command name 'getText'
[debug] &amp#27;[35m[WD Proxy]&amp#27;[39m Proxying [GET /wd/hub/session/72f517da-910c-46a8-8c18-f52fc551c88e/element/e57596c3-09bb-4f05-b66b-f704764a10ed/text] to [GET http://127.0.0.1:8200/wd/hub/session/a8830392-9b85-4943-b889-72250055e4eb/element/e57596c3-09bb-4f05-b66b-f704764a10ed/text] with no body
[debug] &amp#27;[35m[WD Proxy]&amp#27;[39m Got response with status 200: {"sessionId":"a8830392-9b85-4943-b889-72250055e4eb","value":"TERM DEPOSIT"}
&amp#27;[35m[WD Proxy]&amp#27;[39m Replacing sessionId a8830392-9b85-4943-b889-72250055e4eb with 72f517da-910c-46a8-8c18-f52fc551c88e
&amp#27;[35m[HTTP]&amp#27;[39m &amp#27;[37m<-- GET /wd/hub/session/72f517da-910c-46a8-8c18-f52fc551c88e/element/e57596c3-09bb-4f05-b66b-f704764a10ed/text &amp#27;[39m&amp#27;[32m200&amp#27;[39m &amp#27;[90m16 ms - 75&amp#27;[39m
&amp#27;[35m[HTTP]&amp#27;[39m &amp#27;[90m&amp#27;[39m

&amp#27;[35m[HTTP]&amp#27;[39m &amp#27;[37m-->&amp#27;[39m &amp#27;[37mGET&amp#27;[39m &amp#27;[37m/wd/hub/session/72f517da-910c-46a8-8c18-f52fc551c88e/context&amp#27;[39m
&amp#27;[35m[HTTP]&amp#27;[39m &amp#27;[90m{}&amp#27;[39m
[debug] &amp#27;[35m[W3C (72f517da)]&amp#27;[39m Calling AppiumDriver.getCurrentContext() with args: ["72f517da-910c-46a8-8c18-f52fc551c88e"]
[debug] &amp#27;[35m[W3C (72f517da)]&amp#27;[39m Responding to client with driver.getCurrentContext() result: "NATIVE_APP"
&amp#27;[35m[HTTP]&amp#27;[39m &amp#27;[37m<-- GET /wd/hub/session/72f517da-910c-46a8-8c18-f52fc551c88e/context &amp#27;[39m&amp#27;[32m200&amp#27;[39m &amp#27;[90m1 ms - 22&amp#27;[39m
&amp#27;[35m[HTTP]&amp#27;[39m &amp#27;[90m&amp#27;[39m
&amp#27;[35m[HTTP]&amp#27;[39m &amp#27;[37m-->&amp#27;[39m &amp#27;[37mPOST&amp#27;[39m &amp#27;[37m/wd/hub/session/72f517da-910c-46a8-8c18-f52fc551c88e/elements&amp#27;[39m
&amp#27;[35m[HTTP]&amp#27;[39m &amp#27;[90m{"using":"xpath","value":"//android.view.View"}&amp#27;[39m
[debug] &amp#27;[35m[W3C (72f517da)]&amp#27;[39m Calling AppiumDriver.findElements() with args: ["xpath","//android.view.View","72f517da-910c-46a8-8c18-f52fc551c88e"]
[debug] &amp#27;[35m[BaseDriver]&amp#27;[39m Valid locator strategies for this request: xpath, id, class name, accessibility id, css selector, -android uiautomator
[debug] &amp#27;[35m[BaseDriver]&amp#27;[39m Waiting up to 20000 ms for condition
[debug] &amp#27;[35m[WD Proxy]&amp#27;[39m Matched '/elements' to command name 'findElements'
[debug] &amp#27;[35m[WD Proxy]&amp#27;[39m Proxying [POST /elements] to [POST http://127.0.0.1:8200/wd/hub/session/a8830392-9b85-4943-b889-72250055e4eb/elements] with body: {"strategy":"xpath","selector":"//android.view.View","context":"","multiple":true}
[debug] &amp#27;[35m[WD Proxy]&amp#27;[39m Got response with status 200: {"sessionId":"a8830392-9b85-4943-b889-72250055e4eb","value":[{"ELEMENT":"32bfd176-8a8e-48f1-827a-9f32c2aa91e5","element-6066-11e4-a52e-4f735466cecf":"32bfd176-8a8e-48f1-827a-9f32c2aa91e5"},{"ELEMENT":"c3b69634-3cba-41b5-9aaf-ed027cd901bb","element-6066-11e4-a52e-4f735466cecf":"c3b69634-3cba-41b5-9aaf-ed027cd901bb"},{"ELEMENT":"d91598b6-e3cb-4d4d-8889-1b0e6a16421f","element-6066-11e4-a52e-4f735466cecf":"d91598b6-e3cb-4d4d-8889-1b0e6a16421f"},{"ELEMENT":"eff828de-7ac9-4a26-9e11-18f237af1e1c","element-6066-11e4-a52e-4f735466cecf":"eff828de-7ac9-4a26-9e11-18f237af1e1c"},{"ELEMENT":"d7c06871-997c-4d3f-832d-c66fad7c77c1","element-6066-11e4-a52e-4f735466cecf":"d7c06871-997c-4d3f-832d-c66fad7c77c1"},{"ELEMENT":"2c8aeafe-df39-43a8-bcce-51f8f883e94d","element-6066-11e4-a52e-4f735466cecf":"2c8aeafe-df39-43a8-bcce-51f8f883e94d"},{"ELEMENT":"e548afcf-7a79-4b03-b4b7-5633b118b913","element-6066-11e4-a52e-4f735466cecf":"e548afcf-7a79-4b03-b4b7-5633b118b913"},{"ELEMENT":"8d16a5b1-e4ee-4aba-8000-f4d5453d75cb","element-6066-...
[debug] &amp#27;[35m[W3C (72f517da)]&amp#27;[39m Responding to client with driver.findElements() result: [{"element-6066-11e4-a52e-4f735466cecf":"32bfd176-8a8e-48f1-827a-9f32c2aa91e5","ELEMENT":"32bfd176-8a8e-48f1-827a-9f32c2aa91e5"},{"element-6066-11e4-a52e-4f735466cecf":"c3b69634-3cba-41b5-9aaf-ed027cd901bb","ELEMENT":"c3b69634-3cba-41b5-9aaf-ed027cd901bb"},{"element-6066-11e4-a52e-4f735466cecf":"d91598b6-e3cb-4d4d-8889-1b0e6a16421f","ELEMENT":"d91598b6-e3cb-4d4d-8889-1b0e6a16421f"},{"element-6066-11e4-a52e-4f735466cecf":"eff828de-7ac9-4a26-9e11-18f237af1e1c","ELEMENT":"eff828de-7ac9-4a26-9e11-18f237af1e1c"},{"element-6066-11e4-a52e-4f735466cecf":"d7c06871-997c-4d3f-832d-c66fad7c77c1","ELEMENT":"d7c06871-997c-4d3f-832d-c66fad7c77c1"},{"element-6066-11e4-a52e-4f735466cecf":"2c8aeafe-df39-43a8-bcce-51f8f883e94d","ELEMENT":"2c8aeafe-df39-43a8-bcce-51f8f883e94d"},{"element-6066-11e4-a52e-4f735466cecf":"e548afcf-7a79-4b03-b4b7-5633b118b913","ELEMENT":"e548afcf-7a79-4b03-b4b7-5633b118b913"},{"element-6066-11e4-a52e-4f735466cecf":"8d16a5b1-e4ee-4aba-8000-f4d5453d75cb","ELEMENT":"8d16a5b1-e4ee-4aba-8000-f4d5453d75c...
&amp#27;[35m[HTTP]&amp#27;[39m &amp#27;[37m<-- POST /wd/hub/session/72f517da-910c-46a8-8c18-f52fc551c88e/elements &amp#27;[39m&amp#27;[32m200&amp#27;[39m &amp#27;[90m113 ms - 6155&amp#27;[39m
&amp#27;[35m[HTTP]&amp#27;[39m &amp#27;[90m&amp#27;[39m
&amp#27;[35m[HTTP]&amp#27;[39m &amp#27;[37m-->&amp#27;[39m &amp#27;[37mGET&amp#27;[39m &amp#27;[37m/wd/hub/session/72f517da-910c-46a8-8c18-f52fc551c88e/element/3b696738-d5b0-4eea-9fe7-e03f14391f1c/text&amp#27;[39m
&amp#27;[35m[HTTP]&amp#27;[39m &amp#27;[90m{}&amp#27;[39m
&amp#27;[35m[W3C (72f517da)]&amp#27;[39m Driver proxy active, passing request on via HTTP proxy
[debug] &amp#27;[35m[WD Proxy]&amp#27;[39m Matched '/wd/hub/session/72f517da-910c-46a8-8c18-f52fc551c88e/element/3b696738-d5b0-4eea-9fe7-e03f14391f1c/text' to command name 'getText'
[debug] &amp#27;[35m[WD Proxy]&amp#27;[39m Proxying [GET /wd/hub/session/72f517da-910c-46a8-8c18-f52fc551c88e/element/3b696738-d5b0-4eea-9fe7-e03f14391f1c/text] to [GET http://127.0.0.1:8200/wd/hub/session/a8830392-9b85-4943-b889-72250055e4eb/element/3b696738-d5b0-4eea-9fe7-e03f14391f1c/text] with no body
[debug] &amp#27;[35m[WD Proxy]&amp#27;[39m Got response with status 200: {"sessionId":"a8830392-9b85-4943-b889-72250055e4eb","value":""}
&amp#27;[35m[WD Proxy]&amp#27;[39m Replacing sessionId a8830392-9b85-4943-b889-72250055e4eb with 72f517da-910c-46a8-8c18-f52fc551c88e
&amp#27;[35m[HTTP]&amp#27;[39m &amp#27;[37m<-- GET /wd/hub/session/72f517da-910c-46a8-8c18-f52fc551c88e/element/3b696738-d5b0-4eea-9fe7-e03f14391f1c/text &amp#27;[39m&amp#27;[32m200&amp#27;[39m &amp#27;[90m17 ms - 63&amp#27;[39m
&amp#27;[35m[HTTP]&amp#27;[39m &amp#27;[90m&amp#27;[39m
&amp#27;[35m[HTTP]&amp#27;[39m &amp#27;[37m-->&amp#27;[39m &amp#27;[37mGET&amp#27;[39m &amp#27;[37m/wd/hub/session/72f517da-910c-46a8-8c18-f52fc551c88e/context&amp#27;[39m
&amp#27;[35m[HTTP]&amp#27;[39m &amp#27;[90m{}&amp#27;[39m
[debug] &amp#27;[35m[W3C (72f517da)]&amp#27;[39m Calling AppiumDriver.getCurrentContext() with args: ["72f517da-910c-46a8-8c18-f52fc551c88e"]
[debug] &amp#27;[35m[W3C (72f517da)]&amp#27;[39m Responding to client with driver.getCurrentContext() result: "NATIVE_APP"
&amp#27;[35m[HTTP]&amp#27;[39m &amp#27;[37m<-- GET /wd/hub/session/72f517da-910c-46a8-8c18-f52fc551c88e/context &amp#27;[39m&amp#27;[32m200&amp#27;[39m &amp#27;[90m1 ms - 22&amp#27;[39m
&amp#27;[35m[HTTP]&amp#27;[39m &amp#27;[90m&amp#27;[39m
&amp#27;[35m[HTTP]&amp#27;[39m &amp#27;[37m-->&amp#27;[39m &amp#27;[37mPOST&amp#27;[39m &amp#27;[37m/wd/hub/session/72f517da-910c-46a8-8c18-f52fc551c88e/elements&amp#27;[39m
&amp#27;[35m[HTTP]&amp#27;[39m &amp#27;[90m{"using":"xpath","value":"//android.widget.TextView"}&amp#27;[39m
[debug] &amp#27;[35m[W3C (72f517da)]&amp#27;[39m Calling AppiumDriver.findElements() with args: ["xpath","//android.widget.TextView","72f517da-910c-46a8-8c18-f52fc551c88e"]
[debug] &amp#27;[35m[BaseDriver]&amp#27;[39m Valid locator strategies for this request: xpath, id, class name, accessibility id, css selector, -android uiautomator
[debug] &amp#27;[35m[BaseDriver]&amp#27;[39m Waiting up to 20000 ms for condition
[debug] &amp#27;[35m[WD Proxy]&amp#27;[39m Matched '/elements' to command name 'findElements'
[debug] &amp#27;[35m[WD Proxy]&amp#27;[39m Proxying [POST /elements] to [POST http://127.0.0.1:8200/wd/hub/session/a8830392-9b85-4943-b889-72250055e4eb/elements] with body: {"strategy":"xpath","selector":"//android.widget.TextView","context":"","multiple":true}
[debug] &amp#27;[35m[WD Proxy]&amp#27;[39m Got response with status 200: {"sessionId":"a8830392-9b85-4943-b889-72250055e4eb","value":[{"ELEMENT":"8ef57451-7388-4c4d-bfe9-6da922a8eae1","element-6066-11e4-a52e-4f735466cecf":"8ef57451-7388-4c4d-bfe9-6da922a8eae1"},{"ELEMENT":"993206ef-f4fb-4117-9c74-92b7425a1e69","element-6066-11e4-a52e-4f735466cecf":"993206ef-f4fb-4117-9c74-92b7425a1e69"},{"ELEMENT":"d382903f-5470-4e19-bebd-eb9913d5ef8f","element-6066-11e4-a52e-4f735466cecf":"d382903f-5470-4e19-bebd-eb9913d5ef8f"},{"ELEMENT":"7a93c4ef-47bf-4123-8bc3-b4259bc7f282","element-6066-11e4-a52e-4f735466cecf":"7a93c4ef-47bf-4123-8bc3-b4259bc7f282"},{"ELEMENT":"a7713492-741d-496d-b8cb-b8ec450a69b8","element-6066-11e4-a52e-4f735466cecf":"a7713492-741d-496d-b8cb-b8ec450a69b8"},{"ELEMENT":"ff373582-0b02-40d9-a849-cd9b65150030","element-6066-11e4-a52e-4f735466cecf":"ff373582-0b02-40d9-a849-cd9b65150030"},{"ELEMENT":"cc81c9e5-3dce-470c-84b0-d20053b1eb15","element-6066-11e4-a52e-4f735466cecf":"cc81c9e5-3dce-470c-84b0-d20053b1eb15"},{"ELEMENT":"1bad878e-422d-47b2-aee6-602933b3d6da","element-6066-...
[debug] &amp#27;[35m[W3C (72f517da)]&amp#27;[39m Responding to client with driver.findElements() result: [{"element-6066-11e4-a52e-4f735466cecf":"8ef57451-7388-4c4d-bfe9-6da922a8eae1","ELEMENT":"8ef57451-7388-4c4d-bfe9-6da922a8eae1"},{"element-6066-11e4-a52e-4f735466cecf":"993206ef-f4fb-4117-9c74-92b7425a1e69","ELEMENT":"993206ef-f4fb-4117-9c74-92b7425a1e69"},{"element-6066-11e4-a52e-4f735466cecf":"d382903f-5470-4e19-bebd-eb9913d5ef8f","ELEMENT":"d382903f-5470-4e19-bebd-eb9913d5ef8f"},{"element-6066-11e4-a52e-4f735466cecf":"7a93c4ef-47bf-4123-8bc3-b4259bc7f282","ELEMENT":"7a93c4ef-47bf-4123-8bc3-b4259bc7f282"},{"element-6066-11e4-a52e-4f735466cecf":"a7713492-741d-496d-b8cb-b8ec450a69b8","ELEMENT":"a7713492-741d-496d-b8cb-b8ec450a69b8"},{"element-6066-11e4-a52e-4f735466cecf":"ff373582-0b02-40d9-a849-cd9b65150030","ELEMENT":"ff373582-0b02-40d9-a849-cd9b65150030"},{"element-6066-11e4-a52e-4f735466cecf":"cc81c9e5-3dce-470c-84b0-d20053b1eb15","ELEMENT":"cc81c9e5-3dce-470c-84b0-d20053b1eb15"},{"element-6066-11e4-a52e-4f735466cecf":"1bad878e-422d-47b2-aee6-602933b3d6da","ELEMENT":"1bad878e-422d-47b2-aee6-602933b3d6d...
&amp#27;[35m[HTTP]&amp#27;[39m &amp#27;[37m<-- POST /wd/hub/session/72f517da-910c-46a8-8c18-f52fc551c88e/elements &amp#27;[39m&amp#27;[32m200&amp#27;[39m &amp#27;[90m127 ms - 1291&amp#27;[39m
&amp#27;[35m[HTTP]&amp#27;[39m &amp#27;[90m&amp#27;[39m
&amp#27;[35m[HTTP]&amp#27;[39m &amp#27;[37m-->&amp#27;[39m &amp#27;[37mGET&amp#27;[39m &amp#27;[37m/wd/hub/session/72f517da-910c-46a8-8c18-f52fc551c88e/element/898d08e8-0f8d-4a51-b8a9-b2d6ba533951/text&amp#27;[39m
&amp#27;[35m[HTTP]&amp#27;[39m &amp#27;[90m{}&amp#27;[39m
&amp#27;[35m[W3C (72f517da)]&amp#27;[39m Driver proxy active, passing request on via HTTP proxy
[debug] &amp#27;[35m[WD Proxy]&amp#27;[39m Matched '/wd/hub/session/72f517da-910c-46a8-8c18-f52fc551c88e/element/898d08e8-0f8d-4a51-b8a9-b2d6ba533951/text' to command name 'getText'
[debug] &amp#27;[35m[WD Proxy]&amp#27;[39m Proxying [GET /wd/hub/session/72f517da-910c-46a8-8c18-f52fc551c88e/element/898d08e8-0f8d-4a51-b8a9-b2d6ba533951/text] to [GET http://127.0.0.1:8200/wd/hub/session/a8830392-9b85-4943-b889-72250055e4eb/element/898d08e8-0f8d-4a51-b8a9-b2d6ba533951/text] with no body
[debug] &amp#27;[35m[WD Proxy]&amp#27;[39m Got response with status 200: {"sessionId":"a8830392-9b85-4943-b889-72250055e4eb","value":"TERM DEPOSIT"}
&amp#27;[35m[WD Proxy]&amp#27;[39m Replacing sessionId a8830392-9b85-4943-b889-72250055e4eb with 72f517da-910c-46a8-8c18-f52fc551c88e
&amp#27;[35m[HTTP]&amp#27;[39m &amp#27;[37m<-- GET /wd/hub/session/72f517da-910c-46a8-8c18-f52fc551c88e/element/898d08e8-0f8d-4a51-b8a9-b2d6ba533951/text &amp#27;[39m&amp#27;[32m200&amp#27;[39m &amp#27;[90m21 ms - 75&amp#27;[39m
&amp#27;[35m[HTTP]&amp#27;[39m &amp#27;[90m&amp#27;[39m

&amp#27;[35m[HTTP]&amp#27;[39m &amp#27;[37m-->&amp#27;[39m &amp#27;[37mGET&amp#27;[39m &amp#27;[37m/wd/hub/session/72f517da-910c-46a8-8c18-f52fc551c88e/context&amp#27;[39m
&amp#27;[35m[HTTP]&amp#27;[39m &amp#27;[90m{}&amp#27;[39m
[debug] &amp#27;[35m[W3C (72f517da)]&amp#27;[39m Calling AppiumDriver.getCurrentContext() with args: ["72f517da-910c-46a8-8c18-f52fc551c88e"]
[debug] &amp#27;[35m[W3C (72f517da)]&amp#27;[39m Responding to client with driver.getCurrentContext() result: "NATIVE_APP"
&amp#27;[35m[HTTP]&amp#27;[39m &amp#27;[37m<-- GET /wd/hub/session/72f517da-910c-46a8-8c18-f52fc551c88e/context &amp#27;[39m&amp#27;[32m200&amp#27;[39m &amp#27;[90m1 ms - 22&amp#27;[39m
&amp#27;[35m[HTTP]&amp#27;[39m &amp#27;[90m&amp#27;[39m
&amp#27;[35m[HTTP]&amp#27;[39m &amp#27;[37m-->&amp#27;[39m &amp#27;[37mPOST&amp#27;[39m &amp#27;[37m/wd/hub/session/72f517da-910c-46a8-8c18-f52fc551c88e/elements&amp#27;[39m
&amp#27;[35m[HTTP]&amp#27;[39m &amp#27;[90m{"using":"xpath","value":"//android.view.View"}&amp#27;[39m
[debug] &amp#27;[35m[W3C (72f517da)]&amp#27;[39m Calling AppiumDriver.findElements() with args: ["xpath","//android.view.View","72f517da-910c-46a8-8c18-f52fc551c88e"]
[debug] &amp#27;[35m[BaseDriver]&amp#27;[39m Valid locator strategies for this request: xpath, id, class name, accessibility id, css selector, -android uiautomator
[debug] &amp#27;[35m[BaseDriver]&amp#27;[39m Waiting up to 20000 ms for condition
[debug] &amp#27;[35m[WD Proxy]&amp#27;[39m Matched '/elements' to command name 'findElements'
[debug] &amp#27;[35m[WD Proxy]&amp#27;[39m Proxying [POST /elements] to [POST http://127.0.0.1:8200/wd/hub/session/a8830392-9b85-4943-b889-72250055e4eb/elements] with body: {"strategy":"xpath","selector":"//android.view.View","context":"","multiple":true}
[debug] &amp#27;[35m[WD Proxy]&amp#27;[39m Got response with status 200: {"sessionId":"a8830392-9b85-4943-b889-72250055e4eb","value":[{"ELEMENT":"37669668-5887-46d0-afba-d34057fdcc61","element-6066-11e4-a52e-4f735466cecf":"37669668-5887-46d0-afba-d34057fdcc61"},{"ELEMENT":"3a7268b8-9b30-4587-badb-27d1d86ddc17","element-6066-11e4-a52e-4f735466cecf":"3a7268b8-9b30-4587-badb-27d1d86ddc17"},{"ELEMENT":"912fe971-b279-4aca-9a8a-004cd39149dc","element-6066-11e4-a52e-4f735466cecf":"912fe971-b279-4aca-9a8a-004cd39149dc"},{"ELEMENT":"cc400e74-ce00-46e5-b121-b58c41eea2d6","element-6066-11e4-a52e-4f735466cecf":"cc400e74-ce00-46e5-b121-b58c41eea2d6"},{"ELEMENT":"6daa95be-c4a3-403e-b8db-e1d9ea59dec4","element-6066-11e4-a52e-4f735466cecf":"6daa95be-c4a3-403e-b8db-e1d9ea59dec4"},{"ELEMENT":"8dbd4c49-53dd-4d33-8595-7cb0410060f0","element-6066-11e4-a52e-4f735466cecf":"8dbd4c49-53dd-4d33-8595-7cb0410060f0"},{"ELEMENT":"da6d2c1a-ae68-4265-bd38-1a02bb22bd1d","element-6066-11e4-a52e-4f735466cecf":"da6d2c1a-ae68-4265-bd38-1a02bb22bd1d"},{"ELEMENT":"1bd67d7b-b512-45e0-bb71-3d58cb7012fb","element-6066-...
[debug] &amp#27;[35m[W3C (72f517da)]&amp#27;[39m Responding to client with driver.findElements() result: [{"element-6066-11e4-a52e-4f735466cecf":"37669668-5887-46d0-afba-d34057fdcc61","ELEMENT":"37669668-5887-46d0-afba-d34057fdcc61"},{"element-6066-11e4-a52e-4f735466cecf":"3a7268b8-9b30-4587-badb-27d1d86ddc17","ELEMENT":"3a7268b8-9b30-4587-badb-27d1d86ddc17"},{"element-6066-11e4-a52e-4f735466cecf":"912fe971-b279-4aca-9a8a-004cd39149dc","ELEMENT":"912fe971-b279-4aca-9a8a-004cd39149dc"},{"element-6066-11e4-a52e-4f735466cecf":"cc400e74-ce00-46e5-b121-b58c41eea2d6","ELEMENT":"cc400e74-ce00-46e5-b121-b58c41eea2d6"},{"element-6066-11e4-a52e-4f735466cecf":"6daa95be-c4a3-403e-b8db-e1d9ea59dec4","ELEMENT":"6daa95be-c4a3-403e-b8db-e1d9ea59dec4"},{"element-6066-11e4-a52e-4f735466cecf":"8dbd4c49-53dd-4d33-8595-7cb0410060f0","ELEMENT":"8dbd4c49-53dd-4d33-8595-7cb0410060f0"},{"element-6066-11e4-a52e-4f735466cecf":"da6d2c1a-ae68-4265-bd38-1a02bb22bd1d","ELEMENT":"da6d2c1a-ae68-4265-bd38-1a02bb22bd1d"},{"element-6066-11e4-a52e-4f735466cecf":"1bd67d7b-b512-45e0-bb71-3d58cb7012fb","ELEMENT":"1bd67d7b-b512-45e0-bb71-3d58cb7012f...
&amp#27;[35m[HTTP]&amp#27;[39m &amp#27;[37m<-- POST /wd/hub/session/72f517da-910c-46a8-8c18-f52fc551c88e/elements &amp#27;[39m&amp#27;[32m200&amp#27;[39m &amp#27;[90m160 ms - 6155&amp#27;[39m
&amp#27;[35m[HTTP]&amp#27;[39m &amp#27;[90m&amp#27;[39m
&amp#27;[35m[HTTP]&amp#27;[39m &amp#27;[37m-->&amp#27;[39m &amp#27;[37mGET&amp#27;[39m &amp#27;[37m/wd/hub/session/72f517da-910c-46a8-8c18-f52fc551c88e/element/39ccd1a9-0658-4750-a559-632b60385041/text&amp#27;[39m
&amp#27;[35m[HTTP]&amp#27;[39m &amp#27;[90m{}&amp#27;[39m
&amp#27;[35m[W3C (72f517da)]&amp#27;[39m Driver proxy active, passing request on via HTTP proxy
[debug] &amp#27;[35m[WD Proxy]&amp#27;[39m Matched '/wd/hub/session/72f517da-910c-46a8-8c18-f52fc551c88e/element/39ccd1a9-0658-4750-a559-632b60385041/text' to command name 'getText'
[debug] &amp#27;[35m[WD Proxy]&amp#27;[39m Proxying [GET /wd/hub/session/72f517da-910c-46a8-8c18-f52fc551c88e/element/39ccd1a9-0658-4750-a559-632b60385041/text] to [GET http://127.0.0.1:8200/wd/hub/session/a8830392-9b85-4943-b889-72250055e4eb/element/39ccd1a9-0658-4750-a559-632b60385041/text] with no body
[debug] &amp#27;[35m[WD Proxy]&amp#27;[39m Got response with status 200: {"sessionId":"a8830392-9b85-4943-b889-72250055e4eb","value":"XX 971"}
&amp#27;[35m[WD Proxy]&amp#27;[39m Replacing sessionId a8830392-9b85-4943-b889-72250055e4eb with 72f517da-910c-46a8-8c18-f52fc551c88e
&amp#27;[35m[HTTP]&amp#27;[39m &amp#27;[37m<-- GET /wd/hub/session/72f517da-910c-46a8-8c18-f52fc551c88e/element/39ccd1a9-0658-4750-a559-632b60385041/text &amp#27;[39m&amp#27;[32m200&amp#27;[39m &amp#27;[90m17 ms - 69&amp#27;[39m
&amp#27;[35m[HTTP]&amp#27;[39m &amp#27;[90m&amp#27;[39m
&amp#27;[35m[HTTP]&amp#27;[39m &amp#27;[37m-->&amp#27;[39m &amp#27;[37mGET&amp#27;[39m &amp#27;[37m/wd/hub/session/72f517da-910c-46a8-8c18-f52fc551c88e/context&amp#27;[39m
&amp#27;[35m[HTTP]&amp#27;[39m &amp#27;[90m{}&amp#27;[39m
[debug] &amp#27;[35m[W3C (72f517da)]&amp#27;[39m Calling AppiumDriver.getCurrentContext() with args: ["72f517da-910c-46a8-8c18-f52fc551c88e"]
[debug] &amp#27;[35m[W3C (72f517da)]&amp#27;[39m Responding to client with driver.getCurrentContext() result: "NATIVE_APP"
&amp#27;[35m[HTTP]&amp#27;[39m &amp#27;[37m<-- GET /wd/hub/session/72f517da-910c-46a8-8c18-f52fc551c88e/context &amp#27;[39m&amp#27;[32m200&amp#27;[39m &amp#27;[90m1 ms - 22&amp#27;[39m
&amp#27;[35m[HTTP]&amp#27;[39m &amp#27;[90m&amp#27;[39m
&amp#27;[35m[HTTP]&amp#27;[39m &amp#27;[37m-->&amp#27;[39m &amp#27;[37mPOST&amp#27;[39m &amp#27;[37m/wd/hub/session/72f517da-910c-46a8-8c18-f52fc551c88e/elements&amp#27;[39m
&amp#27;[35m[HTTP]&amp#27;[39m &amp#27;[90m{"using":"xpath","value":"//android.widget.TextView"}&amp#27;[39m
[debug] &amp#27;[35m[W3C (72f517da)]&amp#27;[39m Calling AppiumDriver.findElements() with args: ["xpath","//android.widget.TextView","72f517da-910c-46a8-8c18-f52fc551c88e"]
[debug] &amp#27;[35m[BaseDriver]&amp#27;[39m Valid locator strategies for this request: xpath, id, class name, accessibility id, css selector, -android uiautomator
[debug] &amp#27;[35m[BaseDriver]&amp#27;[39m Waiting up to 20000 ms for condition
[debug] &amp#27;[35m[WD Proxy]&amp#27;[39m Matched '/elements' to command name 'findElements'
[debug] &amp#27;[35m[WD Proxy]&amp#27;[39m Proxying [POST /elements] to [POST http://127.0.0.1:8200/wd/hub/session/a8830392-9b85-4943-b889-72250055e4eb/elements] with body: {"strategy":"xpath","selector":"//android.widget.TextView","context":"","multiple":true}
[debug] &amp#27;[35m[WD Proxy]&amp#27;[39m Got response with status 200: {"sessionId":"a8830392-9b85-4943-b889-72250055e4eb","value":[{"ELEMENT":"342abfac-5767-458e-ba16-54f6bf96007f","element-6066-11e4-a52e-4f735466cecf":"342abfac-5767-458e-ba16-54f6bf96007f"},{"ELEMENT":"46f06dca-c396-4e55-b363-50451bce31e7","element-6066-11e4-a52e-4f735466cecf":"46f06dca-c396-4e55-b363-50451bce31e7"},{"ELEMENT":"72ee9127-e8bf-4b29-b01a-124a694bd06b","element-6066-11e4-a52e-4f735466cecf":"72ee9127-e8bf-4b29-b01a-124a694bd06b"},{"ELEMENT":"73727ee0-6164-4a90-b460-03f98090b511","element-6066-11e4-a52e-4f735466cecf":"73727ee0-6164-4a90-b460-03f98090b511"},{"ELEMENT":"90348d07-7467-401c-8a2c-f848295c024c","element-6066-11e4-a52e-4f735466cecf":"90348d07-7467-401c-8a2c-f848295c024c"},{"ELEMENT":"fe417f3a-5164-4547-94fe-873f437c3c95","element-6066-11e4-a52e-4f735466cecf":"fe417f3a-5164-4547-94fe-873f437c3c95"},{"ELEMENT":"7bd24ba7-5a7c-4d6b-9b65-a7a2e1185ffe","element-6066-11e4-a52e-4f735466cecf":"7bd24ba7-5a7c-4d6b-9b65-a7a2e1185ffe"},{"ELEMENT":"82c72bf3-fe4a-4cd1-a870-8b30c5669424","element-6066-...
[debug] &amp#27;[35m[W3C (72f517da)]&amp#27;[39m Responding to client with driver.findElements() result: [{"element-6066-11e4-a52e-4f735466cecf":"342abfac-5767-458e-ba16-54f6bf96007f","ELEMENT":"342abfac-5767-458e-ba16-54f6bf96007f"},{"element-6066-11e4-a52e-4f735466cecf":"46f06dca-c396-4e55-b363-50451bce31e7","ELEMENT":"46f06dca-c396-4e55-b363-50451bce31e7"},{"element-6066-11e4-a52e-4f735466cecf":"72ee9127-e8bf-4b29-b01a-124a694bd06b","ELEMENT":"72ee9127-e8bf-4b29-b01a-124a694bd06b"},{"element-6066-11e4-a52e-4f735466cecf":"73727ee0-6164-4a90-b460-03f98090b511","ELEMENT":"73727ee0-6164-4a90-b460-03f98090b511"},{"element-6066-11e4-a52e-4f735466cecf":"90348d07-7467-401c-8a2c-f848295c024c","ELEMENT":"90348d07-7467-401c-8a2c-f848295c024c"},{"element-6066-11e4-a52e-4f735466cecf":"fe417f3a-5164-4547-94fe-873f437c3c95","ELEMENT":"fe417f3a-5164-4547-94fe-873f437c3c95"},{"element-6066-11e4-a52e-4f735466cecf":"7bd24ba7-5a7c-4d6b-9b65-a7a2e1185ffe","ELEMENT":"7bd24ba7-5a7c-4d6b-9b65-a7a2e1185ffe"},{"element-6066-11e4-a52e-4f735466cecf":"82c72bf3-fe4a-4cd1-a870-8b30c5669424","ELEMENT":"82c72bf3-fe4a-4cd1-a870-8b30c566942...
&amp#27;[35m[HTTP]&amp#27;[39m &amp#27;[37m<-- POST /wd/hub/session/72f517da-910c-46a8-8c18-f52fc551c88e/elements &amp#27;[39m&amp#27;[32m200&amp#27;[39m &amp#27;[90m132 ms - 1291&amp#27;[39m
&amp#27;[35m[HTTP]&amp#27;[39m &amp#27;[90m&amp#27;[39m
&amp#27;[35m[HTTP]&amp#27;[39m &amp#27;[37m-->&amp#27;[39m &amp#27;[37mGET&amp#27;[39m &amp#27;[37m/wd/hub/session/72f517da-910c-46a8-8c18-f52fc551c88e/element/275e839f-00e6-44ed-b890-dbfbf8db088c/text&amp#27;[39m
&amp#27;[35m[HTTP]&amp#27;[39m &amp#27;[90m{}&amp#27;[39m
&amp#27;[35m[W3C (72f517da)]&amp#27;[39m Driver proxy active, passing request on via HTTP proxy
[debug] &amp#27;[35m[WD Proxy]&amp#27;[39m Matched '/wd/hub/session/72f517da-910c-46a8-8c18-f52fc551c88e/element/275e839f-00e6-44ed-b890-dbfbf8db088c/text' to command name 'getText'
[debug] &amp#27;[35m[WD Proxy]&amp#27;[39m Proxying [GET /wd/hub/session/72f517da-910c-46a8-8c18-f52fc551c88e/element/275e839f-00e6-44ed-b890-dbfbf8db088c/text] to [GET http://127.0.0.1:8200/wd/hub/session/a8830392-9b85-4943-b889-72250055e4eb/element/275e839f-00e6-44ed-b890-dbfbf8db088c/text] with no body
[debug] &amp#27;[35m[WD Proxy]&amp#27;[39m Got response with status 200: {"sessionId":"a8830392-9b85-4943-b889-72250055e4eb","value":"TERM DEPOSIT"}
&amp#27;[35m[WD Proxy]&amp#27;[39m Replacing sessionId a8830392-9b85-4943-b889-72250055e4eb with 72f517da-910c-46a8-8c18-f52fc551c88e
&amp#27;[35m[HTTP]&amp#27;[39m &amp#27;[37m<-- GET /wd/hub/session/72f517da-910c-46a8-8c18-f52fc551c88e/element/275e839f-00e6-44ed-b890-dbfbf8db088c/text &amp#27;[39m&amp#27;[32m200&amp#27;[39m &amp#27;[90m15 ms - 75&amp#27;[39m
&amp#27;[35m[HTTP]&amp#27;[39m &amp#27;[90m&amp#27;[39m
XX 971:TERM DEPOSIT
&amp#27;[35m[HTTP]&amp#27;[39m &amp#27;[37m-->&amp#27;[39m &amp#27;[37mGET&amp#27;[39m &amp#27;[37m/wd/hub/session/72f517da-910c-46a8-8c18-f52fc551c88e/context&amp#27;[39m
&amp#27;[35m[HTTP]&amp#27;[39m &amp#27;[90m{}&amp#27;[39m
[debug] &amp#27;[35m[W3C (72f517da)]&amp#27;[39m Calling AppiumDriver.getCurrentContext() with args: ["72f517da-910c-46a8-8c18-f52fc551c88e"]
[debug] &amp#27;[35m[W3C (72f517da)]&amp#27;[39m Responding to client with driver.getCurrentContext() result: "NATIVE_APP"
&amp#27;[35m[HTTP]&amp#27;[39m &amp#27;[37m<-- GET /wd/hub/session/72f517da-910c-46a8-8c18-f52fc551c88e/context &amp#27;[39m&amp#27;[32m200&amp#27;[39m &amp#27;[90m1 ms - 22&amp#27;[39m
&amp#27;[35m[HTTP]&amp#27;[39m &amp#27;[90m&amp#27;[39m
&amp#27;[35m[HTTP]&amp#27;[39m &amp#27;[37m-->&amp#27;[39m &amp#27;[37mPOST&amp#27;[39m &amp#27;[37m/wd/hub/session/72f517da-910c-46a8-8c18-f52fc551c88e/elements&amp#27;[39m
&amp#27;[35m[HTTP]&amp#27;[39m &amp#27;[90m{"using":"xpath","value":"//android.view.View"}&amp#27;[39m
[debug] &amp#27;[35m[W3C (72f517da)]&amp#27;[39m Calling AppiumDriver.findElements() with args: ["xpath","//android.view.View","72f517da-910c-46a8-8c18-f52fc551c88e"]
[debug] &amp#27;[35m[BaseDriver]&amp#27;[39m Valid locator strategies for this request: xpath, id, class name, accessibility id, css selector, -android uiautomator
[debug] &amp#27;[35m[BaseDriver]&amp#27;[39m Waiting up to 20000 ms for condition
[debug] &amp#27;[35m[WD Proxy]&amp#27;[39m Matched '/elements' to command name 'findElements'
[debug] &amp#27;[35m[WD Proxy]&amp#27;[39m Proxying [POST /elements] to [POST http://127.0.0.1:8200/wd/hub/session/a8830392-9b85-4943-b889-72250055e4eb/elements] with body: {"strategy":"xpath","selector":"//android.view.View","context":"","multiple":true}
[debug] &amp#27;[35m[WD Proxy]&amp#27;[39m Got response with status 200: {"sessionId":"a8830392-9b85-4943-b889-72250055e4eb","value":[{"ELEMENT":"82be9422-ae3a-4798-b7ca-cf56dc9f2209","element-6066-11e4-a52e-4f735466cecf":"82be9422-ae3a-4798-b7ca-cf56dc9f2209"},{"ELEMENT":"534bb40f-de75-4e82-a6d5-f5332fa1915c","element-6066-11e4-a52e-4f735466cecf":"534bb40f-de75-4e82-a6d5-f5332fa1915c"},{"ELEMENT":"bf9242f7-3763-4520-9be6-432460a79094","element-6066-11e4-a52e-4f735466cecf":"bf9242f7-3763-4520-9be6-432460a79094"},{"ELEMENT":"9c0a535f-0524-478b-8ec0-cd0524d94146","element-6066-11e4-a52e-4f735466cecf":"9c0a535f-0524-478b-8ec0-cd0524d94146"},{"ELEMENT":"df434809-1d0d-4ac6-bf85-ed8b86743eb1","element-6066-11e4-a52e-4f735466cecf":"df434809-1d0d-4ac6-bf85-ed8b86743eb1"},{"ELEMENT":"bf74ea72-9787-4138-bb93-2c5739e55fe6","element-6066-11e4-a52e-4f735466cecf":"bf74ea72-9787-4138-bb93-2c5739e55fe6"},{"ELEMENT":"8354a03c-57ad-41a7-8757-b70b6a421912","element-6066-11e4-a52e-4f735466cecf":"8354a03c-57ad-41a7-8757-b70b6a421912"},{"ELEMENT":"b40c96b2-8710-43b0-aa1e-a03d377a1abd","element-6066-...
[debug] &amp#27;[35m[W3C (72f517da)]&amp#27;[39m Responding to client with driver.findElements() result: [{"element-6066-11e4-a52e-4f735466cecf":"82be9422-ae3a-4798-b7ca-cf56dc9f2209","ELEMENT":"82be9422-ae3a-4798-b7ca-cf56dc9f2209"},{"element-6066-11e4-a52e-4f735466cecf":"534bb40f-de75-4e82-a6d5-f5332fa1915c","ELEMENT":"534bb40f-de75-4e82-a6d5-f5332fa1915c"},{"element-6066-11e4-a52e-4f735466cecf":"bf9242f7-3763-4520-9be6-432460a79094","ELEMENT":"bf9242f7-3763-4520-9be6-432460a79094"},{"element-6066-11e4-a52e-4f735466cecf":"9c0a535f-0524-478b-8ec0-cd0524d94146","ELEMENT":"9c0a535f-0524-478b-8ec0-cd0524d94146"},{"element-6066-11e4-a52e-4f735466cecf":"df434809-1d0d-4ac6-bf85-ed8b86743eb1","ELEMENT":"df434809-1d0d-4ac6-bf85-ed8b86743eb1"},{"element-6066-11e4-a52e-4f735466cecf":"bf74ea72-9787-4138-bb93-2c5739e55fe6","ELEMENT":"bf74ea72-9787-4138-bb93-2c5739e55fe6"},{"element-6066-11e4-a52e-4f735466cecf":"8354a03c-57ad-41a7-8757-b70b6a421912","ELEMENT":"8354a03c-57ad-41a7-8757-b70b6a421912"},{"element-6066-11e4-a52e-4f735466cecf":"b40c96b2-8710-43b0-aa1e-a03d377a1abd","ELEMENT":"b40c96b2-8710-43b0-aa1e-a03d377a1ab...
&amp#27;[35m[HTTP]&amp#27;[39m &amp#27;[37m<-- POST /wd/hub/session/72f517da-910c-46a8-8c18-f52fc551c88e/elements &amp#27;[39m&amp#27;[32m200&amp#27;[39m &amp#27;[90m121 ms - 6155&amp#27;[39m
&amp#27;[35m[HTTP]&amp#27;[39m &amp#27;[90m&amp#27;[39m
&amp#27;[35m[HTTP]&amp#27;[39m &amp#27;[37m-->&amp#27;[39m &amp#27;[37mGET&amp#27;[39m &amp#27;[37m/wd/hub/session/72f517da-910c-46a8-8c18-f52fc551c88e/element/77f1bdd7-2d02-4477-a121-156a0a69a0c3/text&amp#27;[39m
&amp#27;[35m[HTTP]&amp#27;[39m &amp#27;[90m{}&amp#27;[39m
&amp#27;[35m[W3C (72f517da)]&amp#27;[39m Driver proxy active, passing request on via HTTP proxy
[debug] &amp#27;[35m[WD Proxy]&amp#27;[39m Matched '/wd/hub/session/72f517da-910c-46a8-8c18-f52fc551c88e/element/77f1bdd7-2d02-4477-a121-156a0a69a0c3/text' to command name 'getText'
[debug] &amp#27;[35m[WD Proxy]&amp#27;[39m Proxying [GET /wd/hub/session/72f517da-910c-46a8-8c18-f52fc551c88e/element/77f1bdd7-2d02-4477-a121-156a0a69a0c3/text] to [GET http://127.0.0.1:8200/wd/hub/session/a8830392-9b85-4943-b889-72250055e4eb/element/77f1bdd7-2d02-4477-a121-156a0a69a0c3/text] with no body
[debug] &amp#27;[35m[WD Proxy]&amp#27;[39m Got response with status 200: {"sessionId":"a8830392-9b85-4943-b889-72250055e4eb","value":""}
&amp#27;[35m[WD Proxy]&amp#27;[39m Replacing sessionId a8830392-9b85-4943-b889-72250055e4eb with 72f517da-910c-46a8-8c18-f52fc551c88e
&amp#27;[35m[HTTP]&amp#27;[39m &amp#27;[37m<-- GET /wd/hub/session/72f517da-910c-46a8-8c18-f52fc551c88e/element/77f1bdd7-2d02-4477-a121-156a0a69a0c3/text &amp#27;[39m&amp#27;[32m200&amp#27;[39m &amp#27;[90m17 ms - 63&amp#27;[39m
&amp#27;[35m[HTTP]&amp#27;[39m &amp#27;[90m&amp#27;[39m
&amp#27;[35m[HTTP]&amp#27;[39m &amp#27;[37m-->&amp#27;[39m &amp#27;[37mGET&amp#27;[39m &amp#27;[37m/wd/hub/session/72f517da-910c-46a8-8c18-f52fc551c88e/context&amp#27;[39m
&amp#27;[35m[HTTP]&amp#27;[39m &amp#27;[90m{}&amp#27;[39m
[debug] &amp#27;[35m[W3C (72f517da)]&amp#27;[39m Calling AppiumDriver.getCurrentContext() with args: ["72f517da-910c-46a8-8c18-f52fc551c88e"]
[debug] &amp#27;[35m[W3C (72f517da)]&amp#27;[39m Responding to client with driver.getCurrentContext() result: "NATIVE_APP"
&amp#27;[35m[HTTP]&amp#27;[39m &amp#27;[37m<-- GET /wd/hub/session/72f517da-910c-46a8-8c18-f52fc551c88e/context &amp#27;[39m&amp#27;[32m200&amp#27;[39m &amp#27;[90m1 ms - 22&amp#27;[39m
&amp#27;[35m[HTTP]&amp#27;[39m &amp#27;[90m&amp#27;[39m
&amp#27;[35m[HTTP]&amp#27;[39m &amp#27;[37m-->&amp#27;[39m &amp#27;[37mPOST&amp#27;[39m &amp#27;[37m/wd/hub/session/72f517da-910c-46a8-8c18-f52fc551c88e/elements&amp#27;[39m
&amp#27;[35m[HTTP]&amp#27;[39m &amp#27;[90m{"using":"xpath","value":"//android.widget.TextView"}&amp#27;[39m
[debug] &amp#27;[35m[W3C (72f517da)]&amp#27;[39m Calling AppiumDriver.findElements() with args: ["xpath","//android.widget.TextView","72f517da-910c-46a8-8c18-f52fc551c88e"]
[debug] &amp#27;[35m[BaseDriver]&amp#27;[39m Valid locator strategies for this request: xpath, id, class name, accessibility id, css selector, -android uiautomator
[debug] &amp#27;[35m[BaseDriver]&amp#27;[39m Waiting up to 20000 ms for condition
[debug] &amp#27;[35m[WD Proxy]&amp#27;[39m Matched '/elements' to command name 'findElements'
[debug] &amp#27;[35m[WD Proxy]&amp#27;[39m Proxying [POST /elements] to [POST http://127.0.0.1:8200/wd/hub/session/a8830392-9b85-4943-b889-72250055e4eb/elements] with body: {"strategy":"xpath","selector":"//android.widget.TextView","context":"","multiple":true}
[debug] &amp#27;[35m[WD Proxy]&amp#27;[39m Got response with status 200: {"sessionId":"a8830392-9b85-4943-b889-72250055e4eb","value":[{"ELEMENT":"6a00e69a-896a-4548-b1dd-b2f6c5cdc21c","element-6066-11e4-a52e-4f735466cecf":"6a00e69a-896a-4548-b1dd-b2f6c5cdc21c"},{"ELEMENT":"dbcb3b38-006a-4de3-acc5-fd88c7fa54c8","element-6066-11e4-a52e-4f735466cecf":"dbcb3b38-006a-4de3-acc5-fd88c7fa54c8"},{"ELEMENT":"e4004dc2-1cf9-4326-b861-b7c54bbfc73f","element-6066-11e4-a52e-4f735466cecf":"e4004dc2-1cf9-4326-b861-b7c54bbfc73f"},{"ELEMENT":"3d260336-e9b5-4b84-9eb1-4475ab0c81cb","element-6066-11e4-a52e-4f735466cecf":"3d260336-e9b5-4b84-9eb1-4475ab0c81cb"},{"ELEMENT":"f9d7837b-1cc1-4738-9dbb-14e792562b29","element-6066-11e4-a52e-4f735466cecf":"f9d7837b-1cc1-4738-9dbb-14e792562b29"},{"ELEMENT":"3b0afa61-8442-4ea0-95cd-d50e5a0c716f","element-6066-11e4-a52e-4f735466cecf":"3b0afa61-8442-4ea0-95cd-d50e5a0c716f"},{"ELEMENT":"db937c22-b8e2-4dd7-b8a3-453e453a1f8e","element-6066-11e4-a52e-4f735466cecf":"db937c22-b8e2-4dd7-b8a3-453e453a1f8e"},{"ELEMENT":"f63b1b73-b6a3-4394-82cd-674ebe983ed7","element-6066-...
[debug] &amp#27;[35m[W3C (72f517da)]&amp#27;[39m Responding to client with driver.findElements() result: [{"element-6066-11e4-a52e-4f735466cecf":"6a00e69a-896a-4548-b1dd-b2f6c5cdc21c","ELEMENT":"6a00e69a-896a-4548-b1dd-b2f6c5cdc21c"},{"element-6066-11e4-a52e-4f735466cecf":"dbcb3b38-006a-4de3-acc5-fd88c7fa54c8","ELEMENT":"dbcb3b38-006a-4de3-acc5-fd88c7fa54c8"},{"element-6066-11e4-a52e-4f735466cecf":"e4004dc2-1cf9-4326-b861-b7c54bbfc73f","ELEMENT":"e4004dc2-1cf9-4326-b861-b7c54bbfc73f"},{"element-6066-11e4-a52e-4f735466cecf":"3d260336-e9b5-4b84-9eb1-4475ab0c81cb","ELEMENT":"3d260336-e9b5-4b84-9eb1-4475ab0c81cb"},{"element-6066-11e4-a52e-4f735466cecf":"f9d7837b-1cc1-4738-9dbb-14e792562b29","ELEMENT":"f9d7837b-1cc1-4738-9dbb-14e792562b29"},{"element-6066-11e4-a52e-4f735466cecf":"3b0afa61-8442-4ea0-95cd-d50e5a0c716f","ELEMENT":"3b0afa61-8442-4ea0-95cd-d50e5a0c716f"},{"element-6066-11e4-a52e-4f735466cecf":"db937c22-b8e2-4dd7-b8a3-453e453a1f8e","ELEMENT":"db937c22-b8e2-4dd7-b8a3-453e453a1f8e"},{"element-6066-11e4-a52e-4f735466cecf":"f63b1b73-b6a3-4394-82cd-674ebe983ed7","ELEMENT":"f63b1b73-b6a3-4394-82cd-674ebe983ed...
&amp#27;[35m[HTTP]&amp#27;[39m &amp#27;[37m<-- POST /wd/hub/session/72f517da-910c-46a8-8c18-f52fc551c88e/elements &amp#27;[39m&amp#27;[32m200&amp#27;[39m &amp#27;[90m138 ms - 1291&amp#27;[39m
&amp#27;[35m[HTTP]&amp#27;[39m &amp#27;[90m&amp#27;[39m
&amp#27;[35m[HTTP]&amp#27;[39m &amp#27;[37m-->&amp#27;[39m &amp#27;[37mGET&amp#27;[39m &amp#27;[37m/wd/hub/session/72f517da-910c-46a8-8c18-f52fc551c88e/element/6bc8878b-3fdd-4dcf-b958-d0a83e9d03c2/text&amp#27;[39m
&amp#27;[35m[HTTP]&amp#27;[39m &amp#27;[90m{}&amp#27;[39m
&amp#27;[35m[W3C (72f517da)]&amp#27;[39m Driver proxy active, passing request on via HTTP proxy
[debug] &amp#27;[35m[WD Proxy]&amp#27;[39m Matched '/wd/hub/session/72f517da-910c-46a8-8c18-f52fc551c88e/element/6bc8878b-3fdd-4dcf-b958-d0a83e9d03c2/text' to command name 'getText'
[debug] &amp#27;[35m[WD Proxy]&amp#27;[39m Proxying [GET /wd/hub/session/72f517da-910c-46a8-8c18-f52fc551c88e/element/6bc8878b-3fdd-4dcf-b958-d0a83e9d03c2/text] to [GET http://127.0.0.1:8200/wd/hub/session/a8830392-9b85-4943-b889-72250055e4eb/element/6bc8878b-3fdd-4dcf-b958-d0a83e9d03c2/text] with no body
[debug] &amp#27;[35m[WD Proxy]&amp#27;[39m Got response with status 200: {"sessionId":"a8830392-9b85-4943-b889-72250055e4eb","value":"TERM DEPOSIT"}
&amp#27;[35m[WD Proxy]&amp#27;[39m Replacing sessionId a8830392-9b85-4943-b889-72250055e4eb with 72f517da-910c-46a8-8c18-f52fc551c88e
&amp#27;[35m[HTTP]&amp#27;[39m &amp#27;[37m<-- GET /wd/hub/session/72f517da-910c-46a8-8c18-f52fc551c88e/element/6bc8878b-3fdd-4dcf-b958-d0a83e9d03c2/text &amp#27;[39m&amp#27;[32m200&amp#27;[39m &amp#27;[90m16 ms - 75&amp#27;[39m
&amp#27;[35m[HTTP]&amp#27;[39m &amp#27;[90m&amp#27;[39m

&amp#27;[35m[HTTP]&amp#27;[39m &amp#27;[37m-->&amp#27;[39m &amp#27;[37mGET&amp#27;[39m &amp#27;[37m/wd/hub/session/72f517da-910c-46a8-8c18-f52fc551c88e/context&amp#27;[39m
&amp#27;[35m[HTTP]&amp#27;[39m &amp#27;[90m{}&amp#27;[39m
[debug] &amp#27;[35m[W3C (72f517da)]&amp#27;[39m Calling AppiumDriver.getCurrentContext() with args: ["72f517da-910c-46a8-8c18-f52fc551c88e"]
[debug] &amp#27;[35m[W3C (72f517da)]&amp#27;[39m Responding to client with driver.getCurrentContext() result: "NATIVE_APP"
&amp#27;[35m[HTTP]&amp#27;[39m &amp#27;[37m<-- GET /wd/hub/session/72f517da-910c-46a8-8c18-f52fc551c88e/context &amp#27;[39m&amp#27;[32m200&amp#27;[39m &amp#27;[90m1 ms - 22&amp#27;[39m
&amp#27;[35m[HTTP]&amp#27;[39m &amp#27;[90m&amp#27;[39m
&amp#27;[35m[HTTP]&amp#27;[39m &amp#27;[37m-->&amp#27;[39m &amp#27;[37mPOST&amp#27;[39m &amp#27;[37m/wd/hub/session/72f517da-910c-46a8-8c18-f52fc551c88e/elements&amp#27;[39m
&amp#27;[35m[HTTP]&amp#27;[39m &amp#27;[90m{"using":"xpath","value":"//android.view.View"}&amp#27;[39m
[debug] &amp#27;[35m[W3C (72f517da)]&amp#27;[39m Calling AppiumDriver.findElements() with args: ["xpath","//android.view.View","72f517da-910c-46a8-8c18-f52fc551c88e"]
[debug] &amp#27;[35m[BaseDriver]&amp#27;[39m Valid locator strategies for this request: xpath, id, class name, accessibility id, css selector, -android uiautomator
[debug] &amp#27;[35m[BaseDriver]&amp#27;[39m Waiting up to 20000 ms for condition
[debug] &amp#27;[35m[WD Proxy]&amp#27;[39m Matched '/elements' to command name 'findElements'
[debug] &amp#27;[35m[WD Proxy]&amp#27;[39m Proxying [POST /elements] to [POST http://127.0.0.1:8200/wd/hub/session/a8830392-9b85-4943-b889-72250055e4eb/elements] with body: {"strategy":"xpath","selector":"//android.view.View","context":"","multiple":true}
[debug] &amp#27;[35m[WD Proxy]&amp#27;[39m Got response with status 200: {"sessionId":"a8830392-9b85-4943-b889-72250055e4eb","value":[{"ELEMENT":"c9ca68ad-236f-4c9c-9710-f290ee81164b","element-6066-11e4-a52e-4f735466cecf":"c9ca68ad-236f-4c9c-9710-f290ee81164b"},{"ELEMENT":"65bc7995-936d-42f1-8acf-94bee4bcc27b","element-6066-11e4-a52e-4f735466cecf":"65bc7995-936d-42f1-8acf-94bee4bcc27b"},{"ELEMENT":"ae3398c7-0c66-4e1a-8a3e-e0f2f3f332e8","element-6066-11e4-a52e-4f735466cecf":"ae3398c7-0c66-4e1a-8a3e-e0f2f3f332e8"},{"ELEMENT":"7a5414bf-93ac-4368-baf6-e7c1b4205698","element-6066-11e4-a52e-4f735466cecf":"7a5414bf-93ac-4368-baf6-e7c1b4205698"},{"ELEMENT":"1f4daac7-9e5f-4fb3-bbc6-53d1d96e8762","element-6066-11e4-a52e-4f735466cecf":"1f4daac7-9e5f-4fb3-bbc6-53d1d96e8762"},{"ELEMENT":"2b16b057-49d0-417f-b513-c0f521151581","element-6066-11e4-a52e-4f735466cecf":"2b16b057-49d0-417f-b513-c0f521151581"},{"ELEMENT":"441947e1-e6c5-4c2e-8a84-1b65d75b032a","element-6066-11e4-a52e-4f735466cecf":"441947e1-e6c5-4c2e-8a84-1b65d75b032a"},{"ELEMENT":"52dc65ca-83ca-4e73-820a-e04f86f1c000","element-6066-...
[debug] &amp#27;[35m[W3C (72f517da)]&amp#27;[39m Responding to client with driver.findElements() result: [{"element-6066-11e4-a52e-4f735466cecf":"c9ca68ad-236f-4c9c-9710-f290ee81164b","ELEMENT":"c9ca68ad-236f-4c9c-9710-f290ee81164b"},{"element-6066-11e4-a52e-4f735466cecf":"65bc7995-936d-42f1-8acf-94bee4bcc27b","ELEMENT":"65bc7995-936d-42f1-8acf-94bee4bcc27b"},{"element-6066-11e4-a52e-4f735466cecf":"ae3398c7-0c66-4e1a-8a3e-e0f2f3f332e8","ELEMENT":"ae3398c7-0c66-4e1a-8a3e-e0f2f3f332e8"},{"element-6066-11e4-a52e-4f735466cecf":"7a5414bf-93ac-4368-baf6-e7c1b4205698","ELEMENT":"7a5414bf-93ac-4368-baf6-e7c1b4205698"},{"element-6066-11e4-a52e-4f735466cecf":"1f4daac7-9e5f-4fb3-bbc6-53d1d96e8762","ELEMENT":"1f4daac7-9e5f-4fb3-bbc6-53d1d96e8762"},{"element-6066-11e4-a52e-4f735466cecf":"2b16b057-49d0-417f-b513-c0f521151581","ELEMENT":"2b16b057-49d0-417f-b513-c0f521151581"},{"element-6066-11e4-a52e-4f735466cecf":"441947e1-e6c5-4c2e-8a84-1b65d75b032a","ELEMENT":"441947e1-e6c5-4c2e-8a84-1b65d75b032a"},{"element-6066-11e4-a52e-4f735466cecf":"52dc65ca-83ca-4e73-820a-e04f86f1c000","ELEMENT":"52dc65ca-83ca-4e73-820a-e04f86f1c00...
&amp#27;[35m[HTTP]&amp#27;[39m &amp#27;[37m<-- POST /wd/hub/session/72f517da-910c-46a8-8c18-f52fc551c88e/elements &amp#27;[39m&amp#27;[32m200&amp#27;[39m &amp#27;[90m187 ms - 6155&amp#27;[39m
&amp#27;[35m[HTTP]&amp#27;[39m &amp#27;[90m&amp#27;[39m
&amp#27;[35m[HTTP]&amp#27;[39m &amp#27;[37m-->&amp#27;[39m &amp#27;[37mGET&amp#27;[39m &amp#27;[37m/wd/hub/session/72f517da-910c-46a8-8c18-f52fc551c88e/element/ab7ca9e4-680a-49fc-9319-c60a08b3c0be/text&amp#27;[39m
&amp#27;[35m[HTTP]&amp#27;[39m &amp#27;[90m{}&amp#27;[39m
&amp#27;[35m[W3C (72f517da)]&amp#27;[39m Driver proxy active, passing request on via HTTP proxy
[debug] &amp#27;[35m[WD Proxy]&amp#27;[39m Matched '/wd/hub/session/72f517da-910c-46a8-8c18-f52fc551c88e/element/ab7ca9e4-680a-49fc-9319-c60a08b3c0be/text' to command name 'getText'
[debug] &amp#27;[35m[WD Proxy]&amp#27;[39m Proxying [GET /wd/hub/session/72f517da-910c-46a8-8c18-f52fc551c88e/element/ab7ca9e4-680a-49fc-9319-c60a08b3c0be/text] to [GET http://127.0.0.1:8200/wd/hub/session/a8830392-9b85-4943-b889-72250055e4eb/element/ab7ca9e4-680a-49fc-9319-c60a08b3c0be/text] with no body
[debug] &amp#27;[35m[WD Proxy]&amp#27;[39m Got response with status 200: {"sessionId":"a8830392-9b85-4943-b889-72250055e4eb","value":""}
&amp#27;[35m[WD Proxy]&amp#27;[39m Replacing sessionId a8830392-9b85-4943-b889-72250055e4eb with 72f517da-910c-46a8-8c18-f52fc551c88e
&amp#27;[35m[HTTP]&amp#27;[39m &amp#27;[37m<-- GET /wd/hub/session/72f517da-910c-46a8-8c18-f52fc551c88e/element/ab7ca9e4-680a-49fc-9319-c60a08b3c0be/text &amp#27;[39m&amp#27;[32m200&amp#27;[39m &amp#27;[90m21 ms - 63&amp#27;[39m
&amp#27;[35m[HTTP]&amp#27;[39m &amp#27;[90m&amp#27;[39m
&amp#27;[35m[HTTP]&amp#27;[39m &amp#27;[37m-->&amp#27;[39m &amp#27;[37mGET&amp#27;[39m &amp#27;[37m/wd/hub/session/72f517da-910c-46a8-8c18-f52fc551c88e/context&amp#27;[39m
&amp#27;[35m[HTTP]&amp#27;[39m &amp#27;[90m{}&amp#27;[39m
[debug] &amp#27;[35m[W3C (72f517da)]&amp#27;[39m Calling AppiumDriver.getCurrentContext() with args: ["72f517da-910c-46a8-8c18-f52fc551c88e"]
[debug] &amp#27;[35m[W3C (72f517da)]&amp#27;[39m Responding to client with driver.getCurrentContext() result: "NATIVE_APP"
&amp#27;[35m[HTTP]&amp#27;[39m &amp#27;[37m<-- GET /wd/hub/session/72f517da-910c-46a8-8c18-f52fc551c88e/context &amp#27;[39m&amp#27;[32m200&amp#27;[39m &amp#27;[90m1 ms - 22&amp#27;[39m
&amp#27;[35m[HTTP]&amp#27;[39m &amp#27;[90m&amp#27;[39m
&amp#27;[35m[HTTP]&amp#27;[39m &amp#27;[37m-->&amp#27;[39m &amp#27;[37mPOST&amp#27;[39m &amp#27;[37m/wd/hub/session/72f517da-910c-46a8-8c18-f52fc551c88e/elements&amp#27;[39m
&amp#27;[35m[HTTP]&amp#27;[39m &amp#27;[90m{"using":"xpath","value":"//android.widget.TextView"}&amp#27;[39m
[debug] &amp#27;[35m[W3C (72f517da)]&amp#27;[39m Calling AppiumDriver.findElements() with args: ["xpath","//android.widget.TextView","72f517da-910c-46a8-8c18-f52fc551c88e"]
[debug] &amp#27;[35m[BaseDriver]&amp#27;[39m Valid locator strategies for this request: xpath, id, class name, accessibility id, css selector, -android uiautomator
[debug] &amp#27;[35m[BaseDriver]&amp#27;[39m Waiting up to 20000 ms for condition
[debug] &amp#27;[35m[WD Proxy]&amp#27;[39m Matched '/elements' to command name 'findElements'
[debug] &amp#27;[35m[WD Proxy]&amp#27;[39m Proxying [POST /elements] to [POST http://127.0.0.1:8200/wd/hub/session/a8830392-9b85-4943-b889-72250055e4eb/elements] with body: {"strategy":"xpath","selector":"//android.widget.TextView","context":"","multiple":true}
[debug] &amp#27;[35m[WD Proxy]&amp#27;[39m Got response with status 200: {"sessionId":"a8830392-9b85-4943-b889-72250055e4eb","value":[{"ELEMENT":"9d5b31c6-a7cd-4ccf-b15c-07681794cbe4","element-6066-11e4-a52e-4f735466cecf":"9d5b31c6-a7cd-4ccf-b15c-07681794cbe4"},{"ELEMENT":"d5446bda-e4df-4f4f-a655-e053c590a13d","element-6066-11e4-a52e-4f735466cecf":"d5446bda-e4df-4f4f-a655-e053c590a13d"},{"ELEMENT":"358267e5-2781-46c6-b949-910675a186fa","element-6066-11e4-a52e-4f735466cecf":"358267e5-2781-46c6-b949-910675a186fa"},{"ELEMENT":"f788605f-d4c3-440b-b796-e1b4a3d7ec4c","element-6066-11e4-a52e-4f735466cecf":"f788605f-d4c3-440b-b796-e1b4a3d7ec4c"},{"ELEMENT":"76791ea4-914b-460f-ada0-5a7d87227e86","element-6066-11e4-a52e-4f735466cecf":"76791ea4-914b-460f-ada0-5a7d87227e86"},{"ELEMENT":"0e5d61ba-8f30-40ad-86f1-16c9bd244ef4","element-6066-11e4-a52e-4f735466cecf":"0e5d61ba-8f30-40ad-86f1-16c9bd244ef4"},{"ELEMENT":"fa4664db-342d-4de7-9310-7abf0ec5b5d5","element-6066-11e4-a52e-4f735466cecf":"fa4664db-342d-4de7-9310-7abf0ec5b5d5"},{"ELEMENT":"e0cfd52d-2c25-4e88-938e-d1a70eeeeeaa","element-6066-...
[debug] &amp#27;[35m[W3C (72f517da)]&amp#27;[39m Responding to client with driver.findElements() result: [{"element-6066-11e4-a52e-4f735466cecf":"9d5b31c6-a7cd-4ccf-b15c-07681794cbe4","ELEMENT":"9d5b31c6-a7cd-4ccf-b15c-07681794cbe4"},{"element-6066-11e4-a52e-4f735466cecf":"d5446bda-e4df-4f4f-a655-e053c590a13d","ELEMENT":"d5446bda-e4df-4f4f-a655-e053c590a13d"},{"element-6066-11e4-a52e-4f735466cecf":"358267e5-2781-46c6-b949-910675a186fa","ELEMENT":"358267e5-2781-46c6-b949-910675a186fa"},{"element-6066-11e4-a52e-4f735466cecf":"f788605f-d4c3-440b-b796-e1b4a3d7ec4c","ELEMENT":"f788605f-d4c3-440b-b796-e1b4a3d7ec4c"},{"element-6066-11e4-a52e-4f735466cecf":"76791ea4-914b-460f-ada0-5a7d87227e86","ELEMENT":"76791ea4-914b-460f-ada0-5a7d87227e86"},{"element-6066-11e4-a52e-4f735466cecf":"0e5d61ba-8f30-40ad-86f1-16c9bd244ef4","ELEMENT":"0e5d61ba-8f30-40ad-86f1-16c9bd244ef4"},{"element-6066-11e4-a52e-4f735466cecf":"fa4664db-342d-4de7-9310-7abf0ec5b5d5","ELEMENT":"fa4664db-342d-4de7-9310-7abf0ec5b5d5"},{"element-6066-11e4-a52e-4f735466cecf":"e0cfd52d-2c25-4e88-938e-d1a70eeeeeaa","ELEMENT":"e0cfd52d-2c25-4e88-938e-d1a70eeeeea...
&amp#27;[35m[HTTP]&amp#27;[39m &amp#27;[37m<-- POST /wd/hub/session/72f517da-910c-46a8-8c18-f52fc551c88e/elements &amp#27;[39m&amp#27;[32m200&amp#27;[39m &amp#27;[90m135 ms - 1291&amp#27;[39m
&amp#27;[35m[HTTP]&amp#27;[39m &amp#27;[90m&amp#27;[39m
&amp#27;[35m[HTTP]&amp#27;[39m &amp#27;[37m-->&amp#27;[39m &amp#27;[37mGET&amp#27;[39m &amp#27;[37m/wd/hub/session/72f517da-910c-46a8-8c18-f52fc551c88e/element/fe7cd0ab-f6e7-4fcb-9285-8eb6354a8ee2/text&amp#27;[39m
&amp#27;[35m[HTTP]&amp#27;[39m &amp#27;[90m{}&amp#27;[39m
&amp#27;[35m[W3C (72f517da)]&amp#27;[39m Driver proxy active, passing request on via HTTP proxy
[debug] &amp#27;[35m[WD Proxy]&amp#27;[39m Matched '/wd/hub/session/72f517da-910c-46a8-8c18-f52fc551c88e/element/fe7cd0ab-f6e7-4fcb-9285-8eb6354a8ee2/text' to command name 'getText'
[debug] &amp#27;[35m[WD Proxy]&amp#27;[39m Proxying [GET /wd/hub/session/72f517da-910c-46a8-8c18-f52fc551c88e/element/fe7cd0ab-f6e7-4fcb-9285-8eb6354a8ee2/text] to [GET http://127.0.0.1:8200/wd/hub/session/a8830392-9b85-4943-b889-72250055e4eb/element/fe7cd0ab-f6e7-4fcb-9285-8eb6354a8ee2/text] with no body
[debug] &amp#27;[35m[WD Proxy]&amp#27;[39m Got response with status 200: {"sessionId":"a8830392-9b85-4943-b889-72250055e4eb","value":"TERM DEPOSIT"}
&amp#27;[35m[WD Proxy]&amp#27;[39m Replacing sessionId a8830392-9b85-4943-b889-72250055e4eb with 72f517da-910c-46a8-8c18-f52fc551c88e
&amp#27;[35m[HTTP]&amp#27;[39m &amp#27;[37m<-- GET /wd/hub/session/72f517da-910c-46a8-8c18-f52fc551c88e/element/fe7cd0ab-f6e7-4fcb-9285-8eb6354a8ee2/text &amp#27;[39m&amp#27;[32m200&amp#27;[39m &amp#27;[90m18 ms - 75&amp#27;[39m
&amp#27;[35m[HTTP]&amp#27;[39m &amp#27;[90m&amp#27;[39m

&amp#27;[35m[HTTP]&amp#27;[39m &amp#27;[37m-->&amp#27;[39m &amp#27;[37mGET&amp#27;[39m &amp#27;[37m/wd/hub/session/72f517da-910c-46a8-8c18-f52fc551c88e/context&amp#27;[39m
&amp#27;[35m[HTTP]&amp#27;[39m &amp#27;[90m{}&amp#27;[39m
[debug] &amp#27;[35m[W3C (72f517da)]&amp#27;[39m Calling AppiumDriver.getCurrentContext() with args: ["72f517da-910c-46a8-8c18-f52fc551c88e"]
[debug] &amp#27;[35m[W3C (72f517da)]&amp#27;[39m Responding to client with driver.getCurrentContext() result: "NATIVE_APP"
&amp#27;[35m[HTTP]&amp#27;[39m &amp#27;[37m<-- GET /wd/hub/session/72f517da-910c-46a8-8c18-f52fc551c88e/context &amp#27;[39m&amp#27;[32m200&amp#27;[39m &amp#27;[90m1 ms - 22&amp#27;[39m
&amp#27;[35m[HTTP]&amp#27;[39m &amp#27;[90m&amp#27;[39m
&amp#27;[35m[HTTP]&amp#27;[39m &amp#27;[37m-->&amp#27;[39m &amp#27;[37mPOST&amp#27;[39m &amp#27;[37m/wd/hub/session/72f517da-910c-46a8-8c18-f52fc551c88e/elements&amp#27;[39m
&amp#27;[35m[HTTP]&amp#27;[39m &amp#27;[90m{"using":"xpath","value":"//android.view.View"}&amp#27;[39m
[debug] &amp#27;[35m[W3C (72f517da)]&amp#27;[39m Calling AppiumDriver.findElements() with args: ["xpath","//android.view.View","72f517da-910c-46a8-8c18-f52fc551c88e"]
[debug] &amp#27;[35m[BaseDriver]&amp#27;[39m Valid locator strategies for this request: xpath, id, class name, accessibility id, css selector, -android uiautomator
[debug] &amp#27;[35m[BaseDriver]&amp#27;[39m Waiting up to 20000 ms for condition
[debug] &amp#27;[35m[WD Proxy]&amp#27;[39m Matched '/elements' to command name 'findElements'
[debug] &amp#27;[35m[WD Proxy]&amp#27;[39m Proxying [POST /elements] to [POST http://127.0.0.1:8200/wd/hub/session/a8830392-9b85-4943-b889-72250055e4eb/elements] with body: {"strategy":"xpath","selector":"//android.view.View","context":"","multiple":true}
[debug] &amp#27;[35m[WD Proxy]&amp#27;[39m Got response with status 200: {"sessionId":"a8830392-9b85-4943-b889-72250055e4eb","value":[{"ELEMENT":"1ebca2fe-1981-4b36-bb2a-6aeb200106ec","element-6066-11e4-a52e-4f735466cecf":"1ebca2fe-1981-4b36-bb2a-6aeb200106ec"},{"ELEMENT":"de2dd1c5-6c4d-4bba-ac3f-c52f35d59459","element-6066-11e4-a52e-4f735466cecf":"de2dd1c5-6c4d-4bba-ac3f-c52f35d59459"},{"ELEMENT":"6095a9bc-4d31-472b-b50a-dae45f93adc1","element-6066-11e4-a52e-4f735466cecf":"6095a9bc-4d31-472b-b50a-dae45f93adc1"},{"ELEMENT":"57707585-734a-4f2a-b184-2a49a19888c9","element-6066-11e4-a52e-4f735466cecf":"57707585-734a-4f2a-b184-2a49a19888c9"},{"ELEMENT":"0f2e6efc-0839-4048-870b-cb2ae4163ee6","element-6066-11e4-a52e-4f735466cecf":"0f2e6efc-0839-4048-870b-cb2ae4163ee6"},{"ELEMENT":"0ad8d0d1-4a8f-4bb6-9fcf-d09e3bff39b2","element-6066-11e4-a52e-4f735466cecf":"0ad8d0d1-4a8f-4bb6-9fcf-d09e3bff39b2"},{"ELEMENT":"2a365e5f-cd2f-427a-9e8f-cbcbcadc8069","element-6066-11e4-a52e-4f735466cecf":"2a365e5f-cd2f-427a-9e8f-cbcbcadc8069"},{"ELEMENT":"bd1b9cf8-6fec-4e96-9483-83525f5ba61a","element-6066-...
[debug] &amp#27;[35m[W3C (72f517da)]&amp#27;[39m Responding to client with driver.findElements() result: [{"element-6066-11e4-a52e-4f735466cecf":"1ebca2fe-1981-4b36-bb2a-6aeb200106ec","ELEMENT":"1ebca2fe-1981-4b36-bb2a-6aeb200106ec"},{"element-6066-11e4-a52e-4f735466cecf":"de2dd1c5-6c4d-4bba-ac3f-c52f35d59459","ELEMENT":"de2dd1c5-6c4d-4bba-ac3f-c52f35d59459"},{"element-6066-11e4-a52e-4f735466cecf":"6095a9bc-4d31-472b-b50a-dae45f93adc1","ELEMENT":"6095a9bc-4d31-472b-b50a-dae45f93adc1"},{"element-6066-11e4-a52e-4f735466cecf":"57707585-734a-4f2a-b184-2a49a19888c9","ELEMENT":"57707585-734a-4f2a-b184-2a49a19888c9"},{"element-6066-11e4-a52e-4f735466cecf":"0f2e6efc-0839-4048-870b-cb2ae4163ee6","ELEMENT":"0f2e6efc-0839-4048-870b-cb2ae4163ee6"},{"element-6066-11e4-a52e-4f735466cecf":"0ad8d0d1-4a8f-4bb6-9fcf-d09e3bff39b2","ELEMENT":"0ad8d0d1-4a8f-4bb6-9fcf-d09e3bff39b2"},{"element-6066-11e4-a52e-4f735466cecf":"2a365e5f-cd2f-427a-9e8f-cbcbcadc8069","ELEMENT":"2a365e5f-cd2f-427a-9e8f-cbcbcadc8069"},{"element-6066-11e4-a52e-4f735466cecf":"bd1b9cf8-6fec-4e96-9483-83525f5ba61a","ELEMENT":"bd1b9cf8-6fec-4e96-9483-83525f5ba61...
&amp#27;[35m[HTTP]&amp#27;[39m &amp#27;[37m<-- POST /wd/hub/session/72f517da-910c-46a8-8c18-f52fc551c88e/elements &amp#27;[39m&amp#27;[32m200&amp#27;[39m &amp#27;[90m137 ms - 6155&amp#27;[39m
&amp#27;[35m[HTTP]&amp#27;[39m &amp#27;[90m&amp#27;[39m
&amp#27;[35m[HTTP]&amp#27;[39m &amp#27;[37m-->&amp#27;[39m &amp#27;[37mGET&amp#27;[39m &amp#27;[37m/wd/hub/session/72f517da-910c-46a8-8c18-f52fc551c88e/element/92080da7-ccd4-499d-bb69-62eb88ba3098/text&amp#27;[39m
&amp#27;[35m[HTTP]&amp#27;[39m &amp#27;[90m{}&amp#27;[39m
&amp#27;[35m[W3C (72f517da)]&amp#27;[39m Driver proxy active, passing request on via HTTP proxy
[debug] &amp#27;[35m[WD Proxy]&amp#27;[39m Matched '/wd/hub/session/72f517da-910c-46a8-8c18-f52fc551c88e/element/92080da7-ccd4-499d-bb69-62eb88ba3098/text' to command name 'getText'
[debug] &amp#27;[35m[WD Proxy]&amp#27;[39m Proxying [GET /wd/hub/session/72f517da-910c-46a8-8c18-f52fc551c88e/element/92080da7-ccd4-499d-bb69-62eb88ba3098/text] to [GET http://127.0.0.1:8200/wd/hub/session/a8830392-9b85-4943-b889-72250055e4eb/element/92080da7-ccd4-499d-bb69-62eb88ba3098/text] with no body
[debug] &amp#27;[35m[WD Proxy]&amp#27;[39m Got response with status 200: {"sessionId":"a8830392-9b85-4943-b889-72250055e4eb","value":""}
&amp#27;[35m[WD Proxy]&amp#27;[39m Replacing sessionId a8830392-9b85-4943-b889-72250055e4eb with 72f517da-910c-46a8-8c18-f52fc551c88e
&amp#27;[35m[HTTP]&amp#27;[39m &amp#27;[37m<-- GET /wd/hub/session/72f517da-910c-46a8-8c18-f52fc551c88e/element/92080da7-ccd4-499d-bb69-62eb88ba3098/text &amp#27;[39m&amp#27;[32m200&amp#27;[39m &amp#27;[90m18 ms - 63&amp#27;[39m
&amp#27;[35m[HTTP]&amp#27;[39m &amp#27;[90m&amp#27;[39m
&amp#27;[35m[HTTP]&amp#27;[39m &amp#27;[37m-->&amp#27;[39m &amp#27;[37mGET&amp#27;[39m &amp#27;[37m/wd/hub/session/72f517da-910c-46a8-8c18-f52fc551c88e/context&amp#27;[39m
&amp#27;[35m[HTTP]&amp#27;[39m &amp#27;[90m{}&amp#27;[39m
[debug] &amp#27;[35m[W3C (72f517da)]&amp#27;[39m Calling AppiumDriver.getCurrentContext() with args: ["72f517da-910c-46a8-8c18-f52fc551c88e"]
[debug] &amp#27;[35m[W3C (72f517da)]&amp#27;[39m Responding to client with driver.getCurrentContext() result: "NATIVE_APP"
&amp#27;[35m[HTTP]&amp#27;[39m &amp#27;[37m<-- GET /wd/hub/session/72f517da-910c-46a8-8c18-f52fc551c88e/context &amp#27;[39m&amp#27;[32m200&amp#27;[39m &amp#27;[90m1 ms - 22&amp#27;[39m
&amp#27;[35m[HTTP]&amp#27;[39m &amp#27;[90m&amp#27;[39m
&amp#27;[35m[HTTP]&amp#27;[39m &amp#27;[37m-->&amp#27;[39m &amp#27;[37mPOST&amp#27;[39m &amp#27;[37m/wd/hub/session/72f517da-910c-46a8-8c18-f52fc551c88e/elements&amp#27;[39m
&amp#27;[35m[HTTP]&amp#27;[39m &amp#27;[90m{"using":"xpath","value":"//android.widget.TextView"}&amp#27;[39m
[debug] &amp#27;[35m[W3C (72f517da)]&amp#27;[39m Calling AppiumDriver.findElements() with args: ["xpath","//android.widget.TextView","72f517da-910c-46a8-8c18-f52fc551c88e"]
[debug] &amp#27;[35m[BaseDriver]&amp#27;[39m Valid locator strategies for this request: xpath, id, class name, accessibility id, css selector, -android uiautomator
[debug] &amp#27;[35m[BaseDriver]&amp#27;[39m Waiting up to 20000 ms for condition
[debug] &amp#27;[35m[WD Proxy]&amp#27;[39m Matched '/elements' to command name 'findElements'
[debug] &amp#27;[35m[WD Proxy]&amp#27;[39m Proxying [POST /elements] to [POST http://127.0.0.1:8200/wd/hub/session/a8830392-9b85-4943-b889-72250055e4eb/elements] with body: {"strategy":"xpath","selector":"//android.widget.TextView","context":"","multiple":true}
[debug] &amp#27;[35m[WD Proxy]&amp#27;[39m Got response with status 200: {"sessionId":"a8830392-9b85-4943-b889-72250055e4eb","value":[{"ELEMENT":"03cb0ed6-389b-4222-86b6-71a2dbe7e192","element-6066-11e4-a52e-4f735466cecf":"03cb0ed6-389b-4222-86b6-71a2dbe7e192"},{"ELEMENT":"5eb84918-e239-4625-aae0-455704575e1e","element-6066-11e4-a52e-4f735466cecf":"5eb84918-e239-4625-aae0-455704575e1e"},{"ELEMENT":"12299416-6f61-4f0d-adac-ebe14599e0e9","element-6066-11e4-a52e-4f735466cecf":"12299416-6f61-4f0d-adac-ebe14599e0e9"},{"ELEMENT":"3b9bde4d-de14-4d5d-8f59-58878f21e074","element-6066-11e4-a52e-4f735466cecf":"3b9bde4d-de14-4d5d-8f59-58878f21e074"},{"ELEMENT":"1c68799f-195b-4a65-b668-1c65544deac2","element-6066-11e4-a52e-4f735466cecf":"1c68799f-195b-4a65-b668-1c65544deac2"},{"ELEMENT":"134c5d96-5d12-4903-8ce9-e79cc42608b7","element-6066-11e4-a52e-4f735466cecf":"134c5d96-5d12-4903-8ce9-e79cc42608b7"},{"ELEMENT":"cfbdfadd-2064-4247-83be-55f3236451b4","element-6066-11e4-a52e-4f735466cecf":"cfbdfadd-2064-4247-83be-55f3236451b4"},{"ELEMENT":"e8518bc8-d039-43bf-ad54-a7ee1d5958c2","element-6066-...
[debug] &amp#27;[35m[W3C (72f517da)]&amp#27;[39m Responding to client with driver.findElements() result: [{"element-6066-11e4-a52e-4f735466cecf":"03cb0ed6-389b-4222-86b6-71a2dbe7e192","ELEMENT":"03cb0ed6-389b-4222-86b6-71a2dbe7e192"},{"element-6066-11e4-a52e-4f735466cecf":"5eb84918-e239-4625-aae0-455704575e1e","ELEMENT":"5eb84918-e239-4625-aae0-455704575e1e"},{"element-6066-11e4-a52e-4f735466cecf":"12299416-6f61-4f0d-adac-ebe14599e0e9","ELEMENT":"12299416-6f61-4f0d-adac-ebe14599e0e9"},{"element-6066-11e4-a52e-4f735466cecf":"3b9bde4d-de14-4d5d-8f59-58878f21e074","ELEMENT":"3b9bde4d-de14-4d5d-8f59-58878f21e074"},{"element-6066-11e4-a52e-4f735466cecf":"1c68799f-195b-4a65-b668-1c65544deac2","ELEMENT":"1c68799f-195b-4a65-b668-1c65544deac2"},{"element-6066-11e4-a52e-4f735466cecf":"134c5d96-5d12-4903-8ce9-e79cc42608b7","ELEMENT":"134c5d96-5d12-4903-8ce9-e79cc42608b7"},{"element-6066-11e4-a52e-4f735466cecf":"cfbdfadd-2064-4247-83be-55f3236451b4","ELEMENT":"cfbdfadd-2064-4247-83be-55f3236451b4"},{"element-6066-11e4-a52e-4f735466cecf":"e8518bc8-d039-43bf-ad54-a7ee1d5958c2","ELEMENT":"e8518bc8-d039-43bf-ad54-a7ee1d5958c...
&amp#27;[35m[HTTP]&amp#27;[39m &amp#27;[37m<-- POST /wd/hub/session/72f517da-910c-46a8-8c18-f52fc551c88e/elements &amp#27;[39m&amp#27;[32m200&amp#27;[39m &amp#27;[90m111 ms - 1291&amp#27;[39m
&amp#27;[35m[HTTP]&amp#27;[39m &amp#27;[90m&amp#27;[39m
&amp#27;[35m[HTTP]&amp#27;[39m &amp#27;[37m-->&amp#27;[39m &amp#27;[37mGET&amp#27;[39m &amp#27;[37m/wd/hub/session/72f517da-910c-46a8-8c18-f52fc551c88e/element/13c4a638-395a-4dd2-ae80-173e6d290558/text&amp#27;[39m
&amp#27;[35m[HTTP]&amp#27;[39m &amp#27;[90m{}&amp#27;[39m
&amp#27;[35m[W3C (72f517da)]&amp#27;[39m Driver proxy active, passing request on via HTTP proxy
[debug] &amp#27;[35m[WD Proxy]&amp#27;[39m Matched '/wd/hub/session/72f517da-910c-46a8-8c18-f52fc551c88e/element/13c4a638-395a-4dd2-ae80-173e6d290558/text' to command name 'getText'
[debug] &amp#27;[35m[WD Proxy]&amp#27;[39m Proxying [GET /wd/hub/session/72f517da-910c-46a8-8c18-f52fc551c88e/element/13c4a638-395a-4dd2-ae80-173e6d290558/text] to [GET http://127.0.0.1:8200/wd/hub/session/a8830392-9b85-4943-b889-72250055e4eb/element/13c4a638-395a-4dd2-ae80-173e6d290558/text] with no body
[debug] &amp#27;[35m[WD Proxy]&amp#27;[39m Got response with status 200: {"sessionId":"a8830392-9b85-4943-b889-72250055e4eb","value":"TERM DEPOSIT"}
&amp#27;[35m[WD Proxy]&amp#27;[39m Replacing sessionId a8830392-9b85-4943-b889-72250055e4eb with 72f517da-910c-46a8-8c18-f52fc551c88e
&amp#27;[35m[HTTP]&amp#27;[39m &amp#27;[37m<-- GET /wd/hub/session/72f517da-910c-46a8-8c18-f52fc551c88e/element/13c4a638-395a-4dd2-ae80-173e6d290558/text &amp#27;[39m&amp#27;[32m200&amp#27;[39m &amp#27;[90m16 ms - 75&amp#27;[39m
&amp#27;[35m[HTTP]&amp#27;[39m &amp#27;[90m&amp#27;[39m

&amp#27;[35m[HTTP]&amp#27;[39m &amp#27;[37m-->&amp#27;[39m &amp#27;[37mGET&amp#27;[39m &amp#27;[37m/wd/hub/session/72f517da-910c-46a8-8c18-f52fc551c88e/context&amp#27;[39m
&amp#27;[35m[HTTP]&amp#27;[39m &amp#27;[90m{}&amp#27;[39m
[debug] &amp#27;[35m[W3C (72f517da)]&amp#27;[39m Calling AppiumDriver.getCurrentContext() with args: ["72f517da-910c-46a8-8c18-f52fc551c88e"]
[debug] &amp#27;[35m[W3C (72f517da)]&amp#27;[39m Responding to client with driver.getCurrentContext() result: "NATIVE_APP"
&amp#27;[35m[HTTP]&amp#27;[39m &amp#27;[37m<-- GET /wd/hub/session/72f517da-910c-46a8-8c18-f52fc551c88e/context &amp#27;[39m&amp#27;[32m200&amp#27;[39m &amp#27;[90m1 ms - 22&amp#27;[39m
&amp#27;[35m[HTTP]&amp#27;[39m &amp#27;[90m&amp#27;[39m
&amp#27;[35m[HTTP]&amp#27;[39m &amp#27;[37m-->&amp#27;[39m &amp#27;[37mPOST&amp#27;[39m &amp#27;[37m/wd/hub/session/72f517da-910c-46a8-8c18-f52fc551c88e/elements&amp#27;[39m
&amp#27;[35m[HTTP]&amp#27;[39m &amp#27;[90m{"using":"xpath","value":"//android.view.View"}&amp#27;[39m
[debug] &amp#27;[35m[W3C (72f517da)]&amp#27;[39m Calling AppiumDriver.findElements() with args: ["xpath","//android.view.View","72f517da-910c-46a8-8c18-f52fc551c88e"]
[debug] &amp#27;[35m[BaseDriver]&amp#27;[39m Valid locator strategies for this request: xpath, id, class name, accessibility id, css selector, -android uiautomator
[debug] &amp#27;[35m[BaseDriver]&amp#27;[39m Waiting up to 20000 ms for condition
[debug] &amp#27;[35m[WD Proxy]&amp#27;[39m Matched '/elements' to command name 'findElements'
[debug] &amp#27;[35m[WD Proxy]&amp#27;[39m Proxying [POST /elements] to [POST http://127.0.0.1:8200/wd/hub/session/a8830392-9b85-4943-b889-72250055e4eb/elements] with body: {"strategy":"xpath","selector":"//android.view.View","context":"","multiple":true}
[debug] &amp#27;[35m[WD Proxy]&amp#27;[39m Got response with status 200: {"sessionId":"a8830392-9b85-4943-b889-72250055e4eb","value":[{"ELEMENT":"d6e047dd-d197-4462-9937-451c80981dce","element-6066-11e4-a52e-4f735466cecf":"d6e047dd-d197-4462-9937-451c80981dce"},{"ELEMENT":"5041c5d7-3439-47fa-93f5-22fe3232cde6","element-6066-11e4-a52e-4f735466cecf":"5041c5d7-3439-47fa-93f5-22fe3232cde6"},{"ELEMENT":"0454557d-c07c-4bd4-bd2c-50597b098610","element-6066-11e4-a52e-4f735466cecf":"0454557d-c07c-4bd4-bd2c-50597b098610"},{"ELEMENT":"ca8bcae6-51a6-4344-8821-ca0d6848e0d9","element-6066-11e4-a52e-4f735466cecf":"ca8bcae6-51a6-4344-8821-ca0d6848e0d9"},{"ELEMENT":"4b622787-3a4f-454f-bbd0-0a4baa02df10","element-6066-11e4-a52e-4f735466cecf":"4b622787-3a4f-454f-bbd0-0a4baa02df10"},{"ELEMENT":"60dc821b-97a9-47a8-867b-51e88c0aab5b","element-6066-11e4-a52e-4f735466cecf":"60dc821b-97a9-47a8-867b-51e88c0aab5b"},{"ELEMENT":"5b4b43c4-440b-4b11-a976-4b7f18babc11","element-6066-11e4-a52e-4f735466cecf":"5b4b43c4-440b-4b11-a976-4b7f18babc11"},{"ELEMENT":"599ae98d-b827-4080-a806-c3dcac75e5cc","element-6066-...
[debug] &amp#27;[35m[W3C (72f517da)]&amp#27;[39m Responding to client with driver.findElements() result: [{"element-6066-11e4-a52e-4f735466cecf":"d6e047dd-d197-4462-9937-451c80981dce","ELEMENT":"d6e047dd-d197-4462-9937-451c80981dce"},{"element-6066-11e4-a52e-4f735466cecf":"5041c5d7-3439-47fa-93f5-22fe3232cde6","ELEMENT":"5041c5d7-3439-47fa-93f5-22fe3232cde6"},{"element-6066-11e4-a52e-4f735466cecf":"0454557d-c07c-4bd4-bd2c-50597b098610","ELEMENT":"0454557d-c07c-4bd4-bd2c-50597b098610"},{"element-6066-11e4-a52e-4f735466cecf":"ca8bcae6-51a6-4344-8821-ca0d6848e0d9","ELEMENT":"ca8bcae6-51a6-4344-8821-ca0d6848e0d9"},{"element-6066-11e4-a52e-4f735466cecf":"4b622787-3a4f-454f-bbd0-0a4baa02df10","ELEMENT":"4b622787-3a4f-454f-bbd0-0a4baa02df10"},{"element-6066-11e4-a52e-4f735466cecf":"60dc821b-97a9-47a8-867b-51e88c0aab5b","ELEMENT":"60dc821b-97a9-47a8-867b-51e88c0aab5b"},{"element-6066-11e4-a52e-4f735466cecf":"5b4b43c4-440b-4b11-a976-4b7f18babc11","ELEMENT":"5b4b43c4-440b-4b11-a976-4b7f18babc11"},{"element-6066-11e4-a52e-4f735466cecf":"599ae98d-b827-4080-a806-c3dcac75e5cc","ELEMENT":"599ae98d-b827-4080-a806-c3dcac75e5c...
&amp#27;[35m[HTTP]&amp#27;[39m &amp#27;[37m<-- POST /wd/hub/session/72f517da-910c-46a8-8c18-f52fc551c88e/elements &amp#27;[39m&amp#27;[32m200&amp#27;[39m &amp#27;[90m136 ms - 6155&amp#27;[39m
&amp#27;[35m[HTTP]&amp#27;[39m &amp#27;[90m&amp#27;[39m
&amp#27;[35m[HTTP]&amp#27;[39m &amp#27;[37m-->&amp#27;[39m &amp#27;[37mGET&amp#27;[39m &amp#27;[37m/wd/hub/session/72f517da-910c-46a8-8c18-f52fc551c88e/element/fc8a55c5-e850-44f7-a29f-aa0503268cb8/text&amp#27;[39m
&amp#27;[35m[HTTP]&amp#27;[39m &amp#27;[90m{}&amp#27;[39m
&amp#27;[35m[W3C (72f517da)]&amp#27;[39m Driver proxy active, passing request on via HTTP proxy
[debug] &amp#27;[35m[WD Proxy]&amp#27;[39m Matched '/wd/hub/session/72f517da-910c-46a8-8c18-f52fc551c88e/element/fc8a55c5-e850-44f7-a29f-aa0503268cb8/text' to command name 'getText'
[debug] &amp#27;[35m[WD Proxy]&amp#27;[39m Proxying [GET /wd/hub/session/72f517da-910c-46a8-8c18-f52fc551c88e/element/fc8a55c5-e850-44f7-a29f-aa0503268cb8/text] to [GET http://127.0.0.1:8200/wd/hub/session/a8830392-9b85-4943-b889-72250055e4eb/element/fc8a55c5-e850-44f7-a29f-aa0503268cb8/text] with no body
[debug] &amp#27;[35m[WD Proxy]&amp#27;[39m Got response with status 200: {"sessionId":"a8830392-9b85-4943-b889-72250055e4eb","value":"XX 971"}
&amp#27;[35m[WD Proxy]&amp#27;[39m Replacing sessionId a8830392-9b85-4943-b889-72250055e4eb with 72f517da-910c-46a8-8c18-f52fc551c88e
&amp#27;[35m[HTTP]&amp#27;[39m &amp#27;[37m<-- GET /wd/hub/session/72f517da-910c-46a8-8c18-f52fc551c88e/element/fc8a55c5-e850-44f7-a29f-aa0503268cb8/text &amp#27;[39m&amp#27;[32m200&amp#27;[39m &amp#27;[90m15 ms - 69&amp#27;[39m
&amp#27;[35m[HTTP]&amp#27;[39m &amp#27;[90m&amp#27;[39m
&amp#27;[35m[HTTP]&amp#27;[39m &amp#27;[37m-->&amp#27;[39m &amp#27;[37mGET&amp#27;[39m &amp#27;[37m/wd/hub/session/72f517da-910c-46a8-8c18-f52fc551c88e/context&amp#27;[39m
&amp#27;[35m[HTTP]&amp#27;[39m &amp#27;[90m{}&amp#27;[39m
[debug] &amp#27;[35m[W3C (72f517da)]&amp#27;[39m Calling AppiumDriver.getCurrentContext() with args: ["72f517da-910c-46a8-8c18-f52fc551c88e"]
[debug] &amp#27;[35m[W3C (72f517da)]&amp#27;[39m Responding to client with driver.getCurrentContext() result: "NATIVE_APP"
&amp#27;[35m[HTTP]&amp#27;[39m &amp#27;[37m<-- GET /wd/hub/session/72f517da-910c-46a8-8c18-f52fc551c88e/context &amp#27;[39m&amp#27;[32m200&amp#27;[39m &amp#27;[90m1 ms - 22&amp#27;[39m
&amp#27;[35m[HTTP]&amp#27;[39m &amp#27;[90m&amp#27;[39m
&amp#27;[35m[HTTP]&amp#27;[39m &amp#27;[37m-->&amp#27;[39m &amp#27;[37mPOST&amp#27;[39m &amp#27;[37m/wd/hub/session/72f517da-910c-46a8-8c18-f52fc551c88e/elements&amp#27;[39m
&amp#27;[35m[HTTP]&amp#27;[39m &amp#27;[90m{"using":"xpath","value":"//android.widget.TextView"}&amp#27;[39m
[debug] &amp#27;[35m[W3C (72f517da)]&amp#27;[39m Calling AppiumDriver.findElements() with args: ["xpath","//android.widget.TextView","72f517da-910c-46a8-8c18-f52fc551c88e"]
[debug] &amp#27;[35m[BaseDriver]&amp#27;[39m Valid locator strategies for this request: xpath, id, class name, accessibility id, css selector, -android uiautomator
[debug] &amp#27;[35m[BaseDriver]&amp#27;[39m Waiting up to 20000 ms for condition
[debug] &amp#27;[35m[WD Proxy]&amp#27;[39m Matched '/elements' to command name 'findElements'
[debug] &amp#27;[35m[WD Proxy]&amp#27;[39m Proxying [POST /elements] to [POST http://127.0.0.1:8200/wd/hub/session/a8830392-9b85-4943-b889-72250055e4eb/elements] with body: {"strategy":"xpath","selector":"//android.widget.TextView","context":"","multiple":true}
[debug] &amp#27;[35m[WD Proxy]&amp#27;[39m Got response with status 200: {"sessionId":"a8830392-9b85-4943-b889-72250055e4eb","value":[{"ELEMENT":"9c640b61-e511-487a-a233-685daf354c74","element-6066-11e4-a52e-4f735466cecf":"9c640b61-e511-487a-a233-685daf354c74"},{"ELEMENT":"48fed06e-1a69-4cb8-9a5f-e084b682b6f8","element-6066-11e4-a52e-4f735466cecf":"48fed06e-1a69-4cb8-9a5f-e084b682b6f8"},{"ELEMENT":"0bd9b5fc-6fd3-4838-b784-1f2825f00b52","element-6066-11e4-a52e-4f735466cecf":"0bd9b5fc-6fd3-4838-b784-1f2825f00b52"},{"ELEMENT":"31f8a5fe-cbc0-4a15-817d-351212682af0","element-6066-11e4-a52e-4f735466cecf":"31f8a5fe-cbc0-4a15-817d-351212682af0"},{"ELEMENT":"46d1d28c-7d8a-4291-b533-215379d5a2b1","element-6066-11e4-a52e-4f735466cecf":"46d1d28c-7d8a-4291-b533-215379d5a2b1"},{"ELEMENT":"cc4c7e57-6673-4da2-b7c0-beb97fd17cd1","element-6066-11e4-a52e-4f735466cecf":"cc4c7e57-6673-4da2-b7c0-beb97fd17cd1"},{"ELEMENT":"c8a17ef7-08b3-4cec-b9fc-e3a7c47fbbd2","element-6066-11e4-a52e-4f735466cecf":"c8a17ef7-08b3-4cec-b9fc-e3a7c47fbbd2"},{"ELEMENT":"68f41b4e-33ac-4118-bec0-6d39022d0729","element-6066-...
[debug] &amp#27;[35m[W3C (72f517da)]&amp#27;[39m Responding to client with driver.findElements() result: [{"element-6066-11e4-a52e-4f735466cecf":"9c640b61-e511-487a-a233-685daf354c74","ELEMENT":"9c640b61-e511-487a-a233-685daf354c74"},{"element-6066-11e4-a52e-4f735466cecf":"48fed06e-1a69-4cb8-9a5f-e084b682b6f8","ELEMENT":"48fed06e-1a69-4cb8-9a5f-e084b682b6f8"},{"element-6066-11e4-a52e-4f735466cecf":"0bd9b5fc-6fd3-4838-b784-1f2825f00b52","ELEMENT":"0bd9b5fc-6fd3-4838-b784-1f2825f00b52"},{"element-6066-11e4-a52e-4f735466cecf":"31f8a5fe-cbc0-4a15-817d-351212682af0","ELEMENT":"31f8a5fe-cbc0-4a15-817d-351212682af0"},{"element-6066-11e4-a52e-4f735466cecf":"46d1d28c-7d8a-4291-b533-215379d5a2b1","ELEMENT":"46d1d28c-7d8a-4291-b533-215379d5a2b1"},{"element-6066-11e4-a52e-4f735466cecf":"cc4c7e57-6673-4da2-b7c0-beb97fd17cd1","ELEMENT":"cc4c7e57-6673-4da2-b7c0-beb97fd17cd1"},{"element-6066-11e4-a52e-4f735466cecf":"c8a17ef7-08b3-4cec-b9fc-e3a7c47fbbd2","ELEMENT":"c8a17ef7-08b3-4cec-b9fc-e3a7c47fbbd2"},{"element-6066-11e4-a52e-4f735466cecf":"68f41b4e-33ac-4118-bec0-6d39022d0729","ELEMENT":"68f41b4e-33ac-4118-bec0-6d39022d072...
&amp#27;[35m[HTTP]&amp#27;[39m &amp#27;[37m<-- POST /wd/hub/session/72f517da-910c-46a8-8c18-f52fc551c88e/elements &amp#27;[39m&amp#27;[32m200&amp#27;[39m &amp#27;[90m118 ms - 1291&amp#27;[39m
&amp#27;[35m[HTTP]&amp#27;[39m &amp#27;[90m&amp#27;[39m
&amp#27;[35m[HTTP]&amp#27;[39m &amp#27;[37m-->&amp#27;[39m &amp#27;[37mGET&amp#27;[39m &amp#27;[37m/wd/hub/session/72f517da-910c-46a8-8c18-f52fc551c88e/element/9ab1b210-b349-46d6-9009-6ba7435f2c19/text&amp#27;[39m
&amp#27;[35m[HTTP]&amp#27;[39m &amp#27;[90m{}&amp#27;[39m
&amp#27;[35m[W3C (72f517da)]&amp#27;[39m Driver proxy active, passing request on via HTTP proxy
[debug] &amp#27;[35m[WD Proxy]&amp#27;[39m Matched '/wd/hub/session/72f517da-910c-46a8-8c18-f52fc551c88e/element/9ab1b210-b349-46d6-9009-6ba7435f2c19/text' to command name 'getText'
[debug] &amp#27;[35m[WD Proxy]&amp#27;[39m Proxying [GET /wd/hub/session/72f517da-910c-46a8-8c18-f52fc551c88e/element/9ab1b210-b349-46d6-9009-6ba7435f2c19/text] to [GET http://127.0.0.1:8200/wd/hub/session/a8830392-9b85-4943-b889-72250055e4eb/element/9ab1b210-b349-46d6-9009-6ba7435f2c19/text] with no body
[debug] &amp#27;[35m[WD Proxy]&amp#27;[39m Got response with status 200: {"sessionId":"a8830392-9b85-4943-b889-72250055e4eb","value":"TERM DEPOSIT"}
&amp#27;[35m[WD Proxy]&amp#27;[39m Replacing sessionId a8830392-9b85-4943-b889-72250055e4eb with 72f517da-910c-46a8-8c18-f52fc551c88e
&amp#27;[35m[HTTP]&amp#27;[39m &amp#27;[37m<-- GET /wd/hub/session/72f517da-910c-46a8-8c18-f52fc551c88e/element/9ab1b210-b349-46d6-9009-6ba7435f2c19/text &amp#27;[39m&amp#27;[32m200&amp#27;[39m &amp#27;[90m15 ms - 75&amp#27;[39m
&amp#27;[35m[HTTP]&amp#27;[39m &amp#27;[90m&amp#27;[39m
XX 971:TERM DEPOSIT
]]></system-out>
    <system-err><![CDATA[Dec 08, 2021 2:34:52 PM io.appium.java_client.remote.AppiumCommandExecutor$1 lambda$0
INFO: Detected dialect: W3C
]]></system-err>
  </testcase>
  <testcase name="EditTheProfile[7760305049, 7760305049, 0082](1)" classname="AA.Anumati.ProfileEdit" time="76.836">
    <system-out><![CDATA[C:\Users\Fayaz\Appium\Anumati
[debug] &amp#27;[35m[HTTP]&amp#27;[39m Request idempotency key: 48bb879d-83a1-41df-bbd4-cd34b12feb77
&amp#27;[35m[HTTP]&amp#27;[39m &amp#27;[37m-->&amp#27;[39m &amp#27;[37mPOST&amp#27;[39m &amp#27;[37m/wd/hub/session&amp#27;[39m
&amp#27;[35m[HTTP]&amp#27;[39m &amp#27;[90m{"desiredCapabilities":{"app":"C:\\Users\\Fayaz\\Appium\\Anumati\\src\\Anumati.apk","newCommandTimeout":14,"automationName":"uiautomator2","autoGrantPermissions":"true","chromeOptions":{"w3c":false},"platformName":"Android","deviceName":"Fayaz_Emulator2"},"capabilities":{"firstMatch":[{"appium:app":"C:\\Users\\Fayaz\\Appium\\Anumati\\src\\Anumati.apk","appium:autoGrantPermissions":"true","appium:automationName":"uiautomator2","appium:chromeOptions":{"w3c":false},"appium:deviceName":"Fayaz_Emulator2","goog:chromeOptions":{"w3c":false},"appium:newCommandTimeout":14,"platformName":"android"}]}}&amp#27;[39m
[debug] &amp#27;[35m[W3C]&amp#27;[39m Calling AppiumDriver.createSession() with args: [{"app":"C:\\Users\\Fayaz\\Appium\\Anumati\\src\\Anumati.apk","newCommandTimeout":14,"automationName":"uiautomator2","autoGrantPermissions":"true","chromeOptions":{"w3c":false},"platformName":"Android","deviceName":"Fayaz_Emulator2"},null,{"firstMatch":[{"appium:app":"C:\\Users\\Fayaz\\Appium\\Anumati\\src\\Anumati.apk","appium:autoGrantPermissions":"true","appium:automationName":"uiautomator2","appium:chromeOptions":{"w3c":false},"appium:deviceName":"Fayaz_Emulator2","goog:chromeOptions":{"w3c":false},"appium:newCommandTimeout":14,"platformName":"android"}]}]
[debug] &amp#27;[35m[BaseDriver]&amp#27;[39m Event 'newSessionRequested' logged at 1638954346672 (14:35:46 GMT+0530 (India Standard Time))
&amp#27;[35m[Appium]&amp#27;[39m Appium v1.21.0 creating new AndroidUiautomator2Driver (v1.65.0) session
[debug] &amp#27;[35m[BaseDriver]&amp#27;[39m W3C capabilities and MJSONWP desired capabilities were provided
[debug] &amp#27;[35m[BaseDriver]&amp#27;[39m Creating session with W3C capabilities: {
[debug] &amp#27;[35m[BaseDriver]&amp#27;[39m   "alwaysMatch": {
[debug] &amp#27;[35m[BaseDriver]&amp#27;[39m     "goog:chromeOptions": {
[debug] &amp#27;[35m[BaseDriver]&amp#27;[39m       "w3c": false
[debug] &amp#27;[35m[BaseDriver]&amp#27;[39m     },
[debug] &amp#27;[35m[BaseDriver]&amp#27;[39m     "platformName": "android",
[debug] &amp#27;[35m[BaseDriver]&amp#27;[39m     "appium:app": "C:\\Users\\Fayaz\\Appium\\Anumati\\src\\Anumati.apk",
[debug] &amp#27;[35m[BaseDriver]&amp#27;[39m     "appium:autoGrantPermissions": "true",
[debug] &amp#27;[35m[BaseDriver]&amp#27;[39m     "appium:automationName": "uiautomator2",
[debug] &amp#27;[35m[BaseDriver]&amp#27;[39m     "appium:chromeOptions": {
[debug] &amp#27;[35m[BaseDriver]&amp#27;[39m       "w3c": false
[debug] &amp#27;[35m[BaseDriver]&amp#27;[39m     },
[debug] &amp#27;[35m[BaseDriver]&amp#27;[39m     "appium:deviceName": "Fayaz_Emulator2",
[debug] &amp#27;[35m[BaseDriver]&amp#27;[39m     "appium:newCommandTimeout": 14
[debug] &amp#27;[35m[BaseDriver]&amp#27;[39m   },
[debug] &amp#27;[35m[BaseDriver]&amp#27;[39m   "firstMatch": [
[debug] &amp#27;[35m[BaseDriver]&amp#27;[39m     {}
[debug] &amp#27;[35m[BaseDriver]&amp#27;[39m   ]
[debug] &amp#27;[35m[BaseDriver]&amp#27;[39m }
&amp#27;[35m[BaseDriver]&amp#27;[39m Capability 'autoGrantPermissions' changed from string to boolean. This may cause unexpected behavior
&amp#27;[35m[BaseDriver]&amp#27;[39m The following capabilities were provided, but are not recognized by Appium:
&amp#27;[35m[BaseDriver]&amp#27;[39m   goog:chromeOptions
&amp#27;[35m[BaseDriver]&amp#27;[39m Session created with session id: aad0714c-cfd1-474a-8bd4-3d43ef4925b5
&amp#27;[35m[BaseDriver]&amp#27;[39m Using local app 'C:\Users\Fayaz\Appium\Anumati\src\Anumati.apk'
[debug] &amp#27;[35m[UiAutomator2]&amp#27;[39m Checking whether app is actually present
&amp#27;[35m[ADB]&amp#27;[39m Using 'adb.exe' from 'C:\Users\Fayaz\AppData\Local\Android\Sdk\platform-tools\adb.exe'
[debug] &amp#27;[35m[ADB]&amp#27;[39m Running 'C:\Users\Fayaz\AppData\Local\Android\Sdk\platform-tools\adb.exe -P 5037 start-server'
&amp#27;[35m[AndroidDriver]&amp#27;[39m Retrieving device list
[debug] &amp#27;[35m[ADB]&amp#27;[39m Trying to find a connected android device
[debug] &amp#27;[35m[ADB]&amp#27;[39m Getting connected devices
[debug] &amp#27;[35m[ADB]&amp#27;[39m Connected devices: [{"udid":"emulator-5554","state":"device"}]
&amp#27;[35m[AndroidDriver]&amp#27;[39m Using device: emulator-5554
&amp#27;[35m[ADB]&amp#27;[39m Using 'adb.exe' from 'C:\Users\Fayaz\AppData\Local\Android\Sdk\platform-tools\adb.exe'
[debug] &amp#27;[35m[ADB]&amp#27;[39m Running 'C:\Users\Fayaz\AppData\Local\Android\Sdk\platform-tools\adb.exe -P 5037 start-server'
[debug] &amp#27;[35m[ADB]&amp#27;[39m Setting device id to emulator-5554
[debug] &amp#27;[35m[ADB]&amp#27;[39m Running 'C:\Users\Fayaz\AppData\Local\Android\Sdk\platform-tools\adb.exe -P 5037 -s emulator-5554 shell getprop ro.build.version.sdk'
[debug] &amp#27;[35m[ADB]&amp#27;[39m Current device property 'ro.build.version.sdk': 30
&amp#27;[35m[ADB]&amp#27;[39m Getting device platform version
[debug] &amp#27;[35m[ADB]&amp#27;[39m Running 'C:\Users\Fayaz\AppData\Local\Android\Sdk\platform-tools\adb.exe -P 5037 -s emulator-5554 shell getprop ro.build.version.release'
[debug] &amp#27;[35m[ADB]&amp#27;[39m Current device property 'ro.build.version.release': 11
[debug] &amp#27;[35m[ADB]&amp#27;[39m Device API level: 30
&amp#27;[35m[UiAutomator2]&amp#27;[39m Relaxing hidden api policy
[debug] &amp#27;[35m[ADB]&amp#27;[39m Running 'C:\Users\Fayaz\AppData\Local\Android\Sdk\platform-tools\adb.exe -P 5037 -s emulator-5554 shell 'settings put global hidden_api_policy_pre_p_apps 1;settings put global hidden_api_policy_p_apps 1;settings put global hidden_api_policy 1''
[debug] &amp#27;[35m[AndroidDriver]&amp#27;[39m Parsing package and activity from app manifest
&amp#27;[35m[ADB]&amp#27;[39m Package name: 'com.anumati'
&amp#27;[35m[ADB]&amp#27;[39m Main activity name: 'com.aa.MainActivity'
[debug] &amp#27;[35m[AndroidDriver]&amp#27;[39m Parsed package and activity are: com.anumati/com.aa.MainActivity
[debug] &amp#27;[35m[ADB]&amp#27;[39m Running 'C:\Users\Fayaz\AppData\Local\Android\Sdk\platform-tools\adb.exe -P 5037 -s emulator-5554 wait-for-device'
[debug] &amp#27;[35m[ADB]&amp#27;[39m Running 'C:\Users\Fayaz\AppData\Local\Android\Sdk\platform-tools\adb.exe -P 5037 -s emulator-5554 shell echo ping'
[debug] &amp#27;[35m[AndroidDriver]&amp#27;[39m Pushing settings apk to device...
[debug] &amp#27;[35m[ADB]&amp#27;[39m Getting install status for io.appium.settings
[debug] &amp#27;[35m[ADB]&amp#27;[39m Running 'C:\Users\Fayaz\AppData\Local\Android\Sdk\platform-tools\adb.exe -P 5037 -s emulator-5554 shell dumpsys package io.appium.settings'
[debug] &amp#27;[35m[ADB]&amp#27;[39m 'io.appium.settings' is installed
[debug] &amp#27;[35m[ADB]&amp#27;[39m Getting package info for 'io.appium.settings'
[debug] &amp#27;[35m[ADB]&amp#27;[39m Running 'C:\Users\Fayaz\AppData\Local\Android\Sdk\platform-tools\adb.exe -P 5037 -s emulator-5554 shell dumpsys package io.appium.settings'
[debug] &amp#27;[35m[ADB]&amp#27;[39m The version code of the installed 'io.appium.settings' is greater than the application version code (30 > 29)
[debug] &amp#27;[35m[ADB]&amp#27;[39m There is no need to downgrade 'io.appium.settings'
[debug] &amp#27;[35m[ADB]&amp#27;[39m Getting IDs of all 'io.appium.settings' processes
[debug] &amp#27;[35m[ADB]&amp#27;[39m Running 'C:\Users\Fayaz\AppData\Local\Android\Sdk\platform-tools\adb.exe -P 5037 -s emulator-5554 shell 'pgrep --help; echo $?''
[debug] &amp#27;[35m[ADB]&amp#27;[39m Running 'C:\Users\Fayaz\AppData\Local\Android\Sdk\platform-tools\adb.exe -P 5037 -s emulator-5554 shell pgrep -f \(\[\[:blank:\]\]\|\^\)io\.appium\.settings\(\[\[:blank:\]\]\|\$\)'
[debug] &amp#27;[35m[AndroidDriver]&amp#27;[39m io.appium.settings is already running. There is no need to reset its permissions.
[debug] &amp#27;[35m[Logcat]&amp#27;[39m Starting logs capture with command: C:\\Users\\Fayaz\\AppData\\Local\\Android\\Sdk\\platform-tools\\adb.exe -P 5037 -s emulator-5554 logcat -v threadtime
[debug] &amp#27;[35m[UiAutomator2]&amp#27;[39m Forwarding UiAutomator2 Server port 6790 to local port 8201
[debug] &amp#27;[35m[ADB]&amp#27;[39m Forwarding system: 8201 to device: 6790
[debug] &amp#27;[35m[ADB]&amp#27;[39m Running 'C:\Users\Fayaz\AppData\Local\Android\Sdk\platform-tools\adb.exe -P 5037 -s emulator-5554 forward tcp:8201 tcp:6790'
[debug] &amp#27;[35m[ADB]&amp#27;[39m Getting install status for io.appium.uiautomator2.server
[debug] &amp#27;[35m[ADB]&amp#27;[39m Running 'C:\Users\Fayaz\AppData\Local\Android\Sdk\platform-tools\adb.exe -P 5037 -s emulator-5554 shell dumpsys package io.appium.uiautomator2.server'
[debug] &amp#27;[35m[ADB]&amp#27;[39m 'io.appium.uiautomator2.server' is installed
[debug] &amp#27;[35m[ADB]&amp#27;[39m Getting package info for 'io.appium.uiautomator2.server'
[debug] &amp#27;[35m[ADB]&amp#27;[39m Running 'C:\Users\Fayaz\AppData\Local\Android\Sdk\platform-tools\adb.exe -P 5037 -s emulator-5554 shell dumpsys package io.appium.uiautomator2.server'
[debug] &amp#27;[35m[ADB]&amp#27;[39m The version name of the installed 'io.appium.uiautomator2.server' is greater or equal to the application version name ('4.21.1' >= '4.21.1')
[debug] &amp#27;[35m[UiAutomator2]&amp#27;[39m io.appium.uiautomator2.server installation state: sameVersionInstalled
[debug] &amp#27;[35m[ADB]&amp#27;[39m Checking app cert for C:\Users\Fayaz\AppData\Roaming\npm\node_modules\appium\node_modules\appium-uiautomator2-server\apks\appium-uiautomator2-server-v4.21.1.apk
&amp#27;[35m[ADB]&amp#27;[39m Using 'apksigner.jar' from 'C:\Users\Fayaz\AppData\Local\Android\Sdk\build-tools\31.0.0\lib\apksigner.jar'
[debug] &amp#27;[35m[ADB]&amp#27;[39m Starting apksigner: 'C:\\Program Files\\Amazon Corretto\\jdk1.8.0_312\\bin\\java.exe' -Xmx1024M -Xss1m -jar C:\\Users\\Fayaz\\AppData\\Local\\Android\\Sdk\\build-tools\\31.0.0\\lib\\apksigner.jar verify --print-certs C:\\Users\\Fayaz\\AppData\\Roaming\\npm\\node_modules\\appium\\node_modules\\appium-uiautomator2-server\\apks\\appium-uiautomator2-server-v4.21.1.apk
[debug] &amp#27;[35m[ADB]&amp#27;[39m apksigner stdout: Signer #1 certificate DN: EMAILADDRESS=android@android.com, CN=Android, OU=Android, O=Android, L=Mountain View, ST=California, C=US
[debug] &amp#27;[35m[ADB]&amp#27;[39m Signer #1 certificate SHA-256 digest: a40da80a59d170caa950cf15c18c454d47a39b26989d8b640ecd745ba71bf5dc
[debug] &amp#27;[35m[ADB]&amp#27;[39m Signer #1 certificate SHA-1 digest: 61ed377e85d386a8dfee6b864bd85b0bfaa5af81
[debug] &amp#27;[35m[ADB]&amp#27;[39m Signer #1 certificate MD5 digest: e89b158e4bcf988ebd09eb83f5378e87
[debug] &amp#27;[35m[ADB]&amp#27;[39m 
[debug] &amp#27;[35m[ADB]&amp#27;[39m sha256 hash did match for 'appium-uiautomator2-server-v4.21.1.apk'
&amp#27;[35m[ADB]&amp#27;[39m 'C:\Users\Fayaz\AppData\Roaming\npm\node_modules\appium\node_modules\appium-uiautomator2-server\apks\appium-uiautomator2-server-v4.21.1.apk' is signed with the default certificate
[debug] &amp#27;[35m[ADB]&amp#27;[39m Getting install status for io.appium.uiautomator2.server.test
[debug] &amp#27;[35m[ADB]&amp#27;[39m Running 'C:\Users\Fayaz\AppData\Local\Android\Sdk\platform-tools\adb.exe -P 5037 -s emulator-5554 shell dumpsys package io.appium.uiautomator2.server.test'
[debug] &amp#27;[35m[ADB]&amp#27;[39m 'io.appium.uiautomator2.server.test' is installed
[debug] &amp#27;[35m[ADB]&amp#27;[39m Checking app cert for C:\Users\Fayaz\AppData\Roaming\npm\node_modules\appium\node_modules\appium-uiautomator2-server\apks\appium-uiautomator2-server-debug-androidTest.apk
[debug] &amp#27;[35m[ADB]&amp#27;[39m Starting apksigner: 'C:\\Program Files\\Amazon Corretto\\jdk1.8.0_312\\bin\\java.exe' -Xmx1024M -Xss1m -jar C:\\Users\\Fayaz\\AppData\\Local\\Android\\Sdk\\build-tools\\31.0.0\\lib\\apksigner.jar verify --print-certs C:\\Users\\Fayaz\\AppData\\Roaming\\npm\\node_modules\\appium\\node_modules\\appium-uiautomator2-server\\apks\\appium-uiautomator2-server-debug-androidTest.apk
[debug] &amp#27;[35m[ADB]&amp#27;[39m apksigner stdout: Signer #1 certificate DN: EMAILADDRESS=android@android.com, CN=Android, OU=Android, O=Android, L=Mountain View, ST=California, C=US
[debug] &amp#27;[35m[ADB]&amp#27;[39m Signer #1 certificate SHA-256 digest: a40da80a59d170caa950cf15c18c454d47a39b26989d8b640ecd745ba71bf5dc
[debug] &amp#27;[35m[ADB]&amp#27;[39m Signer #1 certificate SHA-1 digest: 61ed377e85d386a8dfee6b864bd85b0bfaa5af81
[debug] &amp#27;[35m[ADB]&amp#27;[39m Signer #1 certificate MD5 digest: e89b158e4bcf988ebd09eb83f5378e87
[debug] &amp#27;[35m[ADB]&amp#27;[39m 
[debug] &amp#27;[35m[ADB]&amp#27;[39m sha256 hash did match for 'appium-uiautomator2-server-debug-androidTest.apk'
&amp#27;[35m[ADB]&amp#27;[39m 'C:\Users\Fayaz\AppData\Roaming\npm\node_modules\appium\node_modules\appium-uiautomator2-server\apks\appium-uiautomator2-server-debug-androidTest.apk' is signed with the default certificate
&amp#27;[35m[UiAutomator2]&amp#27;[39m Server packages are not going to be (re)installed
[debug] &amp#27;[35m[UiAutomator2]&amp#27;[39m Waiting up to 30000ms for services to be available
[debug] &amp#27;[35m[ADB]&amp#27;[39m Running 'C:\Users\Fayaz\AppData\Local\Android\Sdk\platform-tools\adb.exe -P 5037 -s emulator-5554 shell pm list instrumentation'
&amp#27;[35m[BaseDriver]&amp#27;[39m Shutting down because we waited 14 seconds for a command
&amp#27;[35m[Appium]&amp#27;[39m Closing session, cause was 'New Command Timeout of 14 seconds expired. Try customizing the timeout using the 'newCommandTimeout' desired capability'
&amp#27;[35m[Appium]&amp#27;[39m Removing session '72f517da-910c-46a8-8c18-f52fc551c88e' from our master session list
[debug] &amp#27;[35m[UiAutomator2]&amp#27;[39m Deleting UiAutomator2 session
[debug] &amp#27;[35m[UiAutomator2]&amp#27;[39m Deleting UiAutomator2 server session
[debug] &amp#27;[35m[WD Proxy]&amp#27;[39m Matched '/' to command name 'deleteSession'
[debug] &amp#27;[35m[WD Proxy]&amp#27;[39m Proxying [DELETE /] to [DELETE http://127.0.0.1:8200/wd/hub/session/a8830392-9b85-4943-b889-72250055e4eb] with no body
[debug] &amp#27;[35m[WD Proxy]&amp#27;[39m Got response with status 200: {"sessionId":"a8830392-9b85-4943-b889-72250055e4eb","value":null}
[debug] &amp#27;[35m[ADB]&amp#27;[39m Running 'C:\Users\Fayaz\AppData\Local\Android\Sdk\platform-tools\adb.exe -P 5037 -s emulator-5554 shell am force-stop com.anumati'
[debug] &amp#27;[35m[UiAutomator2]&amp#27;[39m Instrumentation target 'io.appium.uiautomator2.server.test/androidx.test.runner.AndroidJUnitRunner' is available
&amp#27;[35m[ADB]&amp#27;[39m Adding packages ["io.appium.settings","io.appium.uiautomator2.server","io.appium.uiautomator2.server.test"] to Doze whitelist
[debug] &amp#27;[35m[ADB]&amp#27;[39m Got the following command chunks to execute: [["dumpsys","deviceidle","whitelist","+io.appium.settings",";","dumpsys","deviceidle","whitelist","+io.appium.uiautomator2.server",";","dumpsys","deviceidle","whitelist","+io.appium.uiautomator2.server.test",";"]]
[debug] &amp#27;[35m[ADB]&amp#27;[39m Running 'C:\Users\Fayaz\AppData\Local\Android\Sdk\platform-tools\adb.exe -P 5037 -s emulator-5554 shell dumpsys deviceidle whitelist +io.appium.settings ; dumpsys deviceidle whitelist +io.appium.uiautomator2.server ; dumpsys deviceidle whitelist +io.appium.uiautomator2.server.test ;'
[debug] &amp#27;[35m[Logcat]&amp#27;[39m Stopping logcat capture
[debug] &amp#27;[35m[ADB]&amp#27;[39m Removing forwarded port socket connection: 8200 
[debug] &amp#27;[35m[ADB]&amp#27;[39m Running 'C:\Users\Fayaz\AppData\Local\Android\Sdk\platform-tools\adb.exe -P 5037 -s emulator-5554 forward --remove tcp:8200'
[debug] &amp#27;[35m[Instrumentation]&amp#27;[39m .
[debug] &amp#27;[35m[Instrumentation]&amp#27;[39m Time: 68.501
[debug] &amp#27;[35m[Instrumentation]&amp#27;[39m 
[debug] &amp#27;[35m[Instrumentation]&amp#27;[39m OK (1 test)
[debug] &amp#27;[35m[ADB]&amp#27;[39m Checking app cert for C:\Users\Fayaz\Appium\Anumati\src\Anumati.apk
[debug] &amp#27;[35m[ADB]&amp#27;[39m Starting apksigner: 'C:\\Program Files\\Amazon Corretto\\jdk1.8.0_312\\bin\\java.exe' -Xmx1024M -Xss1m -jar C:\\Users\\Fayaz\\AppData\\Local\\Android\\Sdk\\build-tools\\31.0.0\\lib\\apksigner.jar verify --print-certs C:\\Users\\Fayaz\\Appium\\Anumati\\src\\Anumati.apk
&amp#27;[35m[UiAutomator2]&amp#27;[39m Restoring hidden api policy to the device default configuration
[debug] &amp#27;[35m[ADB]&amp#27;[39m Running 'C:\Users\Fayaz\AppData\Local\Android\Sdk\platform-tools\adb.exe -P 5037 -s emulator-5554 shell 'settings delete global hidden_api_policy_pre_p_apps;settings delete global hidden_api_policy_p_apps;settings delete global hidden_api_policy''
[debug] &amp#27;[35m[Instrumentation]&amp#27;[39m The process has exited with code 0
[debug] &amp#27;[35m[ADB]&amp#27;[39m apksigner stdout: Signer #1 certificate DN: CN=Android, OU=Android, O=Google Inc., L=Mountain View, ST=California, C=US
[debug] &amp#27;[35m[ADB]&amp#27;[39m Signer #1 certificate SHA-256 digest: 4730d6e1d0dc8733c1c2302d2b7ccedc5b85a93b2ac0e3a2971a6537173a90bb
[debug] &amp#27;[35m[ADB]&amp#27;[39m Signer #1 certificate SHA-1 digest: 27bcf6fcdf4384e29a8ba18048cbef83538d03e9
[debug] &amp#27;[35m[ADB]&amp#27;[39m Signer #1 certificate MD5 digest: d666c04c85a355f0835d049f3c545d7f
[debug] &amp#27;[35m[ADB]&amp#27;[39m Source Stamp Signer certificate DN: CN=Android, OU=Android, O=Google Inc., L=Mountain View, ST=California, C=US
[debug] &amp#27;[35m[ADB]&amp#27;[39m Source Stamp Signer certificate SHA-256 digest: 3257d599a49d2c961a471ca9843f59d341a405884583fc087df4237b733bbd6d
[debug] &amp#27;[35m[ADB]&amp#27;[39m Source Stamp Signer certificate SHA-1 digest: b1af3a0bf998aeede1a8716a539e5a59da1d86d6
[debug] &amp#27;[35m[ADB]&amp#27;[39m Source Stamp Signer certificate MD5 digest: 577b8a9fbc7e308321aec6411169d2fb
[debug] &amp#27;[35m[ADB]&amp#27;[39m 
&amp#27;[35m[ADB]&amp#27;[39m 'C:\Users\Fayaz\Appium\Anumati\src\Anumati.apk' is signed with a non-default certificate
[debug] &amp#27;[35m[ADB]&amp#27;[39m Getting install status for com.anumati
[debug] &amp#27;[35m[ADB]&amp#27;[39m Running 'C:\Users\Fayaz\AppData\Local\Android\Sdk\platform-tools\adb.exe -P 5037 -s emulator-5554 shell dumpsys package com.anumati'
[debug] &amp#27;[35m[ADB]&amp#27;[39m 'com.anumati' is installed
[debug] &amp#27;[35m[ADB]&amp#27;[39m Getting package info for 'com.anumati'
[debug] &amp#27;[35m[ADB]&amp#27;[39m Running 'C:\Users\Fayaz\AppData\Local\Android\Sdk\platform-tools\adb.exe -P 5037 -s emulator-5554 shell dumpsys package com.anumati'
[debug] &amp#27;[35m[ADB]&amp#27;[39m The version name of the installed 'com.anumati' is greater or equal to the application version name ('1.0.0' >= '1.0.0')
[debug] &amp#27;[35m[ADB]&amp#27;[39m There is no need to install/upgrade 'C:\Users\Fayaz\Appium\Anumati\src\Anumati.apk'
&amp#27;[35m[AndroidDriver]&amp#27;[39m Performing fast reset on 'com.anumati'
[debug] &amp#27;[35m[ADB]&amp#27;[39m Getting install status for com.anumati
[debug] &amp#27;[35m[ADB]&amp#27;[39m Running 'C:\Users\Fayaz\AppData\Local\Android\Sdk\platform-tools\adb.exe -P 5037 -s emulator-5554 shell dumpsys package com.anumati'
[debug] &amp#27;[35m[ADB]&amp#27;[39m 'com.anumati' is installed
[debug] &amp#27;[35m[ADB]&amp#27;[39m Running 'C:\Users\Fayaz\AppData\Local\Android\Sdk\platform-tools\adb.exe -P 5037 -s emulator-5554 shell am force-stop com.anumati'
[debug] &amp#27;[35m[ADB]&amp#27;[39m Running 'C:\Users\Fayaz\AppData\Local\Android\Sdk\platform-tools\adb.exe -P 5037 -s emulator-5554 shell pm clear com.anumati'
[debug] &amp#27;[35m[ADB]&amp#27;[39m Running 'C:\Users\Fayaz\AppData\Local\Android\Sdk\platform-tools\adb.exe -P 5037 -s emulator-5554 shell dumpsys package com.anumati'
[debug] &amp#27;[35m[ADB]&amp#27;[39m Retrieving requested permissions
[debug] &amp#27;[35m[ADB]&amp#27;[39m Retrieved 6 permissions from requested group
[debug] &amp#27;[35m[ADB]&amp#27;[39m Retrieving granted permissions
[debug] &amp#27;[35m[ADB]&amp#27;[39m Retrieved 1 permission from install,runtime groups
[debug] &amp#27;[35m[ADB]&amp#27;[39m Granting permissions ["android.permission.READ_EXTERNAL_STORAGE","android.permission.WRITE_EXTERNAL_STORAGE","android.permission.READ_EXTERNAL_STORAGE","android.permission.WRITE_EXTERNAL_STORAGE"] to 'com.anumati'
[debug] &amp#27;[35m[ADB]&amp#27;[39m Got the following command chunks to execute: [["pm","grant","com.anumati","android.permission.READ_EXTERNAL_STORAGE",";","pm","grant","com.anumati","android.permission.WRITE_EXTERNAL_STORAGE",";","pm","grant","com.anumati","android.permission.READ_EXTERNAL_STORAGE",";","pm","grant","com.anumati","android.permission.WRITE_EXTERNAL_STORAGE",";"]]
[debug] &amp#27;[35m[ADB]&amp#27;[39m Running 'C:\Users\Fayaz\AppData\Local\Android\Sdk\platform-tools\adb.exe -P 5037 -s emulator-5554 shell pm grant com.anumati android.permission.READ_EXTERNAL_STORAGE ; pm grant com.anumati android.permission.WRITE_EXTERNAL_STORAGE ; pm grant com.anumati android.permission.READ_EXTERNAL_STORAGE ; pm grant com.anumati android.permission.WRITE_EXTERNAL_STORAGE ;'
[debug] &amp#27;[35m[AndroidDriver]&amp#27;[39m Performed fast reset on the installed 'com.anumati' application (stop and clear)
[debug] &amp#27;[35m[UiAutomator2]&amp#27;[39m Performing shallow cleanup of automation leftovers
[debug] &amp#27;[35m[UiAutomator2]&amp#27;[39m No obsolete sessions have been detected (socket hang up)
[debug] &amp#27;[35m[ADB]&amp#27;[39m Running 'C:\Users\Fayaz\AppData\Local\Android\Sdk\platform-tools\adb.exe -P 5037 -s emulator-5554 shell am force-stop io.appium.uiautomator2.server.test'
&amp#27;[35m[UiAutomator2]&amp#27;[39m Starting UIAutomator2 server 4.21.1
&amp#27;[35m[UiAutomator2]&amp#27;[39m Using UIAutomator2 server from 'C:\Users\Fayaz\AppData\Roaming\npm\node_modules\appium\node_modules\appium-uiautomator2-server\apks\appium-uiautomator2-server-v4.21.1.apk' and test from 'C:\Users\Fayaz\AppData\Roaming\npm\node_modules\appium\node_modules\appium-uiautomator2-server\apks\appium-uiautomator2-server-debug-androidTest.apk'
&amp#27;[35m[UiAutomator2]&amp#27;[39m Waiting up to 30000ms for UiAutomator2 to be online...
[debug] &amp#27;[35m[ADB]&amp#27;[39m Creating ADB subprocess with args: ["-P",5037,"-s","emulator-5554","shell","am","instrument","-w","-e","disableAnalytics",true,"io.appium.uiautomator2.server.test/androidx.test.runner.AndroidJUnitRunner"]
[debug] &amp#27;[35m[WD Proxy]&amp#27;[39m Matched '/status' to command name 'getStatus'
[debug] &amp#27;[35m[WD Proxy]&amp#27;[39m Proxying [GET /status] to [GET http://127.0.0.1:8201/wd/hub/status] with no body
&amp#27;[35m[WD Proxy]&amp#27;[39m socket hang up
[debug] &amp#27;[35m[WD Proxy]&amp#27;[39m Matched '/status' to command name 'getStatus'
[debug] &amp#27;[35m[WD Proxy]&amp#27;[39m Proxying [GET /status] to [GET http://127.0.0.1:8201/wd/hub/status] with no body
&amp#27;[35m[WD Proxy]&amp#27;[39m socket hang up
[debug] &amp#27;[35m[Instrumentation]&amp#27;[39m io.appium.uiautomator2.server.test.AppiumUiAutomator2Server:
[debug] &amp#27;[35m[WD Proxy]&amp#27;[39m Matched '/status' to command name 'getStatus'
[debug] &amp#27;[35m[WD Proxy]&amp#27;[39m Proxying [GET /status] to [GET http://127.0.0.1:8201/wd/hub/status] with no body
&amp#27;[35m[WD Proxy]&amp#27;[39m socket hang up
[debug] &amp#27;[35m[WD Proxy]&amp#27;[39m Matched '/status' to command name 'getStatus'
[debug] &amp#27;[35m[WD Proxy]&amp#27;[39m Proxying [GET /status] to [GET http://127.0.0.1:8201/wd/hub/status] with no body
[debug] &amp#27;[35m[WD Proxy]&amp#27;[39m Got response with status 200: {"sessionId":"None","value":{"message":"UiAutomator2 Server is ready to accept commands","ready":true}}
[debug] &amp#27;[35m[UiAutomator2]&amp#27;[39m The initialization of the instrumentation process took 3264ms
[debug] &amp#27;[35m[WD Proxy]&amp#27;[39m Matched '/session' to command name 'createSession'
[debug] &amp#27;[35m[WD Proxy]&amp#27;[39m Proxying [POST /session] to [POST http://127.0.0.1:8201/wd/hub/session] with body: {"capabilities":{"firstMatch":[{"platform":"LINUX","webStorageEnabled":false,"takesScreenshot":true,"javascriptEnabled":true,"databaseEnabled":false,"networkConnectionEnabled":true,"locationContextEnabled":false,"warnings":{},"desired":{"goog:chromeOptions":{"w3c":false},"platformName":"android","app":"C:\\Users\\Fayaz\\Appium\\Anumati\\src\\Anumati.apk","autoGrantPermissions":true,"automationName":"uiautomator2","chromeOptions":{"w3c":false},"deviceName":"Fayaz_Emulator2","newCommandTimeout":14},"goog:chromeOptions":{"w3c":false},"platformName":"android","app":"C:\\Users\\Fayaz\\Appium\\Anumati\\src\\Anumati.apk","autoGrantPermissions":true,"automationName":"uiautomator2","chromeOptions":{"w3c":false},"deviceName":"emulator-5554","newCommandTimeout":14,"deviceUDID":"emulator-5554","appPackage":"com.anumati"}],"alwaysMatch":{}}}
[debug] &amp#27;[35m[WD Proxy]&amp#27;[39m Got response with status 200: {"sessionId":"892543ca-6881-402d-bd41-d78c0c766844","value":{"capabilities":{"firstMatch":[{"platform":"LINUX","webStorageEnabled":false,"takesScreenshot":true,"javascriptEnabled":true,"databaseEnabled":false,"networkConnectionEnabled":true,"locationContextEnabled":false,"warnings":{},"desired":{"goog:chromeOptions":{"w3c":false},"platformName":"android","app":"C:\\Users\\Fayaz\\Appium\\Anumati\\src\\Anumati.apk","autoGrantPermissions":true,"automationName":"uiautomator2","chromeOptions":{"w3c":false},"deviceName":"Fayaz_Emulator2","newCommandTimeout":14},"goog:chromeOptions":{"w3c":false},"platformName":"android","app":"C:\\Users\\Fayaz\\Appium\\Anumati\\src\\Anumati.apk","autoGrantPermissions":true,"automationName":"uiautomator2","chromeOptions":{"w3c":false},"deviceName":"emulator-5554","newCommandTimeout":14,"deviceUDID":"emulator-5554","appPackage":"com.anumati"}],"alwaysMatch":{}},"sessionId":"892543ca-6881-402d-bd41-d78c0c766844"}}
&amp#27;[35m[WD Proxy]&amp#27;[39m Determined the downstream protocol as 'W3C'
[debug] &amp#27;[35m[WD Proxy]&amp#27;[39m Proxying [GET /appium/device/info] to [GET http://127.0.0.1:8201/wd/hub/session/892543ca-6881-402d-bd41-d78c0c766844/appium/device/info] with no body
[debug] &amp#27;[35m[WD Proxy]&amp#27;[39m Got response with status 200: {"sessionId":"892543ca-6881-402d-bd41-d78c0c766844","value":{"androidId":"4c01298c58a50c77","apiVersion":"30","bluetooth":{"state":"ON"},"brand":"Android","carrierName":"Android","displayDensity":420,"locale":"en_US","manufacturer":"unknown","model":"Android SDK built for x86","networks":[{"capabilities":{"SSID":null,"linkDownBandwidthKbps":141000,"linkUpstreamBandwidthKbps":141000,"networkCapabilities":"NET_CAPABILITY_NOT_METERED,NET_CAPABILITY_INTERNET,NET_CAPABILITY_NOT_RESTRICTED,NET_CAPABILITY_TRUSTED,NET_CAPABILITY_NOT_VPN,NET_CAPABILITY_VALIDATED,NET_CAPABILITY_NOT_ROAMING,NET_CAPABILITY_FOREGROUND,NET_CAPABILITY_NOT_CONGESTED,NET_CAPABILITY_NOT_SUSPENDED","signalStrength":-30,"transportTypes":"TRANSPORT_WIFI"},"detailedState":"CONNECTED","extraInfo":"","isAvailable":true,"isConnected":true,"isFailover":false,"isRoaming":false,"state":"CONNECTED","subtype":0,"subtypeName":"","type":1,"typeName":"WIFI"},{"capabilities":{"SSID":null,"linkDownBandwidthKbps":30000,"linkUpstreamBandwidthKbps":15000,"netw...
[debug] &amp#27;[35m[ADB]&amp#27;[39m Running 'C:\Users\Fayaz\AppData\Local\Android\Sdk\platform-tools\adb.exe -P 5037 -s emulator-5554 shell dumpsys window'
&amp#27;[35m[AndroidDriver]&amp#27;[39m Screen already unlocked, doing nothing
&amp#27;[35m[UiAutomator2]&amp#27;[39m Starting 'com.anumati/com.aa.MainActivity and waiting for 'com.anumati/com.aa.MainActivity'
[debug] &amp#27;[35m[ADB]&amp#27;[39m Running 'C:\Users\Fayaz\AppData\Local\Android\Sdk\platform-tools\adb.exe -P 5037 -s emulator-5554 shell am start -W -n com.anumati/com.aa.MainActivity -S -a android.intent.action.MAIN -c android.intent.category.LAUNCHER -f 0x10200000'
[debug] &amp#27;[35m[ADB]&amp#27;[39m Waiting up to 20000ms for activity matching pkg: 'com.anumati' and activity: 'com.aa.MainActivity' to be focused
[debug] &amp#27;[35m[ADB]&amp#27;[39m Possible activities, to be checked: 'com.aa.MainActivity', 'com.anumati.com.aa.MainActivity'
[debug] &amp#27;[35m[ADB]&amp#27;[39m Getting focused package and activity
[debug] &amp#27;[35m[ADB]&amp#27;[39m Running 'C:\Users\Fayaz\AppData\Local\Android\Sdk\platform-tools\adb.exe -P 5037 -s emulator-5554 shell dumpsys window displays'
[debug] &amp#27;[35m[ADB]&amp#27;[39m Found package: 'com.anumati' and fully qualified activity name : 'com.aa.MainActivity'
[debug] &amp#27;[35m[WD Proxy]&amp#27;[39m Proxying [GET /appium/device/pixel_ratio] to [GET http://127.0.0.1:8201/wd/hub/session/892543ca-6881-402d-bd41-d78c0c766844/appium/device/pixel_ratio] with no body
[debug] &amp#27;[35m[WD Proxy]&amp#27;[39m Got response with status 200: {"sessionId":"892543ca-6881-402d-bd41-d78c0c766844","value":2.625}
[debug] &amp#27;[35m[WD Proxy]&amp#27;[39m Matched '/appium/device/system_bars' to command name 'getSystemBars'
[debug] &amp#27;[35m[WD Proxy]&amp#27;[39m Proxying [GET /appium/device/system_bars] to [GET http://127.0.0.1:8201/wd/hub/session/892543ca-6881-402d-bd41-d78c0c766844/appium/device/system_bars] with no body
[debug] &amp#27;[35m[WD Proxy]&amp#27;[39m Got response with status 200: {"sessionId":"892543ca-6881-402d-bd41-d78c0c766844","value":{"statusBar":63}}
[debug] &amp#27;[35m[WD Proxy]&amp#27;[39m Matched '/window/current/size' to command name 'getWindowSize'
[debug] &amp#27;[35m[WD Proxy]&amp#27;[39m Proxying [GET /window/current/size] to [GET http://127.0.0.1:8201/wd/hub/session/892543ca-6881-402d-bd41-d78c0c766844/window/current/size] with no body
[debug] &amp#27;[35m[WD Proxy]&amp#27;[39m Got response with status 200: {"sessionId":"892543ca-6881-402d-bd41-d78c0c766844","value":{"height":1794,"width":1080}}
&amp#27;[35m[Appium]&amp#27;[39m New AndroidUiautomator2Driver session created successfully, session aad0714c-cfd1-474a-8bd4-3d43ef4925b5 added to master session list
[debug] &amp#27;[35m[BaseDriver]&amp#27;[39m Event 'newSessionStarted' logged at 1638954366662 (14:36:06 GMT+0530 (India Standard Time))
[debug] &amp#27;[35m[W3C (aad0714c)]&amp#27;[39m Cached the protocol value 'W3C' for the new session aad0714c-cfd1-474a-8bd4-3d43ef4925b5
[debug] &amp#27;[35m[W3C (aad0714c)]&amp#27;[39m Responding to client with driver.createSession() result: {"capabilities":{"platform":"LINUX","webStorageEnabled":false,"takesScreenshot":true,"javascriptEnabled":true,"databaseEnabled":false,"networkConnectionEnabled":true,"locationContextEnabled":false,"warnings":{},"desired":{"goog:chromeOptions":{"w3c":false},"platformName":"android","app":"C:\\Users\\Fayaz\\Appium\\Anumati\\src\\Anumati.apk","autoGrantPermissions":true,"automationName":"uiautomator2","chromeOptions":{"w3c":false},"deviceName":"Fayaz_Emulator2","newCommandTimeout":14},"goog:chromeOptions":{"w3c":false},"platformName":"android","app":"C:\\Users\\Fayaz\\Appium\\Anumati\\src\\Anumati.apk","autoGrantPermissions":true,"automationName":"uiautomator2","chromeOptions":{"w3c":false},"deviceName":"emulator-5554","newCommandTimeout":14,"deviceUDID":"emulator-5554","appPackage":"com.anumati","deviceApiLevel":30,"platformVersion":"11","deviceScreenSize":"1080x1920","deviceScreenDensity":420,"deviceModel":"Android SDK built for x86","deviceManufacturer":"unknown","pixelRatio":2.625,"statBarHeight":63,"view...
&amp#27;[35m[HTTP]&amp#27;[39m &amp#27;[37m<-- POST /wd/hub/session &amp#27;[39m&amp#27;[32m200&amp#27;[39m &amp#27;[90m19992 ms - 1140&amp#27;[39m
&amp#27;[35m[HTTP]&amp#27;[39m &amp#27;[90m&amp#27;[39m
&amp#27;[35m[HTTP]&amp#27;[39m &amp#27;[37m-->&amp#27;[39m &amp#27;[37mPOST&amp#27;[39m &amp#27;[37m/wd/hub/session/aad0714c-cfd1-474a-8bd4-3d43ef4925b5/timeouts&amp#27;[39m
&amp#27;[35m[HTTP]&amp#27;[39m &amp#27;[90m{"implicit":50000}&amp#27;[39m
[debug] &amp#27;[35m[W3C (aad0714c)]&amp#27;[39m Calling AppiumDriver.timeouts() with args: [null,null,null,null,50000,"aad0714c-cfd1-474a-8bd4-3d43ef4925b5"]
[debug] &amp#27;[35m[BaseDriver]&amp#27;[39m W3C timeout argument: {"implicit":50000}}
[debug] &amp#27;[35m[BaseDriver]&amp#27;[39m Set implicit wait to 50000ms
[debug] &amp#27;[35m[W3C (aad0714c)]&amp#27;[39m Responding to client with driver.timeouts() result: null
&amp#27;[35m[HTTP]&amp#27;[39m &amp#27;[37m<-- POST /wd/hub/session/aad0714c-cfd1-474a-8bd4-3d43ef4925b5/timeouts &amp#27;[39m&amp#27;[32m200&amp#27;[39m &amp#27;[90m3 ms - 14&amp#27;[39m
&amp#27;[35m[HTTP]&amp#27;[39m &amp#27;[90m&amp#27;[39m
&amp#27;[35m[HTTP]&amp#27;[39m &amp#27;[37m-->&amp#27;[39m &amp#27;[37mGET&amp#27;[39m &amp#27;[37m/wd/hub/session/aad0714c-cfd1-474a-8bd4-3d43ef4925b5/context&amp#27;[39m
&amp#27;[35m[HTTP]&amp#27;[39m &amp#27;[90m{}&amp#27;[39m
[debug] &amp#27;[35m[W3C (aad0714c)]&amp#27;[39m Calling AppiumDriver.getCurrentContext() with args: ["aad0714c-cfd1-474a-8bd4-3d43ef4925b5"]
[debug] &amp#27;[35m[W3C (aad0714c)]&amp#27;[39m Responding to client with driver.getCurrentContext() result: "NATIVE_APP"
&amp#27;[35m[HTTP]&amp#27;[39m &amp#27;[37m<-- GET /wd/hub/session/aad0714c-cfd1-474a-8bd4-3d43ef4925b5/context &amp#27;[39m&amp#27;[32m200&amp#27;[39m &amp#27;[90m1 ms - 22&amp#27;[39m
&amp#27;[35m[HTTP]&amp#27;[39m &amp#27;[90m&amp#27;[39m
&amp#27;[35m[HTTP]&amp#27;[39m &amp#27;[37m-->&amp#27;[39m &amp#27;[37mPOST&amp#27;[39m &amp#27;[37m/wd/hub/session/aad0714c-cfd1-474a-8bd4-3d43ef4925b5/element&amp#27;[39m
&amp#27;[35m[HTTP]&amp#27;[39m &amp#27;[90m{"using":"xpath","value":"//android.view.View[@text='Skip']"}&amp#27;[39m
[debug] &amp#27;[35m[W3C (aad0714c)]&amp#27;[39m Calling AppiumDriver.findElement() with args: ["xpath","//android.view.View[@text='Skip']","aad0714c-cfd1-474a-8bd4-3d43ef4925b5"]
[debug] &amp#27;[35m[BaseDriver]&amp#27;[39m Valid locator strategies for this request: xpath, id, class name, accessibility id, css selector, -android uiautomator
[debug] &amp#27;[35m[BaseDriver]&amp#27;[39m Waiting up to 50000 ms for condition
[debug] &amp#27;[35m[WD Proxy]&amp#27;[39m Matched '/element' to command name 'findElement'
[debug] &amp#27;[35m[WD Proxy]&amp#27;[39m Proxying [POST /element] to [POST http://127.0.0.1:8201/wd/hub/session/892543ca-6881-402d-bd41-d78c0c766844/element] with body: {"strategy":"xpath","selector":"//android.view.View[@text='Skip']","context":"","multiple":false}
&amp#27;[35m[WD Proxy]&amp#27;[39m Got response with status 404: {"sessionId":"892543ca-6881-402d-bd41-d78c0c766844","value":{"error":"no such element","message":"An element could not be located on the page using the given search parameters","stacktrace":"io.appium.uiautomator2.common.exceptions.ElementNotFoundException: An element could not be located on the page using the given search parameters\n\tat io.appium.uiautomator2.handler.FindElement.findElement(FindElement.java:89)\n\tat io.appium.uiautomator2.handler.FindElement.safeHandle(FindElement.java:66)\n\tat io.appium.uiautomator2.handler.request.SafeRequestHandler.handle(SafeRequestHandler.java:41)\n\tat io.appium.uiautomator2.server.AppiumServlet.handleRequest(AppiumServlet.java:262)\n\tat io.appium.uiautomator2.server.AppiumServlet.handleHttpRequest(AppiumServlet.java:256)\n\tat io.appium.uiautomator2.http.ServerHandler.channelRead(ServerHandler.java:68)\n\tat io.netty.channel.AbstractChannelHandlerContext.invokeChannelRead(AbstractChannelHandlerContext.java:366)\n\tat io.netty.channel.AbstractChannelHandlerCont...
[debug] &amp#27;[35m[W3C]&amp#27;[39m Matched W3C error code 'no such element' to NoSuchElementError
[debug] &amp#27;[35m[BaseDriver]&amp#27;[39m Waited for 229 ms so far
[debug] &amp#27;[35m[WD Proxy]&amp#27;[39m Matched '/element' to command name 'findElement'
[debug] &amp#27;[35m[WD Proxy]&amp#27;[39m Proxying [POST /element] to [POST http://127.0.0.1:8201/wd/hub/session/892543ca-6881-402d-bd41-d78c0c766844/element] with body: {"strategy":"xpath","selector":"//android.view.View[@text='Skip']","context":"","multiple":false}
[debug] &amp#27;[35m[WD Proxy]&amp#27;[39m Got response with status 200: {"sessionId":"892543ca-6881-402d-bd41-d78c0c766844","value":{"ELEMENT":"2951b5b6-de0f-4efa-b19a-f4fa498e1e40","element-6066-11e4-a52e-4f735466cecf":"2951b5b6-de0f-4efa-b19a-f4fa498e1e40"}}
[debug] &amp#27;[35m[W3C (aad0714c)]&amp#27;[39m Responding to client with driver.findElement() result: {"element-6066-11e4-a52e-4f735466cecf":"2951b5b6-de0f-4efa-b19a-f4fa498e1e40","ELEMENT":"2951b5b6-de0f-4efa-b19a-f4fa498e1e40"}
&amp#27;[35m[HTTP]&amp#27;[39m &amp#27;[37m<-- POST /wd/hub/session/aad0714c-cfd1-474a-8bd4-3d43ef4925b5/element &amp#27;[39m&amp#27;[32m200&amp#27;[39m &amp#27;[90m1166 ms - 137&amp#27;[39m
&amp#27;[35m[HTTP]&amp#27;[39m &amp#27;[90m&amp#27;[39m
&amp#27;[35m[HTTP]&amp#27;[39m &amp#27;[37m-->&amp#27;[39m &amp#27;[37mPOST&amp#27;[39m &amp#27;[37m/wd/hub/session/aad0714c-cfd1-474a-8bd4-3d43ef4925b5/element/2951b5b6-de0f-4efa-b19a-f4fa498e1e40/click&amp#27;[39m
&amp#27;[35m[HTTP]&amp#27;[39m &amp#27;[90m{"id":"2951b5b6-de0f-4efa-b19a-f4fa498e1e40"}&amp#27;[39m
[debug] &amp#27;[35m[W3C (aad0714c)]&amp#27;[39m Calling AppiumDriver.click() with args: ["2951b5b6-de0f-4efa-b19a-f4fa498e1e40","aad0714c-cfd1-474a-8bd4-3d43ef4925b5"]
[debug] &amp#27;[35m[WD Proxy]&amp#27;[39m Matched '/element/2951b5b6-de0f-4efa-b19a-f4fa498e1e40/click' to command name 'click'
[debug] &amp#27;[35m[WD Proxy]&amp#27;[39m Proxying [POST /element/2951b5b6-de0f-4efa-b19a-f4fa498e1e40/click] to [POST http://127.0.0.1:8201/wd/hub/session/892543ca-6881-402d-bd41-d78c0c766844/element/2951b5b6-de0f-4efa-b19a-f4fa498e1e40/click] with body: {"element":"2951b5b6-de0f-4efa-b19a-f4fa498e1e40"}
[debug] &amp#27;[35m[WD Proxy]&amp#27;[39m Got response with status 200: {"sessionId":"892543ca-6881-402d-bd41-d78c0c766844","value":null}
[debug] &amp#27;[35m[W3C (aad0714c)]&amp#27;[39m Responding to client with driver.click() result: null
&amp#27;[35m[HTTP]&amp#27;[39m &amp#27;[37m<-- POST /wd/hub/session/aad0714c-cfd1-474a-8bd4-3d43ef4925b5/element/2951b5b6-de0f-4efa-b19a-f4fa498e1e40/click &amp#27;[39m&amp#27;[32m200&amp#27;[39m &amp#27;[90m109 ms - 14&amp#27;[39m
&amp#27;[35m[HTTP]&amp#27;[39m &amp#27;[90m&amp#27;[39m
&amp#27;[35m[HTTP]&amp#27;[39m &amp#27;[37m-->&amp#27;[39m &amp#27;[37mGET&amp#27;[39m &amp#27;[37m/wd/hub/session/aad0714c-cfd1-474a-8bd4-3d43ef4925b5/context&amp#27;[39m
&amp#27;[35m[HTTP]&amp#27;[39m &amp#27;[90m{}&amp#27;[39m
[debug] &amp#27;[35m[W3C (aad0714c)]&amp#27;[39m Calling AppiumDriver.getCurrentContext() with args: ["aad0714c-cfd1-474a-8bd4-3d43ef4925b5"]
[debug] &amp#27;[35m[W3C (aad0714c)]&amp#27;[39m Responding to client with driver.getCurrentContext() result: "NATIVE_APP"
&amp#27;[35m[HTTP]&amp#27;[39m &amp#27;[37m<-- GET /wd/hub/session/aad0714c-cfd1-474a-8bd4-3d43ef4925b5/context &amp#27;[39m&amp#27;[32m200&amp#27;[39m &amp#27;[90m1 ms - 22&amp#27;[39m
&amp#27;[35m[HTTP]&amp#27;[39m &amp#27;[90m&amp#27;[39m
&amp#27;[35m[HTTP]&amp#27;[39m &amp#27;[37m-->&amp#27;[39m &amp#27;[37mPOST&amp#27;[39m &amp#27;[37m/wd/hub/session/aad0714c-cfd1-474a-8bd4-3d43ef4925b5/element&amp#27;[39m
&amp#27;[35m[HTTP]&amp#27;[39m &amp#27;[90m{"using":"xpath","value":"//android.view.View/android.widget.EditText[1]"}&amp#27;[39m
[debug] &amp#27;[35m[W3C (aad0714c)]&amp#27;[39m Calling AppiumDriver.findElement() with args: ["xpath","//android.view.View/android.widget.EditText[1]","aad0714c-cfd1-474a-8bd4-3d43ef4925b5"]
[debug] &amp#27;[35m[BaseDriver]&amp#27;[39m Valid locator strategies for this request: xpath, id, class name, accessibility id, css selector, -android uiautomator
[debug] &amp#27;[35m[BaseDriver]&amp#27;[39m Waiting up to 50000 ms for condition
[debug] &amp#27;[35m[WD Proxy]&amp#27;[39m Matched '/element' to command name 'findElement'
[debug] &amp#27;[35m[WD Proxy]&amp#27;[39m Proxying [POST /element] to [POST http://127.0.0.1:8201/wd/hub/session/892543ca-6881-402d-bd41-d78c0c766844/element] with body: {"strategy":"xpath","selector":"//android.view.View/android.widget.EditText[1]","context":"","multiple":false}
[debug] &amp#27;[35m[WD Proxy]&amp#27;[39m Got response with status 200: {"sessionId":"892543ca-6881-402d-bd41-d78c0c766844","value":{"ELEMENT":"706c1f15-7079-4cd2-962c-48f325c12541","element-6066-11e4-a52e-4f735466cecf":"706c1f15-7079-4cd2-962c-48f325c12541"}}
[debug] &amp#27;[35m[W3C (aad0714c)]&amp#27;[39m Responding to client with driver.findElement() result: {"element-6066-11e4-a52e-4f735466cecf":"706c1f15-7079-4cd2-962c-48f325c12541","ELEMENT":"706c1f15-7079-4cd2-962c-48f325c12541"}
&amp#27;[35m[HTTP]&amp#27;[39m &amp#27;[37m<-- POST /wd/hub/session/aad0714c-cfd1-474a-8bd4-3d43ef4925b5/element &amp#27;[39m&amp#27;[32m200&amp#27;[39m &amp#27;[90m1534 ms - 137&amp#27;[39m
&amp#27;[35m[HTTP]&amp#27;[39m &amp#27;[90m&amp#27;[39m
&amp#27;[35m[HTTP]&amp#27;[39m &amp#27;[37m-->&amp#27;[39m &amp#27;[37mPOST&amp#27;[39m &amp#27;[37m/wd/hub/session/aad0714c-cfd1-474a-8bd4-3d43ef4925b5/element/706c1f15-7079-4cd2-962c-48f325c12541/click&amp#27;[39m
&amp#27;[35m[HTTP]&amp#27;[39m &amp#27;[90m{"id":"706c1f15-7079-4cd2-962c-48f325c12541"}&amp#27;[39m
[debug] &amp#27;[35m[W3C (aad0714c)]&amp#27;[39m Calling AppiumDriver.click() with args: ["706c1f15-7079-4cd2-962c-48f325c12541","aad0714c-cfd1-474a-8bd4-3d43ef4925b5"]
[debug] &amp#27;[35m[WD Proxy]&amp#27;[39m Matched '/element/706c1f15-7079-4cd2-962c-48f325c12541/click' to command name 'click'
[debug] &amp#27;[35m[WD Proxy]&amp#27;[39m Proxying [POST /element/706c1f15-7079-4cd2-962c-48f325c12541/click] to [POST http://127.0.0.1:8201/wd/hub/session/892543ca-6881-402d-bd41-d78c0c766844/element/706c1f15-7079-4cd2-962c-48f325c12541/click] with body: {"element":"706c1f15-7079-4cd2-962c-48f325c12541"}
[debug] &amp#27;[35m[WD Proxy]&amp#27;[39m Got response with status 200: {"sessionId":"892543ca-6881-402d-bd41-d78c0c766844","value":null}
[debug] &amp#27;[35m[W3C (aad0714c)]&amp#27;[39m Responding to client with driver.click() result: null
&amp#27;[35m[HTTP]&amp#27;[39m &amp#27;[37m<-- POST /wd/hub/session/aad0714c-cfd1-474a-8bd4-3d43ef4925b5/element/706c1f15-7079-4cd2-962c-48f325c12541/click &amp#27;[39m&amp#27;[32m200&amp#27;[39m &amp#27;[90m432 ms - 14&amp#27;[39m
&amp#27;[35m[HTTP]&amp#27;[39m &amp#27;[90m&amp#27;[39m
&amp#27;[35m[HTTP]&amp#27;[39m &amp#27;[37m-->&amp#27;[39m &amp#27;[37mGET&amp#27;[39m &amp#27;[37m/wd/hub/session/aad0714c-cfd1-474a-8bd4-3d43ef4925b5/context&amp#27;[39m
&amp#27;[35m[HTTP]&amp#27;[39m &amp#27;[90m{}&amp#27;[39m
[debug] &amp#27;[35m[W3C (aad0714c)]&amp#27;[39m Calling AppiumDriver.getCurrentContext() with args: ["aad0714c-cfd1-474a-8bd4-3d43ef4925b5"]
[debug] &amp#27;[35m[W3C (aad0714c)]&amp#27;[39m Responding to client with driver.getCurrentContext() result: "NATIVE_APP"
&amp#27;[35m[HTTP]&amp#27;[39m &amp#27;[37m<-- GET /wd/hub/session/aad0714c-cfd1-474a-8bd4-3d43ef4925b5/context &amp#27;[39m&amp#27;[32m200&amp#27;[39m &amp#27;[90m1 ms - 22&amp#27;[39m
&amp#27;[35m[HTTP]&amp#27;[39m &amp#27;[90m&amp#27;[39m
&amp#27;[35m[HTTP]&amp#27;[39m &amp#27;[37m-->&amp#27;[39m &amp#27;[37mPOST&amp#27;[39m &amp#27;[37m/wd/hub/session/aad0714c-cfd1-474a-8bd4-3d43ef4925b5/element&amp#27;[39m
&amp#27;[35m[HTTP]&amp#27;[39m &amp#27;[90m{"using":"xpath","value":"//android.view.View/android.widget.EditText[1]"}&amp#27;[39m
[debug] &amp#27;[35m[W3C (aad0714c)]&amp#27;[39m Calling AppiumDriver.findElement() with args: ["xpath","//android.view.View/android.widget.EditText[1]","aad0714c-cfd1-474a-8bd4-3d43ef4925b5"]
[debug] &amp#27;[35m[BaseDriver]&amp#27;[39m Valid locator strategies for this request: xpath, id, class name, accessibility id, css selector, -android uiautomator
[debug] &amp#27;[35m[BaseDriver]&amp#27;[39m Waiting up to 50000 ms for condition
[debug] &amp#27;[35m[WD Proxy]&amp#27;[39m Matched '/element' to command name 'findElement'
[debug] &amp#27;[35m[WD Proxy]&amp#27;[39m Proxying [POST /element] to [POST http://127.0.0.1:8201/wd/hub/session/892543ca-6881-402d-bd41-d78c0c766844/element] with body: {"strategy":"xpath","selector":"//android.view.View/android.widget.EditText[1]","context":"","multiple":false}
[debug] &amp#27;[35m[WD Proxy]&amp#27;[39m Got response with status 200: {"sessionId":"892543ca-6881-402d-bd41-d78c0c766844","value":{"ELEMENT":"3f396e7b-057a-4aec-aa85-7af0a4476ba7","element-6066-11e4-a52e-4f735466cecf":"3f396e7b-057a-4aec-aa85-7af0a4476ba7"}}
[debug] &amp#27;[35m[W3C (aad0714c)]&amp#27;[39m Responding to client with driver.findElement() result: {"element-6066-11e4-a52e-4f735466cecf":"3f396e7b-057a-4aec-aa85-7af0a4476ba7","ELEMENT":"3f396e7b-057a-4aec-aa85-7af0a4476ba7"}
&amp#27;[35m[HTTP]&amp#27;[39m &amp#27;[37m<-- POST /wd/hub/session/aad0714c-cfd1-474a-8bd4-3d43ef4925b5/element &amp#27;[39m&amp#27;[32m200&amp#27;[39m &amp#27;[90m1367 ms - 137&amp#27;[39m
&amp#27;[35m[HTTP]&amp#27;[39m &amp#27;[90m&amp#27;[39m
&amp#27;[35m[HTTP]&amp#27;[39m &amp#27;[37m-->&amp#27;[39m &amp#27;[37mPOST&amp#27;[39m &amp#27;[37m/wd/hub/session/aad0714c-cfd1-474a-8bd4-3d43ef4925b5/element/3f396e7b-057a-4aec-aa85-7af0a4476ba7/value&amp#27;[39m
&amp#27;[35m[HTTP]&amp#27;[39m &amp#27;[90m{"id":"3f396e7b-057a-4aec-aa85-7af0a4476ba7","text":"7760305049","value":["7","7","6","0","3","0","5","0","4","9"]}&amp#27;[39m
[debug] &amp#27;[35m[W3C (aad0714c)]&amp#27;[39m Calling AppiumDriver.setValue() with args: [["7","7","6","0","3","0","5","0","4","9"],"3f396e7b-057a-4aec-aa85-7af0a4476ba7","aad0714c-cfd1-474a-8bd4-3d43ef4925b5"]
[debug] &amp#27;[35m[WD Proxy]&amp#27;[39m Matched '/element/3f396e7b-057a-4aec-aa85-7af0a4476ba7/value' to command name 'setValue'
[debug] &amp#27;[35m[Protocol Converter]&amp#27;[39m Added 'value' property ["7","7","6","0","3","0","5","0","4","9"] to 'setValue' request body
[debug] &amp#27;[35m[WD Proxy]&amp#27;[39m Proxying [POST /element/3f396e7b-057a-4aec-aa85-7af0a4476ba7/value] to [POST http://127.0.0.1:8201/wd/hub/session/892543ca-6881-402d-bd41-d78c0c766844/element/3f396e7b-057a-4aec-aa85-7af0a4476ba7/value] with body: {"elementId":"3f396e7b-057a-4aec-aa85-7af0a4476ba7","text":"7760305049","replace":false,"value":["7","7","6","0","3","0","5","0","4","9"]}
[debug] &amp#27;[35m[WD Proxy]&amp#27;[39m Got response with status 200: {"sessionId":"892543ca-6881-402d-bd41-d78c0c766844","value":null}
[debug] &amp#27;[35m[W3C (aad0714c)]&amp#27;[39m Responding to client with driver.setValue() result: null
&amp#27;[35m[HTTP]&amp#27;[39m &amp#27;[37m<-- POST /wd/hub/session/aad0714c-cfd1-474a-8bd4-3d43ef4925b5/element/3f396e7b-057a-4aec-aa85-7af0a4476ba7/value &amp#27;[39m&amp#27;[32m200&amp#27;[39m &amp#27;[90m376 ms - 14&amp#27;[39m
&amp#27;[35m[HTTP]&amp#27;[39m &amp#27;[90m&amp#27;[39m
&amp#27;[35m[HTTP]&amp#27;[39m &amp#27;[37m-->&amp#27;[39m &amp#27;[37mPOST&amp#27;[39m &amp#27;[37m/wd/hub/session/aad0714c-cfd1-474a-8bd4-3d43ef4925b5/appium/device/hide_keyboard&amp#27;[39m
&amp#27;[35m[HTTP]&amp#27;[39m &amp#27;[90m{}&amp#27;[39m
[debug] &amp#27;[35m[W3C (aad0714c)]&amp#27;[39m Calling AppiumDriver.hideKeyboard() with args: [null,null,null,null,"aad0714c-cfd1-474a-8bd4-3d43ef4925b5"]
[debug] &amp#27;[35m[ADB]&amp#27;[39m Running 'C:\Users\Fayaz\AppData\Local\Android\Sdk\platform-tools\adb.exe -P 5037 -s emulator-5554 shell dumpsys input_method'
[debug] &amp#27;[35m[ADB]&amp#27;[39m Running 'C:\Users\Fayaz\AppData\Local\Android\Sdk\platform-tools\adb.exe -P 5037 -s emulator-5554 shell input keyevent 111'
[debug] &amp#27;[35m[ADB]&amp#27;[39m Running 'C:\Users\Fayaz\AppData\Local\Android\Sdk\platform-tools\adb.exe -P 5037 -s emulator-5554 shell dumpsys input_method'
[debug] &amp#27;[35m[ADB]&amp#27;[39m Running 'C:\Users\Fayaz\AppData\Local\Android\Sdk\platform-tools\adb.exe -P 5037 -s emulator-5554 shell dumpsys input_method'
[debug] &amp#27;[35m[ADB]&amp#27;[39m Running 'C:\Users\Fayaz\AppData\Local\Android\Sdk\platform-tools\adb.exe -P 5037 -s emulator-5554 shell input keyevent 4'
[debug] &amp#27;[35m[ADB]&amp#27;[39m Running 'C:\Users\Fayaz\AppData\Local\Android\Sdk\platform-tools\adb.exe -P 5037 -s emulator-5554 shell dumpsys input_method'
[debug] &amp#27;[35m[W3C (aad0714c)]&amp#27;[39m Responding to client with driver.hideKeyboard() result: true
&amp#27;[35m[HTTP]&amp#27;[39m &amp#27;[37m<-- POST /wd/hub/session/aad0714c-cfd1-474a-8bd4-3d43ef4925b5/appium/device/hide_keyboard &amp#27;[39m&amp#27;[32m200&amp#27;[39m &amp#27;[90m4449 ms - 14&amp#27;[39m
&amp#27;[35m[HTTP]&amp#27;[39m &amp#27;[90m&amp#27;[39m
&amp#27;[35m[HTTP]&amp#27;[39m &amp#27;[37m-->&amp#27;[39m &amp#27;[37mGET&amp#27;[39m &amp#27;[37m/wd/hub/session/aad0714c-cfd1-474a-8bd4-3d43ef4925b5/context&amp#27;[39m
&amp#27;[35m[HTTP]&amp#27;[39m &amp#27;[90m{}&amp#27;[39m
[debug] &amp#27;[35m[W3C (aad0714c)]&amp#27;[39m Calling AppiumDriver.getCurrentContext() with args: ["aad0714c-cfd1-474a-8bd4-3d43ef4925b5"]
[debug] &amp#27;[35m[W3C (aad0714c)]&amp#27;[39m Responding to client with driver.getCurrentContext() result: "NATIVE_APP"
&amp#27;[35m[HTTP]&amp#27;[39m &amp#27;[37m<-- GET /wd/hub/session/aad0714c-cfd1-474a-8bd4-3d43ef4925b5/context &amp#27;[39m&amp#27;[32m200&amp#27;[39m &amp#27;[90m1 ms - 22&amp#27;[39m
&amp#27;[35m[HTTP]&amp#27;[39m &amp#27;[90m&amp#27;[39m
&amp#27;[35m[HTTP]&amp#27;[39m &amp#27;[37m-->&amp#27;[39m &amp#27;[37mPOST&amp#27;[39m &amp#27;[37m/wd/hub/session/aad0714c-cfd1-474a-8bd4-3d43ef4925b5/element&amp#27;[39m
&amp#27;[35m[HTTP]&amp#27;[39m &amp#27;[90m{"using":"xpath","value":"//android.widget.Button[@text='Proceed']"}&amp#27;[39m
[debug] &amp#27;[35m[W3C (aad0714c)]&amp#27;[39m Calling AppiumDriver.findElement() with args: ["xpath","//android.widget.Button[@text='Proceed']","aad0714c-cfd1-474a-8bd4-3d43ef4925b5"]
[debug] &amp#27;[35m[BaseDriver]&amp#27;[39m Valid locator strategies for this request: xpath, id, class name, accessibility id, css selector, -android uiautomator
[debug] &amp#27;[35m[BaseDriver]&amp#27;[39m Waiting up to 50000 ms for condition
[debug] &amp#27;[35m[WD Proxy]&amp#27;[39m Matched '/element' to command name 'findElement'
[debug] &amp#27;[35m[WD Proxy]&amp#27;[39m Proxying [POST /element] to [POST http://127.0.0.1:8201/wd/hub/session/892543ca-6881-402d-bd41-d78c0c766844/element] with body: {"strategy":"xpath","selector":"//android.widget.Button[@text='Proceed']","context":"","multiple":false}
[debug] &amp#27;[35m[WD Proxy]&amp#27;[39m Got response with status 200: {"sessionId":"892543ca-6881-402d-bd41-d78c0c766844","value":{"ELEMENT":"9bf12c3b-733c-46a1-af16-c5357d9a722a","element-6066-11e4-a52e-4f735466cecf":"9bf12c3b-733c-46a1-af16-c5357d9a722a"}}
[debug] &amp#27;[35m[W3C (aad0714c)]&amp#27;[39m Responding to client with driver.findElement() result: {"element-6066-11e4-a52e-4f735466cecf":"9bf12c3b-733c-46a1-af16-c5357d9a722a","ELEMENT":"9bf12c3b-733c-46a1-af16-c5357d9a722a"}
&amp#27;[35m[HTTP]&amp#27;[39m &amp#27;[37m<-- POST /wd/hub/session/aad0714c-cfd1-474a-8bd4-3d43ef4925b5/element &amp#27;[39m&amp#27;[32m200&amp#27;[39m &amp#27;[90m95 ms - 137&amp#27;[39m
&amp#27;[35m[HTTP]&amp#27;[39m &amp#27;[90m&amp#27;[39m
&amp#27;[35m[HTTP]&amp#27;[39m &amp#27;[37m-->&amp#27;[39m &amp#27;[37mPOST&amp#27;[39m &amp#27;[37m/wd/hub/session/aad0714c-cfd1-474a-8bd4-3d43ef4925b5/element/9bf12c3b-733c-46a1-af16-c5357d9a722a/click&amp#27;[39m
&amp#27;[35m[HTTP]&amp#27;[39m &amp#27;[90m{"id":"9bf12c3b-733c-46a1-af16-c5357d9a722a"}&amp#27;[39m
[debug] &amp#27;[35m[W3C (aad0714c)]&amp#27;[39m Calling AppiumDriver.click() with args: ["9bf12c3b-733c-46a1-af16-c5357d9a722a","aad0714c-cfd1-474a-8bd4-3d43ef4925b5"]
[debug] &amp#27;[35m[WD Proxy]&amp#27;[39m Matched '/element/9bf12c3b-733c-46a1-af16-c5357d9a722a/click' to command name 'click'
[debug] &amp#27;[35m[WD Proxy]&amp#27;[39m Proxying [POST /element/9bf12c3b-733c-46a1-af16-c5357d9a722a/click] to [POST http://127.0.0.1:8201/wd/hub/session/892543ca-6881-402d-bd41-d78c0c766844/element/9bf12c3b-733c-46a1-af16-c5357d9a722a/click] with body: {"element":"9bf12c3b-733c-46a1-af16-c5357d9a722a"}
[debug] &amp#27;[35m[WD Proxy]&amp#27;[39m Got response with status 200: {"sessionId":"892543ca-6881-402d-bd41-d78c0c766844","value":null}
[debug] &amp#27;[35m[W3C (aad0714c)]&amp#27;[39m Responding to client with driver.click() result: null
&amp#27;[35m[HTTP]&amp#27;[39m &amp#27;[37m<-- POST /wd/hub/session/aad0714c-cfd1-474a-8bd4-3d43ef4925b5/element/9bf12c3b-733c-46a1-af16-c5357d9a722a/click &amp#27;[39m&amp#27;[32m200&amp#27;[39m &amp#27;[90m167 ms - 14&amp#27;[39m
&amp#27;[35m[HTTP]&amp#27;[39m &amp#27;[90m&amp#27;[39m
&amp#27;[35m[HTTP]&amp#27;[39m &amp#27;[37m-->&amp#27;[39m &amp#27;[37mGET&amp#27;[39m &amp#27;[37m/wd/hub/session/aad0714c-cfd1-474a-8bd4-3d43ef4925b5/context&amp#27;[39m
&amp#27;[35m[HTTP]&amp#27;[39m &amp#27;[90m{}&amp#27;[39m
[debug] &amp#27;[35m[W3C (aad0714c)]&amp#27;[39m Calling AppiumDriver.getCurrentContext() with args: ["aad0714c-cfd1-474a-8bd4-3d43ef4925b5"]
[debug] &amp#27;[35m[W3C (aad0714c)]&amp#27;[39m Responding to client with driver.getCurrentContext() result: "NATIVE_APP"
&amp#27;[35m[HTTP]&amp#27;[39m &amp#27;[37m<-- GET /wd/hub/session/aad0714c-cfd1-474a-8bd4-3d43ef4925b5/context &amp#27;[39m&amp#27;[32m200&amp#27;[39m &amp#27;[90m2 ms - 22&amp#27;[39m
&amp#27;[35m[HTTP]&amp#27;[39m &amp#27;[90m&amp#27;[39m
&amp#27;[35m[HTTP]&amp#27;[39m &amp#27;[37m-->&amp#27;[39m &amp#27;[37mPOST&amp#27;[39m &amp#27;[37m/wd/hub/session/aad0714c-cfd1-474a-8bd4-3d43ef4925b5/element&amp#27;[39m
&amp#27;[35m[HTTP]&amp#27;[39m &amp#27;[90m{"using":"xpath","value":"//android.widget.EditText[1]"}&amp#27;[39m
[debug] &amp#27;[35m[W3C (aad0714c)]&amp#27;[39m Calling AppiumDriver.findElement() with args: ["xpath","//android.widget.EditText[1]","aad0714c-cfd1-474a-8bd4-3d43ef4925b5"]
[debug] &amp#27;[35m[BaseDriver]&amp#27;[39m Valid locator strategies for this request: xpath, id, class name, accessibility id, css selector, -android uiautomator
[debug] &amp#27;[35m[BaseDriver]&amp#27;[39m Waiting up to 50000 ms for condition
[debug] &amp#27;[35m[WD Proxy]&amp#27;[39m Matched '/element' to command name 'findElement'
[debug] &amp#27;[35m[WD Proxy]&amp#27;[39m Proxying [POST /element] to [POST http://127.0.0.1:8201/wd/hub/session/892543ca-6881-402d-bd41-d78c0c766844/element] with body: {"strategy":"xpath","selector":"//android.widget.EditText[1]","context":"","multiple":false}
[debug] &amp#27;[35m[WD Proxy]&amp#27;[39m Got response with status 200: {"sessionId":"892543ca-6881-402d-bd41-d78c0c766844","value":{"ELEMENT":"ca67c0eb-e3d9-4a01-ab80-85907e40479f","element-6066-11e4-a52e-4f735466cecf":"ca67c0eb-e3d9-4a01-ab80-85907e40479f"}}
[debug] &amp#27;[35m[W3C (aad0714c)]&amp#27;[39m Responding to client with driver.findElement() result: {"element-6066-11e4-a52e-4f735466cecf":"ca67c0eb-e3d9-4a01-ab80-85907e40479f","ELEMENT":"ca67c0eb-e3d9-4a01-ab80-85907e40479f"}
&amp#27;[35m[HTTP]&amp#27;[39m &amp#27;[37m<-- POST /wd/hub/session/aad0714c-cfd1-474a-8bd4-3d43ef4925b5/element &amp#27;[39m&amp#27;[32m200&amp#27;[39m &amp#27;[90m89 ms - 137&amp#27;[39m
&amp#27;[35m[HTTP]&amp#27;[39m &amp#27;[90m&amp#27;[39m
&amp#27;[35m[HTTP]&amp#27;[39m &amp#27;[37m-->&amp#27;[39m &amp#27;[37mPOST&amp#27;[39m &amp#27;[37m/wd/hub/session/aad0714c-cfd1-474a-8bd4-3d43ef4925b5/element/ca67c0eb-e3d9-4a01-ab80-85907e40479f/value&amp#27;[39m
&amp#27;[35m[HTTP]&amp#27;[39m &amp#27;[90m{"id":"ca67c0eb-e3d9-4a01-ab80-85907e40479f","text":"7760305049","value":["7","7","6","0","3","0","5","0","4","9"]}&amp#27;[39m
[debug] &amp#27;[35m[W3C (aad0714c)]&amp#27;[39m Calling AppiumDriver.setValue() with args: [["7","7","6","0","3","0","5","0","4","9"],"ca67c0eb-e3d9-4a01-ab80-85907e40479f","aad0714c-cfd1-474a-8bd4-3d43ef4925b5"]
[debug] &amp#27;[35m[WD Proxy]&amp#27;[39m Matched '/element/ca67c0eb-e3d9-4a01-ab80-85907e40479f/value' to command name 'setValue'
[debug] &amp#27;[35m[Protocol Converter]&amp#27;[39m Added 'value' property ["7","7","6","0","3","0","5","0","4","9"] to 'setValue' request body
[debug] &amp#27;[35m[WD Proxy]&amp#27;[39m Proxying [POST /element/ca67c0eb-e3d9-4a01-ab80-85907e40479f/value] to [POST http://127.0.0.1:8201/wd/hub/session/892543ca-6881-402d-bd41-d78c0c766844/element/ca67c0eb-e3d9-4a01-ab80-85907e40479f/value] with body: {"elementId":"ca67c0eb-e3d9-4a01-ab80-85907e40479f","text":"7760305049","replace":false,"value":["7","7","6","0","3","0","5","0","4","9"]}
[debug] &amp#27;[35m[WD Proxy]&amp#27;[39m Got response with status 200: {"sessionId":"892543ca-6881-402d-bd41-d78c0c766844","value":null}
[debug] &amp#27;[35m[W3C (aad0714c)]&amp#27;[39m Responding to client with driver.setValue() result: null
&amp#27;[35m[HTTP]&amp#27;[39m &amp#27;[37m<-- POST /wd/hub/session/aad0714c-cfd1-474a-8bd4-3d43ef4925b5/element/ca67c0eb-e3d9-4a01-ab80-85907e40479f/value &amp#27;[39m&amp#27;[32m200&amp#27;[39m &amp#27;[90m40 ms - 14&amp#27;[39m
&amp#27;[35m[HTTP]&amp#27;[39m &amp#27;[90m&amp#27;[39m
&amp#27;[35m[HTTP]&amp#27;[39m &amp#27;[37m-->&amp#27;[39m &amp#27;[37mGET&amp#27;[39m &amp#27;[37m/wd/hub/session/aad0714c-cfd1-474a-8bd4-3d43ef4925b5/context&amp#27;[39m
&amp#27;[35m[HTTP]&amp#27;[39m &amp#27;[90m{}&amp#27;[39m
[debug] &amp#27;[35m[W3C (aad0714c)]&amp#27;[39m Calling AppiumDriver.getCurrentContext() with args: ["aad0714c-cfd1-474a-8bd4-3d43ef4925b5"]
[debug] &amp#27;[35m[W3C (aad0714c)]&amp#27;[39m Responding to client with driver.getCurrentContext() result: "NATIVE_APP"
&amp#27;[35m[HTTP]&amp#27;[39m &amp#27;[37m<-- GET /wd/hub/session/aad0714c-cfd1-474a-8bd4-3d43ef4925b5/context &amp#27;[39m&amp#27;[32m200&amp#27;[39m &amp#27;[90m1 ms - 22&amp#27;[39m
&amp#27;[35m[HTTP]&amp#27;[39m &amp#27;[90m&amp#27;[39m
&amp#27;[35m[HTTP]&amp#27;[39m &amp#27;[37m-->&amp#27;[39m &amp#27;[37mPOST&amp#27;[39m &amp#27;[37m/wd/hub/session/aad0714c-cfd1-474a-8bd4-3d43ef4925b5/element&amp#27;[39m
&amp#27;[35m[HTTP]&amp#27;[39m &amp#27;[90m{"using":"xpath","value":"(//android.widget.EditText)[2]"}&amp#27;[39m
[debug] &amp#27;[35m[W3C (aad0714c)]&amp#27;[39m Calling AppiumDriver.findElement() with args: ["xpath","(//android.widget.EditText)[2]","aad0714c-cfd1-474a-8bd4-3d43ef4925b5"]
[debug] &amp#27;[35m[BaseDriver]&amp#27;[39m Valid locator strategies for this request: xpath, id, class name, accessibility id, css selector, -android uiautomator
[debug] &amp#27;[35m[BaseDriver]&amp#27;[39m Waiting up to 50000 ms for condition
[debug] &amp#27;[35m[WD Proxy]&amp#27;[39m Matched '/element' to command name 'findElement'
[debug] &amp#27;[35m[WD Proxy]&amp#27;[39m Proxying [POST /element] to [POST http://127.0.0.1:8201/wd/hub/session/892543ca-6881-402d-bd41-d78c0c766844/element] with body: {"strategy":"xpath","selector":"(//android.widget.EditText)[2]","context":"","multiple":false}
[debug] &amp#27;[35m[WD Proxy]&amp#27;[39m Got response with status 200: {"sessionId":"892543ca-6881-402d-bd41-d78c0c766844","value":{"ELEMENT":"11af1ca5-6194-417a-b4ae-4aca14bdbf70","element-6066-11e4-a52e-4f735466cecf":"11af1ca5-6194-417a-b4ae-4aca14bdbf70"}}
[debug] &amp#27;[35m[W3C (aad0714c)]&amp#27;[39m Responding to client with driver.findElement() result: {"element-6066-11e4-a52e-4f735466cecf":"11af1ca5-6194-417a-b4ae-4aca14bdbf70","ELEMENT":"11af1ca5-6194-417a-b4ae-4aca14bdbf70"}
&amp#27;[35m[HTTP]&amp#27;[39m &amp#27;[37m<-- POST /wd/hub/session/aad0714c-cfd1-474a-8bd4-3d43ef4925b5/element &amp#27;[39m&amp#27;[32m200&amp#27;[39m &amp#27;[90m145 ms - 137&amp#27;[39m
&amp#27;[35m[HTTP]&amp#27;[39m &amp#27;[90m&amp#27;[39m
&amp#27;[35m[HTTP]&amp#27;[39m &amp#27;[37m-->&amp#27;[39m &amp#27;[37mPOST&amp#27;[39m &amp#27;[37m/wd/hub/session/aad0714c-cfd1-474a-8bd4-3d43ef4925b5/element/11af1ca5-6194-417a-b4ae-4aca14bdbf70/click&amp#27;[39m
&amp#27;[35m[HTTP]&amp#27;[39m &amp#27;[90m{"id":"11af1ca5-6194-417a-b4ae-4aca14bdbf70"}&amp#27;[39m
[debug] &amp#27;[35m[W3C (aad0714c)]&amp#27;[39m Calling AppiumDriver.click() with args: ["11af1ca5-6194-417a-b4ae-4aca14bdbf70","aad0714c-cfd1-474a-8bd4-3d43ef4925b5"]
[debug] &amp#27;[35m[WD Proxy]&amp#27;[39m Matched '/element/11af1ca5-6194-417a-b4ae-4aca14bdbf70/click' to command name 'click'
[debug] &amp#27;[35m[WD Proxy]&amp#27;[39m Proxying [POST /element/11af1ca5-6194-417a-b4ae-4aca14bdbf70/click] to [POST http://127.0.0.1:8201/wd/hub/session/892543ca-6881-402d-bd41-d78c0c766844/element/11af1ca5-6194-417a-b4ae-4aca14bdbf70/click] with body: {"element":"11af1ca5-6194-417a-b4ae-4aca14bdbf70"}
[debug] &amp#27;[35m[WD Proxy]&amp#27;[39m Got response with status 200: {"sessionId":"892543ca-6881-402d-bd41-d78c0c766844","value":null}
[debug] &amp#27;[35m[W3C (aad0714c)]&amp#27;[39m Responding to client with driver.click() result: null
&amp#27;[35m[HTTP]&amp#27;[39m &amp#27;[37m<-- POST /wd/hub/session/aad0714c-cfd1-474a-8bd4-3d43ef4925b5/element/11af1ca5-6194-417a-b4ae-4aca14bdbf70/click &amp#27;[39m&amp#27;[32m200&amp#27;[39m &amp#27;[90m400 ms - 14&amp#27;[39m
&amp#27;[35m[HTTP]&amp#27;[39m &amp#27;[90m&amp#27;[39m
&amp#27;[35m[HTTP]&amp#27;[39m &amp#27;[37m-->&amp#27;[39m &amp#27;[37mGET&amp#27;[39m &amp#27;[37m/wd/hub/session/aad0714c-cfd1-474a-8bd4-3d43ef4925b5/context&amp#27;[39m
&amp#27;[35m[HTTP]&amp#27;[39m &amp#27;[90m{}&amp#27;[39m
[debug] &amp#27;[35m[W3C (aad0714c)]&amp#27;[39m Calling AppiumDriver.getCurrentContext() with args: ["aad0714c-cfd1-474a-8bd4-3d43ef4925b5"]
[debug] &amp#27;[35m[W3C (aad0714c)]&amp#27;[39m Responding to client with driver.getCurrentContext() result: "NATIVE_APP"
&amp#27;[35m[HTTP]&amp#27;[39m &amp#27;[37m<-- GET /wd/hub/session/aad0714c-cfd1-474a-8bd4-3d43ef4925b5/context &amp#27;[39m&amp#27;[32m200&amp#27;[39m &amp#27;[90m1 ms - 22&amp#27;[39m
&amp#27;[35m[HTTP]&amp#27;[39m &amp#27;[90m&amp#27;[39m
&amp#27;[35m[HTTP]&amp#27;[39m &amp#27;[37m-->&amp#27;[39m &amp#27;[37mPOST&amp#27;[39m &amp#27;[37m/wd/hub/session/aad0714c-cfd1-474a-8bd4-3d43ef4925b5/element&amp#27;[39m
&amp#27;[35m[HTTP]&amp#27;[39m &amp#27;[90m{"using":"xpath","value":"(//android.widget.EditText)[2]"}&amp#27;[39m
[debug] &amp#27;[35m[W3C (aad0714c)]&amp#27;[39m Calling AppiumDriver.findElement() with args: ["xpath","(//android.widget.EditText)[2]","aad0714c-cfd1-474a-8bd4-3d43ef4925b5"]
[debug] &amp#27;[35m[BaseDriver]&amp#27;[39m Valid locator strategies for this request: xpath, id, class name, accessibility id, css selector, -android uiautomator
[debug] &amp#27;[35m[BaseDriver]&amp#27;[39m Waiting up to 50000 ms for condition
[debug] &amp#27;[35m[WD Proxy]&amp#27;[39m Matched '/element' to command name 'findElement'
[debug] &amp#27;[35m[WD Proxy]&amp#27;[39m Proxying [POST /element] to [POST http://127.0.0.1:8201/wd/hub/session/892543ca-6881-402d-bd41-d78c0c766844/element] with body: {"strategy":"xpath","selector":"(//android.widget.EditText)[2]","context":"","multiple":false}
[debug] &amp#27;[35m[WD Proxy]&amp#27;[39m Got response with status 200: {"sessionId":"892543ca-6881-402d-bd41-d78c0c766844","value":{"ELEMENT":"a54728a5-e323-4545-88c5-392fe66e507e","element-6066-11e4-a52e-4f735466cecf":"a54728a5-e323-4545-88c5-392fe66e507e"}}
[debug] &amp#27;[35m[W3C (aad0714c)]&amp#27;[39m Responding to client with driver.findElement() result: {"element-6066-11e4-a52e-4f735466cecf":"a54728a5-e323-4545-88c5-392fe66e507e","ELEMENT":"a54728a5-e323-4545-88c5-392fe66e507e"}
&amp#27;[35m[HTTP]&amp#27;[39m &amp#27;[37m<-- POST /wd/hub/session/aad0714c-cfd1-474a-8bd4-3d43ef4925b5/element &amp#27;[39m&amp#27;[32m200&amp#27;[39m &amp#27;[90m1278 ms - 137&amp#27;[39m
&amp#27;[35m[HTTP]&amp#27;[39m &amp#27;[90m&amp#27;[39m
&amp#27;[35m[HTTP]&amp#27;[39m &amp#27;[37m-->&amp#27;[39m &amp#27;[37mPOST&amp#27;[39m &amp#27;[37m/wd/hub/session/aad0714c-cfd1-474a-8bd4-3d43ef4925b5/element/a54728a5-e323-4545-88c5-392fe66e507e/value&amp#27;[39m
&amp#27;[35m[HTTP]&amp#27;[39m &amp#27;[90m{"id":"a54728a5-e323-4545-88c5-392fe66e507e","text":"0082","value":["0","0","8","2"]}&amp#27;[39m
[debug] &amp#27;[35m[W3C (aad0714c)]&amp#27;[39m Calling AppiumDriver.setValue() with args: [["0","0","8","2"],"a54728a5-e323-4545-88c5-392fe66e507e","aad0714c-cfd1-474a-8bd4-3d43ef4925b5"]
[debug] &amp#27;[35m[WD Proxy]&amp#27;[39m Matched '/element/a54728a5-e323-4545-88c5-392fe66e507e/value' to command name 'setValue'
[debug] &amp#27;[35m[Protocol Converter]&amp#27;[39m Added 'value' property ["0","0","8","2"] to 'setValue' request body
[debug] &amp#27;[35m[WD Proxy]&amp#27;[39m Proxying [POST /element/a54728a5-e323-4545-88c5-392fe66e507e/value] to [POST http://127.0.0.1:8201/wd/hub/session/892543ca-6881-402d-bd41-d78c0c766844/element/a54728a5-e323-4545-88c5-392fe66e507e/value] with body: {"elementId":"a54728a5-e323-4545-88c5-392fe66e507e","text":"0082","replace":false,"value":["0","0","8","2"]}
[debug] &amp#27;[35m[WD Proxy]&amp#27;[39m Got response with status 200: {"sessionId":"892543ca-6881-402d-bd41-d78c0c766844","value":null}
[debug] &amp#27;[35m[W3C (aad0714c)]&amp#27;[39m Responding to client with driver.setValue() result: null
&amp#27;[35m[HTTP]&amp#27;[39m &amp#27;[37m<-- POST /wd/hub/session/aad0714c-cfd1-474a-8bd4-3d43ef4925b5/element/a54728a5-e323-4545-88c5-392fe66e507e/value &amp#27;[39m&amp#27;[32m200&amp#27;[39m &amp#27;[90m401 ms - 14&amp#27;[39m
&amp#27;[35m[HTTP]&amp#27;[39m &amp#27;[90m&amp#27;[39m
&amp#27;[35m[HTTP]&amp#27;[39m &amp#27;[37m-->&amp#27;[39m &amp#27;[37mPOST&amp#27;[39m &amp#27;[37m/wd/hub/session/aad0714c-cfd1-474a-8bd4-3d43ef4925b5/appium/device/hide_keyboard&amp#27;[39m
&amp#27;[35m[HTTP]&amp#27;[39m &amp#27;[90m{}&amp#27;[39m
[debug] &amp#27;[35m[W3C (aad0714c)]&amp#27;[39m Calling AppiumDriver.hideKeyboard() with args: [null,null,null,null,"aad0714c-cfd1-474a-8bd4-3d43ef4925b5"]
[debug] &amp#27;[35m[ADB]&amp#27;[39m Running 'C:\Users\Fayaz\AppData\Local\Android\Sdk\platform-tools\adb.exe -P 5037 -s emulator-5554 shell dumpsys input_method'
&amp#27;[35m[AndroidDriver]&amp#27;[39m Keyboard has no UI; no closing necessary
[debug] &amp#27;[35m[W3C (aad0714c)]&amp#27;[39m Responding to client with driver.hideKeyboard() result: null
&amp#27;[35m[HTTP]&amp#27;[39m &amp#27;[37m<-- POST /wd/hub/session/aad0714c-cfd1-474a-8bd4-3d43ef4925b5/appium/device/hide_keyboard &amp#27;[39m&amp#27;[32m200&amp#27;[39m &amp#27;[90m438 ms - 14&amp#27;[39m
&amp#27;[35m[HTTP]&amp#27;[39m &amp#27;[90m&amp#27;[39m
&amp#27;[35m[HTTP]&amp#27;[39m &amp#27;[37m-->&amp#27;[39m &amp#27;[37mGET&amp#27;[39m &amp#27;[37m/wd/hub/session/aad0714c-cfd1-474a-8bd4-3d43ef4925b5/context&amp#27;[39m
&amp#27;[35m[HTTP]&amp#27;[39m &amp#27;[90m{}&amp#27;[39m
[debug] &amp#27;[35m[W3C (aad0714c)]&amp#27;[39m Calling AppiumDriver.getCurrentContext() with args: ["aad0714c-cfd1-474a-8bd4-3d43ef4925b5"]
[debug] &amp#27;[35m[W3C (aad0714c)]&amp#27;[39m Responding to client with driver.getCurrentContext() result: "NATIVE_APP"
&amp#27;[35m[HTTP]&amp#27;[39m &amp#27;[37m<-- GET /wd/hub/session/aad0714c-cfd1-474a-8bd4-3d43ef4925b5/context &amp#27;[39m&amp#27;[32m200&amp#27;[39m &amp#27;[90m1 ms - 22&amp#27;[39m
&amp#27;[35m[HTTP]&amp#27;[39m &amp#27;[90m&amp#27;[39m
&amp#27;[35m[HTTP]&amp#27;[39m &amp#27;[37m-->&amp#27;[39m &amp#27;[37mPOST&amp#27;[39m &amp#27;[37m/wd/hub/session/aad0714c-cfd1-474a-8bd4-3d43ef4925b5/element&amp#27;[39m
&amp#27;[35m[HTTP]&amp#27;[39m &amp#27;[90m{"using":"xpath","value":"//android.widget.Button[@text='Sign In']"}&amp#27;[39m
[debug] &amp#27;[35m[W3C (aad0714c)]&amp#27;[39m Calling AppiumDriver.findElement() with args: ["xpath","//android.widget.Button[@text='Sign In']","aad0714c-cfd1-474a-8bd4-3d43ef4925b5"]
[debug] &amp#27;[35m[BaseDriver]&amp#27;[39m Valid locator strategies for this request: xpath, id, class name, accessibility id, css selector, -android uiautomator
[debug] &amp#27;[35m[BaseDriver]&amp#27;[39m Waiting up to 50000 ms for condition
[debug] &amp#27;[35m[WD Proxy]&amp#27;[39m Matched '/element' to command name 'findElement'
[debug] &amp#27;[35m[WD Proxy]&amp#27;[39m Proxying [POST /element] to [POST http://127.0.0.1:8201/wd/hub/session/892543ca-6881-402d-bd41-d78c0c766844/element] with body: {"strategy":"xpath","selector":"//android.widget.Button[@text='Sign In']","context":"","multiple":false}
[debug] &amp#27;[35m[WD Proxy]&amp#27;[39m Got response with status 200: {"sessionId":"892543ca-6881-402d-bd41-d78c0c766844","value":{"ELEMENT":"cd6eae01-390e-4941-93f1-31dacbd468aa","element-6066-11e4-a52e-4f735466cecf":"cd6eae01-390e-4941-93f1-31dacbd468aa"}}
[debug] &amp#27;[35m[W3C (aad0714c)]&amp#27;[39m Responding to client with driver.findElement() result: {"element-6066-11e4-a52e-4f735466cecf":"cd6eae01-390e-4941-93f1-31dacbd468aa","ELEMENT":"cd6eae01-390e-4941-93f1-31dacbd468aa"}
&amp#27;[35m[HTTP]&amp#27;[39m &amp#27;[37m<-- POST /wd/hub/session/aad0714c-cfd1-474a-8bd4-3d43ef4925b5/element &amp#27;[39m&amp#27;[32m200&amp#27;[39m &amp#27;[90m338 ms - 137&amp#27;[39m
&amp#27;[35m[HTTP]&amp#27;[39m &amp#27;[90m&amp#27;[39m
&amp#27;[35m[HTTP]&amp#27;[39m &amp#27;[37m-->&amp#27;[39m &amp#27;[37mPOST&amp#27;[39m &amp#27;[37m/wd/hub/session/aad0714c-cfd1-474a-8bd4-3d43ef4925b5/element/cd6eae01-390e-4941-93f1-31dacbd468aa/click&amp#27;[39m
&amp#27;[35m[HTTP]&amp#27;[39m &amp#27;[90m{"id":"cd6eae01-390e-4941-93f1-31dacbd468aa"}&amp#27;[39m
[debug] &amp#27;[35m[W3C (aad0714c)]&amp#27;[39m Calling AppiumDriver.click() with args: ["cd6eae01-390e-4941-93f1-31dacbd468aa","aad0714c-cfd1-474a-8bd4-3d43ef4925b5"]
[debug] &amp#27;[35m[WD Proxy]&amp#27;[39m Matched '/element/cd6eae01-390e-4941-93f1-31dacbd468aa/click' to command name 'click'
[debug] &amp#27;[35m[WD Proxy]&amp#27;[39m Proxying [POST /element/cd6eae01-390e-4941-93f1-31dacbd468aa/click] to [POST http://127.0.0.1:8201/wd/hub/session/892543ca-6881-402d-bd41-d78c0c766844/element/cd6eae01-390e-4941-93f1-31dacbd468aa/click] with body: {"element":"cd6eae01-390e-4941-93f1-31dacbd468aa"}
[debug] &amp#27;[35m[WD Proxy]&amp#27;[39m Got response with status 200: {"sessionId":"892543ca-6881-402d-bd41-d78c0c766844","value":null}
[debug] &amp#27;[35m[W3C (aad0714c)]&amp#27;[39m Responding to client with driver.click() result: null
&amp#27;[35m[HTTP]&amp#27;[39m &amp#27;[37m<-- POST /wd/hub/session/aad0714c-cfd1-474a-8bd4-3d43ef4925b5/element/cd6eae01-390e-4941-93f1-31dacbd468aa/click &amp#27;[39m&amp#27;[32m200&amp#27;[39m &amp#27;[90m149 ms - 14&amp#27;[39m
&amp#27;[35m[HTTP]&amp#27;[39m &amp#27;[90m&amp#27;[39m
&amp#27;[35m[HTTP]&amp#27;[39m &amp#27;[37m-->&amp#27;[39m &amp#27;[37mGET&amp#27;[39m &amp#27;[37m/wd/hub/session/aad0714c-cfd1-474a-8bd4-3d43ef4925b5/context&amp#27;[39m
&amp#27;[35m[HTTP]&amp#27;[39m &amp#27;[90m{}&amp#27;[39m
[debug] &amp#27;[35m[W3C (aad0714c)]&amp#27;[39m Calling AppiumDriver.getCurrentContext() with args: ["aad0714c-cfd1-474a-8bd4-3d43ef4925b5"]
[debug] &amp#27;[35m[W3C (aad0714c)]&amp#27;[39m Responding to client with driver.getCurrentContext() result: "NATIVE_APP"
&amp#27;[35m[HTTP]&amp#27;[39m &amp#27;[37m<-- GET /wd/hub/session/aad0714c-cfd1-474a-8bd4-3d43ef4925b5/context &amp#27;[39m&amp#27;[32m200&amp#27;[39m &amp#27;[90m1 ms - 22&amp#27;[39m
&amp#27;[35m[HTTP]&amp#27;[39m &amp#27;[90m&amp#27;[39m
&amp#27;[35m[HTTP]&amp#27;[39m &amp#27;[37m-->&amp#27;[39m &amp#27;[37mPOST&amp#27;[39m &amp#27;[37m/wd/hub/session/aad0714c-cfd1-474a-8bd4-3d43ef4925b5/element&amp#27;[39m
&amp#27;[35m[HTTP]&amp#27;[39m &amp#27;[90m{"using":"xpath","value":"//android.view.View[1]/android.view.View[3]/android.view.View[1]/android.view.View[1]"}&amp#27;[39m
[debug] &amp#27;[35m[W3C (aad0714c)]&amp#27;[39m Calling AppiumDriver.findElement() with args: ["xpath","//android.view.View[1]/android.view.View[3]/android.view.View[1]/android.view.View[1]","aad0714c-cfd1-474a-8bd4-3d43ef4925b5"]
[debug] &amp#27;[35m[BaseDriver]&amp#27;[39m Valid locator strategies for this request: xpath, id, class name, accessibility id, css selector, -android uiautomator
[debug] &amp#27;[35m[BaseDriver]&amp#27;[39m Waiting up to 50000 ms for condition
[debug] &amp#27;[35m[WD Proxy]&amp#27;[39m Matched '/element' to command name 'findElement'
[debug] &amp#27;[35m[WD Proxy]&amp#27;[39m Proxying [POST /element] to [POST http://127.0.0.1:8201/wd/hub/session/892543ca-6881-402d-bd41-d78c0c766844/element] with body: {"strategy":"xpath","selector":"//android.view.View[1]/android.view.View[3]/android.view.View[1]/android.view.View[1]","context":"","multiple":false}
&amp#27;[35m[WD Proxy]&amp#27;[39m Got response with status 404: {"sessionId":"892543ca-6881-402d-bd41-d78c0c766844","value":{"error":"no such element","message":"An element could not be located on the page using the given search parameters","stacktrace":"io.appium.uiautomator2.common.exceptions.ElementNotFoundException: An element could not be located on the page using the given search parameters\n\tat io.appium.uiautomator2.handler.FindElement.findElement(FindElement.java:89)\n\tat io.appium.uiautomator2.handler.FindElement.safeHandle(FindElement.java:66)\n\tat io.appium.uiautomator2.handler.request.SafeRequestHandler.handle(SafeRequestHandler.java:41)\n\tat io.appium.uiautomator2.server.AppiumServlet.handleRequest(AppiumServlet.java:262)\n\tat io.appium.uiautomator2.server.AppiumServlet.handleHttpRequest(AppiumServlet.java:256)\n\tat io.appium.uiautomator2.http.ServerHandler.channelRead(ServerHandler.java:68)\n\tat io.netty.channel.AbstractChannelHandlerContext.invokeChannelRead(AbstractChannelHandlerContext.java:366)\n\tat io.netty.channel.AbstractChannelHandlerCont...
[debug] &amp#27;[35m[W3C]&amp#27;[39m Matched W3C error code 'no such element' to NoSuchElementError
[debug] &amp#27;[35m[BaseDriver]&amp#27;[39m Waited for 207 ms so far
[debug] &amp#27;[35m[WD Proxy]&amp#27;[39m Matched '/element' to command name 'findElement'
[debug] &amp#27;[35m[WD Proxy]&amp#27;[39m Proxying [POST /element] to [POST http://127.0.0.1:8201/wd/hub/session/892543ca-6881-402d-bd41-d78c0c766844/element] with body: {"strategy":"xpath","selector":"//android.view.View[1]/android.view.View[3]/android.view.View[1]/android.view.View[1]","context":"","multiple":false}
[debug] &amp#27;[35m[WD Proxy]&amp#27;[39m Got response with status 200: {"sessionId":"892543ca-6881-402d-bd41-d78c0c766844","value":{"ELEMENT":"deb253ee-41a9-4b5b-85f7-9403da41d3d5","element-6066-11e4-a52e-4f735466cecf":"deb253ee-41a9-4b5b-85f7-9403da41d3d5"}}
[debug] &amp#27;[35m[W3C (aad0714c)]&amp#27;[39m Responding to client with driver.findElement() result: {"element-6066-11e4-a52e-4f735466cecf":"deb253ee-41a9-4b5b-85f7-9403da41d3d5","ELEMENT":"deb253ee-41a9-4b5b-85f7-9403da41d3d5"}
&amp#27;[35m[HTTP]&amp#27;[39m &amp#27;[37m<-- POST /wd/hub/session/aad0714c-cfd1-474a-8bd4-3d43ef4925b5/element &amp#27;[39m&amp#27;[32m200&amp#27;[39m &amp#27;[90m2440 ms - 137&amp#27;[39m
&amp#27;[35m[HTTP]&amp#27;[39m &amp#27;[90m&amp#27;[39m
&amp#27;[35m[HTTP]&amp#27;[39m &amp#27;[37m-->&amp#27;[39m &amp#27;[37mPOST&amp#27;[39m &amp#27;[37m/wd/hub/session/aad0714c-cfd1-474a-8bd4-3d43ef4925b5/element/deb253ee-41a9-4b5b-85f7-9403da41d3d5/click&amp#27;[39m
&amp#27;[35m[HTTP]&amp#27;[39m &amp#27;[90m{"id":"deb253ee-41a9-4b5b-85f7-9403da41d3d5"}&amp#27;[39m
[debug] &amp#27;[35m[W3C (aad0714c)]&amp#27;[39m Calling AppiumDriver.click() with args: ["deb253ee-41a9-4b5b-85f7-9403da41d3d5","aad0714c-cfd1-474a-8bd4-3d43ef4925b5"]
[debug] &amp#27;[35m[WD Proxy]&amp#27;[39m Matched '/element/deb253ee-41a9-4b5b-85f7-9403da41d3d5/click' to command name 'click'
[debug] &amp#27;[35m[WD Proxy]&amp#27;[39m Proxying [POST /element/deb253ee-41a9-4b5b-85f7-9403da41d3d5/click] to [POST http://127.0.0.1:8201/wd/hub/session/892543ca-6881-402d-bd41-d78c0c766844/element/deb253ee-41a9-4b5b-85f7-9403da41d3d5/click] with body: {"element":"deb253ee-41a9-4b5b-85f7-9403da41d3d5"}
[debug] &amp#27;[35m[WD Proxy]&amp#27;[39m Got response with status 200: {"sessionId":"892543ca-6881-402d-bd41-d78c0c766844","value":null}
[debug] &amp#27;[35m[W3C (aad0714c)]&amp#27;[39m Responding to client with driver.click() result: null
&amp#27;[35m[HTTP]&amp#27;[39m &amp#27;[37m<-- POST /wd/hub/session/aad0714c-cfd1-474a-8bd4-3d43ef4925b5/element/deb253ee-41a9-4b5b-85f7-9403da41d3d5/click &amp#27;[39m&amp#27;[32m200&amp#27;[39m &amp#27;[90m519 ms - 14&amp#27;[39m
&amp#27;[35m[HTTP]&amp#27;[39m &amp#27;[90m&amp#27;[39m
&amp#27;[35m[HTTP]&amp#27;[39m &amp#27;[37m-->&amp#27;[39m &amp#27;[37mGET&amp#27;[39m &amp#27;[37m/wd/hub/session/aad0714c-cfd1-474a-8bd4-3d43ef4925b5/context&amp#27;[39m
&amp#27;[35m[HTTP]&amp#27;[39m &amp#27;[90m{}&amp#27;[39m
[debug] &amp#27;[35m[W3C (aad0714c)]&amp#27;[39m Calling AppiumDriver.getCurrentContext() with args: ["aad0714c-cfd1-474a-8bd4-3d43ef4925b5"]
[debug] &amp#27;[35m[W3C (aad0714c)]&amp#27;[39m Responding to client with driver.getCurrentContext() result: "NATIVE_APP"
&amp#27;[35m[HTTP]&amp#27;[39m &amp#27;[37m<-- GET /wd/hub/session/aad0714c-cfd1-474a-8bd4-3d43ef4925b5/context &amp#27;[39m&amp#27;[32m200&amp#27;[39m &amp#27;[90m1 ms - 22&amp#27;[39m
&amp#27;[35m[HTTP]&amp#27;[39m &amp#27;[90m&amp#27;[39m
&amp#27;[35m[HTTP]&amp#27;[39m &amp#27;[37m-->&amp#27;[39m &amp#27;[37mPOST&amp#27;[39m &amp#27;[37m/wd/hub/session/aad0714c-cfd1-474a-8bd4-3d43ef4925b5/element&amp#27;[39m
&amp#27;[35m[HTTP]&amp#27;[39m &amp#27;[90m{"using":"xpath","value":"//android.widget.TextView[@text='Edit Details']"}&amp#27;[39m
[debug] &amp#27;[35m[W3C (aad0714c)]&amp#27;[39m Calling AppiumDriver.findElement() with args: ["xpath","//android.widget.TextView[@text='Edit Details']","aad0714c-cfd1-474a-8bd4-3d43ef4925b5"]
[debug] &amp#27;[35m[BaseDriver]&amp#27;[39m Valid locator strategies for this request: xpath, id, class name, accessibility id, css selector, -android uiautomator
[debug] &amp#27;[35m[BaseDriver]&amp#27;[39m Waiting up to 50000 ms for condition
[debug] &amp#27;[35m[WD Proxy]&amp#27;[39m Matched '/element' to command name 'findElement'
[debug] &amp#27;[35m[WD Proxy]&amp#27;[39m Proxying [POST /element] to [POST http://127.0.0.1:8201/wd/hub/session/892543ca-6881-402d-bd41-d78c0c766844/element] with body: {"strategy":"xpath","selector":"//android.widget.TextView[@text='Edit Details']","context":"","multiple":false}
&amp#27;[35m[WD Proxy]&amp#27;[39m Got response with status 404: {"sessionId":"892543ca-6881-402d-bd41-d78c0c766844","value":{"error":"no such element","message":"An element could not be located on the page using the given search parameters","stacktrace":"io.appium.uiautomator2.common.exceptions.ElementNotFoundException: An element could not be located on the page using the given search parameters\n\tat io.appium.uiautomator2.handler.FindElement.findElement(FindElement.java:89)\n\tat io.appium.uiautomator2.handler.FindElement.safeHandle(FindElement.java:66)\n\tat io.appium.uiautomator2.handler.request.SafeRequestHandler.handle(SafeRequestHandler.java:41)\n\tat io.appium.uiautomator2.server.AppiumServlet.handleRequest(AppiumServlet.java:262)\n\tat io.appium.uiautomator2.server.AppiumServlet.handleHttpRequest(AppiumServlet.java:256)\n\tat io.appium.uiautomator2.http.ServerHandler.channelRead(ServerHandler.java:68)\n\tat io.netty.channel.AbstractChannelHandlerContext.invokeChannelRead(AbstractChannelHandlerContext.java:366)\n\tat io.netty.channel.AbstractChannelHandlerCont...
[debug] &amp#27;[35m[W3C]&amp#27;[39m Matched W3C error code 'no such element' to NoSuchElementError
[debug] &amp#27;[35m[BaseDriver]&amp#27;[39m Waited for 166 ms so far
[debug] &amp#27;[35m[WD Proxy]&amp#27;[39m Matched '/element' to command name 'findElement'
[debug] &amp#27;[35m[WD Proxy]&amp#27;[39m Proxying [POST /element] to [POST http://127.0.0.1:8201/wd/hub/session/892543ca-6881-402d-bd41-d78c0c766844/element] with body: {"strategy":"xpath","selector":"//android.widget.TextView[@text='Edit Details']","context":"","multiple":false}
[debug] &amp#27;[35m[WD Proxy]&amp#27;[39m Got response with status 200: {"sessionId":"892543ca-6881-402d-bd41-d78c0c766844","value":{"ELEMENT":"1bb49a42-3382-449d-b191-2a86f4c31b8e","element-6066-11e4-a52e-4f735466cecf":"1bb49a42-3382-449d-b191-2a86f4c31b8e"}}
[debug] &amp#27;[35m[W3C (aad0714c)]&amp#27;[39m Responding to client with driver.findElement() result: {"element-6066-11e4-a52e-4f735466cecf":"1bb49a42-3382-449d-b191-2a86f4c31b8e","ELEMENT":"1bb49a42-3382-449d-b191-2a86f4c31b8e"}
&amp#27;[35m[HTTP]&amp#27;[39m &amp#27;[37m<-- POST /wd/hub/session/aad0714c-cfd1-474a-8bd4-3d43ef4925b5/element &amp#27;[39m&amp#27;[32m200&amp#27;[39m &amp#27;[90m855 ms - 137&amp#27;[39m
&amp#27;[35m[HTTP]&amp#27;[39m &amp#27;[90m&amp#27;[39m
&amp#27;[35m[HTTP]&amp#27;[39m &amp#27;[37m-->&amp#27;[39m &amp#27;[37mPOST&amp#27;[39m &amp#27;[37m/wd/hub/session/aad0714c-cfd1-474a-8bd4-3d43ef4925b5/element/1bb49a42-3382-449d-b191-2a86f4c31b8e/click&amp#27;[39m
&amp#27;[35m[HTTP]&amp#27;[39m &amp#27;[90m{"id":"1bb49a42-3382-449d-b191-2a86f4c31b8e"}&amp#27;[39m
[debug] &amp#27;[35m[W3C (aad0714c)]&amp#27;[39m Calling AppiumDriver.click() with args: ["1bb49a42-3382-449d-b191-2a86f4c31b8e","aad0714c-cfd1-474a-8bd4-3d43ef4925b5"]
[debug] &amp#27;[35m[WD Proxy]&amp#27;[39m Matched '/element/1bb49a42-3382-449d-b191-2a86f4c31b8e/click' to command name 'click'
[debug] &amp#27;[35m[WD Proxy]&amp#27;[39m Proxying [POST /element/1bb49a42-3382-449d-b191-2a86f4c31b8e/click] to [POST http://127.0.0.1:8201/wd/hub/session/892543ca-6881-402d-bd41-d78c0c766844/element/1bb49a42-3382-449d-b191-2a86f4c31b8e/click] with body: {"element":"1bb49a42-3382-449d-b191-2a86f4c31b8e"}
[debug] &amp#27;[35m[WD Proxy]&amp#27;[39m Got response with status 200: {"sessionId":"892543ca-6881-402d-bd41-d78c0c766844","value":null}
[debug] &amp#27;[35m[W3C (aad0714c)]&amp#27;[39m Responding to client with driver.click() result: null
&amp#27;[35m[HTTP]&amp#27;[39m &amp#27;[37m<-- POST /wd/hub/session/aad0714c-cfd1-474a-8bd4-3d43ef4925b5/element/1bb49a42-3382-449d-b191-2a86f4c31b8e/click &amp#27;[39m&amp#27;[32m200&amp#27;[39m &amp#27;[90m89 ms - 14&amp#27;[39m
&amp#27;[35m[HTTP]&amp#27;[39m &amp#27;[90m&amp#27;[39m
&amp#27;[35m[HTTP]&amp#27;[39m &amp#27;[37m-->&amp#27;[39m &amp#27;[37mGET&amp#27;[39m &amp#27;[37m/wd/hub/session/aad0714c-cfd1-474a-8bd4-3d43ef4925b5/context&amp#27;[39m
&amp#27;[35m[HTTP]&amp#27;[39m &amp#27;[90m{}&amp#27;[39m
[debug] &amp#27;[35m[W3C (aad0714c)]&amp#27;[39m Calling AppiumDriver.getCurrentContext() with args: ["aad0714c-cfd1-474a-8bd4-3d43ef4925b5"]
[debug] &amp#27;[35m[W3C (aad0714c)]&amp#27;[39m Responding to client with driver.getCurrentContext() result: "NATIVE_APP"
&amp#27;[35m[HTTP]&amp#27;[39m &amp#27;[37m<-- GET /wd/hub/session/aad0714c-cfd1-474a-8bd4-3d43ef4925b5/context &amp#27;[39m&amp#27;[32m200&amp#27;[39m &amp#27;[90m1 ms - 22&amp#27;[39m
&amp#27;[35m[HTTP]&amp#27;[39m &amp#27;[90m&amp#27;[39m
&amp#27;[35m[HTTP]&amp#27;[39m &amp#27;[37m-->&amp#27;[39m &amp#27;[37mPOST&amp#27;[39m &amp#27;[37m/wd/hub/session/aad0714c-cfd1-474a-8bd4-3d43ef4925b5/element&amp#27;[39m
&amp#27;[35m[HTTP]&amp#27;[39m &amp#27;[90m{"using":"xpath","value":"//android.widget.EditText[1]"}&amp#27;[39m
[debug] &amp#27;[35m[W3C (aad0714c)]&amp#27;[39m Calling AppiumDriver.findElement() with args: ["xpath","//android.widget.EditText[1]","aad0714c-cfd1-474a-8bd4-3d43ef4925b5"]
[debug] &amp#27;[35m[BaseDriver]&amp#27;[39m Valid locator strategies for this request: xpath, id, class name, accessibility id, css selector, -android uiautomator
[debug] &amp#27;[35m[BaseDriver]&amp#27;[39m Waiting up to 50000 ms for condition
[debug] &amp#27;[35m[WD Proxy]&amp#27;[39m Matched '/element' to command name 'findElement'
[debug] &amp#27;[35m[WD Proxy]&amp#27;[39m Proxying [POST /element] to [POST http://127.0.0.1:8201/wd/hub/session/892543ca-6881-402d-bd41-d78c0c766844/element] with body: {"strategy":"xpath","selector":"//android.widget.EditText[1]","context":"","multiple":false}
&amp#27;[35m[WD Proxy]&amp#27;[39m Got response with status 404: {"sessionId":"892543ca-6881-402d-bd41-d78c0c766844","value":{"error":"no such element","message":"An element could not be located on the page using the given search parameters","stacktrace":"io.appium.uiautomator2.common.exceptions.ElementNotFoundException: An element could not be located on the page using the given search parameters\n\tat io.appium.uiautomator2.handler.FindElement.findElement(FindElement.java:89)\n\tat io.appium.uiautomator2.handler.FindElement.safeHandle(FindElement.java:66)\n\tat io.appium.uiautomator2.handler.request.SafeRequestHandler.handle(SafeRequestHandler.java:41)\n\tat io.appium.uiautomator2.server.AppiumServlet.handleRequest(AppiumServlet.java:262)\n\tat io.appium.uiautomator2.server.AppiumServlet.handleHttpRequest(AppiumServlet.java:256)\n\tat io.appium.uiautomator2.http.ServerHandler.channelRead(ServerHandler.java:68)\n\tat io.netty.channel.AbstractChannelHandlerContext.invokeChannelRead(AbstractChannelHandlerContext.java:366)\n\tat io.netty.channel.AbstractChannelHandlerCont...
[debug] &amp#27;[35m[W3C]&amp#27;[39m Matched W3C error code 'no such element' to NoSuchElementError
[debug] &amp#27;[35m[BaseDriver]&amp#27;[39m Waited for 242 ms so far
[debug] &amp#27;[35m[WD Proxy]&amp#27;[39m Matched '/element' to command name 'findElement'
[debug] &amp#27;[35m[WD Proxy]&amp#27;[39m Proxying [POST /element] to [POST http://127.0.0.1:8201/wd/hub/session/892543ca-6881-402d-bd41-d78c0c766844/element] with body: {"strategy":"xpath","selector":"//android.widget.EditText[1]","context":"","multiple":false}
[debug] &amp#27;[35m[WD Proxy]&amp#27;[39m Got response with status 200: {"sessionId":"892543ca-6881-402d-bd41-d78c0c766844","value":{"ELEMENT":"f90706a9-f724-4d85-9ce9-96d964f21a9e","element-6066-11e4-a52e-4f735466cecf":"f90706a9-f724-4d85-9ce9-96d964f21a9e"}}
[debug] &amp#27;[35m[W3C (aad0714c)]&amp#27;[39m Responding to client with driver.findElement() result: {"element-6066-11e4-a52e-4f735466cecf":"f90706a9-f724-4d85-9ce9-96d964f21a9e","ELEMENT":"f90706a9-f724-4d85-9ce9-96d964f21a9e"}
&amp#27;[35m[HTTP]&amp#27;[39m &amp#27;[37m<-- POST /wd/hub/session/aad0714c-cfd1-474a-8bd4-3d43ef4925b5/element &amp#27;[39m&amp#27;[32m200&amp#27;[39m &amp#27;[90m1175 ms - 137&amp#27;[39m
&amp#27;[35m[HTTP]&amp#27;[39m &amp#27;[90m&amp#27;[39m
&amp#27;[35m[HTTP]&amp#27;[39m &amp#27;[37m-->&amp#27;[39m &amp#27;[37mPOST&amp#27;[39m &amp#27;[37m/wd/hub/session/aad0714c-cfd1-474a-8bd4-3d43ef4925b5/element/f90706a9-f724-4d85-9ce9-96d964f21a9e/click&amp#27;[39m
&amp#27;[35m[HTTP]&amp#27;[39m &amp#27;[90m{"id":"f90706a9-f724-4d85-9ce9-96d964f21a9e"}&amp#27;[39m
[debug] &amp#27;[35m[W3C (aad0714c)]&amp#27;[39m Calling AppiumDriver.click() with args: ["f90706a9-f724-4d85-9ce9-96d964f21a9e","aad0714c-cfd1-474a-8bd4-3d43ef4925b5"]
[debug] &amp#27;[35m[WD Proxy]&amp#27;[39m Matched '/element/f90706a9-f724-4d85-9ce9-96d964f21a9e/click' to command name 'click'
[debug] &amp#27;[35m[WD Proxy]&amp#27;[39m Proxying [POST /element/f90706a9-f724-4d85-9ce9-96d964f21a9e/click] to [POST http://127.0.0.1:8201/wd/hub/session/892543ca-6881-402d-bd41-d78c0c766844/element/f90706a9-f724-4d85-9ce9-96d964f21a9e/click] with body: {"element":"f90706a9-f724-4d85-9ce9-96d964f21a9e"}
[debug] &amp#27;[35m[WD Proxy]&amp#27;[39m Got response with status 200: {"sessionId":"892543ca-6881-402d-bd41-d78c0c766844","value":null}
[debug] &amp#27;[35m[W3C (aad0714c)]&amp#27;[39m Responding to client with driver.click() result: null
&amp#27;[35m[HTTP]&amp#27;[39m &amp#27;[37m<-- POST /wd/hub/session/aad0714c-cfd1-474a-8bd4-3d43ef4925b5/element/f90706a9-f724-4d85-9ce9-96d964f21a9e/click &amp#27;[39m&amp#27;[32m200&amp#27;[39m &amp#27;[90m75 ms - 14&amp#27;[39m
&amp#27;[35m[HTTP]&amp#27;[39m &amp#27;[90m&amp#27;[39m
&amp#27;[35m[HTTP]&amp#27;[39m &amp#27;[37m-->&amp#27;[39m &amp#27;[37mGET&amp#27;[39m &amp#27;[37m/wd/hub/session/aad0714c-cfd1-474a-8bd4-3d43ef4925b5/context&amp#27;[39m
&amp#27;[35m[HTTP]&amp#27;[39m &amp#27;[90m{}&amp#27;[39m
[debug] &amp#27;[35m[W3C (aad0714c)]&amp#27;[39m Calling AppiumDriver.getCurrentContext() with args: ["aad0714c-cfd1-474a-8bd4-3d43ef4925b5"]
[debug] &amp#27;[35m[W3C (aad0714c)]&amp#27;[39m Responding to client with driver.getCurrentContext() result: "NATIVE_APP"
&amp#27;[35m[HTTP]&amp#27;[39m &amp#27;[37m<-- GET /wd/hub/session/aad0714c-cfd1-474a-8bd4-3d43ef4925b5/context &amp#27;[39m&amp#27;[32m200&amp#27;[39m &amp#27;[90m1 ms - 22&amp#27;[39m
&amp#27;[35m[HTTP]&amp#27;[39m &amp#27;[90m&amp#27;[39m
&amp#27;[35m[HTTP]&amp#27;[39m &amp#27;[37m-->&amp#27;[39m &amp#27;[37mPOST&amp#27;[39m &amp#27;[37m/wd/hub/session/aad0714c-cfd1-474a-8bd4-3d43ef4925b5/element&amp#27;[39m
&amp#27;[35m[HTTP]&amp#27;[39m &amp#27;[90m{"using":"xpath","value":"//android.widget.EditText[1]"}&amp#27;[39m
[debug] &amp#27;[35m[W3C (aad0714c)]&amp#27;[39m Calling AppiumDriver.findElement() with args: ["xpath","//android.widget.EditText[1]","aad0714c-cfd1-474a-8bd4-3d43ef4925b5"]
[debug] &amp#27;[35m[BaseDriver]&amp#27;[39m Valid locator strategies for this request: xpath, id, class name, accessibility id, css selector, -android uiautomator
[debug] &amp#27;[35m[BaseDriver]&amp#27;[39m Waiting up to 50000 ms for condition
[debug] &amp#27;[35m[WD Proxy]&amp#27;[39m Matched '/element' to command name 'findElement'
[debug] &amp#27;[35m[WD Proxy]&amp#27;[39m Proxying [POST /element] to [POST http://127.0.0.1:8201/wd/hub/session/892543ca-6881-402d-bd41-d78c0c766844/element] with body: {"strategy":"xpath","selector":"//android.widget.EditText[1]","context":"","multiple":false}
[debug] &amp#27;[35m[WD Proxy]&amp#27;[39m Got response with status 200: {"sessionId":"892543ca-6881-402d-bd41-d78c0c766844","value":{"ELEMENT":"7bdcf785-0c44-4d7e-b98e-bf9a3a82edc0","element-6066-11e4-a52e-4f735466cecf":"7bdcf785-0c44-4d7e-b98e-bf9a3a82edc0"}}
[debug] &amp#27;[35m[W3C (aad0714c)]&amp#27;[39m Responding to client with driver.findElement() result: {"element-6066-11e4-a52e-4f735466cecf":"7bdcf785-0c44-4d7e-b98e-bf9a3a82edc0","ELEMENT":"7bdcf785-0c44-4d7e-b98e-bf9a3a82edc0"}
&amp#27;[35m[HTTP]&amp#27;[39m &amp#27;[37m<-- POST /wd/hub/session/aad0714c-cfd1-474a-8bd4-3d43ef4925b5/element &amp#27;[39m&amp#27;[32m200&amp#27;[39m &amp#27;[90m290 ms - 137&amp#27;[39m
&amp#27;[35m[HTTP]&amp#27;[39m &amp#27;[90m&amp#27;[39m
&amp#27;[35m[HTTP]&amp#27;[39m &amp#27;[37m-->&amp#27;[39m &amp#27;[37mPOST&amp#27;[39m &amp#27;[37m/wd/hub/session/aad0714c-cfd1-474a-8bd4-3d43ef4925b5/element/7bdcf785-0c44-4d7e-b98e-bf9a3a82edc0/clear&amp#27;[39m
&amp#27;[35m[HTTP]&amp#27;[39m &amp#27;[90m{"id":"7bdcf785-0c44-4d7e-b98e-bf9a3a82edc0"}&amp#27;[39m
[debug] &amp#27;[35m[W3C (aad0714c)]&amp#27;[39m Calling AppiumDriver.clear() with args: ["7bdcf785-0c44-4d7e-b98e-bf9a3a82edc0","aad0714c-cfd1-474a-8bd4-3d43ef4925b5"]
[debug] &amp#27;[35m[WD Proxy]&amp#27;[39m Matched '/element/7bdcf785-0c44-4d7e-b98e-bf9a3a82edc0/clear' to command name 'clear'
[debug] &amp#27;[35m[WD Proxy]&amp#27;[39m Proxying [POST /element/7bdcf785-0c44-4d7e-b98e-bf9a3a82edc0/clear] to [POST http://127.0.0.1:8201/wd/hub/session/892543ca-6881-402d-bd41-d78c0c766844/element/7bdcf785-0c44-4d7e-b98e-bf9a3a82edc0/clear] with body: {"elementId":"7bdcf785-0c44-4d7e-b98e-bf9a3a82edc0"}
[debug] &amp#27;[35m[WD Proxy]&amp#27;[39m Got response with status 200: {"sessionId":"892543ca-6881-402d-bd41-d78c0c766844","value":null}
[debug] &amp#27;[35m[W3C (aad0714c)]&amp#27;[39m Responding to client with driver.clear() result: null
&amp#27;[35m[HTTP]&amp#27;[39m &amp#27;[37m<-- POST /wd/hub/session/aad0714c-cfd1-474a-8bd4-3d43ef4925b5/element/7bdcf785-0c44-4d7e-b98e-bf9a3a82edc0/clear &amp#27;[39m&amp#27;[32m200&amp#27;[39m &amp#27;[90m2119 ms - 14&amp#27;[39m
&amp#27;[35m[HTTP]&amp#27;[39m &amp#27;[90m&amp#27;[39m
&amp#27;[35m[HTTP]&amp#27;[39m &amp#27;[37m-->&amp#27;[39m &amp#27;[37mGET&amp#27;[39m &amp#27;[37m/wd/hub/session/aad0714c-cfd1-474a-8bd4-3d43ef4925b5/context&amp#27;[39m
&amp#27;[35m[HTTP]&amp#27;[39m &amp#27;[90m{}&amp#27;[39m
[debug] &amp#27;[35m[W3C (aad0714c)]&amp#27;[39m Calling AppiumDriver.getCurrentContext() with args: ["aad0714c-cfd1-474a-8bd4-3d43ef4925b5"]
[debug] &amp#27;[35m[W3C (aad0714c)]&amp#27;[39m Responding to client with driver.getCurrentContext() result: "NATIVE_APP"
&amp#27;[35m[HTTP]&amp#27;[39m &amp#27;[37m<-- GET /wd/hub/session/aad0714c-cfd1-474a-8bd4-3d43ef4925b5/context &amp#27;[39m&amp#27;[32m200&amp#27;[39m &amp#27;[90m1 ms - 22&amp#27;[39m
&amp#27;[35m[HTTP]&amp#27;[39m &amp#27;[90m&amp#27;[39m
&amp#27;[35m[HTTP]&amp#27;[39m &amp#27;[37m-->&amp#27;[39m &amp#27;[37mPOST&amp#27;[39m &amp#27;[37m/wd/hub/session/aad0714c-cfd1-474a-8bd4-3d43ef4925b5/element&amp#27;[39m
&amp#27;[35m[HTTP]&amp#27;[39m &amp#27;[90m{"using":"xpath","value":"//android.widget.EditText[1]"}&amp#27;[39m
[debug] &amp#27;[35m[W3C (aad0714c)]&amp#27;[39m Calling AppiumDriver.findElement() with args: ["xpath","//android.widget.EditText[1]","aad0714c-cfd1-474a-8bd4-3d43ef4925b5"]
[debug] &amp#27;[35m[BaseDriver]&amp#27;[39m Valid locator strategies for this request: xpath, id, class name, accessibility id, css selector, -android uiautomator
[debug] &amp#27;[35m[BaseDriver]&amp#27;[39m Waiting up to 50000 ms for condition
[debug] &amp#27;[35m[WD Proxy]&amp#27;[39m Matched '/element' to command name 'findElement'
[debug] &amp#27;[35m[WD Proxy]&amp#27;[39m Proxying [POST /element] to [POST http://127.0.0.1:8201/wd/hub/session/892543ca-6881-402d-bd41-d78c0c766844/element] with body: {"strategy":"xpath","selector":"//android.widget.EditText[1]","context":"","multiple":false}
[debug] &amp#27;[35m[WD Proxy]&amp#27;[39m Got response with status 200: {"sessionId":"892543ca-6881-402d-bd41-d78c0c766844","value":{"ELEMENT":"c75bc55d-c49b-4fad-9816-354f22fe68df","element-6066-11e4-a52e-4f735466cecf":"c75bc55d-c49b-4fad-9816-354f22fe68df"}}
[debug] &amp#27;[35m[W3C (aad0714c)]&amp#27;[39m Responding to client with driver.findElement() result: {"element-6066-11e4-a52e-4f735466cecf":"c75bc55d-c49b-4fad-9816-354f22fe68df","ELEMENT":"c75bc55d-c49b-4fad-9816-354f22fe68df"}
&amp#27;[35m[HTTP]&amp#27;[39m &amp#27;[37m<-- POST /wd/hub/session/aad0714c-cfd1-474a-8bd4-3d43ef4925b5/element &amp#27;[39m&amp#27;[32m200&amp#27;[39m &amp#27;[90m1006 ms - 137&amp#27;[39m
&amp#27;[35m[HTTP]&amp#27;[39m &amp#27;[90m&amp#27;[39m
&amp#27;[35m[HTTP]&amp#27;[39m &amp#27;[37m-->&amp#27;[39m &amp#27;[37mPOST&amp#27;[39m &amp#27;[37m/wd/hub/session/aad0714c-cfd1-474a-8bd4-3d43ef4925b5/element/c75bc55d-c49b-4fad-9816-354f22fe68df/value&amp#27;[39m
&amp#27;[35m[HTTP]&amp#27;[39m &amp#27;[90m{"id":"c75bc55d-c49b-4fad-9816-354f22fe68df","text":"Fayaz","value":["F","a","y","a","z"]}&amp#27;[39m
[debug] &amp#27;[35m[W3C (aad0714c)]&amp#27;[39m Calling AppiumDriver.setValue() with args: [["F","a","y","a","z"],"c75bc55d-c49b-4fad-9816-354f22fe68df","aad0714c-cfd1-474a-8bd4-3d43ef4925b5"]
[debug] &amp#27;[35m[WD Proxy]&amp#27;[39m Matched '/element/c75bc55d-c49b-4fad-9816-354f22fe68df/value' to command name 'setValue'
[debug] &amp#27;[35m[Protocol Converter]&amp#27;[39m Added 'value' property ["F","a","y","a","z"] to 'setValue' request body
[debug] &amp#27;[35m[WD Proxy]&amp#27;[39m Proxying [POST /element/c75bc55d-c49b-4fad-9816-354f22fe68df/value] to [POST http://127.0.0.1:8201/wd/hub/session/892543ca-6881-402d-bd41-d78c0c766844/element/c75bc55d-c49b-4fad-9816-354f22fe68df/value] with body: {"elementId":"c75bc55d-c49b-4fad-9816-354f22fe68df","text":"Fayaz","replace":false,"value":["F","a","y","a","z"]}
[debug] &amp#27;[35m[WD Proxy]&amp#27;[39m Got response with status 200: {"sessionId":"892543ca-6881-402d-bd41-d78c0c766844","value":null}
[debug] &amp#27;[35m[W3C (aad0714c)]&amp#27;[39m Responding to client with driver.setValue() result: null
&amp#27;[35m[HTTP]&amp#27;[39m &amp#27;[37m<-- POST /wd/hub/session/aad0714c-cfd1-474a-8bd4-3d43ef4925b5/element/c75bc55d-c49b-4fad-9816-354f22fe68df/value &amp#27;[39m&amp#27;[32m200&amp#27;[39m &amp#27;[90m30 ms - 14&amp#27;[39m
&amp#27;[35m[HTTP]&amp#27;[39m &amp#27;[90m&amp#27;[39m
&amp#27;[35m[HTTP]&amp#27;[39m &amp#27;[37m-->&amp#27;[39m &amp#27;[37mPOST&amp#27;[39m &amp#27;[37m/wd/hub/session/aad0714c-cfd1-474a-8bd4-3d43ef4925b5/appium/device/hide_keyboard&amp#27;[39m
&amp#27;[35m[HTTP]&amp#27;[39m &amp#27;[90m{}&amp#27;[39m
[debug] &amp#27;[35m[W3C (aad0714c)]&amp#27;[39m Calling AppiumDriver.hideKeyboard() with args: [null,null,null,null,"aad0714c-cfd1-474a-8bd4-3d43ef4925b5"]
[debug] &amp#27;[35m[ADB]&amp#27;[39m Running 'C:\Users\Fayaz\AppData\Local\Android\Sdk\platform-tools\adb.exe -P 5037 -s emulator-5554 shell dumpsys input_method'
[debug] &amp#27;[35m[ADB]&amp#27;[39m Running 'C:\Users\Fayaz\AppData\Local\Android\Sdk\platform-tools\adb.exe -P 5037 -s emulator-5554 shell input keyevent 111'
[debug] &amp#27;[35m[ADB]&amp#27;[39m Running 'C:\Users\Fayaz\AppData\Local\Android\Sdk\platform-tools\adb.exe -P 5037 -s emulator-5554 shell dumpsys input_method'
[debug] &amp#27;[35m[ADB]&amp#27;[39m Running 'C:\Users\Fayaz\AppData\Local\Android\Sdk\platform-tools\adb.exe -P 5037 -s emulator-5554 shell dumpsys input_method'
[debug] &amp#27;[35m[ADB]&amp#27;[39m Running 'C:\Users\Fayaz\AppData\Local\Android\Sdk\platform-tools\adb.exe -P 5037 -s emulator-5554 shell input keyevent 4'
[debug] &amp#27;[35m[ADB]&amp#27;[39m Running 'C:\Users\Fayaz\AppData\Local\Android\Sdk\platform-tools\adb.exe -P 5037 -s emulator-5554 shell dumpsys input_method'
[debug] &amp#27;[35m[W3C (aad0714c)]&amp#27;[39m Responding to client with driver.hideKeyboard() result: true
&amp#27;[35m[HTTP]&amp#27;[39m &amp#27;[37m<-- POST /wd/hub/session/aad0714c-cfd1-474a-8bd4-3d43ef4925b5/appium/device/hide_keyboard &amp#27;[39m&amp#27;[32m200&amp#27;[39m &amp#27;[90m4185 ms - 14&amp#27;[39m
&amp#27;[35m[HTTP]&amp#27;[39m &amp#27;[90m&amp#27;[39m
&amp#27;[35m[HTTP]&amp#27;[39m &amp#27;[37m-->&amp#27;[39m &amp#27;[37mGET&amp#27;[39m &amp#27;[37m/wd/hub/session/aad0714c-cfd1-474a-8bd4-3d43ef4925b5/context&amp#27;[39m
&amp#27;[35m[HTTP]&amp#27;[39m &amp#27;[90m{}&amp#27;[39m
[debug] &amp#27;[35m[W3C (aad0714c)]&amp#27;[39m Calling AppiumDriver.getCurrentContext() with args: ["aad0714c-cfd1-474a-8bd4-3d43ef4925b5"]
[debug] &amp#27;[35m[W3C (aad0714c)]&amp#27;[39m Responding to client with driver.getCurrentContext() result: "NATIVE_APP"
&amp#27;[35m[HTTP]&amp#27;[39m &amp#27;[37m<-- GET /wd/hub/session/aad0714c-cfd1-474a-8bd4-3d43ef4925b5/context &amp#27;[39m&amp#27;[32m200&amp#27;[39m &amp#27;[90m1 ms - 22&amp#27;[39m
&amp#27;[35m[HTTP]&amp#27;[39m &amp#27;[90m&amp#27;[39m
&amp#27;[35m[HTTP]&amp#27;[39m &amp#27;[37m-->&amp#27;[39m &amp#27;[37mPOST&amp#27;[39m &amp#27;[37m/wd/hub/session/aad0714c-cfd1-474a-8bd4-3d43ef4925b5/element&amp#27;[39m
&amp#27;[35m[HTTP]&amp#27;[39m &amp#27;[90m{"using":"xpath","value":"//android.widget.EditText[2]"}&amp#27;[39m
[debug] &amp#27;[35m[W3C (aad0714c)]&amp#27;[39m Calling AppiumDriver.findElement() with args: ["xpath","//android.widget.EditText[2]","aad0714c-cfd1-474a-8bd4-3d43ef4925b5"]
[debug] &amp#27;[35m[BaseDriver]&amp#27;[39m Valid locator strategies for this request: xpath, id, class name, accessibility id, css selector, -android uiautomator
[debug] &amp#27;[35m[BaseDriver]&amp#27;[39m Waiting up to 50000 ms for condition
[debug] &amp#27;[35m[WD Proxy]&amp#27;[39m Matched '/element' to command name 'findElement'
[debug] &amp#27;[35m[WD Proxy]&amp#27;[39m Proxying [POST /element] to [POST http://127.0.0.1:8201/wd/hub/session/892543ca-6881-402d-bd41-d78c0c766844/element] with body: {"strategy":"xpath","selector":"//android.widget.EditText[2]","context":"","multiple":false}
[debug] &amp#27;[35m[WD Proxy]&amp#27;[39m Got response with status 200: {"sessionId":"892543ca-6881-402d-bd41-d78c0c766844","value":{"ELEMENT":"4affb406-12a7-4635-b9e1-f0ae89a294b7","element-6066-11e4-a52e-4f735466cecf":"4affb406-12a7-4635-b9e1-f0ae89a294b7"}}
[debug] &amp#27;[35m[W3C (aad0714c)]&amp#27;[39m Responding to client with driver.findElement() result: {"element-6066-11e4-a52e-4f735466cecf":"4affb406-12a7-4635-b9e1-f0ae89a294b7","ELEMENT":"4affb406-12a7-4635-b9e1-f0ae89a294b7"}
&amp#27;[35m[HTTP]&amp#27;[39m &amp#27;[37m<-- POST /wd/hub/session/aad0714c-cfd1-474a-8bd4-3d43ef4925b5/element &amp#27;[39m&amp#27;[32m200&amp#27;[39m &amp#27;[90m49 ms - 137&amp#27;[39m
&amp#27;[35m[HTTP]&amp#27;[39m &amp#27;[90m&amp#27;[39m
&amp#27;[35m[HTTP]&amp#27;[39m &amp#27;[37m-->&amp#27;[39m &amp#27;[37mPOST&amp#27;[39m &amp#27;[37m/wd/hub/session/aad0714c-cfd1-474a-8bd4-3d43ef4925b5/element/4affb406-12a7-4635-b9e1-f0ae89a294b7/click&amp#27;[39m
&amp#27;[35m[HTTP]&amp#27;[39m &amp#27;[90m{"id":"4affb406-12a7-4635-b9e1-f0ae89a294b7"}&amp#27;[39m
[debug] &amp#27;[35m[W3C (aad0714c)]&amp#27;[39m Calling AppiumDriver.click() with args: ["4affb406-12a7-4635-b9e1-f0ae89a294b7","aad0714c-cfd1-474a-8bd4-3d43ef4925b5"]
[debug] &amp#27;[35m[WD Proxy]&amp#27;[39m Matched '/element/4affb406-12a7-4635-b9e1-f0ae89a294b7/click' to command name 'click'
[debug] &amp#27;[35m[WD Proxy]&amp#27;[39m Proxying [POST /element/4affb406-12a7-4635-b9e1-f0ae89a294b7/click] to [POST http://127.0.0.1:8201/wd/hub/session/892543ca-6881-402d-bd41-d78c0c766844/element/4affb406-12a7-4635-b9e1-f0ae89a294b7/click] with body: {"element":"4affb406-12a7-4635-b9e1-f0ae89a294b7"}
[debug] &amp#27;[35m[WD Proxy]&amp#27;[39m Got response with status 200: {"sessionId":"892543ca-6881-402d-bd41-d78c0c766844","value":null}
[debug] &amp#27;[35m[W3C (aad0714c)]&amp#27;[39m Responding to client with driver.click() result: null
&amp#27;[35m[HTTP]&amp#27;[39m &amp#27;[37m<-- POST /wd/hub/session/aad0714c-cfd1-474a-8bd4-3d43ef4925b5/element/4affb406-12a7-4635-b9e1-f0ae89a294b7/click &amp#27;[39m&amp#27;[32m200&amp#27;[39m &amp#27;[90m84 ms - 14&amp#27;[39m
&amp#27;[35m[HTTP]&amp#27;[39m &amp#27;[90m&amp#27;[39m
&amp#27;[35m[HTTP]&amp#27;[39m &amp#27;[37m-->&amp#27;[39m &amp#27;[37mGET&amp#27;[39m &amp#27;[37m/wd/hub/session/aad0714c-cfd1-474a-8bd4-3d43ef4925b5/context&amp#27;[39m
&amp#27;[35m[HTTP]&amp#27;[39m &amp#27;[90m{}&amp#27;[39m
[debug] &amp#27;[35m[W3C (aad0714c)]&amp#27;[39m Calling AppiumDriver.getCurrentContext() with args: ["aad0714c-cfd1-474a-8bd4-3d43ef4925b5"]
[debug] &amp#27;[35m[W3C (aad0714c)]&amp#27;[39m Responding to client with driver.getCurrentContext() result: "NATIVE_APP"
&amp#27;[35m[HTTP]&amp#27;[39m &amp#27;[37m<-- GET /wd/hub/session/aad0714c-cfd1-474a-8bd4-3d43ef4925b5/context &amp#27;[39m&amp#27;[32m200&amp#27;[39m &amp#27;[90m2 ms - 22&amp#27;[39m
&amp#27;[35m[HTTP]&amp#27;[39m &amp#27;[90m&amp#27;[39m
&amp#27;[35m[HTTP]&amp#27;[39m &amp#27;[37m-->&amp#27;[39m &amp#27;[37mPOST&amp#27;[39m &amp#27;[37m/wd/hub/session/aad0714c-cfd1-474a-8bd4-3d43ef4925b5/element&amp#27;[39m
&amp#27;[35m[HTTP]&amp#27;[39m &amp#27;[90m{"using":"xpath","value":"//android.widget.EditText[2]"}&amp#27;[39m
[debug] &amp#27;[35m[W3C (aad0714c)]&amp#27;[39m Calling AppiumDriver.findElement() with args: ["xpath","//android.widget.EditText[2]","aad0714c-cfd1-474a-8bd4-3d43ef4925b5"]
[debug] &amp#27;[35m[BaseDriver]&amp#27;[39m Valid locator strategies for this request: xpath, id, class name, accessibility id, css selector, -android uiautomator
[debug] &amp#27;[35m[BaseDriver]&amp#27;[39m Waiting up to 50000 ms for condition
[debug] &amp#27;[35m[WD Proxy]&amp#27;[39m Matched '/element' to command name 'findElement'
[debug] &amp#27;[35m[WD Proxy]&amp#27;[39m Proxying [POST /element] to [POST http://127.0.0.1:8201/wd/hub/session/892543ca-6881-402d-bd41-d78c0c766844/element] with body: {"strategy":"xpath","selector":"//android.widget.EditText[2]","context":"","multiple":false}
[debug] &amp#27;[35m[WD Proxy]&amp#27;[39m Got response with status 200: {"sessionId":"892543ca-6881-402d-bd41-d78c0c766844","value":{"ELEMENT":"22bbc596-e170-49a3-8182-2ebdab4a89fe","element-6066-11e4-a52e-4f735466cecf":"22bbc596-e170-49a3-8182-2ebdab4a89fe"}}
[debug] &amp#27;[35m[W3C (aad0714c)]&amp#27;[39m Responding to client with driver.findElement() result: {"element-6066-11e4-a52e-4f735466cecf":"22bbc596-e170-49a3-8182-2ebdab4a89fe","ELEMENT":"22bbc596-e170-49a3-8182-2ebdab4a89fe"}
&amp#27;[35m[HTTP]&amp#27;[39m &amp#27;[37m<-- POST /wd/hub/session/aad0714c-cfd1-474a-8bd4-3d43ef4925b5/element &amp#27;[39m&amp#27;[32m200&amp#27;[39m &amp#27;[90m292 ms - 137&amp#27;[39m
&amp#27;[35m[HTTP]&amp#27;[39m &amp#27;[90m&amp#27;[39m
&amp#27;[35m[HTTP]&amp#27;[39m &amp#27;[37m-->&amp#27;[39m &amp#27;[37mPOST&amp#27;[39m &amp#27;[37m/wd/hub/session/aad0714c-cfd1-474a-8bd4-3d43ef4925b5/element/22bbc596-e170-49a3-8182-2ebdab4a89fe/clear&amp#27;[39m
&amp#27;[35m[HTTP]&amp#27;[39m &amp#27;[90m{"id":"22bbc596-e170-49a3-8182-2ebdab4a89fe"}&amp#27;[39m
[debug] &amp#27;[35m[W3C (aad0714c)]&amp#27;[39m Calling AppiumDriver.clear() with args: ["22bbc596-e170-49a3-8182-2ebdab4a89fe","aad0714c-cfd1-474a-8bd4-3d43ef4925b5"]
[debug] &amp#27;[35m[WD Proxy]&amp#27;[39m Matched '/element/22bbc596-e170-49a3-8182-2ebdab4a89fe/clear' to command name 'clear'
[debug] &amp#27;[35m[WD Proxy]&amp#27;[39m Proxying [POST /element/22bbc596-e170-49a3-8182-2ebdab4a89fe/clear] to [POST http://127.0.0.1:8201/wd/hub/session/892543ca-6881-402d-bd41-d78c0c766844/element/22bbc596-e170-49a3-8182-2ebdab4a89fe/clear] with body: {"elementId":"22bbc596-e170-49a3-8182-2ebdab4a89fe"}
[debug] &amp#27;[35m[WD Proxy]&amp#27;[39m Got response with status 200: {"sessionId":"892543ca-6881-402d-bd41-d78c0c766844","value":null}
[debug] &amp#27;[35m[W3C (aad0714c)]&amp#27;[39m Responding to client with driver.clear() result: null
&amp#27;[35m[HTTP]&amp#27;[39m &amp#27;[37m<-- POST /wd/hub/session/aad0714c-cfd1-474a-8bd4-3d43ef4925b5/element/22bbc596-e170-49a3-8182-2ebdab4a89fe/clear &amp#27;[39m&amp#27;[32m200&amp#27;[39m &amp#27;[90m1799 ms - 14&amp#27;[39m
&amp#27;[35m[HTTP]&amp#27;[39m &amp#27;[90m&amp#27;[39m
&amp#27;[35m[HTTP]&amp#27;[39m &amp#27;[37m-->&amp#27;[39m &amp#27;[37mGET&amp#27;[39m &amp#27;[37m/wd/hub/session/aad0714c-cfd1-474a-8bd4-3d43ef4925b5/context&amp#27;[39m
&amp#27;[35m[HTTP]&amp#27;[39m &amp#27;[90m{}&amp#27;[39m
[debug] &amp#27;[35m[W3C (aad0714c)]&amp#27;[39m Calling AppiumDriver.getCurrentContext() with args: ["aad0714c-cfd1-474a-8bd4-3d43ef4925b5"]
[debug] &amp#27;[35m[W3C (aad0714c)]&amp#27;[39m Responding to client with driver.getCurrentContext() result: "NATIVE_APP"
&amp#27;[35m[HTTP]&amp#27;[39m &amp#27;[37m<-- GET /wd/hub/session/aad0714c-cfd1-474a-8bd4-3d43ef4925b5/context &amp#27;[39m&amp#27;[32m200&amp#27;[39m &amp#27;[90m1 ms - 22&amp#27;[39m
&amp#27;[35m[HTTP]&amp#27;[39m &amp#27;[90m&amp#27;[39m
&amp#27;[35m[HTTP]&amp#27;[39m &amp#27;[37m-->&amp#27;[39m &amp#27;[37mPOST&amp#27;[39m &amp#27;[37m/wd/hub/session/aad0714c-cfd1-474a-8bd4-3d43ef4925b5/element&amp#27;[39m
&amp#27;[35m[HTTP]&amp#27;[39m &amp#27;[90m{"using":"xpath","value":"//android.widget.EditText[2]"}&amp#27;[39m
[debug] &amp#27;[35m[W3C (aad0714c)]&amp#27;[39m Calling AppiumDriver.findElement() with args: ["xpath","//android.widget.EditText[2]","aad0714c-cfd1-474a-8bd4-3d43ef4925b5"]
[debug] &amp#27;[35m[BaseDriver]&amp#27;[39m Valid locator strategies for this request: xpath, id, class name, accessibility id, css selector, -android uiautomator
[debug] &amp#27;[35m[BaseDriver]&amp#27;[39m Waiting up to 50000 ms for condition
[debug] &amp#27;[35m[WD Proxy]&amp#27;[39m Matched '/element' to command name 'findElement'
[debug] &amp#27;[35m[WD Proxy]&amp#27;[39m Proxying [POST /element] to [POST http://127.0.0.1:8201/wd/hub/session/892543ca-6881-402d-bd41-d78c0c766844/element] with body: {"strategy":"xpath","selector":"//android.widget.EditText[2]","context":"","multiple":false}
[debug] &amp#27;[35m[WD Proxy]&amp#27;[39m Got response with status 200: {"sessionId":"892543ca-6881-402d-bd41-d78c0c766844","value":{"ELEMENT":"ea11eed6-efd0-4555-92a1-3e1f7846f670","element-6066-11e4-a52e-4f735466cecf":"ea11eed6-efd0-4555-92a1-3e1f7846f670"}}
[debug] &amp#27;[35m[W3C (aad0714c)]&amp#27;[39m Responding to client with driver.findElement() result: {"element-6066-11e4-a52e-4f735466cecf":"ea11eed6-efd0-4555-92a1-3e1f7846f670","ELEMENT":"ea11eed6-efd0-4555-92a1-3e1f7846f670"}
&amp#27;[35m[HTTP]&amp#27;[39m &amp#27;[37m<-- POST /wd/hub/session/aad0714c-cfd1-474a-8bd4-3d43ef4925b5/element &amp#27;[39m&amp#27;[32m200&amp#27;[39m &amp#27;[90m232 ms - 137&amp#27;[39m
&amp#27;[35m[HTTP]&amp#27;[39m &amp#27;[90m&amp#27;[39m
&amp#27;[35m[HTTP]&amp#27;[39m &amp#27;[37m-->&amp#27;[39m &amp#27;[37mPOST&amp#27;[39m &amp#27;[37m/wd/hub/session/aad0714c-cfd1-474a-8bd4-3d43ef4925b5/element/ea11eed6-efd0-4555-92a1-3e1f7846f670/value&amp#27;[39m
&amp#27;[35m[HTTP]&amp#27;[39m &amp#27;[90m{"id":"ea11eed6-efd0-4555-92a1-3e1f7846f670","text":"7760305049","value":["7","7","6","0","3","0","5","0","4","9"]}&amp#27;[39m
[debug] &amp#27;[35m[W3C (aad0714c)]&amp#27;[39m Calling AppiumDriver.setValue() with args: [["7","7","6","0","3","0","5","0","4","9"],"ea11eed6-efd0-4555-92a1-3e1f7846f670","aad0714c-cfd1-474a-8bd4-3d43ef4925b5"]
[debug] &amp#27;[35m[WD Proxy]&amp#27;[39m Matched '/element/ea11eed6-efd0-4555-92a1-3e1f7846f670/value' to command name 'setValue'
[debug] &amp#27;[35m[Protocol Converter]&amp#27;[39m Added 'value' property ["7","7","6","0","3","0","5","0","4","9"] to 'setValue' request body
[debug] &amp#27;[35m[WD Proxy]&amp#27;[39m Proxying [POST /element/ea11eed6-efd0-4555-92a1-3e1f7846f670/value] to [POST http://127.0.0.1:8201/wd/hub/session/892543ca-6881-402d-bd41-d78c0c766844/element/ea11eed6-efd0-4555-92a1-3e1f7846f670/value] with body: {"elementId":"ea11eed6-efd0-4555-92a1-3e1f7846f670","text":"7760305049","replace":false,"value":["7","7","6","0","3","0","5","0","4","9"]}
[debug] &amp#27;[35m[WD Proxy]&amp#27;[39m Got response with status 200: {"sessionId":"892543ca-6881-402d-bd41-d78c0c766844","value":null}
[debug] &amp#27;[35m[W3C (aad0714c)]&amp#27;[39m Responding to client with driver.setValue() result: null
&amp#27;[35m[HTTP]&amp#27;[39m &amp#27;[37m<-- POST /wd/hub/session/aad0714c-cfd1-474a-8bd4-3d43ef4925b5/element/ea11eed6-efd0-4555-92a1-3e1f7846f670/value &amp#27;[39m&amp#27;[32m200&amp#27;[39m &amp#27;[90m837 ms - 14&amp#27;[39m
&amp#27;[35m[HTTP]&amp#27;[39m &amp#27;[90m&amp#27;[39m
&amp#27;[35m[HTTP]&amp#27;[39m &amp#27;[37m-->&amp#27;[39m &amp#27;[37mPOST&amp#27;[39m &amp#27;[37m/wd/hub/session/aad0714c-cfd1-474a-8bd4-3d43ef4925b5/appium/device/hide_keyboard&amp#27;[39m
&amp#27;[35m[HTTP]&amp#27;[39m &amp#27;[90m{}&amp#27;[39m
[debug] &amp#27;[35m[W3C (aad0714c)]&amp#27;[39m Calling AppiumDriver.hideKeyboard() with args: [null,null,null,null,"aad0714c-cfd1-474a-8bd4-3d43ef4925b5"]
[debug] &amp#27;[35m[ADB]&amp#27;[39m Running 'C:\Users\Fayaz\AppData\Local\Android\Sdk\platform-tools\adb.exe -P 5037 -s emulator-5554 shell dumpsys input_method'
[debug] &amp#27;[35m[ADB]&amp#27;[39m Running 'C:\Users\Fayaz\AppData\Local\Android\Sdk\platform-tools\adb.exe -P 5037 -s emulator-5554 shell input keyevent 111'
[debug] &amp#27;[35m[ADB]&amp#27;[39m Running 'C:\Users\Fayaz\AppData\Local\Android\Sdk\platform-tools\adb.exe -P 5037 -s emulator-5554 shell dumpsys input_method'
[debug] &amp#27;[35m[ADB]&amp#27;[39m Running 'C:\Users\Fayaz\AppData\Local\Android\Sdk\platform-tools\adb.exe -P 5037 -s emulator-5554 shell dumpsys input_method'
[debug] &amp#27;[35m[ADB]&amp#27;[39m Running 'C:\Users\Fayaz\AppData\Local\Android\Sdk\platform-tools\adb.exe -P 5037 -s emulator-5554 shell input keyevent 4'
[debug] &amp#27;[35m[ADB]&amp#27;[39m Running 'C:\Users\Fayaz\AppData\Local\Android\Sdk\platform-tools\adb.exe -P 5037 -s emulator-5554 shell dumpsys input_method'
[debug] &amp#27;[35m[W3C (aad0714c)]&amp#27;[39m Responding to client with driver.hideKeyboard() result: true
&amp#27;[35m[HTTP]&amp#27;[39m &amp#27;[37m<-- POST /wd/hub/session/aad0714c-cfd1-474a-8bd4-3d43ef4925b5/appium/device/hide_keyboard &amp#27;[39m&amp#27;[32m200&amp#27;[39m &amp#27;[90m4126 ms - 14&amp#27;[39m
&amp#27;[35m[HTTP]&amp#27;[39m &amp#27;[90m&amp#27;[39m
&amp#27;[35m[HTTP]&amp#27;[39m &amp#27;[37m-->&amp#27;[39m &amp#27;[37mGET&amp#27;[39m &amp#27;[37m/wd/hub/session/aad0714c-cfd1-474a-8bd4-3d43ef4925b5/context&amp#27;[39m
&amp#27;[35m[HTTP]&amp#27;[39m &amp#27;[90m{}&amp#27;[39m
[debug] &amp#27;[35m[W3C (aad0714c)]&amp#27;[39m Calling AppiumDriver.getCurrentContext() with args: ["aad0714c-cfd1-474a-8bd4-3d43ef4925b5"]
[debug] &amp#27;[35m[W3C (aad0714c)]&amp#27;[39m Responding to client with driver.getCurrentContext() result: "NATIVE_APP"
&amp#27;[35m[HTTP]&amp#27;[39m &amp#27;[37m<-- GET /wd/hub/session/aad0714c-cfd1-474a-8bd4-3d43ef4925b5/context &amp#27;[39m&amp#27;[32m200&amp#27;[39m &amp#27;[90m1 ms - 22&amp#27;[39m
&amp#27;[35m[HTTP]&amp#27;[39m &amp#27;[90m&amp#27;[39m
&amp#27;[35m[HTTP]&amp#27;[39m &amp#27;[37m-->&amp#27;[39m &amp#27;[37mPOST&amp#27;[39m &amp#27;[37m/wd/hub/session/aad0714c-cfd1-474a-8bd4-3d43ef4925b5/element&amp#27;[39m
&amp#27;[35m[HTTP]&amp#27;[39m &amp#27;[90m{"using":"xpath","value":"//android.widget.EditText[5]"}&amp#27;[39m
[debug] &amp#27;[35m[W3C (aad0714c)]&amp#27;[39m Calling AppiumDriver.findElement() with args: ["xpath","//android.widget.EditText[5]","aad0714c-cfd1-474a-8bd4-3d43ef4925b5"]
[debug] &amp#27;[35m[BaseDriver]&amp#27;[39m Valid locator strategies for this request: xpath, id, class name, accessibility id, css selector, -android uiautomator
[debug] &amp#27;[35m[BaseDriver]&amp#27;[39m Waiting up to 50000 ms for condition
[debug] &amp#27;[35m[WD Proxy]&amp#27;[39m Matched '/element' to command name 'findElement'
[debug] &amp#27;[35m[WD Proxy]&amp#27;[39m Proxying [POST /element] to [POST http://127.0.0.1:8201/wd/hub/session/892543ca-6881-402d-bd41-d78c0c766844/element] with body: {"strategy":"xpath","selector":"//android.widget.EditText[5]","context":"","multiple":false}
[debug] &amp#27;[35m[WD Proxy]&amp#27;[39m Got response with status 200: {"sessionId":"892543ca-6881-402d-bd41-d78c0c766844","value":{"ELEMENT":"ceb9d89a-37cf-41c1-9049-6d4a615ccfce","element-6066-11e4-a52e-4f735466cecf":"ceb9d89a-37cf-41c1-9049-6d4a615ccfce"}}
[debug] &amp#27;[35m[W3C (aad0714c)]&amp#27;[39m Responding to client with driver.findElement() result: {"element-6066-11e4-a52e-4f735466cecf":"ceb9d89a-37cf-41c1-9049-6d4a615ccfce","ELEMENT":"ceb9d89a-37cf-41c1-9049-6d4a615ccfce"}
&amp#27;[35m[HTTP]&amp#27;[39m &amp#27;[37m<-- POST /wd/hub/session/aad0714c-cfd1-474a-8bd4-3d43ef4925b5/element &amp#27;[39m&amp#27;[32m200&amp#27;[39m &amp#27;[90m52 ms - 137&amp#27;[39m
&amp#27;[35m[HTTP]&amp#27;[39m &amp#27;[90m&amp#27;[39m
&amp#27;[35m[HTTP]&amp#27;[39m &amp#27;[37m-->&amp#27;[39m &amp#27;[37mPOST&amp#27;[39m &amp#27;[37m/wd/hub/session/aad0714c-cfd1-474a-8bd4-3d43ef4925b5/element/ceb9d89a-37cf-41c1-9049-6d4a615ccfce/click&amp#27;[39m
&amp#27;[35m[HTTP]&amp#27;[39m &amp#27;[90m{"id":"ceb9d89a-37cf-41c1-9049-6d4a615ccfce"}&amp#27;[39m
[debug] &amp#27;[35m[W3C (aad0714c)]&amp#27;[39m Calling AppiumDriver.click() with args: ["ceb9d89a-37cf-41c1-9049-6d4a615ccfce","aad0714c-cfd1-474a-8bd4-3d43ef4925b5"]
[debug] &amp#27;[35m[WD Proxy]&amp#27;[39m Matched '/element/ceb9d89a-37cf-41c1-9049-6d4a615ccfce/click' to command name 'click'
[debug] &amp#27;[35m[WD Proxy]&amp#27;[39m Proxying [POST /element/ceb9d89a-37cf-41c1-9049-6d4a615ccfce/click] to [POST http://127.0.0.1:8201/wd/hub/session/892543ca-6881-402d-bd41-d78c0c766844/element/ceb9d89a-37cf-41c1-9049-6d4a615ccfce/click] with body: {"element":"ceb9d89a-37cf-41c1-9049-6d4a615ccfce"}
[debug] &amp#27;[35m[WD Proxy]&amp#27;[39m Got response with status 200: {"sessionId":"892543ca-6881-402d-bd41-d78c0c766844","value":null}
[debug] &amp#27;[35m[W3C (aad0714c)]&amp#27;[39m Responding to client with driver.click() result: null
&amp#27;[35m[HTTP]&amp#27;[39m &amp#27;[37m<-- POST /wd/hub/session/aad0714c-cfd1-474a-8bd4-3d43ef4925b5/element/ceb9d89a-37cf-41c1-9049-6d4a615ccfce/click &amp#27;[39m&amp#27;[32m200&amp#27;[39m &amp#27;[90m83 ms - 14&amp#27;[39m
&amp#27;[35m[HTTP]&amp#27;[39m &amp#27;[90m&amp#27;[39m
&amp#27;[35m[HTTP]&amp#27;[39m &amp#27;[37m-->&amp#27;[39m &amp#27;[37mGET&amp#27;[39m &amp#27;[37m/wd/hub/session/aad0714c-cfd1-474a-8bd4-3d43ef4925b5/context&amp#27;[39m
&amp#27;[35m[HTTP]&amp#27;[39m &amp#27;[90m{}&amp#27;[39m
[debug] &amp#27;[35m[W3C (aad0714c)]&amp#27;[39m Calling AppiumDriver.getCurrentContext() with args: ["aad0714c-cfd1-474a-8bd4-3d43ef4925b5"]
[debug] &amp#27;[35m[W3C (aad0714c)]&amp#27;[39m Responding to client with driver.getCurrentContext() result: "NATIVE_APP"
&amp#27;[35m[HTTP]&amp#27;[39m &amp#27;[37m<-- GET /wd/hub/session/aad0714c-cfd1-474a-8bd4-3d43ef4925b5/context &amp#27;[39m&amp#27;[32m200&amp#27;[39m &amp#27;[90m1 ms - 22&amp#27;[39m
&amp#27;[35m[HTTP]&amp#27;[39m &amp#27;[90m&amp#27;[39m
&amp#27;[35m[HTTP]&amp#27;[39m &amp#27;[37m-->&amp#27;[39m &amp#27;[37mPOST&amp#27;[39m &amp#27;[37m/wd/hub/session/aad0714c-cfd1-474a-8bd4-3d43ef4925b5/element&amp#27;[39m
&amp#27;[35m[HTTP]&amp#27;[39m &amp#27;[90m{"using":"xpath","value":"//android.widget.EditText[5]"}&amp#27;[39m
[debug] &amp#27;[35m[W3C (aad0714c)]&amp#27;[39m Calling AppiumDriver.findElement() with args: ["xpath","//android.widget.EditText[5]","aad0714c-cfd1-474a-8bd4-3d43ef4925b5"]
[debug] &amp#27;[35m[BaseDriver]&amp#27;[39m Valid locator strategies for this request: xpath, id, class name, accessibility id, css selector, -android uiautomator
[debug] &amp#27;[35m[BaseDriver]&amp#27;[39m Waiting up to 50000 ms for condition
[debug] &amp#27;[35m[WD Proxy]&amp#27;[39m Matched '/element' to command name 'findElement'
[debug] &amp#27;[35m[WD Proxy]&amp#27;[39m Proxying [POST /element] to [POST http://127.0.0.1:8201/wd/hub/session/892543ca-6881-402d-bd41-d78c0c766844/element] with body: {"strategy":"xpath","selector":"//android.widget.EditText[5]","context":"","multiple":false}
[debug] &amp#27;[35m[WD Proxy]&amp#27;[39m Got response with status 200: {"sessionId":"892543ca-6881-402d-bd41-d78c0c766844","value":{"ELEMENT":"73d92b03-79ef-42c6-8483-cab3cf866f99","element-6066-11e4-a52e-4f735466cecf":"73d92b03-79ef-42c6-8483-cab3cf866f99"}}
[debug] &amp#27;[35m[W3C (aad0714c)]&amp#27;[39m Responding to client with driver.findElement() result: {"element-6066-11e4-a52e-4f735466cecf":"73d92b03-79ef-42c6-8483-cab3cf866f99","ELEMENT":"73d92b03-79ef-42c6-8483-cab3cf866f99"}
&amp#27;[35m[HTTP]&amp#27;[39m &amp#27;[37m<-- POST /wd/hub/session/aad0714c-cfd1-474a-8bd4-3d43ef4925b5/element &amp#27;[39m&amp#27;[32m200&amp#27;[39m &amp#27;[90m141 ms - 137&amp#27;[39m
&amp#27;[35m[HTTP]&amp#27;[39m &amp#27;[90m&amp#27;[39m
&amp#27;[35m[HTTP]&amp#27;[39m &amp#27;[37m-->&amp#27;[39m &amp#27;[37mPOST&amp#27;[39m &amp#27;[37m/wd/hub/session/aad0714c-cfd1-474a-8bd4-3d43ef4925b5/element/73d92b03-79ef-42c6-8483-cab3cf866f99/value&amp#27;[39m
&amp#27;[35m[HTTP]&amp#27;[39m &amp#27;[90m{"id":"73d92b03-79ef-42c6-8483-cab3cf866f99","text":"fayaz.a@perfios.com","value":["f","a","y","a","z",".","a","@","p","e","r","f","i","o","s",".","c","o","m"]}&amp#27;[39m
[debug] &amp#27;[35m[W3C (aad0714c)]&amp#27;[39m Calling AppiumDriver.setValue() with args: [["f","a","y","a","z",".","a","@","p","e","r","f","i","o","s",".","c","o","m"],"73d92b03-79ef-42c6-8483-cab3cf866f99","aad0714c-cfd1-474a-8bd4-3d43ef4925b5"]
[debug] &amp#27;[35m[WD Proxy]&amp#27;[39m Matched '/element/73d92b03-79ef-42c6-8483-cab3cf866f99/value' to command name 'setValue'
[debug] &amp#27;[35m[Protocol Converter]&amp#27;[39m Added 'value' property ["f","a","y","a","z",".","a","@","p","e","r","f","i","o","s",".","c","o","m"] to 'setValue' request body
[debug] &amp#27;[35m[WD Proxy]&amp#27;[39m Proxying [POST /element/73d92b03-79ef-42c6-8483-cab3cf866f99/value] to [POST http://127.0.0.1:8201/wd/hub/session/892543ca-6881-402d-bd41-d78c0c766844/element/73d92b03-79ef-42c6-8483-cab3cf866f99/value] with body: {"elementId":"73d92b03-79ef-42c6-8483-cab3cf866f99","text":"fayaz.a@perfios.com","replace":false,"value":["f","a","y","a","z",".","a","@","p","e","r","f","i","o","s",".","c","o","m"]}
[debug] &amp#27;[35m[WD Proxy]&amp#27;[39m Got response with status 200: {"sessionId":"892543ca-6881-402d-bd41-d78c0c766844","value":null}
[debug] &amp#27;[35m[W3C (aad0714c)]&amp#27;[39m Responding to client with driver.setValue() result: null
&amp#27;[35m[HTTP]&amp#27;[39m &amp#27;[37m<-- POST /wd/hub/session/aad0714c-cfd1-474a-8bd4-3d43ef4925b5/element/73d92b03-79ef-42c6-8483-cab3cf866f99/value &amp#27;[39m&amp#27;[32m200&amp#27;[39m &amp#27;[90m1983 ms - 14&amp#27;[39m
&amp#27;[35m[HTTP]&amp#27;[39m &amp#27;[90m&amp#27;[39m
&amp#27;[35m[HTTP]&amp#27;[39m &amp#27;[37m-->&amp#27;[39m &amp#27;[37mPOST&amp#27;[39m &amp#27;[37m/wd/hub/session/aad0714c-cfd1-474a-8bd4-3d43ef4925b5/appium/device/hide_keyboard&amp#27;[39m
&amp#27;[35m[HTTP]&amp#27;[39m &amp#27;[90m{}&amp#27;[39m
[debug] &amp#27;[35m[W3C (aad0714c)]&amp#27;[39m Calling AppiumDriver.hideKeyboard() with args: [null,null,null,null,"aad0714c-cfd1-474a-8bd4-3d43ef4925b5"]
[debug] &amp#27;[35m[ADB]&amp#27;[39m Running 'C:\Users\Fayaz\AppData\Local\Android\Sdk\platform-tools\adb.exe -P 5037 -s emulator-5554 shell dumpsys input_method'
[debug] &amp#27;[35m[ADB]&amp#27;[39m Running 'C:\Users\Fayaz\AppData\Local\Android\Sdk\platform-tools\adb.exe -P 5037 -s emulator-5554 shell input keyevent 111'
[debug] &amp#27;[35m[ADB]&amp#27;[39m Running 'C:\Users\Fayaz\AppData\Local\Android\Sdk\platform-tools\adb.exe -P 5037 -s emulator-5554 shell dumpsys input_method'
[debug] &amp#27;[35m[ADB]&amp#27;[39m Running 'C:\Users\Fayaz\AppData\Local\Android\Sdk\platform-tools\adb.exe -P 5037 -s emulator-5554 shell dumpsys input_method'
[debug] &amp#27;[35m[ADB]&amp#27;[39m Running 'C:\Users\Fayaz\AppData\Local\Android\Sdk\platform-tools\adb.exe -P 5037 -s emulator-5554 shell input keyevent 4'
[debug] &amp#27;[35m[ADB]&amp#27;[39m Running 'C:\Users\Fayaz\AppData\Local\Android\Sdk\platform-tools\adb.exe -P 5037 -s emulator-5554 shell dumpsys input_method'
[debug] &amp#27;[35m[W3C (aad0714c)]&amp#27;[39m Responding to client with driver.hideKeyboard() result: true
&amp#27;[35m[HTTP]&amp#27;[39m &amp#27;[37m<-- POST /wd/hub/session/aad0714c-cfd1-474a-8bd4-3d43ef4925b5/appium/device/hide_keyboard &amp#27;[39m&amp#27;[32m200&amp#27;[39m &amp#27;[90m4318 ms - 14&amp#27;[39m
&amp#27;[35m[HTTP]&amp#27;[39m &amp#27;[90m&amp#27;[39m
&amp#27;[35m[HTTP]&amp#27;[39m &amp#27;[37m-->&amp#27;[39m &amp#27;[37mGET&amp#27;[39m &amp#27;[37m/wd/hub/session/aad0714c-cfd1-474a-8bd4-3d43ef4925b5/context&amp#27;[39m
&amp#27;[35m[HTTP]&amp#27;[39m &amp#27;[90m{}&amp#27;[39m
[debug] &amp#27;[35m[W3C (aad0714c)]&amp#27;[39m Calling AppiumDriver.getCurrentContext() with args: ["aad0714c-cfd1-474a-8bd4-3d43ef4925b5"]
[debug] &amp#27;[35m[W3C (aad0714c)]&amp#27;[39m Responding to client with driver.getCurrentContext() result: "NATIVE_APP"
&amp#27;[35m[HTTP]&amp#27;[39m &amp#27;[37m<-- GET /wd/hub/session/aad0714c-cfd1-474a-8bd4-3d43ef4925b5/context &amp#27;[39m&amp#27;[32m200&amp#27;[39m &amp#27;[90m2 ms - 22&amp#27;[39m
&amp#27;[35m[HTTP]&amp#27;[39m &amp#27;[90m&amp#27;[39m
&amp#27;[35m[HTTP]&amp#27;[39m &amp#27;[37m-->&amp#27;[39m &amp#27;[37mPOST&amp#27;[39m &amp#27;[37m/wd/hub/session/aad0714c-cfd1-474a-8bd4-3d43ef4925b5/element&amp#27;[39m
&amp#27;[35m[HTTP]&amp#27;[39m &amp#27;[90m{"using":"xpath","value":"//android.widget.Button[@text='Save']"}&amp#27;[39m
[debug] &amp#27;[35m[W3C (aad0714c)]&amp#27;[39m Calling AppiumDriver.findElement() with args: ["xpath","//android.widget.Button[@text='Save']","aad0714c-cfd1-474a-8bd4-3d43ef4925b5"]
[debug] &amp#27;[35m[BaseDriver]&amp#27;[39m Valid locator strategies for this request: xpath, id, class name, accessibility id, css selector, -android uiautomator
[debug] &amp#27;[35m[BaseDriver]&amp#27;[39m Waiting up to 50000 ms for condition
[debug] &amp#27;[35m[WD Proxy]&amp#27;[39m Matched '/element' to command name 'findElement'
[debug] &amp#27;[35m[WD Proxy]&amp#27;[39m Proxying [POST /element] to [POST http://127.0.0.1:8201/wd/hub/session/892543ca-6881-402d-bd41-d78c0c766844/element] with body: {"strategy":"xpath","selector":"//android.widget.Button[@text='Save']","context":"","multiple":false}
[debug] &amp#27;[35m[WD Proxy]&amp#27;[39m Got response with status 200: {"sessionId":"892543ca-6881-402d-bd41-d78c0c766844","value":{"ELEMENT":"bf9fba01-0ea8-47bd-9ba5-feba6e0f5e23","element-6066-11e4-a52e-4f735466cecf":"bf9fba01-0ea8-47bd-9ba5-feba6e0f5e23"}}
[debug] &amp#27;[35m[W3C (aad0714c)]&amp#27;[39m Responding to client with driver.findElement() result: {"element-6066-11e4-a52e-4f735466cecf":"bf9fba01-0ea8-47bd-9ba5-feba6e0f5e23","ELEMENT":"bf9fba01-0ea8-47bd-9ba5-feba6e0f5e23"}
&amp#27;[35m[HTTP]&amp#27;[39m &amp#27;[37m<-- POST /wd/hub/session/aad0714c-cfd1-474a-8bd4-3d43ef4925b5/element &amp#27;[39m&amp#27;[32m200&amp#27;[39m &amp#27;[90m71 ms - 137&amp#27;[39m
&amp#27;[35m[HTTP]&amp#27;[39m &amp#27;[90m&amp#27;[39m
&amp#27;[35m[HTTP]&amp#27;[39m &amp#27;[37m-->&amp#27;[39m &amp#27;[37mPOST&amp#27;[39m &amp#27;[37m/wd/hub/session/aad0714c-cfd1-474a-8bd4-3d43ef4925b5/element/bf9fba01-0ea8-47bd-9ba5-feba6e0f5e23/click&amp#27;[39m
&amp#27;[35m[HTTP]&amp#27;[39m &amp#27;[90m{"id":"bf9fba01-0ea8-47bd-9ba5-feba6e0f5e23"}&amp#27;[39m
[debug] &amp#27;[35m[W3C (aad0714c)]&amp#27;[39m Calling AppiumDriver.click() with args: ["bf9fba01-0ea8-47bd-9ba5-feba6e0f5e23","aad0714c-cfd1-474a-8bd4-3d43ef4925b5"]
[debug] &amp#27;[35m[WD Proxy]&amp#27;[39m Matched '/element/bf9fba01-0ea8-47bd-9ba5-feba6e0f5e23/click' to command name 'click'
[debug] &amp#27;[35m[WD Proxy]&amp#27;[39m Proxying [POST /element/bf9fba01-0ea8-47bd-9ba5-feba6e0f5e23/click] to [POST http://127.0.0.1:8201/wd/hub/session/892543ca-6881-402d-bd41-d78c0c766844/element/bf9fba01-0ea8-47bd-9ba5-feba6e0f5e23/click] with body: {"element":"bf9fba01-0ea8-47bd-9ba5-feba6e0f5e23"}
[debug] &amp#27;[35m[WD Proxy]&amp#27;[39m Got response with status 200: {"sessionId":"892543ca-6881-402d-bd41-d78c0c766844","value":null}
[debug] &amp#27;[35m[W3C (aad0714c)]&amp#27;[39m Responding to client with driver.click() result: null
&amp#27;[35m[HTTP]&amp#27;[39m &amp#27;[37m<-- POST /wd/hub/session/aad0714c-cfd1-474a-8bd4-3d43ef4925b5/element/bf9fba01-0ea8-47bd-9ba5-feba6e0f5e23/click &amp#27;[39m&amp#27;[32m200&amp#27;[39m &amp#27;[90m127 ms - 14&amp#27;[39m
&amp#27;[35m[HTTP]&amp#27;[39m &amp#27;[90m&amp#27;[39m
&amp#27;[35m[HTTP]&amp#27;[39m &amp#27;[37m-->&amp#27;[39m &amp#27;[37mGET&amp#27;[39m &amp#27;[37m/wd/hub/session/aad0714c-cfd1-474a-8bd4-3d43ef4925b5/context&amp#27;[39m
&amp#27;[35m[HTTP]&amp#27;[39m &amp#27;[90m{}&amp#27;[39m
[debug] &amp#27;[35m[W3C (aad0714c)]&amp#27;[39m Calling AppiumDriver.getCurrentContext() with args: ["aad0714c-cfd1-474a-8bd4-3d43ef4925b5"]
[debug] &amp#27;[35m[W3C (aad0714c)]&amp#27;[39m Responding to client with driver.getCurrentContext() result: "NATIVE_APP"
&amp#27;[35m[HTTP]&amp#27;[39m &amp#27;[37m<-- GET /wd/hub/session/aad0714c-cfd1-474a-8bd4-3d43ef4925b5/context &amp#27;[39m&amp#27;[32m200&amp#27;[39m &amp#27;[90m1 ms - 22&amp#27;[39m
&amp#27;[35m[HTTP]&amp#27;[39m &amp#27;[90m&amp#27;[39m
&amp#27;[35m[HTTP]&amp#27;[39m &amp#27;[37m-->&amp#27;[39m &amp#27;[37mPOST&amp#27;[39m &amp#27;[37m/wd/hub/session/aad0714c-cfd1-474a-8bd4-3d43ef4925b5/element&amp#27;[39m
&amp#27;[35m[HTTP]&amp#27;[39m &amp#27;[90m{"using":"xpath","value":"//android.view.View[@text='Saved Details']"}&amp#27;[39m
[debug] &amp#27;[35m[W3C (aad0714c)]&amp#27;[39m Calling AppiumDriver.findElement() with args: ["xpath","//android.view.View[@text='Saved Details']","aad0714c-cfd1-474a-8bd4-3d43ef4925b5"]
[debug] &amp#27;[35m[BaseDriver]&amp#27;[39m Valid locator strategies for this request: xpath, id, class name, accessibility id, css selector, -android uiautomator
[debug] &amp#27;[35m[BaseDriver]&amp#27;[39m Waiting up to 50000 ms for condition
[debug] &amp#27;[35m[WD Proxy]&amp#27;[39m Matched '/element' to command name 'findElement'
[debug] &amp#27;[35m[WD Proxy]&amp#27;[39m Proxying [POST /element] to [POST http://127.0.0.1:8201/wd/hub/session/892543ca-6881-402d-bd41-d78c0c766844/element] with body: {"strategy":"xpath","selector":"//android.view.View[@text='Saved Details']","context":"","multiple":false}
&amp#27;[35m[WD Proxy]&amp#27;[39m Got response with status 404: {"sessionId":"892543ca-6881-402d-bd41-d78c0c766844","value":{"error":"no such element","message":"An element could not be located on the page using the given search parameters","stacktrace":"io.appium.uiautomator2.common.exceptions.ElementNotFoundException: An element could not be located on the page using the given search parameters\n\tat io.appium.uiautomator2.handler.FindElement.findElement(FindElement.java:89)\n\tat io.appium.uiautomator2.handler.FindElement.safeHandle(FindElement.java:66)\n\tat io.appium.uiautomator2.handler.request.SafeRequestHandler.handle(SafeRequestHandler.java:41)\n\tat io.appium.uiautomator2.server.AppiumServlet.handleRequest(AppiumServlet.java:262)\n\tat io.appium.uiautomator2.server.AppiumServlet.handleHttpRequest(AppiumServlet.java:256)\n\tat io.appium.uiautomator2.http.ServerHandler.channelRead(ServerHandler.java:68)\n\tat io.netty.channel.AbstractChannelHandlerContext.invokeChannelRead(AbstractChannelHandlerContext.java:366)\n\tat io.netty.channel.AbstractChannelHandlerCont...
[debug] &amp#27;[35m[W3C]&amp#27;[39m Matched W3C error code 'no such element' to NoSuchElementError
[debug] &amp#27;[35m[BaseDriver]&amp#27;[39m Waited for 172 ms so far
[debug] &amp#27;[35m[WD Proxy]&amp#27;[39m Matched '/element' to command name 'findElement'
[debug] &amp#27;[35m[WD Proxy]&amp#27;[39m Proxying [POST /element] to [POST http://127.0.0.1:8201/wd/hub/session/892543ca-6881-402d-bd41-d78c0c766844/element] with body: {"strategy":"xpath","selector":"//android.view.View[@text='Saved Details']","context":"","multiple":false}
[debug] &amp#27;[35m[WD Proxy]&amp#27;[39m Got response with status 200: {"sessionId":"892543ca-6881-402d-bd41-d78c0c766844","value":{"ELEMENT":"2b0925b8-f11e-48c2-84b5-d70ef8623a08","element-6066-11e4-a52e-4f735466cecf":"2b0925b8-f11e-48c2-84b5-d70ef8623a08"}}
[debug] &amp#27;[35m[W3C (aad0714c)]&amp#27;[39m Responding to client with driver.findElement() result: {"element-6066-11e4-a52e-4f735466cecf":"2b0925b8-f11e-48c2-84b5-d70ef8623a08","ELEMENT":"2b0925b8-f11e-48c2-84b5-d70ef8623a08"}
&amp#27;[35m[HTTP]&amp#27;[39m &amp#27;[37m<-- POST /wd/hub/session/aad0714c-cfd1-474a-8bd4-3d43ef4925b5/element &amp#27;[39m&amp#27;[32m200&amp#27;[39m &amp#27;[90m858 ms - 137&amp#27;[39m
&amp#27;[35m[HTTP]&amp#27;[39m &amp#27;[90m&amp#27;[39m
&amp#27;[35m[HTTP]&amp#27;[39m &amp#27;[37m-->&amp#27;[39m &amp#27;[37mGET&amp#27;[39m &amp#27;[37m/wd/hub/session/aad0714c-cfd1-474a-8bd4-3d43ef4925b5/element/2b0925b8-f11e-48c2-84b5-d70ef8623a08/text&amp#27;[39m
&amp#27;[35m[HTTP]&amp#27;[39m &amp#27;[90m{}&amp#27;[39m
&amp#27;[35m[W3C (aad0714c)]&amp#27;[39m Driver proxy active, passing request on via HTTP proxy
[debug] &amp#27;[35m[WD Proxy]&amp#27;[39m Matched '/wd/hub/session/aad0714c-cfd1-474a-8bd4-3d43ef4925b5/element/2b0925b8-f11e-48c2-84b5-d70ef8623a08/text' to command name 'getText'
[debug] &amp#27;[35m[WD Proxy]&amp#27;[39m Proxying [GET /wd/hub/session/aad0714c-cfd1-474a-8bd4-3d43ef4925b5/element/2b0925b8-f11e-48c2-84b5-d70ef8623a08/text] to [GET http://127.0.0.1:8201/wd/hub/session/892543ca-6881-402d-bd41-d78c0c766844/element/2b0925b8-f11e-48c2-84b5-d70ef8623a08/text] with no body
[debug] &amp#27;[35m[WD Proxy]&amp#27;[39m Got response with status 200: {"sessionId":"892543ca-6881-402d-bd41-d78c0c766844","value":"Saved Details"}
&amp#27;[35m[WD Proxy]&amp#27;[39m Replacing sessionId 892543ca-6881-402d-bd41-d78c0c766844 with aad0714c-cfd1-474a-8bd4-3d43ef4925b5
&amp#27;[35m[HTTP]&amp#27;[39m &amp#27;[37m<-- GET /wd/hub/session/aad0714c-cfd1-474a-8bd4-3d43ef4925b5/element/2b0925b8-f11e-48c2-84b5-d70ef8623a08/text &amp#27;[39m&amp#27;[32m200&amp#27;[39m &amp#27;[90m18 ms - 76&amp#27;[39m
&amp#27;[35m[HTTP]&amp#27;[39m &amp#27;[90m&amp#27;[39m
Details saved successfully!!]]></system-out>
    <system-err><![CDATA[Dec 08, 2021 2:36:06 PM io.appium.java_client.remote.AppiumCommandExecutor$1 lambda$0
INFO: Detected dialect: W3C
]]></system-err>
  </testcase>
  <testcase name="LoginAndLogout[7760305049, 7760305049, 0082](1)" classname="AA.Anumati.LoginNLogout" time="57.756">
    <system-out><![CDATA[C:\Users\Fayaz\Appium\Anumati
[debug] &amp#27;[35m[HTTP]&amp#27;[39m Request idempotency key: 7cbffbc7-1dd0-466c-9f37-eef1a49e114b
&amp#27;[35m[HTTP]&amp#27;[39m &amp#27;[37m-->&amp#27;[39m &amp#27;[37mPOST&amp#27;[39m &amp#27;[37m/wd/hub/session&amp#27;[39m
&amp#27;[35m[HTTP]&amp#27;[39m &amp#27;[90m{"desiredCapabilities":{"app":"C:\\Users\\Fayaz\\Appium\\Anumati\\src\\Anumati.apk","newCommandTimeout":14,"automationName":"uiautomator2","autoGrantPermissions":"true","chromeOptions":{"w3c":false},"platformName":"Android","deviceName":"Fayaz_Emulator2"},"capabilities":{"firstMatch":[{"appium:app":"C:\\Users\\Fayaz\\Appium\\Anumati\\src\\Anumati.apk","appium:autoGrantPermissions":"true","appium:automationName":"uiautomator2","appium:chromeOptions":{"w3c":false},"appium:deviceName":"Fayaz_Emulator2","goog:chromeOptions":{"w3c":false},"appium:newCommandTimeout":14,"platformName":"android"}]}}&amp#27;[39m
[debug] &amp#27;[35m[W3C]&amp#27;[39m Calling AppiumDriver.createSession() with args: [{"app":"C:\\Users\\Fayaz\\Appium\\Anumati\\src\\Anumati.apk","newCommandTimeout":14,"automationName":"uiautomator2","autoGrantPermissions":"true","chromeOptions":{"w3c":false},"platformName":"Android","deviceName":"Fayaz_Emulator2"},null,{"firstMatch":[{"appium:app":"C:\\Users\\Fayaz\\Appium\\Anumati\\src\\Anumati.apk","appium:autoGrantPermissions":"true","appium:automationName":"uiautomator2","appium:chromeOptions":{"w3c":false},"appium:deviceName":"Fayaz_Emulator2","goog:chromeOptions":{"w3c":false},"appium:newCommandTimeout":14,"platformName":"android"}]}]
[debug] &amp#27;[35m[BaseDriver]&amp#27;[39m Event 'newSessionRequested' logged at 1638954423464 (14:37:03 GMT+0530 (India Standard Time))
&amp#27;[35m[Appium]&amp#27;[39m Appium v1.21.0 creating new AndroidUiautomator2Driver (v1.65.0) session
[debug] &amp#27;[35m[BaseDriver]&amp#27;[39m W3C capabilities and MJSONWP desired capabilities were provided
[debug] &amp#27;[35m[BaseDriver]&amp#27;[39m Creating session with W3C capabilities: {
[debug] &amp#27;[35m[BaseDriver]&amp#27;[39m   "alwaysMatch": {
[debug] &amp#27;[35m[BaseDriver]&amp#27;[39m     "goog:chromeOptions": {
[debug] &amp#27;[35m[BaseDriver]&amp#27;[39m       "w3c": false
[debug] &amp#27;[35m[BaseDriver]&amp#27;[39m     },
[debug] &amp#27;[35m[BaseDriver]&amp#27;[39m     "platformName": "android",
[debug] &amp#27;[35m[BaseDriver]&amp#27;[39m     "appium:app": "C:\\Users\\Fayaz\\Appium\\Anumati\\src\\Anumati.apk",
[debug] &amp#27;[35m[BaseDriver]&amp#27;[39m     "appium:autoGrantPermissions": "true",
[debug] &amp#27;[35m[BaseDriver]&amp#27;[39m     "appium:automationName": "uiautomator2",
[debug] &amp#27;[35m[BaseDriver]&amp#27;[39m     "appium:chromeOptions": {
[debug] &amp#27;[35m[BaseDriver]&amp#27;[39m       "w3c": false
[debug] &amp#27;[35m[BaseDriver]&amp#27;[39m     },
[debug] &amp#27;[35m[BaseDriver]&amp#27;[39m     "appium:deviceName": "Fayaz_Emulator2",
[debug] &amp#27;[35m[BaseDriver]&amp#27;[39m     "appium:newCommandTimeout": 14
[debug] &amp#27;[35m[BaseDriver]&amp#27;[39m   },
[debug] &amp#27;[35m[BaseDriver]&amp#27;[39m   "firstMatch": [
[debug] &amp#27;[35m[BaseDriver]&amp#27;[39m     {}
[debug] &amp#27;[35m[BaseDriver]&amp#27;[39m   ]
[debug] &amp#27;[35m[BaseDriver]&amp#27;[39m }
&amp#27;[35m[BaseDriver]&amp#27;[39m Capability 'autoGrantPermissions' changed from string to boolean. This may cause unexpected behavior
&amp#27;[35m[BaseDriver]&amp#27;[39m The following capabilities were provided, but are not recognized by Appium:
&amp#27;[35m[BaseDriver]&amp#27;[39m   goog:chromeOptions
&amp#27;[35m[BaseDriver]&amp#27;[39m Session created with session id: 54f63c2d-f3e8-4c9f-b63f-13cd9fef41ac
&amp#27;[35m[BaseDriver]&amp#27;[39m Using local app 'C:\Users\Fayaz\Appium\Anumati\src\Anumati.apk'
[debug] &amp#27;[35m[UiAutomator2]&amp#27;[39m Checking whether app is actually present
&amp#27;[35m[ADB]&amp#27;[39m Using 'adb.exe' from 'C:\Users\Fayaz\AppData\Local\Android\Sdk\platform-tools\adb.exe'
[debug] &amp#27;[35m[ADB]&amp#27;[39m Running 'C:\Users\Fayaz\AppData\Local\Android\Sdk\platform-tools\adb.exe -P 5037 start-server'
&amp#27;[35m[AndroidDriver]&amp#27;[39m Retrieving device list
[debug] &amp#27;[35m[ADB]&amp#27;[39m Trying to find a connected android device
[debug] &amp#27;[35m[ADB]&amp#27;[39m Getting connected devices
[debug] &amp#27;[35m[ADB]&amp#27;[39m Connected devices: [{"udid":"emulator-5554","state":"device"}]
&amp#27;[35m[AndroidDriver]&amp#27;[39m Using device: emulator-5554
&amp#27;[35m[ADB]&amp#27;[39m Using 'adb.exe' from 'C:\Users\Fayaz\AppData\Local\Android\Sdk\platform-tools\adb.exe'
[debug] &amp#27;[35m[ADB]&amp#27;[39m Running 'C:\Users\Fayaz\AppData\Local\Android\Sdk\platform-tools\adb.exe -P 5037 start-server'
[debug] &amp#27;[35m[ADB]&amp#27;[39m Setting device id to emulator-5554
[debug] &amp#27;[35m[ADB]&amp#27;[39m Running 'C:\Users\Fayaz\AppData\Local\Android\Sdk\platform-tools\adb.exe -P 5037 -s emulator-5554 shell getprop ro.build.version.sdk'
[debug] &amp#27;[35m[ADB]&amp#27;[39m Current device property 'ro.build.version.sdk': 30
&amp#27;[35m[ADB]&amp#27;[39m Getting device platform version
[debug] &amp#27;[35m[ADB]&amp#27;[39m Running 'C:\Users\Fayaz\AppData\Local\Android\Sdk\platform-tools\adb.exe -P 5037 -s emulator-5554 shell getprop ro.build.version.release'
[debug] &amp#27;[35m[ADB]&amp#27;[39m Current device property 'ro.build.version.release': 11
[debug] &amp#27;[35m[ADB]&amp#27;[39m Device API level: 30
&amp#27;[35m[UiAutomator2]&amp#27;[39m Relaxing hidden api policy
[debug] &amp#27;[35m[ADB]&amp#27;[39m Running 'C:\Users\Fayaz\AppData\Local\Android\Sdk\platform-tools\adb.exe -P 5037 -s emulator-5554 shell 'settings put global hidden_api_policy_pre_p_apps 1;settings put global hidden_api_policy_p_apps 1;settings put global hidden_api_policy 1''
[debug] &amp#27;[35m[AndroidDriver]&amp#27;[39m Parsing package and activity from app manifest
&amp#27;[35m[ADB]&amp#27;[39m Package name: 'com.anumati'
&amp#27;[35m[ADB]&amp#27;[39m Main activity name: 'com.aa.MainActivity'
[debug] &amp#27;[35m[AndroidDriver]&amp#27;[39m Parsed package and activity are: com.anumati/com.aa.MainActivity
[debug] &amp#27;[35m[ADB]&amp#27;[39m Running 'C:\Users\Fayaz\AppData\Local\Android\Sdk\platform-tools\adb.exe -P 5037 -s emulator-5554 wait-for-device'
[debug] &amp#27;[35m[ADB]&amp#27;[39m Running 'C:\Users\Fayaz\AppData\Local\Android\Sdk\platform-tools\adb.exe -P 5037 -s emulator-5554 shell echo ping'
[debug] &amp#27;[35m[AndroidDriver]&amp#27;[39m Pushing settings apk to device...
[debug] &amp#27;[35m[ADB]&amp#27;[39m Getting install status for io.appium.settings
[debug] &amp#27;[35m[ADB]&amp#27;[39m Running 'C:\Users\Fayaz\AppData\Local\Android\Sdk\platform-tools\adb.exe -P 5037 -s emulator-5554 shell dumpsys package io.appium.settings'
[debug] &amp#27;[35m[ADB]&amp#27;[39m 'io.appium.settings' is installed
[debug] &amp#27;[35m[ADB]&amp#27;[39m Getting package info for 'io.appium.settings'
[debug] &amp#27;[35m[ADB]&amp#27;[39m Running 'C:\Users\Fayaz\AppData\Local\Android\Sdk\platform-tools\adb.exe -P 5037 -s emulator-5554 shell dumpsys package io.appium.settings'
[debug] &amp#27;[35m[ADB]&amp#27;[39m The version code of the installed 'io.appium.settings' is greater than the application version code (30 > 29)
[debug] &amp#27;[35m[ADB]&amp#27;[39m There is no need to downgrade 'io.appium.settings'
[debug] &amp#27;[35m[ADB]&amp#27;[39m Getting IDs of all 'io.appium.settings' processes
[debug] &amp#27;[35m[ADB]&amp#27;[39m Running 'C:\Users\Fayaz\AppData\Local\Android\Sdk\platform-tools\adb.exe -P 5037 -s emulator-5554 shell 'pgrep --help; echo $?''
[debug] &amp#27;[35m[ADB]&amp#27;[39m Running 'C:\Users\Fayaz\AppData\Local\Android\Sdk\platform-tools\adb.exe -P 5037 -s emulator-5554 shell pgrep -f \(\[\[:blank:\]\]\|\^\)io\.appium\.settings\(\[\[:blank:\]\]\|\$\)'
[debug] &amp#27;[35m[AndroidDriver]&amp#27;[39m io.appium.settings is already running. There is no need to reset its permissions.
[debug] &amp#27;[35m[Logcat]&amp#27;[39m Starting logs capture with command: C:\\Users\\Fayaz\\AppData\\Local\\Android\\Sdk\\platform-tools\\adb.exe -P 5037 -s emulator-5554 logcat -v threadtime
[debug] &amp#27;[35m[UiAutomator2]&amp#27;[39m Forwarding UiAutomator2 Server port 6790 to local port 8200
[debug] &amp#27;[35m[ADB]&amp#27;[39m Forwarding system: 8200 to device: 6790
[debug] &amp#27;[35m[ADB]&amp#27;[39m Running 'C:\Users\Fayaz\AppData\Local\Android\Sdk\platform-tools\adb.exe -P 5037 -s emulator-5554 forward tcp:8200 tcp:6790'
[debug] &amp#27;[35m[ADB]&amp#27;[39m Getting install status for io.appium.uiautomator2.server
[debug] &amp#27;[35m[ADB]&amp#27;[39m Running 'C:\Users\Fayaz\AppData\Local\Android\Sdk\platform-tools\adb.exe -P 5037 -s emulator-5554 shell dumpsys package io.appium.uiautomator2.server'
[debug] &amp#27;[35m[ADB]&amp#27;[39m 'io.appium.uiautomator2.server' is installed
[debug] &amp#27;[35m[ADB]&amp#27;[39m Getting package info for 'io.appium.uiautomator2.server'
[debug] &amp#27;[35m[ADB]&amp#27;[39m Running 'C:\Users\Fayaz\AppData\Local\Android\Sdk\platform-tools\adb.exe -P 5037 -s emulator-5554 shell dumpsys package io.appium.uiautomator2.server'
[debug] &amp#27;[35m[ADB]&amp#27;[39m The version name of the installed 'io.appium.uiautomator2.server' is greater or equal to the application version name ('4.21.1' >= '4.21.1')
[debug] &amp#27;[35m[UiAutomator2]&amp#27;[39m io.appium.uiautomator2.server installation state: sameVersionInstalled
[debug] &amp#27;[35m[ADB]&amp#27;[39m Checking app cert for C:\Users\Fayaz\AppData\Roaming\npm\node_modules\appium\node_modules\appium-uiautomator2-server\apks\appium-uiautomator2-server-v4.21.1.apk
&amp#27;[35m[ADB]&amp#27;[39m Using 'apksigner.jar' from 'C:\Users\Fayaz\AppData\Local\Android\Sdk\build-tools\31.0.0\lib\apksigner.jar'
[debug] &amp#27;[35m[ADB]&amp#27;[39m Starting apksigner: 'C:\\Program Files\\Amazon Corretto\\jdk1.8.0_312\\bin\\java.exe' -Xmx1024M -Xss1m -jar C:\\Users\\Fayaz\\AppData\\Local\\Android\\Sdk\\build-tools\\31.0.0\\lib\\apksigner.jar verify --print-certs C:\\Users\\Fayaz\\AppData\\Roaming\\npm\\node_modules\\appium\\node_modules\\appium-uiautomator2-server\\apks\\appium-uiautomator2-server-v4.21.1.apk
[debug] &amp#27;[35m[ADB]&amp#27;[39m apksigner stdout: Signer #1 certificate DN: EMAILADDRESS=android@android.com, CN=Android, OU=Android, O=Android, L=Mountain View, ST=California, C=US
[debug] &amp#27;[35m[ADB]&amp#27;[39m Signer #1 certificate SHA-256 digest: a40da80a59d170caa950cf15c18c454d47a39b26989d8b640ecd745ba71bf5dc
[debug] &amp#27;[35m[ADB]&amp#27;[39m Signer #1 certificate SHA-1 digest: 61ed377e85d386a8dfee6b864bd85b0bfaa5af81
[debug] &amp#27;[35m[ADB]&amp#27;[39m Signer #1 certificate MD5 digest: e89b158e4bcf988ebd09eb83f5378e87
[debug] &amp#27;[35m[ADB]&amp#27;[39m 
[debug] &amp#27;[35m[ADB]&amp#27;[39m sha256 hash did match for 'appium-uiautomator2-server-v4.21.1.apk'
&amp#27;[35m[ADB]&amp#27;[39m 'C:\Users\Fayaz\AppData\Roaming\npm\node_modules\appium\node_modules\appium-uiautomator2-server\apks\appium-uiautomator2-server-v4.21.1.apk' is signed with the default certificate
[debug] &amp#27;[35m[ADB]&amp#27;[39m Getting install status for io.appium.uiautomator2.server.test
[debug] &amp#27;[35m[ADB]&amp#27;[39m Running 'C:\Users\Fayaz\AppData\Local\Android\Sdk\platform-tools\adb.exe -P 5037 -s emulator-5554 shell dumpsys package io.appium.uiautomator2.server.test'
[debug] &amp#27;[35m[ADB]&amp#27;[39m 'io.appium.uiautomator2.server.test' is installed
[debug] &amp#27;[35m[ADB]&amp#27;[39m Checking app cert for C:\Users\Fayaz\AppData\Roaming\npm\node_modules\appium\node_modules\appium-uiautomator2-server\apks\appium-uiautomator2-server-debug-androidTest.apk
[debug] &amp#27;[35m[ADB]&amp#27;[39m Starting apksigner: 'C:\\Program Files\\Amazon Corretto\\jdk1.8.0_312\\bin\\java.exe' -Xmx1024M -Xss1m -jar C:\\Users\\Fayaz\\AppData\\Local\\Android\\Sdk\\build-tools\\31.0.0\\lib\\apksigner.jar verify --print-certs C:\\Users\\Fayaz\\AppData\\Roaming\\npm\\node_modules\\appium\\node_modules\\appium-uiautomator2-server\\apks\\appium-uiautomator2-server-debug-androidTest.apk
[debug] &amp#27;[35m[ADB]&amp#27;[39m apksigner stdout: Signer #1 certificate DN: EMAILADDRESS=android@android.com, CN=Android, OU=Android, O=Android, L=Mountain View, ST=California, C=US
[debug] &amp#27;[35m[ADB]&amp#27;[39m Signer #1 certificate SHA-256 digest: a40da80a59d170caa950cf15c18c454d47a39b26989d8b640ecd745ba71bf5dc
[debug] &amp#27;[35m[ADB]&amp#27;[39m Signer #1 certificate SHA-1 digest: 61ed377e85d386a8dfee6b864bd85b0bfaa5af81
[debug] &amp#27;[35m[ADB]&amp#27;[39m Signer #1 certificate MD5 digest: e89b158e4bcf988ebd09eb83f5378e87
[debug] &amp#27;[35m[ADB]&amp#27;[39m 
[debug] &amp#27;[35m[ADB]&amp#27;[39m sha256 hash did match for 'appium-uiautomator2-server-debug-androidTest.apk'
&amp#27;[35m[ADB]&amp#27;[39m 'C:\Users\Fayaz\AppData\Roaming\npm\node_modules\appium\node_modules\appium-uiautomator2-server\apks\appium-uiautomator2-server-debug-androidTest.apk' is signed with the default certificate
&amp#27;[35m[UiAutomator2]&amp#27;[39m Server packages are not going to be (re)installed
[debug] &amp#27;[35m[UiAutomator2]&amp#27;[39m Waiting up to 30000ms for services to be available
[debug] &amp#27;[35m[ADB]&amp#27;[39m Running 'C:\Users\Fayaz\AppData\Local\Android\Sdk\platform-tools\adb.exe -P 5037 -s emulator-5554 shell pm list instrumentation'
[debug] &amp#27;[35m[UiAutomator2]&amp#27;[39m Instrumentation target 'io.appium.uiautomator2.server.test/androidx.test.runner.AndroidJUnitRunner' is available
&amp#27;[35m[ADB]&amp#27;[39m Adding packages ["io.appium.settings","io.appium.uiautomator2.server","io.appium.uiautomator2.server.test"] to Doze whitelist
[debug] &amp#27;[35m[ADB]&amp#27;[39m Got the following command chunks to execute: [["dumpsys","deviceidle","whitelist","+io.appium.settings",";","dumpsys","deviceidle","whitelist","+io.appium.uiautomator2.server",";","dumpsys","deviceidle","whitelist","+io.appium.uiautomator2.server.test",";"]]
[debug] &amp#27;[35m[ADB]&amp#27;[39m Running 'C:\Users\Fayaz\AppData\Local\Android\Sdk\platform-tools\adb.exe -P 5037 -s emulator-5554 shell dumpsys deviceidle whitelist +io.appium.settings ; dumpsys deviceidle whitelist +io.appium.uiautomator2.server ; dumpsys deviceidle whitelist +io.appium.uiautomator2.server.test ;'
&amp#27;[35m[BaseDriver]&amp#27;[39m Shutting down because we waited 14 seconds for a command
&amp#27;[35m[Appium]&amp#27;[39m Closing session, cause was 'New Command Timeout of 14 seconds expired. Try customizing the timeout using the 'newCommandTimeout' desired capability'
&amp#27;[35m[Appium]&amp#27;[39m Removing session 'aad0714c-cfd1-474a-8bd4-3d43ef4925b5' from our master session list
[debug] &amp#27;[35m[UiAutomator2]&amp#27;[39m Deleting UiAutomator2 session
[debug] &amp#27;[35m[UiAutomator2]&amp#27;[39m Deleting UiAutomator2 server session
[debug] &amp#27;[35m[WD Proxy]&amp#27;[39m Matched '/' to command name 'deleteSession'
[debug] &amp#27;[35m[WD Proxy]&amp#27;[39m Proxying [DELETE /] to [DELETE http://127.0.0.1:8201/wd/hub/session/892543ca-6881-402d-bd41-d78c0c766844] with no body
[debug] &amp#27;[35m[WD Proxy]&amp#27;[39m Got response with status 200: {"sessionId":"892543ca-6881-402d-bd41-d78c0c766844","value":null}
[debug] &amp#27;[35m[ADB]&amp#27;[39m Running 'C:\Users\Fayaz\AppData\Local\Android\Sdk\platform-tools\adb.exe -P 5037 -s emulator-5554 shell am force-stop com.anumati'
[debug] &amp#27;[35m[ADB]&amp#27;[39m Checking app cert for C:\Users\Fayaz\Appium\Anumati\src\Anumati.apk
[debug] &amp#27;[35m[ADB]&amp#27;[39m Starting apksigner: 'C:\\Program Files\\Amazon Corretto\\jdk1.8.0_312\\bin\\java.exe' -Xmx1024M -Xss1m -jar C:\\Users\\Fayaz\\AppData\\Local\\Android\\Sdk\\build-tools\\31.0.0\\lib\\apksigner.jar verify --print-certs C:\\Users\\Fayaz\\Appium\\Anumati\\src\\Anumati.apk
[debug] &amp#27;[35m[Logcat]&amp#27;[39m Stopping logcat capture
[debug] &amp#27;[35m[ADB]&amp#27;[39m Removing forwarded port socket connection: 8201 
[debug] &amp#27;[35m[ADB]&amp#27;[39m Running 'C:\Users\Fayaz\AppData\Local\Android\Sdk\platform-tools\adb.exe -P 5037 -s emulator-5554 forward --remove tcp:8201'
[debug] &amp#27;[35m[Instrumentation]&amp#27;[39m .
&amp#27;[35m[UiAutomator2]&amp#27;[39m Restoring hidden api policy to the device default configuration
[debug] &amp#27;[35m[ADB]&amp#27;[39m Running 'C:\Users\Fayaz\AppData\Local\Android\Sdk\platform-tools\adb.exe -P 5037 -s emulator-5554 shell 'settings delete global hidden_api_policy_pre_p_apps;settings delete global hidden_api_policy_p_apps;settings delete global hidden_api_policy''
[debug] &amp#27;[35m[Instrumentation]&amp#27;[39m Time: 71.456
[debug] &amp#27;[35m[Instrumentation]&amp#27;[39m 
[debug] &amp#27;[35m[Instrumentation]&amp#27;[39m OK (1 test)
[debug] &amp#27;[35m[Instrumentation]&amp#27;[39m The process has exited with code 0
[debug] &amp#27;[35m[ADB]&amp#27;[39m apksigner stdout: Signer #1 certificate DN: CN=Android, OU=Android, O=Google Inc., L=Mountain View, ST=California, C=US
[debug] &amp#27;[35m[ADB]&amp#27;[39m Signer #1 certificate SHA-256 digest: 4730d6e1d0dc8733c1c2302d2b7ccedc5b85a93b2ac0e3a2971a6537173a90bb
[debug] &amp#27;[35m[ADB]&amp#27;[39m Signer #1 certificate SHA-1 digest: 27bcf6fcdf4384e29a8ba18048cbef83538d03e9
[debug] &amp#27;[35m[ADB]&amp#27;[39m Signer #1 certificate MD5 digest: d666c04c85a355f0835d049f3c545d7f
[debug] &amp#27;[35m[ADB]&amp#27;[39m Source Stamp Signer certificate DN: CN=Android, OU=Android, O=Google Inc., L=Mountain View, ST=California, C=US
[debug] &amp#27;[35m[ADB]&amp#27;[39m Source Stamp Signer certificate SHA-256 digest: 3257d599a49d2c961a471ca9843f59d341a405884583fc087df4237b733bbd6d
[debug] &amp#27;[35m[ADB]&amp#27;[39m Source Stamp Signer certificate SHA-1 digest: b1af3a0bf998aeede1a8716a539e5a59da1d86d6
[debug] &amp#27;[35m[ADB]&amp#27;[39m Source Stamp Signer certificate MD5 digest: 577b8a9fbc7e308321aec6411169d2fb
[debug] &amp#27;[35m[ADB]&amp#27;[39m 
&amp#27;[35m[ADB]&amp#27;[39m 'C:\Users\Fayaz\Appium\Anumati\src\Anumati.apk' is signed with a non-default certificate
[debug] &amp#27;[35m[ADB]&amp#27;[39m Getting install status for com.anumati
[debug] &amp#27;[35m[ADB]&amp#27;[39m Running 'C:\Users\Fayaz\AppData\Local\Android\Sdk\platform-tools\adb.exe -P 5037 -s emulator-5554 shell dumpsys package com.anumati'
[debug] &amp#27;[35m[ADB]&amp#27;[39m 'com.anumati' is installed
[debug] &amp#27;[35m[ADB]&amp#27;[39m Getting package info for 'com.anumati'
[debug] &amp#27;[35m[ADB]&amp#27;[39m Running 'C:\Users\Fayaz\AppData\Local\Android\Sdk\platform-tools\adb.exe -P 5037 -s emulator-5554 shell dumpsys package com.anumati'
[debug] &amp#27;[35m[ADB]&amp#27;[39m The version name of the installed 'com.anumati' is greater or equal to the application version name ('1.0.0' >= '1.0.0')
[debug] &amp#27;[35m[ADB]&amp#27;[39m There is no need to install/upgrade 'C:\Users\Fayaz\Appium\Anumati\src\Anumati.apk'
&amp#27;[35m[AndroidDriver]&amp#27;[39m Performing fast reset on 'com.anumati'
[debug] &amp#27;[35m[ADB]&amp#27;[39m Getting install status for com.anumati
[debug] &amp#27;[35m[ADB]&amp#27;[39m Running 'C:\Users\Fayaz\AppData\Local\Android\Sdk\platform-tools\adb.exe -P 5037 -s emulator-5554 shell dumpsys package com.anumati'
[debug] &amp#27;[35m[ADB]&amp#27;[39m 'com.anumati' is installed
[debug] &amp#27;[35m[ADB]&amp#27;[39m Running 'C:\Users\Fayaz\AppData\Local\Android\Sdk\platform-tools\adb.exe -P 5037 -s emulator-5554 shell am force-stop com.anumati'
[debug] &amp#27;[35m[ADB]&amp#27;[39m Running 'C:\Users\Fayaz\AppData\Local\Android\Sdk\platform-tools\adb.exe -P 5037 -s emulator-5554 shell pm clear com.anumati'
[debug] &amp#27;[35m[ADB]&amp#27;[39m Running 'C:\Users\Fayaz\AppData\Local\Android\Sdk\platform-tools\adb.exe -P 5037 -s emulator-5554 shell dumpsys package com.anumati'
[debug] &amp#27;[35m[ADB]&amp#27;[39m Retrieving requested permissions
[debug] &amp#27;[35m[ADB]&amp#27;[39m Retrieved 6 permissions from requested group
[debug] &amp#27;[35m[ADB]&amp#27;[39m Retrieving granted permissions
[debug] &amp#27;[35m[ADB]&amp#27;[39m Retrieved 1 permission from install,runtime groups
[debug] &amp#27;[35m[ADB]&amp#27;[39m Granting permissions ["android.permission.READ_EXTERNAL_STORAGE","android.permission.WRITE_EXTERNAL_STORAGE","android.permission.READ_EXTERNAL_STORAGE","android.permission.WRITE_EXTERNAL_STORAGE"] to 'com.anumati'
[debug] &amp#27;[35m[ADB]&amp#27;[39m Got the following command chunks to execute: [["pm","grant","com.anumati","android.permission.READ_EXTERNAL_STORAGE",";","pm","grant","com.anumati","android.permission.WRITE_EXTERNAL_STORAGE",";","pm","grant","com.anumati","android.permission.READ_EXTERNAL_STORAGE",";","pm","grant","com.anumati","android.permission.WRITE_EXTERNAL_STORAGE",";"]]
[debug] &amp#27;[35m[ADB]&amp#27;[39m Running 'C:\Users\Fayaz\AppData\Local\Android\Sdk\platform-tools\adb.exe -P 5037 -s emulator-5554 shell pm grant com.anumati android.permission.READ_EXTERNAL_STORAGE ; pm grant com.anumati android.permission.WRITE_EXTERNAL_STORAGE ; pm grant com.anumati android.permission.READ_EXTERNAL_STORAGE ; pm grant com.anumati android.permission.WRITE_EXTERNAL_STORAGE ;'
[debug] &amp#27;[35m[AndroidDriver]&amp#27;[39m Performed fast reset on the installed 'com.anumati' application (stop and clear)
[debug] &amp#27;[35m[UiAutomator2]&amp#27;[39m Performing shallow cleanup of automation leftovers
[debug] &amp#27;[35m[UiAutomator2]&amp#27;[39m No obsolete sessions have been detected (socket hang up)
[debug] &amp#27;[35m[ADB]&amp#27;[39m Running 'C:\Users\Fayaz\AppData\Local\Android\Sdk\platform-tools\adb.exe -P 5037 -s emulator-5554 shell am force-stop io.appium.uiautomator2.server.test'
&amp#27;[35m[UiAutomator2]&amp#27;[39m Starting UIAutomator2 server 4.21.1
&amp#27;[35m[UiAutomator2]&amp#27;[39m Using UIAutomator2 server from 'C:\Users\Fayaz\AppData\Roaming\npm\node_modules\appium\node_modules\appium-uiautomator2-server\apks\appium-uiautomator2-server-v4.21.1.apk' and test from 'C:\Users\Fayaz\AppData\Roaming\npm\node_modules\appium\node_modules\appium-uiautomator2-server\apks\appium-uiautomator2-server-debug-androidTest.apk'
&amp#27;[35m[UiAutomator2]&amp#27;[39m Waiting up to 30000ms for UiAutomator2 to be online...
[debug] &amp#27;[35m[ADB]&amp#27;[39m Creating ADB subprocess with args: ["-P",5037,"-s","emulator-5554","shell","am","instrument","-w","-e","disableAnalytics",true,"io.appium.uiautomator2.server.test/androidx.test.runner.AndroidJUnitRunner"]
[debug] &amp#27;[35m[WD Proxy]&amp#27;[39m Matched '/status' to command name 'getStatus'
[debug] &amp#27;[35m[WD Proxy]&amp#27;[39m Proxying [GET /status] to [GET http://127.0.0.1:8200/wd/hub/status] with no body
&amp#27;[35m[WD Proxy]&amp#27;[39m socket hang up
[debug] &amp#27;[35m[WD Proxy]&amp#27;[39m Matched '/status' to command name 'getStatus'
[debug] &amp#27;[35m[WD Proxy]&amp#27;[39m Proxying [GET /status] to [GET http://127.0.0.1:8200/wd/hub/status] with no body
&amp#27;[35m[WD Proxy]&amp#27;[39m socket hang up
[debug] &amp#27;[35m[Instrumentation]&amp#27;[39m io.appium.uiautomator2.server.test.AppiumUiAutomator2Server:
[debug] &amp#27;[35m[WD Proxy]&amp#27;[39m Matched '/status' to command name 'getStatus'
[debug] &amp#27;[35m[WD Proxy]&amp#27;[39m Proxying [GET /status] to [GET http://127.0.0.1:8200/wd/hub/status] with no body
&amp#27;[35m[WD Proxy]&amp#27;[39m socket hang up
[debug] &amp#27;[35m[WD Proxy]&amp#27;[39m Matched '/status' to command name 'getStatus'
[debug] &amp#27;[35m[WD Proxy]&amp#27;[39m Proxying [GET /status] to [GET http://127.0.0.1:8200/wd/hub/status] with no body
[debug] &amp#27;[35m[WD Proxy]&amp#27;[39m Got response with status 200: {"sessionId":"None","value":{"message":"UiAutomator2 Server is ready to accept commands","ready":true}}
[debug] &amp#27;[35m[UiAutomator2]&amp#27;[39m The initialization of the instrumentation process took 3272ms
[debug] &amp#27;[35m[WD Proxy]&amp#27;[39m Matched '/session' to command name 'createSession'
[debug] &amp#27;[35m[WD Proxy]&amp#27;[39m Proxying [POST /session] to [POST http://127.0.0.1:8200/wd/hub/session] with body: {"capabilities":{"firstMatch":[{"platform":"LINUX","webStorageEnabled":false,"takesScreenshot":true,"javascriptEnabled":true,"databaseEnabled":false,"networkConnectionEnabled":true,"locationContextEnabled":false,"warnings":{},"desired":{"goog:chromeOptions":{"w3c":false},"platformName":"android","app":"C:\\Users\\Fayaz\\Appium\\Anumati\\src\\Anumati.apk","autoGrantPermissions":true,"automationName":"uiautomator2","chromeOptions":{"w3c":false},"deviceName":"Fayaz_Emulator2","newCommandTimeout":14},"goog:chromeOptions":{"w3c":false},"platformName":"android","app":"C:\\Users\\Fayaz\\Appium\\Anumati\\src\\Anumati.apk","autoGrantPermissions":true,"automationName":"uiautomator2","chromeOptions":{"w3c":false},"deviceName":"emulator-5554","newCommandTimeout":14,"deviceUDID":"emulator-5554","appPackage":"com.anumati"}],"alwaysMatch":{}}}
[debug] &amp#27;[35m[WD Proxy]&amp#27;[39m Got response with status 200: {"sessionId":"1ef0d101-d8da-4e24-9391-d4cc4a49cdd9","value":{"capabilities":{"firstMatch":[{"platform":"LINUX","webStorageEnabled":false,"takesScreenshot":true,"javascriptEnabled":true,"databaseEnabled":false,"networkConnectionEnabled":true,"locationContextEnabled":false,"warnings":{},"desired":{"goog:chromeOptions":{"w3c":false},"platformName":"android","app":"C:\\Users\\Fayaz\\Appium\\Anumati\\src\\Anumati.apk","autoGrantPermissions":true,"automationName":"uiautomator2","chromeOptions":{"w3c":false},"deviceName":"Fayaz_Emulator2","newCommandTimeout":14},"goog:chromeOptions":{"w3c":false},"platformName":"android","app":"C:\\Users\\Fayaz\\Appium\\Anumati\\src\\Anumati.apk","autoGrantPermissions":true,"automationName":"uiautomator2","chromeOptions":{"w3c":false},"deviceName":"emulator-5554","newCommandTimeout":14,"deviceUDID":"emulator-5554","appPackage":"com.anumati"}],"alwaysMatch":{}},"sessionId":"1ef0d101-d8da-4e24-9391-d4cc4a49cdd9"}}
&amp#27;[35m[WD Proxy]&amp#27;[39m Determined the downstream protocol as 'W3C'
[debug] &amp#27;[35m[WD Proxy]&amp#27;[39m Proxying [GET /appium/device/info] to [GET http://127.0.0.1:8200/wd/hub/session/1ef0d101-d8da-4e24-9391-d4cc4a49cdd9/appium/device/info] with no body
[debug] &amp#27;[35m[WD Proxy]&amp#27;[39m Got response with status 200: {"sessionId":"1ef0d101-d8da-4e24-9391-d4cc4a49cdd9","value":{"androidId":"4c01298c58a50c77","apiVersion":"30","bluetooth":{"state":"ON"},"brand":"Android","carrierName":"Android","displayDensity":420,"locale":"en_US","manufacturer":"unknown","model":"Android SDK built for x86","networks":[{"capabilities":{"SSID":null,"linkDownBandwidthKbps":141000,"linkUpstreamBandwidthKbps":141000,"networkCapabilities":"NET_CAPABILITY_NOT_METERED,NET_CAPABILITY_INTERNET,NET_CAPABILITY_NOT_RESTRICTED,NET_CAPABILITY_TRUSTED,NET_CAPABILITY_NOT_VPN,NET_CAPABILITY_VALIDATED,NET_CAPABILITY_NOT_ROAMING,NET_CAPABILITY_FOREGROUND,NET_CAPABILITY_NOT_CONGESTED,NET_CAPABILITY_NOT_SUSPENDED","signalStrength":-30,"transportTypes":"TRANSPORT_WIFI"},"detailedState":"CONNECTED","extraInfo":"","isAvailable":true,"isConnected":true,"isFailover":false,"isRoaming":false,"state":"CONNECTED","subtype":0,"subtypeName":"","type":1,"typeName":"WIFI"},{"capabilities":{"SSID":null,"linkDownBandwidthKbps":30000,"linkUpstreamBandwidthKbps":15000,"netw...
[debug] &amp#27;[35m[ADB]&amp#27;[39m Running 'C:\Users\Fayaz\AppData\Local\Android\Sdk\platform-tools\adb.exe -P 5037 -s emulator-5554 shell dumpsys window'
&amp#27;[35m[AndroidDriver]&amp#27;[39m Screen already unlocked, doing nothing
&amp#27;[35m[UiAutomator2]&amp#27;[39m Starting 'com.anumati/com.aa.MainActivity and waiting for 'com.anumati/com.aa.MainActivity'
[debug] &amp#27;[35m[ADB]&amp#27;[39m Running 'C:\Users\Fayaz\AppData\Local\Android\Sdk\platform-tools\adb.exe -P 5037 -s emulator-5554 shell am start -W -n com.anumati/com.aa.MainActivity -S -a android.intent.action.MAIN -c android.intent.category.LAUNCHER -f 0x10200000'
[debug] &amp#27;[35m[ADB]&amp#27;[39m Waiting up to 20000ms for activity matching pkg: 'com.anumati' and activity: 'com.aa.MainActivity' to be focused
[debug] &amp#27;[35m[ADB]&amp#27;[39m Possible activities, to be checked: 'com.aa.MainActivity', 'com.anumati.com.aa.MainActivity'
[debug] &amp#27;[35m[ADB]&amp#27;[39m Getting focused package and activity
[debug] &amp#27;[35m[ADB]&amp#27;[39m Running 'C:\Users\Fayaz\AppData\Local\Android\Sdk\platform-tools\adb.exe -P 5037 -s emulator-5554 shell dumpsys window displays'
[debug] &amp#27;[35m[ADB]&amp#27;[39m Found package: 'com.anumati' and fully qualified activity name : 'com.aa.MainActivity'
[debug] &amp#27;[35m[WD Proxy]&amp#27;[39m Proxying [GET /appium/device/pixel_ratio] to [GET http://127.0.0.1:8200/wd/hub/session/1ef0d101-d8da-4e24-9391-d4cc4a49cdd9/appium/device/pixel_ratio] with no body
[debug] &amp#27;[35m[WD Proxy]&amp#27;[39m Got response with status 200: {"sessionId":"1ef0d101-d8da-4e24-9391-d4cc4a49cdd9","value":2.625}
[debug] &amp#27;[35m[WD Proxy]&amp#27;[39m Matched '/appium/device/system_bars' to command name 'getSystemBars'
[debug] &amp#27;[35m[WD Proxy]&amp#27;[39m Proxying [GET /appium/device/system_bars] to [GET http://127.0.0.1:8200/wd/hub/session/1ef0d101-d8da-4e24-9391-d4cc4a49cdd9/appium/device/system_bars] with no body
[debug] &amp#27;[35m[WD Proxy]&amp#27;[39m Got response with status 200: {"sessionId":"1ef0d101-d8da-4e24-9391-d4cc4a49cdd9","value":{"statusBar":63}}
[debug] &amp#27;[35m[WD Proxy]&amp#27;[39m Matched '/window/current/size' to command name 'getWindowSize'
[debug] &amp#27;[35m[WD Proxy]&amp#27;[39m Proxying [GET /window/current/size] to [GET http://127.0.0.1:8200/wd/hub/session/1ef0d101-d8da-4e24-9391-d4cc4a49cdd9/window/current/size] with no body
[debug] &amp#27;[35m[WD Proxy]&amp#27;[39m Got response with status 200: {"sessionId":"1ef0d101-d8da-4e24-9391-d4cc4a49cdd9","value":{"height":1794,"width":1080}}
&amp#27;[35m[Appium]&amp#27;[39m New AndroidUiautomator2Driver session created successfully, session 54f63c2d-f3e8-4c9f-b63f-13cd9fef41ac added to master session list
[debug] &amp#27;[35m[BaseDriver]&amp#27;[39m Event 'newSessionStarted' logged at 1638954443202 (14:37:23 GMT+0530 (India Standard Time))
[debug] &amp#27;[35m[W3C (54f63c2d)]&amp#27;[39m Cached the protocol value 'W3C' for the new session 54f63c2d-f3e8-4c9f-b63f-13cd9fef41ac
[debug] &amp#27;[35m[W3C (54f63c2d)]&amp#27;[39m Responding to client with driver.createSession() result: {"capabilities":{"platform":"LINUX","webStorageEnabled":false,"takesScreenshot":true,"javascriptEnabled":true,"databaseEnabled":false,"networkConnectionEnabled":true,"locationContextEnabled":false,"warnings":{},"desired":{"goog:chromeOptions":{"w3c":false},"platformName":"android","app":"C:\\Users\\Fayaz\\Appium\\Anumati\\src\\Anumati.apk","autoGrantPermissions":true,"automationName":"uiautomator2","chromeOptions":{"w3c":false},"deviceName":"Fayaz_Emulator2","newCommandTimeout":14},"goog:chromeOptions":{"w3c":false},"platformName":"android","app":"C:\\Users\\Fayaz\\Appium\\Anumati\\src\\Anumati.apk","autoGrantPermissions":true,"automationName":"uiautomator2","chromeOptions":{"w3c":false},"deviceName":"emulator-5554","newCommandTimeout":14,"deviceUDID":"emulator-5554","appPackage":"com.anumati","deviceApiLevel":30,"platformVersion":"11","deviceScreenSize":"1080x1920","deviceScreenDensity":420,"deviceModel":"Android SDK built for x86","deviceManufacturer":"unknown","pixelRatio":2.625,"statBarHeight":63,"view...
&amp#27;[35m[HTTP]&amp#27;[39m &amp#27;[37m<-- POST /wd/hub/session &amp#27;[39m&amp#27;[32m200&amp#27;[39m &amp#27;[90m19740 ms - 1140&amp#27;[39m
&amp#27;[35m[HTTP]&amp#27;[39m &amp#27;[90m&amp#27;[39m
&amp#27;[35m[HTTP]&amp#27;[39m &amp#27;[37m-->&amp#27;[39m &amp#27;[37mPOST&amp#27;[39m &amp#27;[37m/wd/hub/session/54f63c2d-f3e8-4c9f-b63f-13cd9fef41ac/timeouts&amp#27;[39m
&amp#27;[35m[HTTP]&amp#27;[39m &amp#27;[90m{"implicit":20000}&amp#27;[39m
[debug] &amp#27;[35m[W3C (54f63c2d)]&amp#27;[39m Calling AppiumDriver.timeouts() with args: [null,null,null,null,20000,"54f63c2d-f3e8-4c9f-b63f-13cd9fef41ac"]
[debug] &amp#27;[35m[BaseDriver]&amp#27;[39m W3C timeout argument: {"implicit":20000}}
[debug] &amp#27;[35m[BaseDriver]&amp#27;[39m Set implicit wait to 20000ms
[debug] &amp#27;[35m[W3C (54f63c2d)]&amp#27;[39m Responding to client with driver.timeouts() result: null
&amp#27;[35m[HTTP]&amp#27;[39m &amp#27;[37m<-- POST /wd/hub/session/54f63c2d-f3e8-4c9f-b63f-13cd9fef41ac/timeouts &amp#27;[39m&amp#27;[32m200&amp#27;[39m &amp#27;[90m2 ms - 14&amp#27;[39m
&amp#27;[35m[HTTP]&amp#27;[39m &amp#27;[90m&amp#27;[39m
&amp#27;[35m[HTTP]&amp#27;[39m &amp#27;[37m-->&amp#27;[39m &amp#27;[37mGET&amp#27;[39m &amp#27;[37m/wd/hub/session/54f63c2d-f3e8-4c9f-b63f-13cd9fef41ac/context&amp#27;[39m
&amp#27;[35m[HTTP]&amp#27;[39m &amp#27;[90m{}&amp#27;[39m
[debug] &amp#27;[35m[W3C (54f63c2d)]&amp#27;[39m Calling AppiumDriver.getCurrentContext() with args: ["54f63c2d-f3e8-4c9f-b63f-13cd9fef41ac"]
[debug] &amp#27;[35m[W3C (54f63c2d)]&amp#27;[39m Responding to client with driver.getCurrentContext() result: "NATIVE_APP"
&amp#27;[35m[HTTP]&amp#27;[39m &amp#27;[37m<-- GET /wd/hub/session/54f63c2d-f3e8-4c9f-b63f-13cd9fef41ac/context &amp#27;[39m&amp#27;[32m200&amp#27;[39m &amp#27;[90m1 ms - 22&amp#27;[39m
&amp#27;[35m[HTTP]&amp#27;[39m &amp#27;[90m&amp#27;[39m
&amp#27;[35m[HTTP]&amp#27;[39m &amp#27;[37m-->&amp#27;[39m &amp#27;[37mPOST&amp#27;[39m &amp#27;[37m/wd/hub/session/54f63c2d-f3e8-4c9f-b63f-13cd9fef41ac/element&amp#27;[39m
&amp#27;[35m[HTTP]&amp#27;[39m &amp#27;[90m{"using":"xpath","value":"//android.view.View[@text='Skip']"}&amp#27;[39m
[debug] &amp#27;[35m[W3C (54f63c2d)]&amp#27;[39m Calling AppiumDriver.findElement() with args: ["xpath","//android.view.View[@text='Skip']","54f63c2d-f3e8-4c9f-b63f-13cd9fef41ac"]
[debug] &amp#27;[35m[BaseDriver]&amp#27;[39m Valid locator strategies for this request: xpath, id, class name, accessibility id, css selector, -android uiautomator
[debug] &amp#27;[35m[BaseDriver]&amp#27;[39m Waiting up to 20000 ms for condition
[debug] &amp#27;[35m[WD Proxy]&amp#27;[39m Matched '/element' to command name 'findElement'
[debug] &amp#27;[35m[WD Proxy]&amp#27;[39m Proxying [POST /element] to [POST http://127.0.0.1:8200/wd/hub/session/1ef0d101-d8da-4e24-9391-d4cc4a49cdd9/element] with body: {"strategy":"xpath","selector":"//android.view.View[@text='Skip']","context":"","multiple":false}
&amp#27;[35m[WD Proxy]&amp#27;[39m Got response with status 404: {"sessionId":"1ef0d101-d8da-4e24-9391-d4cc4a49cdd9","value":{"error":"no such element","message":"An element could not be located on the page using the given search parameters","stacktrace":"io.appium.uiautomator2.common.exceptions.ElementNotFoundException: An element could not be located on the page using the given search parameters\n\tat io.appium.uiautomator2.handler.FindElement.findElement(FindElement.java:89)\n\tat io.appium.uiautomator2.handler.FindElement.safeHandle(FindElement.java:66)\n\tat io.appium.uiautomator2.handler.request.SafeRequestHandler.handle(SafeRequestHandler.java:41)\n\tat io.appium.uiautomator2.server.AppiumServlet.handleRequest(AppiumServlet.java:262)\n\tat io.appium.uiautomator2.server.AppiumServlet.handleHttpRequest(AppiumServlet.java:256)\n\tat io.appium.uiautomator2.http.ServerHandler.channelRead(ServerHandler.java:68)\n\tat io.netty.channel.AbstractChannelHandlerContext.invokeChannelRead(AbstractChannelHandlerContext.java:366)\n\tat io.netty.channel.AbstractChannelHandlerCont...
[debug] &amp#27;[35m[W3C]&amp#27;[39m Matched W3C error code 'no such element' to NoSuchElementError
[debug] &amp#27;[35m[BaseDriver]&amp#27;[39m Waited for 331 ms so far
[debug] &amp#27;[35m[WD Proxy]&amp#27;[39m Matched '/element' to command name 'findElement'
[debug] &amp#27;[35m[WD Proxy]&amp#27;[39m Proxying [POST /element] to [POST http://127.0.0.1:8200/wd/hub/session/1ef0d101-d8da-4e24-9391-d4cc4a49cdd9/element] with body: {"strategy":"xpath","selector":"//android.view.View[@text='Skip']","context":"","multiple":false}
[debug] &amp#27;[35m[WD Proxy]&amp#27;[39m Got response with status 200: {"sessionId":"1ef0d101-d8da-4e24-9391-d4cc4a49cdd9","value":{"ELEMENT":"7c11884d-264c-45e3-9e8a-3894330cb1b1","element-6066-11e4-a52e-4f735466cecf":"7c11884d-264c-45e3-9e8a-3894330cb1b1"}}
[debug] &amp#27;[35m[W3C (54f63c2d)]&amp#27;[39m Responding to client with driver.findElement() result: {"element-6066-11e4-a52e-4f735466cecf":"7c11884d-264c-45e3-9e8a-3894330cb1b1","ELEMENT":"7c11884d-264c-45e3-9e8a-3894330cb1b1"}
&amp#27;[35m[HTTP]&amp#27;[39m &amp#27;[37m<-- POST /wd/hub/session/54f63c2d-f3e8-4c9f-b63f-13cd9fef41ac/element &amp#27;[39m&amp#27;[32m200&amp#27;[39m &amp#27;[90m1378 ms - 137&amp#27;[39m
&amp#27;[35m[HTTP]&amp#27;[39m &amp#27;[90m&amp#27;[39m
&amp#27;[35m[HTTP]&amp#27;[39m &amp#27;[37m-->&amp#27;[39m &amp#27;[37mPOST&amp#27;[39m &amp#27;[37m/wd/hub/session/54f63c2d-f3e8-4c9f-b63f-13cd9fef41ac/element/7c11884d-264c-45e3-9e8a-3894330cb1b1/click&amp#27;[39m
&amp#27;[35m[HTTP]&amp#27;[39m &amp#27;[90m{"id":"7c11884d-264c-45e3-9e8a-3894330cb1b1"}&amp#27;[39m
[debug] &amp#27;[35m[W3C (54f63c2d)]&amp#27;[39m Calling AppiumDriver.click() with args: ["7c11884d-264c-45e3-9e8a-3894330cb1b1","54f63c2d-f3e8-4c9f-b63f-13cd9fef41ac"]
[debug] &amp#27;[35m[WD Proxy]&amp#27;[39m Matched '/element/7c11884d-264c-45e3-9e8a-3894330cb1b1/click' to command name 'click'
[debug] &amp#27;[35m[WD Proxy]&amp#27;[39m Proxying [POST /element/7c11884d-264c-45e3-9e8a-3894330cb1b1/click] to [POST http://127.0.0.1:8200/wd/hub/session/1ef0d101-d8da-4e24-9391-d4cc4a49cdd9/element/7c11884d-264c-45e3-9e8a-3894330cb1b1/click] with body: {"element":"7c11884d-264c-45e3-9e8a-3894330cb1b1"}
[debug] &amp#27;[35m[WD Proxy]&amp#27;[39m Got response with status 200: {"sessionId":"1ef0d101-d8da-4e24-9391-d4cc4a49cdd9","value":null}
[debug] &amp#27;[35m[W3C (54f63c2d)]&amp#27;[39m Responding to client with driver.click() result: null
&amp#27;[35m[HTTP]&amp#27;[39m &amp#27;[37m<-- POST /wd/hub/session/54f63c2d-f3e8-4c9f-b63f-13cd9fef41ac/element/7c11884d-264c-45e3-9e8a-3894330cb1b1/click &amp#27;[39m&amp#27;[32m200&amp#27;[39m &amp#27;[90m93 ms - 14&amp#27;[39m
&amp#27;[35m[HTTP]&amp#27;[39m &amp#27;[90m&amp#27;[39m
&amp#27;[35m[HTTP]&amp#27;[39m &amp#27;[37m-->&amp#27;[39m &amp#27;[37mGET&amp#27;[39m &amp#27;[37m/wd/hub/session/54f63c2d-f3e8-4c9f-b63f-13cd9fef41ac/context&amp#27;[39m
&amp#27;[35m[HTTP]&amp#27;[39m &amp#27;[90m{}&amp#27;[39m
[debug] &amp#27;[35m[W3C (54f63c2d)]&amp#27;[39m Calling AppiumDriver.getCurrentContext() with args: ["54f63c2d-f3e8-4c9f-b63f-13cd9fef41ac"]
[debug] &amp#27;[35m[W3C (54f63c2d)]&amp#27;[39m Responding to client with driver.getCurrentContext() result: "NATIVE_APP"
&amp#27;[35m[HTTP]&amp#27;[39m &amp#27;[37m<-- GET /wd/hub/session/54f63c2d-f3e8-4c9f-b63f-13cd9fef41ac/context &amp#27;[39m&amp#27;[32m200&amp#27;[39m &amp#27;[90m1 ms - 22&amp#27;[39m
&amp#27;[35m[HTTP]&amp#27;[39m &amp#27;[90m&amp#27;[39m
&amp#27;[35m[HTTP]&amp#27;[39m &amp#27;[37m-->&amp#27;[39m &amp#27;[37mPOST&amp#27;[39m &amp#27;[37m/wd/hub/session/54f63c2d-f3e8-4c9f-b63f-13cd9fef41ac/element&amp#27;[39m
&amp#27;[35m[HTTP]&amp#27;[39m &amp#27;[90m{"using":"xpath","value":"//android.view.View/android.widget.EditText[1]"}&amp#27;[39m
[debug] &amp#27;[35m[W3C (54f63c2d)]&amp#27;[39m Calling AppiumDriver.findElement() with args: ["xpath","//android.view.View/android.widget.EditText[1]","54f63c2d-f3e8-4c9f-b63f-13cd9fef41ac"]
[debug] &amp#27;[35m[BaseDriver]&amp#27;[39m Valid locator strategies for this request: xpath, id, class name, accessibility id, css selector, -android uiautomator
[debug] &amp#27;[35m[BaseDriver]&amp#27;[39m Waiting up to 20000 ms for condition
[debug] &amp#27;[35m[WD Proxy]&amp#27;[39m Matched '/element' to command name 'findElement'
[debug] &amp#27;[35m[WD Proxy]&amp#27;[39m Proxying [POST /element] to [POST http://127.0.0.1:8200/wd/hub/session/1ef0d101-d8da-4e24-9391-d4cc4a49cdd9/element] with body: {"strategy":"xpath","selector":"//android.view.View/android.widget.EditText[1]","context":"","multiple":false}
[debug] &amp#27;[35m[WD Proxy]&amp#27;[39m Got response with status 200: {"sessionId":"1ef0d101-d8da-4e24-9391-d4cc4a49cdd9","value":{"ELEMENT":"a9a62a8a-3ea3-49c1-ab43-b54aea014223","element-6066-11e4-a52e-4f735466cecf":"a9a62a8a-3ea3-49c1-ab43-b54aea014223"}}
[debug] &amp#27;[35m[W3C (54f63c2d)]&amp#27;[39m Responding to client with driver.findElement() result: {"element-6066-11e4-a52e-4f735466cecf":"a9a62a8a-3ea3-49c1-ab43-b54aea014223","ELEMENT":"a9a62a8a-3ea3-49c1-ab43-b54aea014223"}
&amp#27;[35m[HTTP]&amp#27;[39m &amp#27;[37m<-- POST /wd/hub/session/54f63c2d-f3e8-4c9f-b63f-13cd9fef41ac/element &amp#27;[39m&amp#27;[32m200&amp#27;[39m &amp#27;[90m1583 ms - 137&amp#27;[39m
&amp#27;[35m[HTTP]&amp#27;[39m &amp#27;[90m&amp#27;[39m
&amp#27;[35m[HTTP]&amp#27;[39m &amp#27;[37m-->&amp#27;[39m &amp#27;[37mPOST&amp#27;[39m &amp#27;[37m/wd/hub/session/54f63c2d-f3e8-4c9f-b63f-13cd9fef41ac/element/a9a62a8a-3ea3-49c1-ab43-b54aea014223/click&amp#27;[39m
&amp#27;[35m[HTTP]&amp#27;[39m &amp#27;[90m{"id":"a9a62a8a-3ea3-49c1-ab43-b54aea014223"}&amp#27;[39m
[debug] &amp#27;[35m[W3C (54f63c2d)]&amp#27;[39m Calling AppiumDriver.click() with args: ["a9a62a8a-3ea3-49c1-ab43-b54aea014223","54f63c2d-f3e8-4c9f-b63f-13cd9fef41ac"]
[debug] &amp#27;[35m[WD Proxy]&amp#27;[39m Matched '/element/a9a62a8a-3ea3-49c1-ab43-b54aea014223/click' to command name 'click'
[debug] &amp#27;[35m[WD Proxy]&amp#27;[39m Proxying [POST /element/a9a62a8a-3ea3-49c1-ab43-b54aea014223/click] to [POST http://127.0.0.1:8200/wd/hub/session/1ef0d101-d8da-4e24-9391-d4cc4a49cdd9/element/a9a62a8a-3ea3-49c1-ab43-b54aea014223/click] with body: {"element":"a9a62a8a-3ea3-49c1-ab43-b54aea014223"}
[debug] &amp#27;[35m[WD Proxy]&amp#27;[39m Got response with status 200: {"sessionId":"1ef0d101-d8da-4e24-9391-d4cc4a49cdd9","value":null}
[debug] &amp#27;[35m[W3C (54f63c2d)]&amp#27;[39m Responding to client with driver.click() result: null
&amp#27;[35m[HTTP]&amp#27;[39m &amp#27;[37m<-- POST /wd/hub/session/54f63c2d-f3e8-4c9f-b63f-13cd9fef41ac/element/a9a62a8a-3ea3-49c1-ab43-b54aea014223/click &amp#27;[39m&amp#27;[32m200&amp#27;[39m &amp#27;[90m435 ms - 14&amp#27;[39m
&amp#27;[35m[HTTP]&amp#27;[39m &amp#27;[90m&amp#27;[39m
&amp#27;[35m[HTTP]&amp#27;[39m &amp#27;[37m-->&amp#27;[39m &amp#27;[37mGET&amp#27;[39m &amp#27;[37m/wd/hub/session/54f63c2d-f3e8-4c9f-b63f-13cd9fef41ac/context&amp#27;[39m
&amp#27;[35m[HTTP]&amp#27;[39m &amp#27;[90m{}&amp#27;[39m
[debug] &amp#27;[35m[W3C (54f63c2d)]&amp#27;[39m Calling AppiumDriver.getCurrentContext() with args: ["54f63c2d-f3e8-4c9f-b63f-13cd9fef41ac"]
[debug] &amp#27;[35m[W3C (54f63c2d)]&amp#27;[39m Responding to client with driver.getCurrentContext() result: "NATIVE_APP"
&amp#27;[35m[HTTP]&amp#27;[39m &amp#27;[37m<-- GET /wd/hub/session/54f63c2d-f3e8-4c9f-b63f-13cd9fef41ac/context &amp#27;[39m&amp#27;[32m200&amp#27;[39m &amp#27;[90m1 ms - 22&amp#27;[39m
&amp#27;[35m[HTTP]&amp#27;[39m &amp#27;[90m&amp#27;[39m
&amp#27;[35m[HTTP]&amp#27;[39m &amp#27;[37m-->&amp#27;[39m &amp#27;[37mPOST&amp#27;[39m &amp#27;[37m/wd/hub/session/54f63c2d-f3e8-4c9f-b63f-13cd9fef41ac/element&amp#27;[39m
&amp#27;[35m[HTTP]&amp#27;[39m &amp#27;[90m{"using":"xpath","value":"//android.view.View/android.widget.EditText[1]"}&amp#27;[39m
[debug] &amp#27;[35m[W3C (54f63c2d)]&amp#27;[39m Calling AppiumDriver.findElement() with args: ["xpath","//android.view.View/android.widget.EditText[1]","54f63c2d-f3e8-4c9f-b63f-13cd9fef41ac"]
[debug] &amp#27;[35m[BaseDriver]&amp#27;[39m Valid locator strategies for this request: xpath, id, class name, accessibility id, css selector, -android uiautomator
[debug] &amp#27;[35m[BaseDriver]&amp#27;[39m Waiting up to 20000 ms for condition
[debug] &amp#27;[35m[WD Proxy]&amp#27;[39m Matched '/element' to command name 'findElement'
[debug] &amp#27;[35m[WD Proxy]&amp#27;[39m Proxying [POST /element] to [POST http://127.0.0.1:8200/wd/hub/session/1ef0d101-d8da-4e24-9391-d4cc4a49cdd9/element] with body: {"strategy":"xpath","selector":"//android.view.View/android.widget.EditText[1]","context":"","multiple":false}
[debug] &amp#27;[35m[WD Proxy]&amp#27;[39m Got response with status 200: {"sessionId":"1ef0d101-d8da-4e24-9391-d4cc4a49cdd9","value":{"ELEMENT":"a1d868ec-8852-4096-b3ff-b9ca99779d41","element-6066-11e4-a52e-4f735466cecf":"a1d868ec-8852-4096-b3ff-b9ca99779d41"}}
[debug] &amp#27;[35m[W3C (54f63c2d)]&amp#27;[39m Responding to client with driver.findElement() result: {"element-6066-11e4-a52e-4f735466cecf":"a1d868ec-8852-4096-b3ff-b9ca99779d41","ELEMENT":"a1d868ec-8852-4096-b3ff-b9ca99779d41"}
&amp#27;[35m[HTTP]&amp#27;[39m &amp#27;[37m<-- POST /wd/hub/session/54f63c2d-f3e8-4c9f-b63f-13cd9fef41ac/element &amp#27;[39m&amp#27;[32m200&amp#27;[39m &amp#27;[90m1538 ms - 137&amp#27;[39m
&amp#27;[35m[HTTP]&amp#27;[39m &amp#27;[90m&amp#27;[39m
&amp#27;[35m[HTTP]&amp#27;[39m &amp#27;[37m-->&amp#27;[39m &amp#27;[37mPOST&amp#27;[39m &amp#27;[37m/wd/hub/session/54f63c2d-f3e8-4c9f-b63f-13cd9fef41ac/element/a1d868ec-8852-4096-b3ff-b9ca99779d41/value&amp#27;[39m
&amp#27;[35m[HTTP]&amp#27;[39m &amp#27;[90m{"id":"a1d868ec-8852-4096-b3ff-b9ca99779d41","text":"7760305049","value":["7","7","6","0","3","0","5","0","4","9"]}&amp#27;[39m
[debug] &amp#27;[35m[W3C (54f63c2d)]&amp#27;[39m Calling AppiumDriver.setValue() with args: [["7","7","6","0","3","0","5","0","4","9"],"a1d868ec-8852-4096-b3ff-b9ca99779d41","54f63c2d-f3e8-4c9f-b63f-13cd9fef41ac"]
[debug] &amp#27;[35m[WD Proxy]&amp#27;[39m Matched '/element/a1d868ec-8852-4096-b3ff-b9ca99779d41/value' to command name 'setValue'
[debug] &amp#27;[35m[Protocol Converter]&amp#27;[39m Added 'value' property ["7","7","6","0","3","0","5","0","4","9"] to 'setValue' request body
[debug] &amp#27;[35m[WD Proxy]&amp#27;[39m Proxying [POST /element/a1d868ec-8852-4096-b3ff-b9ca99779d41/value] to [POST http://127.0.0.1:8200/wd/hub/session/1ef0d101-d8da-4e24-9391-d4cc4a49cdd9/element/a1d868ec-8852-4096-b3ff-b9ca99779d41/value] with body: {"elementId":"a1d868ec-8852-4096-b3ff-b9ca99779d41","text":"7760305049","replace":false,"value":["7","7","6","0","3","0","5","0","4","9"]}
[debug] &amp#27;[35m[WD Proxy]&amp#27;[39m Got response with status 200: {"sessionId":"1ef0d101-d8da-4e24-9391-d4cc4a49cdd9","value":null}
[debug] &amp#27;[35m[W3C (54f63c2d)]&amp#27;[39m Responding to client with driver.setValue() result: null
&amp#27;[35m[HTTP]&amp#27;[39m &amp#27;[37m<-- POST /wd/hub/session/54f63c2d-f3e8-4c9f-b63f-13cd9fef41ac/element/a1d868ec-8852-4096-b3ff-b9ca99779d41/value &amp#27;[39m&amp#27;[32m200&amp#27;[39m &amp#27;[90m356 ms - 14&amp#27;[39m
&amp#27;[35m[HTTP]&amp#27;[39m &amp#27;[90m&amp#27;[39m
&amp#27;[35m[HTTP]&amp#27;[39m &amp#27;[37m-->&amp#27;[39m &amp#27;[37mPOST&amp#27;[39m &amp#27;[37m/wd/hub/session/54f63c2d-f3e8-4c9f-b63f-13cd9fef41ac/appium/device/hide_keyboard&amp#27;[39m
&amp#27;[35m[HTTP]&amp#27;[39m &amp#27;[90m{}&amp#27;[39m
[debug] &amp#27;[35m[W3C (54f63c2d)]&amp#27;[39m Calling AppiumDriver.hideKeyboard() with args: [null,null,null,null,"54f63c2d-f3e8-4c9f-b63f-13cd9fef41ac"]
[debug] &amp#27;[35m[ADB]&amp#27;[39m Running 'C:\Users\Fayaz\AppData\Local\Android\Sdk\platform-tools\adb.exe -P 5037 -s emulator-5554 shell dumpsys input_method'
[debug] &amp#27;[35m[ADB]&amp#27;[39m Running 'C:\Users\Fayaz\AppData\Local\Android\Sdk\platform-tools\adb.exe -P 5037 -s emulator-5554 shell input keyevent 111'
[debug] &amp#27;[35m[ADB]&amp#27;[39m Running 'C:\Users\Fayaz\AppData\Local\Android\Sdk\platform-tools\adb.exe -P 5037 -s emulator-5554 shell dumpsys input_method'
[debug] &amp#27;[35m[ADB]&amp#27;[39m Running 'C:\Users\Fayaz\AppData\Local\Android\Sdk\platform-tools\adb.exe -P 5037 -s emulator-5554 shell dumpsys input_method'
[debug] &amp#27;[35m[ADB]&amp#27;[39m Running 'C:\Users\Fayaz\AppData\Local\Android\Sdk\platform-tools\adb.exe -P 5037 -s emulator-5554 shell input keyevent 4'
[debug] &amp#27;[35m[ADB]&amp#27;[39m Running 'C:\Users\Fayaz\AppData\Local\Android\Sdk\platform-tools\adb.exe -P 5037 -s emulator-5554 shell dumpsys input_method'
[debug] &amp#27;[35m[W3C (54f63c2d)]&amp#27;[39m Responding to client with driver.hideKeyboard() result: true
&amp#27;[35m[HTTP]&amp#27;[39m &amp#27;[37m<-- POST /wd/hub/session/54f63c2d-f3e8-4c9f-b63f-13cd9fef41ac/appium/device/hide_keyboard &amp#27;[39m&amp#27;[32m200&amp#27;[39m &amp#27;[90m4233 ms - 14&amp#27;[39m
&amp#27;[35m[HTTP]&amp#27;[39m &amp#27;[90m&amp#27;[39m
&amp#27;[35m[HTTP]&amp#27;[39m &amp#27;[37m-->&amp#27;[39m &amp#27;[37mGET&amp#27;[39m &amp#27;[37m/wd/hub/session/54f63c2d-f3e8-4c9f-b63f-13cd9fef41ac/context&amp#27;[39m
&amp#27;[35m[HTTP]&amp#27;[39m &amp#27;[90m{}&amp#27;[39m
[debug] &amp#27;[35m[W3C (54f63c2d)]&amp#27;[39m Calling AppiumDriver.getCurrentContext() with args: ["54f63c2d-f3e8-4c9f-b63f-13cd9fef41ac"]
[debug] &amp#27;[35m[W3C (54f63c2d)]&amp#27;[39m Responding to client with driver.getCurrentContext() result: "NATIVE_APP"
&amp#27;[35m[HTTP]&amp#27;[39m &amp#27;[37m<-- GET /wd/hub/session/54f63c2d-f3e8-4c9f-b63f-13cd9fef41ac/context &amp#27;[39m&amp#27;[32m200&amp#27;[39m &amp#27;[90m5 ms - 22&amp#27;[39m
&amp#27;[35m[HTTP]&amp#27;[39m &amp#27;[90m&amp#27;[39m
&amp#27;[35m[HTTP]&amp#27;[39m &amp#27;[37m-->&amp#27;[39m &amp#27;[37mPOST&amp#27;[39m &amp#27;[37m/wd/hub/session/54f63c2d-f3e8-4c9f-b63f-13cd9fef41ac/element&amp#27;[39m
&amp#27;[35m[HTTP]&amp#27;[39m &amp#27;[90m{"using":"xpath","value":"//android.widget.Button[@text='Proceed']"}&amp#27;[39m
[debug] &amp#27;[35m[W3C (54f63c2d)]&amp#27;[39m Calling AppiumDriver.findElement() with args: ["xpath","//android.widget.Button[@text='Proceed']","54f63c2d-f3e8-4c9f-b63f-13cd9fef41ac"]
[debug] &amp#27;[35m[BaseDriver]&amp#27;[39m Valid locator strategies for this request: xpath, id, class name, accessibility id, css selector, -android uiautomator
[debug] &amp#27;[35m[BaseDriver]&amp#27;[39m Waiting up to 20000 ms for condition
[debug] &amp#27;[35m[WD Proxy]&amp#27;[39m Matched '/element' to command name 'findElement'
[debug] &amp#27;[35m[WD Proxy]&amp#27;[39m Proxying [POST /element] to [POST http://127.0.0.1:8200/wd/hub/session/1ef0d101-d8da-4e24-9391-d4cc4a49cdd9/element] with body: {"strategy":"xpath","selector":"//android.widget.Button[@text='Proceed']","context":"","multiple":false}
[debug] &amp#27;[35m[WD Proxy]&amp#27;[39m Got response with status 200: {"sessionId":"1ef0d101-d8da-4e24-9391-d4cc4a49cdd9","value":{"ELEMENT":"e7da190d-67ff-4d7a-987e-a8c2b6554151","element-6066-11e4-a52e-4f735466cecf":"e7da190d-67ff-4d7a-987e-a8c2b6554151"}}
[debug] &amp#27;[35m[W3C (54f63c2d)]&amp#27;[39m Responding to client with driver.findElement() result: {"element-6066-11e4-a52e-4f735466cecf":"e7da190d-67ff-4d7a-987e-a8c2b6554151","ELEMENT":"e7da190d-67ff-4d7a-987e-a8c2b6554151"}
&amp#27;[35m[HTTP]&amp#27;[39m &amp#27;[37m<-- POST /wd/hub/session/54f63c2d-f3e8-4c9f-b63f-13cd9fef41ac/element &amp#27;[39m&amp#27;[32m200&amp#27;[39m &amp#27;[90m164 ms - 137&amp#27;[39m
&amp#27;[35m[HTTP]&amp#27;[39m &amp#27;[90m&amp#27;[39m
&amp#27;[35m[HTTP]&amp#27;[39m &amp#27;[37m-->&amp#27;[39m &amp#27;[37mPOST&amp#27;[39m &amp#27;[37m/wd/hub/session/54f63c2d-f3e8-4c9f-b63f-13cd9fef41ac/element/e7da190d-67ff-4d7a-987e-a8c2b6554151/click&amp#27;[39m
&amp#27;[35m[HTTP]&amp#27;[39m &amp#27;[90m{"id":"e7da190d-67ff-4d7a-987e-a8c2b6554151"}&amp#27;[39m
[debug] &amp#27;[35m[W3C (54f63c2d)]&amp#27;[39m Calling AppiumDriver.click() with args: ["e7da190d-67ff-4d7a-987e-a8c2b6554151","54f63c2d-f3e8-4c9f-b63f-13cd9fef41ac"]
[debug] &amp#27;[35m[WD Proxy]&amp#27;[39m Matched '/element/e7da190d-67ff-4d7a-987e-a8c2b6554151/click' to command name 'click'
[debug] &amp#27;[35m[WD Proxy]&amp#27;[39m Proxying [POST /element/e7da190d-67ff-4d7a-987e-a8c2b6554151/click] to [POST http://127.0.0.1:8200/wd/hub/session/1ef0d101-d8da-4e24-9391-d4cc4a49cdd9/element/e7da190d-67ff-4d7a-987e-a8c2b6554151/click] with body: {"element":"e7da190d-67ff-4d7a-987e-a8c2b6554151"}
[debug] &amp#27;[35m[WD Proxy]&amp#27;[39m Got response with status 200: {"sessionId":"1ef0d101-d8da-4e24-9391-d4cc4a49cdd9","value":null}
[debug] &amp#27;[35m[W3C (54f63c2d)]&amp#27;[39m Responding to client with driver.click() result: null
&amp#27;[35m[HTTP]&amp#27;[39m &amp#27;[37m<-- POST /wd/hub/session/54f63c2d-f3e8-4c9f-b63f-13cd9fef41ac/element/e7da190d-67ff-4d7a-987e-a8c2b6554151/click &amp#27;[39m&amp#27;[32m200&amp#27;[39m &amp#27;[90m143 ms - 14&amp#27;[39m
&amp#27;[35m[HTTP]&amp#27;[39m &amp#27;[90m&amp#27;[39m
&amp#27;[35m[HTTP]&amp#27;[39m &amp#27;[37m-->&amp#27;[39m &amp#27;[37mGET&amp#27;[39m &amp#27;[37m/wd/hub/session/54f63c2d-f3e8-4c9f-b63f-13cd9fef41ac/context&amp#27;[39m
&amp#27;[35m[HTTP]&amp#27;[39m &amp#27;[90m{}&amp#27;[39m
[debug] &amp#27;[35m[W3C (54f63c2d)]&amp#27;[39m Calling AppiumDriver.getCurrentContext() with args: ["54f63c2d-f3e8-4c9f-b63f-13cd9fef41ac"]
[debug] &amp#27;[35m[W3C (54f63c2d)]&amp#27;[39m Responding to client with driver.getCurrentContext() result: "NATIVE_APP"
&amp#27;[35m[HTTP]&amp#27;[39m &amp#27;[37m<-- GET /wd/hub/session/54f63c2d-f3e8-4c9f-b63f-13cd9fef41ac/context &amp#27;[39m&amp#27;[32m200&amp#27;[39m &amp#27;[90m3 ms - 22&amp#27;[39m
&amp#27;[35m[HTTP]&amp#27;[39m &amp#27;[90m&amp#27;[39m
&amp#27;[35m[HTTP]&amp#27;[39m &amp#27;[37m-->&amp#27;[39m &amp#27;[37mPOST&amp#27;[39m &amp#27;[37m/wd/hub/session/54f63c2d-f3e8-4c9f-b63f-13cd9fef41ac/element&amp#27;[39m
&amp#27;[35m[HTTP]&amp#27;[39m &amp#27;[90m{"using":"xpath","value":"//android.widget.EditText[1]"}&amp#27;[39m
[debug] &amp#27;[35m[W3C (54f63c2d)]&amp#27;[39m Calling AppiumDriver.findElement() with args: ["xpath","//android.widget.EditText[1]","54f63c2d-f3e8-4c9f-b63f-13cd9fef41ac"]
[debug] &amp#27;[35m[BaseDriver]&amp#27;[39m Valid locator strategies for this request: xpath, id, class name, accessibility id, css selector, -android uiautomator
[debug] &amp#27;[35m[BaseDriver]&amp#27;[39m Waiting up to 20000 ms for condition
[debug] &amp#27;[35m[WD Proxy]&amp#27;[39m Matched '/element' to command name 'findElement'
[debug] &amp#27;[35m[WD Proxy]&amp#27;[39m Proxying [POST /element] to [POST http://127.0.0.1:8200/wd/hub/session/1ef0d101-d8da-4e24-9391-d4cc4a49cdd9/element] with body: {"strategy":"xpath","selector":"//android.widget.EditText[1]","context":"","multiple":false}
[debug] &amp#27;[35m[WD Proxy]&amp#27;[39m Got response with status 200: {"sessionId":"1ef0d101-d8da-4e24-9391-d4cc4a49cdd9","value":{"ELEMENT":"05862a2a-c0c4-42fc-b6dd-4390f8761f8d","element-6066-11e4-a52e-4f735466cecf":"05862a2a-c0c4-42fc-b6dd-4390f8761f8d"}}
[debug] &amp#27;[35m[W3C (54f63c2d)]&amp#27;[39m Responding to client with driver.findElement() result: {"element-6066-11e4-a52e-4f735466cecf":"05862a2a-c0c4-42fc-b6dd-4390f8761f8d","ELEMENT":"05862a2a-c0c4-42fc-b6dd-4390f8761f8d"}
&amp#27;[35m[HTTP]&amp#27;[39m &amp#27;[37m<-- POST /wd/hub/session/54f63c2d-f3e8-4c9f-b63f-13cd9fef41ac/element &amp#27;[39m&amp#27;[32m200&amp#27;[39m &amp#27;[90m111 ms - 137&amp#27;[39m
&amp#27;[35m[HTTP]&amp#27;[39m &amp#27;[90m&amp#27;[39m
&amp#27;[35m[HTTP]&amp#27;[39m &amp#27;[37m-->&amp#27;[39m &amp#27;[37mPOST&amp#27;[39m &amp#27;[37m/wd/hub/session/54f63c2d-f3e8-4c9f-b63f-13cd9fef41ac/element/05862a2a-c0c4-42fc-b6dd-4390f8761f8d/value&amp#27;[39m
&amp#27;[35m[HTTP]&amp#27;[39m &amp#27;[90m{"id":"05862a2a-c0c4-42fc-b6dd-4390f8761f8d","text":"7760305049","value":["7","7","6","0","3","0","5","0","4","9"]}&amp#27;[39m
[debug] &amp#27;[35m[W3C (54f63c2d)]&amp#27;[39m Calling AppiumDriver.setValue() with args: [["7","7","6","0","3","0","5","0","4","9"],"05862a2a-c0c4-42fc-b6dd-4390f8761f8d","54f63c2d-f3e8-4c9f-b63f-13cd9fef41ac"]
[debug] &amp#27;[35m[WD Proxy]&amp#27;[39m Matched '/element/05862a2a-c0c4-42fc-b6dd-4390f8761f8d/value' to command name 'setValue'
[debug] &amp#27;[35m[Protocol Converter]&amp#27;[39m Added 'value' property ["7","7","6","0","3","0","5","0","4","9"] to 'setValue' request body
[debug] &amp#27;[35m[WD Proxy]&amp#27;[39m Proxying [POST /element/05862a2a-c0c4-42fc-b6dd-4390f8761f8d/value] to [POST http://127.0.0.1:8200/wd/hub/session/1ef0d101-d8da-4e24-9391-d4cc4a49cdd9/element/05862a2a-c0c4-42fc-b6dd-4390f8761f8d/value] with body: {"elementId":"05862a2a-c0c4-42fc-b6dd-4390f8761f8d","text":"7760305049","replace":false,"value":["7","7","6","0","3","0","5","0","4","9"]}
[debug] &amp#27;[35m[WD Proxy]&amp#27;[39m Got response with status 200: {"sessionId":"1ef0d101-d8da-4e24-9391-d4cc4a49cdd9","value":null}
[debug] &amp#27;[35m[W3C (54f63c2d)]&amp#27;[39m Responding to client with driver.setValue() result: null
&amp#27;[35m[HTTP]&amp#27;[39m &amp#27;[37m<-- POST /wd/hub/session/54f63c2d-f3e8-4c9f-b63f-13cd9fef41ac/element/05862a2a-c0c4-42fc-b6dd-4390f8761f8d/value &amp#27;[39m&amp#27;[32m200&amp#27;[39m &amp#27;[90m42 ms - 14&amp#27;[39m
&amp#27;[35m[HTTP]&amp#27;[39m &amp#27;[90m&amp#27;[39m
&amp#27;[35m[HTTP]&amp#27;[39m &amp#27;[37m-->&amp#27;[39m &amp#27;[37mGET&amp#27;[39m &amp#27;[37m/wd/hub/session/54f63c2d-f3e8-4c9f-b63f-13cd9fef41ac/context&amp#27;[39m
&amp#27;[35m[HTTP]&amp#27;[39m &amp#27;[90m{}&amp#27;[39m
[debug] &amp#27;[35m[W3C (54f63c2d)]&amp#27;[39m Calling AppiumDriver.getCurrentContext() with args: ["54f63c2d-f3e8-4c9f-b63f-13cd9fef41ac"]
[debug] &amp#27;[35m[W3C (54f63c2d)]&amp#27;[39m Responding to client with driver.getCurrentContext() result: "NATIVE_APP"
&amp#27;[35m[HTTP]&amp#27;[39m &amp#27;[37m<-- GET /wd/hub/session/54f63c2d-f3e8-4c9f-b63f-13cd9fef41ac/context &amp#27;[39m&amp#27;[32m200&amp#27;[39m &amp#27;[90m1 ms - 22&amp#27;[39m
&amp#27;[35m[HTTP]&amp#27;[39m &amp#27;[90m&amp#27;[39m
&amp#27;[35m[HTTP]&amp#27;[39m &amp#27;[37m-->&amp#27;[39m &amp#27;[37mPOST&amp#27;[39m &amp#27;[37m/wd/hub/session/54f63c2d-f3e8-4c9f-b63f-13cd9fef41ac/element&amp#27;[39m
&amp#27;[35m[HTTP]&amp#27;[39m &amp#27;[90m{"using":"xpath","value":"(//android.widget.EditText)[2]"}&amp#27;[39m
[debug] &amp#27;[35m[W3C (54f63c2d)]&amp#27;[39m Calling AppiumDriver.findElement() with args: ["xpath","(//android.widget.EditText)[2]","54f63c2d-f3e8-4c9f-b63f-13cd9fef41ac"]
[debug] &amp#27;[35m[BaseDriver]&amp#27;[39m Valid locator strategies for this request: xpath, id, class name, accessibility id, css selector, -android uiautomator
[debug] &amp#27;[35m[BaseDriver]&amp#27;[39m Waiting up to 20000 ms for condition
[debug] &amp#27;[35m[WD Proxy]&amp#27;[39m Matched '/element' to command name 'findElement'
[debug] &amp#27;[35m[WD Proxy]&amp#27;[39m Proxying [POST /element] to [POST http://127.0.0.1:8200/wd/hub/session/1ef0d101-d8da-4e24-9391-d4cc4a49cdd9/element] with body: {"strategy":"xpath","selector":"(//android.widget.EditText)[2]","context":"","multiple":false}
[debug] &amp#27;[35m[WD Proxy]&amp#27;[39m Got response with status 200: {"sessionId":"1ef0d101-d8da-4e24-9391-d4cc4a49cdd9","value":{"ELEMENT":"c4d39cc9-73fc-4b75-8d9f-67119f7b06b1","element-6066-11e4-a52e-4f735466cecf":"c4d39cc9-73fc-4b75-8d9f-67119f7b06b1"}}
[debug] &amp#27;[35m[W3C (54f63c2d)]&amp#27;[39m Responding to client with driver.findElement() result: {"element-6066-11e4-a52e-4f735466cecf":"c4d39cc9-73fc-4b75-8d9f-67119f7b06b1","ELEMENT":"c4d39cc9-73fc-4b75-8d9f-67119f7b06b1"}
&amp#27;[35m[HTTP]&amp#27;[39m &amp#27;[37m<-- POST /wd/hub/session/54f63c2d-f3e8-4c9f-b63f-13cd9fef41ac/element &amp#27;[39m&amp#27;[32m200&amp#27;[39m &amp#27;[90m523 ms - 137&amp#27;[39m
&amp#27;[35m[HTTP]&amp#27;[39m &amp#27;[90m&amp#27;[39m
&amp#27;[35m[HTTP]&amp#27;[39m &amp#27;[37m-->&amp#27;[39m &amp#27;[37mPOST&amp#27;[39m &amp#27;[37m/wd/hub/session/54f63c2d-f3e8-4c9f-b63f-13cd9fef41ac/element/c4d39cc9-73fc-4b75-8d9f-67119f7b06b1/click&amp#27;[39m
&amp#27;[35m[HTTP]&amp#27;[39m &amp#27;[90m{"id":"c4d39cc9-73fc-4b75-8d9f-67119f7b06b1"}&amp#27;[39m
[debug] &amp#27;[35m[W3C (54f63c2d)]&amp#27;[39m Calling AppiumDriver.click() with args: ["c4d39cc9-73fc-4b75-8d9f-67119f7b06b1","54f63c2d-f3e8-4c9f-b63f-13cd9fef41ac"]
[debug] &amp#27;[35m[WD Proxy]&amp#27;[39m Matched '/element/c4d39cc9-73fc-4b75-8d9f-67119f7b06b1/click' to command name 'click'
[debug] &amp#27;[35m[WD Proxy]&amp#27;[39m Proxying [POST /element/c4d39cc9-73fc-4b75-8d9f-67119f7b06b1/click] to [POST http://127.0.0.1:8200/wd/hub/session/1ef0d101-d8da-4e24-9391-d4cc4a49cdd9/element/c4d39cc9-73fc-4b75-8d9f-67119f7b06b1/click] with body: {"element":"c4d39cc9-73fc-4b75-8d9f-67119f7b06b1"}
[debug] &amp#27;[35m[WD Proxy]&amp#27;[39m Got response with status 200: {"sessionId":"1ef0d101-d8da-4e24-9391-d4cc4a49cdd9","value":null}
[debug] &amp#27;[35m[W3C (54f63c2d)]&amp#27;[39m Responding to client with driver.click() result: null
&amp#27;[35m[HTTP]&amp#27;[39m &amp#27;[37m<-- POST /wd/hub/session/54f63c2d-f3e8-4c9f-b63f-13cd9fef41ac/element/c4d39cc9-73fc-4b75-8d9f-67119f7b06b1/click &amp#27;[39m&amp#27;[32m200&amp#27;[39m &amp#27;[90m91 ms - 14&amp#27;[39m
&amp#27;[35m[HTTP]&amp#27;[39m &amp#27;[90m&amp#27;[39m
&amp#27;[35m[HTTP]&amp#27;[39m &amp#27;[37m-->&amp#27;[39m &amp#27;[37mGET&amp#27;[39m &amp#27;[37m/wd/hub/session/54f63c2d-f3e8-4c9f-b63f-13cd9fef41ac/context&amp#27;[39m
&amp#27;[35m[HTTP]&amp#27;[39m &amp#27;[90m{}&amp#27;[39m
[debug] &amp#27;[35m[W3C (54f63c2d)]&amp#27;[39m Calling AppiumDriver.getCurrentContext() with args: ["54f63c2d-f3e8-4c9f-b63f-13cd9fef41ac"]
[debug] &amp#27;[35m[W3C (54f63c2d)]&amp#27;[39m Responding to client with driver.getCurrentContext() result: "NATIVE_APP"
&amp#27;[35m[HTTP]&amp#27;[39m &amp#27;[37m<-- GET /wd/hub/session/54f63c2d-f3e8-4c9f-b63f-13cd9fef41ac/context &amp#27;[39m&amp#27;[32m200&amp#27;[39m &amp#27;[90m1 ms - 22&amp#27;[39m
&amp#27;[35m[HTTP]&amp#27;[39m &amp#27;[90m&amp#27;[39m
&amp#27;[35m[HTTP]&amp#27;[39m &amp#27;[37m-->&amp#27;[39m &amp#27;[37mPOST&amp#27;[39m &amp#27;[37m/wd/hub/session/54f63c2d-f3e8-4c9f-b63f-13cd9fef41ac/element&amp#27;[39m
&amp#27;[35m[HTTP]&amp#27;[39m &amp#27;[90m{"using":"xpath","value":"(//android.widget.EditText)[2]"}&amp#27;[39m
[debug] &amp#27;[35m[W3C (54f63c2d)]&amp#27;[39m Calling AppiumDriver.findElement() with args: ["xpath","(//android.widget.EditText)[2]","54f63c2d-f3e8-4c9f-b63f-13cd9fef41ac"]
[debug] &amp#27;[35m[BaseDriver]&amp#27;[39m Valid locator strategies for this request: xpath, id, class name, accessibility id, css selector, -android uiautomator
[debug] &amp#27;[35m[BaseDriver]&amp#27;[39m Waiting up to 20000 ms for condition
[debug] &amp#27;[35m[WD Proxy]&amp#27;[39m Matched '/element' to command name 'findElement'
[debug] &amp#27;[35m[WD Proxy]&amp#27;[39m Proxying [POST /element] to [POST http://127.0.0.1:8200/wd/hub/session/1ef0d101-d8da-4e24-9391-d4cc4a49cdd9/element] with body: {"strategy":"xpath","selector":"(//android.widget.EditText)[2]","context":"","multiple":false}
[debug] &amp#27;[35m[WD Proxy]&amp#27;[39m Got response with status 200: {"sessionId":"1ef0d101-d8da-4e24-9391-d4cc4a49cdd9","value":{"ELEMENT":"9c9f7b1f-cf20-4d4b-bf3a-16313308034a","element-6066-11e4-a52e-4f735466cecf":"9c9f7b1f-cf20-4d4b-bf3a-16313308034a"}}
[debug] &amp#27;[35m[W3C (54f63c2d)]&amp#27;[39m Responding to client with driver.findElement() result: {"element-6066-11e4-a52e-4f735466cecf":"9c9f7b1f-cf20-4d4b-bf3a-16313308034a","ELEMENT":"9c9f7b1f-cf20-4d4b-bf3a-16313308034a"}
&amp#27;[35m[HTTP]&amp#27;[39m &amp#27;[37m<-- POST /wd/hub/session/54f63c2d-f3e8-4c9f-b63f-13cd9fef41ac/element &amp#27;[39m&amp#27;[32m200&amp#27;[39m &amp#27;[90m99 ms - 137&amp#27;[39m
&amp#27;[35m[HTTP]&amp#27;[39m &amp#27;[90m&amp#27;[39m
&amp#27;[35m[HTTP]&amp#27;[39m &amp#27;[37m-->&amp#27;[39m &amp#27;[37mPOST&amp#27;[39m &amp#27;[37m/wd/hub/session/54f63c2d-f3e8-4c9f-b63f-13cd9fef41ac/element/9c9f7b1f-cf20-4d4b-bf3a-16313308034a/value&amp#27;[39m
&amp#27;[35m[HTTP]&amp#27;[39m &amp#27;[90m{"id":"9c9f7b1f-cf20-4d4b-bf3a-16313308034a","text":"0082","value":["0","0","8","2"]}&amp#27;[39m
[debug] &amp#27;[35m[W3C (54f63c2d)]&amp#27;[39m Calling AppiumDriver.setValue() with args: [["0","0","8","2"],"9c9f7b1f-cf20-4d4b-bf3a-16313308034a","54f63c2d-f3e8-4c9f-b63f-13cd9fef41ac"]
[debug] &amp#27;[35m[WD Proxy]&amp#27;[39m Matched '/element/9c9f7b1f-cf20-4d4b-bf3a-16313308034a/value' to command name 'setValue'
[debug] &amp#27;[35m[Protocol Converter]&amp#27;[39m Added 'value' property ["0","0","8","2"] to 'setValue' request body
[debug] &amp#27;[35m[WD Proxy]&amp#27;[39m Proxying [POST /element/9c9f7b1f-cf20-4d4b-bf3a-16313308034a/value] to [POST http://127.0.0.1:8200/wd/hub/session/1ef0d101-d8da-4e24-9391-d4cc4a49cdd9/element/9c9f7b1f-cf20-4d4b-bf3a-16313308034a/value] with body: {"elementId":"9c9f7b1f-cf20-4d4b-bf3a-16313308034a","text":"0082","replace":false,"value":["0","0","8","2"]}
[debug] &amp#27;[35m[WD Proxy]&amp#27;[39m Got response with status 200: {"sessionId":"1ef0d101-d8da-4e24-9391-d4cc4a49cdd9","value":null}
[debug] &amp#27;[35m[W3C (54f63c2d)]&amp#27;[39m Responding to client with driver.setValue() result: null
&amp#27;[35m[HTTP]&amp#27;[39m &amp#27;[37m<-- POST /wd/hub/session/54f63c2d-f3e8-4c9f-b63f-13cd9fef41ac/element/9c9f7b1f-cf20-4d4b-bf3a-16313308034a/value &amp#27;[39m&amp#27;[32m200&amp#27;[39m &amp#27;[90m1257 ms - 14&amp#27;[39m
&amp#27;[35m[HTTP]&amp#27;[39m &amp#27;[90m&amp#27;[39m
&amp#27;[35m[HTTP]&amp#27;[39m &amp#27;[37m-->&amp#27;[39m &amp#27;[37mGET&amp#27;[39m &amp#27;[37m/wd/hub/session/54f63c2d-f3e8-4c9f-b63f-13cd9fef41ac/context&amp#27;[39m
&amp#27;[35m[HTTP]&amp#27;[39m &amp#27;[90m{}&amp#27;[39m
[debug] &amp#27;[35m[W3C (54f63c2d)]&amp#27;[39m Calling AppiumDriver.getCurrentContext() with args: ["54f63c2d-f3e8-4c9f-b63f-13cd9fef41ac"]
[debug] &amp#27;[35m[W3C (54f63c2d)]&amp#27;[39m Responding to client with driver.getCurrentContext() result: "NATIVE_APP"
&amp#27;[35m[HTTP]&amp#27;[39m &amp#27;[37m<-- GET /wd/hub/session/54f63c2d-f3e8-4c9f-b63f-13cd9fef41ac/context &amp#27;[39m&amp#27;[32m200&amp#27;[39m &amp#27;[90m3 ms - 22&amp#27;[39m
&amp#27;[35m[HTTP]&amp#27;[39m &amp#27;[90m&amp#27;[39m
&amp#27;[35m[HTTP]&amp#27;[39m &amp#27;[37m-->&amp#27;[39m &amp#27;[37mPOST&amp#27;[39m &amp#27;[37m/wd/hub/session/54f63c2d-f3e8-4c9f-b63f-13cd9fef41ac/element&amp#27;[39m
&amp#27;[35m[HTTP]&amp#27;[39m &amp#27;[90m{"using":"xpath","value":"//android.widget.Button[@text='Sign In']"}&amp#27;[39m
[debug] &amp#27;[35m[W3C (54f63c2d)]&amp#27;[39m Calling AppiumDriver.findElement() with args: ["xpath","//android.widget.Button[@text='Sign In']","54f63c2d-f3e8-4c9f-b63f-13cd9fef41ac"]
[debug] &amp#27;[35m[BaseDriver]&amp#27;[39m Valid locator strategies for this request: xpath, id, class name, accessibility id, css selector, -android uiautomator
[debug] &amp#27;[35m[BaseDriver]&amp#27;[39m Waiting up to 20000 ms for condition
[debug] &amp#27;[35m[WD Proxy]&amp#27;[39m Matched '/element' to command name 'findElement'
[debug] &amp#27;[35m[WD Proxy]&amp#27;[39m Proxying [POST /element] to [POST http://127.0.0.1:8200/wd/hub/session/1ef0d101-d8da-4e24-9391-d4cc4a49cdd9/element] with body: {"strategy":"xpath","selector":"//android.widget.Button[@text='Sign In']","context":"","multiple":false}
[debug] &amp#27;[35m[WD Proxy]&amp#27;[39m Got response with status 200: {"sessionId":"1ef0d101-d8da-4e24-9391-d4cc4a49cdd9","value":{"ELEMENT":"0c921127-b81f-4abc-9935-42be0975ba07","element-6066-11e4-a52e-4f735466cecf":"0c921127-b81f-4abc-9935-42be0975ba07"}}
[debug] &amp#27;[35m[W3C (54f63c2d)]&amp#27;[39m Responding to client with driver.findElement() result: {"element-6066-11e4-a52e-4f735466cecf":"0c921127-b81f-4abc-9935-42be0975ba07","ELEMENT":"0c921127-b81f-4abc-9935-42be0975ba07"}
&amp#27;[35m[HTTP]&amp#27;[39m &amp#27;[37m<-- POST /wd/hub/session/54f63c2d-f3e8-4c9f-b63f-13cd9fef41ac/element &amp#27;[39m&amp#27;[32m200&amp#27;[39m &amp#27;[90m1093 ms - 137&amp#27;[39m
&amp#27;[35m[HTTP]&amp#27;[39m &amp#27;[90m&amp#27;[39m
&amp#27;[35m[HTTP]&amp#27;[39m &amp#27;[37m-->&amp#27;[39m &amp#27;[37mPOST&amp#27;[39m &amp#27;[37m/wd/hub/session/54f63c2d-f3e8-4c9f-b63f-13cd9fef41ac/element/0c921127-b81f-4abc-9935-42be0975ba07/click&amp#27;[39m
&amp#27;[35m[HTTP]&amp#27;[39m &amp#27;[90m{"id":"0c921127-b81f-4abc-9935-42be0975ba07"}&amp#27;[39m
[debug] &amp#27;[35m[W3C (54f63c2d)]&amp#27;[39m Calling AppiumDriver.click() with args: ["0c921127-b81f-4abc-9935-42be0975ba07","54f63c2d-f3e8-4c9f-b63f-13cd9fef41ac"]
[debug] &amp#27;[35m[WD Proxy]&amp#27;[39m Matched '/element/0c921127-b81f-4abc-9935-42be0975ba07/click' to command name 'click'
[debug] &amp#27;[35m[WD Proxy]&amp#27;[39m Proxying [POST /element/0c921127-b81f-4abc-9935-42be0975ba07/click] to [POST http://127.0.0.1:8200/wd/hub/session/1ef0d101-d8da-4e24-9391-d4cc4a49cdd9/element/0c921127-b81f-4abc-9935-42be0975ba07/click] with body: {"element":"0c921127-b81f-4abc-9935-42be0975ba07"}
[debug] &amp#27;[35m[WD Proxy]&amp#27;[39m Got response with status 200: {"sessionId":"1ef0d101-d8da-4e24-9391-d4cc4a49cdd9","value":null}
[debug] &amp#27;[35m[W3C (54f63c2d)]&amp#27;[39m Responding to client with driver.click() result: null
&amp#27;[35m[HTTP]&amp#27;[39m &amp#27;[37m<-- POST /wd/hub/session/54f63c2d-f3e8-4c9f-b63f-13cd9fef41ac/element/0c921127-b81f-4abc-9935-42be0975ba07/click &amp#27;[39m&amp#27;[32m200&amp#27;[39m &amp#27;[90m111 ms - 14&amp#27;[39m
&amp#27;[35m[HTTP]&amp#27;[39m &amp#27;[90m&amp#27;[39m
&amp#27;[35m[HTTP]&amp#27;[39m &amp#27;[37m-->&amp#27;[39m &amp#27;[37mGET&amp#27;[39m &amp#27;[37m/wd/hub/session/54f63c2d-f3e8-4c9f-b63f-13cd9fef41ac/context&amp#27;[39m
&amp#27;[35m[HTTP]&amp#27;[39m &amp#27;[90m{}&amp#27;[39m
[debug] &amp#27;[35m[W3C (54f63c2d)]&amp#27;[39m Calling AppiumDriver.getCurrentContext() with args: ["54f63c2d-f3e8-4c9f-b63f-13cd9fef41ac"]
[debug] &amp#27;[35m[W3C (54f63c2d)]&amp#27;[39m Responding to client with driver.getCurrentContext() result: "NATIVE_APP"
&amp#27;[35m[HTTP]&amp#27;[39m &amp#27;[37m<-- GET /wd/hub/session/54f63c2d-f3e8-4c9f-b63f-13cd9fef41ac/context &amp#27;[39m&amp#27;[32m200&amp#27;[39m &amp#27;[90m2 ms - 22&amp#27;[39m
&amp#27;[35m[HTTP]&amp#27;[39m &amp#27;[90m&amp#27;[39m
&amp#27;[35m[HTTP]&amp#27;[39m &amp#27;[37m-->&amp#27;[39m &amp#27;[37mPOST&amp#27;[39m &amp#27;[37m/wd/hub/session/54f63c2d-f3e8-4c9f-b63f-13cd9fef41ac/element&amp#27;[39m
&amp#27;[35m[HTTP]&amp#27;[39m &amp#27;[90m{"using":"xpath","value":"//android.view.View[1]/android.view.View[3]/android.view.View[1]/android.view.View[1]"}&amp#27;[39m
[debug] &amp#27;[35m[W3C (54f63c2d)]&amp#27;[39m Calling AppiumDriver.findElement() with args: ["xpath","//android.view.View[1]/android.view.View[3]/android.view.View[1]/android.view.View[1]","54f63c2d-f3e8-4c9f-b63f-13cd9fef41ac"]
[debug] &amp#27;[35m[BaseDriver]&amp#27;[39m Valid locator strategies for this request: xpath, id, class name, accessibility id, css selector, -android uiautomator
[debug] &amp#27;[35m[BaseDriver]&amp#27;[39m Waiting up to 20000 ms for condition
[debug] &amp#27;[35m[WD Proxy]&amp#27;[39m Matched '/element' to command name 'findElement'
[debug] &amp#27;[35m[WD Proxy]&amp#27;[39m Proxying [POST /element] to [POST http://127.0.0.1:8200/wd/hub/session/1ef0d101-d8da-4e24-9391-d4cc4a49cdd9/element] with body: {"strategy":"xpath","selector":"//android.view.View[1]/android.view.View[3]/android.view.View[1]/android.view.View[1]","context":"","multiple":false}
[debug] &amp#27;[35m[WD Proxy]&amp#27;[39m Got response with status 200: {"sessionId":"1ef0d101-d8da-4e24-9391-d4cc4a49cdd9","value":{"ELEMENT":"351c6d30-2bf1-45c2-a287-17d023128396","element-6066-11e4-a52e-4f735466cecf":"351c6d30-2bf1-45c2-a287-17d023128396"}}
[debug] &amp#27;[35m[W3C (54f63c2d)]&amp#27;[39m Responding to client with driver.findElement() result: {"element-6066-11e4-a52e-4f735466cecf":"351c6d30-2bf1-45c2-a287-17d023128396","ELEMENT":"351c6d30-2bf1-45c2-a287-17d023128396"}
&amp#27;[35m[HTTP]&amp#27;[39m &amp#27;[37m<-- POST /wd/hub/session/54f63c2d-f3e8-4c9f-b63f-13cd9fef41ac/element &amp#27;[39m&amp#27;[32m200&amp#27;[39m &amp#27;[90m108 ms - 137&amp#27;[39m
&amp#27;[35m[HTTP]&amp#27;[39m &amp#27;[90m&amp#27;[39m
&amp#27;[35m[HTTP]&amp#27;[39m &amp#27;[37m-->&amp#27;[39m &amp#27;[37mPOST&amp#27;[39m &amp#27;[37m/wd/hub/session/54f63c2d-f3e8-4c9f-b63f-13cd9fef41ac/element/351c6d30-2bf1-45c2-a287-17d023128396/click&amp#27;[39m
&amp#27;[35m[HTTP]&amp#27;[39m &amp#27;[90m{"id":"351c6d30-2bf1-45c2-a287-17d023128396"}&amp#27;[39m
[debug] &amp#27;[35m[W3C (54f63c2d)]&amp#27;[39m Calling AppiumDriver.click() with args: ["351c6d30-2bf1-45c2-a287-17d023128396","54f63c2d-f3e8-4c9f-b63f-13cd9fef41ac"]
[debug] &amp#27;[35m[WD Proxy]&amp#27;[39m Matched '/element/351c6d30-2bf1-45c2-a287-17d023128396/click' to command name 'click'
[debug] &amp#27;[35m[WD Proxy]&amp#27;[39m Proxying [POST /element/351c6d30-2bf1-45c2-a287-17d023128396/click] to [POST http://127.0.0.1:8200/wd/hub/session/1ef0d101-d8da-4e24-9391-d4cc4a49cdd9/element/351c6d30-2bf1-45c2-a287-17d023128396/click] with body: {"element":"351c6d30-2bf1-45c2-a287-17d023128396"}
[debug] &amp#27;[35m[WD Proxy]&amp#27;[39m Got response with status 200: {"sessionId":"1ef0d101-d8da-4e24-9391-d4cc4a49cdd9","value":null}
[debug] &amp#27;[35m[W3C (54f63c2d)]&amp#27;[39m Responding to client with driver.click() result: null
&amp#27;[35m[HTTP]&amp#27;[39m &amp#27;[37m<-- POST /wd/hub/session/54f63c2d-f3e8-4c9f-b63f-13cd9fef41ac/element/351c6d30-2bf1-45c2-a287-17d023128396/click &amp#27;[39m&amp#27;[32m200&amp#27;[39m &amp#27;[90m102 ms - 14&amp#27;[39m
&amp#27;[35m[HTTP]&amp#27;[39m &amp#27;[90m&amp#27;[39m
&amp#27;[35m[HTTP]&amp#27;[39m &amp#27;[37m-->&amp#27;[39m &amp#27;[37mGET&amp#27;[39m &amp#27;[37m/wd/hub/session/54f63c2d-f3e8-4c9f-b63f-13cd9fef41ac/context&amp#27;[39m
&amp#27;[35m[HTTP]&amp#27;[39m &amp#27;[90m{}&amp#27;[39m
[debug] &amp#27;[35m[W3C (54f63c2d)]&amp#27;[39m Calling AppiumDriver.getCurrentContext() with args: ["54f63c2d-f3e8-4c9f-b63f-13cd9fef41ac"]
[debug] &amp#27;[35m[W3C (54f63c2d)]&amp#27;[39m Responding to client with driver.getCurrentContext() result: "NATIVE_APP"
&amp#27;[35m[HTTP]&amp#27;[39m &amp#27;[37m<-- GET /wd/hub/session/54f63c2d-f3e8-4c9f-b63f-13cd9fef41ac/context &amp#27;[39m&amp#27;[32m200&amp#27;[39m &amp#27;[90m1 ms - 22&amp#27;[39m
&amp#27;[35m[HTTP]&amp#27;[39m &amp#27;[90m&amp#27;[39m
&amp#27;[35m[HTTP]&amp#27;[39m &amp#27;[37m-->&amp#27;[39m &amp#27;[37mPOST&amp#27;[39m &amp#27;[37m/wd/hub/session/54f63c2d-f3e8-4c9f-b63f-13cd9fef41ac/element&amp#27;[39m
&amp#27;[35m[HTTP]&amp#27;[39m &amp#27;[90m{"using":"xpath","value":"//android.view.View[@text='Log Out']"}&amp#27;[39m
[debug] &amp#27;[35m[W3C (54f63c2d)]&amp#27;[39m Calling AppiumDriver.findElement() with args: ["xpath","//android.view.View[@text='Log Out']","54f63c2d-f3e8-4c9f-b63f-13cd9fef41ac"]
[debug] &amp#27;[35m[BaseDriver]&amp#27;[39m Valid locator strategies for this request: xpath, id, class name, accessibility id, css selector, -android uiautomator
[debug] &amp#27;[35m[BaseDriver]&amp#27;[39m Waiting up to 20000 ms for condition
[debug] &amp#27;[35m[WD Proxy]&amp#27;[39m Matched '/element' to command name 'findElement'
[debug] &amp#27;[35m[WD Proxy]&amp#27;[39m Proxying [POST /element] to [POST http://127.0.0.1:8200/wd/hub/session/1ef0d101-d8da-4e24-9391-d4cc4a49cdd9/element] with body: {"strategy":"xpath","selector":"//android.view.View[@text='Log Out']","context":"","multiple":false}
&amp#27;[35m[WD Proxy]&amp#27;[39m Got response with status 404: {"sessionId":"1ef0d101-d8da-4e24-9391-d4cc4a49cdd9","value":{"error":"no such element","message":"An element could not be located on the page using the given search parameters","stacktrace":"io.appium.uiautomator2.common.exceptions.ElementNotFoundException: An element could not be located on the page using the given search parameters\n\tat io.appium.uiautomator2.handler.FindElement.findElement(FindElement.java:89)\n\tat io.appium.uiautomator2.handler.FindElement.safeHandle(FindElement.java:66)\n\tat io.appium.uiautomator2.handler.request.SafeRequestHandler.handle(SafeRequestHandler.java:41)\n\tat io.appium.uiautomator2.server.AppiumServlet.handleRequest(AppiumServlet.java:262)\n\tat io.appium.uiautomator2.server.AppiumServlet.handleHttpRequest(AppiumServlet.java:256)\n\tat io.appium.uiautomator2.http.ServerHandler.channelRead(ServerHandler.java:68)\n\tat io.netty.channel.AbstractChannelHandlerContext.invokeChannelRead(AbstractChannelHandlerContext.java:366)\n\tat io.netty.channel.AbstractChannelHandlerCont...
[debug] &amp#27;[35m[W3C]&amp#27;[39m Matched W3C error code 'no such element' to NoSuchElementError
[debug] &amp#27;[35m[BaseDriver]&amp#27;[39m Waited for 825 ms so far
[debug] &amp#27;[35m[WD Proxy]&amp#27;[39m Matched '/element' to command name 'findElement'
[debug] &amp#27;[35m[WD Proxy]&amp#27;[39m Proxying [POST /element] to [POST http://127.0.0.1:8200/wd/hub/session/1ef0d101-d8da-4e24-9391-d4cc4a49cdd9/element] with body: {"strategy":"xpath","selector":"//android.view.View[@text='Log Out']","context":"","multiple":false}
[debug] &amp#27;[35m[WD Proxy]&amp#27;[39m Got response with status 200: {"sessionId":"1ef0d101-d8da-4e24-9391-d4cc4a49cdd9","value":{"ELEMENT":"90e179fd-2942-4dc9-864b-0c6f8098e5a6","element-6066-11e4-a52e-4f735466cecf":"90e179fd-2942-4dc9-864b-0c6f8098e5a6"}}
[debug] &amp#27;[35m[W3C (54f63c2d)]&amp#27;[39m Responding to client with driver.findElement() result: {"element-6066-11e4-a52e-4f735466cecf":"90e179fd-2942-4dc9-864b-0c6f8098e5a6","ELEMENT":"90e179fd-2942-4dc9-864b-0c6f8098e5a6"}
&amp#27;[35m[HTTP]&amp#27;[39m &amp#27;[37m<-- POST /wd/hub/session/54f63c2d-f3e8-4c9f-b63f-13cd9fef41ac/element &amp#27;[39m&amp#27;[32m200&amp#27;[39m &amp#27;[90m1451 ms - 137&amp#27;[39m
&amp#27;[35m[HTTP]&amp#27;[39m &amp#27;[90m&amp#27;[39m
&amp#27;[35m[HTTP]&amp#27;[39m &amp#27;[37m-->&amp#27;[39m &amp#27;[37mPOST&amp#27;[39m &amp#27;[37m/wd/hub/session/54f63c2d-f3e8-4c9f-b63f-13cd9fef41ac/element/90e179fd-2942-4dc9-864b-0c6f8098e5a6/click&amp#27;[39m
&amp#27;[35m[HTTP]&amp#27;[39m &amp#27;[90m{"id":"90e179fd-2942-4dc9-864b-0c6f8098e5a6"}&amp#27;[39m
[debug] &amp#27;[35m[W3C (54f63c2d)]&amp#27;[39m Calling AppiumDriver.click() with args: ["90e179fd-2942-4dc9-864b-0c6f8098e5a6","54f63c2d-f3e8-4c9f-b63f-13cd9fef41ac"]
[debug] &amp#27;[35m[WD Proxy]&amp#27;[39m Matched '/element/90e179fd-2942-4dc9-864b-0c6f8098e5a6/click' to command name 'click'
[debug] &amp#27;[35m[WD Proxy]&amp#27;[39m Proxying [POST /element/90e179fd-2942-4dc9-864b-0c6f8098e5a6/click] to [POST http://127.0.0.1:8200/wd/hub/session/1ef0d101-d8da-4e24-9391-d4cc4a49cdd9/element/90e179fd-2942-4dc9-864b-0c6f8098e5a6/click] with body: {"element":"90e179fd-2942-4dc9-864b-0c6f8098e5a6"}
[debug] &amp#27;[35m[WD Proxy]&amp#27;[39m Got response with status 200: {"sessionId":"1ef0d101-d8da-4e24-9391-d4cc4a49cdd9","value":null}
[debug] &amp#27;[35m[W3C (54f63c2d)]&amp#27;[39m Responding to client with driver.click() result: null
&amp#27;[35m[HTTP]&amp#27;[39m &amp#27;[37m<-- POST /wd/hub/session/54f63c2d-f3e8-4c9f-b63f-13cd9fef41ac/element/90e179fd-2942-4dc9-864b-0c6f8098e5a6/click &amp#27;[39m&amp#27;[32m200&amp#27;[39m &amp#27;[90m82 ms - 14&amp#27;[39m
&amp#27;[35m[HTTP]&amp#27;[39m &amp#27;[90m&amp#27;[39m
&amp#27;[35m[HTTP]&amp#27;[39m &amp#27;[37m-->&amp#27;[39m &amp#27;[37mGET&amp#27;[39m &amp#27;[37m/wd/hub/session/54f63c2d-f3e8-4c9f-b63f-13cd9fef41ac/context&amp#27;[39m
&amp#27;[35m[HTTP]&amp#27;[39m &amp#27;[90m{}&amp#27;[39m
[debug] &amp#27;[35m[W3C (54f63c2d)]&amp#27;[39m Calling AppiumDriver.getCurrentContext() with args: ["54f63c2d-f3e8-4c9f-b63f-13cd9fef41ac"]
[debug] &amp#27;[35m[W3C (54f63c2d)]&amp#27;[39m Responding to client with driver.getCurrentContext() result: "NATIVE_APP"
&amp#27;[35m[HTTP]&amp#27;[39m &amp#27;[37m<-- GET /wd/hub/session/54f63c2d-f3e8-4c9f-b63f-13cd9fef41ac/context &amp#27;[39m&amp#27;[32m200&amp#27;[39m &amp#27;[90m2 ms - 22&amp#27;[39m
&amp#27;[35m[HTTP]&amp#27;[39m &amp#27;[90m&amp#27;[39m
&amp#27;[35m[HTTP]&amp#27;[39m &amp#27;[37m-->&amp#27;[39m &amp#27;[37mPOST&amp#27;[39m &amp#27;[37m/wd/hub/session/54f63c2d-f3e8-4c9f-b63f-13cd9fef41ac/element&amp#27;[39m
&amp#27;[35m[HTTP]&amp#27;[39m &amp#27;[90m{"using":"xpath","value":"//android.widget.Button[@text='Log Out']"}&amp#27;[39m
[debug] &amp#27;[35m[W3C (54f63c2d)]&amp#27;[39m Calling AppiumDriver.findElement() with args: ["xpath","//android.widget.Button[@text='Log Out']","54f63c2d-f3e8-4c9f-b63f-13cd9fef41ac"]
[debug] &amp#27;[35m[BaseDriver]&amp#27;[39m Valid locator strategies for this request: xpath, id, class name, accessibility id, css selector, -android uiautomator
[debug] &amp#27;[35m[BaseDriver]&amp#27;[39m Waiting up to 20000 ms for condition
[debug] &amp#27;[35m[WD Proxy]&amp#27;[39m Matched '/element' to command name 'findElement'
[debug] &amp#27;[35m[WD Proxy]&amp#27;[39m Proxying [POST /element] to [POST http://127.0.0.1:8200/wd/hub/session/1ef0d101-d8da-4e24-9391-d4cc4a49cdd9/element] with body: {"strategy":"xpath","selector":"//android.widget.Button[@text='Log Out']","context":"","multiple":false}
[debug] &amp#27;[35m[WD Proxy]&amp#27;[39m Got response with status 200: {"sessionId":"1ef0d101-d8da-4e24-9391-d4cc4a49cdd9","value":{"ELEMENT":"c14aef08-d858-4204-a9e8-0c21fafa57a9","element-6066-11e4-a52e-4f735466cecf":"c14aef08-d858-4204-a9e8-0c21fafa57a9"}}
[debug] &amp#27;[35m[W3C (54f63c2d)]&amp#27;[39m Responding to client with driver.findElement() result: {"element-6066-11e4-a52e-4f735466cecf":"c14aef08-d858-4204-a9e8-0c21fafa57a9","ELEMENT":"c14aef08-d858-4204-a9e8-0c21fafa57a9"}
&amp#27;[35m[HTTP]&amp#27;[39m &amp#27;[37m<-- POST /wd/hub/session/54f63c2d-f3e8-4c9f-b63f-13cd9fef41ac/element &amp#27;[39m&amp#27;[32m200&amp#27;[39m &amp#27;[90m273 ms - 137&amp#27;[39m
&amp#27;[35m[HTTP]&amp#27;[39m &amp#27;[90m&amp#27;[39m
&amp#27;[35m[HTTP]&amp#27;[39m &amp#27;[37m-->&amp#27;[39m &amp#27;[37mPOST&amp#27;[39m &amp#27;[37m/wd/hub/session/54f63c2d-f3e8-4c9f-b63f-13cd9fef41ac/element/c14aef08-d858-4204-a9e8-0c21fafa57a9/click&amp#27;[39m
&amp#27;[35m[HTTP]&amp#27;[39m &amp#27;[90m{"id":"c14aef08-d858-4204-a9e8-0c21fafa57a9"}&amp#27;[39m
[debug] &amp#27;[35m[W3C (54f63c2d)]&amp#27;[39m Calling AppiumDriver.click() with args: ["c14aef08-d858-4204-a9e8-0c21fafa57a9","54f63c2d-f3e8-4c9f-b63f-13cd9fef41ac"]
[debug] &amp#27;[35m[WD Proxy]&amp#27;[39m Matched '/element/c14aef08-d858-4204-a9e8-0c21fafa57a9/click' to command name 'click'
[debug] &amp#27;[35m[WD Proxy]&amp#27;[39m Proxying [POST /element/c14aef08-d858-4204-a9e8-0c21fafa57a9/click] to [POST http://127.0.0.1:8200/wd/hub/session/1ef0d101-d8da-4e24-9391-d4cc4a49cdd9/element/c14aef08-d858-4204-a9e8-0c21fafa57a9/click] with body: {"element":"c14aef08-d858-4204-a9e8-0c21fafa57a9"}
[debug] &amp#27;[35m[WD Proxy]&amp#27;[39m Got response with status 200: {"sessionId":"1ef0d101-d8da-4e24-9391-d4cc4a49cdd9","value":null}
[debug] &amp#27;[35m[W3C (54f63c2d)]&amp#27;[39m Responding to client with driver.click() result: null
&amp#27;[35m[HTTP]&amp#27;[39m &amp#27;[37m<-- POST /wd/hub/session/54f63c2d-f3e8-4c9f-b63f-13cd9fef41ac/element/c14aef08-d858-4204-a9e8-0c21fafa57a9/click &amp#27;[39m&amp#27;[32m200&amp#27;[39m &amp#27;[90m344 ms - 14&amp#27;[39m
&amp#27;[35m[HTTP]&amp#27;[39m &amp#27;[90m&amp#27;[39m
&amp#27;[35m[HTTP]&amp#27;[39m &amp#27;[37m-->&amp#27;[39m &amp#27;[37mGET&amp#27;[39m &amp#27;[37m/wd/hub/session/54f63c2d-f3e8-4c9f-b63f-13cd9fef41ac/context&amp#27;[39m
&amp#27;[35m[HTTP]&amp#27;[39m &amp#27;[90m{}&amp#27;[39m
[debug] &amp#27;[35m[W3C (54f63c2d)]&amp#27;[39m Calling AppiumDriver.getCurrentContext() with args: ["54f63c2d-f3e8-4c9f-b63f-13cd9fef41ac"]
[debug] &amp#27;[35m[W3C (54f63c2d)]&amp#27;[39m Responding to client with driver.getCurrentContext() result: "NATIVE_APP"
&amp#27;[35m[HTTP]&amp#27;[39m &amp#27;[37m<-- GET /wd/hub/session/54f63c2d-f3e8-4c9f-b63f-13cd9fef41ac/context &amp#27;[39m&amp#27;[32m200&amp#27;[39m &amp#27;[90m1 ms - 22&amp#27;[39m
&amp#27;[35m[HTTP]&amp#27;[39m &amp#27;[90m&amp#27;[39m
&amp#27;[35m[HTTP]&amp#27;[39m &amp#27;[37m-->&amp#27;[39m &amp#27;[37mPOST&amp#27;[39m &amp#27;[37m/wd/hub/session/54f63c2d-f3e8-4c9f-b63f-13cd9fef41ac/element&amp#27;[39m
&amp#27;[35m[HTTP]&amp#27;[39m &amp#27;[90m{"using":"xpath","value":"//android.view.View[@text='Sign In']"}&amp#27;[39m
[debug] &amp#27;[35m[W3C (54f63c2d)]&amp#27;[39m Calling AppiumDriver.findElement() with args: ["xpath","//android.view.View[@text='Sign In']","54f63c2d-f3e8-4c9f-b63f-13cd9fef41ac"]
[debug] &amp#27;[35m[BaseDriver]&amp#27;[39m Valid locator strategies for this request: xpath, id, class name, accessibility id, css selector, -android uiautomator
[debug] &amp#27;[35m[BaseDriver]&amp#27;[39m Waiting up to 20000 ms for condition
[debug] &amp#27;[35m[WD Proxy]&amp#27;[39m Matched '/element' to command name 'findElement'
[debug] &amp#27;[35m[WD Proxy]&amp#27;[39m Proxying [POST /element] to [POST http://127.0.0.1:8200/wd/hub/session/1ef0d101-d8da-4e24-9391-d4cc4a49cdd9/element] with body: {"strategy":"xpath","selector":"//android.view.View[@text='Sign In']","context":"","multiple":false}
&amp#27;[35m[WD Proxy]&amp#27;[39m Got response with status 404: {"sessionId":"1ef0d101-d8da-4e24-9391-d4cc4a49cdd9","value":{"error":"no such element","message":"An element could not be located on the page using the given search parameters","stacktrace":"io.appium.uiautomator2.common.exceptions.ElementNotFoundException: An element could not be located on the page using the given search parameters\n\tat io.appium.uiautomator2.handler.FindElement.findElement(FindElement.java:89)\n\tat io.appium.uiautomator2.handler.FindElement.safeHandle(FindElement.java:66)\n\tat io.appium.uiautomator2.handler.request.SafeRequestHandler.handle(SafeRequestHandler.java:41)\n\tat io.appium.uiautomator2.server.AppiumServlet.handleRequest(AppiumServlet.java:262)\n\tat io.appium.uiautomator2.server.AppiumServlet.handleHttpRequest(AppiumServlet.java:256)\n\tat io.appium.uiautomator2.http.ServerHandler.channelRead(ServerHandler.java:68)\n\tat io.netty.channel.AbstractChannelHandlerContext.invokeChannelRead(AbstractChannelHandlerContext.java:366)\n\tat io.netty.channel.AbstractChannelHandlerCont...
[debug] &amp#27;[35m[W3C]&amp#27;[39m Matched W3C error code 'no such element' to NoSuchElementError
[debug] &amp#27;[35m[BaseDriver]&amp#27;[39m Waited for 348 ms so far
[debug] &amp#27;[35m[WD Proxy]&amp#27;[39m Matched '/element' to command name 'findElement'
[debug] &amp#27;[35m[WD Proxy]&amp#27;[39m Proxying [POST /element] to [POST http://127.0.0.1:8200/wd/hub/session/1ef0d101-d8da-4e24-9391-d4cc4a49cdd9/element] with body: {"strategy":"xpath","selector":"//android.view.View[@text='Sign In']","context":"","multiple":false}
[debug] &amp#27;[35m[WD Proxy]&amp#27;[39m Got response with status 200: {"sessionId":"1ef0d101-d8da-4e24-9391-d4cc4a49cdd9","value":{"ELEMENT":"4ba47fd5-e44b-41aa-8ba0-2367363c11d7","element-6066-11e4-a52e-4f735466cecf":"4ba47fd5-e44b-41aa-8ba0-2367363c11d7"}}
[debug] &amp#27;[35m[W3C (54f63c2d)]&amp#27;[39m Responding to client with driver.findElement() result: {"element-6066-11e4-a52e-4f735466cecf":"4ba47fd5-e44b-41aa-8ba0-2367363c11d7","ELEMENT":"4ba47fd5-e44b-41aa-8ba0-2367363c11d7"}
&amp#27;[35m[HTTP]&amp#27;[39m &amp#27;[37m<-- POST /wd/hub/session/54f63c2d-f3e8-4c9f-b63f-13cd9fef41ac/element &amp#27;[39m&amp#27;[32m200&amp#27;[39m &amp#27;[90m1593 ms - 137&amp#27;[39m
&amp#27;[35m[HTTP]&amp#27;[39m &amp#27;[90m&amp#27;[39m
&amp#27;[35m[HTTP]&amp#27;[39m &amp#27;[37m-->&amp#27;[39m &amp#27;[37mGET&amp#27;[39m &amp#27;[37m/wd/hub/session/54f63c2d-f3e8-4c9f-b63f-13cd9fef41ac/element/4ba47fd5-e44b-41aa-8ba0-2367363c11d7/text&amp#27;[39m
&amp#27;[35m[HTTP]&amp#27;[39m &amp#27;[90m{}&amp#27;[39m
&amp#27;[35m[W3C (54f63c2d)]&amp#27;[39m Driver proxy active, passing request on via HTTP proxy
[debug] &amp#27;[35m[WD Proxy]&amp#27;[39m Matched '/wd/hub/session/54f63c2d-f3e8-4c9f-b63f-13cd9fef41ac/element/4ba47fd5-e44b-41aa-8ba0-2367363c11d7/text' to command name 'getText'
[debug] &amp#27;[35m[WD Proxy]&amp#27;[39m Proxying [GET /wd/hub/session/54f63c2d-f3e8-4c9f-b63f-13cd9fef41ac/element/4ba47fd5-e44b-41aa-8ba0-2367363c11d7/text] to [GET http://127.0.0.1:8200/wd/hub/session/1ef0d101-d8da-4e24-9391-d4cc4a49cdd9/element/4ba47fd5-e44b-41aa-8ba0-2367363c11d7/text] with no body
[debug] &amp#27;[35m[WD Proxy]&amp#27;[39m Got response with status 200: {"sessionId":"1ef0d101-d8da-4e24-9391-d4cc4a49cdd9","value":"Sign In"}
&amp#27;[35m[WD Proxy]&amp#27;[39m Replacing sessionId 1ef0d101-d8da-4e24-9391-d4cc4a49cdd9 with 54f63c2d-f3e8-4c9f-b63f-13cd9fef41ac
&amp#27;[35m[HTTP]&amp#27;[39m &amp#27;[37m<-- GET /wd/hub/session/54f63c2d-f3e8-4c9f-b63f-13cd9fef41ac/element/4ba47fd5-e44b-41aa-8ba0-2367363c11d7/text &amp#27;[39m&amp#27;[32m200&amp#27;[39m &amp#27;[90m19 ms - 70&amp#27;[39m
&amp#27;[35m[HTTP]&amp#27;[39m &amp#27;[90m&amp#27;[39m
You are Logged out succesfully!!
]]></system-out>
    <system-err><![CDATA[Dec 08, 2021 2:37:23 PM io.appium.java_client.remote.AppiumCommandExecutor$1 lambda$0
INFO: Detected dialect: W3C
]]></system-err>
  </testcase>
  <testcase name="RemoveAllAccounts[7760305049, 7760305049, 0082](1)" classname="AA.Anumati.RemovingAllAccounts" time="107.395">
    <system-out><![CDATA[C:\Users\Fayaz\Appium\Anumati
[debug] &amp#27;[35m[HTTP]&amp#27;[39m Request idempotency key: a597811c-3ca3-41a2-82f6-171da01f7a13
&amp#27;[35m[HTTP]&amp#27;[39m &amp#27;[37m-->&amp#27;[39m &amp#27;[37mPOST&amp#27;[39m &amp#27;[37m/wd/hub/session&amp#27;[39m
&amp#27;[35m[HTTP]&amp#27;[39m &amp#27;[90m{"desiredCapabilities":{"app":"C:\\Users\\Fayaz\\Appium\\Anumati\\src\\Anumati.apk","newCommandTimeout":14,"automationName":"uiautomator2","autoGrantPermissions":"true","chromeOptions":{"w3c":false},"platformName":"Android","deviceName":"Fayaz_Emulator2"},"capabilities":{"firstMatch":[{"appium:app":"C:\\Users\\Fayaz\\Appium\\Anumati\\src\\Anumati.apk","appium:autoGrantPermissions":"true","appium:automationName":"uiautomator2","appium:chromeOptions":{"w3c":false},"appium:deviceName":"Fayaz_Emulator2","goog:chromeOptions":{"w3c":false},"appium:newCommandTimeout":14,"platformName":"android"}]}}&amp#27;[39m
[debug] &amp#27;[35m[W3C]&amp#27;[39m Calling AppiumDriver.createSession() with args: [{"app":"C:\\Users\\Fayaz\\Appium\\Anumati\\src\\Anumati.apk","newCommandTimeout":14,"automationName":"uiautomator2","autoGrantPermissions":"true","chromeOptions":{"w3c":false},"platformName":"Android","deviceName":"Fayaz_Emulator2"},null,{"firstMatch":[{"appium:app":"C:\\Users\\Fayaz\\Appium\\Anumati\\src\\Anumati.apk","appium:autoGrantPermissions":"true","appium:automationName":"uiautomator2","appium:chromeOptions":{"w3c":false},"appium:deviceName":"Fayaz_Emulator2","goog:chromeOptions":{"w3c":false},"appium:newCommandTimeout":14,"platformName":"android"}]}]
[debug] &amp#27;[35m[BaseDriver]&amp#27;[39m Event 'newSessionRequested' logged at 1638954481141 (14:38:01 GMT+0530 (India Standard Time))
&amp#27;[35m[Appium]&amp#27;[39m Appium v1.21.0 creating new AndroidUiautomator2Driver (v1.65.0) session
[debug] &amp#27;[35m[BaseDriver]&amp#27;[39m W3C capabilities and MJSONWP desired capabilities were provided
[debug] &amp#27;[35m[BaseDriver]&amp#27;[39m Creating session with W3C capabilities: {
[debug] &amp#27;[35m[BaseDriver]&amp#27;[39m   "alwaysMatch": {
[debug] &amp#27;[35m[BaseDriver]&amp#27;[39m     "goog:chromeOptions": {
[debug] &amp#27;[35m[BaseDriver]&amp#27;[39m       "w3c": false
[debug] &amp#27;[35m[BaseDriver]&amp#27;[39m     },
[debug] &amp#27;[35m[BaseDriver]&amp#27;[39m     "platformName": "android",
[debug] &amp#27;[35m[BaseDriver]&amp#27;[39m     "appium:app": "C:\\Users\\Fayaz\\Appium\\Anumati\\src\\Anumati.apk",
[debug] &amp#27;[35m[BaseDriver]&amp#27;[39m     "appium:autoGrantPermissions": "true",
[debug] &amp#27;[35m[BaseDriver]&amp#27;[39m     "appium:automationName": "uiautomator2",
[debug] &amp#27;[35m[BaseDriver]&amp#27;[39m     "appium:chromeOptions": {
[debug] &amp#27;[35m[BaseDriver]&amp#27;[39m       "w3c": false
[debug] &amp#27;[35m[BaseDriver]&amp#27;[39m     },
[debug] &amp#27;[35m[BaseDriver]&amp#27;[39m     "appium:deviceName": "Fayaz_Emulator2",
[debug] &amp#27;[35m[BaseDriver]&amp#27;[39m     "appium:newCommandTimeout": 14
[debug] &amp#27;[35m[BaseDriver]&amp#27;[39m   },
[debug] &amp#27;[35m[BaseDriver]&amp#27;[39m   "firstMatch": [
[debug] &amp#27;[35m[BaseDriver]&amp#27;[39m     {}
[debug] &amp#27;[35m[BaseDriver]&amp#27;[39m   ]
[debug] &amp#27;[35m[BaseDriver]&amp#27;[39m }
&amp#27;[35m[BaseDriver]&amp#27;[39m Capability 'autoGrantPermissions' changed from string to boolean. This may cause unexpected behavior
&amp#27;[35m[BaseDriver]&amp#27;[39m The following capabilities were provided, but are not recognized by Appium:
&amp#27;[35m[BaseDriver]&amp#27;[39m   goog:chromeOptions
&amp#27;[35m[BaseDriver]&amp#27;[39m Session created with session id: 16b3dbbe-df97-44a4-9c86-a4c3f5d63c85
&amp#27;[35m[BaseDriver]&amp#27;[39m Using local app 'C:\Users\Fayaz\Appium\Anumati\src\Anumati.apk'
[debug] &amp#27;[35m[UiAutomator2]&amp#27;[39m Checking whether app is actually present
&amp#27;[35m[ADB]&amp#27;[39m Using 'adb.exe' from 'C:\Users\Fayaz\AppData\Local\Android\Sdk\platform-tools\adb.exe'
[debug] &amp#27;[35m[ADB]&amp#27;[39m Running 'C:\Users\Fayaz\AppData\Local\Android\Sdk\platform-tools\adb.exe -P 5037 start-server'
&amp#27;[35m[AndroidDriver]&amp#27;[39m Retrieving device list
[debug] &amp#27;[35m[ADB]&amp#27;[39m Trying to find a connected android device
[debug] &amp#27;[35m[ADB]&amp#27;[39m Getting connected devices
[debug] &amp#27;[35m[ADB]&amp#27;[39m Connected devices: [{"udid":"emulator-5554","state":"device"}]
&amp#27;[35m[AndroidDriver]&amp#27;[39m Using device: emulator-5554
&amp#27;[35m[ADB]&amp#27;[39m Using 'adb.exe' from 'C:\Users\Fayaz\AppData\Local\Android\Sdk\platform-tools\adb.exe'
[debug] &amp#27;[35m[ADB]&amp#27;[39m Running 'C:\Users\Fayaz\AppData\Local\Android\Sdk\platform-tools\adb.exe -P 5037 start-server'
[debug] &amp#27;[35m[ADB]&amp#27;[39m Setting device id to emulator-5554
[debug] &amp#27;[35m[ADB]&amp#27;[39m Running 'C:\Users\Fayaz\AppData\Local\Android\Sdk\platform-tools\adb.exe -P 5037 -s emulator-5554 shell getprop ro.build.version.sdk'
[debug] &amp#27;[35m[ADB]&amp#27;[39m Current device property 'ro.build.version.sdk': 30
&amp#27;[35m[ADB]&amp#27;[39m Getting device platform version
[debug] &amp#27;[35m[ADB]&amp#27;[39m Running 'C:\Users\Fayaz\AppData\Local\Android\Sdk\platform-tools\adb.exe -P 5037 -s emulator-5554 shell getprop ro.build.version.release'
[debug] &amp#27;[35m[ADB]&amp#27;[39m Current device property 'ro.build.version.release': 11
[debug] &amp#27;[35m[ADB]&amp#27;[39m Device API level: 30
&amp#27;[35m[UiAutomator2]&amp#27;[39m Relaxing hidden api policy
[debug] &amp#27;[35m[ADB]&amp#27;[39m Running 'C:\Users\Fayaz\AppData\Local\Android\Sdk\platform-tools\adb.exe -P 5037 -s emulator-5554 shell 'settings put global hidden_api_policy_pre_p_apps 1;settings put global hidden_api_policy_p_apps 1;settings put global hidden_api_policy 1''
[debug] &amp#27;[35m[AndroidDriver]&amp#27;[39m Parsing package and activity from app manifest
&amp#27;[35m[ADB]&amp#27;[39m Package name: 'com.anumati'
&amp#27;[35m[ADB]&amp#27;[39m Main activity name: 'com.aa.MainActivity'
[debug] &amp#27;[35m[AndroidDriver]&amp#27;[39m Parsed package and activity are: com.anumati/com.aa.MainActivity
[debug] &amp#27;[35m[ADB]&amp#27;[39m Running 'C:\Users\Fayaz\AppData\Local\Android\Sdk\platform-tools\adb.exe -P 5037 -s emulator-5554 wait-for-device'
[debug] &amp#27;[35m[ADB]&amp#27;[39m Running 'C:\Users\Fayaz\AppData\Local\Android\Sdk\platform-tools\adb.exe -P 5037 -s emulator-5554 shell echo ping'
[debug] &amp#27;[35m[AndroidDriver]&amp#27;[39m Pushing settings apk to device...
[debug] &amp#27;[35m[ADB]&amp#27;[39m Getting install status for io.appium.settings
[debug] &amp#27;[35m[ADB]&amp#27;[39m Running 'C:\Users\Fayaz\AppData\Local\Android\Sdk\platform-tools\adb.exe -P 5037 -s emulator-5554 shell dumpsys package io.appium.settings'
[debug] &amp#27;[35m[ADB]&amp#27;[39m 'io.appium.settings' is installed
[debug] &amp#27;[35m[ADB]&amp#27;[39m Getting package info for 'io.appium.settings'
[debug] &amp#27;[35m[ADB]&amp#27;[39m Running 'C:\Users\Fayaz\AppData\Local\Android\Sdk\platform-tools\adb.exe -P 5037 -s emulator-5554 shell dumpsys package io.appium.settings'
[debug] &amp#27;[35m[ADB]&amp#27;[39m The version code of the installed 'io.appium.settings' is greater than the application version code (30 > 29)
[debug] &amp#27;[35m[ADB]&amp#27;[39m There is no need to downgrade 'io.appium.settings'
[debug] &amp#27;[35m[ADB]&amp#27;[39m Getting IDs of all 'io.appium.settings' processes
[debug] &amp#27;[35m[ADB]&amp#27;[39m Running 'C:\Users\Fayaz\AppData\Local\Android\Sdk\platform-tools\adb.exe -P 5037 -s emulator-5554 shell 'pgrep --help; echo $?''
[debug] &amp#27;[35m[ADB]&amp#27;[39m Running 'C:\Users\Fayaz\AppData\Local\Android\Sdk\platform-tools\adb.exe -P 5037 -s emulator-5554 shell pgrep -f \(\[\[:blank:\]\]\|\^\)io\.appium\.settings\(\[\[:blank:\]\]\|\$\)'
[debug] &amp#27;[35m[AndroidDriver]&amp#27;[39m io.appium.settings is already running. There is no need to reset its permissions.
[debug] &amp#27;[35m[Logcat]&amp#27;[39m Starting logs capture with command: C:\\Users\\Fayaz\\AppData\\Local\\Android\\Sdk\\platform-tools\\adb.exe -P 5037 -s emulator-5554 logcat -v threadtime
[debug] &amp#27;[35m[UiAutomator2]&amp#27;[39m Forwarding UiAutomator2 Server port 6790 to local port 8201
[debug] &amp#27;[35m[ADB]&amp#27;[39m Forwarding system: 8201 to device: 6790
[debug] &amp#27;[35m[ADB]&amp#27;[39m Running 'C:\Users\Fayaz\AppData\Local\Android\Sdk\platform-tools\adb.exe -P 5037 -s emulator-5554 forward tcp:8201 tcp:6790'
[debug] &amp#27;[35m[ADB]&amp#27;[39m Getting install status for io.appium.uiautomator2.server
[debug] &amp#27;[35m[ADB]&amp#27;[39m Running 'C:\Users\Fayaz\AppData\Local\Android\Sdk\platform-tools\adb.exe -P 5037 -s emulator-5554 shell dumpsys package io.appium.uiautomator2.server'
[debug] &amp#27;[35m[ADB]&amp#27;[39m 'io.appium.uiautomator2.server' is installed
[debug] &amp#27;[35m[ADB]&amp#27;[39m Getting package info for 'io.appium.uiautomator2.server'
[debug] &amp#27;[35m[ADB]&amp#27;[39m Running 'C:\Users\Fayaz\AppData\Local\Android\Sdk\platform-tools\adb.exe -P 5037 -s emulator-5554 shell dumpsys package io.appium.uiautomator2.server'
&amp#27;[35m[BaseDriver]&amp#27;[39m Shutting down because we waited 14 seconds for a command
&amp#27;[35m[Appium]&amp#27;[39m Closing session, cause was 'New Command Timeout of 14 seconds expired. Try customizing the timeout using the 'newCommandTimeout' desired capability'
&amp#27;[35m[Appium]&amp#27;[39m Removing session '54f63c2d-f3e8-4c9f-b63f-13cd9fef41ac' from our master session list
[debug] &amp#27;[35m[UiAutomator2]&amp#27;[39m Deleting UiAutomator2 session
[debug] &amp#27;[35m[UiAutomator2]&amp#27;[39m Deleting UiAutomator2 server session
[debug] &amp#27;[35m[WD Proxy]&amp#27;[39m Matched '/' to command name 'deleteSession'
[debug] &amp#27;[35m[WD Proxy]&amp#27;[39m Proxying [DELETE /] to [DELETE http://127.0.0.1:8200/wd/hub/session/1ef0d101-d8da-4e24-9391-d4cc4a49cdd9] with no body
[debug] &amp#27;[35m[WD Proxy]&amp#27;[39m Got response with status 200: {"sessionId":"1ef0d101-d8da-4e24-9391-d4cc4a49cdd9","value":null}
[debug] &amp#27;[35m[ADB]&amp#27;[39m Running 'C:\Users\Fayaz\AppData\Local\Android\Sdk\platform-tools\adb.exe -P 5037 -s emulator-5554 shell am force-stop com.anumati'
[debug] &amp#27;[35m[ADB]&amp#27;[39m The version name of the installed 'io.appium.uiautomator2.server' is greater or equal to the application version name ('4.21.1' >= '4.21.1')
[debug] &amp#27;[35m[UiAutomator2]&amp#27;[39m io.appium.uiautomator2.server installation state: sameVersionInstalled
[debug] &amp#27;[35m[ADB]&amp#27;[39m Checking app cert for C:\Users\Fayaz\AppData\Roaming\npm\node_modules\appium\node_modules\appium-uiautomator2-server\apks\appium-uiautomator2-server-v4.21.1.apk
&amp#27;[35m[ADB]&amp#27;[39m Using 'apksigner.jar' from 'C:\Users\Fayaz\AppData\Local\Android\Sdk\build-tools\31.0.0\lib\apksigner.jar'
[debug] &amp#27;[35m[ADB]&amp#27;[39m Starting apksigner: 'C:\\Program Files\\Amazon Corretto\\jdk1.8.0_312\\bin\\java.exe' -Xmx1024M -Xss1m -jar C:\\Users\\Fayaz\\AppData\\Local\\Android\\Sdk\\build-tools\\31.0.0\\lib\\apksigner.jar verify --print-certs C:\\Users\\Fayaz\\AppData\\Roaming\\npm\\node_modules\\appium\\node_modules\\appium-uiautomator2-server\\apks\\appium-uiautomator2-server-v4.21.1.apk
[debug] &amp#27;[35m[Instrumentation]&amp#27;[39m .
[debug] &amp#27;[35m[Instrumentation]&amp#27;[39m Time: 49.382
[debug] &amp#27;[35m[Instrumentation]&amp#27;[39m 
[debug] &amp#27;[35m[Instrumentation]&amp#27;[39m OK (1 test)
[debug] &amp#27;[35m[Logcat]&amp#27;[39m Stopping logcat capture
[debug] &amp#27;[35m[ADB]&amp#27;[39m Removing forwarded port socket connection: 8200 
[debug] &amp#27;[35m[ADB]&amp#27;[39m Running 'C:\Users\Fayaz\AppData\Local\Android\Sdk\platform-tools\adb.exe -P 5037 -s emulator-5554 forward --remove tcp:8200'
[debug] &amp#27;[35m[Instrumentation]&amp#27;[39m The process has exited with code 0
&amp#27;[35m[UiAutomator2]&amp#27;[39m Restoring hidden api policy to the device default configuration
[debug] &amp#27;[35m[ADB]&amp#27;[39m Running 'C:\Users\Fayaz\AppData\Local\Android\Sdk\platform-tools\adb.exe -P 5037 -s emulator-5554 shell 'settings delete global hidden_api_policy_pre_p_apps;settings delete global hidden_api_policy_p_apps;settings delete global hidden_api_policy''
[debug] &amp#27;[35m[ADB]&amp#27;[39m apksigner stdout: Signer #1 certificate DN: EMAILADDRESS=android@android.com, CN=Android, OU=Android, O=Android, L=Mountain View, ST=California, C=US
[debug] &amp#27;[35m[ADB]&amp#27;[39m Signer #1 certificate SHA-256 digest: a40da80a59d170caa950cf15c18c454d47a39b26989d8b640ecd745ba71bf5dc
[debug] &amp#27;[35m[ADB]&amp#27;[39m Signer #1 certificate SHA-1 digest: 61ed377e85d386a8dfee6b864bd85b0bfaa5af81
[debug] &amp#27;[35m[ADB]&amp#27;[39m Signer #1 certificate MD5 digest: e89b158e4bcf988ebd09eb83f5378e87
[debug] &amp#27;[35m[ADB]&amp#27;[39m 
[debug] &amp#27;[35m[ADB]&amp#27;[39m sha256 hash did match for 'appium-uiautomator2-server-v4.21.1.apk'
&amp#27;[35m[ADB]&amp#27;[39m 'C:\Users\Fayaz\AppData\Roaming\npm\node_modules\appium\node_modules\appium-uiautomator2-server\apks\appium-uiautomator2-server-v4.21.1.apk' is signed with the default certificate
[debug] &amp#27;[35m[ADB]&amp#27;[39m Getting install status for io.appium.uiautomator2.server.test
[debug] &amp#27;[35m[ADB]&amp#27;[39m Running 'C:\Users\Fayaz\AppData\Local\Android\Sdk\platform-tools\adb.exe -P 5037 -s emulator-5554 shell dumpsys package io.appium.uiautomator2.server.test'
[debug] &amp#27;[35m[ADB]&amp#27;[39m 'io.appium.uiautomator2.server.test' is installed
[debug] &amp#27;[35m[ADB]&amp#27;[39m Checking app cert for C:\Users\Fayaz\AppData\Roaming\npm\node_modules\appium\node_modules\appium-uiautomator2-server\apks\appium-uiautomator2-server-debug-androidTest.apk
[debug] &amp#27;[35m[ADB]&amp#27;[39m Starting apksigner: 'C:\\Program Files\\Amazon Corretto\\jdk1.8.0_312\\bin\\java.exe' -Xmx1024M -Xss1m -jar C:\\Users\\Fayaz\\AppData\\Local\\Android\\Sdk\\build-tools\\31.0.0\\lib\\apksigner.jar verify --print-certs C:\\Users\\Fayaz\\AppData\\Roaming\\npm\\node_modules\\appium\\node_modules\\appium-uiautomator2-server\\apks\\appium-uiautomator2-server-debug-androidTest.apk
[debug] &amp#27;[35m[ADB]&amp#27;[39m apksigner stdout: Signer #1 certificate DN: EMAILADDRESS=android@android.com, CN=Android, OU=Android, O=Android, L=Mountain View, ST=California, C=US
[debug] &amp#27;[35m[ADB]&amp#27;[39m Signer #1 certificate SHA-256 digest: a40da80a59d170caa950cf15c18c454d47a39b26989d8b640ecd745ba71bf5dc
[debug] &amp#27;[35m[ADB]&amp#27;[39m Signer #1 certificate SHA-1 digest: 61ed377e85d386a8dfee6b864bd85b0bfaa5af81
[debug] &amp#27;[35m[ADB]&amp#27;[39m Signer #1 certificate MD5 digest: e89b158e4bcf988ebd09eb83f5378e87
[debug] &amp#27;[35m[ADB]&amp#27;[39m 
[debug] &amp#27;[35m[ADB]&amp#27;[39m sha256 hash did match for 'appium-uiautomator2-server-debug-androidTest.apk'
&amp#27;[35m[ADB]&amp#27;[39m 'C:\Users\Fayaz\AppData\Roaming\npm\node_modules\appium\node_modules\appium-uiautomator2-server\apks\appium-uiautomator2-server-debug-androidTest.apk' is signed with the default certificate
&amp#27;[35m[UiAutomator2]&amp#27;[39m Server packages are not going to be (re)installed
[debug] &amp#27;[35m[UiAutomator2]&amp#27;[39m Waiting up to 30000ms for services to be available
[debug] &amp#27;[35m[ADB]&amp#27;[39m Running 'C:\Users\Fayaz\AppData\Local\Android\Sdk\platform-tools\adb.exe -P 5037 -s emulator-5554 shell pm list instrumentation'
[debug] &amp#27;[35m[UiAutomator2]&amp#27;[39m Instrumentation target 'io.appium.uiautomator2.server.test/androidx.test.runner.AndroidJUnitRunner' is available
&amp#27;[35m[ADB]&amp#27;[39m Adding packages ["io.appium.settings","io.appium.uiautomator2.server","io.appium.uiautomator2.server.test"] to Doze whitelist
[debug] &amp#27;[35m[ADB]&amp#27;[39m Got the following command chunks to execute: [["dumpsys","deviceidle","whitelist","+io.appium.settings",";","dumpsys","deviceidle","whitelist","+io.appium.uiautomator2.server",";","dumpsys","deviceidle","whitelist","+io.appium.uiautomator2.server.test",";"]]
[debug] &amp#27;[35m[ADB]&amp#27;[39m Running 'C:\Users\Fayaz\AppData\Local\Android\Sdk\platform-tools\adb.exe -P 5037 -s emulator-5554 shell dumpsys deviceidle whitelist +io.appium.settings ; dumpsys deviceidle whitelist +io.appium.uiautomator2.server ; dumpsys deviceidle whitelist +io.appium.uiautomator2.server.test ;'
[debug] &amp#27;[35m[ADB]&amp#27;[39m Checking app cert for C:\Users\Fayaz\Appium\Anumati\src\Anumati.apk
[debug] &amp#27;[35m[ADB]&amp#27;[39m Starting apksigner: 'C:\\Program Files\\Amazon Corretto\\jdk1.8.0_312\\bin\\java.exe' -Xmx1024M -Xss1m -jar C:\\Users\\Fayaz\\AppData\\Local\\Android\\Sdk\\build-tools\\31.0.0\\lib\\apksigner.jar verify --print-certs C:\\Users\\Fayaz\\Appium\\Anumati\\src\\Anumati.apk
[debug] &amp#27;[35m[ADB]&amp#27;[39m apksigner stdout: Signer #1 certificate DN: CN=Android, OU=Android, O=Google Inc., L=Mountain View, ST=California, C=US
[debug] &amp#27;[35m[ADB]&amp#27;[39m Signer #1 certificate SHA-256 digest: 4730d6e1d0dc8733c1c2302d2b7ccedc5b85a93b2ac0e3a2971a6537173a90bb
[debug] &amp#27;[35m[ADB]&amp#27;[39m Signer #1 certificate SHA-1 digest: 27bcf6fcdf4384e29a8ba18048cbef83538d03e9
[debug] &amp#27;[35m[ADB]&amp#27;[39m Signer #1 certificate MD5 digest: d666c04c85a355f0835d049f3c545d7f
[debug] &amp#27;[35m[ADB]&amp#27;[39m Source Stamp Signer certificate DN: CN=Android, OU=Android, O=Google Inc., L=Mountain View, ST=California, C=US
[debug] &amp#27;[35m[ADB]&amp#27;[39m Source Stamp Signer certificate SHA-256 digest: 3257d599a49d2c961a471ca9843f59d341a405884583fc087df4237b733bbd6d
[debug] &amp#27;[35m[ADB]&amp#27;[39m Source Stamp Signer certificate SHA-1 digest: b1af3a0bf998aeede1a8716a539e5a59da1d86d6
[debug] &amp#27;[35m[ADB]&amp#27;[39m Source Stamp Signer certificate MD5 digest: 577b8a9fbc7e308321aec6411169d2fb
[debug] &amp#27;[35m[ADB]&amp#27;[39m 
&amp#27;[35m[ADB]&amp#27;[39m 'C:\Users\Fayaz\Appium\Anumati\src\Anumati.apk' is signed with a non-default certificate
[debug] &amp#27;[35m[ADB]&amp#27;[39m Getting install status for com.anumati
[debug] &amp#27;[35m[ADB]&amp#27;[39m Running 'C:\Users\Fayaz\AppData\Local\Android\Sdk\platform-tools\adb.exe -P 5037 -s emulator-5554 shell dumpsys package com.anumati'
[debug] &amp#27;[35m[ADB]&amp#27;[39m 'com.anumati' is installed
[debug] &amp#27;[35m[ADB]&amp#27;[39m Getting package info for 'com.anumati'
[debug] &amp#27;[35m[ADB]&amp#27;[39m Running 'C:\Users\Fayaz\AppData\Local\Android\Sdk\platform-tools\adb.exe -P 5037 -s emulator-5554 shell dumpsys package com.anumati'
[debug] &amp#27;[35m[ADB]&amp#27;[39m The version name of the installed 'com.anumati' is greater or equal to the application version name ('1.0.0' >= '1.0.0')
[debug] &amp#27;[35m[ADB]&amp#27;[39m There is no need to install/upgrade 'C:\Users\Fayaz\Appium\Anumati\src\Anumati.apk'
&amp#27;[35m[AndroidDriver]&amp#27;[39m Performing fast reset on 'com.anumati'
[debug] &amp#27;[35m[ADB]&amp#27;[39m Getting install status for com.anumati
[debug] &amp#27;[35m[ADB]&amp#27;[39m Running 'C:\Users\Fayaz\AppData\Local\Android\Sdk\platform-tools\adb.exe -P 5037 -s emulator-5554 shell dumpsys package com.anumati'
[debug] &amp#27;[35m[ADB]&amp#27;[39m 'com.anumati' is installed
[debug] &amp#27;[35m[ADB]&amp#27;[39m Running 'C:\Users\Fayaz\AppData\Local\Android\Sdk\platform-tools\adb.exe -P 5037 -s emulator-5554 shell am force-stop com.anumati'
[debug] &amp#27;[35m[ADB]&amp#27;[39m Running 'C:\Users\Fayaz\AppData\Local\Android\Sdk\platform-tools\adb.exe -P 5037 -s emulator-5554 shell pm clear com.anumati'
[debug] &amp#27;[35m[ADB]&amp#27;[39m Running 'C:\Users\Fayaz\AppData\Local\Android\Sdk\platform-tools\adb.exe -P 5037 -s emulator-5554 shell dumpsys package com.anumati'
[debug] &amp#27;[35m[ADB]&amp#27;[39m Retrieving requested permissions
[debug] &amp#27;[35m[ADB]&amp#27;[39m Retrieved 6 permissions from requested group
[debug] &amp#27;[35m[ADB]&amp#27;[39m Retrieving granted permissions
[debug] &amp#27;[35m[ADB]&amp#27;[39m Retrieved 1 permission from install,runtime groups
[debug] &amp#27;[35m[ADB]&amp#27;[39m Granting permissions ["android.permission.READ_EXTERNAL_STORAGE","android.permission.WRITE_EXTERNAL_STORAGE","android.permission.READ_EXTERNAL_STORAGE","android.permission.WRITE_EXTERNAL_STORAGE"] to 'com.anumati'
[debug] &amp#27;[35m[ADB]&amp#27;[39m Got the following command chunks to execute: [["pm","grant","com.anumati","android.permission.READ_EXTERNAL_STORAGE",";","pm","grant","com.anumati","android.permission.WRITE_EXTERNAL_STORAGE",";","pm","grant","com.anumati","android.permission.READ_EXTERNAL_STORAGE",";","pm","grant","com.anumati","android.permission.WRITE_EXTERNAL_STORAGE",";"]]
[debug] &amp#27;[35m[ADB]&amp#27;[39m Running 'C:\Users\Fayaz\AppData\Local\Android\Sdk\platform-tools\adb.exe -P 5037 -s emulator-5554 shell pm grant com.anumati android.permission.READ_EXTERNAL_STORAGE ; pm grant com.anumati android.permission.WRITE_EXTERNAL_STORAGE ; pm grant com.anumati android.permission.READ_EXTERNAL_STORAGE ; pm grant com.anumati android.permission.WRITE_EXTERNAL_STORAGE ;'
[debug] &amp#27;[35m[AndroidDriver]&amp#27;[39m Performed fast reset on the installed 'com.anumati' application (stop and clear)
[debug] &amp#27;[35m[UiAutomator2]&amp#27;[39m Performing shallow cleanup of automation leftovers
[debug] &amp#27;[35m[UiAutomator2]&amp#27;[39m No obsolete sessions have been detected (socket hang up)
[debug] &amp#27;[35m[ADB]&amp#27;[39m Running 'C:\Users\Fayaz\AppData\Local\Android\Sdk\platform-tools\adb.exe -P 5037 -s emulator-5554 shell am force-stop io.appium.uiautomator2.server.test'
&amp#27;[35m[UiAutomator2]&amp#27;[39m Starting UIAutomator2 server 4.21.1
&amp#27;[35m[UiAutomator2]&amp#27;[39m Using UIAutomator2 server from 'C:\Users\Fayaz\AppData\Roaming\npm\node_modules\appium\node_modules\appium-uiautomator2-server\apks\appium-uiautomator2-server-v4.21.1.apk' and test from 'C:\Users\Fayaz\AppData\Roaming\npm\node_modules\appium\node_modules\appium-uiautomator2-server\apks\appium-uiautomator2-server-debug-androidTest.apk'
&amp#27;[35m[UiAutomator2]&amp#27;[39m Waiting up to 30000ms for UiAutomator2 to be online...
[debug] &amp#27;[35m[ADB]&amp#27;[39m Creating ADB subprocess with args: ["-P",5037,"-s","emulator-5554","shell","am","instrument","-w","-e","disableAnalytics",true,"io.appium.uiautomator2.server.test/androidx.test.runner.AndroidJUnitRunner"]
[debug] &amp#27;[35m[WD Proxy]&amp#27;[39m Matched '/status' to command name 'getStatus'
[debug] &amp#27;[35m[WD Proxy]&amp#27;[39m Proxying [GET /status] to [GET http://127.0.0.1:8201/wd/hub/status] with no body
&amp#27;[35m[WD Proxy]&amp#27;[39m socket hang up
[debug] &amp#27;[35m[WD Proxy]&amp#27;[39m Matched '/status' to command name 'getStatus'
[debug] &amp#27;[35m[WD Proxy]&amp#27;[39m Proxying [GET /status] to [GET http://127.0.0.1:8201/wd/hub/status] with no body
&amp#27;[35m[WD Proxy]&amp#27;[39m socket hang up
[debug] &amp#27;[35m[Instrumentation]&amp#27;[39m io.appium.uiautomator2.server.test.AppiumUiAutomator2Server:
[debug] &amp#27;[35m[WD Proxy]&amp#27;[39m Matched '/status' to command name 'getStatus'
[debug] &amp#27;[35m[WD Proxy]&amp#27;[39m Proxying [GET /status] to [GET http://127.0.0.1:8201/wd/hub/status] with no body
&amp#27;[35m[WD Proxy]&amp#27;[39m socket hang up
[debug] &amp#27;[35m[WD Proxy]&amp#27;[39m Matched '/status' to command name 'getStatus'
[debug] &amp#27;[35m[WD Proxy]&amp#27;[39m Proxying [GET /status] to [GET http://127.0.0.1:8201/wd/hub/status] with no body
[debug] &amp#27;[35m[WD Proxy]&amp#27;[39m Got response with status 200: {"sessionId":"None","value":{"message":"UiAutomator2 Server is ready to accept commands","ready":true}}
[debug] &amp#27;[35m[UiAutomator2]&amp#27;[39m The initialization of the instrumentation process took 3274ms
[debug] &amp#27;[35m[WD Proxy]&amp#27;[39m Matched '/session' to command name 'createSession'
[debug] &amp#27;[35m[WD Proxy]&amp#27;[39m Proxying [POST /session] to [POST http://127.0.0.1:8201/wd/hub/session] with body: {"capabilities":{"firstMatch":[{"platform":"LINUX","webStorageEnabled":false,"takesScreenshot":true,"javascriptEnabled":true,"databaseEnabled":false,"networkConnectionEnabled":true,"locationContextEnabled":false,"warnings":{},"desired":{"goog:chromeOptions":{"w3c":false},"platformName":"android","app":"C:\\Users\\Fayaz\\Appium\\Anumati\\src\\Anumati.apk","autoGrantPermissions":true,"automationName":"uiautomator2","chromeOptions":{"w3c":false},"deviceName":"Fayaz_Emulator2","newCommandTimeout":14},"goog:chromeOptions":{"w3c":false},"platformName":"android","app":"C:\\Users\\Fayaz\\Appium\\Anumati\\src\\Anumati.apk","autoGrantPermissions":true,"automationName":"uiautomator2","chromeOptions":{"w3c":false},"deviceName":"emulator-5554","newCommandTimeout":14,"deviceUDID":"emulator-5554","appPackage":"com.anumati"}],"alwaysMatch":{}}}
[debug] &amp#27;[35m[WD Proxy]&amp#27;[39m Got response with status 200: {"sessionId":"1a942fc2-6d85-4888-a85b-0042439c6f52","value":{"capabilities":{"firstMatch":[{"platform":"LINUX","webStorageEnabled":false,"takesScreenshot":true,"javascriptEnabled":true,"databaseEnabled":false,"networkConnectionEnabled":true,"locationContextEnabled":false,"warnings":{},"desired":{"goog:chromeOptions":{"w3c":false},"platformName":"android","app":"C:\\Users\\Fayaz\\Appium\\Anumati\\src\\Anumati.apk","autoGrantPermissions":true,"automationName":"uiautomator2","chromeOptions":{"w3c":false},"deviceName":"Fayaz_Emulator2","newCommandTimeout":14},"goog:chromeOptions":{"w3c":false},"platformName":"android","app":"C:\\Users\\Fayaz\\Appium\\Anumati\\src\\Anumati.apk","autoGrantPermissions":true,"automationName":"uiautomator2","chromeOptions":{"w3c":false},"deviceName":"emulator-5554","newCommandTimeout":14,"deviceUDID":"emulator-5554","appPackage":"com.anumati"}],"alwaysMatch":{}},"sessionId":"1a942fc2-6d85-4888-a85b-0042439c6f52"}}
&amp#27;[35m[WD Proxy]&amp#27;[39m Determined the downstream protocol as 'W3C'
[debug] &amp#27;[35m[WD Proxy]&amp#27;[39m Proxying [GET /appium/device/info] to [GET http://127.0.0.1:8201/wd/hub/session/1a942fc2-6d85-4888-a85b-0042439c6f52/appium/device/info] with no body
[debug] &amp#27;[35m[WD Proxy]&amp#27;[39m Got response with status 200: {"sessionId":"1a942fc2-6d85-4888-a85b-0042439c6f52","value":{"androidId":"4c01298c58a50c77","apiVersion":"30","bluetooth":{"state":"ON"},"brand":"Android","carrierName":"Android","displayDensity":420,"locale":"en_US","manufacturer":"unknown","model":"Android SDK built for x86","networks":[{"capabilities":{"SSID":null,"linkDownBandwidthKbps":141000,"linkUpstreamBandwidthKbps":141000,"networkCapabilities":"NET_CAPABILITY_NOT_METERED,NET_CAPABILITY_INTERNET,NET_CAPABILITY_NOT_RESTRICTED,NET_CAPABILITY_TRUSTED,NET_CAPABILITY_NOT_VPN,NET_CAPABILITY_VALIDATED,NET_CAPABILITY_NOT_ROAMING,NET_CAPABILITY_FOREGROUND,NET_CAPABILITY_NOT_CONGESTED,NET_CAPABILITY_NOT_SUSPENDED","signalStrength":-30,"transportTypes":"TRANSPORT_WIFI"},"detailedState":"CONNECTED","extraInfo":"","isAvailable":true,"isConnected":true,"isFailover":false,"isRoaming":false,"state":"CONNECTED","subtype":0,"subtypeName":"","type":1,"typeName":"WIFI"},{"capabilities":{"SSID":null,"linkDownBandwidthKbps":30000,"linkUpstreamBandwidthKbps":15000,"netw...
[debug] &amp#27;[35m[ADB]&amp#27;[39m Running 'C:\Users\Fayaz\AppData\Local\Android\Sdk\platform-tools\adb.exe -P 5037 -s emulator-5554 shell dumpsys window'
&amp#27;[35m[AndroidDriver]&amp#27;[39m Screen already unlocked, doing nothing
&amp#27;[35m[UiAutomator2]&amp#27;[39m Starting 'com.anumati/com.aa.MainActivity and waiting for 'com.anumati/com.aa.MainActivity'
[debug] &amp#27;[35m[ADB]&amp#27;[39m Running 'C:\Users\Fayaz\AppData\Local\Android\Sdk\platform-tools\adb.exe -P 5037 -s emulator-5554 shell am start -W -n com.anumati/com.aa.MainActivity -S -a android.intent.action.MAIN -c android.intent.category.LAUNCHER -f 0x10200000'
[debug] &amp#27;[35m[ADB]&amp#27;[39m Waiting up to 20000ms for activity matching pkg: 'com.anumati' and activity: 'com.aa.MainActivity' to be focused
[debug] &amp#27;[35m[ADB]&amp#27;[39m Possible activities, to be checked: 'com.aa.MainActivity', 'com.anumati.com.aa.MainActivity'
[debug] &amp#27;[35m[ADB]&amp#27;[39m Getting focused package and activity
[debug] &amp#27;[35m[ADB]&amp#27;[39m Running 'C:\Users\Fayaz\AppData\Local\Android\Sdk\platform-tools\adb.exe -P 5037 -s emulator-5554 shell dumpsys window displays'
[debug] &amp#27;[35m[ADB]&amp#27;[39m Found package: 'com.anumati' and fully qualified activity name : 'com.aa.MainActivity'
[debug] &amp#27;[35m[WD Proxy]&amp#27;[39m Proxying [GET /appium/device/pixel_ratio] to [GET http://127.0.0.1:8201/wd/hub/session/1a942fc2-6d85-4888-a85b-0042439c6f52/appium/device/pixel_ratio] with no body
[debug] &amp#27;[35m[WD Proxy]&amp#27;[39m Got response with status 200: {"sessionId":"1a942fc2-6d85-4888-a85b-0042439c6f52","value":2.625}
[debug] &amp#27;[35m[WD Proxy]&amp#27;[39m Matched '/appium/device/system_bars' to command name 'getSystemBars'
[debug] &amp#27;[35m[WD Proxy]&amp#27;[39m Proxying [GET /appium/device/system_bars] to [GET http://127.0.0.1:8201/wd/hub/session/1a942fc2-6d85-4888-a85b-0042439c6f52/appium/device/system_bars] with no body
[debug] &amp#27;[35m[WD Proxy]&amp#27;[39m Got response with status 200: {"sessionId":"1a942fc2-6d85-4888-a85b-0042439c6f52","value":{"statusBar":63}}
[debug] &amp#27;[35m[WD Proxy]&amp#27;[39m Matched '/window/current/size' to command name 'getWindowSize'
[debug] &amp#27;[35m[WD Proxy]&amp#27;[39m Proxying [GET /window/current/size] to [GET http://127.0.0.1:8201/wd/hub/session/1a942fc2-6d85-4888-a85b-0042439c6f52/window/current/size] with no body
[debug] &amp#27;[35m[WD Proxy]&amp#27;[39m Got response with status 200: {"sessionId":"1a942fc2-6d85-4888-a85b-0042439c6f52","value":{"height":1794,"width":1080}}
&amp#27;[35m[Appium]&amp#27;[39m New AndroidUiautomator2Driver session created successfully, session 16b3dbbe-df97-44a4-9c86-a4c3f5d63c85 added to master session list
[debug] &amp#27;[35m[BaseDriver]&amp#27;[39m Event 'newSessionStarted' logged at 1638954500467 (14:38:20 GMT+0530 (India Standard Time))
[debug] &amp#27;[35m[W3C (16b3dbbe)]&amp#27;[39m Cached the protocol value 'W3C' for the new session 16b3dbbe-df97-44a4-9c86-a4c3f5d63c85
[debug] &amp#27;[35m[W3C (16b3dbbe)]&amp#27;[39m Responding to client with driver.createSession() result: {"capabilities":{"platform":"LINUX","webStorageEnabled":false,"takesScreenshot":true,"javascriptEnabled":true,"databaseEnabled":false,"networkConnectionEnabled":true,"locationContextEnabled":false,"warnings":{},"desired":{"goog:chromeOptions":{"w3c":false},"platformName":"android","app":"C:\\Users\\Fayaz\\Appium\\Anumati\\src\\Anumati.apk","autoGrantPermissions":true,"automationName":"uiautomator2","chromeOptions":{"w3c":false},"deviceName":"Fayaz_Emulator2","newCommandTimeout":14},"goog:chromeOptions":{"w3c":false},"platformName":"android","app":"C:\\Users\\Fayaz\\Appium\\Anumati\\src\\Anumati.apk","autoGrantPermissions":true,"automationName":"uiautomator2","chromeOptions":{"w3c":false},"deviceName":"emulator-5554","newCommandTimeout":14,"deviceUDID":"emulator-5554","appPackage":"com.anumati","deviceApiLevel":30,"platformVersion":"11","deviceScreenSize":"1080x1920","deviceScreenDensity":420,"deviceModel":"Android SDK built for x86","deviceManufacturer":"unknown","pixelRatio":2.625,"statBarHeight":63,"view...
&amp#27;[35m[HTTP]&amp#27;[39m &amp#27;[37m<-- POST /wd/hub/session &amp#27;[39m&amp#27;[32m200&amp#27;[39m &amp#27;[90m19327 ms - 1140&amp#27;[39m
&amp#27;[35m[HTTP]&amp#27;[39m &amp#27;[90m&amp#27;[39m
&amp#27;[35m[HTTP]&amp#27;[39m &amp#27;[37m-->&amp#27;[39m &amp#27;[37mPOST&amp#27;[39m &amp#27;[37m/wd/hub/session/16b3dbbe-df97-44a4-9c86-a4c3f5d63c85/timeouts&amp#27;[39m
&amp#27;[35m[HTTP]&amp#27;[39m &amp#27;[90m{"implicit":10000}&amp#27;[39m
[debug] &amp#27;[35m[W3C (16b3dbbe)]&amp#27;[39m Calling AppiumDriver.timeouts() with args: [null,null,null,null,10000,"16b3dbbe-df97-44a4-9c86-a4c3f5d63c85"]
[debug] &amp#27;[35m[BaseDriver]&amp#27;[39m W3C timeout argument: {"implicit":10000}}
[debug] &amp#27;[35m[BaseDriver]&amp#27;[39m Set implicit wait to 10000ms
[debug] &amp#27;[35m[W3C (16b3dbbe)]&amp#27;[39m Responding to client with driver.timeouts() result: null
&amp#27;[35m[HTTP]&amp#27;[39m &amp#27;[37m<-- POST /wd/hub/session/16b3dbbe-df97-44a4-9c86-a4c3f5d63c85/timeouts &amp#27;[39m&amp#27;[32m200&amp#27;[39m &amp#27;[90m2 ms - 14&amp#27;[39m
&amp#27;[35m[HTTP]&amp#27;[39m &amp#27;[90m&amp#27;[39m
&amp#27;[35m[HTTP]&amp#27;[39m &amp#27;[37m-->&amp#27;[39m &amp#27;[37mGET&amp#27;[39m &amp#27;[37m/wd/hub/session/16b3dbbe-df97-44a4-9c86-a4c3f5d63c85/context&amp#27;[39m
&amp#27;[35m[HTTP]&amp#27;[39m &amp#27;[90m{}&amp#27;[39m
[debug] &amp#27;[35m[W3C (16b3dbbe)]&amp#27;[39m Calling AppiumDriver.getCurrentContext() with args: ["16b3dbbe-df97-44a4-9c86-a4c3f5d63c85"]
[debug] &amp#27;[35m[W3C (16b3dbbe)]&amp#27;[39m Responding to client with driver.getCurrentContext() result: "NATIVE_APP"
&amp#27;[35m[HTTP]&amp#27;[39m &amp#27;[37m<-- GET /wd/hub/session/16b3dbbe-df97-44a4-9c86-a4c3f5d63c85/context &amp#27;[39m&amp#27;[32m200&amp#27;[39m &amp#27;[90m2 ms - 22&amp#27;[39m
&amp#27;[35m[HTTP]&amp#27;[39m &amp#27;[90m&amp#27;[39m
&amp#27;[35m[HTTP]&amp#27;[39m &amp#27;[37m-->&amp#27;[39m &amp#27;[37mPOST&amp#27;[39m &amp#27;[37m/wd/hub/session/16b3dbbe-df97-44a4-9c86-a4c3f5d63c85/element&amp#27;[39m
&amp#27;[35m[HTTP]&amp#27;[39m &amp#27;[90m{"using":"xpath","value":"//android.view.View[@text='Skip']"}&amp#27;[39m
[debug] &amp#27;[35m[W3C (16b3dbbe)]&amp#27;[39m Calling AppiumDriver.findElement() with args: ["xpath","//android.view.View[@text='Skip']","16b3dbbe-df97-44a4-9c86-a4c3f5d63c85"]
[debug] &amp#27;[35m[BaseDriver]&amp#27;[39m Valid locator strategies for this request: xpath, id, class name, accessibility id, css selector, -android uiautomator
[debug] &amp#27;[35m[BaseDriver]&amp#27;[39m Waiting up to 10000 ms for condition
[debug] &amp#27;[35m[WD Proxy]&amp#27;[39m Matched '/element' to command name 'findElement'
[debug] &amp#27;[35m[WD Proxy]&amp#27;[39m Proxying [POST /element] to [POST http://127.0.0.1:8201/wd/hub/session/1a942fc2-6d85-4888-a85b-0042439c6f52/element] with body: {"strategy":"xpath","selector":"//android.view.View[@text='Skip']","context":"","multiple":false}
&amp#27;[35m[WD Proxy]&amp#27;[39m Got response with status 404: {"sessionId":"1a942fc2-6d85-4888-a85b-0042439c6f52","value":{"error":"no such element","message":"An element could not be located on the page using the given search parameters","stacktrace":"io.appium.uiautomator2.common.exceptions.ElementNotFoundException: An element could not be located on the page using the given search parameters\n\tat io.appium.uiautomator2.handler.FindElement.findElement(FindElement.java:89)\n\tat io.appium.uiautomator2.handler.FindElement.safeHandle(FindElement.java:66)\n\tat io.appium.uiautomator2.handler.request.SafeRequestHandler.handle(SafeRequestHandler.java:41)\n\tat io.appium.uiautomator2.server.AppiumServlet.handleRequest(AppiumServlet.java:262)\n\tat io.appium.uiautomator2.server.AppiumServlet.handleHttpRequest(AppiumServlet.java:256)\n\tat io.appium.uiautomator2.http.ServerHandler.channelRead(ServerHandler.java:68)\n\tat io.netty.channel.AbstractChannelHandlerContext.invokeChannelRead(AbstractChannelHandlerContext.java:366)\n\tat io.netty.channel.AbstractChannelHandlerCont...
[debug] &amp#27;[35m[W3C]&amp#27;[39m Matched W3C error code 'no such element' to NoSuchElementError
[debug] &amp#27;[35m[BaseDriver]&amp#27;[39m Waited for 270 ms so far
[debug] &amp#27;[35m[WD Proxy]&amp#27;[39m Matched '/element' to command name 'findElement'
[debug] &amp#27;[35m[WD Proxy]&amp#27;[39m Proxying [POST /element] to [POST http://127.0.0.1:8201/wd/hub/session/1a942fc2-6d85-4888-a85b-0042439c6f52/element] with body: {"strategy":"xpath","selector":"//android.view.View[@text='Skip']","context":"","multiple":false}
[debug] &amp#27;[35m[WD Proxy]&amp#27;[39m Got response with status 200: {"sessionId":"1a942fc2-6d85-4888-a85b-0042439c6f52","value":{"ELEMENT":"46bc4759-53ca-4aff-888b-b214c39003ff","element-6066-11e4-a52e-4f735466cecf":"46bc4759-53ca-4aff-888b-b214c39003ff"}}
[debug] &amp#27;[35m[W3C (16b3dbbe)]&amp#27;[39m Responding to client with driver.findElement() result: {"element-6066-11e4-a52e-4f735466cecf":"46bc4759-53ca-4aff-888b-b214c39003ff","ELEMENT":"46bc4759-53ca-4aff-888b-b214c39003ff"}
&amp#27;[35m[HTTP]&amp#27;[39m &amp#27;[37m<-- POST /wd/hub/session/16b3dbbe-df97-44a4-9c86-a4c3f5d63c85/element &amp#27;[39m&amp#27;[32m200&amp#27;[39m &amp#27;[90m1226 ms - 137&amp#27;[39m
&amp#27;[35m[HTTP]&amp#27;[39m &amp#27;[90m&amp#27;[39m
&amp#27;[35m[HTTP]&amp#27;[39m &amp#27;[37m-->&amp#27;[39m &amp#27;[37mPOST&amp#27;[39m &amp#27;[37m/wd/hub/session/16b3dbbe-df97-44a4-9c86-a4c3f5d63c85/element/46bc4759-53ca-4aff-888b-b214c39003ff/click&amp#27;[39m
&amp#27;[35m[HTTP]&amp#27;[39m &amp#27;[90m{"id":"46bc4759-53ca-4aff-888b-b214c39003ff"}&amp#27;[39m
[debug] &amp#27;[35m[W3C (16b3dbbe)]&amp#27;[39m Calling AppiumDriver.click() with args: ["46bc4759-53ca-4aff-888b-b214c39003ff","16b3dbbe-df97-44a4-9c86-a4c3f5d63c85"]
[debug] &amp#27;[35m[WD Proxy]&amp#27;[39m Matched '/element/46bc4759-53ca-4aff-888b-b214c39003ff/click' to command name 'click'
[debug] &amp#27;[35m[WD Proxy]&amp#27;[39m Proxying [POST /element/46bc4759-53ca-4aff-888b-b214c39003ff/click] to [POST http://127.0.0.1:8201/wd/hub/session/1a942fc2-6d85-4888-a85b-0042439c6f52/element/46bc4759-53ca-4aff-888b-b214c39003ff/click] with body: {"element":"46bc4759-53ca-4aff-888b-b214c39003ff"}
[debug] &amp#27;[35m[WD Proxy]&amp#27;[39m Got response with status 200: {"sessionId":"1a942fc2-6d85-4888-a85b-0042439c6f52","value":null}
[debug] &amp#27;[35m[W3C (16b3dbbe)]&amp#27;[39m Responding to client with driver.click() result: null
&amp#27;[35m[HTTP]&amp#27;[39m &amp#27;[37m<-- POST /wd/hub/session/16b3dbbe-df97-44a4-9c86-a4c3f5d63c85/element/46bc4759-53ca-4aff-888b-b214c39003ff/click &amp#27;[39m&amp#27;[32m200&amp#27;[39m &amp#27;[90m158 ms - 14&amp#27;[39m
&amp#27;[35m[HTTP]&amp#27;[39m &amp#27;[90m&amp#27;[39m
&amp#27;[35m[HTTP]&amp#27;[39m &amp#27;[37m-->&amp#27;[39m &amp#27;[37mGET&amp#27;[39m &amp#27;[37m/wd/hub/session/16b3dbbe-df97-44a4-9c86-a4c3f5d63c85/context&amp#27;[39m
&amp#27;[35m[HTTP]&amp#27;[39m &amp#27;[90m{}&amp#27;[39m
[debug] &amp#27;[35m[W3C (16b3dbbe)]&amp#27;[39m Calling AppiumDriver.getCurrentContext() with args: ["16b3dbbe-df97-44a4-9c86-a4c3f5d63c85"]
[debug] &amp#27;[35m[W3C (16b3dbbe)]&amp#27;[39m Responding to client with driver.getCurrentContext() result: "NATIVE_APP"
&amp#27;[35m[HTTP]&amp#27;[39m &amp#27;[37m<-- GET /wd/hub/session/16b3dbbe-df97-44a4-9c86-a4c3f5d63c85/context &amp#27;[39m&amp#27;[32m200&amp#27;[39m &amp#27;[90m1 ms - 22&amp#27;[39m
&amp#27;[35m[HTTP]&amp#27;[39m &amp#27;[90m&amp#27;[39m
&amp#27;[35m[HTTP]&amp#27;[39m &amp#27;[37m-->&amp#27;[39m &amp#27;[37mPOST&amp#27;[39m &amp#27;[37m/wd/hub/session/16b3dbbe-df97-44a4-9c86-a4c3f5d63c85/element&amp#27;[39m
&amp#27;[35m[HTTP]&amp#27;[39m &amp#27;[90m{"using":"xpath","value":"//android.view.View/android.widget.EditText[1]"}&amp#27;[39m
[debug] &amp#27;[35m[W3C (16b3dbbe)]&amp#27;[39m Calling AppiumDriver.findElement() with args: ["xpath","//android.view.View/android.widget.EditText[1]","16b3dbbe-df97-44a4-9c86-a4c3f5d63c85"]
[debug] &amp#27;[35m[BaseDriver]&amp#27;[39m Valid locator strategies for this request: xpath, id, class name, accessibility id, css selector, -android uiautomator
[debug] &amp#27;[35m[BaseDriver]&amp#27;[39m Waiting up to 10000 ms for condition
[debug] &amp#27;[35m[WD Proxy]&amp#27;[39m Matched '/element' to command name 'findElement'
[debug] &amp#27;[35m[WD Proxy]&amp#27;[39m Proxying [POST /element] to [POST http://127.0.0.1:8201/wd/hub/session/1a942fc2-6d85-4888-a85b-0042439c6f52/element] with body: {"strategy":"xpath","selector":"//android.view.View/android.widget.EditText[1]","context":"","multiple":false}
[debug] &amp#27;[35m[WD Proxy]&amp#27;[39m Got response with status 200: {"sessionId":"1a942fc2-6d85-4888-a85b-0042439c6f52","value":{"ELEMENT":"178e00f8-9407-4508-878a-b242625d742f","element-6066-11e4-a52e-4f735466cecf":"178e00f8-9407-4508-878a-b242625d742f"}}
[debug] &amp#27;[35m[W3C (16b3dbbe)]&amp#27;[39m Responding to client with driver.findElement() result: {"element-6066-11e4-a52e-4f735466cecf":"178e00f8-9407-4508-878a-b242625d742f","ELEMENT":"178e00f8-9407-4508-878a-b242625d742f"}
&amp#27;[35m[HTTP]&amp#27;[39m &amp#27;[37m<-- POST /wd/hub/session/16b3dbbe-df97-44a4-9c86-a4c3f5d63c85/element &amp#27;[39m&amp#27;[32m200&amp#27;[39m &amp#27;[90m1623 ms - 137&amp#27;[39m
&amp#27;[35m[HTTP]&amp#27;[39m &amp#27;[90m&amp#27;[39m
&amp#27;[35m[HTTP]&amp#27;[39m &amp#27;[37m-->&amp#27;[39m &amp#27;[37mPOST&amp#27;[39m &amp#27;[37m/wd/hub/session/16b3dbbe-df97-44a4-9c86-a4c3f5d63c85/element/178e00f8-9407-4508-878a-b242625d742f/click&amp#27;[39m
&amp#27;[35m[HTTP]&amp#27;[39m &amp#27;[90m{"id":"178e00f8-9407-4508-878a-b242625d742f"}&amp#27;[39m
[debug] &amp#27;[35m[W3C (16b3dbbe)]&amp#27;[39m Calling AppiumDriver.click() with args: ["178e00f8-9407-4508-878a-b242625d742f","16b3dbbe-df97-44a4-9c86-a4c3f5d63c85"]
[debug] &amp#27;[35m[WD Proxy]&amp#27;[39m Matched '/element/178e00f8-9407-4508-878a-b242625d742f/click' to command name 'click'
[debug] &amp#27;[35m[WD Proxy]&amp#27;[39m Proxying [POST /element/178e00f8-9407-4508-878a-b242625d742f/click] to [POST http://127.0.0.1:8201/wd/hub/session/1a942fc2-6d85-4888-a85b-0042439c6f52/element/178e00f8-9407-4508-878a-b242625d742f/click] with body: {"element":"178e00f8-9407-4508-878a-b242625d742f"}
[debug] &amp#27;[35m[WD Proxy]&amp#27;[39m Got response with status 200: {"sessionId":"1a942fc2-6d85-4888-a85b-0042439c6f52","value":null}
[debug] &amp#27;[35m[W3C (16b3dbbe)]&amp#27;[39m Responding to client with driver.click() result: null
&amp#27;[35m[HTTP]&amp#27;[39m &amp#27;[37m<-- POST /wd/hub/session/16b3dbbe-df97-44a4-9c86-a4c3f5d63c85/element/178e00f8-9407-4508-878a-b242625d742f/click &amp#27;[39m&amp#27;[32m200&amp#27;[39m &amp#27;[90m409 ms - 14&amp#27;[39m
&amp#27;[35m[HTTP]&amp#27;[39m &amp#27;[90m&amp#27;[39m
&amp#27;[35m[HTTP]&amp#27;[39m &amp#27;[37m-->&amp#27;[39m &amp#27;[37mGET&amp#27;[39m &amp#27;[37m/wd/hub/session/16b3dbbe-df97-44a4-9c86-a4c3f5d63c85/context&amp#27;[39m
&amp#27;[35m[HTTP]&amp#27;[39m &amp#27;[90m{}&amp#27;[39m
[debug] &amp#27;[35m[W3C (16b3dbbe)]&amp#27;[39m Calling AppiumDriver.getCurrentContext() with args: ["16b3dbbe-df97-44a4-9c86-a4c3f5d63c85"]
[debug] &amp#27;[35m[W3C (16b3dbbe)]&amp#27;[39m Responding to client with driver.getCurrentContext() result: "NATIVE_APP"
&amp#27;[35m[HTTP]&amp#27;[39m &amp#27;[37m<-- GET /wd/hub/session/16b3dbbe-df97-44a4-9c86-a4c3f5d63c85/context &amp#27;[39m&amp#27;[32m200&amp#27;[39m &amp#27;[90m1 ms - 22&amp#27;[39m
&amp#27;[35m[HTTP]&amp#27;[39m &amp#27;[90m&amp#27;[39m
&amp#27;[35m[HTTP]&amp#27;[39m &amp#27;[37m-->&amp#27;[39m &amp#27;[37mPOST&amp#27;[39m &amp#27;[37m/wd/hub/session/16b3dbbe-df97-44a4-9c86-a4c3f5d63c85/element&amp#27;[39m
&amp#27;[35m[HTTP]&amp#27;[39m &amp#27;[90m{"using":"xpath","value":"//android.view.View/android.widget.EditText[1]"}&amp#27;[39m
[debug] &amp#27;[35m[W3C (16b3dbbe)]&amp#27;[39m Calling AppiumDriver.findElement() with args: ["xpath","//android.view.View/android.widget.EditText[1]","16b3dbbe-df97-44a4-9c86-a4c3f5d63c85"]
[debug] &amp#27;[35m[BaseDriver]&amp#27;[39m Valid locator strategies for this request: xpath, id, class name, accessibility id, css selector, -android uiautomator
[debug] &amp#27;[35m[BaseDriver]&amp#27;[39m Waiting up to 10000 ms for condition
[debug] &amp#27;[35m[WD Proxy]&amp#27;[39m Matched '/element' to command name 'findElement'
[debug] &amp#27;[35m[WD Proxy]&amp#27;[39m Proxying [POST /element] to [POST http://127.0.0.1:8201/wd/hub/session/1a942fc2-6d85-4888-a85b-0042439c6f52/element] with body: {"strategy":"xpath","selector":"//android.view.View/android.widget.EditText[1]","context":"","multiple":false}
[debug] &amp#27;[35m[WD Proxy]&amp#27;[39m Got response with status 200: {"sessionId":"1a942fc2-6d85-4888-a85b-0042439c6f52","value":{"ELEMENT":"e2496535-842b-4ba7-8045-f2339c5f0360","element-6066-11e4-a52e-4f735466cecf":"e2496535-842b-4ba7-8045-f2339c5f0360"}}
[debug] &amp#27;[35m[W3C (16b3dbbe)]&amp#27;[39m Responding to client with driver.findElement() result: {"element-6066-11e4-a52e-4f735466cecf":"e2496535-842b-4ba7-8045-f2339c5f0360","ELEMENT":"e2496535-842b-4ba7-8045-f2339c5f0360"}
&amp#27;[35m[HTTP]&amp#27;[39m &amp#27;[37m<-- POST /wd/hub/session/16b3dbbe-df97-44a4-9c86-a4c3f5d63c85/element &amp#27;[39m&amp#27;[32m200&amp#27;[39m &amp#27;[90m242 ms - 137&amp#27;[39m
&amp#27;[35m[HTTP]&amp#27;[39m &amp#27;[90m&amp#27;[39m
&amp#27;[35m[HTTP]&amp#27;[39m &amp#27;[37m-->&amp#27;[39m &amp#27;[37mPOST&amp#27;[39m &amp#27;[37m/wd/hub/session/16b3dbbe-df97-44a4-9c86-a4c3f5d63c85/element/e2496535-842b-4ba7-8045-f2339c5f0360/value&amp#27;[39m
&amp#27;[35m[HTTP]&amp#27;[39m &amp#27;[90m{"id":"e2496535-842b-4ba7-8045-f2339c5f0360","text":"7760305049","value":["7","7","6","0","3","0","5","0","4","9"]}&amp#27;[39m
[debug] &amp#27;[35m[W3C (16b3dbbe)]&amp#27;[39m Calling AppiumDriver.setValue() with args: [["7","7","6","0","3","0","5","0","4","9"],"e2496535-842b-4ba7-8045-f2339c5f0360","16b3dbbe-df97-44a4-9c86-a4c3f5d63c85"]
[debug] &amp#27;[35m[WD Proxy]&amp#27;[39m Matched '/element/e2496535-842b-4ba7-8045-f2339c5f0360/value' to command name 'setValue'
[debug] &amp#27;[35m[Protocol Converter]&amp#27;[39m Added 'value' property ["7","7","6","0","3","0","5","0","4","9"] to 'setValue' request body
[debug] &amp#27;[35m[WD Proxy]&amp#27;[39m Proxying [POST /element/e2496535-842b-4ba7-8045-f2339c5f0360/value] to [POST http://127.0.0.1:8201/wd/hub/session/1a942fc2-6d85-4888-a85b-0042439c6f52/element/e2496535-842b-4ba7-8045-f2339c5f0360/value] with body: {"elementId":"e2496535-842b-4ba7-8045-f2339c5f0360","text":"7760305049","replace":false,"value":["7","7","6","0","3","0","5","0","4","9"]}
[debug] &amp#27;[35m[WD Proxy]&amp#27;[39m Got response with status 200: {"sessionId":"1a942fc2-6d85-4888-a85b-0042439c6f52","value":null}
[debug] &amp#27;[35m[W3C (16b3dbbe)]&amp#27;[39m Responding to client with driver.setValue() result: null
&amp#27;[35m[HTTP]&amp#27;[39m &amp#27;[37m<-- POST /wd/hub/session/16b3dbbe-df97-44a4-9c86-a4c3f5d63c85/element/e2496535-842b-4ba7-8045-f2339c5f0360/value &amp#27;[39m&amp#27;[32m200&amp#27;[39m &amp#27;[90m1368 ms - 14&amp#27;[39m
&amp#27;[35m[HTTP]&amp#27;[39m &amp#27;[90m&amp#27;[39m
&amp#27;[35m[HTTP]&amp#27;[39m &amp#27;[37m-->&amp#27;[39m &amp#27;[37mPOST&amp#27;[39m &amp#27;[37m/wd/hub/session/16b3dbbe-df97-44a4-9c86-a4c3f5d63c85/appium/device/hide_keyboard&amp#27;[39m
&amp#27;[35m[HTTP]&amp#27;[39m &amp#27;[90m{}&amp#27;[39m
[debug] &amp#27;[35m[W3C (16b3dbbe)]&amp#27;[39m Calling AppiumDriver.hideKeyboard() with args: [null,null,null,null,"16b3dbbe-df97-44a4-9c86-a4c3f5d63c85"]
[debug] &amp#27;[35m[ADB]&amp#27;[39m Running 'C:\Users\Fayaz\AppData\Local\Android\Sdk\platform-tools\adb.exe -P 5037 -s emulator-5554 shell dumpsys input_method'
[debug] &amp#27;[35m[ADB]&amp#27;[39m Running 'C:\Users\Fayaz\AppData\Local\Android\Sdk\platform-tools\adb.exe -P 5037 -s emulator-5554 shell input keyevent 111'
[debug] &amp#27;[35m[ADB]&amp#27;[39m Running 'C:\Users\Fayaz\AppData\Local\Android\Sdk\platform-tools\adb.exe -P 5037 -s emulator-5554 shell dumpsys input_method'
[debug] &amp#27;[35m[ADB]&amp#27;[39m Running 'C:\Users\Fayaz\AppData\Local\Android\Sdk\platform-tools\adb.exe -P 5037 -s emulator-5554 shell dumpsys input_method'
[debug] &amp#27;[35m[ADB]&amp#27;[39m Running 'C:\Users\Fayaz\AppData\Local\Android\Sdk\platform-tools\adb.exe -P 5037 -s emulator-5554 shell input keyevent 4'
[debug] &amp#27;[35m[ADB]&amp#27;[39m Running 'C:\Users\Fayaz\AppData\Local\Android\Sdk\platform-tools\adb.exe -P 5037 -s emulator-5554 shell dumpsys input_method'
[debug] &amp#27;[35m[W3C (16b3dbbe)]&amp#27;[39m Responding to client with driver.hideKeyboard() result: true
&amp#27;[35m[HTTP]&amp#27;[39m &amp#27;[37m<-- POST /wd/hub/session/16b3dbbe-df97-44a4-9c86-a4c3f5d63c85/appium/device/hide_keyboard &amp#27;[39m&amp#27;[32m200&amp#27;[39m &amp#27;[90m3985 ms - 14&amp#27;[39m
&amp#27;[35m[HTTP]&amp#27;[39m &amp#27;[90m&amp#27;[39m
&amp#27;[35m[HTTP]&amp#27;[39m &amp#27;[37m-->&amp#27;[39m &amp#27;[37mGET&amp#27;[39m &amp#27;[37m/wd/hub/session/16b3dbbe-df97-44a4-9c86-a4c3f5d63c85/context&amp#27;[39m
&amp#27;[35m[HTTP]&amp#27;[39m &amp#27;[90m{}&amp#27;[39m
[debug] &amp#27;[35m[W3C (16b3dbbe)]&amp#27;[39m Calling AppiumDriver.getCurrentContext() with args: ["16b3dbbe-df97-44a4-9c86-a4c3f5d63c85"]
[debug] &amp#27;[35m[W3C (16b3dbbe)]&amp#27;[39m Responding to client with driver.getCurrentContext() result: "NATIVE_APP"
&amp#27;[35m[HTTP]&amp#27;[39m &amp#27;[37m<-- GET /wd/hub/session/16b3dbbe-df97-44a4-9c86-a4c3f5d63c85/context &amp#27;[39m&amp#27;[32m200&amp#27;[39m &amp#27;[90m1 ms - 22&amp#27;[39m
&amp#27;[35m[HTTP]&amp#27;[39m &amp#27;[90m&amp#27;[39m
&amp#27;[35m[HTTP]&amp#27;[39m &amp#27;[37m-->&amp#27;[39m &amp#27;[37mPOST&amp#27;[39m &amp#27;[37m/wd/hub/session/16b3dbbe-df97-44a4-9c86-a4c3f5d63c85/element&amp#27;[39m
&amp#27;[35m[HTTP]&amp#27;[39m &amp#27;[90m{"using":"xpath","value":"//android.widget.Button[@text='Proceed']"}&amp#27;[39m
[debug] &amp#27;[35m[W3C (16b3dbbe)]&amp#27;[39m Calling AppiumDriver.findElement() with args: ["xpath","//android.widget.Button[@text='Proceed']","16b3dbbe-df97-44a4-9c86-a4c3f5d63c85"]
[debug] &amp#27;[35m[BaseDriver]&amp#27;[39m Valid locator strategies for this request: xpath, id, class name, accessibility id, css selector, -android uiautomator
[debug] &amp#27;[35m[BaseDriver]&amp#27;[39m Waiting up to 10000 ms for condition
[debug] &amp#27;[35m[WD Proxy]&amp#27;[39m Matched '/element' to command name 'findElement'
[debug] &amp#27;[35m[WD Proxy]&amp#27;[39m Proxying [POST /element] to [POST http://127.0.0.1:8201/wd/hub/session/1a942fc2-6d85-4888-a85b-0042439c6f52/element] with body: {"strategy":"xpath","selector":"//android.widget.Button[@text='Proceed']","context":"","multiple":false}
[debug] &amp#27;[35m[WD Proxy]&amp#27;[39m Got response with status 200: {"sessionId":"1a942fc2-6d85-4888-a85b-0042439c6f52","value":{"ELEMENT":"91b50554-b4ba-45a9-ba9b-41a03a314f2c","element-6066-11e4-a52e-4f735466cecf":"91b50554-b4ba-45a9-ba9b-41a03a314f2c"}}
[debug] &amp#27;[35m[W3C (16b3dbbe)]&amp#27;[39m Responding to client with driver.findElement() result: {"element-6066-11e4-a52e-4f735466cecf":"91b50554-b4ba-45a9-ba9b-41a03a314f2c","ELEMENT":"91b50554-b4ba-45a9-ba9b-41a03a314f2c"}
&amp#27;[35m[HTTP]&amp#27;[39m &amp#27;[37m<-- POST /wd/hub/session/16b3dbbe-df97-44a4-9c86-a4c3f5d63c85/element &amp#27;[39m&amp#27;[32m200&amp#27;[39m &amp#27;[90m183 ms - 137&amp#27;[39m
&amp#27;[35m[HTTP]&amp#27;[39m &amp#27;[90m&amp#27;[39m
&amp#27;[35m[HTTP]&amp#27;[39m &amp#27;[37m-->&amp#27;[39m &amp#27;[37mPOST&amp#27;[39m &amp#27;[37m/wd/hub/session/16b3dbbe-df97-44a4-9c86-a4c3f5d63c85/element/91b50554-b4ba-45a9-ba9b-41a03a314f2c/click&amp#27;[39m
&amp#27;[35m[HTTP]&amp#27;[39m &amp#27;[90m{"id":"91b50554-b4ba-45a9-ba9b-41a03a314f2c"}&amp#27;[39m
[debug] &amp#27;[35m[W3C (16b3dbbe)]&amp#27;[39m Calling AppiumDriver.click() with args: ["91b50554-b4ba-45a9-ba9b-41a03a314f2c","16b3dbbe-df97-44a4-9c86-a4c3f5d63c85"]
[debug] &amp#27;[35m[WD Proxy]&amp#27;[39m Matched '/element/91b50554-b4ba-45a9-ba9b-41a03a314f2c/click' to command name 'click'
[debug] &amp#27;[35m[WD Proxy]&amp#27;[39m Proxying [POST /element/91b50554-b4ba-45a9-ba9b-41a03a314f2c/click] to [POST http://127.0.0.1:8201/wd/hub/session/1a942fc2-6d85-4888-a85b-0042439c6f52/element/91b50554-b4ba-45a9-ba9b-41a03a314f2c/click] with body: {"element":"91b50554-b4ba-45a9-ba9b-41a03a314f2c"}
[debug] &amp#27;[35m[WD Proxy]&amp#27;[39m Got response with status 200: {"sessionId":"1a942fc2-6d85-4888-a85b-0042439c6f52","value":null}
[debug] &amp#27;[35m[W3C (16b3dbbe)]&amp#27;[39m Responding to client with driver.click() result: null
&amp#27;[35m[HTTP]&amp#27;[39m &amp#27;[37m<-- POST /wd/hub/session/16b3dbbe-df97-44a4-9c86-a4c3f5d63c85/element/91b50554-b4ba-45a9-ba9b-41a03a314f2c/click &amp#27;[39m&amp#27;[32m200&amp#27;[39m &amp#27;[90m210 ms - 14&amp#27;[39m
&amp#27;[35m[HTTP]&amp#27;[39m &amp#27;[90m&amp#27;[39m
&amp#27;[35m[HTTP]&amp#27;[39m &amp#27;[37m-->&amp#27;[39m &amp#27;[37mGET&amp#27;[39m &amp#27;[37m/wd/hub/session/16b3dbbe-df97-44a4-9c86-a4c3f5d63c85/context&amp#27;[39m
&amp#27;[35m[HTTP]&amp#27;[39m &amp#27;[90m{}&amp#27;[39m
[debug] &amp#27;[35m[W3C (16b3dbbe)]&amp#27;[39m Calling AppiumDriver.getCurrentContext() with args: ["16b3dbbe-df97-44a4-9c86-a4c3f5d63c85"]
[debug] &amp#27;[35m[W3C (16b3dbbe)]&amp#27;[39m Responding to client with driver.getCurrentContext() result: "NATIVE_APP"
&amp#27;[35m[HTTP]&amp#27;[39m &amp#27;[37m<-- GET /wd/hub/session/16b3dbbe-df97-44a4-9c86-a4c3f5d63c85/context &amp#27;[39m&amp#27;[32m200&amp#27;[39m &amp#27;[90m2 ms - 22&amp#27;[39m
&amp#27;[35m[HTTP]&amp#27;[39m &amp#27;[90m&amp#27;[39m
&amp#27;[35m[HTTP]&amp#27;[39m &amp#27;[37m-->&amp#27;[39m &amp#27;[37mPOST&amp#27;[39m &amp#27;[37m/wd/hub/session/16b3dbbe-df97-44a4-9c86-a4c3f5d63c85/element&amp#27;[39m
&amp#27;[35m[HTTP]&amp#27;[39m &amp#27;[90m{"using":"xpath","value":"//android.widget.EditText[1]"}&amp#27;[39m
[debug] &amp#27;[35m[W3C (16b3dbbe)]&amp#27;[39m Calling AppiumDriver.findElement() with args: ["xpath","//android.widget.EditText[1]","16b3dbbe-df97-44a4-9c86-a4c3f5d63c85"]
[debug] &amp#27;[35m[BaseDriver]&amp#27;[39m Valid locator strategies for this request: xpath, id, class name, accessibility id, css selector, -android uiautomator
[debug] &amp#27;[35m[BaseDriver]&amp#27;[39m Waiting up to 10000 ms for condition
[debug] &amp#27;[35m[WD Proxy]&amp#27;[39m Matched '/element' to command name 'findElement'
[debug] &amp#27;[35m[WD Proxy]&amp#27;[39m Proxying [POST /element] to [POST http://127.0.0.1:8201/wd/hub/session/1a942fc2-6d85-4888-a85b-0042439c6f52/element] with body: {"strategy":"xpath","selector":"//android.widget.EditText[1]","context":"","multiple":false}
[debug] &amp#27;[35m[WD Proxy]&amp#27;[39m Got response with status 200: {"sessionId":"1a942fc2-6d85-4888-a85b-0042439c6f52","value":{"ELEMENT":"0800f098-70a7-442b-91d3-97bb604236bd","element-6066-11e4-a52e-4f735466cecf":"0800f098-70a7-442b-91d3-97bb604236bd"}}
[debug] &amp#27;[35m[W3C (16b3dbbe)]&amp#27;[39m Responding to client with driver.findElement() result: {"element-6066-11e4-a52e-4f735466cecf":"0800f098-70a7-442b-91d3-97bb604236bd","ELEMENT":"0800f098-70a7-442b-91d3-97bb604236bd"}
&amp#27;[35m[HTTP]&amp#27;[39m &amp#27;[37m<-- POST /wd/hub/session/16b3dbbe-df97-44a4-9c86-a4c3f5d63c85/element &amp#27;[39m&amp#27;[32m200&amp#27;[39m &amp#27;[90m91 ms - 137&amp#27;[39m
&amp#27;[35m[HTTP]&amp#27;[39m &amp#27;[90m&amp#27;[39m
&amp#27;[35m[HTTP]&amp#27;[39m &amp#27;[37m-->&amp#27;[39m &amp#27;[37mPOST&amp#27;[39m &amp#27;[37m/wd/hub/session/16b3dbbe-df97-44a4-9c86-a4c3f5d63c85/element/0800f098-70a7-442b-91d3-97bb604236bd/value&amp#27;[39m
&amp#27;[35m[HTTP]&amp#27;[39m &amp#27;[90m{"id":"0800f098-70a7-442b-91d3-97bb604236bd","text":"7760305049","value":["7","7","6","0","3","0","5","0","4","9"]}&amp#27;[39m
[debug] &amp#27;[35m[W3C (16b3dbbe)]&amp#27;[39m Calling AppiumDriver.setValue() with args: [["7","7","6","0","3","0","5","0","4","9"],"0800f098-70a7-442b-91d3-97bb604236bd","16b3dbbe-df97-44a4-9c86-a4c3f5d63c85"]
[debug] &amp#27;[35m[WD Proxy]&amp#27;[39m Matched '/element/0800f098-70a7-442b-91d3-97bb604236bd/value' to command name 'setValue'
[debug] &amp#27;[35m[Protocol Converter]&amp#27;[39m Added 'value' property ["7","7","6","0","3","0","5","0","4","9"] to 'setValue' request body
[debug] &amp#27;[35m[WD Proxy]&amp#27;[39m Proxying [POST /element/0800f098-70a7-442b-91d3-97bb604236bd/value] to [POST http://127.0.0.1:8201/wd/hub/session/1a942fc2-6d85-4888-a85b-0042439c6f52/element/0800f098-70a7-442b-91d3-97bb604236bd/value] with body: {"elementId":"0800f098-70a7-442b-91d3-97bb604236bd","text":"7760305049","replace":false,"value":["7","7","6","0","3","0","5","0","4","9"]}
[debug] &amp#27;[35m[WD Proxy]&amp#27;[39m Got response with status 200: {"sessionId":"1a942fc2-6d85-4888-a85b-0042439c6f52","value":null}
[debug] &amp#27;[35m[W3C (16b3dbbe)]&amp#27;[39m Responding to client with driver.setValue() result: null
&amp#27;[35m[HTTP]&amp#27;[39m &amp#27;[37m<-- POST /wd/hub/session/16b3dbbe-df97-44a4-9c86-a4c3f5d63c85/element/0800f098-70a7-442b-91d3-97bb604236bd/value &amp#27;[39m&amp#27;[32m200&amp#27;[39m &amp#27;[90m32 ms - 14&amp#27;[39m
&amp#27;[35m[HTTP]&amp#27;[39m &amp#27;[90m&amp#27;[39m
&amp#27;[35m[HTTP]&amp#27;[39m &amp#27;[37m-->&amp#27;[39m &amp#27;[37mGET&amp#27;[39m &amp#27;[37m/wd/hub/session/16b3dbbe-df97-44a4-9c86-a4c3f5d63c85/context&amp#27;[39m
&amp#27;[35m[HTTP]&amp#27;[39m &amp#27;[90m{}&amp#27;[39m
[debug] &amp#27;[35m[W3C (16b3dbbe)]&amp#27;[39m Calling AppiumDriver.getCurrentContext() with args: ["16b3dbbe-df97-44a4-9c86-a4c3f5d63c85"]
[debug] &amp#27;[35m[W3C (16b3dbbe)]&amp#27;[39m Responding to client with driver.getCurrentContext() result: "NATIVE_APP"
&amp#27;[35m[HTTP]&amp#27;[39m &amp#27;[37m<-- GET /wd/hub/session/16b3dbbe-df97-44a4-9c86-a4c3f5d63c85/context &amp#27;[39m&amp#27;[32m200&amp#27;[39m &amp#27;[90m1 ms - 22&amp#27;[39m
&amp#27;[35m[HTTP]&amp#27;[39m &amp#27;[90m&amp#27;[39m
&amp#27;[35m[HTTP]&amp#27;[39m &amp#27;[37m-->&amp#27;[39m &amp#27;[37mPOST&amp#27;[39m &amp#27;[37m/wd/hub/session/16b3dbbe-df97-44a4-9c86-a4c3f5d63c85/element&amp#27;[39m
&amp#27;[35m[HTTP]&amp#27;[39m &amp#27;[90m{"using":"xpath","value":"(//android.widget.EditText)[2]"}&amp#27;[39m
[debug] &amp#27;[35m[W3C (16b3dbbe)]&amp#27;[39m Calling AppiumDriver.findElement() with args: ["xpath","(//android.widget.EditText)[2]","16b3dbbe-df97-44a4-9c86-a4c3f5d63c85"]
[debug] &amp#27;[35m[BaseDriver]&amp#27;[39m Valid locator strategies for this request: xpath, id, class name, accessibility id, css selector, -android uiautomator
[debug] &amp#27;[35m[BaseDriver]&amp#27;[39m Waiting up to 10000 ms for condition
[debug] &amp#27;[35m[WD Proxy]&amp#27;[39m Matched '/element' to command name 'findElement'
[debug] &amp#27;[35m[WD Proxy]&amp#27;[39m Proxying [POST /element] to [POST http://127.0.0.1:8201/wd/hub/session/1a942fc2-6d85-4888-a85b-0042439c6f52/element] with body: {"strategy":"xpath","selector":"(//android.widget.EditText)[2]","context":"","multiple":false}
[debug] &amp#27;[35m[WD Proxy]&amp#27;[39m Got response with status 200: {"sessionId":"1a942fc2-6d85-4888-a85b-0042439c6f52","value":{"ELEMENT":"fe70de59-37ba-4414-9b65-2c447a2c56bd","element-6066-11e4-a52e-4f735466cecf":"fe70de59-37ba-4414-9b65-2c447a2c56bd"}}
[debug] &amp#27;[35m[W3C (16b3dbbe)]&amp#27;[39m Responding to client with driver.findElement() result: {"element-6066-11e4-a52e-4f735466cecf":"fe70de59-37ba-4414-9b65-2c447a2c56bd","ELEMENT":"fe70de59-37ba-4414-9b65-2c447a2c56bd"}
&amp#27;[35m[HTTP]&amp#27;[39m &amp#27;[37m<-- POST /wd/hub/session/16b3dbbe-df97-44a4-9c86-a4c3f5d63c85/element &amp#27;[39m&amp#27;[32m200&amp#27;[39m &amp#27;[90m521 ms - 137&amp#27;[39m
&amp#27;[35m[HTTP]&amp#27;[39m &amp#27;[90m&amp#27;[39m
&amp#27;[35m[HTTP]&amp#27;[39m &amp#27;[37m-->&amp#27;[39m &amp#27;[37mPOST&amp#27;[39m &amp#27;[37m/wd/hub/session/16b3dbbe-df97-44a4-9c86-a4c3f5d63c85/element/fe70de59-37ba-4414-9b65-2c447a2c56bd/click&amp#27;[39m
&amp#27;[35m[HTTP]&amp#27;[39m &amp#27;[90m{"id":"fe70de59-37ba-4414-9b65-2c447a2c56bd"}&amp#27;[39m
[debug] &amp#27;[35m[W3C (16b3dbbe)]&amp#27;[39m Calling AppiumDriver.click() with args: ["fe70de59-37ba-4414-9b65-2c447a2c56bd","16b3dbbe-df97-44a4-9c86-a4c3f5d63c85"]
[debug] &amp#27;[35m[WD Proxy]&amp#27;[39m Matched '/element/fe70de59-37ba-4414-9b65-2c447a2c56bd/click' to command name 'click'
[debug] &amp#27;[35m[WD Proxy]&amp#27;[39m Proxying [POST /element/fe70de59-37ba-4414-9b65-2c447a2c56bd/click] to [POST http://127.0.0.1:8201/wd/hub/session/1a942fc2-6d85-4888-a85b-0042439c6f52/element/fe70de59-37ba-4414-9b65-2c447a2c56bd/click] with body: {"element":"fe70de59-37ba-4414-9b65-2c447a2c56bd"}
[debug] &amp#27;[35m[WD Proxy]&amp#27;[39m Got response with status 200: {"sessionId":"1a942fc2-6d85-4888-a85b-0042439c6f52","value":null}
[debug] &amp#27;[35m[W3C (16b3dbbe)]&amp#27;[39m Responding to client with driver.click() result: null
&amp#27;[35m[HTTP]&amp#27;[39m &amp#27;[37m<-- POST /wd/hub/session/16b3dbbe-df97-44a4-9c86-a4c3f5d63c85/element/fe70de59-37ba-4414-9b65-2c447a2c56bd/click &amp#27;[39m&amp#27;[32m200&amp#27;[39m &amp#27;[90m75 ms - 14&amp#27;[39m
&amp#27;[35m[HTTP]&amp#27;[39m &amp#27;[90m&amp#27;[39m
&amp#27;[35m[HTTP]&amp#27;[39m &amp#27;[37m-->&amp#27;[39m &amp#27;[37mGET&amp#27;[39m &amp#27;[37m/wd/hub/session/16b3dbbe-df97-44a4-9c86-a4c3f5d63c85/context&amp#27;[39m
&amp#27;[35m[HTTP]&amp#27;[39m &amp#27;[90m{}&amp#27;[39m
[debug] &amp#27;[35m[W3C (16b3dbbe)]&amp#27;[39m Calling AppiumDriver.getCurrentContext() with args: ["16b3dbbe-df97-44a4-9c86-a4c3f5d63c85"]
[debug] &amp#27;[35m[W3C (16b3dbbe)]&amp#27;[39m Responding to client with driver.getCurrentContext() result: "NATIVE_APP"
&amp#27;[35m[HTTP]&amp#27;[39m &amp#27;[37m<-- GET /wd/hub/session/16b3dbbe-df97-44a4-9c86-a4c3f5d63c85/context &amp#27;[39m&amp#27;[32m200&amp#27;[39m &amp#27;[90m1 ms - 22&amp#27;[39m
&amp#27;[35m[HTTP]&amp#27;[39m &amp#27;[90m&amp#27;[39m
&amp#27;[35m[HTTP]&amp#27;[39m &amp#27;[37m-->&amp#27;[39m &amp#27;[37mPOST&amp#27;[39m &amp#27;[37m/wd/hub/session/16b3dbbe-df97-44a4-9c86-a4c3f5d63c85/element&amp#27;[39m
&amp#27;[35m[HTTP]&amp#27;[39m &amp#27;[90m{"using":"xpath","value":"(//android.widget.EditText)[2]"}&amp#27;[39m
[debug] &amp#27;[35m[W3C (16b3dbbe)]&amp#27;[39m Calling AppiumDriver.findElement() with args: ["xpath","(//android.widget.EditText)[2]","16b3dbbe-df97-44a4-9c86-a4c3f5d63c85"]
[debug] &amp#27;[35m[BaseDriver]&amp#27;[39m Valid locator strategies for this request: xpath, id, class name, accessibility id, css selector, -android uiautomator
[debug] &amp#27;[35m[BaseDriver]&amp#27;[39m Waiting up to 10000 ms for condition
[debug] &amp#27;[35m[WD Proxy]&amp#27;[39m Matched '/element' to command name 'findElement'
[debug] &amp#27;[35m[WD Proxy]&amp#27;[39m Proxying [POST /element] to [POST http://127.0.0.1:8201/wd/hub/session/1a942fc2-6d85-4888-a85b-0042439c6f52/element] with body: {"strategy":"xpath","selector":"(//android.widget.EditText)[2]","context":"","multiple":false}
[debug] &amp#27;[35m[WD Proxy]&amp#27;[39m Got response with status 200: {"sessionId":"1a942fc2-6d85-4888-a85b-0042439c6f52","value":{"ELEMENT":"1a1cb1b1-4f8a-4f7a-b6e4-4caf041e2a65","element-6066-11e4-a52e-4f735466cecf":"1a1cb1b1-4f8a-4f7a-b6e4-4caf041e2a65"}}
[debug] &amp#27;[35m[W3C (16b3dbbe)]&amp#27;[39m Responding to client with driver.findElement() result: {"element-6066-11e4-a52e-4f735466cecf":"1a1cb1b1-4f8a-4f7a-b6e4-4caf041e2a65","ELEMENT":"1a1cb1b1-4f8a-4f7a-b6e4-4caf041e2a65"}
&amp#27;[35m[HTTP]&amp#27;[39m &amp#27;[37m<-- POST /wd/hub/session/16b3dbbe-df97-44a4-9c86-a4c3f5d63c85/element &amp#27;[39m&amp#27;[32m200&amp#27;[39m &amp#27;[90m196 ms - 137&amp#27;[39m
&amp#27;[35m[HTTP]&amp#27;[39m &amp#27;[90m&amp#27;[39m
&amp#27;[35m[HTTP]&amp#27;[39m &amp#27;[37m-->&amp#27;[39m &amp#27;[37mPOST&amp#27;[39m &amp#27;[37m/wd/hub/session/16b3dbbe-df97-44a4-9c86-a4c3f5d63c85/element/1a1cb1b1-4f8a-4f7a-b6e4-4caf041e2a65/value&amp#27;[39m
&amp#27;[35m[HTTP]&amp#27;[39m &amp#27;[90m{"id":"1a1cb1b1-4f8a-4f7a-b6e4-4caf041e2a65","text":"0082","value":["0","0","8","2"]}&amp#27;[39m
[debug] &amp#27;[35m[W3C (16b3dbbe)]&amp#27;[39m Calling AppiumDriver.setValue() with args: [["0","0","8","2"],"1a1cb1b1-4f8a-4f7a-b6e4-4caf041e2a65","16b3dbbe-df97-44a4-9c86-a4c3f5d63c85"]
[debug] &amp#27;[35m[WD Proxy]&amp#27;[39m Matched '/element/1a1cb1b1-4f8a-4f7a-b6e4-4caf041e2a65/value' to command name 'setValue'
[debug] &amp#27;[35m[Protocol Converter]&amp#27;[39m Added 'value' property ["0","0","8","2"] to 'setValue' request body
[debug] &amp#27;[35m[WD Proxy]&amp#27;[39m Proxying [POST /element/1a1cb1b1-4f8a-4f7a-b6e4-4caf041e2a65/value] to [POST http://127.0.0.1:8201/wd/hub/session/1a942fc2-6d85-4888-a85b-0042439c6f52/element/1a1cb1b1-4f8a-4f7a-b6e4-4caf041e2a65/value] with body: {"elementId":"1a1cb1b1-4f8a-4f7a-b6e4-4caf041e2a65","text":"0082","replace":false,"value":["0","0","8","2"]}
[debug] &amp#27;[35m[WD Proxy]&amp#27;[39m Got response with status 200: {"sessionId":"1a942fc2-6d85-4888-a85b-0042439c6f52","value":null}
[debug] &amp#27;[35m[W3C (16b3dbbe)]&amp#27;[39m Responding to client with driver.setValue() result: null
&amp#27;[35m[HTTP]&amp#27;[39m &amp#27;[37m<-- POST /wd/hub/session/16b3dbbe-df97-44a4-9c86-a4c3f5d63c85/element/1a1cb1b1-4f8a-4f7a-b6e4-4caf041e2a65/value &amp#27;[39m&amp#27;[32m200&amp#27;[39m &amp#27;[90m1074 ms - 14&amp#27;[39m
&amp#27;[35m[HTTP]&amp#27;[39m &amp#27;[90m&amp#27;[39m
&amp#27;[35m[HTTP]&amp#27;[39m &amp#27;[37m-->&amp#27;[39m &amp#27;[37mPOST&amp#27;[39m &amp#27;[37m/wd/hub/session/16b3dbbe-df97-44a4-9c86-a4c3f5d63c85/appium/device/hide_keyboard&amp#27;[39m
&amp#27;[35m[HTTP]&amp#27;[39m &amp#27;[90m{}&amp#27;[39m
[debug] &amp#27;[35m[W3C (16b3dbbe)]&amp#27;[39m Calling AppiumDriver.hideKeyboard() with args: [null,null,null,null,"16b3dbbe-df97-44a4-9c86-a4c3f5d63c85"]
[debug] &amp#27;[35m[ADB]&amp#27;[39m Running 'C:\Users\Fayaz\AppData\Local\Android\Sdk\platform-tools\adb.exe -P 5037 -s emulator-5554 shell dumpsys input_method'
&amp#27;[35m[AndroidDriver]&amp#27;[39m Keyboard has no UI; no closing necessary
[debug] &amp#27;[35m[W3C (16b3dbbe)]&amp#27;[39m Responding to client with driver.hideKeyboard() result: null
&amp#27;[35m[HTTP]&amp#27;[39m &amp#27;[37m<-- POST /wd/hub/session/16b3dbbe-df97-44a4-9c86-a4c3f5d63c85/appium/device/hide_keyboard &amp#27;[39m&amp#27;[32m200&amp#27;[39m &amp#27;[90m508 ms - 14&amp#27;[39m
&amp#27;[35m[HTTP]&amp#27;[39m &amp#27;[90m&amp#27;[39m
&amp#27;[35m[HTTP]&amp#27;[39m &amp#27;[37m-->&amp#27;[39m &amp#27;[37mGET&amp#27;[39m &amp#27;[37m/wd/hub/session/16b3dbbe-df97-44a4-9c86-a4c3f5d63c85/context&amp#27;[39m
&amp#27;[35m[HTTP]&amp#27;[39m &amp#27;[90m{}&amp#27;[39m
[debug] &amp#27;[35m[W3C (16b3dbbe)]&amp#27;[39m Calling AppiumDriver.getCurrentContext() with args: ["16b3dbbe-df97-44a4-9c86-a4c3f5d63c85"]
[debug] &amp#27;[35m[W3C (16b3dbbe)]&amp#27;[39m Responding to client with driver.getCurrentContext() result: "NATIVE_APP"
&amp#27;[35m[HTTP]&amp#27;[39m &amp#27;[37m<-- GET /wd/hub/session/16b3dbbe-df97-44a4-9c86-a4c3f5d63c85/context &amp#27;[39m&amp#27;[32m200&amp#27;[39m &amp#27;[90m1 ms - 22&amp#27;[39m
&amp#27;[35m[HTTP]&amp#27;[39m &amp#27;[90m&amp#27;[39m
&amp#27;[35m[HTTP]&amp#27;[39m &amp#27;[37m-->&amp#27;[39m &amp#27;[37mPOST&amp#27;[39m &amp#27;[37m/wd/hub/session/16b3dbbe-df97-44a4-9c86-a4c3f5d63c85/element&amp#27;[39m
&amp#27;[35m[HTTP]&amp#27;[39m &amp#27;[90m{"using":"xpath","value":"//android.widget.Button[@text='Sign In']"}&amp#27;[39m
[debug] &amp#27;[35m[W3C (16b3dbbe)]&amp#27;[39m Calling AppiumDriver.findElement() with args: ["xpath","//android.widget.Button[@text='Sign In']","16b3dbbe-df97-44a4-9c86-a4c3f5d63c85"]
[debug] &amp#27;[35m[BaseDriver]&amp#27;[39m Valid locator strategies for this request: xpath, id, class name, accessibility id, css selector, -android uiautomator
[debug] &amp#27;[35m[BaseDriver]&amp#27;[39m Waiting up to 10000 ms for condition
[debug] &amp#27;[35m[WD Proxy]&amp#27;[39m Matched '/element' to command name 'findElement'
[debug] &amp#27;[35m[WD Proxy]&amp#27;[39m Proxying [POST /element] to [POST http://127.0.0.1:8201/wd/hub/session/1a942fc2-6d85-4888-a85b-0042439c6f52/element] with body: {"strategy":"xpath","selector":"//android.widget.Button[@text='Sign In']","context":"","multiple":false}
[debug] &amp#27;[35m[WD Proxy]&amp#27;[39m Got response with status 200: {"sessionId":"1a942fc2-6d85-4888-a85b-0042439c6f52","value":{"ELEMENT":"15028872-4e0e-4811-8cae-56fde027a125","element-6066-11e4-a52e-4f735466cecf":"15028872-4e0e-4811-8cae-56fde027a125"}}
[debug] &amp#27;[35m[W3C (16b3dbbe)]&amp#27;[39m Responding to client with driver.findElement() result: {"element-6066-11e4-a52e-4f735466cecf":"15028872-4e0e-4811-8cae-56fde027a125","ELEMENT":"15028872-4e0e-4811-8cae-56fde027a125"}
&amp#27;[35m[HTTP]&amp#27;[39m &amp#27;[37m<-- POST /wd/hub/session/16b3dbbe-df97-44a4-9c86-a4c3f5d63c85/element &amp#27;[39m&amp#27;[32m200&amp#27;[39m &amp#27;[90m435 ms - 137&amp#27;[39m
&amp#27;[35m[HTTP]&amp#27;[39m &amp#27;[90m&amp#27;[39m
&amp#27;[35m[HTTP]&amp#27;[39m &amp#27;[37m-->&amp#27;[39m &amp#27;[37mPOST&amp#27;[39m &amp#27;[37m/wd/hub/session/16b3dbbe-df97-44a4-9c86-a4c3f5d63c85/element/15028872-4e0e-4811-8cae-56fde027a125/click&amp#27;[39m
&amp#27;[35m[HTTP]&amp#27;[39m &amp#27;[90m{"id":"15028872-4e0e-4811-8cae-56fde027a125"}&amp#27;[39m
[debug] &amp#27;[35m[W3C (16b3dbbe)]&amp#27;[39m Calling AppiumDriver.click() with args: ["15028872-4e0e-4811-8cae-56fde027a125","16b3dbbe-df97-44a4-9c86-a4c3f5d63c85"]
[debug] &amp#27;[35m[WD Proxy]&amp#27;[39m Matched '/element/15028872-4e0e-4811-8cae-56fde027a125/click' to command name 'click'
[debug] &amp#27;[35m[WD Proxy]&amp#27;[39m Proxying [POST /element/15028872-4e0e-4811-8cae-56fde027a125/click] to [POST http://127.0.0.1:8201/wd/hub/session/1a942fc2-6d85-4888-a85b-0042439c6f52/element/15028872-4e0e-4811-8cae-56fde027a125/click] with body: {"element":"15028872-4e0e-4811-8cae-56fde027a125"}
[debug] &amp#27;[35m[WD Proxy]&amp#27;[39m Got response with status 200: {"sessionId":"1a942fc2-6d85-4888-a85b-0042439c6f52","value":null}
[debug] &amp#27;[35m[W3C (16b3dbbe)]&amp#27;[39m Responding to client with driver.click() result: null
&amp#27;[35m[HTTP]&amp#27;[39m &amp#27;[37m<-- POST /wd/hub/session/16b3dbbe-df97-44a4-9c86-a4c3f5d63c85/element/15028872-4e0e-4811-8cae-56fde027a125/click &amp#27;[39m&amp#27;[32m200&amp#27;[39m &amp#27;[90m262 ms - 14&amp#27;[39m
&amp#27;[35m[HTTP]&amp#27;[39m &amp#27;[90m&amp#27;[39m
&amp#27;[35m[HTTP]&amp#27;[39m &amp#27;[37m-->&amp#27;[39m &amp#27;[37mGET&amp#27;[39m &amp#27;[37m/wd/hub/session/16b3dbbe-df97-44a4-9c86-a4c3f5d63c85/context&amp#27;[39m
&amp#27;[35m[HTTP]&amp#27;[39m &amp#27;[90m{}&amp#27;[39m
[debug] &amp#27;[35m[W3C (16b3dbbe)]&amp#27;[39m Calling AppiumDriver.getCurrentContext() with args: ["16b3dbbe-df97-44a4-9c86-a4c3f5d63c85"]
[debug] &amp#27;[35m[W3C (16b3dbbe)]&amp#27;[39m Responding to client with driver.getCurrentContext() result: "NATIVE_APP"
&amp#27;[35m[HTTP]&amp#27;[39m &amp#27;[37m<-- GET /wd/hub/session/16b3dbbe-df97-44a4-9c86-a4c3f5d63c85/context &amp#27;[39m&amp#27;[32m200&amp#27;[39m &amp#27;[90m1 ms - 22&amp#27;[39m
&amp#27;[35m[HTTP]&amp#27;[39m &amp#27;[90m&amp#27;[39m
&amp#27;[35m[HTTP]&amp#27;[39m &amp#27;[37m-->&amp#27;[39m &amp#27;[37mPOST&amp#27;[39m &amp#27;[37m/wd/hub/session/16b3dbbe-df97-44a4-9c86-a4c3f5d63c85/element&amp#27;[39m
&amp#27;[35m[HTTP]&amp#27;[39m &amp#27;[90m{"using":"xpath","value":"//android.view.View[@text='accounts']"}&amp#27;[39m
[debug] &amp#27;[35m[W3C (16b3dbbe)]&amp#27;[39m Calling AppiumDriver.findElement() with args: ["xpath","//android.view.View[@text='accounts']","16b3dbbe-df97-44a4-9c86-a4c3f5d63c85"]
[debug] &amp#27;[35m[BaseDriver]&amp#27;[39m Valid locator strategies for this request: xpath, id, class name, accessibility id, css selector, -android uiautomator
[debug] &amp#27;[35m[BaseDriver]&amp#27;[39m Waiting up to 10000 ms for condition
[debug] &amp#27;[35m[WD Proxy]&amp#27;[39m Matched '/element' to command name 'findElement'
[debug] &amp#27;[35m[WD Proxy]&amp#27;[39m Proxying [POST /element] to [POST http://127.0.0.1:8201/wd/hub/session/1a942fc2-6d85-4888-a85b-0042439c6f52/element] with body: {"strategy":"xpath","selector":"//android.view.View[@text='accounts']","context":"","multiple":false}
[debug] &amp#27;[35m[WD Proxy]&amp#27;[39m Got response with status 200: {"sessionId":"1a942fc2-6d85-4888-a85b-0042439c6f52","value":{"ELEMENT":"3a97757d-72a8-4b81-bf9d-df5f27732785","element-6066-11e4-a52e-4f735466cecf":"3a97757d-72a8-4b81-bf9d-df5f27732785"}}
[debug] &amp#27;[35m[W3C (16b3dbbe)]&amp#27;[39m Responding to client with driver.findElement() result: {"element-6066-11e4-a52e-4f735466cecf":"3a97757d-72a8-4b81-bf9d-df5f27732785","ELEMENT":"3a97757d-72a8-4b81-bf9d-df5f27732785"}
&amp#27;[35m[HTTP]&amp#27;[39m &amp#27;[37m<-- POST /wd/hub/session/16b3dbbe-df97-44a4-9c86-a4c3f5d63c85/element &amp#27;[39m&amp#27;[32m200&amp#27;[39m &amp#27;[90m117 ms - 137&amp#27;[39m
&amp#27;[35m[HTTP]&amp#27;[39m &amp#27;[90m&amp#27;[39m
&amp#27;[35m[HTTP]&amp#27;[39m &amp#27;[37m-->&amp#27;[39m &amp#27;[37mPOST&amp#27;[39m &amp#27;[37m/wd/hub/session/16b3dbbe-df97-44a4-9c86-a4c3f5d63c85/element/3a97757d-72a8-4b81-bf9d-df5f27732785/click&amp#27;[39m
&amp#27;[35m[HTTP]&amp#27;[39m &amp#27;[90m{"id":"3a97757d-72a8-4b81-bf9d-df5f27732785"}&amp#27;[39m
[debug] &amp#27;[35m[W3C (16b3dbbe)]&amp#27;[39m Calling AppiumDriver.click() with args: ["3a97757d-72a8-4b81-bf9d-df5f27732785","16b3dbbe-df97-44a4-9c86-a4c3f5d63c85"]
[debug] &amp#27;[35m[WD Proxy]&amp#27;[39m Matched '/element/3a97757d-72a8-4b81-bf9d-df5f27732785/click' to command name 'click'
[debug] &amp#27;[35m[WD Proxy]&amp#27;[39m Proxying [POST /element/3a97757d-72a8-4b81-bf9d-df5f27732785/click] to [POST http://127.0.0.1:8201/wd/hub/session/1a942fc2-6d85-4888-a85b-0042439c6f52/element/3a97757d-72a8-4b81-bf9d-df5f27732785/click] with body: {"element":"3a97757d-72a8-4b81-bf9d-df5f27732785"}
[debug] &amp#27;[35m[WD Proxy]&amp#27;[39m Got response with status 200: {"sessionId":"1a942fc2-6d85-4888-a85b-0042439c6f52","value":null}
[debug] &amp#27;[35m[W3C (16b3dbbe)]&amp#27;[39m Responding to client with driver.click() result: null
&amp#27;[35m[HTTP]&amp#27;[39m &amp#27;[37m<-- POST /wd/hub/session/16b3dbbe-df97-44a4-9c86-a4c3f5d63c85/element/3a97757d-72a8-4b81-bf9d-df5f27732785/click &amp#27;[39m&amp#27;[32m200&amp#27;[39m &amp#27;[90m72 ms - 14&amp#27;[39m
&amp#27;[35m[HTTP]&amp#27;[39m &amp#27;[90m&amp#27;[39m
&amp#27;[35m[HTTP]&amp#27;[39m &amp#27;[37m-->&amp#27;[39m &amp#27;[37mGET&amp#27;[39m &amp#27;[37m/wd/hub/session/16b3dbbe-df97-44a4-9c86-a4c3f5d63c85/context&amp#27;[39m
&amp#27;[35m[HTTP]&amp#27;[39m &amp#27;[90m{}&amp#27;[39m
[debug] &amp#27;[35m[W3C (16b3dbbe)]&amp#27;[39m Calling AppiumDriver.getCurrentContext() with args: ["16b3dbbe-df97-44a4-9c86-a4c3f5d63c85"]
[debug] &amp#27;[35m[W3C (16b3dbbe)]&amp#27;[39m Responding to client with driver.getCurrentContext() result: "NATIVE_APP"
&amp#27;[35m[HTTP]&amp#27;[39m &amp#27;[37m<-- GET /wd/hub/session/16b3dbbe-df97-44a4-9c86-a4c3f5d63c85/context &amp#27;[39m&amp#27;[32m200&amp#27;[39m &amp#27;[90m1 ms - 22&amp#27;[39m
&amp#27;[35m[HTTP]&amp#27;[39m &amp#27;[90m&amp#27;[39m
&amp#27;[35m[HTTP]&amp#27;[39m &amp#27;[37m-->&amp#27;[39m &amp#27;[37mPOST&amp#27;[39m &amp#27;[37m/wd/hub/session/16b3dbbe-df97-44a4-9c86-a4c3f5d63c85/element&amp#27;[39m
&amp#27;[35m[HTTP]&amp#27;[39m &amp#27;[90m{"using":"xpath","value":"//android.view.View[@text='Accounts']"}&amp#27;[39m
[debug] &amp#27;[35m[W3C (16b3dbbe)]&amp#27;[39m Calling AppiumDriver.findElement() with args: ["xpath","//android.view.View[@text='Accounts']","16b3dbbe-df97-44a4-9c86-a4c3f5d63c85"]
[debug] &amp#27;[35m[BaseDriver]&amp#27;[39m Valid locator strategies for this request: xpath, id, class name, accessibility id, css selector, -android uiautomator
[debug] &amp#27;[35m[BaseDriver]&amp#27;[39m Waiting up to 10000 ms for condition
[debug] &amp#27;[35m[WD Proxy]&amp#27;[39m Matched '/element' to command name 'findElement'
[debug] &amp#27;[35m[WD Proxy]&amp#27;[39m Proxying [POST /element] to [POST http://127.0.0.1:8201/wd/hub/session/1a942fc2-6d85-4888-a85b-0042439c6f52/element] with body: {"strategy":"xpath","selector":"//android.view.View[@text='Accounts']","context":"","multiple":false}
&amp#27;[35m[WD Proxy]&amp#27;[39m Got response with status 404: {"sessionId":"1a942fc2-6d85-4888-a85b-0042439c6f52","value":{"error":"no such element","message":"An element could not be located on the page using the given search parameters","stacktrace":"io.appium.uiautomator2.common.exceptions.ElementNotFoundException: An element could not be located on the page using the given search parameters\n\tat io.appium.uiautomator2.handler.FindElement.findElement(FindElement.java:89)\n\tat io.appium.uiautomator2.handler.FindElement.safeHandle(FindElement.java:66)\n\tat io.appium.uiautomator2.handler.request.SafeRequestHandler.handle(SafeRequestHandler.java:41)\n\tat io.appium.uiautomator2.server.AppiumServlet.handleRequest(AppiumServlet.java:262)\n\tat io.appium.uiautomator2.server.AppiumServlet.handleHttpRequest(AppiumServlet.java:256)\n\tat io.appium.uiautomator2.http.ServerHandler.channelRead(ServerHandler.java:68)\n\tat io.netty.channel.AbstractChannelHandlerContext.invokeChannelRead(AbstractChannelHandlerContext.java:366)\n\tat io.netty.channel.AbstractChannelHandlerCont...
[debug] &amp#27;[35m[W3C]&amp#27;[39m Matched W3C error code 'no such element' to NoSuchElementError
[debug] &amp#27;[35m[BaseDriver]&amp#27;[39m Waited for 1532 ms so far
[debug] &amp#27;[35m[WD Proxy]&amp#27;[39m Matched '/element' to command name 'findElement'
[debug] &amp#27;[35m[WD Proxy]&amp#27;[39m Proxying [POST /element] to [POST http://127.0.0.1:8201/wd/hub/session/1a942fc2-6d85-4888-a85b-0042439c6f52/element] with body: {"strategy":"xpath","selector":"//android.view.View[@text='Accounts']","context":"","multiple":false}
[debug] &amp#27;[35m[WD Proxy]&amp#27;[39m Got response with status 200: {"sessionId":"1a942fc2-6d85-4888-a85b-0042439c6f52","value":{"ELEMENT":"7a1decad-e784-41f2-b408-d647abf50a47","element-6066-11e4-a52e-4f735466cecf":"7a1decad-e784-41f2-b408-d647abf50a47"}}
[debug] &amp#27;[35m[W3C (16b3dbbe)]&amp#27;[39m Responding to client with driver.findElement() result: {"element-6066-11e4-a52e-4f735466cecf":"7a1decad-e784-41f2-b408-d647abf50a47","ELEMENT":"7a1decad-e784-41f2-b408-d647abf50a47"}
&amp#27;[35m[HTTP]&amp#27;[39m &amp#27;[37m<-- POST /wd/hub/session/16b3dbbe-df97-44a4-9c86-a4c3f5d63c85/element &amp#27;[39m&amp#27;[32m200&amp#27;[39m &amp#27;[90m2496 ms - 137&amp#27;[39m
&amp#27;[35m[HTTP]&amp#27;[39m &amp#27;[90m&amp#27;[39m
&amp#27;[35m[HTTP]&amp#27;[39m &amp#27;[37m-->&amp#27;[39m &amp#27;[37mPOST&amp#27;[39m &amp#27;[37m/wd/hub/session/16b3dbbe-df97-44a4-9c86-a4c3f5d63c85/element/7a1decad-e784-41f2-b408-d647abf50a47/click&amp#27;[39m
&amp#27;[35m[HTTP]&amp#27;[39m &amp#27;[90m{"id":"7a1decad-e784-41f2-b408-d647abf50a47"}&amp#27;[39m
[debug] &amp#27;[35m[W3C (16b3dbbe)]&amp#27;[39m Calling AppiumDriver.click() with args: ["7a1decad-e784-41f2-b408-d647abf50a47","16b3dbbe-df97-44a4-9c86-a4c3f5d63c85"]
[debug] &amp#27;[35m[WD Proxy]&amp#27;[39m Matched '/element/7a1decad-e784-41f2-b408-d647abf50a47/click' to command name 'click'
[debug] &amp#27;[35m[WD Proxy]&amp#27;[39m Proxying [POST /element/7a1decad-e784-41f2-b408-d647abf50a47/click] to [POST http://127.0.0.1:8201/wd/hub/session/1a942fc2-6d85-4888-a85b-0042439c6f52/element/7a1decad-e784-41f2-b408-d647abf50a47/click] with body: {"element":"7a1decad-e784-41f2-b408-d647abf50a47"}
[debug] &amp#27;[35m[WD Proxy]&amp#27;[39m Got response with status 200: {"sessionId":"1a942fc2-6d85-4888-a85b-0042439c6f52","value":null}
[debug] &amp#27;[35m[W3C (16b3dbbe)]&amp#27;[39m Responding to client with driver.click() result: null
&amp#27;[35m[HTTP]&amp#27;[39m &amp#27;[37m<-- POST /wd/hub/session/16b3dbbe-df97-44a4-9c86-a4c3f5d63c85/element/7a1decad-e784-41f2-b408-d647abf50a47/click &amp#27;[39m&amp#27;[32m200&amp#27;[39m &amp#27;[90m98 ms - 14&amp#27;[39m
&amp#27;[35m[HTTP]&amp#27;[39m &amp#27;[90m&amp#27;[39m
&amp#27;[35m[HTTP]&amp#27;[39m &amp#27;[37m-->&amp#27;[39m &amp#27;[37mGET&amp#27;[39m &amp#27;[37m/wd/hub/session/16b3dbbe-df97-44a4-9c86-a4c3f5d63c85/context&amp#27;[39m
&amp#27;[35m[HTTP]&amp#27;[39m &amp#27;[90m{}&amp#27;[39m
[debug] &amp#27;[35m[W3C (16b3dbbe)]&amp#27;[39m Calling AppiumDriver.getCurrentContext() with args: ["16b3dbbe-df97-44a4-9c86-a4c3f5d63c85"]
[debug] &amp#27;[35m[W3C (16b3dbbe)]&amp#27;[39m Responding to client with driver.getCurrentContext() result: "NATIVE_APP"
&amp#27;[35m[HTTP]&amp#27;[39m &amp#27;[37m<-- GET /wd/hub/session/16b3dbbe-df97-44a4-9c86-a4c3f5d63c85/context &amp#27;[39m&amp#27;[32m200&amp#27;[39m &amp#27;[90m1 ms - 22&amp#27;[39m
&amp#27;[35m[HTTP]&amp#27;[39m &amp#27;[90m&amp#27;[39m
&amp#27;[35m[HTTP]&amp#27;[39m &amp#27;[37m-->&amp#27;[39m &amp#27;[37mPOST&amp#27;[39m &amp#27;[37m/wd/hub/session/16b3dbbe-df97-44a4-9c86-a4c3f5d63c85/elements&amp#27;[39m
&amp#27;[35m[HTTP]&amp#27;[39m &amp#27;[90m{"using":"class name","value":"android.widget.Image"}&amp#27;[39m
[debug] &amp#27;[35m[W3C (16b3dbbe)]&amp#27;[39m Calling AppiumDriver.findElements() with args: ["class name","android.widget.Image","16b3dbbe-df97-44a4-9c86-a4c3f5d63c85"]
[debug] &amp#27;[35m[BaseDriver]&amp#27;[39m Valid locator strategies for this request: xpath, id, class name, accessibility id, css selector, -android uiautomator
[debug] &amp#27;[35m[BaseDriver]&amp#27;[39m Waiting up to 10000 ms for condition
[debug] &amp#27;[35m[WD Proxy]&amp#27;[39m Matched '/elements' to command name 'findElements'
[debug] &amp#27;[35m[WD Proxy]&amp#27;[39m Proxying [POST /elements] to [POST http://127.0.0.1:8201/wd/hub/session/1a942fc2-6d85-4888-a85b-0042439c6f52/elements] with body: {"strategy":"class name","selector":"android.widget.Image","context":"","multiple":true}
[debug] &amp#27;[35m[WD Proxy]&amp#27;[39m Got response with status 200: {"sessionId":"1a942fc2-6d85-4888-a85b-0042439c6f52","value":[{"ELEMENT":"75aaab17-b5bd-40fe-9641-e95d731a4cdf","element-6066-11e4-a52e-4f735466cecf":"75aaab17-b5bd-40fe-9641-e95d731a4cdf"},{"ELEMENT":"a5dde190-1d95-42b3-9a45-1dcc53f7bccd","element-6066-11e4-a52e-4f735466cecf":"a5dde190-1d95-42b3-9a45-1dcc53f7bccd"},{"ELEMENT":"f3c7af68-f583-4699-a73b-89ec4ba3cec2","element-6066-11e4-a52e-4f735466cecf":"f3c7af68-f583-4699-a73b-89ec4ba3cec2"},{"ELEMENT":"bfca20b9-ae2c-4d3b-8e39-51242be6d0ce","element-6066-11e4-a52e-4f735466cecf":"bfca20b9-ae2c-4d3b-8e39-51242be6d0ce"},{"ELEMENT":"5a2bc319-a28d-4f19-aa25-8ce9a58303b2","element-6066-11e4-a52e-4f735466cecf":"5a2bc319-a28d-4f19-aa25-8ce9a58303b2"},{"ELEMENT":"eb357dd9-2e4a-4246-96a6-ca4e672f6eef","element-6066-11e4-a52e-4f735466cecf":"eb357dd9-2e4a-4246-96a6-ca4e672f6eef"},{"ELEMENT":"1b6741eb-ec68-4576-b102-bbd02a05e10a","element-6066-11e4-a52e-4f735466cecf":"1b6741eb-ec68-4576-b102-bbd02a05e10a"},{"ELEMENT":"a031f860-d738-4515-b09a-d735c55a9841","element-6066-...
[debug] &amp#27;[35m[W3C (16b3dbbe)]&amp#27;[39m Responding to client with driver.findElements() result: [{"element-6066-11e4-a52e-4f735466cecf":"75aaab17-b5bd-40fe-9641-e95d731a4cdf","ELEMENT":"75aaab17-b5bd-40fe-9641-e95d731a4cdf"},{"element-6066-11e4-a52e-4f735466cecf":"a5dde190-1d95-42b3-9a45-1dcc53f7bccd","ELEMENT":"a5dde190-1d95-42b3-9a45-1dcc53f7bccd"},{"element-6066-11e4-a52e-4f735466cecf":"f3c7af68-f583-4699-a73b-89ec4ba3cec2","ELEMENT":"f3c7af68-f583-4699-a73b-89ec4ba3cec2"},{"element-6066-11e4-a52e-4f735466cecf":"bfca20b9-ae2c-4d3b-8e39-51242be6d0ce","ELEMENT":"bfca20b9-ae2c-4d3b-8e39-51242be6d0ce"},{"element-6066-11e4-a52e-4f735466cecf":"5a2bc319-a28d-4f19-aa25-8ce9a58303b2","ELEMENT":"5a2bc319-a28d-4f19-aa25-8ce9a58303b2"},{"element-6066-11e4-a52e-4f735466cecf":"eb357dd9-2e4a-4246-96a6-ca4e672f6eef","ELEMENT":"eb357dd9-2e4a-4246-96a6-ca4e672f6eef"},{"element-6066-11e4-a52e-4f735466cecf":"1b6741eb-ec68-4576-b102-bbd02a05e10a","ELEMENT":"1b6741eb-ec68-4576-b102-bbd02a05e10a"},{"element-6066-11e4-a52e-4f735466cecf":"a031f860-d738-4515-b09a-d735c55a9841","ELEMENT":"a031f860-d738-4515-b09a-d735c55a984...
&amp#27;[35m[HTTP]&amp#27;[39m &amp#27;[37m<-- POST /wd/hub/session/16b3dbbe-df97-44a4-9c86-a4c3f5d63c85/elements &amp#27;[39m&amp#27;[32m200&amp#27;[39m &amp#27;[90m989 ms - 1675&amp#27;[39m
&amp#27;[35m[HTTP]&amp#27;[39m &amp#27;[90m&amp#27;[39m
13
&amp#27;[35m[HTTP]&amp#27;[39m &amp#27;[37m-->&amp#27;[39m &amp#27;[37mGET&amp#27;[39m &amp#27;[37m/wd/hub/session/16b3dbbe-df97-44a4-9c86-a4c3f5d63c85/context&amp#27;[39m
&amp#27;[35m[HTTP]&amp#27;[39m &amp#27;[90m{}&amp#27;[39m
[debug] &amp#27;[35m[W3C (16b3dbbe)]&amp#27;[39m Calling AppiumDriver.getCurrentContext() with args: ["16b3dbbe-df97-44a4-9c86-a4c3f5d63c85"]
[debug] &amp#27;[35m[W3C (16b3dbbe)]&amp#27;[39m Responding to client with driver.getCurrentContext() result: "NATIVE_APP"
&amp#27;[35m[HTTP]&amp#27;[39m &amp#27;[37m<-- GET /wd/hub/session/16b3dbbe-df97-44a4-9c86-a4c3f5d63c85/context &amp#27;[39m&amp#27;[32m200&amp#27;[39m &amp#27;[90m1 ms - 22&amp#27;[39m
&amp#27;[35m[HTTP]&amp#27;[39m &amp#27;[90m&amp#27;[39m
&amp#27;[35m[HTTP]&amp#27;[39m &amp#27;[37m-->&amp#27;[39m &amp#27;[37mPOST&amp#27;[39m &amp#27;[37m/wd/hub/session/16b3dbbe-df97-44a4-9c86-a4c3f5d63c85/elements&amp#27;[39m
&amp#27;[35m[HTTP]&amp#27;[39m &amp#27;[90m{"using":"class name","value":"android.widget.Image"}&amp#27;[39m
[debug] &amp#27;[35m[W3C (16b3dbbe)]&amp#27;[39m Calling AppiumDriver.findElements() with args: ["class name","android.widget.Image","16b3dbbe-df97-44a4-9c86-a4c3f5d63c85"]
[debug] &amp#27;[35m[BaseDriver]&amp#27;[39m Valid locator strategies for this request: xpath, id, class name, accessibility id, css selector, -android uiautomator
[debug] &amp#27;[35m[BaseDriver]&amp#27;[39m Waiting up to 10000 ms for condition
[debug] &amp#27;[35m[WD Proxy]&amp#27;[39m Matched '/elements' to command name 'findElements'
[debug] &amp#27;[35m[WD Proxy]&amp#27;[39m Proxying [POST /elements] to [POST http://127.0.0.1:8201/wd/hub/session/1a942fc2-6d85-4888-a85b-0042439c6f52/elements] with body: {"strategy":"class name","selector":"android.widget.Image","context":"","multiple":true}
[debug] &amp#27;[35m[WD Proxy]&amp#27;[39m Got response with status 200: {"sessionId":"1a942fc2-6d85-4888-a85b-0042439c6f52","value":[{"ELEMENT":"7e7bebb2-ba93-45c9-be4c-97bf4d607813","element-6066-11e4-a52e-4f735466cecf":"7e7bebb2-ba93-45c9-be4c-97bf4d607813"},{"ELEMENT":"4b77388b-0fa5-4fd5-aad2-659c0cc8c26f","element-6066-11e4-a52e-4f735466cecf":"4b77388b-0fa5-4fd5-aad2-659c0cc8c26f"},{"ELEMENT":"da097fe1-0ce7-4d9b-8572-8756a7d328b4","element-6066-11e4-a52e-4f735466cecf":"da097fe1-0ce7-4d9b-8572-8756a7d328b4"},{"ELEMENT":"f22d9aa4-dbe1-4eee-8cd4-911d69b74461","element-6066-11e4-a52e-4f735466cecf":"f22d9aa4-dbe1-4eee-8cd4-911d69b74461"},{"ELEMENT":"85dd2dfb-1cea-447e-95fd-134cc7b56820","element-6066-11e4-a52e-4f735466cecf":"85dd2dfb-1cea-447e-95fd-134cc7b56820"},{"ELEMENT":"795d82ba-ba72-4f37-a4bc-3b372386aa76","element-6066-11e4-a52e-4f735466cecf":"795d82ba-ba72-4f37-a4bc-3b372386aa76"},{"ELEMENT":"67d91208-d044-4a8e-aa5b-a7fd69ed8dbb","element-6066-11e4-a52e-4f735466cecf":"67d91208-d044-4a8e-aa5b-a7fd69ed8dbb"},{"ELEMENT":"d4c80adb-9dfc-43e0-8df3-1439203b4c64","element-6066-...
[debug] &amp#27;[35m[W3C (16b3dbbe)]&amp#27;[39m Responding to client with driver.findElements() result: [{"element-6066-11e4-a52e-4f735466cecf":"7e7bebb2-ba93-45c9-be4c-97bf4d607813","ELEMENT":"7e7bebb2-ba93-45c9-be4c-97bf4d607813"},{"element-6066-11e4-a52e-4f735466cecf":"4b77388b-0fa5-4fd5-aad2-659c0cc8c26f","ELEMENT":"4b77388b-0fa5-4fd5-aad2-659c0cc8c26f"},{"element-6066-11e4-a52e-4f735466cecf":"da097fe1-0ce7-4d9b-8572-8756a7d328b4","ELEMENT":"da097fe1-0ce7-4d9b-8572-8756a7d328b4"},{"element-6066-11e4-a52e-4f735466cecf":"f22d9aa4-dbe1-4eee-8cd4-911d69b74461","ELEMENT":"f22d9aa4-dbe1-4eee-8cd4-911d69b74461"},{"element-6066-11e4-a52e-4f735466cecf":"85dd2dfb-1cea-447e-95fd-134cc7b56820","ELEMENT":"85dd2dfb-1cea-447e-95fd-134cc7b56820"},{"element-6066-11e4-a52e-4f735466cecf":"795d82ba-ba72-4f37-a4bc-3b372386aa76","ELEMENT":"795d82ba-ba72-4f37-a4bc-3b372386aa76"},{"element-6066-11e4-a52e-4f735466cecf":"67d91208-d044-4a8e-aa5b-a7fd69ed8dbb","ELEMENT":"67d91208-d044-4a8e-aa5b-a7fd69ed8dbb"},{"element-6066-11e4-a52e-4f735466cecf":"d4c80adb-9dfc-43e0-8df3-1439203b4c64","ELEMENT":"d4c80adb-9dfc-43e0-8df3-1439203b4c6...
&amp#27;[35m[HTTP]&amp#27;[39m &amp#27;[37m<-- POST /wd/hub/session/16b3dbbe-df97-44a4-9c86-a4c3f5d63c85/elements &amp#27;[39m&amp#27;[32m200&amp#27;[39m &amp#27;[90m311 ms - 1675&amp#27;[39m
&amp#27;[35m[HTTP]&amp#27;[39m &amp#27;[90m&amp#27;[39m
&amp#27;[35m[HTTP]&amp#27;[39m &amp#27;[37m-->&amp#27;[39m &amp#27;[37mPOST&amp#27;[39m &amp#27;[37m/wd/hub/session/16b3dbbe-df97-44a4-9c86-a4c3f5d63c85/element/f22d9aa4-dbe1-4eee-8cd4-911d69b74461/click&amp#27;[39m
&amp#27;[35m[HTTP]&amp#27;[39m &amp#27;[90m{"id":"f22d9aa4-dbe1-4eee-8cd4-911d69b74461"}&amp#27;[39m
[debug] &amp#27;[35m[W3C (16b3dbbe)]&amp#27;[39m Calling AppiumDriver.click() with args: ["f22d9aa4-dbe1-4eee-8cd4-911d69b74461","16b3dbbe-df97-44a4-9c86-a4c3f5d63c85"]
[debug] &amp#27;[35m[WD Proxy]&amp#27;[39m Matched '/element/f22d9aa4-dbe1-4eee-8cd4-911d69b74461/click' to command name 'click'
[debug] &amp#27;[35m[WD Proxy]&amp#27;[39m Proxying [POST /element/f22d9aa4-dbe1-4eee-8cd4-911d69b74461/click] to [POST http://127.0.0.1:8201/wd/hub/session/1a942fc2-6d85-4888-a85b-0042439c6f52/element/f22d9aa4-dbe1-4eee-8cd4-911d69b74461/click] with body: {"element":"f22d9aa4-dbe1-4eee-8cd4-911d69b74461"}
[debug] &amp#27;[35m[WD Proxy]&amp#27;[39m Got response with status 200: {"sessionId":"1a942fc2-6d85-4888-a85b-0042439c6f52","value":null}
[debug] &amp#27;[35m[W3C (16b3dbbe)]&amp#27;[39m Responding to client with driver.click() result: null
&amp#27;[35m[HTTP]&amp#27;[39m &amp#27;[37m<-- POST /wd/hub/session/16b3dbbe-df97-44a4-9c86-a4c3f5d63c85/element/f22d9aa4-dbe1-4eee-8cd4-911d69b74461/click &amp#27;[39m&amp#27;[32m200&amp#27;[39m &amp#27;[90m95 ms - 14&amp#27;[39m
&amp#27;[35m[HTTP]&amp#27;[39m &amp#27;[90m&amp#27;[39m
&amp#27;[35m[HTTP]&amp#27;[39m &amp#27;[37m-->&amp#27;[39m &amp#27;[37mGET&amp#27;[39m &amp#27;[37m/wd/hub/session/16b3dbbe-df97-44a4-9c86-a4c3f5d63c85/context&amp#27;[39m
&amp#27;[35m[HTTP]&amp#27;[39m &amp#27;[90m{}&amp#27;[39m
[debug] &amp#27;[35m[W3C (16b3dbbe)]&amp#27;[39m Calling AppiumDriver.getCurrentContext() with args: ["16b3dbbe-df97-44a4-9c86-a4c3f5d63c85"]
[debug] &amp#27;[35m[W3C (16b3dbbe)]&amp#27;[39m Responding to client with driver.getCurrentContext() result: "NATIVE_APP"
&amp#27;[35m[HTTP]&amp#27;[39m &amp#27;[37m<-- GET /wd/hub/session/16b3dbbe-df97-44a4-9c86-a4c3f5d63c85/context &amp#27;[39m&amp#27;[32m200&amp#27;[39m &amp#27;[90m1 ms - 22&amp#27;[39m
&amp#27;[35m[HTTP]&amp#27;[39m &amp#27;[90m&amp#27;[39m
&amp#27;[35m[HTTP]&amp#27;[39m &amp#27;[37m-->&amp#27;[39m &amp#27;[37mPOST&amp#27;[39m &amp#27;[37m/wd/hub/session/16b3dbbe-df97-44a4-9c86-a4c3f5d63c85/element&amp#27;[39m
&amp#27;[35m[HTTP]&amp#27;[39m &amp#27;[90m{"using":"xpath","value":"//android.view.View[@text='Remove Account']"}&amp#27;[39m
[debug] &amp#27;[35m[W3C (16b3dbbe)]&amp#27;[39m Calling AppiumDriver.findElement() with args: ["xpath","//android.view.View[@text='Remove Account']","16b3dbbe-df97-44a4-9c86-a4c3f5d63c85"]
[debug] &amp#27;[35m[BaseDriver]&amp#27;[39m Valid locator strategies for this request: xpath, id, class name, accessibility id, css selector, -android uiautomator
[debug] &amp#27;[35m[BaseDriver]&amp#27;[39m Waiting up to 10000 ms for condition
[debug] &amp#27;[35m[WD Proxy]&amp#27;[39m Matched '/element' to command name 'findElement'
[debug] &amp#27;[35m[WD Proxy]&amp#27;[39m Proxying [POST /element] to [POST http://127.0.0.1:8201/wd/hub/session/1a942fc2-6d85-4888-a85b-0042439c6f52/element] with body: {"strategy":"xpath","selector":"//android.view.View[@text='Remove Account']","context":"","multiple":false}
[debug] &amp#27;[35m[WD Proxy]&amp#27;[39m Got response with status 200: {"sessionId":"1a942fc2-6d85-4888-a85b-0042439c6f52","value":{"ELEMENT":"77a9fbcd-a1f5-4b94-b243-e07ed94171e5","element-6066-11e4-a52e-4f735466cecf":"77a9fbcd-a1f5-4b94-b243-e07ed94171e5"}}
[debug] &amp#27;[35m[W3C (16b3dbbe)]&amp#27;[39m Responding to client with driver.findElement() result: {"element-6066-11e4-a52e-4f735466cecf":"77a9fbcd-a1f5-4b94-b243-e07ed94171e5","ELEMENT":"77a9fbcd-a1f5-4b94-b243-e07ed94171e5"}
&amp#27;[35m[HTTP]&amp#27;[39m &amp#27;[37m<-- POST /wd/hub/session/16b3dbbe-df97-44a4-9c86-a4c3f5d63c85/element &amp#27;[39m&amp#27;[32m200&amp#27;[39m &amp#27;[90m195 ms - 137&amp#27;[39m
&amp#27;[35m[HTTP]&amp#27;[39m &amp#27;[90m&amp#27;[39m
&amp#27;[35m[HTTP]&amp#27;[39m &amp#27;[37m-->&amp#27;[39m &amp#27;[37mPOST&amp#27;[39m &amp#27;[37m/wd/hub/session/16b3dbbe-df97-44a4-9c86-a4c3f5d63c85/element/77a9fbcd-a1f5-4b94-b243-e07ed94171e5/click&amp#27;[39m
&amp#27;[35m[HTTP]&amp#27;[39m &amp#27;[90m{"id":"77a9fbcd-a1f5-4b94-b243-e07ed94171e5"}&amp#27;[39m
[debug] &amp#27;[35m[W3C (16b3dbbe)]&amp#27;[39m Calling AppiumDriver.click() with args: ["77a9fbcd-a1f5-4b94-b243-e07ed94171e5","16b3dbbe-df97-44a4-9c86-a4c3f5d63c85"]
[debug] &amp#27;[35m[WD Proxy]&amp#27;[39m Matched '/element/77a9fbcd-a1f5-4b94-b243-e07ed94171e5/click' to command name 'click'
[debug] &amp#27;[35m[WD Proxy]&amp#27;[39m Proxying [POST /element/77a9fbcd-a1f5-4b94-b243-e07ed94171e5/click] to [POST http://127.0.0.1:8201/wd/hub/session/1a942fc2-6d85-4888-a85b-0042439c6f52/element/77a9fbcd-a1f5-4b94-b243-e07ed94171e5/click] with body: {"element":"77a9fbcd-a1f5-4b94-b243-e07ed94171e5"}
[debug] &amp#27;[35m[WD Proxy]&amp#27;[39m Got response with status 200: {"sessionId":"1a942fc2-6d85-4888-a85b-0042439c6f52","value":null}
[debug] &amp#27;[35m[W3C (16b3dbbe)]&amp#27;[39m Responding to client with driver.click() result: null
&amp#27;[35m[HTTP]&amp#27;[39m &amp#27;[37m<-- POST /wd/hub/session/16b3dbbe-df97-44a4-9c86-a4c3f5d63c85/element/77a9fbcd-a1f5-4b94-b243-e07ed94171e5/click &amp#27;[39m&amp#27;[32m200&amp#27;[39m &amp#27;[90m1415 ms - 14&amp#27;[39m
&amp#27;[35m[HTTP]&amp#27;[39m &amp#27;[90m&amp#27;[39m
&amp#27;[35m[HTTP]&amp#27;[39m &amp#27;[37m-->&amp#27;[39m &amp#27;[37mGET&amp#27;[39m &amp#27;[37m/wd/hub/session/16b3dbbe-df97-44a4-9c86-a4c3f5d63c85/context&amp#27;[39m
&amp#27;[35m[HTTP]&amp#27;[39m &amp#27;[90m{}&amp#27;[39m
[debug] &amp#27;[35m[W3C (16b3dbbe)]&amp#27;[39m Calling AppiumDriver.getCurrentContext() with args: ["16b3dbbe-df97-44a4-9c86-a4c3f5d63c85"]
[debug] &amp#27;[35m[W3C (16b3dbbe)]&amp#27;[39m Responding to client with driver.getCurrentContext() result: "NATIVE_APP"
&amp#27;[35m[HTTP]&amp#27;[39m &amp#27;[37m<-- GET /wd/hub/session/16b3dbbe-df97-44a4-9c86-a4c3f5d63c85/context &amp#27;[39m&amp#27;[32m200&amp#27;[39m &amp#27;[90m1 ms - 22&amp#27;[39m
&amp#27;[35m[HTTP]&amp#27;[39m &amp#27;[90m&amp#27;[39m
&amp#27;[35m[HTTP]&amp#27;[39m &amp#27;[37m-->&amp#27;[39m &amp#27;[37mPOST&amp#27;[39m &amp#27;[37m/wd/hub/session/16b3dbbe-df97-44a4-9c86-a4c3f5d63c85/element&amp#27;[39m
&amp#27;[35m[HTTP]&amp#27;[39m &amp#27;[90m{"using":"xpath","value":"//android.widget.Button[@text='Remove']"}&amp#27;[39m
[debug] &amp#27;[35m[W3C (16b3dbbe)]&amp#27;[39m Calling AppiumDriver.findElement() with args: ["xpath","//android.widget.Button[@text='Remove']","16b3dbbe-df97-44a4-9c86-a4c3f5d63c85"]
[debug] &amp#27;[35m[BaseDriver]&amp#27;[39m Valid locator strategies for this request: xpath, id, class name, accessibility id, css selector, -android uiautomator
[debug] &amp#27;[35m[BaseDriver]&amp#27;[39m Waiting up to 10000 ms for condition
[debug] &amp#27;[35m[WD Proxy]&amp#27;[39m Matched '/element' to command name 'findElement'
[debug] &amp#27;[35m[WD Proxy]&amp#27;[39m Proxying [POST /element] to [POST http://127.0.0.1:8201/wd/hub/session/1a942fc2-6d85-4888-a85b-0042439c6f52/element] with body: {"strategy":"xpath","selector":"//android.widget.Button[@text='Remove']","context":"","multiple":false}
[debug] &amp#27;[35m[WD Proxy]&amp#27;[39m Got response with status 200: {"sessionId":"1a942fc2-6d85-4888-a85b-0042439c6f52","value":{"ELEMENT":"c534ef8b-0bff-4c2b-9db3-76fd32f741dc","element-6066-11e4-a52e-4f735466cecf":"c534ef8b-0bff-4c2b-9db3-76fd32f741dc"}}
[debug] &amp#27;[35m[W3C (16b3dbbe)]&amp#27;[39m Responding to client with driver.findElement() result: {"element-6066-11e4-a52e-4f735466cecf":"c534ef8b-0bff-4c2b-9db3-76fd32f741dc","ELEMENT":"c534ef8b-0bff-4c2b-9db3-76fd32f741dc"}
&amp#27;[35m[HTTP]&amp#27;[39m &amp#27;[37m<-- POST /wd/hub/session/16b3dbbe-df97-44a4-9c86-a4c3f5d63c85/element &amp#27;[39m&amp#27;[32m200&amp#27;[39m &amp#27;[90m140 ms - 137&amp#27;[39m
&amp#27;[35m[HTTP]&amp#27;[39m &amp#27;[90m&amp#27;[39m
&amp#27;[35m[HTTP]&amp#27;[39m &amp#27;[37m-->&amp#27;[39m &amp#27;[37mPOST&amp#27;[39m &amp#27;[37m/wd/hub/session/16b3dbbe-df97-44a4-9c86-a4c3f5d63c85/element/c534ef8b-0bff-4c2b-9db3-76fd32f741dc/click&amp#27;[39m
&amp#27;[35m[HTTP]&amp#27;[39m &amp#27;[90m{"id":"c534ef8b-0bff-4c2b-9db3-76fd32f741dc"}&amp#27;[39m
[debug] &amp#27;[35m[W3C (16b3dbbe)]&amp#27;[39m Calling AppiumDriver.click() with args: ["c534ef8b-0bff-4c2b-9db3-76fd32f741dc","16b3dbbe-df97-44a4-9c86-a4c3f5d63c85"]
[debug] &amp#27;[35m[WD Proxy]&amp#27;[39m Matched '/element/c534ef8b-0bff-4c2b-9db3-76fd32f741dc/click' to command name 'click'
[debug] &amp#27;[35m[WD Proxy]&amp#27;[39m Proxying [POST /element/c534ef8b-0bff-4c2b-9db3-76fd32f741dc/click] to [POST http://127.0.0.1:8201/wd/hub/session/1a942fc2-6d85-4888-a85b-0042439c6f52/element/c534ef8b-0bff-4c2b-9db3-76fd32f741dc/click] with body: {"element":"c534ef8b-0bff-4c2b-9db3-76fd32f741dc"}
[debug] &amp#27;[35m[WD Proxy]&amp#27;[39m Got response with status 200: {"sessionId":"1a942fc2-6d85-4888-a85b-0042439c6f52","value":null}
[debug] &amp#27;[35m[W3C (16b3dbbe)]&amp#27;[39m Responding to client with driver.click() result: null
&amp#27;[35m[HTTP]&amp#27;[39m &amp#27;[37m<-- POST /wd/hub/session/16b3dbbe-df97-44a4-9c86-a4c3f5d63c85/element/c534ef8b-0bff-4c2b-9db3-76fd32f741dc/click &amp#27;[39m&amp#27;[32m200&amp#27;[39m &amp#27;[90m87 ms - 14&amp#27;[39m
&amp#27;[35m[HTTP]&amp#27;[39m &amp#27;[90m&amp#27;[39m
&amp#27;[35m[HTTP]&amp#27;[39m &amp#27;[37m-->&amp#27;[39m &amp#27;[37mGET&amp#27;[39m &amp#27;[37m/wd/hub/session/16b3dbbe-df97-44a4-9c86-a4c3f5d63c85/context&amp#27;[39m
&amp#27;[35m[HTTP]&amp#27;[39m &amp#27;[90m{}&amp#27;[39m
[debug] &amp#27;[35m[W3C (16b3dbbe)]&amp#27;[39m Calling AppiumDriver.getCurrentContext() with args: ["16b3dbbe-df97-44a4-9c86-a4c3f5d63c85"]
[debug] &amp#27;[35m[W3C (16b3dbbe)]&amp#27;[39m Responding to client with driver.getCurrentContext() result: "NATIVE_APP"
&amp#27;[35m[HTTP]&amp#27;[39m &amp#27;[37m<-- GET /wd/hub/session/16b3dbbe-df97-44a4-9c86-a4c3f5d63c85/context &amp#27;[39m&amp#27;[32m200&amp#27;[39m &amp#27;[90m1 ms - 22&amp#27;[39m
&amp#27;[35m[HTTP]&amp#27;[39m &amp#27;[90m&amp#27;[39m
&amp#27;[35m[HTTP]&amp#27;[39m &amp#27;[37m-->&amp#27;[39m &amp#27;[37mPOST&amp#27;[39m &amp#27;[37m/wd/hub/session/16b3dbbe-df97-44a4-9c86-a4c3f5d63c85/elements&amp#27;[39m
&amp#27;[35m[HTTP]&amp#27;[39m &amp#27;[90m{"using":"class name","value":"android.widget.Image"}&amp#27;[39m
[debug] &amp#27;[35m[W3C (16b3dbbe)]&amp#27;[39m Calling AppiumDriver.findElements() with args: ["class name","android.widget.Image","16b3dbbe-df97-44a4-9c86-a4c3f5d63c85"]
[debug] &amp#27;[35m[BaseDriver]&amp#27;[39m Valid locator strategies for this request: xpath, id, class name, accessibility id, css selector, -android uiautomator
[debug] &amp#27;[35m[BaseDriver]&amp#27;[39m Waiting up to 10000 ms for condition
[debug] &amp#27;[35m[WD Proxy]&amp#27;[39m Matched '/elements' to command name 'findElements'
[debug] &amp#27;[35m[WD Proxy]&amp#27;[39m Proxying [POST /elements] to [POST http://127.0.0.1:8201/wd/hub/session/1a942fc2-6d85-4888-a85b-0042439c6f52/elements] with body: {"strategy":"class name","selector":"android.widget.Image","context":"","multiple":true}
[debug] &amp#27;[35m[WD Proxy]&amp#27;[39m Got response with status 200: {"sessionId":"1a942fc2-6d85-4888-a85b-0042439c6f52","value":[{"ELEMENT":"4b0cf5aa-1334-45f9-b5c1-4273aaac3604","element-6066-11e4-a52e-4f735466cecf":"4b0cf5aa-1334-45f9-b5c1-4273aaac3604"},{"ELEMENT":"b886c628-1462-4a8c-99e4-61546a56b97f","element-6066-11e4-a52e-4f735466cecf":"b886c628-1462-4a8c-99e4-61546a56b97f"},{"ELEMENT":"fb30d919-8fbc-48bc-bc05-4387b5de80b5","element-6066-11e4-a52e-4f735466cecf":"fb30d919-8fbc-48bc-bc05-4387b5de80b5"},{"ELEMENT":"6fde3056-f17e-4a0b-8155-35da5527f149","element-6066-11e4-a52e-4f735466cecf":"6fde3056-f17e-4a0b-8155-35da5527f149"},{"ELEMENT":"adec6c2b-1ef0-4a2c-93e2-70ee9a6833d6","element-6066-11e4-a52e-4f735466cecf":"adec6c2b-1ef0-4a2c-93e2-70ee9a6833d6"},{"ELEMENT":"173fb600-197b-491a-b754-52f167856447","element-6066-11e4-a52e-4f735466cecf":"173fb600-197b-491a-b754-52f167856447"},{"ELEMENT":"bbbc7fcb-a4c2-4905-8ce2-88442cca43b3","element-6066-11e4-a52e-4f735466cecf":"bbbc7fcb-a4c2-4905-8ce2-88442cca43b3"},{"ELEMENT":"45483bd1-e1c9-46a6-a06b-3cd4f8a7a760","element-6066-...
[debug] &amp#27;[35m[W3C (16b3dbbe)]&amp#27;[39m Responding to client with driver.findElements() result: [{"element-6066-11e4-a52e-4f735466cecf":"4b0cf5aa-1334-45f9-b5c1-4273aaac3604","ELEMENT":"4b0cf5aa-1334-45f9-b5c1-4273aaac3604"},{"element-6066-11e4-a52e-4f735466cecf":"b886c628-1462-4a8c-99e4-61546a56b97f","ELEMENT":"b886c628-1462-4a8c-99e4-61546a56b97f"},{"element-6066-11e4-a52e-4f735466cecf":"fb30d919-8fbc-48bc-bc05-4387b5de80b5","ELEMENT":"fb30d919-8fbc-48bc-bc05-4387b5de80b5"},{"element-6066-11e4-a52e-4f735466cecf":"6fde3056-f17e-4a0b-8155-35da5527f149","ELEMENT":"6fde3056-f17e-4a0b-8155-35da5527f149"},{"element-6066-11e4-a52e-4f735466cecf":"adec6c2b-1ef0-4a2c-93e2-70ee9a6833d6","ELEMENT":"adec6c2b-1ef0-4a2c-93e2-70ee9a6833d6"},{"element-6066-11e4-a52e-4f735466cecf":"173fb600-197b-491a-b754-52f167856447","ELEMENT":"173fb600-197b-491a-b754-52f167856447"},{"element-6066-11e4-a52e-4f735466cecf":"bbbc7fcb-a4c2-4905-8ce2-88442cca43b3","ELEMENT":"bbbc7fcb-a4c2-4905-8ce2-88442cca43b3"},{"element-6066-11e4-a52e-4f735466cecf":"45483bd1-e1c9-46a6-a06b-3cd4f8a7a760","ELEMENT":"45483bd1-e1c9-46a6-a06b-3cd4f8a7a76...
&amp#27;[35m[HTTP]&amp#27;[39m &amp#27;[37m<-- POST /wd/hub/session/16b3dbbe-df97-44a4-9c86-a4c3f5d63c85/elements &amp#27;[39m&amp#27;[32m200&amp#27;[39m &amp#27;[90m100 ms - 1675&amp#27;[39m
&amp#27;[35m[HTTP]&amp#27;[39m &amp#27;[90m&amp#27;[39m
13
&amp#27;[35m[HTTP]&amp#27;[39m &amp#27;[37m-->&amp#27;[39m &amp#27;[37mGET&amp#27;[39m &amp#27;[37m/wd/hub/session/16b3dbbe-df97-44a4-9c86-a4c3f5d63c85/context&amp#27;[39m
&amp#27;[35m[HTTP]&amp#27;[39m &amp#27;[90m{}&amp#27;[39m
[debug] &amp#27;[35m[W3C (16b3dbbe)]&amp#27;[39m Calling AppiumDriver.getCurrentContext() with args: ["16b3dbbe-df97-44a4-9c86-a4c3f5d63c85"]
[debug] &amp#27;[35m[W3C (16b3dbbe)]&amp#27;[39m Responding to client with driver.getCurrentContext() result: "NATIVE_APP"
&amp#27;[35m[HTTP]&amp#27;[39m &amp#27;[37m<-- GET /wd/hub/session/16b3dbbe-df97-44a4-9c86-a4c3f5d63c85/context &amp#27;[39m&amp#27;[32m200&amp#27;[39m &amp#27;[90m1 ms - 22&amp#27;[39m
&amp#27;[35m[HTTP]&amp#27;[39m &amp#27;[90m&amp#27;[39m
&amp#27;[35m[HTTP]&amp#27;[39m &amp#27;[37m-->&amp#27;[39m &amp#27;[37mPOST&amp#27;[39m &amp#27;[37m/wd/hub/session/16b3dbbe-df97-44a4-9c86-a4c3f5d63c85/element&amp#27;[39m
&amp#27;[35m[HTTP]&amp#27;[39m &amp#27;[90m{"using":"xpath","value":"//android.view.View[@text='Account Remove Successfully']"}&amp#27;[39m
[debug] &amp#27;[35m[W3C (16b3dbbe)]&amp#27;[39m Calling AppiumDriver.findElement() with args: ["xpath","//android.view.View[@text='Account Remove Successfully']","16b3dbbe-df97-44a4-9c86-a4c3f5d63c85"]
[debug] &amp#27;[35m[BaseDriver]&amp#27;[39m Valid locator strategies for this request: xpath, id, class name, accessibility id, css selector, -android uiautomator
[debug] &amp#27;[35m[BaseDriver]&amp#27;[39m Waiting up to 10000 ms for condition
[debug] &amp#27;[35m[WD Proxy]&amp#27;[39m Matched '/element' to command name 'findElement'
[debug] &amp#27;[35m[WD Proxy]&amp#27;[39m Proxying [POST /element] to [POST http://127.0.0.1:8201/wd/hub/session/1a942fc2-6d85-4888-a85b-0042439c6f52/element] with body: {"strategy":"xpath","selector":"//android.view.View[@text='Account Remove Successfully']","context":"","multiple":false}
[debug] &amp#27;[35m[WD Proxy]&amp#27;[39m Got response with status 200: {"sessionId":"1a942fc2-6d85-4888-a85b-0042439c6f52","value":{"ELEMENT":"775498ff-5340-4eea-ad29-f1669f6b29de","element-6066-11e4-a52e-4f735466cecf":"775498ff-5340-4eea-ad29-f1669f6b29de"}}
[debug] &amp#27;[35m[W3C (16b3dbbe)]&amp#27;[39m Responding to client with driver.findElement() result: {"element-6066-11e4-a52e-4f735466cecf":"775498ff-5340-4eea-ad29-f1669f6b29de","ELEMENT":"775498ff-5340-4eea-ad29-f1669f6b29de"}
&amp#27;[35m[HTTP]&amp#27;[39m &amp#27;[37m<-- POST /wd/hub/session/16b3dbbe-df97-44a4-9c86-a4c3f5d63c85/element &amp#27;[39m&amp#27;[32m200&amp#27;[39m &amp#27;[90m137 ms - 137&amp#27;[39m
&amp#27;[35m[HTTP]&amp#27;[39m &amp#27;[90m&amp#27;[39m
&amp#27;[35m[HTTP]&amp#27;[39m &amp#27;[37m-->&amp#27;[39m &amp#27;[37mGET&amp#27;[39m &amp#27;[37m/wd/hub/session/16b3dbbe-df97-44a4-9c86-a4c3f5d63c85/element/775498ff-5340-4eea-ad29-f1669f6b29de/text&amp#27;[39m
&amp#27;[35m[HTTP]&amp#27;[39m &amp#27;[90m{}&amp#27;[39m
&amp#27;[35m[W3C (16b3dbbe)]&amp#27;[39m Driver proxy active, passing request on via HTTP proxy
[debug] &amp#27;[35m[WD Proxy]&amp#27;[39m Matched '/wd/hub/session/16b3dbbe-df97-44a4-9c86-a4c3f5d63c85/element/775498ff-5340-4eea-ad29-f1669f6b29de/text' to command name 'getText'
[debug] &amp#27;[35m[WD Proxy]&amp#27;[39m Proxying [GET /wd/hub/session/16b3dbbe-df97-44a4-9c86-a4c3f5d63c85/element/775498ff-5340-4eea-ad29-f1669f6b29de/text] to [GET http://127.0.0.1:8201/wd/hub/session/1a942fc2-6d85-4888-a85b-0042439c6f52/element/775498ff-5340-4eea-ad29-f1669f6b29de/text] with no body
[debug] &amp#27;[35m[WD Proxy]&amp#27;[39m Got response with status 200: {"sessionId":"1a942fc2-6d85-4888-a85b-0042439c6f52","value":"Account Remove Successfully"}
&amp#27;[35m[WD Proxy]&amp#27;[39m Replacing sessionId 1a942fc2-6d85-4888-a85b-0042439c6f52 with 16b3dbbe-df97-44a4-9c86-a4c3f5d63c85
&amp#27;[35m[HTTP]&amp#27;[39m &amp#27;[37m<-- GET /wd/hub/session/16b3dbbe-df97-44a4-9c86-a4c3f5d63c85/element/775498ff-5340-4eea-ad29-f1669f6b29de/text &amp#27;[39m&amp#27;[32m200&amp#27;[39m &amp#27;[90m20 ms - 90&amp#27;[39m
&amp#27;[35m[HTTP]&amp#27;[39m &amp#27;[90m&amp#27;[39m
Account Removed Succesfully
&amp#27;[35m[HTTP]&amp#27;[39m &amp#27;[37m-->&amp#27;[39m &amp#27;[37mGET&amp#27;[39m &amp#27;[37m/wd/hub/session/16b3dbbe-df97-44a4-9c86-a4c3f5d63c85/context&amp#27;[39m
&amp#27;[35m[HTTP]&amp#27;[39m &amp#27;[90m{}&amp#27;[39m
[debug] &amp#27;[35m[W3C (16b3dbbe)]&amp#27;[39m Calling AppiumDriver.getCurrentContext() with args: ["16b3dbbe-df97-44a4-9c86-a4c3f5d63c85"]
[debug] &amp#27;[35m[W3C (16b3dbbe)]&amp#27;[39m Responding to client with driver.getCurrentContext() result: "NATIVE_APP"
&amp#27;[35m[HTTP]&amp#27;[39m &amp#27;[37m<-- GET /wd/hub/session/16b3dbbe-df97-44a4-9c86-a4c3f5d63c85/context &amp#27;[39m&amp#27;[32m200&amp#27;[39m &amp#27;[90m1 ms - 22&amp#27;[39m
&amp#27;[35m[HTTP]&amp#27;[39m &amp#27;[90m&amp#27;[39m
&amp#27;[35m[HTTP]&amp#27;[39m &amp#27;[37m-->&amp#27;[39m &amp#27;[37mPOST&amp#27;[39m &amp#27;[37m/wd/hub/session/16b3dbbe-df97-44a4-9c86-a4c3f5d63c85/elements&amp#27;[39m
&amp#27;[35m[HTTP]&amp#27;[39m &amp#27;[90m{"using":"class name","value":"android.widget.Image"}&amp#27;[39m
[debug] &amp#27;[35m[W3C (16b3dbbe)]&amp#27;[39m Calling AppiumDriver.findElements() with args: ["class name","android.widget.Image","16b3dbbe-df97-44a4-9c86-a4c3f5d63c85"]
[debug] &amp#27;[35m[BaseDriver]&amp#27;[39m Valid locator strategies for this request: xpath, id, class name, accessibility id, css selector, -android uiautomator
[debug] &amp#27;[35m[BaseDriver]&amp#27;[39m Waiting up to 10000 ms for condition
[debug] &amp#27;[35m[WD Proxy]&amp#27;[39m Matched '/elements' to command name 'findElements'
[debug] &amp#27;[35m[WD Proxy]&amp#27;[39m Proxying [POST /elements] to [POST http://127.0.0.1:8201/wd/hub/session/1a942fc2-6d85-4888-a85b-0042439c6f52/elements] with body: {"strategy":"class name","selector":"android.widget.Image","context":"","multiple":true}
[debug] &amp#27;[35m[WD Proxy]&amp#27;[39m Got response with status 200: {"sessionId":"1a942fc2-6d85-4888-a85b-0042439c6f52","value":[{"ELEMENT":"53c76bfe-b3d3-4cb2-8437-ab1ef16be6ef","element-6066-11e4-a52e-4f735466cecf":"53c76bfe-b3d3-4cb2-8437-ab1ef16be6ef"},{"ELEMENT":"879cd83d-b8e3-4418-b352-8819505c7d0b","element-6066-11e4-a52e-4f735466cecf":"879cd83d-b8e3-4418-b352-8819505c7d0b"},{"ELEMENT":"7a8c8462-2b36-4329-91dc-5896d3caf26f","element-6066-11e4-a52e-4f735466cecf":"7a8c8462-2b36-4329-91dc-5896d3caf26f"},{"ELEMENT":"e53ddd9b-17f0-4fe3-99a8-bd518e6f7137","element-6066-11e4-a52e-4f735466cecf":"e53ddd9b-17f0-4fe3-99a8-bd518e6f7137"},{"ELEMENT":"6d51aec7-0ba2-431f-85f5-6819003a2216","element-6066-11e4-a52e-4f735466cecf":"6d51aec7-0ba2-431f-85f5-6819003a2216"},{"ELEMENT":"df495183-b17b-418e-a930-5979f89b59c2","element-6066-11e4-a52e-4f735466cecf":"df495183-b17b-418e-a930-5979f89b59c2"},{"ELEMENT":"4a096498-2b7c-447f-991e-3055ba301f78","element-6066-11e4-a52e-4f735466cecf":"4a096498-2b7c-447f-991e-3055ba301f78"},{"ELEMENT":"c8a929cb-c71a-4a3b-8ca1-9092b83cc8f9","element-6066-...
[debug] &amp#27;[35m[W3C (16b3dbbe)]&amp#27;[39m Responding to client with driver.findElements() result: [{"element-6066-11e4-a52e-4f735466cecf":"53c76bfe-b3d3-4cb2-8437-ab1ef16be6ef","ELEMENT":"53c76bfe-b3d3-4cb2-8437-ab1ef16be6ef"},{"element-6066-11e4-a52e-4f735466cecf":"879cd83d-b8e3-4418-b352-8819505c7d0b","ELEMENT":"879cd83d-b8e3-4418-b352-8819505c7d0b"},{"element-6066-11e4-a52e-4f735466cecf":"7a8c8462-2b36-4329-91dc-5896d3caf26f","ELEMENT":"7a8c8462-2b36-4329-91dc-5896d3caf26f"},{"element-6066-11e4-a52e-4f735466cecf":"e53ddd9b-17f0-4fe3-99a8-bd518e6f7137","ELEMENT":"e53ddd9b-17f0-4fe3-99a8-bd518e6f7137"},{"element-6066-11e4-a52e-4f735466cecf":"6d51aec7-0ba2-431f-85f5-6819003a2216","ELEMENT":"6d51aec7-0ba2-431f-85f5-6819003a2216"},{"element-6066-11e4-a52e-4f735466cecf":"df495183-b17b-418e-a930-5979f89b59c2","ELEMENT":"df495183-b17b-418e-a930-5979f89b59c2"},{"element-6066-11e4-a52e-4f735466cecf":"4a096498-2b7c-447f-991e-3055ba301f78","ELEMENT":"4a096498-2b7c-447f-991e-3055ba301f78"},{"element-6066-11e4-a52e-4f735466cecf":"c8a929cb-c71a-4a3b-8ca1-9092b83cc8f9","ELEMENT":"c8a929cb-c71a-4a3b-8ca1-9092b83cc8f...
&amp#27;[35m[HTTP]&amp#27;[39m &amp#27;[37m<-- POST /wd/hub/session/16b3dbbe-df97-44a4-9c86-a4c3f5d63c85/elements &amp#27;[39m&amp#27;[32m200&amp#27;[39m &amp#27;[90m92 ms - 1675&amp#27;[39m
&amp#27;[35m[HTTP]&amp#27;[39m &amp#27;[90m&amp#27;[39m
&amp#27;[35m[HTTP]&amp#27;[39m &amp#27;[37m-->&amp#27;[39m &amp#27;[37mPOST&amp#27;[39m &amp#27;[37m/wd/hub/session/16b3dbbe-df97-44a4-9c86-a4c3f5d63c85/element/67c22b1a-1db1-46d7-bac0-8b92050f6eab/click&amp#27;[39m
&amp#27;[35m[HTTP]&amp#27;[39m &amp#27;[90m{"id":"67c22b1a-1db1-46d7-bac0-8b92050f6eab"}&amp#27;[39m
[debug] &amp#27;[35m[W3C (16b3dbbe)]&amp#27;[39m Calling AppiumDriver.click() with args: ["67c22b1a-1db1-46d7-bac0-8b92050f6eab","16b3dbbe-df97-44a4-9c86-a4c3f5d63c85"]
[debug] &amp#27;[35m[WD Proxy]&amp#27;[39m Matched '/element/67c22b1a-1db1-46d7-bac0-8b92050f6eab/click' to command name 'click'
[debug] &amp#27;[35m[WD Proxy]&amp#27;[39m Proxying [POST /element/67c22b1a-1db1-46d7-bac0-8b92050f6eab/click] to [POST http://127.0.0.1:8201/wd/hub/session/1a942fc2-6d85-4888-a85b-0042439c6f52/element/67c22b1a-1db1-46d7-bac0-8b92050f6eab/click] with body: {"element":"67c22b1a-1db1-46d7-bac0-8b92050f6eab"}
[debug] &amp#27;[35m[WD Proxy]&amp#27;[39m Got response with status 200: {"sessionId":"1a942fc2-6d85-4888-a85b-0042439c6f52","value":null}
[debug] &amp#27;[35m[W3C (16b3dbbe)]&amp#27;[39m Responding to client with driver.click() result: null
&amp#27;[35m[HTTP]&amp#27;[39m &amp#27;[37m<-- POST /wd/hub/session/16b3dbbe-df97-44a4-9c86-a4c3f5d63c85/element/67c22b1a-1db1-46d7-bac0-8b92050f6eab/click &amp#27;[39m&amp#27;[32m200&amp#27;[39m &amp#27;[90m75 ms - 14&amp#27;[39m
&amp#27;[35m[HTTP]&amp#27;[39m &amp#27;[90m&amp#27;[39m
&amp#27;[35m[HTTP]&amp#27;[39m &amp#27;[37m-->&amp#27;[39m &amp#27;[37mGET&amp#27;[39m &amp#27;[37m/wd/hub/session/16b3dbbe-df97-44a4-9c86-a4c3f5d63c85/context&amp#27;[39m
&amp#27;[35m[HTTP]&amp#27;[39m &amp#27;[90m{}&amp#27;[39m
[debug] &amp#27;[35m[W3C (16b3dbbe)]&amp#27;[39m Calling AppiumDriver.getCurrentContext() with args: ["16b3dbbe-df97-44a4-9c86-a4c3f5d63c85"]
[debug] &amp#27;[35m[W3C (16b3dbbe)]&amp#27;[39m Responding to client with driver.getCurrentContext() result: "NATIVE_APP"
&amp#27;[35m[HTTP]&amp#27;[39m &amp#27;[37m<-- GET /wd/hub/session/16b3dbbe-df97-44a4-9c86-a4c3f5d63c85/context &amp#27;[39m&amp#27;[32m200&amp#27;[39m &amp#27;[90m2 ms - 22&amp#27;[39m
&amp#27;[35m[HTTP]&amp#27;[39m &amp#27;[90m&amp#27;[39m
&amp#27;[35m[HTTP]&amp#27;[39m &amp#27;[37m-->&amp#27;[39m &amp#27;[37mPOST&amp#27;[39m &amp#27;[37m/wd/hub/session/16b3dbbe-df97-44a4-9c86-a4c3f5d63c85/elements&amp#27;[39m
&amp#27;[35m[HTTP]&amp#27;[39m &amp#27;[90m{"using":"class name","value":"android.widget.Image"}&amp#27;[39m
[debug] &amp#27;[35m[W3C (16b3dbbe)]&amp#27;[39m Calling AppiumDriver.findElements() with args: ["class name","android.widget.Image","16b3dbbe-df97-44a4-9c86-a4c3f5d63c85"]
[debug] &amp#27;[35m[BaseDriver]&amp#27;[39m Valid locator strategies for this request: xpath, id, class name, accessibility id, css selector, -android uiautomator
[debug] &amp#27;[35m[BaseDriver]&amp#27;[39m Waiting up to 10000 ms for condition
[debug] &amp#27;[35m[WD Proxy]&amp#27;[39m Matched '/elements' to command name 'findElements'
[debug] &amp#27;[35m[WD Proxy]&amp#27;[39m Proxying [POST /elements] to [POST http://127.0.0.1:8201/wd/hub/session/1a942fc2-6d85-4888-a85b-0042439c6f52/elements] with body: {"strategy":"class name","selector":"android.widget.Image","context":"","multiple":true}
[debug] &amp#27;[35m[WD Proxy]&amp#27;[39m Got response with status 200: {"sessionId":"1a942fc2-6d85-4888-a85b-0042439c6f52","value":[{"ELEMENT":"7bc95b77-069b-48cd-9d9f-03ed6c393140","element-6066-11e4-a52e-4f735466cecf":"7bc95b77-069b-48cd-9d9f-03ed6c393140"},{"ELEMENT":"2dca8b3e-979e-409d-bcf8-5d28d9b77bbc","element-6066-11e4-a52e-4f735466cecf":"2dca8b3e-979e-409d-bcf8-5d28d9b77bbc"},{"ELEMENT":"68a756eb-1c40-4892-9994-1d5b2d5a5a30","element-6066-11e4-a52e-4f735466cecf":"68a756eb-1c40-4892-9994-1d5b2d5a5a30"},{"ELEMENT":"a7f469f9-7430-4502-8474-d8a6bec3c9ca","element-6066-11e4-a52e-4f735466cecf":"a7f469f9-7430-4502-8474-d8a6bec3c9ca"},{"ELEMENT":"408e476b-1f9c-4355-9246-c9617aa0ec61","element-6066-11e4-a52e-4f735466cecf":"408e476b-1f9c-4355-9246-c9617aa0ec61"},{"ELEMENT":"3c181060-4778-41aa-a095-421616e483de","element-6066-11e4-a52e-4f735466cecf":"3c181060-4778-41aa-a095-421616e483de"},{"ELEMENT":"372468a2-e6c7-48a1-b169-6a5122cbed8d","element-6066-11e4-a52e-4f735466cecf":"372468a2-e6c7-48a1-b169-6a5122cbed8d"},{"ELEMENT":"5005b4bf-7f85-490d-ab44-01a4b58d7698","element-6066-...
[debug] &amp#27;[35m[W3C (16b3dbbe)]&amp#27;[39m Responding to client with driver.findElements() result: [{"element-6066-11e4-a52e-4f735466cecf":"7bc95b77-069b-48cd-9d9f-03ed6c393140","ELEMENT":"7bc95b77-069b-48cd-9d9f-03ed6c393140"},{"element-6066-11e4-a52e-4f735466cecf":"2dca8b3e-979e-409d-bcf8-5d28d9b77bbc","ELEMENT":"2dca8b3e-979e-409d-bcf8-5d28d9b77bbc"},{"element-6066-11e4-a52e-4f735466cecf":"68a756eb-1c40-4892-9994-1d5b2d5a5a30","ELEMENT":"68a756eb-1c40-4892-9994-1d5b2d5a5a30"},{"element-6066-11e4-a52e-4f735466cecf":"a7f469f9-7430-4502-8474-d8a6bec3c9ca","ELEMENT":"a7f469f9-7430-4502-8474-d8a6bec3c9ca"},{"element-6066-11e4-a52e-4f735466cecf":"408e476b-1f9c-4355-9246-c9617aa0ec61","ELEMENT":"408e476b-1f9c-4355-9246-c9617aa0ec61"},{"element-6066-11e4-a52e-4f735466cecf":"3c181060-4778-41aa-a095-421616e483de","ELEMENT":"3c181060-4778-41aa-a095-421616e483de"},{"element-6066-11e4-a52e-4f735466cecf":"372468a2-e6c7-48a1-b169-6a5122cbed8d","ELEMENT":"372468a2-e6c7-48a1-b169-6a5122cbed8d"},{"element-6066-11e4-a52e-4f735466cecf":"5005b4bf-7f85-490d-ab44-01a4b58d7698","ELEMENT":"5005b4bf-7f85-490d-ab44-01a4b58d769...
&amp#27;[35m[HTTP]&amp#27;[39m &amp#27;[37m<-- POST /wd/hub/session/16b3dbbe-df97-44a4-9c86-a4c3f5d63c85/elements &amp#27;[39m&amp#27;[32m200&amp#27;[39m &amp#27;[90m145 ms - 1547&amp#27;[39m
&amp#27;[35m[HTTP]&amp#27;[39m &amp#27;[90m&amp#27;[39m
&amp#27;[35m[HTTP]&amp#27;[39m &amp#27;[37m-->&amp#27;[39m &amp#27;[37mPOST&amp#27;[39m &amp#27;[37m/wd/hub/session/16b3dbbe-df97-44a4-9c86-a4c3f5d63c85/element/a7f469f9-7430-4502-8474-d8a6bec3c9ca/click&amp#27;[39m
&amp#27;[35m[HTTP]&amp#27;[39m &amp#27;[90m{"id":"a7f469f9-7430-4502-8474-d8a6bec3c9ca"}&amp#27;[39m
[debug] &amp#27;[35m[W3C (16b3dbbe)]&amp#27;[39m Calling AppiumDriver.click() with args: ["a7f469f9-7430-4502-8474-d8a6bec3c9ca","16b3dbbe-df97-44a4-9c86-a4c3f5d63c85"]
[debug] &amp#27;[35m[WD Proxy]&amp#27;[39m Matched '/element/a7f469f9-7430-4502-8474-d8a6bec3c9ca/click' to command name 'click'
[debug] &amp#27;[35m[WD Proxy]&amp#27;[39m Proxying [POST /element/a7f469f9-7430-4502-8474-d8a6bec3c9ca/click] to [POST http://127.0.0.1:8201/wd/hub/session/1a942fc2-6d85-4888-a85b-0042439c6f52/element/a7f469f9-7430-4502-8474-d8a6bec3c9ca/click] with body: {"element":"a7f469f9-7430-4502-8474-d8a6bec3c9ca"}
[debug] &amp#27;[35m[WD Proxy]&amp#27;[39m Got response with status 200: {"sessionId":"1a942fc2-6d85-4888-a85b-0042439c6f52","value":null}
[debug] &amp#27;[35m[W3C (16b3dbbe)]&amp#27;[39m Responding to client with driver.click() result: null
&amp#27;[35m[HTTP]&amp#27;[39m &amp#27;[37m<-- POST /wd/hub/session/16b3dbbe-df97-44a4-9c86-a4c3f5d63c85/element/a7f469f9-7430-4502-8474-d8a6bec3c9ca/click &amp#27;[39m&amp#27;[32m200&amp#27;[39m &amp#27;[90m386 ms - 14&amp#27;[39m
&amp#27;[35m[HTTP]&amp#27;[39m &amp#27;[90m&amp#27;[39m
&amp#27;[35m[HTTP]&amp#27;[39m &amp#27;[37m-->&amp#27;[39m &amp#27;[37mGET&amp#27;[39m &amp#27;[37m/wd/hub/session/16b3dbbe-df97-44a4-9c86-a4c3f5d63c85/context&amp#27;[39m
&amp#27;[35m[HTTP]&amp#27;[39m &amp#27;[90m{}&amp#27;[39m
[debug] &amp#27;[35m[W3C (16b3dbbe)]&amp#27;[39m Calling AppiumDriver.getCurrentContext() with args: ["16b3dbbe-df97-44a4-9c86-a4c3f5d63c85"]
[debug] &amp#27;[35m[W3C (16b3dbbe)]&amp#27;[39m Responding to client with driver.getCurrentContext() result: "NATIVE_APP"
&amp#27;[35m[HTTP]&amp#27;[39m &amp#27;[37m<-- GET /wd/hub/session/16b3dbbe-df97-44a4-9c86-a4c3f5d63c85/context &amp#27;[39m&amp#27;[32m200&amp#27;[39m &amp#27;[90m2 ms - 22&amp#27;[39m
&amp#27;[35m[HTTP]&amp#27;[39m &amp#27;[90m&amp#27;[39m
&amp#27;[35m[HTTP]&amp#27;[39m &amp#27;[37m-->&amp#27;[39m &amp#27;[37mPOST&amp#27;[39m &amp#27;[37m/wd/hub/session/16b3dbbe-df97-44a4-9c86-a4c3f5d63c85/element&amp#27;[39m
&amp#27;[35m[HTTP]&amp#27;[39m &amp#27;[90m{"using":"xpath","value":"//android.view.View[@text='Remove Account']"}&amp#27;[39m
[debug] &amp#27;[35m[W3C (16b3dbbe)]&amp#27;[39m Calling AppiumDriver.findElement() with args: ["xpath","//android.view.View[@text='Remove Account']","16b3dbbe-df97-44a4-9c86-a4c3f5d63c85"]
[debug] &amp#27;[35m[BaseDriver]&amp#27;[39m Valid locator strategies for this request: xpath, id, class name, accessibility id, css selector, -android uiautomator
[debug] &amp#27;[35m[BaseDriver]&amp#27;[39m Waiting up to 10000 ms for condition
[debug] &amp#27;[35m[WD Proxy]&amp#27;[39m Matched '/element' to command name 'findElement'
[debug] &amp#27;[35m[WD Proxy]&amp#27;[39m Proxying [POST /element] to [POST http://127.0.0.1:8201/wd/hub/session/1a942fc2-6d85-4888-a85b-0042439c6f52/element] with body: {"strategy":"xpath","selector":"//android.view.View[@text='Remove Account']","context":"","multiple":false}
[debug] &amp#27;[35m[WD Proxy]&amp#27;[39m Got response with status 200: {"sessionId":"1a942fc2-6d85-4888-a85b-0042439c6f52","value":{"ELEMENT":"1a578bbf-1866-4979-a37d-502227a4b86b","element-6066-11e4-a52e-4f735466cecf":"1a578bbf-1866-4979-a37d-502227a4b86b"}}
[debug] &amp#27;[35m[W3C (16b3dbbe)]&amp#27;[39m Responding to client with driver.findElement() result: {"element-6066-11e4-a52e-4f735466cecf":"1a578bbf-1866-4979-a37d-502227a4b86b","ELEMENT":"1a578bbf-1866-4979-a37d-502227a4b86b"}
&amp#27;[35m[HTTP]&amp#27;[39m &amp#27;[37m<-- POST /wd/hub/session/16b3dbbe-df97-44a4-9c86-a4c3f5d63c85/element &amp#27;[39m&amp#27;[32m200&amp#27;[39m &amp#27;[90m249 ms - 137&amp#27;[39m
&amp#27;[35m[HTTP]&amp#27;[39m &amp#27;[90m&amp#27;[39m
&amp#27;[35m[HTTP]&amp#27;[39m &amp#27;[37m-->&amp#27;[39m &amp#27;[37mPOST&amp#27;[39m &amp#27;[37m/wd/hub/session/16b3dbbe-df97-44a4-9c86-a4c3f5d63c85/element/1a578bbf-1866-4979-a37d-502227a4b86b/click&amp#27;[39m
&amp#27;[35m[HTTP]&amp#27;[39m &amp#27;[90m{"id":"1a578bbf-1866-4979-a37d-502227a4b86b"}&amp#27;[39m
[debug] &amp#27;[35m[W3C (16b3dbbe)]&amp#27;[39m Calling AppiumDriver.click() with args: ["1a578bbf-1866-4979-a37d-502227a4b86b","16b3dbbe-df97-44a4-9c86-a4c3f5d63c85"]
[debug] &amp#27;[35m[WD Proxy]&amp#27;[39m Matched '/element/1a578bbf-1866-4979-a37d-502227a4b86b/click' to command name 'click'
[debug] &amp#27;[35m[WD Proxy]&amp#27;[39m Proxying [POST /element/1a578bbf-1866-4979-a37d-502227a4b86b/click] to [POST http://127.0.0.1:8201/wd/hub/session/1a942fc2-6d85-4888-a85b-0042439c6f52/element/1a578bbf-1866-4979-a37d-502227a4b86b/click] with body: {"element":"1a578bbf-1866-4979-a37d-502227a4b86b"}
[debug] &amp#27;[35m[WD Proxy]&amp#27;[39m Got response with status 200: {"sessionId":"1a942fc2-6d85-4888-a85b-0042439c6f52","value":null}
[debug] &amp#27;[35m[W3C (16b3dbbe)]&amp#27;[39m Responding to client with driver.click() result: null
&amp#27;[35m[HTTP]&amp#27;[39m &amp#27;[37m<-- POST /wd/hub/session/16b3dbbe-df97-44a4-9c86-a4c3f5d63c85/element/1a578bbf-1866-4979-a37d-502227a4b86b/click &amp#27;[39m&amp#27;[32m200&amp#27;[39m &amp#27;[90m1431 ms - 14&amp#27;[39m
&amp#27;[35m[HTTP]&amp#27;[39m &amp#27;[90m&amp#27;[39m
&amp#27;[35m[HTTP]&amp#27;[39m &amp#27;[37m-->&amp#27;[39m &amp#27;[37mGET&amp#27;[39m &amp#27;[37m/wd/hub/session/16b3dbbe-df97-44a4-9c86-a4c3f5d63c85/context&amp#27;[39m
&amp#27;[35m[HTTP]&amp#27;[39m &amp#27;[90m{}&amp#27;[39m
[debug] &amp#27;[35m[W3C (16b3dbbe)]&amp#27;[39m Calling AppiumDriver.getCurrentContext() with args: ["16b3dbbe-df97-44a4-9c86-a4c3f5d63c85"]
[debug] &amp#27;[35m[W3C (16b3dbbe)]&amp#27;[39m Responding to client with driver.getCurrentContext() result: "NATIVE_APP"
&amp#27;[35m[HTTP]&amp#27;[39m &amp#27;[37m<-- GET /wd/hub/session/16b3dbbe-df97-44a4-9c86-a4c3f5d63c85/context &amp#27;[39m&amp#27;[32m200&amp#27;[39m &amp#27;[90m1 ms - 22&amp#27;[39m
&amp#27;[35m[HTTP]&amp#27;[39m &amp#27;[90m&amp#27;[39m
&amp#27;[35m[HTTP]&amp#27;[39m &amp#27;[37m-->&amp#27;[39m &amp#27;[37mPOST&amp#27;[39m &amp#27;[37m/wd/hub/session/16b3dbbe-df97-44a4-9c86-a4c3f5d63c85/element&amp#27;[39m
&amp#27;[35m[HTTP]&amp#27;[39m &amp#27;[90m{"using":"xpath","value":"//android.widget.Button[@text='Remove']"}&amp#27;[39m
[debug] &amp#27;[35m[W3C (16b3dbbe)]&amp#27;[39m Calling AppiumDriver.findElement() with args: ["xpath","//android.widget.Button[@text='Remove']","16b3dbbe-df97-44a4-9c86-a4c3f5d63c85"]
[debug] &amp#27;[35m[BaseDriver]&amp#27;[39m Valid locator strategies for this request: xpath, id, class name, accessibility id, css selector, -android uiautomator
[debug] &amp#27;[35m[BaseDriver]&amp#27;[39m Waiting up to 10000 ms for condition
[debug] &amp#27;[35m[WD Proxy]&amp#27;[39m Matched '/element' to command name 'findElement'
[debug] &amp#27;[35m[WD Proxy]&amp#27;[39m Proxying [POST /element] to [POST http://127.0.0.1:8201/wd/hub/session/1a942fc2-6d85-4888-a85b-0042439c6f52/element] with body: {"strategy":"xpath","selector":"//android.widget.Button[@text='Remove']","context":"","multiple":false}
[debug] &amp#27;[35m[WD Proxy]&amp#27;[39m Got response with status 200: {"sessionId":"1a942fc2-6d85-4888-a85b-0042439c6f52","value":{"ELEMENT":"29f7f01d-0ef0-47f3-ac0d-70f47b852e04","element-6066-11e4-a52e-4f735466cecf":"29f7f01d-0ef0-47f3-ac0d-70f47b852e04"}}
[debug] &amp#27;[35m[W3C (16b3dbbe)]&amp#27;[39m Responding to client with driver.findElement() result: {"element-6066-11e4-a52e-4f735466cecf":"29f7f01d-0ef0-47f3-ac0d-70f47b852e04","ELEMENT":"29f7f01d-0ef0-47f3-ac0d-70f47b852e04"}
&amp#27;[35m[HTTP]&amp#27;[39m &amp#27;[37m<-- POST /wd/hub/session/16b3dbbe-df97-44a4-9c86-a4c3f5d63c85/element &amp#27;[39m&amp#27;[32m200&amp#27;[39m &amp#27;[90m166 ms - 137&amp#27;[39m
&amp#27;[35m[HTTP]&amp#27;[39m &amp#27;[90m&amp#27;[39m
&amp#27;[35m[HTTP]&amp#27;[39m &amp#27;[37m-->&amp#27;[39m &amp#27;[37mPOST&amp#27;[39m &amp#27;[37m/wd/hub/session/16b3dbbe-df97-44a4-9c86-a4c3f5d63c85/element/29f7f01d-0ef0-47f3-ac0d-70f47b852e04/click&amp#27;[39m
&amp#27;[35m[HTTP]&amp#27;[39m &amp#27;[90m{"id":"29f7f01d-0ef0-47f3-ac0d-70f47b852e04"}&amp#27;[39m
[debug] &amp#27;[35m[W3C (16b3dbbe)]&amp#27;[39m Calling AppiumDriver.click() with args: ["29f7f01d-0ef0-47f3-ac0d-70f47b852e04","16b3dbbe-df97-44a4-9c86-a4c3f5d63c85"]
[debug] &amp#27;[35m[WD Proxy]&amp#27;[39m Matched '/element/29f7f01d-0ef0-47f3-ac0d-70f47b852e04/click' to command name 'click'
[debug] &amp#27;[35m[WD Proxy]&amp#27;[39m Proxying [POST /element/29f7f01d-0ef0-47f3-ac0d-70f47b852e04/click] to [POST http://127.0.0.1:8201/wd/hub/session/1a942fc2-6d85-4888-a85b-0042439c6f52/element/29f7f01d-0ef0-47f3-ac0d-70f47b852e04/click] with body: {"element":"29f7f01d-0ef0-47f3-ac0d-70f47b852e04"}
[debug] &amp#27;[35m[WD Proxy]&amp#27;[39m Got response with status 200: {"sessionId":"1a942fc2-6d85-4888-a85b-0042439c6f52","value":null}
[debug] &amp#27;[35m[W3C (16b3dbbe)]&amp#27;[39m Responding to client with driver.click() result: null
&amp#27;[35m[HTTP]&amp#27;[39m &amp#27;[37m<-- POST /wd/hub/session/16b3dbbe-df97-44a4-9c86-a4c3f5d63c85/element/29f7f01d-0ef0-47f3-ac0d-70f47b852e04/click &amp#27;[39m&amp#27;[32m200&amp#27;[39m &amp#27;[90m113 ms - 14&amp#27;[39m
&amp#27;[35m[HTTP]&amp#27;[39m &amp#27;[90m&amp#27;[39m
&amp#27;[35m[HTTP]&amp#27;[39m &amp#27;[37m-->&amp#27;[39m &amp#27;[37mGET&amp#27;[39m &amp#27;[37m/wd/hub/session/16b3dbbe-df97-44a4-9c86-a4c3f5d63c85/context&amp#27;[39m
&amp#27;[35m[HTTP]&amp#27;[39m &amp#27;[90m{}&amp#27;[39m
[debug] &amp#27;[35m[W3C (16b3dbbe)]&amp#27;[39m Calling AppiumDriver.getCurrentContext() with args: ["16b3dbbe-df97-44a4-9c86-a4c3f5d63c85"]
[debug] &amp#27;[35m[W3C (16b3dbbe)]&amp#27;[39m Responding to client with driver.getCurrentContext() result: "NATIVE_APP"
&amp#27;[35m[HTTP]&amp#27;[39m &amp#27;[37m<-- GET /wd/hub/session/16b3dbbe-df97-44a4-9c86-a4c3f5d63c85/context &amp#27;[39m&amp#27;[32m200&amp#27;[39m &amp#27;[90m1 ms - 22&amp#27;[39m
&amp#27;[35m[HTTP]&amp#27;[39m &amp#27;[90m&amp#27;[39m
&amp#27;[35m[HTTP]&amp#27;[39m &amp#27;[37m-->&amp#27;[39m &amp#27;[37mPOST&amp#27;[39m &amp#27;[37m/wd/hub/session/16b3dbbe-df97-44a4-9c86-a4c3f5d63c85/elements&amp#27;[39m
&amp#27;[35m[HTTP]&amp#27;[39m &amp#27;[90m{"using":"class name","value":"android.widget.Image"}&amp#27;[39m
[debug] &amp#27;[35m[W3C (16b3dbbe)]&amp#27;[39m Calling AppiumDriver.findElements() with args: ["class name","android.widget.Image","16b3dbbe-df97-44a4-9c86-a4c3f5d63c85"]
[debug] &amp#27;[35m[BaseDriver]&amp#27;[39m Valid locator strategies for this request: xpath, id, class name, accessibility id, css selector, -android uiautomator
[debug] &amp#27;[35m[BaseDriver]&amp#27;[39m Waiting up to 10000 ms for condition
[debug] &amp#27;[35m[WD Proxy]&amp#27;[39m Matched '/elements' to command name 'findElements'
[debug] &amp#27;[35m[WD Proxy]&amp#27;[39m Proxying [POST /elements] to [POST http://127.0.0.1:8201/wd/hub/session/1a942fc2-6d85-4888-a85b-0042439c6f52/elements] with body: {"strategy":"class name","selector":"android.widget.Image","context":"","multiple":true}
[debug] &amp#27;[35m[WD Proxy]&amp#27;[39m Got response with status 200: {"sessionId":"1a942fc2-6d85-4888-a85b-0042439c6f52","value":[{"ELEMENT":"39e53591-eeaf-4393-bfb0-80a786004066","element-6066-11e4-a52e-4f735466cecf":"39e53591-eeaf-4393-bfb0-80a786004066"},{"ELEMENT":"b690427a-3db2-4097-8c19-35ccae299928","element-6066-11e4-a52e-4f735466cecf":"b690427a-3db2-4097-8c19-35ccae299928"},{"ELEMENT":"88017596-81f5-4934-8063-cbe4346dc00a","element-6066-11e4-a52e-4f735466cecf":"88017596-81f5-4934-8063-cbe4346dc00a"},{"ELEMENT":"964a5f13-31cd-4a24-9046-b3a413d6c902","element-6066-11e4-a52e-4f735466cecf":"964a5f13-31cd-4a24-9046-b3a413d6c902"},{"ELEMENT":"ab7f5761-5783-4c0b-b0c9-e201893dfee7","element-6066-11e4-a52e-4f735466cecf":"ab7f5761-5783-4c0b-b0c9-e201893dfee7"},{"ELEMENT":"d6bf5fb6-d22e-404f-baca-d51e4ba666ec","element-6066-11e4-a52e-4f735466cecf":"d6bf5fb6-d22e-404f-baca-d51e4ba666ec"},{"ELEMENT":"5970f0a2-2b1b-4581-b5b3-5aacf1fdb8a3","element-6066-11e4-a52e-4f735466cecf":"5970f0a2-2b1b-4581-b5b3-5aacf1fdb8a3"},{"ELEMENT":"e097619a-f791-4b4d-a7c4-3cb9cc3014e9","element-6066-...
[debug] &amp#27;[35m[W3C (16b3dbbe)]&amp#27;[39m Responding to client with driver.findElements() result: [{"element-6066-11e4-a52e-4f735466cecf":"39e53591-eeaf-4393-bfb0-80a786004066","ELEMENT":"39e53591-eeaf-4393-bfb0-80a786004066"},{"element-6066-11e4-a52e-4f735466cecf":"b690427a-3db2-4097-8c19-35ccae299928","ELEMENT":"b690427a-3db2-4097-8c19-35ccae299928"},{"element-6066-11e4-a52e-4f735466cecf":"88017596-81f5-4934-8063-cbe4346dc00a","ELEMENT":"88017596-81f5-4934-8063-cbe4346dc00a"},{"element-6066-11e4-a52e-4f735466cecf":"964a5f13-31cd-4a24-9046-b3a413d6c902","ELEMENT":"964a5f13-31cd-4a24-9046-b3a413d6c902"},{"element-6066-11e4-a52e-4f735466cecf":"ab7f5761-5783-4c0b-b0c9-e201893dfee7","ELEMENT":"ab7f5761-5783-4c0b-b0c9-e201893dfee7"},{"element-6066-11e4-a52e-4f735466cecf":"d6bf5fb6-d22e-404f-baca-d51e4ba666ec","ELEMENT":"d6bf5fb6-d22e-404f-baca-d51e4ba666ec"},{"element-6066-11e4-a52e-4f735466cecf":"5970f0a2-2b1b-4581-b5b3-5aacf1fdb8a3","ELEMENT":"5970f0a2-2b1b-4581-b5b3-5aacf1fdb8a3"},{"element-6066-11e4-a52e-4f735466cecf":"e097619a-f791-4b4d-a7c4-3cb9cc3014e9","ELEMENT":"e097619a-f791-4b4d-a7c4-3cb9cc3014e...
&amp#27;[35m[HTTP]&amp#27;[39m &amp#27;[37m<-- POST /wd/hub/session/16b3dbbe-df97-44a4-9c86-a4c3f5d63c85/elements &amp#27;[39m&amp#27;[32m200&amp#27;[39m &amp#27;[90m96 ms - 1547&amp#27;[39m
&amp#27;[35m[HTTP]&amp#27;[39m &amp#27;[90m&amp#27;[39m
13
&amp#27;[35m[HTTP]&amp#27;[39m &amp#27;[37m-->&amp#27;[39m &amp#27;[37mGET&amp#27;[39m &amp#27;[37m/wd/hub/session/16b3dbbe-df97-44a4-9c86-a4c3f5d63c85/context&amp#27;[39m
&amp#27;[35m[HTTP]&amp#27;[39m &amp#27;[90m{}&amp#27;[39m
[debug] &amp#27;[35m[W3C (16b3dbbe)]&amp#27;[39m Calling AppiumDriver.getCurrentContext() with args: ["16b3dbbe-df97-44a4-9c86-a4c3f5d63c85"]
[debug] &amp#27;[35m[W3C (16b3dbbe)]&amp#27;[39m Responding to client with driver.getCurrentContext() result: "NATIVE_APP"
&amp#27;[35m[HTTP]&amp#27;[39m &amp#27;[37m<-- GET /wd/hub/session/16b3dbbe-df97-44a4-9c86-a4c3f5d63c85/context &amp#27;[39m&amp#27;[32m200&amp#27;[39m &amp#27;[90m1 ms - 22&amp#27;[39m
&amp#27;[35m[HTTP]&amp#27;[39m &amp#27;[90m&amp#27;[39m
&amp#27;[35m[HTTP]&amp#27;[39m &amp#27;[37m-->&amp#27;[39m &amp#27;[37mPOST&amp#27;[39m &amp#27;[37m/wd/hub/session/16b3dbbe-df97-44a4-9c86-a4c3f5d63c85/element&amp#27;[39m
&amp#27;[35m[HTTP]&amp#27;[39m &amp#27;[90m{"using":"xpath","value":"//android.view.View[@text='Account Remove Successfully']"}&amp#27;[39m
[debug] &amp#27;[35m[W3C (16b3dbbe)]&amp#27;[39m Calling AppiumDriver.findElement() with args: ["xpath","//android.view.View[@text='Account Remove Successfully']","16b3dbbe-df97-44a4-9c86-a4c3f5d63c85"]
[debug] &amp#27;[35m[BaseDriver]&amp#27;[39m Valid locator strategies for this request: xpath, id, class name, accessibility id, css selector, -android uiautomator
[debug] &amp#27;[35m[BaseDriver]&amp#27;[39m Waiting up to 10000 ms for condition
[debug] &amp#27;[35m[WD Proxy]&amp#27;[39m Matched '/element' to command name 'findElement'
[debug] &amp#27;[35m[WD Proxy]&amp#27;[39m Proxying [POST /element] to [POST http://127.0.0.1:8201/wd/hub/session/1a942fc2-6d85-4888-a85b-0042439c6f52/element] with body: {"strategy":"xpath","selector":"//android.view.View[@text='Account Remove Successfully']","context":"","multiple":false}
[debug] &amp#27;[35m[WD Proxy]&amp#27;[39m Got response with status 200: {"sessionId":"1a942fc2-6d85-4888-a85b-0042439c6f52","value":{"ELEMENT":"ddfa5d11-c419-4d12-afa8-fa441ee25ac8","element-6066-11e4-a52e-4f735466cecf":"ddfa5d11-c419-4d12-afa8-fa441ee25ac8"}}
[debug] &amp#27;[35m[W3C (16b3dbbe)]&amp#27;[39m Responding to client with driver.findElement() result: {"element-6066-11e4-a52e-4f735466cecf":"ddfa5d11-c419-4d12-afa8-fa441ee25ac8","ELEMENT":"ddfa5d11-c419-4d12-afa8-fa441ee25ac8"}
&amp#27;[35m[HTTP]&amp#27;[39m &amp#27;[37m<-- POST /wd/hub/session/16b3dbbe-df97-44a4-9c86-a4c3f5d63c85/element &amp#27;[39m&amp#27;[32m200&amp#27;[39m &amp#27;[90m119 ms - 137&amp#27;[39m
&amp#27;[35m[HTTP]&amp#27;[39m &amp#27;[90m&amp#27;[39m
&amp#27;[35m[HTTP]&amp#27;[39m &amp#27;[37m-->&amp#27;[39m &amp#27;[37mGET&amp#27;[39m &amp#27;[37m/wd/hub/session/16b3dbbe-df97-44a4-9c86-a4c3f5d63c85/element/ddfa5d11-c419-4d12-afa8-fa441ee25ac8/text&amp#27;[39m
&amp#27;[35m[HTTP]&amp#27;[39m &amp#27;[90m{}&amp#27;[39m
&amp#27;[35m[W3C (16b3dbbe)]&amp#27;[39m Driver proxy active, passing request on via HTTP proxy
[debug] &amp#27;[35m[WD Proxy]&amp#27;[39m Matched '/wd/hub/session/16b3dbbe-df97-44a4-9c86-a4c3f5d63c85/element/ddfa5d11-c419-4d12-afa8-fa441ee25ac8/text' to command name 'getText'
[debug] &amp#27;[35m[WD Proxy]&amp#27;[39m Proxying [GET /wd/hub/session/16b3dbbe-df97-44a4-9c86-a4c3f5d63c85/element/ddfa5d11-c419-4d12-afa8-fa441ee25ac8/text] to [GET http://127.0.0.1:8201/wd/hub/session/1a942fc2-6d85-4888-a85b-0042439c6f52/element/ddfa5d11-c419-4d12-afa8-fa441ee25ac8/text] with no body
[debug] &amp#27;[35m[WD Proxy]&amp#27;[39m Got response with status 200: {"sessionId":"1a942fc2-6d85-4888-a85b-0042439c6f52","value":"Account Remove Successfully"}
&amp#27;[35m[WD Proxy]&amp#27;[39m Replacing sessionId 1a942fc2-6d85-4888-a85b-0042439c6f52 with 16b3dbbe-df97-44a4-9c86-a4c3f5d63c85
&amp#27;[35m[HTTP]&amp#27;[39m &amp#27;[37m<-- GET /wd/hub/session/16b3dbbe-df97-44a4-9c86-a4c3f5d63c85/element/ddfa5d11-c419-4d12-afa8-fa441ee25ac8/text &amp#27;[39m&amp#27;[32m200&amp#27;[39m &amp#27;[90m18 ms - 90&amp#27;[39m
&amp#27;[35m[HTTP]&amp#27;[39m &amp#27;[90m&amp#27;[39m
Account Removed Succesfully
&amp#27;[35m[HTTP]&amp#27;[39m &amp#27;[37m-->&amp#27;[39m &amp#27;[37mGET&amp#27;[39m &amp#27;[37m/wd/hub/session/16b3dbbe-df97-44a4-9c86-a4c3f5d63c85/context&amp#27;[39m
&amp#27;[35m[HTTP]&amp#27;[39m &amp#27;[90m{}&amp#27;[39m
[debug] &amp#27;[35m[W3C (16b3dbbe)]&amp#27;[39m Calling AppiumDriver.getCurrentContext() with args: ["16b3dbbe-df97-44a4-9c86-a4c3f5d63c85"]
[debug] &amp#27;[35m[W3C (16b3dbbe)]&amp#27;[39m Responding to client with driver.getCurrentContext() result: "NATIVE_APP"
&amp#27;[35m[HTTP]&amp#27;[39m &amp#27;[37m<-- GET /wd/hub/session/16b3dbbe-df97-44a4-9c86-a4c3f5d63c85/context &amp#27;[39m&amp#27;[32m200&amp#27;[39m &amp#27;[90m1 ms - 22&amp#27;[39m
&amp#27;[35m[HTTP]&amp#27;[39m &amp#27;[90m&amp#27;[39m
&amp#27;[35m[HTTP]&amp#27;[39m &amp#27;[37m-->&amp#27;[39m &amp#27;[37mPOST&amp#27;[39m &amp#27;[37m/wd/hub/session/16b3dbbe-df97-44a4-9c86-a4c3f5d63c85/elements&amp#27;[39m
&amp#27;[35m[HTTP]&amp#27;[39m &amp#27;[90m{"using":"class name","value":"android.widget.Image"}&amp#27;[39m
[debug] &amp#27;[35m[W3C (16b3dbbe)]&amp#27;[39m Calling AppiumDriver.findElements() with args: ["class name","android.widget.Image","16b3dbbe-df97-44a4-9c86-a4c3f5d63c85"]
[debug] &amp#27;[35m[BaseDriver]&amp#27;[39m Valid locator strategies for this request: xpath, id, class name, accessibility id, css selector, -android uiautomator
[debug] &amp#27;[35m[BaseDriver]&amp#27;[39m Waiting up to 10000 ms for condition
[debug] &amp#27;[35m[WD Proxy]&amp#27;[39m Matched '/elements' to command name 'findElements'
[debug] &amp#27;[35m[WD Proxy]&amp#27;[39m Proxying [POST /elements] to [POST http://127.0.0.1:8201/wd/hub/session/1a942fc2-6d85-4888-a85b-0042439c6f52/elements] with body: {"strategy":"class name","selector":"android.widget.Image","context":"","multiple":true}
[debug] &amp#27;[35m[WD Proxy]&amp#27;[39m Got response with status 200: {"sessionId":"1a942fc2-6d85-4888-a85b-0042439c6f52","value":[{"ELEMENT":"edfb867d-8e24-4d90-940c-249331c11586","element-6066-11e4-a52e-4f735466cecf":"edfb867d-8e24-4d90-940c-249331c11586"},{"ELEMENT":"19fb5265-2c09-4964-b0a2-7d9233949d7a","element-6066-11e4-a52e-4f735466cecf":"19fb5265-2c09-4964-b0a2-7d9233949d7a"},{"ELEMENT":"a7804206-eb14-42a8-924c-d2e1c9f53c9a","element-6066-11e4-a52e-4f735466cecf":"a7804206-eb14-42a8-924c-d2e1c9f53c9a"},{"ELEMENT":"c4e3f9ba-8ab7-46aa-98a4-9186e348dc02","element-6066-11e4-a52e-4f735466cecf":"c4e3f9ba-8ab7-46aa-98a4-9186e348dc02"},{"ELEMENT":"a477a0ef-48c1-4ceb-87b5-be662c24bca4","element-6066-11e4-a52e-4f735466cecf":"a477a0ef-48c1-4ceb-87b5-be662c24bca4"},{"ELEMENT":"374d2566-0f3f-4688-bfbe-d3e53638eef2","element-6066-11e4-a52e-4f735466cecf":"374d2566-0f3f-4688-bfbe-d3e53638eef2"},{"ELEMENT":"6f7e6eaf-3fb2-4f05-aefc-2cc8bc317e0b","element-6066-11e4-a52e-4f735466cecf":"6f7e6eaf-3fb2-4f05-aefc-2cc8bc317e0b"},{"ELEMENT":"e2c4ae2b-31a7-421a-ba8d-83de1b5a0499","element-6066-...
[debug] &amp#27;[35m[W3C (16b3dbbe)]&amp#27;[39m Responding to client with driver.findElements() result: [{"element-6066-11e4-a52e-4f735466cecf":"edfb867d-8e24-4d90-940c-249331c11586","ELEMENT":"edfb867d-8e24-4d90-940c-249331c11586"},{"element-6066-11e4-a52e-4f735466cecf":"19fb5265-2c09-4964-b0a2-7d9233949d7a","ELEMENT":"19fb5265-2c09-4964-b0a2-7d9233949d7a"},{"element-6066-11e4-a52e-4f735466cecf":"a7804206-eb14-42a8-924c-d2e1c9f53c9a","ELEMENT":"a7804206-eb14-42a8-924c-d2e1c9f53c9a"},{"element-6066-11e4-a52e-4f735466cecf":"c4e3f9ba-8ab7-46aa-98a4-9186e348dc02","ELEMENT":"c4e3f9ba-8ab7-46aa-98a4-9186e348dc02"},{"element-6066-11e4-a52e-4f735466cecf":"a477a0ef-48c1-4ceb-87b5-be662c24bca4","ELEMENT":"a477a0ef-48c1-4ceb-87b5-be662c24bca4"},{"element-6066-11e4-a52e-4f735466cecf":"374d2566-0f3f-4688-bfbe-d3e53638eef2","ELEMENT":"374d2566-0f3f-4688-bfbe-d3e53638eef2"},{"element-6066-11e4-a52e-4f735466cecf":"6f7e6eaf-3fb2-4f05-aefc-2cc8bc317e0b","ELEMENT":"6f7e6eaf-3fb2-4f05-aefc-2cc8bc317e0b"},{"element-6066-11e4-a52e-4f735466cecf":"e2c4ae2b-31a7-421a-ba8d-83de1b5a0499","ELEMENT":"e2c4ae2b-31a7-421a-ba8d-83de1b5a049...
&amp#27;[35m[HTTP]&amp#27;[39m &amp#27;[37m<-- POST /wd/hub/session/16b3dbbe-df97-44a4-9c86-a4c3f5d63c85/elements &amp#27;[39m&amp#27;[32m200&amp#27;[39m &amp#27;[90m81 ms - 1547&amp#27;[39m
&amp#27;[35m[HTTP]&amp#27;[39m &amp#27;[90m&amp#27;[39m
&amp#27;[35m[HTTP]&amp#27;[39m &amp#27;[37m-->&amp#27;[39m &amp#27;[37mPOST&amp#27;[39m &amp#27;[37m/wd/hub/session/16b3dbbe-df97-44a4-9c86-a4c3f5d63c85/element/7a8d1cf1-0671-49ac-8863-81d0a9aa5352/click&amp#27;[39m
&amp#27;[35m[HTTP]&amp#27;[39m &amp#27;[90m{"id":"7a8d1cf1-0671-49ac-8863-81d0a9aa5352"}&amp#27;[39m
[debug] &amp#27;[35m[W3C (16b3dbbe)]&amp#27;[39m Calling AppiumDriver.click() with args: ["7a8d1cf1-0671-49ac-8863-81d0a9aa5352","16b3dbbe-df97-44a4-9c86-a4c3f5d63c85"]
[debug] &amp#27;[35m[WD Proxy]&amp#27;[39m Matched '/element/7a8d1cf1-0671-49ac-8863-81d0a9aa5352/click' to command name 'click'
[debug] &amp#27;[35m[WD Proxy]&amp#27;[39m Proxying [POST /element/7a8d1cf1-0671-49ac-8863-81d0a9aa5352/click] to [POST http://127.0.0.1:8201/wd/hub/session/1a942fc2-6d85-4888-a85b-0042439c6f52/element/7a8d1cf1-0671-49ac-8863-81d0a9aa5352/click] with body: {"element":"7a8d1cf1-0671-49ac-8863-81d0a9aa5352"}
[debug] &amp#27;[35m[WD Proxy]&amp#27;[39m Got response with status 200: {"sessionId":"1a942fc2-6d85-4888-a85b-0042439c6f52","value":null}
[debug] &amp#27;[35m[W3C (16b3dbbe)]&amp#27;[39m Responding to client with driver.click() result: null
&amp#27;[35m[HTTP]&amp#27;[39m &amp#27;[37m<-- POST /wd/hub/session/16b3dbbe-df97-44a4-9c86-a4c3f5d63c85/element/7a8d1cf1-0671-49ac-8863-81d0a9aa5352/click &amp#27;[39m&amp#27;[32m200&amp#27;[39m &amp#27;[90m91 ms - 14&amp#27;[39m
&amp#27;[35m[HTTP]&amp#27;[39m &amp#27;[90m&amp#27;[39m
&amp#27;[35m[HTTP]&amp#27;[39m &amp#27;[37m-->&amp#27;[39m &amp#27;[37mGET&amp#27;[39m &amp#27;[37m/wd/hub/session/16b3dbbe-df97-44a4-9c86-a4c3f5d63c85/context&amp#27;[39m
&amp#27;[35m[HTTP]&amp#27;[39m &amp#27;[90m{}&amp#27;[39m
[debug] &amp#27;[35m[W3C (16b3dbbe)]&amp#27;[39m Calling AppiumDriver.getCurrentContext() with args: ["16b3dbbe-df97-44a4-9c86-a4c3f5d63c85"]
[debug] &amp#27;[35m[W3C (16b3dbbe)]&amp#27;[39m Responding to client with driver.getCurrentContext() result: "NATIVE_APP"
&amp#27;[35m[HTTP]&amp#27;[39m &amp#27;[37m<-- GET /wd/hub/session/16b3dbbe-df97-44a4-9c86-a4c3f5d63c85/context &amp#27;[39m&amp#27;[32m200&amp#27;[39m &amp#27;[90m1 ms - 22&amp#27;[39m
&amp#27;[35m[HTTP]&amp#27;[39m &amp#27;[90m&amp#27;[39m
&amp#27;[35m[HTTP]&amp#27;[39m &amp#27;[37m-->&amp#27;[39m &amp#27;[37mPOST&amp#27;[39m &amp#27;[37m/wd/hub/session/16b3dbbe-df97-44a4-9c86-a4c3f5d63c85/elements&amp#27;[39m
&amp#27;[35m[HTTP]&amp#27;[39m &amp#27;[90m{"using":"class name","value":"android.widget.Image"}&amp#27;[39m
[debug] &amp#27;[35m[W3C (16b3dbbe)]&amp#27;[39m Calling AppiumDriver.findElements() with args: ["class name","android.widget.Image","16b3dbbe-df97-44a4-9c86-a4c3f5d63c85"]
[debug] &amp#27;[35m[BaseDriver]&amp#27;[39m Valid locator strategies for this request: xpath, id, class name, accessibility id, css selector, -android uiautomator
[debug] &amp#27;[35m[BaseDriver]&amp#27;[39m Waiting up to 10000 ms for condition
[debug] &amp#27;[35m[WD Proxy]&amp#27;[39m Matched '/elements' to command name 'findElements'
[debug] &amp#27;[35m[WD Proxy]&amp#27;[39m Proxying [POST /elements] to [POST http://127.0.0.1:8201/wd/hub/session/1a942fc2-6d85-4888-a85b-0042439c6f52/elements] with body: {"strategy":"class name","selector":"android.widget.Image","context":"","multiple":true}
[debug] &amp#27;[35m[WD Proxy]&amp#27;[39m Got response with status 200: {"sessionId":"1a942fc2-6d85-4888-a85b-0042439c6f52","value":[{"ELEMENT":"305e31ed-7e49-4257-9423-dc666d307056","element-6066-11e4-a52e-4f735466cecf":"305e31ed-7e49-4257-9423-dc666d307056"},{"ELEMENT":"8d00ddf7-5aad-4698-9be4-f843de1910f4","element-6066-11e4-a52e-4f735466cecf":"8d00ddf7-5aad-4698-9be4-f843de1910f4"},{"ELEMENT":"d5aec33e-010e-4348-b5c1-3545568fe38b","element-6066-11e4-a52e-4f735466cecf":"d5aec33e-010e-4348-b5c1-3545568fe38b"},{"ELEMENT":"6c9d5bec-6d6d-487e-85be-45e295e3bdef","element-6066-11e4-a52e-4f735466cecf":"6c9d5bec-6d6d-487e-85be-45e295e3bdef"},{"ELEMENT":"f2a4da7c-6744-4ccf-869a-20e90ead11d5","element-6066-11e4-a52e-4f735466cecf":"f2a4da7c-6744-4ccf-869a-20e90ead11d5"},{"ELEMENT":"6134452a-6098-424d-82a9-90b89e174451","element-6066-11e4-a52e-4f735466cecf":"6134452a-6098-424d-82a9-90b89e174451"},{"ELEMENT":"478390bd-56cb-44a5-a22e-cfaef2f80fd3","element-6066-11e4-a52e-4f735466cecf":"478390bd-56cb-44a5-a22e-cfaef2f80fd3"},{"ELEMENT":"c12b8747-8cfc-48df-94c7-6fd4af621ba2","element-6066-...
[debug] &amp#27;[35m[W3C (16b3dbbe)]&amp#27;[39m Responding to client with driver.findElements() result: [{"element-6066-11e4-a52e-4f735466cecf":"305e31ed-7e49-4257-9423-dc666d307056","ELEMENT":"305e31ed-7e49-4257-9423-dc666d307056"},{"element-6066-11e4-a52e-4f735466cecf":"8d00ddf7-5aad-4698-9be4-f843de1910f4","ELEMENT":"8d00ddf7-5aad-4698-9be4-f843de1910f4"},{"element-6066-11e4-a52e-4f735466cecf":"d5aec33e-010e-4348-b5c1-3545568fe38b","ELEMENT":"d5aec33e-010e-4348-b5c1-3545568fe38b"},{"element-6066-11e4-a52e-4f735466cecf":"6c9d5bec-6d6d-487e-85be-45e295e3bdef","ELEMENT":"6c9d5bec-6d6d-487e-85be-45e295e3bdef"},{"element-6066-11e4-a52e-4f735466cecf":"f2a4da7c-6744-4ccf-869a-20e90ead11d5","ELEMENT":"f2a4da7c-6744-4ccf-869a-20e90ead11d5"},{"element-6066-11e4-a52e-4f735466cecf":"6134452a-6098-424d-82a9-90b89e174451","ELEMENT":"6134452a-6098-424d-82a9-90b89e174451"},{"element-6066-11e4-a52e-4f735466cecf":"478390bd-56cb-44a5-a22e-cfaef2f80fd3","ELEMENT":"478390bd-56cb-44a5-a22e-cfaef2f80fd3"},{"element-6066-11e4-a52e-4f735466cecf":"c12b8747-8cfc-48df-94c7-6fd4af621ba2","ELEMENT":"c12b8747-8cfc-48df-94c7-6fd4af621ba...
&amp#27;[35m[HTTP]&amp#27;[39m &amp#27;[37m<-- POST /wd/hub/session/16b3dbbe-df97-44a4-9c86-a4c3f5d63c85/elements &amp#27;[39m&amp#27;[32m200&amp#27;[39m &amp#27;[90m151 ms - 1419&amp#27;[39m
&amp#27;[35m[HTTP]&amp#27;[39m &amp#27;[90m&amp#27;[39m
&amp#27;[35m[HTTP]&amp#27;[39m &amp#27;[37m-->&amp#27;[39m &amp#27;[37mPOST&amp#27;[39m &amp#27;[37m/wd/hub/session/16b3dbbe-df97-44a4-9c86-a4c3f5d63c85/element/6c9d5bec-6d6d-487e-85be-45e295e3bdef/click&amp#27;[39m
&amp#27;[35m[HTTP]&amp#27;[39m &amp#27;[90m{"id":"6c9d5bec-6d6d-487e-85be-45e295e3bdef"}&amp#27;[39m
[debug] &amp#27;[35m[W3C (16b3dbbe)]&amp#27;[39m Calling AppiumDriver.click() with args: ["6c9d5bec-6d6d-487e-85be-45e295e3bdef","16b3dbbe-df97-44a4-9c86-a4c3f5d63c85"]
[debug] &amp#27;[35m[WD Proxy]&amp#27;[39m Matched '/element/6c9d5bec-6d6d-487e-85be-45e295e3bdef/click' to command name 'click'
[debug] &amp#27;[35m[WD Proxy]&amp#27;[39m Proxying [POST /element/6c9d5bec-6d6d-487e-85be-45e295e3bdef/click] to [POST http://127.0.0.1:8201/wd/hub/session/1a942fc2-6d85-4888-a85b-0042439c6f52/element/6c9d5bec-6d6d-487e-85be-45e295e3bdef/click] with body: {"element":"6c9d5bec-6d6d-487e-85be-45e295e3bdef"}
[debug] &amp#27;[35m[WD Proxy]&amp#27;[39m Got response with status 200: {"sessionId":"1a942fc2-6d85-4888-a85b-0042439c6f52","value":null}
[debug] &amp#27;[35m[W3C (16b3dbbe)]&amp#27;[39m Responding to client with driver.click() result: null
&amp#27;[35m[HTTP]&amp#27;[39m &amp#27;[37m<-- POST /wd/hub/session/16b3dbbe-df97-44a4-9c86-a4c3f5d63c85/element/6c9d5bec-6d6d-487e-85be-45e295e3bdef/click &amp#27;[39m&amp#27;[32m200&amp#27;[39m &amp#27;[90m433 ms - 14&amp#27;[39m
&amp#27;[35m[HTTP]&amp#27;[39m &amp#27;[90m&amp#27;[39m
&amp#27;[35m[HTTP]&amp#27;[39m &amp#27;[37m-->&amp#27;[39m &amp#27;[37mGET&amp#27;[39m &amp#27;[37m/wd/hub/session/16b3dbbe-df97-44a4-9c86-a4c3f5d63c85/context&amp#27;[39m
&amp#27;[35m[HTTP]&amp#27;[39m &amp#27;[90m{}&amp#27;[39m
[debug] &amp#27;[35m[W3C (16b3dbbe)]&amp#27;[39m Calling AppiumDriver.getCurrentContext() with args: ["16b3dbbe-df97-44a4-9c86-a4c3f5d63c85"]
[debug] &amp#27;[35m[W3C (16b3dbbe)]&amp#27;[39m Responding to client with driver.getCurrentContext() result: "NATIVE_APP"
&amp#27;[35m[HTTP]&amp#27;[39m &amp#27;[37m<-- GET /wd/hub/session/16b3dbbe-df97-44a4-9c86-a4c3f5d63c85/context &amp#27;[39m&amp#27;[32m200&amp#27;[39m &amp#27;[90m1 ms - 22&amp#27;[39m
&amp#27;[35m[HTTP]&amp#27;[39m &amp#27;[90m&amp#27;[39m
&amp#27;[35m[HTTP]&amp#27;[39m &amp#27;[37m-->&amp#27;[39m &amp#27;[37mPOST&amp#27;[39m &amp#27;[37m/wd/hub/session/16b3dbbe-df97-44a4-9c86-a4c3f5d63c85/element&amp#27;[39m
&amp#27;[35m[HTTP]&amp#27;[39m &amp#27;[90m{"using":"xpath","value":"//android.view.View[@text='Remove Account']"}&amp#27;[39m
[debug] &amp#27;[35m[W3C (16b3dbbe)]&amp#27;[39m Calling AppiumDriver.findElement() with args: ["xpath","//android.view.View[@text='Remove Account']","16b3dbbe-df97-44a4-9c86-a4c3f5d63c85"]
[debug] &amp#27;[35m[BaseDriver]&amp#27;[39m Valid locator strategies for this request: xpath, id, class name, accessibility id, css selector, -android uiautomator
[debug] &amp#27;[35m[BaseDriver]&amp#27;[39m Waiting up to 10000 ms for condition
[debug] &amp#27;[35m[WD Proxy]&amp#27;[39m Matched '/element' to command name 'findElement'
[debug] &amp#27;[35m[WD Proxy]&amp#27;[39m Proxying [POST /element] to [POST http://127.0.0.1:8201/wd/hub/session/1a942fc2-6d85-4888-a85b-0042439c6f52/element] with body: {"strategy":"xpath","selector":"//android.view.View[@text='Remove Account']","context":"","multiple":false}
[debug] &amp#27;[35m[WD Proxy]&amp#27;[39m Got response with status 200: {"sessionId":"1a942fc2-6d85-4888-a85b-0042439c6f52","value":{"ELEMENT":"b6aa097f-0eb7-4c57-b36d-6b305af57051","element-6066-11e4-a52e-4f735466cecf":"b6aa097f-0eb7-4c57-b36d-6b305af57051"}}
[debug] &amp#27;[35m[W3C (16b3dbbe)]&amp#27;[39m Responding to client with driver.findElement() result: {"element-6066-11e4-a52e-4f735466cecf":"b6aa097f-0eb7-4c57-b36d-6b305af57051","ELEMENT":"b6aa097f-0eb7-4c57-b36d-6b305af57051"}
&amp#27;[35m[HTTP]&amp#27;[39m &amp#27;[37m<-- POST /wd/hub/session/16b3dbbe-df97-44a4-9c86-a4c3f5d63c85/element &amp#27;[39m&amp#27;[32m200&amp#27;[39m &amp#27;[90m159 ms - 137&amp#27;[39m
&amp#27;[35m[HTTP]&amp#27;[39m &amp#27;[90m&amp#27;[39m
&amp#27;[35m[HTTP]&amp#27;[39m &amp#27;[37m-->&amp#27;[39m &amp#27;[37mPOST&amp#27;[39m &amp#27;[37m/wd/hub/session/16b3dbbe-df97-44a4-9c86-a4c3f5d63c85/element/b6aa097f-0eb7-4c57-b36d-6b305af57051/click&amp#27;[39m
&amp#27;[35m[HTTP]&amp#27;[39m &amp#27;[90m{"id":"b6aa097f-0eb7-4c57-b36d-6b305af57051"}&amp#27;[39m
[debug] &amp#27;[35m[W3C (16b3dbbe)]&amp#27;[39m Calling AppiumDriver.click() with args: ["b6aa097f-0eb7-4c57-b36d-6b305af57051","16b3dbbe-df97-44a4-9c86-a4c3f5d63c85"]
[debug] &amp#27;[35m[WD Proxy]&amp#27;[39m Matched '/element/b6aa097f-0eb7-4c57-b36d-6b305af57051/click' to command name 'click'
[debug] &amp#27;[35m[WD Proxy]&amp#27;[39m Proxying [POST /element/b6aa097f-0eb7-4c57-b36d-6b305af57051/click] to [POST http://127.0.0.1:8201/wd/hub/session/1a942fc2-6d85-4888-a85b-0042439c6f52/element/b6aa097f-0eb7-4c57-b36d-6b305af57051/click] with body: {"element":"b6aa097f-0eb7-4c57-b36d-6b305af57051"}
[debug] &amp#27;[35m[WD Proxy]&amp#27;[39m Got response with status 200: {"sessionId":"1a942fc2-6d85-4888-a85b-0042439c6f52","value":null}
[debug] &amp#27;[35m[W3C (16b3dbbe)]&amp#27;[39m Responding to client with driver.click() result: null
&amp#27;[35m[HTTP]&amp#27;[39m &amp#27;[37m<-- POST /wd/hub/session/16b3dbbe-df97-44a4-9c86-a4c3f5d63c85/element/b6aa097f-0eb7-4c57-b36d-6b305af57051/click &amp#27;[39m&amp#27;[32m200&amp#27;[39m &amp#27;[90m1495 ms - 14&amp#27;[39m
&amp#27;[35m[HTTP]&amp#27;[39m &amp#27;[90m&amp#27;[39m
&amp#27;[35m[HTTP]&amp#27;[39m &amp#27;[37m-->&amp#27;[39m &amp#27;[37mGET&amp#27;[39m &amp#27;[37m/wd/hub/session/16b3dbbe-df97-44a4-9c86-a4c3f5d63c85/context&amp#27;[39m
&amp#27;[35m[HTTP]&amp#27;[39m &amp#27;[90m{}&amp#27;[39m
[debug] &amp#27;[35m[W3C (16b3dbbe)]&amp#27;[39m Calling AppiumDriver.getCurrentContext() with args: ["16b3dbbe-df97-44a4-9c86-a4c3f5d63c85"]
[debug] &amp#27;[35m[W3C (16b3dbbe)]&amp#27;[39m Responding to client with driver.getCurrentContext() result: "NATIVE_APP"
&amp#27;[35m[HTTP]&amp#27;[39m &amp#27;[37m<-- GET /wd/hub/session/16b3dbbe-df97-44a4-9c86-a4c3f5d63c85/context &amp#27;[39m&amp#27;[32m200&amp#27;[39m &amp#27;[90m1 ms - 22&amp#27;[39m
&amp#27;[35m[HTTP]&amp#27;[39m &amp#27;[90m&amp#27;[39m
&amp#27;[35m[HTTP]&amp#27;[39m &amp#27;[37m-->&amp#27;[39m &amp#27;[37mPOST&amp#27;[39m &amp#27;[37m/wd/hub/session/16b3dbbe-df97-44a4-9c86-a4c3f5d63c85/element&amp#27;[39m
&amp#27;[35m[HTTP]&amp#27;[39m &amp#27;[90m{"using":"xpath","value":"//android.widget.Button[@text='Remove']"}&amp#27;[39m
[debug] &amp#27;[35m[W3C (16b3dbbe)]&amp#27;[39m Calling AppiumDriver.findElement() with args: ["xpath","//android.widget.Button[@text='Remove']","16b3dbbe-df97-44a4-9c86-a4c3f5d63c85"]
[debug] &amp#27;[35m[BaseDriver]&amp#27;[39m Valid locator strategies for this request: xpath, id, class name, accessibility id, css selector, -android uiautomator
[debug] &amp#27;[35m[BaseDriver]&amp#27;[39m Waiting up to 10000 ms for condition
[debug] &amp#27;[35m[WD Proxy]&amp#27;[39m Matched '/element' to command name 'findElement'
[debug] &amp#27;[35m[WD Proxy]&amp#27;[39m Proxying [POST /element] to [POST http://127.0.0.1:8201/wd/hub/session/1a942fc2-6d85-4888-a85b-0042439c6f52/element] with body: {"strategy":"xpath","selector":"//android.widget.Button[@text='Remove']","context":"","multiple":false}
[debug] &amp#27;[35m[WD Proxy]&amp#27;[39m Got response with status 200: {"sessionId":"1a942fc2-6d85-4888-a85b-0042439c6f52","value":{"ELEMENT":"073ec65d-7661-4b32-b071-05e4ba9fde7c","element-6066-11e4-a52e-4f735466cecf":"073ec65d-7661-4b32-b071-05e4ba9fde7c"}}
[debug] &amp#27;[35m[W3C (16b3dbbe)]&amp#27;[39m Responding to client with driver.findElement() result: {"element-6066-11e4-a52e-4f735466cecf":"073ec65d-7661-4b32-b071-05e4ba9fde7c","ELEMENT":"073ec65d-7661-4b32-b071-05e4ba9fde7c"}
&amp#27;[35m[HTTP]&amp#27;[39m &amp#27;[37m<-- POST /wd/hub/session/16b3dbbe-df97-44a4-9c86-a4c3f5d63c85/element &amp#27;[39m&amp#27;[32m200&amp#27;[39m &amp#27;[90m140 ms - 137&amp#27;[39m
&amp#27;[35m[HTTP]&amp#27;[39m &amp#27;[90m&amp#27;[39m
&amp#27;[35m[HTTP]&amp#27;[39m &amp#27;[37m-->&amp#27;[39m &amp#27;[37mPOST&amp#27;[39m &amp#27;[37m/wd/hub/session/16b3dbbe-df97-44a4-9c86-a4c3f5d63c85/element/073ec65d-7661-4b32-b071-05e4ba9fde7c/click&amp#27;[39m
&amp#27;[35m[HTTP]&amp#27;[39m &amp#27;[90m{"id":"073ec65d-7661-4b32-b071-05e4ba9fde7c"}&amp#27;[39m
[debug] &amp#27;[35m[W3C (16b3dbbe)]&amp#27;[39m Calling AppiumDriver.click() with args: ["073ec65d-7661-4b32-b071-05e4ba9fde7c","16b3dbbe-df97-44a4-9c86-a4c3f5d63c85"]
[debug] &amp#27;[35m[WD Proxy]&amp#27;[39m Matched '/element/073ec65d-7661-4b32-b071-05e4ba9fde7c/click' to command name 'click'
[debug] &amp#27;[35m[WD Proxy]&amp#27;[39m Proxying [POST /element/073ec65d-7661-4b32-b071-05e4ba9fde7c/click] to [POST http://127.0.0.1:8201/wd/hub/session/1a942fc2-6d85-4888-a85b-0042439c6f52/element/073ec65d-7661-4b32-b071-05e4ba9fde7c/click] with body: {"element":"073ec65d-7661-4b32-b071-05e4ba9fde7c"}
[debug] &amp#27;[35m[WD Proxy]&amp#27;[39m Got response with status 200: {"sessionId":"1a942fc2-6d85-4888-a85b-0042439c6f52","value":null}
[debug] &amp#27;[35m[W3C (16b3dbbe)]&amp#27;[39m Responding to client with driver.click() result: null
&amp#27;[35m[HTTP]&amp#27;[39m &amp#27;[37m<-- POST /wd/hub/session/16b3dbbe-df97-44a4-9c86-a4c3f5d63c85/element/073ec65d-7661-4b32-b071-05e4ba9fde7c/click &amp#27;[39m&amp#27;[32m200&amp#27;[39m &amp#27;[90m98 ms - 14&amp#27;[39m
&amp#27;[35m[HTTP]&amp#27;[39m &amp#27;[90m&amp#27;[39m
&amp#27;[35m[HTTP]&amp#27;[39m &amp#27;[37m-->&amp#27;[39m &amp#27;[37mGET&amp#27;[39m &amp#27;[37m/wd/hub/session/16b3dbbe-df97-44a4-9c86-a4c3f5d63c85/context&amp#27;[39m
&amp#27;[35m[HTTP]&amp#27;[39m &amp#27;[90m{}&amp#27;[39m
[debug] &amp#27;[35m[W3C (16b3dbbe)]&amp#27;[39m Calling AppiumDriver.getCurrentContext() with args: ["16b3dbbe-df97-44a4-9c86-a4c3f5d63c85"]
[debug] &amp#27;[35m[W3C (16b3dbbe)]&amp#27;[39m Responding to client with driver.getCurrentContext() result: "NATIVE_APP"
&amp#27;[35m[HTTP]&amp#27;[39m &amp#27;[37m<-- GET /wd/hub/session/16b3dbbe-df97-44a4-9c86-a4c3f5d63c85/context &amp#27;[39m&amp#27;[32m200&amp#27;[39m &amp#27;[90m1 ms - 22&amp#27;[39m
&amp#27;[35m[HTTP]&amp#27;[39m &amp#27;[90m&amp#27;[39m
&amp#27;[35m[HTTP]&amp#27;[39m &amp#27;[37m-->&amp#27;[39m &amp#27;[37mPOST&amp#27;[39m &amp#27;[37m/wd/hub/session/16b3dbbe-df97-44a4-9c86-a4c3f5d63c85/elements&amp#27;[39m
&amp#27;[35m[HTTP]&amp#27;[39m &amp#27;[90m{"using":"class name","value":"android.widget.Image"}&amp#27;[39m
[debug] &amp#27;[35m[W3C (16b3dbbe)]&amp#27;[39m Calling AppiumDriver.findElements() with args: ["class name","android.widget.Image","16b3dbbe-df97-44a4-9c86-a4c3f5d63c85"]
[debug] &amp#27;[35m[BaseDriver]&amp#27;[39m Valid locator strategies for this request: xpath, id, class name, accessibility id, css selector, -android uiautomator
[debug] &amp#27;[35m[BaseDriver]&amp#27;[39m Waiting up to 10000 ms for condition
[debug] &amp#27;[35m[WD Proxy]&amp#27;[39m Matched '/elements' to command name 'findElements'
[debug] &amp#27;[35m[WD Proxy]&amp#27;[39m Proxying [POST /elements] to [POST http://127.0.0.1:8201/wd/hub/session/1a942fc2-6d85-4888-a85b-0042439c6f52/elements] with body: {"strategy":"class name","selector":"android.widget.Image","context":"","multiple":true}
[debug] &amp#27;[35m[WD Proxy]&amp#27;[39m Got response with status 200: {"sessionId":"1a942fc2-6d85-4888-a85b-0042439c6f52","value":[{"ELEMENT":"e4864897-2d7a-42cf-ba4d-b7a0b9546014","element-6066-11e4-a52e-4f735466cecf":"e4864897-2d7a-42cf-ba4d-b7a0b9546014"},{"ELEMENT":"5c720215-323d-4dd9-9d88-c99cb874202e","element-6066-11e4-a52e-4f735466cecf":"5c720215-323d-4dd9-9d88-c99cb874202e"},{"ELEMENT":"88bd5225-c2d8-4dcc-ac03-3e0b6d5103f3","element-6066-11e4-a52e-4f735466cecf":"88bd5225-c2d8-4dcc-ac03-3e0b6d5103f3"},{"ELEMENT":"e31ba050-04ec-477a-a4c8-1929c60274fd","element-6066-11e4-a52e-4f735466cecf":"e31ba050-04ec-477a-a4c8-1929c60274fd"},{"ELEMENT":"b2258f13-e271-4607-936e-a49f11a8aa52","element-6066-11e4-a52e-4f735466cecf":"b2258f13-e271-4607-936e-a49f11a8aa52"},{"ELEMENT":"dd1499ba-9d81-41ac-bd37-248df722bd77","element-6066-11e4-a52e-4f735466cecf":"dd1499ba-9d81-41ac-bd37-248df722bd77"},{"ELEMENT":"8bdc0e49-aae6-411e-a604-d31d92a88ecc","element-6066-11e4-a52e-4f735466cecf":"8bdc0e49-aae6-411e-a604-d31d92a88ecc"},{"ELEMENT":"675fa5bd-6df2-4965-b4f0-51adecc5269f","element-6066-...
[debug] &amp#27;[35m[W3C (16b3dbbe)]&amp#27;[39m Responding to client with driver.findElements() result: [{"element-6066-11e4-a52e-4f735466cecf":"e4864897-2d7a-42cf-ba4d-b7a0b9546014","ELEMENT":"e4864897-2d7a-42cf-ba4d-b7a0b9546014"},{"element-6066-11e4-a52e-4f735466cecf":"5c720215-323d-4dd9-9d88-c99cb874202e","ELEMENT":"5c720215-323d-4dd9-9d88-c99cb874202e"},{"element-6066-11e4-a52e-4f735466cecf":"88bd5225-c2d8-4dcc-ac03-3e0b6d5103f3","ELEMENT":"88bd5225-c2d8-4dcc-ac03-3e0b6d5103f3"},{"element-6066-11e4-a52e-4f735466cecf":"e31ba050-04ec-477a-a4c8-1929c60274fd","ELEMENT":"e31ba050-04ec-477a-a4c8-1929c60274fd"},{"element-6066-11e4-a52e-4f735466cecf":"b2258f13-e271-4607-936e-a49f11a8aa52","ELEMENT":"b2258f13-e271-4607-936e-a49f11a8aa52"},{"element-6066-11e4-a52e-4f735466cecf":"dd1499ba-9d81-41ac-bd37-248df722bd77","ELEMENT":"dd1499ba-9d81-41ac-bd37-248df722bd77"},{"element-6066-11e4-a52e-4f735466cecf":"8bdc0e49-aae6-411e-a604-d31d92a88ecc","ELEMENT":"8bdc0e49-aae6-411e-a604-d31d92a88ecc"},{"element-6066-11e4-a52e-4f735466cecf":"675fa5bd-6df2-4965-b4f0-51adecc5269f","ELEMENT":"675fa5bd-6df2-4965-b4f0-51adecc5269...
&amp#27;[35m[HTTP]&amp#27;[39m &amp#27;[37m<-- POST /wd/hub/session/16b3dbbe-df97-44a4-9c86-a4c3f5d63c85/elements &amp#27;[39m&amp#27;[32m200&amp#27;[39m &amp#27;[90m92 ms - 1419&amp#27;[39m
&amp#27;[35m[HTTP]&amp#27;[39m &amp#27;[90m&amp#27;[39m
13
&amp#27;[35m[HTTP]&amp#27;[39m &amp#27;[37m-->&amp#27;[39m &amp#27;[37mGET&amp#27;[39m &amp#27;[37m/wd/hub/session/16b3dbbe-df97-44a4-9c86-a4c3f5d63c85/context&amp#27;[39m
&amp#27;[35m[HTTP]&amp#27;[39m &amp#27;[90m{}&amp#27;[39m
[debug] &amp#27;[35m[W3C (16b3dbbe)]&amp#27;[39m Calling AppiumDriver.getCurrentContext() with args: ["16b3dbbe-df97-44a4-9c86-a4c3f5d63c85"]
[debug] &amp#27;[35m[W3C (16b3dbbe)]&amp#27;[39m Responding to client with driver.getCurrentContext() result: "NATIVE_APP"
&amp#27;[35m[HTTP]&amp#27;[39m &amp#27;[37m<-- GET /wd/hub/session/16b3dbbe-df97-44a4-9c86-a4c3f5d63c85/context &amp#27;[39m&amp#27;[32m200&amp#27;[39m &amp#27;[90m1 ms - 22&amp#27;[39m
&amp#27;[35m[HTTP]&amp#27;[39m &amp#27;[90m&amp#27;[39m
&amp#27;[35m[HTTP]&amp#27;[39m &amp#27;[37m-->&amp#27;[39m &amp#27;[37mPOST&amp#27;[39m &amp#27;[37m/wd/hub/session/16b3dbbe-df97-44a4-9c86-a4c3f5d63c85/element&amp#27;[39m
&amp#27;[35m[HTTP]&amp#27;[39m &amp#27;[90m{"using":"xpath","value":"//android.view.View[@text='Account Remove Successfully']"}&amp#27;[39m
[debug] &amp#27;[35m[W3C (16b3dbbe)]&amp#27;[39m Calling AppiumDriver.findElement() with args: ["xpath","//android.view.View[@text='Account Remove Successfully']","16b3dbbe-df97-44a4-9c86-a4c3f5d63c85"]
[debug] &amp#27;[35m[BaseDriver]&amp#27;[39m Valid locator strategies for this request: xpath, id, class name, accessibility id, css selector, -android uiautomator
[debug] &amp#27;[35m[BaseDriver]&amp#27;[39m Waiting up to 10000 ms for condition
[debug] &amp#27;[35m[WD Proxy]&amp#27;[39m Matched '/element' to command name 'findElement'
[debug] &amp#27;[35m[WD Proxy]&amp#27;[39m Proxying [POST /element] to [POST http://127.0.0.1:8201/wd/hub/session/1a942fc2-6d85-4888-a85b-0042439c6f52/element] with body: {"strategy":"xpath","selector":"//android.view.View[@text='Account Remove Successfully']","context":"","multiple":false}
[debug] &amp#27;[35m[WD Proxy]&amp#27;[39m Got response with status 200: {"sessionId":"1a942fc2-6d85-4888-a85b-0042439c6f52","value":{"ELEMENT":"ffa3c6be-ddd4-4157-ba8c-fac90faa115e","element-6066-11e4-a52e-4f735466cecf":"ffa3c6be-ddd4-4157-ba8c-fac90faa115e"}}
[debug] &amp#27;[35m[W3C (16b3dbbe)]&amp#27;[39m Responding to client with driver.findElement() result: {"element-6066-11e4-a52e-4f735466cecf":"ffa3c6be-ddd4-4157-ba8c-fac90faa115e","ELEMENT":"ffa3c6be-ddd4-4157-ba8c-fac90faa115e"}
&amp#27;[35m[HTTP]&amp#27;[39m &amp#27;[37m<-- POST /wd/hub/session/16b3dbbe-df97-44a4-9c86-a4c3f5d63c85/element &amp#27;[39m&amp#27;[32m200&amp#27;[39m &amp#27;[90m115 ms - 137&amp#27;[39m
&amp#27;[35m[HTTP]&amp#27;[39m &amp#27;[90m&amp#27;[39m
&amp#27;[35m[HTTP]&amp#27;[39m &amp#27;[37m-->&amp#27;[39m &amp#27;[37mGET&amp#27;[39m &amp#27;[37m/wd/hub/session/16b3dbbe-df97-44a4-9c86-a4c3f5d63c85/element/ffa3c6be-ddd4-4157-ba8c-fac90faa115e/text&amp#27;[39m
&amp#27;[35m[HTTP]&amp#27;[39m &amp#27;[90m{}&amp#27;[39m
&amp#27;[35m[W3C (16b3dbbe)]&amp#27;[39m Driver proxy active, passing request on via HTTP proxy
[debug] &amp#27;[35m[WD Proxy]&amp#27;[39m Matched '/wd/hub/session/16b3dbbe-df97-44a4-9c86-a4c3f5d63c85/element/ffa3c6be-ddd4-4157-ba8c-fac90faa115e/text' to command name 'getText'
[debug] &amp#27;[35m[WD Proxy]&amp#27;[39m Proxying [GET /wd/hub/session/16b3dbbe-df97-44a4-9c86-a4c3f5d63c85/element/ffa3c6be-ddd4-4157-ba8c-fac90faa115e/text] to [GET http://127.0.0.1:8201/wd/hub/session/1a942fc2-6d85-4888-a85b-0042439c6f52/element/ffa3c6be-ddd4-4157-ba8c-fac90faa115e/text] with no body
[debug] &amp#27;[35m[WD Proxy]&amp#27;[39m Got response with status 200: {"sessionId":"1a942fc2-6d85-4888-a85b-0042439c6f52","value":"Account Remove Successfully"}
&amp#27;[35m[WD Proxy]&amp#27;[39m Replacing sessionId 1a942fc2-6d85-4888-a85b-0042439c6f52 with 16b3dbbe-df97-44a4-9c86-a4c3f5d63c85
&amp#27;[35m[HTTP]&amp#27;[39m &amp#27;[37m<-- GET /wd/hub/session/16b3dbbe-df97-44a4-9c86-a4c3f5d63c85/element/ffa3c6be-ddd4-4157-ba8c-fac90faa115e/text &amp#27;[39m&amp#27;[32m200&amp#27;[39m &amp#27;[90m22 ms - 90&amp#27;[39m
&amp#27;[35m[HTTP]&amp#27;[39m &amp#27;[90m&amp#27;[39m
Account Removed Succesfully
&amp#27;[35m[HTTP]&amp#27;[39m &amp#27;[37m-->&amp#27;[39m &amp#27;[37mGET&amp#27;[39m &amp#27;[37m/wd/hub/session/16b3dbbe-df97-44a4-9c86-a4c3f5d63c85/context&amp#27;[39m
&amp#27;[35m[HTTP]&amp#27;[39m &amp#27;[90m{}&amp#27;[39m
[debug] &amp#27;[35m[W3C (16b3dbbe)]&amp#27;[39m Calling AppiumDriver.getCurrentContext() with args: ["16b3dbbe-df97-44a4-9c86-a4c3f5d63c85"]
[debug] &amp#27;[35m[W3C (16b3dbbe)]&amp#27;[39m Responding to client with driver.getCurrentContext() result: "NATIVE_APP"
&amp#27;[35m[HTTP]&amp#27;[39m &amp#27;[37m<-- GET /wd/hub/session/16b3dbbe-df97-44a4-9c86-a4c3f5d63c85/context &amp#27;[39m&amp#27;[32m200&amp#27;[39m &amp#27;[90m1 ms - 22&amp#27;[39m
&amp#27;[35m[HTTP]&amp#27;[39m &amp#27;[90m&amp#27;[39m
&amp#27;[35m[HTTP]&amp#27;[39m &amp#27;[37m-->&amp#27;[39m &amp#27;[37mPOST&amp#27;[39m &amp#27;[37m/wd/hub/session/16b3dbbe-df97-44a4-9c86-a4c3f5d63c85/elements&amp#27;[39m
&amp#27;[35m[HTTP]&amp#27;[39m &amp#27;[90m{"using":"class name","value":"android.widget.Image"}&amp#27;[39m
[debug] &amp#27;[35m[W3C (16b3dbbe)]&amp#27;[39m Calling AppiumDriver.findElements() with args: ["class name","android.widget.Image","16b3dbbe-df97-44a4-9c86-a4c3f5d63c85"]
[debug] &amp#27;[35m[BaseDriver]&amp#27;[39m Valid locator strategies for this request: xpath, id, class name, accessibility id, css selector, -android uiautomator
[debug] &amp#27;[35m[BaseDriver]&amp#27;[39m Waiting up to 10000 ms for condition
[debug] &amp#27;[35m[WD Proxy]&amp#27;[39m Matched '/elements' to command name 'findElements'
[debug] &amp#27;[35m[WD Proxy]&amp#27;[39m Proxying [POST /elements] to [POST http://127.0.0.1:8201/wd/hub/session/1a942fc2-6d85-4888-a85b-0042439c6f52/elements] with body: {"strategy":"class name","selector":"android.widget.Image","context":"","multiple":true}
[debug] &amp#27;[35m[WD Proxy]&amp#27;[39m Got response with status 200: {"sessionId":"1a942fc2-6d85-4888-a85b-0042439c6f52","value":[{"ELEMENT":"502e6fb4-fd93-40a9-9b7d-077be2641f01","element-6066-11e4-a52e-4f735466cecf":"502e6fb4-fd93-40a9-9b7d-077be2641f01"},{"ELEMENT":"173ae814-3e70-4e2b-bfb8-cb4c6e304ee5","element-6066-11e4-a52e-4f735466cecf":"173ae814-3e70-4e2b-bfb8-cb4c6e304ee5"},{"ELEMENT":"2855e008-e1c8-4d6b-94d0-e6b6770f85f1","element-6066-11e4-a52e-4f735466cecf":"2855e008-e1c8-4d6b-94d0-e6b6770f85f1"},{"ELEMENT":"5baf9417-b1e4-4475-9684-5587c0a346b9","element-6066-11e4-a52e-4f735466cecf":"5baf9417-b1e4-4475-9684-5587c0a346b9"},{"ELEMENT":"7b552b39-7d64-414e-99eb-0a2dd99b3bbc","element-6066-11e4-a52e-4f735466cecf":"7b552b39-7d64-414e-99eb-0a2dd99b3bbc"},{"ELEMENT":"2533ebd4-daa2-4b8c-b982-1af6da6c7603","element-6066-11e4-a52e-4f735466cecf":"2533ebd4-daa2-4b8c-b982-1af6da6c7603"},{"ELEMENT":"bb001a3a-7d47-4143-8850-50a2730450e1","element-6066-11e4-a52e-4f735466cecf":"bb001a3a-7d47-4143-8850-50a2730450e1"},{"ELEMENT":"aceb6e9d-c899-42b6-9351-07ec63d528f0","element-6066-...
[debug] &amp#27;[35m[W3C (16b3dbbe)]&amp#27;[39m Responding to client with driver.findElements() result: [{"element-6066-11e4-a52e-4f735466cecf":"502e6fb4-fd93-40a9-9b7d-077be2641f01","ELEMENT":"502e6fb4-fd93-40a9-9b7d-077be2641f01"},{"element-6066-11e4-a52e-4f735466cecf":"173ae814-3e70-4e2b-bfb8-cb4c6e304ee5","ELEMENT":"173ae814-3e70-4e2b-bfb8-cb4c6e304ee5"},{"element-6066-11e4-a52e-4f735466cecf":"2855e008-e1c8-4d6b-94d0-e6b6770f85f1","ELEMENT":"2855e008-e1c8-4d6b-94d0-e6b6770f85f1"},{"element-6066-11e4-a52e-4f735466cecf":"5baf9417-b1e4-4475-9684-5587c0a346b9","ELEMENT":"5baf9417-b1e4-4475-9684-5587c0a346b9"},{"element-6066-11e4-a52e-4f735466cecf":"7b552b39-7d64-414e-99eb-0a2dd99b3bbc","ELEMENT":"7b552b39-7d64-414e-99eb-0a2dd99b3bbc"},{"element-6066-11e4-a52e-4f735466cecf":"2533ebd4-daa2-4b8c-b982-1af6da6c7603","ELEMENT":"2533ebd4-daa2-4b8c-b982-1af6da6c7603"},{"element-6066-11e4-a52e-4f735466cecf":"bb001a3a-7d47-4143-8850-50a2730450e1","ELEMENT":"bb001a3a-7d47-4143-8850-50a2730450e1"},{"element-6066-11e4-a52e-4f735466cecf":"aceb6e9d-c899-42b6-9351-07ec63d528f0","ELEMENT":"aceb6e9d-c899-42b6-9351-07ec63d528f...
&amp#27;[35m[HTTP]&amp#27;[39m &amp#27;[37m<-- POST /wd/hub/session/16b3dbbe-df97-44a4-9c86-a4c3f5d63c85/elements &amp#27;[39m&amp#27;[32m200&amp#27;[39m &amp#27;[90m73 ms - 1419&amp#27;[39m
&amp#27;[35m[HTTP]&amp#27;[39m &amp#27;[90m&amp#27;[39m
&amp#27;[35m[HTTP]&amp#27;[39m &amp#27;[37m-->&amp#27;[39m &amp#27;[37mPOST&amp#27;[39m &amp#27;[37m/wd/hub/session/16b3dbbe-df97-44a4-9c86-a4c3f5d63c85/element/257314f5-43b8-4e9c-a094-665630ba6fe1/click&amp#27;[39m
&amp#27;[35m[HTTP]&amp#27;[39m &amp#27;[90m{"id":"257314f5-43b8-4e9c-a094-665630ba6fe1"}&amp#27;[39m
[debug] &amp#27;[35m[W3C (16b3dbbe)]&amp#27;[39m Calling AppiumDriver.click() with args: ["257314f5-43b8-4e9c-a094-665630ba6fe1","16b3dbbe-df97-44a4-9c86-a4c3f5d63c85"]
[debug] &amp#27;[35m[WD Proxy]&amp#27;[39m Matched '/element/257314f5-43b8-4e9c-a094-665630ba6fe1/click' to command name 'click'
[debug] &amp#27;[35m[WD Proxy]&amp#27;[39m Proxying [POST /element/257314f5-43b8-4e9c-a094-665630ba6fe1/click] to [POST http://127.0.0.1:8201/wd/hub/session/1a942fc2-6d85-4888-a85b-0042439c6f52/element/257314f5-43b8-4e9c-a094-665630ba6fe1/click] with body: {"element":"257314f5-43b8-4e9c-a094-665630ba6fe1"}
[debug] &amp#27;[35m[WD Proxy]&amp#27;[39m Got response with status 200: {"sessionId":"1a942fc2-6d85-4888-a85b-0042439c6f52","value":null}
[debug] &amp#27;[35m[W3C (16b3dbbe)]&amp#27;[39m Responding to client with driver.click() result: null
&amp#27;[35m[HTTP]&amp#27;[39m &amp#27;[37m<-- POST /wd/hub/session/16b3dbbe-df97-44a4-9c86-a4c3f5d63c85/element/257314f5-43b8-4e9c-a094-665630ba6fe1/click &amp#27;[39m&amp#27;[32m200&amp#27;[39m &amp#27;[90m80 ms - 14&amp#27;[39m
&amp#27;[35m[HTTP]&amp#27;[39m &amp#27;[90m&amp#27;[39m
&amp#27;[35m[HTTP]&amp#27;[39m &amp#27;[37m-->&amp#27;[39m &amp#27;[37mGET&amp#27;[39m &amp#27;[37m/wd/hub/session/16b3dbbe-df97-44a4-9c86-a4c3f5d63c85/context&amp#27;[39m
&amp#27;[35m[HTTP]&amp#27;[39m &amp#27;[90m{}&amp#27;[39m
[debug] &amp#27;[35m[W3C (16b3dbbe)]&amp#27;[39m Calling AppiumDriver.getCurrentContext() with args: ["16b3dbbe-df97-44a4-9c86-a4c3f5d63c85"]
[debug] &amp#27;[35m[W3C (16b3dbbe)]&amp#27;[39m Responding to client with driver.getCurrentContext() result: "NATIVE_APP"
&amp#27;[35m[HTTP]&amp#27;[39m &amp#27;[37m<-- GET /wd/hub/session/16b3dbbe-df97-44a4-9c86-a4c3f5d63c85/context &amp#27;[39m&amp#27;[32m200&amp#27;[39m &amp#27;[90m1 ms - 22&amp#27;[39m
&amp#27;[35m[HTTP]&amp#27;[39m &amp#27;[90m&amp#27;[39m
&amp#27;[35m[HTTP]&amp#27;[39m &amp#27;[37m-->&amp#27;[39m &amp#27;[37mPOST&amp#27;[39m &amp#27;[37m/wd/hub/session/16b3dbbe-df97-44a4-9c86-a4c3f5d63c85/elements&amp#27;[39m
&amp#27;[35m[HTTP]&amp#27;[39m &amp#27;[90m{"using":"class name","value":"android.widget.Image"}&amp#27;[39m
[debug] &amp#27;[35m[W3C (16b3dbbe)]&amp#27;[39m Calling AppiumDriver.findElements() with args: ["class name","android.widget.Image","16b3dbbe-df97-44a4-9c86-a4c3f5d63c85"]
[debug] &amp#27;[35m[BaseDriver]&amp#27;[39m Valid locator strategies for this request: xpath, id, class name, accessibility id, css selector, -android uiautomator
[debug] &amp#27;[35m[BaseDriver]&amp#27;[39m Waiting up to 10000 ms for condition
[debug] &amp#27;[35m[WD Proxy]&amp#27;[39m Matched '/elements' to command name 'findElements'
[debug] &amp#27;[35m[WD Proxy]&amp#27;[39m Proxying [POST /elements] to [POST http://127.0.0.1:8201/wd/hub/session/1a942fc2-6d85-4888-a85b-0042439c6f52/elements] with body: {"strategy":"class name","selector":"android.widget.Image","context":"","multiple":true}
[debug] &amp#27;[35m[WD Proxy]&amp#27;[39m Got response with status 200: {"sessionId":"1a942fc2-6d85-4888-a85b-0042439c6f52","value":[{"ELEMENT":"7894e186-f15e-4db2-8627-835c5b76e43e","element-6066-11e4-a52e-4f735466cecf":"7894e186-f15e-4db2-8627-835c5b76e43e"},{"ELEMENT":"09b73368-c06f-47a4-a6be-94188b678bd5","element-6066-11e4-a52e-4f735466cecf":"09b73368-c06f-47a4-a6be-94188b678bd5"},{"ELEMENT":"9ca9dc39-9346-4195-9033-a851348bde34","element-6066-11e4-a52e-4f735466cecf":"9ca9dc39-9346-4195-9033-a851348bde34"},{"ELEMENT":"f2a7909a-2c2e-47ae-9cf2-64f7c1eff0b5","element-6066-11e4-a52e-4f735466cecf":"f2a7909a-2c2e-47ae-9cf2-64f7c1eff0b5"},{"ELEMENT":"9c1f09f5-c816-4980-ab90-e95e5692ba90","element-6066-11e4-a52e-4f735466cecf":"9c1f09f5-c816-4980-ab90-e95e5692ba90"},{"ELEMENT":"09628ed2-c163-41e2-a26a-b8f399ed8638","element-6066-11e4-a52e-4f735466cecf":"09628ed2-c163-41e2-a26a-b8f399ed8638"},{"ELEMENT":"d0d1433a-bf19-4004-8e66-832c2fd792fd","element-6066-11e4-a52e-4f735466cecf":"d0d1433a-bf19-4004-8e66-832c2fd792fd"},{"ELEMENT":"b08c5fc0-3f01-4c0e-9d5f-e2a66ed5e834","element-6066-...
[debug] &amp#27;[35m[W3C (16b3dbbe)]&amp#27;[39m Responding to client with driver.findElements() result: [{"element-6066-11e4-a52e-4f735466cecf":"7894e186-f15e-4db2-8627-835c5b76e43e","ELEMENT":"7894e186-f15e-4db2-8627-835c5b76e43e"},{"element-6066-11e4-a52e-4f735466cecf":"09b73368-c06f-47a4-a6be-94188b678bd5","ELEMENT":"09b73368-c06f-47a4-a6be-94188b678bd5"},{"element-6066-11e4-a52e-4f735466cecf":"9ca9dc39-9346-4195-9033-a851348bde34","ELEMENT":"9ca9dc39-9346-4195-9033-a851348bde34"},{"element-6066-11e4-a52e-4f735466cecf":"f2a7909a-2c2e-47ae-9cf2-64f7c1eff0b5","ELEMENT":"f2a7909a-2c2e-47ae-9cf2-64f7c1eff0b5"},{"element-6066-11e4-a52e-4f735466cecf":"9c1f09f5-c816-4980-ab90-e95e5692ba90","ELEMENT":"9c1f09f5-c816-4980-ab90-e95e5692ba90"},{"element-6066-11e4-a52e-4f735466cecf":"09628ed2-c163-41e2-a26a-b8f399ed8638","ELEMENT":"09628ed2-c163-41e2-a26a-b8f399ed8638"},{"element-6066-11e4-a52e-4f735466cecf":"d0d1433a-bf19-4004-8e66-832c2fd792fd","ELEMENT":"d0d1433a-bf19-4004-8e66-832c2fd792fd"},{"element-6066-11e4-a52e-4f735466cecf":"b08c5fc0-3f01-4c0e-9d5f-e2a66ed5e834","ELEMENT":"b08c5fc0-3f01-4c0e-9d5f-e2a66ed5e83...
&amp#27;[35m[HTTP]&amp#27;[39m &amp#27;[37m<-- POST /wd/hub/session/16b3dbbe-df97-44a4-9c86-a4c3f5d63c85/elements &amp#27;[39m&amp#27;[32m200&amp#27;[39m &amp#27;[90m92 ms - 1291&amp#27;[39m
&amp#27;[35m[HTTP]&amp#27;[39m &amp#27;[90m&amp#27;[39m
&amp#27;[35m[HTTP]&amp#27;[39m &amp#27;[37m-->&amp#27;[39m &amp#27;[37mPOST&amp#27;[39m &amp#27;[37m/wd/hub/session/16b3dbbe-df97-44a4-9c86-a4c3f5d63c85/element/f2a7909a-2c2e-47ae-9cf2-64f7c1eff0b5/click&amp#27;[39m
&amp#27;[35m[HTTP]&amp#27;[39m &amp#27;[90m{"id":"f2a7909a-2c2e-47ae-9cf2-64f7c1eff0b5"}&amp#27;[39m
[debug] &amp#27;[35m[W3C (16b3dbbe)]&amp#27;[39m Calling AppiumDriver.click() with args: ["f2a7909a-2c2e-47ae-9cf2-64f7c1eff0b5","16b3dbbe-df97-44a4-9c86-a4c3f5d63c85"]
[debug] &amp#27;[35m[WD Proxy]&amp#27;[39m Matched '/element/f2a7909a-2c2e-47ae-9cf2-64f7c1eff0b5/click' to command name 'click'
[debug] &amp#27;[35m[WD Proxy]&amp#27;[39m Proxying [POST /element/f2a7909a-2c2e-47ae-9cf2-64f7c1eff0b5/click] to [POST http://127.0.0.1:8201/wd/hub/session/1a942fc2-6d85-4888-a85b-0042439c6f52/element/f2a7909a-2c2e-47ae-9cf2-64f7c1eff0b5/click] with body: {"element":"f2a7909a-2c2e-47ae-9cf2-64f7c1eff0b5"}
[debug] &amp#27;[35m[WD Proxy]&amp#27;[39m Got response with status 200: {"sessionId":"1a942fc2-6d85-4888-a85b-0042439c6f52","value":null}
[debug] &amp#27;[35m[W3C (16b3dbbe)]&amp#27;[39m Responding to client with driver.click() result: null
&amp#27;[35m[HTTP]&amp#27;[39m &amp#27;[37m<-- POST /wd/hub/session/16b3dbbe-df97-44a4-9c86-a4c3f5d63c85/element/f2a7909a-2c2e-47ae-9cf2-64f7c1eff0b5/click &amp#27;[39m&amp#27;[32m200&amp#27;[39m &amp#27;[90m471 ms - 14&amp#27;[39m
&amp#27;[35m[HTTP]&amp#27;[39m &amp#27;[90m&amp#27;[39m
&amp#27;[35m[HTTP]&amp#27;[39m &amp#27;[37m-->&amp#27;[39m &amp#27;[37mGET&amp#27;[39m &amp#27;[37m/wd/hub/session/16b3dbbe-df97-44a4-9c86-a4c3f5d63c85/context&amp#27;[39m
&amp#27;[35m[HTTP]&amp#27;[39m &amp#27;[90m{}&amp#27;[39m
[debug] &amp#27;[35m[W3C (16b3dbbe)]&amp#27;[39m Calling AppiumDriver.getCurrentContext() with args: ["16b3dbbe-df97-44a4-9c86-a4c3f5d63c85"]
[debug] &amp#27;[35m[W3C (16b3dbbe)]&amp#27;[39m Responding to client with driver.getCurrentContext() result: "NATIVE_APP"
&amp#27;[35m[HTTP]&amp#27;[39m &amp#27;[37m<-- GET /wd/hub/session/16b3dbbe-df97-44a4-9c86-a4c3f5d63c85/context &amp#27;[39m&amp#27;[32m200&amp#27;[39m &amp#27;[90m1 ms - 22&amp#27;[39m
&amp#27;[35m[HTTP]&amp#27;[39m &amp#27;[90m&amp#27;[39m
&amp#27;[35m[HTTP]&amp#27;[39m &amp#27;[37m-->&amp#27;[39m &amp#27;[37mPOST&amp#27;[39m &amp#27;[37m/wd/hub/session/16b3dbbe-df97-44a4-9c86-a4c3f5d63c85/element&amp#27;[39m
&amp#27;[35m[HTTP]&amp#27;[39m &amp#27;[90m{"using":"xpath","value":"//android.view.View[@text='Remove Account']"}&amp#27;[39m
[debug] &amp#27;[35m[W3C (16b3dbbe)]&amp#27;[39m Calling AppiumDriver.findElement() with args: ["xpath","//android.view.View[@text='Remove Account']","16b3dbbe-df97-44a4-9c86-a4c3f5d63c85"]
[debug] &amp#27;[35m[BaseDriver]&amp#27;[39m Valid locator strategies for this request: xpath, id, class name, accessibility id, css selector, -android uiautomator
[debug] &amp#27;[35m[BaseDriver]&amp#27;[39m Waiting up to 10000 ms for condition
[debug] &amp#27;[35m[WD Proxy]&amp#27;[39m Matched '/element' to command name 'findElement'
[debug] &amp#27;[35m[WD Proxy]&amp#27;[39m Proxying [POST /element] to [POST http://127.0.0.1:8201/wd/hub/session/1a942fc2-6d85-4888-a85b-0042439c6f52/element] with body: {"strategy":"xpath","selector":"//android.view.View[@text='Remove Account']","context":"","multiple":false}
[debug] &amp#27;[35m[WD Proxy]&amp#27;[39m Got response with status 200: {"sessionId":"1a942fc2-6d85-4888-a85b-0042439c6f52","value":{"ELEMENT":"cbb7f255-1acf-47ce-82b9-baa5c13c4f22","element-6066-11e4-a52e-4f735466cecf":"cbb7f255-1acf-47ce-82b9-baa5c13c4f22"}}
[debug] &amp#27;[35m[W3C (16b3dbbe)]&amp#27;[39m Responding to client with driver.findElement() result: {"element-6066-11e4-a52e-4f735466cecf":"cbb7f255-1acf-47ce-82b9-baa5c13c4f22","ELEMENT":"cbb7f255-1acf-47ce-82b9-baa5c13c4f22"}
&amp#27;[35m[HTTP]&amp#27;[39m &amp#27;[37m<-- POST /wd/hub/session/16b3dbbe-df97-44a4-9c86-a4c3f5d63c85/element &amp#27;[39m&amp#27;[32m200&amp#27;[39m &amp#27;[90m154 ms - 137&amp#27;[39m
&amp#27;[35m[HTTP]&amp#27;[39m &amp#27;[90m&amp#27;[39m
&amp#27;[35m[HTTP]&amp#27;[39m &amp#27;[37m-->&amp#27;[39m &amp#27;[37mPOST&amp#27;[39m &amp#27;[37m/wd/hub/session/16b3dbbe-df97-44a4-9c86-a4c3f5d63c85/element/cbb7f255-1acf-47ce-82b9-baa5c13c4f22/click&amp#27;[39m
&amp#27;[35m[HTTP]&amp#27;[39m &amp#27;[90m{"id":"cbb7f255-1acf-47ce-82b9-baa5c13c4f22"}&amp#27;[39m
[debug] &amp#27;[35m[W3C (16b3dbbe)]&amp#27;[39m Calling AppiumDriver.click() with args: ["cbb7f255-1acf-47ce-82b9-baa5c13c4f22","16b3dbbe-df97-44a4-9c86-a4c3f5d63c85"]
[debug] &amp#27;[35m[WD Proxy]&amp#27;[39m Matched '/element/cbb7f255-1acf-47ce-82b9-baa5c13c4f22/click' to command name 'click'
[debug] &amp#27;[35m[WD Proxy]&amp#27;[39m Proxying [POST /element/cbb7f255-1acf-47ce-82b9-baa5c13c4f22/click] to [POST http://127.0.0.1:8201/wd/hub/session/1a942fc2-6d85-4888-a85b-0042439c6f52/element/cbb7f255-1acf-47ce-82b9-baa5c13c4f22/click] with body: {"element":"cbb7f255-1acf-47ce-82b9-baa5c13c4f22"}
[debug] &amp#27;[35m[WD Proxy]&amp#27;[39m Got response with status 200: {"sessionId":"1a942fc2-6d85-4888-a85b-0042439c6f52","value":null}
[debug] &amp#27;[35m[W3C (16b3dbbe)]&amp#27;[39m Responding to client with driver.click() result: null
&amp#27;[35m[HTTP]&amp#27;[39m &amp#27;[37m<-- POST /wd/hub/session/16b3dbbe-df97-44a4-9c86-a4c3f5d63c85/element/cbb7f255-1acf-47ce-82b9-baa5c13c4f22/click &amp#27;[39m&amp#27;[32m200&amp#27;[39m &amp#27;[90m1473 ms - 14&amp#27;[39m
&amp#27;[35m[HTTP]&amp#27;[39m &amp#27;[90m&amp#27;[39m
&amp#27;[35m[HTTP]&amp#27;[39m &amp#27;[37m-->&amp#27;[39m &amp#27;[37mGET&amp#27;[39m &amp#27;[37m/wd/hub/session/16b3dbbe-df97-44a4-9c86-a4c3f5d63c85/context&amp#27;[39m
&amp#27;[35m[HTTP]&amp#27;[39m &amp#27;[90m{}&amp#27;[39m
[debug] &amp#27;[35m[W3C (16b3dbbe)]&amp#27;[39m Calling AppiumDriver.getCurrentContext() with args: ["16b3dbbe-df97-44a4-9c86-a4c3f5d63c85"]
[debug] &amp#27;[35m[W3C (16b3dbbe)]&amp#27;[39m Responding to client with driver.getCurrentContext() result: "NATIVE_APP"
&amp#27;[35m[HTTP]&amp#27;[39m &amp#27;[37m<-- GET /wd/hub/session/16b3dbbe-df97-44a4-9c86-a4c3f5d63c85/context &amp#27;[39m&amp#27;[32m200&amp#27;[39m &amp#27;[90m1 ms - 22&amp#27;[39m
&amp#27;[35m[HTTP]&amp#27;[39m &amp#27;[90m&amp#27;[39m
&amp#27;[35m[HTTP]&amp#27;[39m &amp#27;[37m-->&amp#27;[39m &amp#27;[37mPOST&amp#27;[39m &amp#27;[37m/wd/hub/session/16b3dbbe-df97-44a4-9c86-a4c3f5d63c85/element&amp#27;[39m
&amp#27;[35m[HTTP]&amp#27;[39m &amp#27;[90m{"using":"xpath","value":"//android.widget.Button[@text='Remove']"}&amp#27;[39m
[debug] &amp#27;[35m[W3C (16b3dbbe)]&amp#27;[39m Calling AppiumDriver.findElement() with args: ["xpath","//android.widget.Button[@text='Remove']","16b3dbbe-df97-44a4-9c86-a4c3f5d63c85"]
[debug] &amp#27;[35m[BaseDriver]&amp#27;[39m Valid locator strategies for this request: xpath, id, class name, accessibility id, css selector, -android uiautomator
[debug] &amp#27;[35m[BaseDriver]&amp#27;[39m Waiting up to 10000 ms for condition
[debug] &amp#27;[35m[WD Proxy]&amp#27;[39m Matched '/element' to command name 'findElement'
[debug] &amp#27;[35m[WD Proxy]&amp#27;[39m Proxying [POST /element] to [POST http://127.0.0.1:8201/wd/hub/session/1a942fc2-6d85-4888-a85b-0042439c6f52/element] with body: {"strategy":"xpath","selector":"//android.widget.Button[@text='Remove']","context":"","multiple":false}
[debug] &amp#27;[35m[WD Proxy]&amp#27;[39m Got response with status 200: {"sessionId":"1a942fc2-6d85-4888-a85b-0042439c6f52","value":{"ELEMENT":"f86971cc-05d6-4586-9b08-27cf8ffa0dd1","element-6066-11e4-a52e-4f735466cecf":"f86971cc-05d6-4586-9b08-27cf8ffa0dd1"}}
[debug] &amp#27;[35m[W3C (16b3dbbe)]&amp#27;[39m Responding to client with driver.findElement() result: {"element-6066-11e4-a52e-4f735466cecf":"f86971cc-05d6-4586-9b08-27cf8ffa0dd1","ELEMENT":"f86971cc-05d6-4586-9b08-27cf8ffa0dd1"}
&amp#27;[35m[HTTP]&amp#27;[39m &amp#27;[37m<-- POST /wd/hub/session/16b3dbbe-df97-44a4-9c86-a4c3f5d63c85/element &amp#27;[39m&amp#27;[32m200&amp#27;[39m &amp#27;[90m100 ms - 137&amp#27;[39m
&amp#27;[35m[HTTP]&amp#27;[39m &amp#27;[90m&amp#27;[39m
&amp#27;[35m[HTTP]&amp#27;[39m &amp#27;[37m-->&amp#27;[39m &amp#27;[37mPOST&amp#27;[39m &amp#27;[37m/wd/hub/session/16b3dbbe-df97-44a4-9c86-a4c3f5d63c85/element/f86971cc-05d6-4586-9b08-27cf8ffa0dd1/click&amp#27;[39m
&amp#27;[35m[HTTP]&amp#27;[39m &amp#27;[90m{"id":"f86971cc-05d6-4586-9b08-27cf8ffa0dd1"}&amp#27;[39m
[debug] &amp#27;[35m[W3C (16b3dbbe)]&amp#27;[39m Calling AppiumDriver.click() with args: ["f86971cc-05d6-4586-9b08-27cf8ffa0dd1","16b3dbbe-df97-44a4-9c86-a4c3f5d63c85"]
[debug] &amp#27;[35m[WD Proxy]&amp#27;[39m Matched '/element/f86971cc-05d6-4586-9b08-27cf8ffa0dd1/click' to command name 'click'
[debug] &amp#27;[35m[WD Proxy]&amp#27;[39m Proxying [POST /element/f86971cc-05d6-4586-9b08-27cf8ffa0dd1/click] to [POST http://127.0.0.1:8201/wd/hub/session/1a942fc2-6d85-4888-a85b-0042439c6f52/element/f86971cc-05d6-4586-9b08-27cf8ffa0dd1/click] with body: {"element":"f86971cc-05d6-4586-9b08-27cf8ffa0dd1"}
[debug] &amp#27;[35m[WD Proxy]&amp#27;[39m Got response with status 200: {"sessionId":"1a942fc2-6d85-4888-a85b-0042439c6f52","value":null}
[debug] &amp#27;[35m[W3C (16b3dbbe)]&amp#27;[39m Responding to client with driver.click() result: null
&amp#27;[35m[HTTP]&amp#27;[39m &amp#27;[37m<-- POST /wd/hub/session/16b3dbbe-df97-44a4-9c86-a4c3f5d63c85/element/f86971cc-05d6-4586-9b08-27cf8ffa0dd1/click &amp#27;[39m&amp#27;[32m200&amp#27;[39m &amp#27;[90m70 ms - 14&amp#27;[39m
&amp#27;[35m[HTTP]&amp#27;[39m &amp#27;[90m&amp#27;[39m
&amp#27;[35m[HTTP]&amp#27;[39m &amp#27;[37m-->&amp#27;[39m &amp#27;[37mGET&amp#27;[39m &amp#27;[37m/wd/hub/session/16b3dbbe-df97-44a4-9c86-a4c3f5d63c85/context&amp#27;[39m
&amp#27;[35m[HTTP]&amp#27;[39m &amp#27;[90m{}&amp#27;[39m
[debug] &amp#27;[35m[W3C (16b3dbbe)]&amp#27;[39m Calling AppiumDriver.getCurrentContext() with args: ["16b3dbbe-df97-44a4-9c86-a4c3f5d63c85"]
[debug] &amp#27;[35m[W3C (16b3dbbe)]&amp#27;[39m Responding to client with driver.getCurrentContext() result: "NATIVE_APP"
&amp#27;[35m[HTTP]&amp#27;[39m &amp#27;[37m<-- GET /wd/hub/session/16b3dbbe-df97-44a4-9c86-a4c3f5d63c85/context &amp#27;[39m&amp#27;[32m200&amp#27;[39m &amp#27;[90m2 ms - 22&amp#27;[39m
&amp#27;[35m[HTTP]&amp#27;[39m &amp#27;[90m&amp#27;[39m
&amp#27;[35m[HTTP]&amp#27;[39m &amp#27;[37m-->&amp#27;[39m &amp#27;[37mPOST&amp#27;[39m &amp#27;[37m/wd/hub/session/16b3dbbe-df97-44a4-9c86-a4c3f5d63c85/elements&amp#27;[39m
&amp#27;[35m[HTTP]&amp#27;[39m &amp#27;[90m{"using":"class name","value":"android.widget.Image"}&amp#27;[39m
[debug] &amp#27;[35m[W3C (16b3dbbe)]&amp#27;[39m Calling AppiumDriver.findElements() with args: ["class name","android.widget.Image","16b3dbbe-df97-44a4-9c86-a4c3f5d63c85"]
[debug] &amp#27;[35m[BaseDriver]&amp#27;[39m Valid locator strategies for this request: xpath, id, class name, accessibility id, css selector, -android uiautomator
[debug] &amp#27;[35m[BaseDriver]&amp#27;[39m Waiting up to 10000 ms for condition
[debug] &amp#27;[35m[WD Proxy]&amp#27;[39m Matched '/elements' to command name 'findElements'
[debug] &amp#27;[35m[WD Proxy]&amp#27;[39m Proxying [POST /elements] to [POST http://127.0.0.1:8201/wd/hub/session/1a942fc2-6d85-4888-a85b-0042439c6f52/elements] with body: {"strategy":"class name","selector":"android.widget.Image","context":"","multiple":true}
[debug] &amp#27;[35m[WD Proxy]&amp#27;[39m Got response with status 200: {"sessionId":"1a942fc2-6d85-4888-a85b-0042439c6f52","value":[{"ELEMENT":"7c8ccc33-dbf3-46a6-b1cb-7c5d580d317f","element-6066-11e4-a52e-4f735466cecf":"7c8ccc33-dbf3-46a6-b1cb-7c5d580d317f"},{"ELEMENT":"6e641062-e781-482e-84eb-cd5715fb7882","element-6066-11e4-a52e-4f735466cecf":"6e641062-e781-482e-84eb-cd5715fb7882"},{"ELEMENT":"04852a50-149f-4d6d-96c8-01fa6292784d","element-6066-11e4-a52e-4f735466cecf":"04852a50-149f-4d6d-96c8-01fa6292784d"},{"ELEMENT":"bc7c2374-6586-4ca0-aa22-752ab2cbda59","element-6066-11e4-a52e-4f735466cecf":"bc7c2374-6586-4ca0-aa22-752ab2cbda59"},{"ELEMENT":"308fa5ad-74fc-4350-a918-136d71846977","element-6066-11e4-a52e-4f735466cecf":"308fa5ad-74fc-4350-a918-136d71846977"},{"ELEMENT":"e093dafe-c0b8-4708-aa92-6558652ec615","element-6066-11e4-a52e-4f735466cecf":"e093dafe-c0b8-4708-aa92-6558652ec615"},{"ELEMENT":"ff4456ff-b5fe-4eb1-b103-a7feedcb8824","element-6066-11e4-a52e-4f735466cecf":"ff4456ff-b5fe-4eb1-b103-a7feedcb8824"},{"ELEMENT":"9463e58e-4b3c-42e6-a418-ccd5438cff37","element-6066-...
[debug] &amp#27;[35m[W3C (16b3dbbe)]&amp#27;[39m Responding to client with driver.findElements() result: [{"element-6066-11e4-a52e-4f735466cecf":"7c8ccc33-dbf3-46a6-b1cb-7c5d580d317f","ELEMENT":"7c8ccc33-dbf3-46a6-b1cb-7c5d580d317f"},{"element-6066-11e4-a52e-4f735466cecf":"6e641062-e781-482e-84eb-cd5715fb7882","ELEMENT":"6e641062-e781-482e-84eb-cd5715fb7882"},{"element-6066-11e4-a52e-4f735466cecf":"04852a50-149f-4d6d-96c8-01fa6292784d","ELEMENT":"04852a50-149f-4d6d-96c8-01fa6292784d"},{"element-6066-11e4-a52e-4f735466cecf":"bc7c2374-6586-4ca0-aa22-752ab2cbda59","ELEMENT":"bc7c2374-6586-4ca0-aa22-752ab2cbda59"},{"element-6066-11e4-a52e-4f735466cecf":"308fa5ad-74fc-4350-a918-136d71846977","ELEMENT":"308fa5ad-74fc-4350-a918-136d71846977"},{"element-6066-11e4-a52e-4f735466cecf":"e093dafe-c0b8-4708-aa92-6558652ec615","ELEMENT":"e093dafe-c0b8-4708-aa92-6558652ec615"},{"element-6066-11e4-a52e-4f735466cecf":"ff4456ff-b5fe-4eb1-b103-a7feedcb8824","ELEMENT":"ff4456ff-b5fe-4eb1-b103-a7feedcb8824"},{"element-6066-11e4-a52e-4f735466cecf":"9463e58e-4b3c-42e6-a418-ccd5438cff37","ELEMENT":"9463e58e-4b3c-42e6-a418-ccd5438cff3...
&amp#27;[35m[HTTP]&amp#27;[39m &amp#27;[37m<-- POST /wd/hub/session/16b3dbbe-df97-44a4-9c86-a4c3f5d63c85/elements &amp#27;[39m&amp#27;[32m200&amp#27;[39m &amp#27;[90m56 ms - 1291&amp#27;[39m
&amp#27;[35m[HTTP]&amp#27;[39m &amp#27;[90m&amp#27;[39m
13
&amp#27;[35m[HTTP]&amp#27;[39m &amp#27;[37m-->&amp#27;[39m &amp#27;[37mGET&amp#27;[39m &amp#27;[37m/wd/hub/session/16b3dbbe-df97-44a4-9c86-a4c3f5d63c85/context&amp#27;[39m
&amp#27;[35m[HTTP]&amp#27;[39m &amp#27;[90m{}&amp#27;[39m
[debug] &amp#27;[35m[W3C (16b3dbbe)]&amp#27;[39m Calling AppiumDriver.getCurrentContext() with args: ["16b3dbbe-df97-44a4-9c86-a4c3f5d63c85"]
[debug] &amp#27;[35m[W3C (16b3dbbe)]&amp#27;[39m Responding to client with driver.getCurrentContext() result: "NATIVE_APP"
&amp#27;[35m[HTTP]&amp#27;[39m &amp#27;[37m<-- GET /wd/hub/session/16b3dbbe-df97-44a4-9c86-a4c3f5d63c85/context &amp#27;[39m&amp#27;[32m200&amp#27;[39m &amp#27;[90m1 ms - 22&amp#27;[39m
&amp#27;[35m[HTTP]&amp#27;[39m &amp#27;[90m&amp#27;[39m
&amp#27;[35m[HTTP]&amp#27;[39m &amp#27;[37m-->&amp#27;[39m &amp#27;[37mPOST&amp#27;[39m &amp#27;[37m/wd/hub/session/16b3dbbe-df97-44a4-9c86-a4c3f5d63c85/element&amp#27;[39m
&amp#27;[35m[HTTP]&amp#27;[39m &amp#27;[90m{"using":"xpath","value":"//android.view.View[@text='Account Remove Successfully']"}&amp#27;[39m
[debug] &amp#27;[35m[W3C (16b3dbbe)]&amp#27;[39m Calling AppiumDriver.findElement() with args: ["xpath","//android.view.View[@text='Account Remove Successfully']","16b3dbbe-df97-44a4-9c86-a4c3f5d63c85"]
[debug] &amp#27;[35m[BaseDriver]&amp#27;[39m Valid locator strategies for this request: xpath, id, class name, accessibility id, css selector, -android uiautomator
[debug] &amp#27;[35m[BaseDriver]&amp#27;[39m Waiting up to 10000 ms for condition
[debug] &amp#27;[35m[WD Proxy]&amp#27;[39m Matched '/element' to command name 'findElement'
[debug] &amp#27;[35m[WD Proxy]&amp#27;[39m Proxying [POST /element] to [POST http://127.0.0.1:8201/wd/hub/session/1a942fc2-6d85-4888-a85b-0042439c6f52/element] with body: {"strategy":"xpath","selector":"//android.view.View[@text='Account Remove Successfully']","context":"","multiple":false}
[debug] &amp#27;[35m[WD Proxy]&amp#27;[39m Got response with status 200: {"sessionId":"1a942fc2-6d85-4888-a85b-0042439c6f52","value":{"ELEMENT":"00b4209f-3cfc-4d3e-94a3-6a5262cf2122","element-6066-11e4-a52e-4f735466cecf":"00b4209f-3cfc-4d3e-94a3-6a5262cf2122"}}
[debug] &amp#27;[35m[W3C (16b3dbbe)]&amp#27;[39m Responding to client with driver.findElement() result: {"element-6066-11e4-a52e-4f735466cecf":"00b4209f-3cfc-4d3e-94a3-6a5262cf2122","ELEMENT":"00b4209f-3cfc-4d3e-94a3-6a5262cf2122"}
&amp#27;[35m[HTTP]&amp#27;[39m &amp#27;[37m<-- POST /wd/hub/session/16b3dbbe-df97-44a4-9c86-a4c3f5d63c85/element &amp#27;[39m&amp#27;[32m200&amp#27;[39m &amp#27;[90m111 ms - 137&amp#27;[39m
&amp#27;[35m[HTTP]&amp#27;[39m &amp#27;[90m&amp#27;[39m
&amp#27;[35m[HTTP]&amp#27;[39m &amp#27;[37m-->&amp#27;[39m &amp#27;[37mGET&amp#27;[39m &amp#27;[37m/wd/hub/session/16b3dbbe-df97-44a4-9c86-a4c3f5d63c85/element/00b4209f-3cfc-4d3e-94a3-6a5262cf2122/text&amp#27;[39m
&amp#27;[35m[HTTP]&amp#27;[39m &amp#27;[90m{}&amp#27;[39m
&amp#27;[35m[W3C (16b3dbbe)]&amp#27;[39m Driver proxy active, passing request on via HTTP proxy
[debug] &amp#27;[35m[WD Proxy]&amp#27;[39m Matched '/wd/hub/session/16b3dbbe-df97-44a4-9c86-a4c3f5d63c85/element/00b4209f-3cfc-4d3e-94a3-6a5262cf2122/text' to command name 'getText'
[debug] &amp#27;[35m[WD Proxy]&amp#27;[39m Proxying [GET /wd/hub/session/16b3dbbe-df97-44a4-9c86-a4c3f5d63c85/element/00b4209f-3cfc-4d3e-94a3-6a5262cf2122/text] to [GET http://127.0.0.1:8201/wd/hub/session/1a942fc2-6d85-4888-a85b-0042439c6f52/element/00b4209f-3cfc-4d3e-94a3-6a5262cf2122/text] with no body
[debug] &amp#27;[35m[WD Proxy]&amp#27;[39m Got response with status 200: {"sessionId":"1a942fc2-6d85-4888-a85b-0042439c6f52","value":"Account Remove Successfully"}
&amp#27;[35m[WD Proxy]&amp#27;[39m Replacing sessionId 1a942fc2-6d85-4888-a85b-0042439c6f52 with 16b3dbbe-df97-44a4-9c86-a4c3f5d63c85
&amp#27;[35m[HTTP]&amp#27;[39m &amp#27;[37m<-- GET /wd/hub/session/16b3dbbe-df97-44a4-9c86-a4c3f5d63c85/element/00b4209f-3cfc-4d3e-94a3-6a5262cf2122/text &amp#27;[39m&amp#27;[32m200&amp#27;[39m &amp#27;[90m22 ms - 90&amp#27;[39m
&amp#27;[35m[HTTP]&amp#27;[39m &amp#27;[90m&amp#27;[39m
Account Removed Succesfully
&amp#27;[35m[HTTP]&amp#27;[39m &amp#27;[37m-->&amp#27;[39m &amp#27;[37mGET&amp#27;[39m &amp#27;[37m/wd/hub/session/16b3dbbe-df97-44a4-9c86-a4c3f5d63c85/context&amp#27;[39m
&amp#27;[35m[HTTP]&amp#27;[39m &amp#27;[90m{}&amp#27;[39m
[debug] &amp#27;[35m[W3C (16b3dbbe)]&amp#27;[39m Calling AppiumDriver.getCurrentContext() with args: ["16b3dbbe-df97-44a4-9c86-a4c3f5d63c85"]
[debug] &amp#27;[35m[W3C (16b3dbbe)]&amp#27;[39m Responding to client with driver.getCurrentContext() result: "NATIVE_APP"
&amp#27;[35m[HTTP]&amp#27;[39m &amp#27;[37m<-- GET /wd/hub/session/16b3dbbe-df97-44a4-9c86-a4c3f5d63c85/context &amp#27;[39m&amp#27;[32m200&amp#27;[39m &amp#27;[90m1 ms - 22&amp#27;[39m
&amp#27;[35m[HTTP]&amp#27;[39m &amp#27;[90m&amp#27;[39m
&amp#27;[35m[HTTP]&amp#27;[39m &amp#27;[37m-->&amp#27;[39m &amp#27;[37mPOST&amp#27;[39m &amp#27;[37m/wd/hub/session/16b3dbbe-df97-44a4-9c86-a4c3f5d63c85/elements&amp#27;[39m
&amp#27;[35m[HTTP]&amp#27;[39m &amp#27;[90m{"using":"class name","value":"android.widget.Image"}&amp#27;[39m
[debug] &amp#27;[35m[W3C (16b3dbbe)]&amp#27;[39m Calling AppiumDriver.findElements() with args: ["class name","android.widget.Image","16b3dbbe-df97-44a4-9c86-a4c3f5d63c85"]
[debug] &amp#27;[35m[BaseDriver]&amp#27;[39m Valid locator strategies for this request: xpath, id, class name, accessibility id, css selector, -android uiautomator
[debug] &amp#27;[35m[BaseDriver]&amp#27;[39m Waiting up to 10000 ms for condition
[debug] &amp#27;[35m[WD Proxy]&amp#27;[39m Matched '/elements' to command name 'findElements'
[debug] &amp#27;[35m[WD Proxy]&amp#27;[39m Proxying [POST /elements] to [POST http://127.0.0.1:8201/wd/hub/session/1a942fc2-6d85-4888-a85b-0042439c6f52/elements] with body: {"strategy":"class name","selector":"android.widget.Image","context":"","multiple":true}
[debug] &amp#27;[35m[WD Proxy]&amp#27;[39m Got response with status 200: {"sessionId":"1a942fc2-6d85-4888-a85b-0042439c6f52","value":[{"ELEMENT":"feff78a8-f222-4c4b-8ea0-c82c4cb00b68","element-6066-11e4-a52e-4f735466cecf":"feff78a8-f222-4c4b-8ea0-c82c4cb00b68"},{"ELEMENT":"86708942-6fcf-4c7f-a6d3-daa6052938f5","element-6066-11e4-a52e-4f735466cecf":"86708942-6fcf-4c7f-a6d3-daa6052938f5"},{"ELEMENT":"9efa57ad-22cd-4408-8508-82bff19d41fa","element-6066-11e4-a52e-4f735466cecf":"9efa57ad-22cd-4408-8508-82bff19d41fa"},{"ELEMENT":"7c35ffb5-ce02-47e0-9d98-5c28e452dee8","element-6066-11e4-a52e-4f735466cecf":"7c35ffb5-ce02-47e0-9d98-5c28e452dee8"},{"ELEMENT":"e7b66fd6-da74-4da1-a2df-d001650bf280","element-6066-11e4-a52e-4f735466cecf":"e7b66fd6-da74-4da1-a2df-d001650bf280"},{"ELEMENT":"2fd75ca4-8b72-4196-9f37-eabf2ad42365","element-6066-11e4-a52e-4f735466cecf":"2fd75ca4-8b72-4196-9f37-eabf2ad42365"},{"ELEMENT":"f78bb229-1653-4cef-aa4d-d3bd367effde","element-6066-11e4-a52e-4f735466cecf":"f78bb229-1653-4cef-aa4d-d3bd367effde"},{"ELEMENT":"55986174-7a64-483d-a3ab-126e22ca0eaf","element-6066-...
[debug] &amp#27;[35m[W3C (16b3dbbe)]&amp#27;[39m Responding to client with driver.findElements() result: [{"element-6066-11e4-a52e-4f735466cecf":"feff78a8-f222-4c4b-8ea0-c82c4cb00b68","ELEMENT":"feff78a8-f222-4c4b-8ea0-c82c4cb00b68"},{"element-6066-11e4-a52e-4f735466cecf":"86708942-6fcf-4c7f-a6d3-daa6052938f5","ELEMENT":"86708942-6fcf-4c7f-a6d3-daa6052938f5"},{"element-6066-11e4-a52e-4f735466cecf":"9efa57ad-22cd-4408-8508-82bff19d41fa","ELEMENT":"9efa57ad-22cd-4408-8508-82bff19d41fa"},{"element-6066-11e4-a52e-4f735466cecf":"7c35ffb5-ce02-47e0-9d98-5c28e452dee8","ELEMENT":"7c35ffb5-ce02-47e0-9d98-5c28e452dee8"},{"element-6066-11e4-a52e-4f735466cecf":"e7b66fd6-da74-4da1-a2df-d001650bf280","ELEMENT":"e7b66fd6-da74-4da1-a2df-d001650bf280"},{"element-6066-11e4-a52e-4f735466cecf":"2fd75ca4-8b72-4196-9f37-eabf2ad42365","ELEMENT":"2fd75ca4-8b72-4196-9f37-eabf2ad42365"},{"element-6066-11e4-a52e-4f735466cecf":"f78bb229-1653-4cef-aa4d-d3bd367effde","ELEMENT":"f78bb229-1653-4cef-aa4d-d3bd367effde"},{"element-6066-11e4-a52e-4f735466cecf":"55986174-7a64-483d-a3ab-126e22ca0eaf","ELEMENT":"55986174-7a64-483d-a3ab-126e22ca0ea...
&amp#27;[35m[HTTP]&amp#27;[39m &amp#27;[37m<-- POST /wd/hub/session/16b3dbbe-df97-44a4-9c86-a4c3f5d63c85/elements &amp#27;[39m&amp#27;[32m200&amp#27;[39m &amp#27;[90m69 ms - 1291&amp#27;[39m
&amp#27;[35m[HTTP]&amp#27;[39m &amp#27;[90m&amp#27;[39m
&amp#27;[35m[HTTP]&amp#27;[39m &amp#27;[37m-->&amp#27;[39m &amp#27;[37mPOST&amp#27;[39m &amp#27;[37m/wd/hub/session/16b3dbbe-df97-44a4-9c86-a4c3f5d63c85/element/60d35c49-180a-48f0-baa1-8c3189e7ae0e/click&amp#27;[39m
&amp#27;[35m[HTTP]&amp#27;[39m &amp#27;[90m{"id":"60d35c49-180a-48f0-baa1-8c3189e7ae0e"}&amp#27;[39m
[debug] &amp#27;[35m[W3C (16b3dbbe)]&amp#27;[39m Calling AppiumDriver.click() with args: ["60d35c49-180a-48f0-baa1-8c3189e7ae0e","16b3dbbe-df97-44a4-9c86-a4c3f5d63c85"]
[debug] &amp#27;[35m[WD Proxy]&amp#27;[39m Matched '/element/60d35c49-180a-48f0-baa1-8c3189e7ae0e/click' to command name 'click'
[debug] &amp#27;[35m[WD Proxy]&amp#27;[39m Proxying [POST /element/60d35c49-180a-48f0-baa1-8c3189e7ae0e/click] to [POST http://127.0.0.1:8201/wd/hub/session/1a942fc2-6d85-4888-a85b-0042439c6f52/element/60d35c49-180a-48f0-baa1-8c3189e7ae0e/click] with body: {"element":"60d35c49-180a-48f0-baa1-8c3189e7ae0e"}
[debug] &amp#27;[35m[WD Proxy]&amp#27;[39m Got response with status 200: {"sessionId":"1a942fc2-6d85-4888-a85b-0042439c6f52","value":null}
[debug] &amp#27;[35m[W3C (16b3dbbe)]&amp#27;[39m Responding to client with driver.click() result: null
&amp#27;[35m[HTTP]&amp#27;[39m &amp#27;[37m<-- POST /wd/hub/session/16b3dbbe-df97-44a4-9c86-a4c3f5d63c85/element/60d35c49-180a-48f0-baa1-8c3189e7ae0e/click &amp#27;[39m&amp#27;[32m200&amp#27;[39m &amp#27;[90m85 ms - 14&amp#27;[39m
&amp#27;[35m[HTTP]&amp#27;[39m &amp#27;[90m&amp#27;[39m
&amp#27;[35m[HTTP]&amp#27;[39m &amp#27;[37m-->&amp#27;[39m &amp#27;[37mGET&amp#27;[39m &amp#27;[37m/wd/hub/session/16b3dbbe-df97-44a4-9c86-a4c3f5d63c85/context&amp#27;[39m
&amp#27;[35m[HTTP]&amp#27;[39m &amp#27;[90m{}&amp#27;[39m
[debug] &amp#27;[35m[W3C (16b3dbbe)]&amp#27;[39m Calling AppiumDriver.getCurrentContext() with args: ["16b3dbbe-df97-44a4-9c86-a4c3f5d63c85"]
[debug] &amp#27;[35m[W3C (16b3dbbe)]&amp#27;[39m Responding to client with driver.getCurrentContext() result: "NATIVE_APP"
&amp#27;[35m[HTTP]&amp#27;[39m &amp#27;[37m<-- GET /wd/hub/session/16b3dbbe-df97-44a4-9c86-a4c3f5d63c85/context &amp#27;[39m&amp#27;[32m200&amp#27;[39m &amp#27;[90m2 ms - 22&amp#27;[39m
&amp#27;[35m[HTTP]&amp#27;[39m &amp#27;[90m&amp#27;[39m
&amp#27;[35m[HTTP]&amp#27;[39m &amp#27;[37m-->&amp#27;[39m &amp#27;[37mPOST&amp#27;[39m &amp#27;[37m/wd/hub/session/16b3dbbe-df97-44a4-9c86-a4c3f5d63c85/elements&amp#27;[39m
&amp#27;[35m[HTTP]&amp#27;[39m &amp#27;[90m{"using":"class name","value":"android.widget.Image"}&amp#27;[39m
[debug] &amp#27;[35m[W3C (16b3dbbe)]&amp#27;[39m Calling AppiumDriver.findElements() with args: ["class name","android.widget.Image","16b3dbbe-df97-44a4-9c86-a4c3f5d63c85"]
[debug] &amp#27;[35m[BaseDriver]&amp#27;[39m Valid locator strategies for this request: xpath, id, class name, accessibility id, css selector, -android uiautomator
[debug] &amp#27;[35m[BaseDriver]&amp#27;[39m Waiting up to 10000 ms for condition
[debug] &amp#27;[35m[WD Proxy]&amp#27;[39m Matched '/elements' to command name 'findElements'
[debug] &amp#27;[35m[WD Proxy]&amp#27;[39m Proxying [POST /elements] to [POST http://127.0.0.1:8201/wd/hub/session/1a942fc2-6d85-4888-a85b-0042439c6f52/elements] with body: {"strategy":"class name","selector":"android.widget.Image","context":"","multiple":true}
[debug] &amp#27;[35m[WD Proxy]&amp#27;[39m Got response with status 200: {"sessionId":"1a942fc2-6d85-4888-a85b-0042439c6f52","value":[{"ELEMENT":"a73e4f44-13dd-49aa-8ff3-d6484aa1cc05","element-6066-11e4-a52e-4f735466cecf":"a73e4f44-13dd-49aa-8ff3-d6484aa1cc05"},{"ELEMENT":"f0f16ef7-2653-46da-b2a6-0af612d1e50c","element-6066-11e4-a52e-4f735466cecf":"f0f16ef7-2653-46da-b2a6-0af612d1e50c"},{"ELEMENT":"06293080-ce1c-461f-9bea-3e8aeedd9b95","element-6066-11e4-a52e-4f735466cecf":"06293080-ce1c-461f-9bea-3e8aeedd9b95"},{"ELEMENT":"12f00aca-38ff-42f7-af37-5da07e98363d","element-6066-11e4-a52e-4f735466cecf":"12f00aca-38ff-42f7-af37-5da07e98363d"},{"ELEMENT":"cce69337-75c4-4439-a235-ebab3251b94b","element-6066-11e4-a52e-4f735466cecf":"cce69337-75c4-4439-a235-ebab3251b94b"},{"ELEMENT":"3296b094-d565-4a4d-96cf-99539e80967b","element-6066-11e4-a52e-4f735466cecf":"3296b094-d565-4a4d-96cf-99539e80967b"},{"ELEMENT":"c356dbc9-80e5-461c-af46-0ede6e6911bc","element-6066-11e4-a52e-4f735466cecf":"c356dbc9-80e5-461c-af46-0ede6e6911bc"},{"ELEMENT":"c4966a8b-aa6f-461b-9674-f6e50d27e2f6","element-6066-...
[debug] &amp#27;[35m[W3C (16b3dbbe)]&amp#27;[39m Responding to client with driver.findElements() result: [{"element-6066-11e4-a52e-4f735466cecf":"a73e4f44-13dd-49aa-8ff3-d6484aa1cc05","ELEMENT":"a73e4f44-13dd-49aa-8ff3-d6484aa1cc05"},{"element-6066-11e4-a52e-4f735466cecf":"f0f16ef7-2653-46da-b2a6-0af612d1e50c","ELEMENT":"f0f16ef7-2653-46da-b2a6-0af612d1e50c"},{"element-6066-11e4-a52e-4f735466cecf":"06293080-ce1c-461f-9bea-3e8aeedd9b95","ELEMENT":"06293080-ce1c-461f-9bea-3e8aeedd9b95"},{"element-6066-11e4-a52e-4f735466cecf":"12f00aca-38ff-42f7-af37-5da07e98363d","ELEMENT":"12f00aca-38ff-42f7-af37-5da07e98363d"},{"element-6066-11e4-a52e-4f735466cecf":"cce69337-75c4-4439-a235-ebab3251b94b","ELEMENT":"cce69337-75c4-4439-a235-ebab3251b94b"},{"element-6066-11e4-a52e-4f735466cecf":"3296b094-d565-4a4d-96cf-99539e80967b","ELEMENT":"3296b094-d565-4a4d-96cf-99539e80967b"},{"element-6066-11e4-a52e-4f735466cecf":"c356dbc9-80e5-461c-af46-0ede6e6911bc","ELEMENT":"c356dbc9-80e5-461c-af46-0ede6e6911bc"},{"element-6066-11e4-a52e-4f735466cecf":"c4966a8b-aa6f-461b-9674-f6e50d27e2f6","ELEMENT":"c4966a8b-aa6f-461b-9674-f6e50d27e2f...
&amp#27;[35m[HTTP]&amp#27;[39m &amp#27;[37m<-- POST /wd/hub/session/16b3dbbe-df97-44a4-9c86-a4c3f5d63c85/elements &amp#27;[39m&amp#27;[32m200&amp#27;[39m &amp#27;[90m131 ms - 1163&amp#27;[39m
&amp#27;[35m[HTTP]&amp#27;[39m &amp#27;[90m&amp#27;[39m
&amp#27;[35m[HTTP]&amp#27;[39m &amp#27;[37m-->&amp#27;[39m &amp#27;[37mPOST&amp#27;[39m &amp#27;[37m/wd/hub/session/16b3dbbe-df97-44a4-9c86-a4c3f5d63c85/element/12f00aca-38ff-42f7-af37-5da07e98363d/click&amp#27;[39m
&amp#27;[35m[HTTP]&amp#27;[39m &amp#27;[90m{"id":"12f00aca-38ff-42f7-af37-5da07e98363d"}&amp#27;[39m
[debug] &amp#27;[35m[W3C (16b3dbbe)]&amp#27;[39m Calling AppiumDriver.click() with args: ["12f00aca-38ff-42f7-af37-5da07e98363d","16b3dbbe-df97-44a4-9c86-a4c3f5d63c85"]
[debug] &amp#27;[35m[WD Proxy]&amp#27;[39m Matched '/element/12f00aca-38ff-42f7-af37-5da07e98363d/click' to command name 'click'
[debug] &amp#27;[35m[WD Proxy]&amp#27;[39m Proxying [POST /element/12f00aca-38ff-42f7-af37-5da07e98363d/click] to [POST http://127.0.0.1:8201/wd/hub/session/1a942fc2-6d85-4888-a85b-0042439c6f52/element/12f00aca-38ff-42f7-af37-5da07e98363d/click] with body: {"element":"12f00aca-38ff-42f7-af37-5da07e98363d"}
[debug] &amp#27;[35m[WD Proxy]&amp#27;[39m Got response with status 200: {"sessionId":"1a942fc2-6d85-4888-a85b-0042439c6f52","value":null}
[debug] &amp#27;[35m[W3C (16b3dbbe)]&amp#27;[39m Responding to client with driver.click() result: null
&amp#27;[35m[HTTP]&amp#27;[39m &amp#27;[37m<-- POST /wd/hub/session/16b3dbbe-df97-44a4-9c86-a4c3f5d63c85/element/12f00aca-38ff-42f7-af37-5da07e98363d/click &amp#27;[39m&amp#27;[32m200&amp#27;[39m &amp#27;[90m421 ms - 14&amp#27;[39m
&amp#27;[35m[HTTP]&amp#27;[39m &amp#27;[90m&amp#27;[39m
&amp#27;[35m[HTTP]&amp#27;[39m &amp#27;[37m-->&amp#27;[39m &amp#27;[37mGET&amp#27;[39m &amp#27;[37m/wd/hub/session/16b3dbbe-df97-44a4-9c86-a4c3f5d63c85/context&amp#27;[39m
&amp#27;[35m[HTTP]&amp#27;[39m &amp#27;[90m{}&amp#27;[39m
[debug] &amp#27;[35m[W3C (16b3dbbe)]&amp#27;[39m Calling AppiumDriver.getCurrentContext() with args: ["16b3dbbe-df97-44a4-9c86-a4c3f5d63c85"]
[debug] &amp#27;[35m[W3C (16b3dbbe)]&amp#27;[39m Responding to client with driver.getCurrentContext() result: "NATIVE_APP"
&amp#27;[35m[HTTP]&amp#27;[39m &amp#27;[37m<-- GET /wd/hub/session/16b3dbbe-df97-44a4-9c86-a4c3f5d63c85/context &amp#27;[39m&amp#27;[32m200&amp#27;[39m &amp#27;[90m3 ms - 22&amp#27;[39m
&amp#27;[35m[HTTP]&amp#27;[39m &amp#27;[90m&amp#27;[39m
&amp#27;[35m[HTTP]&amp#27;[39m &amp#27;[37m-->&amp#27;[39m &amp#27;[37mPOST&amp#27;[39m &amp#27;[37m/wd/hub/session/16b3dbbe-df97-44a4-9c86-a4c3f5d63c85/element&amp#27;[39m
&amp#27;[35m[HTTP]&amp#27;[39m &amp#27;[90m{"using":"xpath","value":"//android.view.View[@text='Remove Account']"}&amp#27;[39m
[debug] &amp#27;[35m[W3C (16b3dbbe)]&amp#27;[39m Calling AppiumDriver.findElement() with args: ["xpath","//android.view.View[@text='Remove Account']","16b3dbbe-df97-44a4-9c86-a4c3f5d63c85"]
[debug] &amp#27;[35m[BaseDriver]&amp#27;[39m Valid locator strategies for this request: xpath, id, class name, accessibility id, css selector, -android uiautomator
[debug] &amp#27;[35m[BaseDriver]&amp#27;[39m Waiting up to 10000 ms for condition
[debug] &amp#27;[35m[WD Proxy]&amp#27;[39m Matched '/element' to command name 'findElement'
[debug] &amp#27;[35m[WD Proxy]&amp#27;[39m Proxying [POST /element] to [POST http://127.0.0.1:8201/wd/hub/session/1a942fc2-6d85-4888-a85b-0042439c6f52/element] with body: {"strategy":"xpath","selector":"//android.view.View[@text='Remove Account']","context":"","multiple":false}
[debug] &amp#27;[35m[WD Proxy]&amp#27;[39m Got response with status 200: {"sessionId":"1a942fc2-6d85-4888-a85b-0042439c6f52","value":{"ELEMENT":"40521781-62b1-45ba-a024-3e953e000178","element-6066-11e4-a52e-4f735466cecf":"40521781-62b1-45ba-a024-3e953e000178"}}
[debug] &amp#27;[35m[W3C (16b3dbbe)]&amp#27;[39m Responding to client with driver.findElement() result: {"element-6066-11e4-a52e-4f735466cecf":"40521781-62b1-45ba-a024-3e953e000178","ELEMENT":"40521781-62b1-45ba-a024-3e953e000178"}
&amp#27;[35m[HTTP]&amp#27;[39m &amp#27;[37m<-- POST /wd/hub/session/16b3dbbe-df97-44a4-9c86-a4c3f5d63c85/element &amp#27;[39m&amp#27;[32m200&amp#27;[39m &amp#27;[90m95 ms - 137&amp#27;[39m
&amp#27;[35m[HTTP]&amp#27;[39m &amp#27;[90m&amp#27;[39m
&amp#27;[35m[HTTP]&amp#27;[39m &amp#27;[37m-->&amp#27;[39m &amp#27;[37mPOST&amp#27;[39m &amp#27;[37m/wd/hub/session/16b3dbbe-df97-44a4-9c86-a4c3f5d63c85/element/40521781-62b1-45ba-a024-3e953e000178/click&amp#27;[39m
&amp#27;[35m[HTTP]&amp#27;[39m &amp#27;[90m{"id":"40521781-62b1-45ba-a024-3e953e000178"}&amp#27;[39m
[debug] &amp#27;[35m[W3C (16b3dbbe)]&amp#27;[39m Calling AppiumDriver.click() with args: ["40521781-62b1-45ba-a024-3e953e000178","16b3dbbe-df97-44a4-9c86-a4c3f5d63c85"]
[debug] &amp#27;[35m[WD Proxy]&amp#27;[39m Matched '/element/40521781-62b1-45ba-a024-3e953e000178/click' to command name 'click'
[debug] &amp#27;[35m[WD Proxy]&amp#27;[39m Proxying [POST /element/40521781-62b1-45ba-a024-3e953e000178/click] to [POST http://127.0.0.1:8201/wd/hub/session/1a942fc2-6d85-4888-a85b-0042439c6f52/element/40521781-62b1-45ba-a024-3e953e000178/click] with body: {"element":"40521781-62b1-45ba-a024-3e953e000178"}
[debug] &amp#27;[35m[WD Proxy]&amp#27;[39m Got response with status 200: {"sessionId":"1a942fc2-6d85-4888-a85b-0042439c6f52","value":null}
[debug] &amp#27;[35m[W3C (16b3dbbe)]&amp#27;[39m Responding to client with driver.click() result: null
&amp#27;[35m[HTTP]&amp#27;[39m &amp#27;[37m<-- POST /wd/hub/session/16b3dbbe-df97-44a4-9c86-a4c3f5d63c85/element/40521781-62b1-45ba-a024-3e953e000178/click &amp#27;[39m&amp#27;[32m200&amp#27;[39m &amp#27;[90m1509 ms - 14&amp#27;[39m
&amp#27;[35m[HTTP]&amp#27;[39m &amp#27;[90m&amp#27;[39m
&amp#27;[35m[HTTP]&amp#27;[39m &amp#27;[37m-->&amp#27;[39m &amp#27;[37mGET&amp#27;[39m &amp#27;[37m/wd/hub/session/16b3dbbe-df97-44a4-9c86-a4c3f5d63c85/context&amp#27;[39m
&amp#27;[35m[HTTP]&amp#27;[39m &amp#27;[90m{}&amp#27;[39m
[debug] &amp#27;[35m[W3C (16b3dbbe)]&amp#27;[39m Calling AppiumDriver.getCurrentContext() with args: ["16b3dbbe-df97-44a4-9c86-a4c3f5d63c85"]
[debug] &amp#27;[35m[W3C (16b3dbbe)]&amp#27;[39m Responding to client with driver.getCurrentContext() result: "NATIVE_APP"
&amp#27;[35m[HTTP]&amp#27;[39m &amp#27;[37m<-- GET /wd/hub/session/16b3dbbe-df97-44a4-9c86-a4c3f5d63c85/context &amp#27;[39m&amp#27;[32m200&amp#27;[39m &amp#27;[90m1 ms - 22&amp#27;[39m
&amp#27;[35m[HTTP]&amp#27;[39m &amp#27;[90m&amp#27;[39m
&amp#27;[35m[HTTP]&amp#27;[39m &amp#27;[37m-->&amp#27;[39m &amp#27;[37mPOST&amp#27;[39m &amp#27;[37m/wd/hub/session/16b3dbbe-df97-44a4-9c86-a4c3f5d63c85/element&amp#27;[39m
&amp#27;[35m[HTTP]&amp#27;[39m &amp#27;[90m{"using":"xpath","value":"//android.widget.Button[@text='Remove']"}&amp#27;[39m
[debug] &amp#27;[35m[W3C (16b3dbbe)]&amp#27;[39m Calling AppiumDriver.findElement() with args: ["xpath","//android.widget.Button[@text='Remove']","16b3dbbe-df97-44a4-9c86-a4c3f5d63c85"]
[debug] &amp#27;[35m[BaseDriver]&amp#27;[39m Valid locator strategies for this request: xpath, id, class name, accessibility id, css selector, -android uiautomator
[debug] &amp#27;[35m[BaseDriver]&amp#27;[39m Waiting up to 10000 ms for condition
[debug] &amp#27;[35m[WD Proxy]&amp#27;[39m Matched '/element' to command name 'findElement'
[debug] &amp#27;[35m[WD Proxy]&amp#27;[39m Proxying [POST /element] to [POST http://127.0.0.1:8201/wd/hub/session/1a942fc2-6d85-4888-a85b-0042439c6f52/element] with body: {"strategy":"xpath","selector":"//android.widget.Button[@text='Remove']","context":"","multiple":false}
[debug] &amp#27;[35m[WD Proxy]&amp#27;[39m Got response with status 200: {"sessionId":"1a942fc2-6d85-4888-a85b-0042439c6f52","value":{"ELEMENT":"182263a0-4e8e-4d0f-b85a-a46766a9d069","element-6066-11e4-a52e-4f735466cecf":"182263a0-4e8e-4d0f-b85a-a46766a9d069"}}
[debug] &amp#27;[35m[W3C (16b3dbbe)]&amp#27;[39m Responding to client with driver.findElement() result: {"element-6066-11e4-a52e-4f735466cecf":"182263a0-4e8e-4d0f-b85a-a46766a9d069","ELEMENT":"182263a0-4e8e-4d0f-b85a-a46766a9d069"}
&amp#27;[35m[HTTP]&amp#27;[39m &amp#27;[37m<-- POST /wd/hub/session/16b3dbbe-df97-44a4-9c86-a4c3f5d63c85/element &amp#27;[39m&amp#27;[32m200&amp#27;[39m &amp#27;[90m74 ms - 137&amp#27;[39m
&amp#27;[35m[HTTP]&amp#27;[39m &amp#27;[90m&amp#27;[39m
&amp#27;[35m[HTTP]&amp#27;[39m &amp#27;[37m-->&amp#27;[39m &amp#27;[37mPOST&amp#27;[39m &amp#27;[37m/wd/hub/session/16b3dbbe-df97-44a4-9c86-a4c3f5d63c85/element/182263a0-4e8e-4d0f-b85a-a46766a9d069/click&amp#27;[39m
&amp#27;[35m[HTTP]&amp#27;[39m &amp#27;[90m{"id":"182263a0-4e8e-4d0f-b85a-a46766a9d069"}&amp#27;[39m
[debug] &amp#27;[35m[W3C (16b3dbbe)]&amp#27;[39m Calling AppiumDriver.click() with args: ["182263a0-4e8e-4d0f-b85a-a46766a9d069","16b3dbbe-df97-44a4-9c86-a4c3f5d63c85"]
[debug] &amp#27;[35m[WD Proxy]&amp#27;[39m Matched '/element/182263a0-4e8e-4d0f-b85a-a46766a9d069/click' to command name 'click'
[debug] &amp#27;[35m[WD Proxy]&amp#27;[39m Proxying [POST /element/182263a0-4e8e-4d0f-b85a-a46766a9d069/click] to [POST http://127.0.0.1:8201/wd/hub/session/1a942fc2-6d85-4888-a85b-0042439c6f52/element/182263a0-4e8e-4d0f-b85a-a46766a9d069/click] with body: {"element":"182263a0-4e8e-4d0f-b85a-a46766a9d069"}
[debug] &amp#27;[35m[WD Proxy]&amp#27;[39m Got response with status 200: {"sessionId":"1a942fc2-6d85-4888-a85b-0042439c6f52","value":null}
[debug] &amp#27;[35m[W3C (16b3dbbe)]&amp#27;[39m Responding to client with driver.click() result: null
&amp#27;[35m[HTTP]&amp#27;[39m &amp#27;[37m<-- POST /wd/hub/session/16b3dbbe-df97-44a4-9c86-a4c3f5d63c85/element/182263a0-4e8e-4d0f-b85a-a46766a9d069/click &amp#27;[39m&amp#27;[32m200&amp#27;[39m &amp#27;[90m96 ms - 14&amp#27;[39m
&amp#27;[35m[HTTP]&amp#27;[39m &amp#27;[90m&amp#27;[39m
&amp#27;[35m[HTTP]&amp#27;[39m &amp#27;[37m-->&amp#27;[39m &amp#27;[37mGET&amp#27;[39m &amp#27;[37m/wd/hub/session/16b3dbbe-df97-44a4-9c86-a4c3f5d63c85/context&amp#27;[39m
&amp#27;[35m[HTTP]&amp#27;[39m &amp#27;[90m{}&amp#27;[39m
[debug] &amp#27;[35m[W3C (16b3dbbe)]&amp#27;[39m Calling AppiumDriver.getCurrentContext() with args: ["16b3dbbe-df97-44a4-9c86-a4c3f5d63c85"]
[debug] &amp#27;[35m[W3C (16b3dbbe)]&amp#27;[39m Responding to client with driver.getCurrentContext() result: "NATIVE_APP"
&amp#27;[35m[HTTP]&amp#27;[39m &amp#27;[37m<-- GET /wd/hub/session/16b3dbbe-df97-44a4-9c86-a4c3f5d63c85/context &amp#27;[39m&amp#27;[32m200&amp#27;[39m &amp#27;[90m1 ms - 22&amp#27;[39m
&amp#27;[35m[HTTP]&amp#27;[39m &amp#27;[90m&amp#27;[39m
&amp#27;[35m[HTTP]&amp#27;[39m &amp#27;[37m-->&amp#27;[39m &amp#27;[37mPOST&amp#27;[39m &amp#27;[37m/wd/hub/session/16b3dbbe-df97-44a4-9c86-a4c3f5d63c85/elements&amp#27;[39m
&amp#27;[35m[HTTP]&amp#27;[39m &amp#27;[90m{"using":"class name","value":"android.widget.Image"}&amp#27;[39m
[debug] &amp#27;[35m[W3C (16b3dbbe)]&amp#27;[39m Calling AppiumDriver.findElements() with args: ["class name","android.widget.Image","16b3dbbe-df97-44a4-9c86-a4c3f5d63c85"]
[debug] &amp#27;[35m[BaseDriver]&amp#27;[39m Valid locator strategies for this request: xpath, id, class name, accessibility id, css selector, -android uiautomator
[debug] &amp#27;[35m[BaseDriver]&amp#27;[39m Waiting up to 10000 ms for condition
[debug] &amp#27;[35m[WD Proxy]&amp#27;[39m Matched '/elements' to command name 'findElements'
[debug] &amp#27;[35m[WD Proxy]&amp#27;[39m Proxying [POST /elements] to [POST http://127.0.0.1:8201/wd/hub/session/1a942fc2-6d85-4888-a85b-0042439c6f52/elements] with body: {"strategy":"class name","selector":"android.widget.Image","context":"","multiple":true}
[debug] &amp#27;[35m[WD Proxy]&amp#27;[39m Got response with status 200: {"sessionId":"1a942fc2-6d85-4888-a85b-0042439c6f52","value":[{"ELEMENT":"286466d0-1403-418b-8466-c2d89c6c337f","element-6066-11e4-a52e-4f735466cecf":"286466d0-1403-418b-8466-c2d89c6c337f"},{"ELEMENT":"ead2bc5e-8e7a-4e47-a7d0-d5e42fda283e","element-6066-11e4-a52e-4f735466cecf":"ead2bc5e-8e7a-4e47-a7d0-d5e42fda283e"},{"ELEMENT":"12bd3069-2a59-4cf6-9dbf-c0fe586db30a","element-6066-11e4-a52e-4f735466cecf":"12bd3069-2a59-4cf6-9dbf-c0fe586db30a"},{"ELEMENT":"3f958c51-6d17-4bca-a790-6b6f0d68a96b","element-6066-11e4-a52e-4f735466cecf":"3f958c51-6d17-4bca-a790-6b6f0d68a96b"},{"ELEMENT":"76067d6e-16f2-4d8e-a271-570b8480f403","element-6066-11e4-a52e-4f735466cecf":"76067d6e-16f2-4d8e-a271-570b8480f403"},{"ELEMENT":"06b40342-9db5-4b59-847c-8af34f814636","element-6066-11e4-a52e-4f735466cecf":"06b40342-9db5-4b59-847c-8af34f814636"},{"ELEMENT":"82587dd9-c79e-4441-aca2-5b6ad9b9c47b","element-6066-11e4-a52e-4f735466cecf":"82587dd9-c79e-4441-aca2-5b6ad9b9c47b"},{"ELEMENT":"147a0336-4722-4181-b636-7902c4a8ce43","element-6066-...
[debug] &amp#27;[35m[W3C (16b3dbbe)]&amp#27;[39m Responding to client with driver.findElements() result: [{"element-6066-11e4-a52e-4f735466cecf":"286466d0-1403-418b-8466-c2d89c6c337f","ELEMENT":"286466d0-1403-418b-8466-c2d89c6c337f"},{"element-6066-11e4-a52e-4f735466cecf":"ead2bc5e-8e7a-4e47-a7d0-d5e42fda283e","ELEMENT":"ead2bc5e-8e7a-4e47-a7d0-d5e42fda283e"},{"element-6066-11e4-a52e-4f735466cecf":"12bd3069-2a59-4cf6-9dbf-c0fe586db30a","ELEMENT":"12bd3069-2a59-4cf6-9dbf-c0fe586db30a"},{"element-6066-11e4-a52e-4f735466cecf":"3f958c51-6d17-4bca-a790-6b6f0d68a96b","ELEMENT":"3f958c51-6d17-4bca-a790-6b6f0d68a96b"},{"element-6066-11e4-a52e-4f735466cecf":"76067d6e-16f2-4d8e-a271-570b8480f403","ELEMENT":"76067d6e-16f2-4d8e-a271-570b8480f403"},{"element-6066-11e4-a52e-4f735466cecf":"06b40342-9db5-4b59-847c-8af34f814636","ELEMENT":"06b40342-9db5-4b59-847c-8af34f814636"},{"element-6066-11e4-a52e-4f735466cecf":"82587dd9-c79e-4441-aca2-5b6ad9b9c47b","ELEMENT":"82587dd9-c79e-4441-aca2-5b6ad9b9c47b"},{"element-6066-11e4-a52e-4f735466cecf":"147a0336-4722-4181-b636-7902c4a8ce43","ELEMENT":"147a0336-4722-4181-b636-7902c4a8ce4...
&amp#27;[35m[HTTP]&amp#27;[39m &amp#27;[37m<-- POST /wd/hub/session/16b3dbbe-df97-44a4-9c86-a4c3f5d63c85/elements &amp#27;[39m&amp#27;[32m200&amp#27;[39m &amp#27;[90m51 ms - 1163&amp#27;[39m
&amp#27;[35m[HTTP]&amp#27;[39m &amp#27;[90m&amp#27;[39m
13
&amp#27;[35m[HTTP]&amp#27;[39m &amp#27;[37m-->&amp#27;[39m &amp#27;[37mGET&amp#27;[39m &amp#27;[37m/wd/hub/session/16b3dbbe-df97-44a4-9c86-a4c3f5d63c85/context&amp#27;[39m
&amp#27;[35m[HTTP]&amp#27;[39m &amp#27;[90m{}&amp#27;[39m
[debug] &amp#27;[35m[W3C (16b3dbbe)]&amp#27;[39m Calling AppiumDriver.getCurrentContext() with args: ["16b3dbbe-df97-44a4-9c86-a4c3f5d63c85"]
[debug] &amp#27;[35m[W3C (16b3dbbe)]&amp#27;[39m Responding to client with driver.getCurrentContext() result: "NATIVE_APP"
&amp#27;[35m[HTTP]&amp#27;[39m &amp#27;[37m<-- GET /wd/hub/session/16b3dbbe-df97-44a4-9c86-a4c3f5d63c85/context &amp#27;[39m&amp#27;[32m200&amp#27;[39m &amp#27;[90m1 ms - 22&amp#27;[39m
&amp#27;[35m[HTTP]&amp#27;[39m &amp#27;[90m&amp#27;[39m
&amp#27;[35m[HTTP]&amp#27;[39m &amp#27;[37m-->&amp#27;[39m &amp#27;[37mPOST&amp#27;[39m &amp#27;[37m/wd/hub/session/16b3dbbe-df97-44a4-9c86-a4c3f5d63c85/element&amp#27;[39m
&amp#27;[35m[HTTP]&amp#27;[39m &amp#27;[90m{"using":"xpath","value":"//android.view.View[@text='Account Remove Successfully']"}&amp#27;[39m
[debug] &amp#27;[35m[W3C (16b3dbbe)]&amp#27;[39m Calling AppiumDriver.findElement() with args: ["xpath","//android.view.View[@text='Account Remove Successfully']","16b3dbbe-df97-44a4-9c86-a4c3f5d63c85"]
[debug] &amp#27;[35m[BaseDriver]&amp#27;[39m Valid locator strategies for this request: xpath, id, class name, accessibility id, css selector, -android uiautomator
[debug] &amp#27;[35m[BaseDriver]&amp#27;[39m Waiting up to 10000 ms for condition
[debug] &amp#27;[35m[WD Proxy]&amp#27;[39m Matched '/element' to command name 'findElement'
[debug] &amp#27;[35m[WD Proxy]&amp#27;[39m Proxying [POST /element] to [POST http://127.0.0.1:8201/wd/hub/session/1a942fc2-6d85-4888-a85b-0042439c6f52/element] with body: {"strategy":"xpath","selector":"//android.view.View[@text='Account Remove Successfully']","context":"","multiple":false}
[debug] &amp#27;[35m[WD Proxy]&amp#27;[39m Got response with status 200: {"sessionId":"1a942fc2-6d85-4888-a85b-0042439c6f52","value":{"ELEMENT":"f023b919-83f1-49e7-98e3-0603cbf879d8","element-6066-11e4-a52e-4f735466cecf":"f023b919-83f1-49e7-98e3-0603cbf879d8"}}
[debug] &amp#27;[35m[W3C (16b3dbbe)]&amp#27;[39m Responding to client with driver.findElement() result: {"element-6066-11e4-a52e-4f735466cecf":"f023b919-83f1-49e7-98e3-0603cbf879d8","ELEMENT":"f023b919-83f1-49e7-98e3-0603cbf879d8"}
&amp#27;[35m[HTTP]&amp#27;[39m &amp#27;[37m<-- POST /wd/hub/session/16b3dbbe-df97-44a4-9c86-a4c3f5d63c85/element &amp#27;[39m&amp#27;[32m200&amp#27;[39m &amp#27;[90m59 ms - 137&amp#27;[39m
&amp#27;[35m[HTTP]&amp#27;[39m &amp#27;[90m&amp#27;[39m
&amp#27;[35m[HTTP]&amp#27;[39m &amp#27;[37m-->&amp#27;[39m &amp#27;[37mGET&amp#27;[39m &amp#27;[37m/wd/hub/session/16b3dbbe-df97-44a4-9c86-a4c3f5d63c85/element/f023b919-83f1-49e7-98e3-0603cbf879d8/text&amp#27;[39m
&amp#27;[35m[HTTP]&amp#27;[39m &amp#27;[90m{}&amp#27;[39m
&amp#27;[35m[W3C (16b3dbbe)]&amp#27;[39m Driver proxy active, passing request on via HTTP proxy
[debug] &amp#27;[35m[WD Proxy]&amp#27;[39m Matched '/wd/hub/session/16b3dbbe-df97-44a4-9c86-a4c3f5d63c85/element/f023b919-83f1-49e7-98e3-0603cbf879d8/text' to command name 'getText'
[debug] &amp#27;[35m[WD Proxy]&amp#27;[39m Proxying [GET /wd/hub/session/16b3dbbe-df97-44a4-9c86-a4c3f5d63c85/element/f023b919-83f1-49e7-98e3-0603cbf879d8/text] to [GET http://127.0.0.1:8201/wd/hub/session/1a942fc2-6d85-4888-a85b-0042439c6f52/element/f023b919-83f1-49e7-98e3-0603cbf879d8/text] with no body
[debug] &amp#27;[35m[WD Proxy]&amp#27;[39m Got response with status 200: {"sessionId":"1a942fc2-6d85-4888-a85b-0042439c6f52","value":"Account Remove Successfully"}
&amp#27;[35m[WD Proxy]&amp#27;[39m Replacing sessionId 1a942fc2-6d85-4888-a85b-0042439c6f52 with 16b3dbbe-df97-44a4-9c86-a4c3f5d63c85
&amp#27;[35m[HTTP]&amp#27;[39m &amp#27;[37m<-- GET /wd/hub/session/16b3dbbe-df97-44a4-9c86-a4c3f5d63c85/element/f023b919-83f1-49e7-98e3-0603cbf879d8/text &amp#27;[39m&amp#27;[32m200&amp#27;[39m &amp#27;[90m19 ms - 90&amp#27;[39m
&amp#27;[35m[HTTP]&amp#27;[39m &amp#27;[90m&amp#27;[39m
Account Removed Succesfully
&amp#27;[35m[HTTP]&amp#27;[39m &amp#27;[37m-->&amp#27;[39m &amp#27;[37mGET&amp#27;[39m &amp#27;[37m/wd/hub/session/16b3dbbe-df97-44a4-9c86-a4c3f5d63c85/context&amp#27;[39m
&amp#27;[35m[HTTP]&amp#27;[39m &amp#27;[90m{}&amp#27;[39m
[debug] &amp#27;[35m[W3C (16b3dbbe)]&amp#27;[39m Calling AppiumDriver.getCurrentContext() with args: ["16b3dbbe-df97-44a4-9c86-a4c3f5d63c85"]
[debug] &amp#27;[35m[W3C (16b3dbbe)]&amp#27;[39m Responding to client with driver.getCurrentContext() result: "NATIVE_APP"
&amp#27;[35m[HTTP]&amp#27;[39m &amp#27;[37m<-- GET /wd/hub/session/16b3dbbe-df97-44a4-9c86-a4c3f5d63c85/context &amp#27;[39m&amp#27;[32m200&amp#27;[39m &amp#27;[90m1 ms - 22&amp#27;[39m
&amp#27;[35m[HTTP]&amp#27;[39m &amp#27;[90m&amp#27;[39m
&amp#27;[35m[HTTP]&amp#27;[39m &amp#27;[37m-->&amp#27;[39m &amp#27;[37mPOST&amp#27;[39m &amp#27;[37m/wd/hub/session/16b3dbbe-df97-44a4-9c86-a4c3f5d63c85/elements&amp#27;[39m
&amp#27;[35m[HTTP]&amp#27;[39m &amp#27;[90m{"using":"class name","value":"android.widget.Image"}&amp#27;[39m
[debug] &amp#27;[35m[W3C (16b3dbbe)]&amp#27;[39m Calling AppiumDriver.findElements() with args: ["class name","android.widget.Image","16b3dbbe-df97-44a4-9c86-a4c3f5d63c85"]
[debug] &amp#27;[35m[BaseDriver]&amp#27;[39m Valid locator strategies for this request: xpath, id, class name, accessibility id, css selector, -android uiautomator
[debug] &amp#27;[35m[BaseDriver]&amp#27;[39m Waiting up to 10000 ms for condition
[debug] &amp#27;[35m[WD Proxy]&amp#27;[39m Matched '/elements' to command name 'findElements'
[debug] &amp#27;[35m[WD Proxy]&amp#27;[39m Proxying [POST /elements] to [POST http://127.0.0.1:8201/wd/hub/session/1a942fc2-6d85-4888-a85b-0042439c6f52/elements] with body: {"strategy":"class name","selector":"android.widget.Image","context":"","multiple":true}
[debug] &amp#27;[35m[WD Proxy]&amp#27;[39m Got response with status 200: {"sessionId":"1a942fc2-6d85-4888-a85b-0042439c6f52","value":[{"ELEMENT":"62a09c28-7d25-44d2-a6df-ccd3e3604400","element-6066-11e4-a52e-4f735466cecf":"62a09c28-7d25-44d2-a6df-ccd3e3604400"},{"ELEMENT":"0439b1fa-21d7-4346-8a57-d7327db2f426","element-6066-11e4-a52e-4f735466cecf":"0439b1fa-21d7-4346-8a57-d7327db2f426"},{"ELEMENT":"1c92133d-daed-4ed3-8b35-1225f5c1d30c","element-6066-11e4-a52e-4f735466cecf":"1c92133d-daed-4ed3-8b35-1225f5c1d30c"},{"ELEMENT":"e9846081-ddb1-4dff-accd-133e78365b46","element-6066-11e4-a52e-4f735466cecf":"e9846081-ddb1-4dff-accd-133e78365b46"},{"ELEMENT":"6265b84a-5d05-4669-b8e0-68408f06ecd9","element-6066-11e4-a52e-4f735466cecf":"6265b84a-5d05-4669-b8e0-68408f06ecd9"},{"ELEMENT":"0a8b6f54-16a5-4d04-a7d5-bbdf640d575e","element-6066-11e4-a52e-4f735466cecf":"0a8b6f54-16a5-4d04-a7d5-bbdf640d575e"},{"ELEMENT":"f49f7a78-c908-4e85-9fe0-6035af33e34a","element-6066-11e4-a52e-4f735466cecf":"f49f7a78-c908-4e85-9fe0-6035af33e34a"},{"ELEMENT":"110df462-8ccb-4dab-97d3-8207b77981a3","element-6066-...
[debug] &amp#27;[35m[W3C (16b3dbbe)]&amp#27;[39m Responding to client with driver.findElements() result: [{"element-6066-11e4-a52e-4f735466cecf":"62a09c28-7d25-44d2-a6df-ccd3e3604400","ELEMENT":"62a09c28-7d25-44d2-a6df-ccd3e3604400"},{"element-6066-11e4-a52e-4f735466cecf":"0439b1fa-21d7-4346-8a57-d7327db2f426","ELEMENT":"0439b1fa-21d7-4346-8a57-d7327db2f426"},{"element-6066-11e4-a52e-4f735466cecf":"1c92133d-daed-4ed3-8b35-1225f5c1d30c","ELEMENT":"1c92133d-daed-4ed3-8b35-1225f5c1d30c"},{"element-6066-11e4-a52e-4f735466cecf":"e9846081-ddb1-4dff-accd-133e78365b46","ELEMENT":"e9846081-ddb1-4dff-accd-133e78365b46"},{"element-6066-11e4-a52e-4f735466cecf":"6265b84a-5d05-4669-b8e0-68408f06ecd9","ELEMENT":"6265b84a-5d05-4669-b8e0-68408f06ecd9"},{"element-6066-11e4-a52e-4f735466cecf":"0a8b6f54-16a5-4d04-a7d5-bbdf640d575e","ELEMENT":"0a8b6f54-16a5-4d04-a7d5-bbdf640d575e"},{"element-6066-11e4-a52e-4f735466cecf":"f49f7a78-c908-4e85-9fe0-6035af33e34a","ELEMENT":"f49f7a78-c908-4e85-9fe0-6035af33e34a"},{"element-6066-11e4-a52e-4f735466cecf":"110df462-8ccb-4dab-97d3-8207b77981a3","ELEMENT":"110df462-8ccb-4dab-97d3-8207b77981a...
&amp#27;[35m[HTTP]&amp#27;[39m &amp#27;[37m<-- POST /wd/hub/session/16b3dbbe-df97-44a4-9c86-a4c3f5d63c85/elements &amp#27;[39m&amp#27;[32m200&amp#27;[39m &amp#27;[90m43 ms - 1163&amp#27;[39m
&amp#27;[35m[HTTP]&amp#27;[39m &amp#27;[90m&amp#27;[39m
&amp#27;[35m[HTTP]&amp#27;[39m &amp#27;[37m-->&amp#27;[39m &amp#27;[37mPOST&amp#27;[39m &amp#27;[37m/wd/hub/session/16b3dbbe-df97-44a4-9c86-a4c3f5d63c85/element/6fca10f0-d80a-4b9d-af67-43ebeb8ae691/click&amp#27;[39m
&amp#27;[35m[HTTP]&amp#27;[39m &amp#27;[90m{"id":"6fca10f0-d80a-4b9d-af67-43ebeb8ae691"}&amp#27;[39m
[debug] &amp#27;[35m[W3C (16b3dbbe)]&amp#27;[39m Calling AppiumDriver.click() with args: ["6fca10f0-d80a-4b9d-af67-43ebeb8ae691","16b3dbbe-df97-44a4-9c86-a4c3f5d63c85"]
[debug] &amp#27;[35m[WD Proxy]&amp#27;[39m Matched '/element/6fca10f0-d80a-4b9d-af67-43ebeb8ae691/click' to command name 'click'
[debug] &amp#27;[35m[WD Proxy]&amp#27;[39m Proxying [POST /element/6fca10f0-d80a-4b9d-af67-43ebeb8ae691/click] to [POST http://127.0.0.1:8201/wd/hub/session/1a942fc2-6d85-4888-a85b-0042439c6f52/element/6fca10f0-d80a-4b9d-af67-43ebeb8ae691/click] with body: {"element":"6fca10f0-d80a-4b9d-af67-43ebeb8ae691"}
[debug] &amp#27;[35m[WD Proxy]&amp#27;[39m Got response with status 200: {"sessionId":"1a942fc2-6d85-4888-a85b-0042439c6f52","value":null}
[debug] &amp#27;[35m[W3C (16b3dbbe)]&amp#27;[39m Responding to client with driver.click() result: null
&amp#27;[35m[HTTP]&amp#27;[39m &amp#27;[37m<-- POST /wd/hub/session/16b3dbbe-df97-44a4-9c86-a4c3f5d63c85/element/6fca10f0-d80a-4b9d-af67-43ebeb8ae691/click &amp#27;[39m&amp#27;[32m200&amp#27;[39m &amp#27;[90m93 ms - 14&amp#27;[39m
&amp#27;[35m[HTTP]&amp#27;[39m &amp#27;[90m&amp#27;[39m
&amp#27;[35m[HTTP]&amp#27;[39m &amp#27;[37m-->&amp#27;[39m &amp#27;[37mGET&amp#27;[39m &amp#27;[37m/wd/hub/session/16b3dbbe-df97-44a4-9c86-a4c3f5d63c85/context&amp#27;[39m
&amp#27;[35m[HTTP]&amp#27;[39m &amp#27;[90m{}&amp#27;[39m
[debug] &amp#27;[35m[W3C (16b3dbbe)]&amp#27;[39m Calling AppiumDriver.getCurrentContext() with args: ["16b3dbbe-df97-44a4-9c86-a4c3f5d63c85"]
[debug] &amp#27;[35m[W3C (16b3dbbe)]&amp#27;[39m Responding to client with driver.getCurrentContext() result: "NATIVE_APP"
&amp#27;[35m[HTTP]&amp#27;[39m &amp#27;[37m<-- GET /wd/hub/session/16b3dbbe-df97-44a4-9c86-a4c3f5d63c85/context &amp#27;[39m&amp#27;[32m200&amp#27;[39m &amp#27;[90m1 ms - 22&amp#27;[39m
&amp#27;[35m[HTTP]&amp#27;[39m &amp#27;[90m&amp#27;[39m
&amp#27;[35m[HTTP]&amp#27;[39m &amp#27;[37m-->&amp#27;[39m &amp#27;[37mPOST&amp#27;[39m &amp#27;[37m/wd/hub/session/16b3dbbe-df97-44a4-9c86-a4c3f5d63c85/elements&amp#27;[39m
&amp#27;[35m[HTTP]&amp#27;[39m &amp#27;[90m{"using":"class name","value":"android.widget.Image"}&amp#27;[39m
[debug] &amp#27;[35m[W3C (16b3dbbe)]&amp#27;[39m Calling AppiumDriver.findElements() with args: ["class name","android.widget.Image","16b3dbbe-df97-44a4-9c86-a4c3f5d63c85"]
[debug] &amp#27;[35m[BaseDriver]&amp#27;[39m Valid locator strategies for this request: xpath, id, class name, accessibility id, css selector, -android uiautomator
[debug] &amp#27;[35m[BaseDriver]&amp#27;[39m Waiting up to 10000 ms for condition
[debug] &amp#27;[35m[WD Proxy]&amp#27;[39m Matched '/elements' to command name 'findElements'
[debug] &amp#27;[35m[WD Proxy]&amp#27;[39m Proxying [POST /elements] to [POST http://127.0.0.1:8201/wd/hub/session/1a942fc2-6d85-4888-a85b-0042439c6f52/elements] with body: {"strategy":"class name","selector":"android.widget.Image","context":"","multiple":true}
[debug] &amp#27;[35m[WD Proxy]&amp#27;[39m Got response with status 200: {"sessionId":"1a942fc2-6d85-4888-a85b-0042439c6f52","value":[{"ELEMENT":"8ed1cae9-59b8-449b-ba18-e638cc843c7f","element-6066-11e4-a52e-4f735466cecf":"8ed1cae9-59b8-449b-ba18-e638cc843c7f"},{"ELEMENT":"c7889ee9-3aff-4436-910a-f82bce84c87d","element-6066-11e4-a52e-4f735466cecf":"c7889ee9-3aff-4436-910a-f82bce84c87d"},{"ELEMENT":"e5eafa02-2d0a-4cdf-88bb-baa418791290","element-6066-11e4-a52e-4f735466cecf":"e5eafa02-2d0a-4cdf-88bb-baa418791290"},{"ELEMENT":"b98a6edd-f373-4ee2-8f9f-aeb70a3b3473","element-6066-11e4-a52e-4f735466cecf":"b98a6edd-f373-4ee2-8f9f-aeb70a3b3473"},{"ELEMENT":"508cae6e-7cf0-4be6-990f-5e503972080a","element-6066-11e4-a52e-4f735466cecf":"508cae6e-7cf0-4be6-990f-5e503972080a"},{"ELEMENT":"081216ce-026d-4c71-a0a5-fe2708f9df96","element-6066-11e4-a52e-4f735466cecf":"081216ce-026d-4c71-a0a5-fe2708f9df96"},{"ELEMENT":"62eee32f-0fe5-41e2-b306-cba742e109c7","element-6066-11e4-a52e-4f735466cecf":"62eee32f-0fe5-41e2-b306-cba742e109c7"},{"ELEMENT":"76e07e11-8c2b-4224-b0dc-4038bd8682a7","element-6066-...
[debug] &amp#27;[35m[W3C (16b3dbbe)]&amp#27;[39m Responding to client with driver.findElements() result: [{"element-6066-11e4-a52e-4f735466cecf":"8ed1cae9-59b8-449b-ba18-e638cc843c7f","ELEMENT":"8ed1cae9-59b8-449b-ba18-e638cc843c7f"},{"element-6066-11e4-a52e-4f735466cecf":"c7889ee9-3aff-4436-910a-f82bce84c87d","ELEMENT":"c7889ee9-3aff-4436-910a-f82bce84c87d"},{"element-6066-11e4-a52e-4f735466cecf":"e5eafa02-2d0a-4cdf-88bb-baa418791290","ELEMENT":"e5eafa02-2d0a-4cdf-88bb-baa418791290"},{"element-6066-11e4-a52e-4f735466cecf":"b98a6edd-f373-4ee2-8f9f-aeb70a3b3473","ELEMENT":"b98a6edd-f373-4ee2-8f9f-aeb70a3b3473"},{"element-6066-11e4-a52e-4f735466cecf":"508cae6e-7cf0-4be6-990f-5e503972080a","ELEMENT":"508cae6e-7cf0-4be6-990f-5e503972080a"},{"element-6066-11e4-a52e-4f735466cecf":"081216ce-026d-4c71-a0a5-fe2708f9df96","ELEMENT":"081216ce-026d-4c71-a0a5-fe2708f9df96"},{"element-6066-11e4-a52e-4f735466cecf":"62eee32f-0fe5-41e2-b306-cba742e109c7","ELEMENT":"62eee32f-0fe5-41e2-b306-cba742e109c7"},{"element-6066-11e4-a52e-4f735466cecf":"76e07e11-8c2b-4224-b0dc-4038bd8682a7","ELEMENT":"76e07e11-8c2b-4224-b0dc-4038bd8682a...
&amp#27;[35m[HTTP]&amp#27;[39m &amp#27;[37m<-- POST /wd/hub/session/16b3dbbe-df97-44a4-9c86-a4c3f5d63c85/elements &amp#27;[39m&amp#27;[32m200&amp#27;[39m &amp#27;[90m507 ms - 1035&amp#27;[39m
&amp#27;[35m[HTTP]&amp#27;[39m &amp#27;[90m&amp#27;[39m
&amp#27;[35m[HTTP]&amp#27;[39m &amp#27;[37m-->&amp#27;[39m &amp#27;[37mPOST&amp#27;[39m &amp#27;[37m/wd/hub/session/16b3dbbe-df97-44a4-9c86-a4c3f5d63c85/element/b98a6edd-f373-4ee2-8f9f-aeb70a3b3473/click&amp#27;[39m
&amp#27;[35m[HTTP]&amp#27;[39m &amp#27;[90m{"id":"b98a6edd-f373-4ee2-8f9f-aeb70a3b3473"}&amp#27;[39m
[debug] &amp#27;[35m[W3C (16b3dbbe)]&amp#27;[39m Calling AppiumDriver.click() with args: ["b98a6edd-f373-4ee2-8f9f-aeb70a3b3473","16b3dbbe-df97-44a4-9c86-a4c3f5d63c85"]
[debug] &amp#27;[35m[WD Proxy]&amp#27;[39m Matched '/element/b98a6edd-f373-4ee2-8f9f-aeb70a3b3473/click' to command name 'click'
[debug] &amp#27;[35m[WD Proxy]&amp#27;[39m Proxying [POST /element/b98a6edd-f373-4ee2-8f9f-aeb70a3b3473/click] to [POST http://127.0.0.1:8201/wd/hub/session/1a942fc2-6d85-4888-a85b-0042439c6f52/element/b98a6edd-f373-4ee2-8f9f-aeb70a3b3473/click] with body: {"element":"b98a6edd-f373-4ee2-8f9f-aeb70a3b3473"}
[debug] &amp#27;[35m[WD Proxy]&amp#27;[39m Got response with status 200: {"sessionId":"1a942fc2-6d85-4888-a85b-0042439c6f52","value":null}
[debug] &amp#27;[35m[W3C (16b3dbbe)]&amp#27;[39m Responding to client with driver.click() result: null
&amp#27;[35m[HTTP]&amp#27;[39m &amp#27;[37m<-- POST /wd/hub/session/16b3dbbe-df97-44a4-9c86-a4c3f5d63c85/element/b98a6edd-f373-4ee2-8f9f-aeb70a3b3473/click &amp#27;[39m&amp#27;[32m200&amp#27;[39m &amp#27;[90m76 ms - 14&amp#27;[39m
&amp#27;[35m[HTTP]&amp#27;[39m &amp#27;[90m&amp#27;[39m
&amp#27;[35m[HTTP]&amp#27;[39m &amp#27;[37m-->&amp#27;[39m &amp#27;[37mGET&amp#27;[39m &amp#27;[37m/wd/hub/session/16b3dbbe-df97-44a4-9c86-a4c3f5d63c85/context&amp#27;[39m
&amp#27;[35m[HTTP]&amp#27;[39m &amp#27;[90m{}&amp#27;[39m
[debug] &amp#27;[35m[W3C (16b3dbbe)]&amp#27;[39m Calling AppiumDriver.getCurrentContext() with args: ["16b3dbbe-df97-44a4-9c86-a4c3f5d63c85"]
[debug] &amp#27;[35m[W3C (16b3dbbe)]&amp#27;[39m Responding to client with driver.getCurrentContext() result: "NATIVE_APP"
&amp#27;[35m[HTTP]&amp#27;[39m &amp#27;[37m<-- GET /wd/hub/session/16b3dbbe-df97-44a4-9c86-a4c3f5d63c85/context &amp#27;[39m&amp#27;[32m200&amp#27;[39m &amp#27;[90m1 ms - 22&amp#27;[39m
&amp#27;[35m[HTTP]&amp#27;[39m &amp#27;[90m&amp#27;[39m
&amp#27;[35m[HTTP]&amp#27;[39m &amp#27;[37m-->&amp#27;[39m &amp#27;[37mPOST&amp#27;[39m &amp#27;[37m/wd/hub/session/16b3dbbe-df97-44a4-9c86-a4c3f5d63c85/element&amp#27;[39m
&amp#27;[35m[HTTP]&amp#27;[39m &amp#27;[90m{"using":"xpath","value":"//android.view.View[@text='Remove Account']"}&amp#27;[39m
[debug] &amp#27;[35m[W3C (16b3dbbe)]&amp#27;[39m Calling AppiumDriver.findElement() with args: ["xpath","//android.view.View[@text='Remove Account']","16b3dbbe-df97-44a4-9c86-a4c3f5d63c85"]
[debug] &amp#27;[35m[BaseDriver]&amp#27;[39m Valid locator strategies for this request: xpath, id, class name, accessibility id, css selector, -android uiautomator
[debug] &amp#27;[35m[BaseDriver]&amp#27;[39m Waiting up to 10000 ms for condition
[debug] &amp#27;[35m[WD Proxy]&amp#27;[39m Matched '/element' to command name 'findElement'
[debug] &amp#27;[35m[WD Proxy]&amp#27;[39m Proxying [POST /element] to [POST http://127.0.0.1:8201/wd/hub/session/1a942fc2-6d85-4888-a85b-0042439c6f52/element] with body: {"strategy":"xpath","selector":"//android.view.View[@text='Remove Account']","context":"","multiple":false}
[debug] &amp#27;[35m[WD Proxy]&amp#27;[39m Got response with status 200: {"sessionId":"1a942fc2-6d85-4888-a85b-0042439c6f52","value":{"ELEMENT":"10d6696d-431d-4299-a511-eff46307032d","element-6066-11e4-a52e-4f735466cecf":"10d6696d-431d-4299-a511-eff46307032d"}}
[debug] &amp#27;[35m[W3C (16b3dbbe)]&amp#27;[39m Responding to client with driver.findElement() result: {"element-6066-11e4-a52e-4f735466cecf":"10d6696d-431d-4299-a511-eff46307032d","ELEMENT":"10d6696d-431d-4299-a511-eff46307032d"}
&amp#27;[35m[HTTP]&amp#27;[39m &amp#27;[37m<-- POST /wd/hub/session/16b3dbbe-df97-44a4-9c86-a4c3f5d63c85/element &amp#27;[39m&amp#27;[32m200&amp#27;[39m &amp#27;[90m546 ms - 137&amp#27;[39m
&amp#27;[35m[HTTP]&amp#27;[39m &amp#27;[90m&amp#27;[39m
&amp#27;[35m[HTTP]&amp#27;[39m &amp#27;[37m-->&amp#27;[39m &amp#27;[37mPOST&amp#27;[39m &amp#27;[37m/wd/hub/session/16b3dbbe-df97-44a4-9c86-a4c3f5d63c85/element/10d6696d-431d-4299-a511-eff46307032d/click&amp#27;[39m
&amp#27;[35m[HTTP]&amp#27;[39m &amp#27;[90m{"id":"10d6696d-431d-4299-a511-eff46307032d"}&amp#27;[39m
[debug] &amp#27;[35m[W3C (16b3dbbe)]&amp#27;[39m Calling AppiumDriver.click() with args: ["10d6696d-431d-4299-a511-eff46307032d","16b3dbbe-df97-44a4-9c86-a4c3f5d63c85"]
[debug] &amp#27;[35m[WD Proxy]&amp#27;[39m Matched '/element/10d6696d-431d-4299-a511-eff46307032d/click' to command name 'click'
[debug] &amp#27;[35m[WD Proxy]&amp#27;[39m Proxying [POST /element/10d6696d-431d-4299-a511-eff46307032d/click] to [POST http://127.0.0.1:8201/wd/hub/session/1a942fc2-6d85-4888-a85b-0042439c6f52/element/10d6696d-431d-4299-a511-eff46307032d/click] with body: {"element":"10d6696d-431d-4299-a511-eff46307032d"}
[debug] &amp#27;[35m[WD Proxy]&amp#27;[39m Got response with status 200: {"sessionId":"1a942fc2-6d85-4888-a85b-0042439c6f52","value":null}
[debug] &amp#27;[35m[W3C (16b3dbbe)]&amp#27;[39m Responding to client with driver.click() result: null
&amp#27;[35m[HTTP]&amp#27;[39m &amp#27;[37m<-- POST /wd/hub/session/16b3dbbe-df97-44a4-9c86-a4c3f5d63c85/element/10d6696d-431d-4299-a511-eff46307032d/click &amp#27;[39m&amp#27;[32m200&amp#27;[39m &amp#27;[90m512 ms - 14&amp#27;[39m
&amp#27;[35m[HTTP]&amp#27;[39m &amp#27;[90m&amp#27;[39m
&amp#27;[35m[HTTP]&amp#27;[39m &amp#27;[37m-->&amp#27;[39m &amp#27;[37mGET&amp#27;[39m &amp#27;[37m/wd/hub/session/16b3dbbe-df97-44a4-9c86-a4c3f5d63c85/context&amp#27;[39m
&amp#27;[35m[HTTP]&amp#27;[39m &amp#27;[90m{}&amp#27;[39m
[debug] &amp#27;[35m[W3C (16b3dbbe)]&amp#27;[39m Calling AppiumDriver.getCurrentContext() with args: ["16b3dbbe-df97-44a4-9c86-a4c3f5d63c85"]
[debug] &amp#27;[35m[W3C (16b3dbbe)]&amp#27;[39m Responding to client with driver.getCurrentContext() result: "NATIVE_APP"
&amp#27;[35m[HTTP]&amp#27;[39m &amp#27;[37m<-- GET /wd/hub/session/16b3dbbe-df97-44a4-9c86-a4c3f5d63c85/context &amp#27;[39m&amp#27;[32m200&amp#27;[39m &amp#27;[90m1 ms - 22&amp#27;[39m
&amp#27;[35m[HTTP]&amp#27;[39m &amp#27;[90m&amp#27;[39m
&amp#27;[35m[HTTP]&amp#27;[39m &amp#27;[37m-->&amp#27;[39m &amp#27;[37mPOST&amp#27;[39m &amp#27;[37m/wd/hub/session/16b3dbbe-df97-44a4-9c86-a4c3f5d63c85/element&amp#27;[39m
&amp#27;[35m[HTTP]&amp#27;[39m &amp#27;[90m{"using":"xpath","value":"//android.widget.Button[@text='Remove']"}&amp#27;[39m
[debug] &amp#27;[35m[W3C (16b3dbbe)]&amp#27;[39m Calling AppiumDriver.findElement() with args: ["xpath","//android.widget.Button[@text='Remove']","16b3dbbe-df97-44a4-9c86-a4c3f5d63c85"]
[debug] &amp#27;[35m[BaseDriver]&amp#27;[39m Valid locator strategies for this request: xpath, id, class name, accessibility id, css selector, -android uiautomator
[debug] &amp#27;[35m[BaseDriver]&amp#27;[39m Waiting up to 10000 ms for condition
[debug] &amp#27;[35m[WD Proxy]&amp#27;[39m Matched '/element' to command name 'findElement'
[debug] &amp#27;[35m[WD Proxy]&amp#27;[39m Proxying [POST /element] to [POST http://127.0.0.1:8201/wd/hub/session/1a942fc2-6d85-4888-a85b-0042439c6f52/element] with body: {"strategy":"xpath","selector":"//android.widget.Button[@text='Remove']","context":"","multiple":false}
&amp#27;[35m[WD Proxy]&amp#27;[39m Got response with status 404: {"sessionId":"1a942fc2-6d85-4888-a85b-0042439c6f52","value":{"error":"no such element","message":"An element could not be located on the page using the given search parameters","stacktrace":"io.appium.uiautomator2.common.exceptions.ElementNotFoundException: An element could not be located on the page using the given search parameters\n\tat io.appium.uiautomator2.handler.FindElement.findElement(FindElement.java:89)\n\tat io.appium.uiautomator2.handler.FindElement.safeHandle(FindElement.java:66)\n\tat io.appium.uiautomator2.handler.request.SafeRequestHandler.handle(SafeRequestHandler.java:41)\n\tat io.appium.uiautomator2.server.AppiumServlet.handleRequest(AppiumServlet.java:262)\n\tat io.appium.uiautomator2.server.AppiumServlet.handleHttpRequest(AppiumServlet.java:256)\n\tat io.appium.uiautomator2.http.ServerHandler.channelRead(ServerHandler.java:68)\n\tat io.netty.channel.AbstractChannelHandlerContext.invokeChannelRead(AbstractChannelHandlerContext.java:366)\n\tat io.netty.channel.AbstractChannelHandlerCont...
[debug] &amp#27;[35m[W3C]&amp#27;[39m Matched W3C error code 'no such element' to NoSuchElementError
[debug] &amp#27;[35m[BaseDriver]&amp#27;[39m Waited for 140 ms so far
[debug] &amp#27;[35m[WD Proxy]&amp#27;[39m Matched '/element' to command name 'findElement'
[debug] &amp#27;[35m[WD Proxy]&amp#27;[39m Proxying [POST /element] to [POST http://127.0.0.1:8201/wd/hub/session/1a942fc2-6d85-4888-a85b-0042439c6f52/element] with body: {"strategy":"xpath","selector":"//android.widget.Button[@text='Remove']","context":"","multiple":false}
[debug] &amp#27;[35m[WD Proxy]&amp#27;[39m Got response with status 200: {"sessionId":"1a942fc2-6d85-4888-a85b-0042439c6f52","value":{"ELEMENT":"eb603c6a-a526-4c98-a19f-d1fadfd05c71","element-6066-11e4-a52e-4f735466cecf":"eb603c6a-a526-4c98-a19f-d1fadfd05c71"}}
[debug] &amp#27;[35m[W3C (16b3dbbe)]&amp#27;[39m Responding to client with driver.findElement() result: {"element-6066-11e4-a52e-4f735466cecf":"eb603c6a-a526-4c98-a19f-d1fadfd05c71","ELEMENT":"eb603c6a-a526-4c98-a19f-d1fadfd05c71"}
&amp#27;[35m[HTTP]&amp#27;[39m &amp#27;[37m<-- POST /wd/hub/session/16b3dbbe-df97-44a4-9c86-a4c3f5d63c85/element &amp#27;[39m&amp#27;[32m200&amp#27;[39m &amp#27;[90m1112 ms - 137&amp#27;[39m
&amp#27;[35m[HTTP]&amp#27;[39m &amp#27;[90m&amp#27;[39m
&amp#27;[35m[HTTP]&amp#27;[39m &amp#27;[37m-->&amp#27;[39m &amp#27;[37mPOST&amp#27;[39m &amp#27;[37m/wd/hub/session/16b3dbbe-df97-44a4-9c86-a4c3f5d63c85/element/eb603c6a-a526-4c98-a19f-d1fadfd05c71/click&amp#27;[39m
&amp#27;[35m[HTTP]&amp#27;[39m &amp#27;[90m{"id":"eb603c6a-a526-4c98-a19f-d1fadfd05c71"}&amp#27;[39m
[debug] &amp#27;[35m[W3C (16b3dbbe)]&amp#27;[39m Calling AppiumDriver.click() with args: ["eb603c6a-a526-4c98-a19f-d1fadfd05c71","16b3dbbe-df97-44a4-9c86-a4c3f5d63c85"]
[debug] &amp#27;[35m[WD Proxy]&amp#27;[39m Matched '/element/eb603c6a-a526-4c98-a19f-d1fadfd05c71/click' to command name 'click'
[debug] &amp#27;[35m[WD Proxy]&amp#27;[39m Proxying [POST /element/eb603c6a-a526-4c98-a19f-d1fadfd05c71/click] to [POST http://127.0.0.1:8201/wd/hub/session/1a942fc2-6d85-4888-a85b-0042439c6f52/element/eb603c6a-a526-4c98-a19f-d1fadfd05c71/click] with body: {"element":"eb603c6a-a526-4c98-a19f-d1fadfd05c71"}
[debug] &amp#27;[35m[WD Proxy]&amp#27;[39m Got response with status 200: {"sessionId":"1a942fc2-6d85-4888-a85b-0042439c6f52","value":null}
[debug] &amp#27;[35m[W3C (16b3dbbe)]&amp#27;[39m Responding to client with driver.click() result: null
&amp#27;[35m[HTTP]&amp#27;[39m &amp#27;[37m<-- POST /wd/hub/session/16b3dbbe-df97-44a4-9c86-a4c3f5d63c85/element/eb603c6a-a526-4c98-a19f-d1fadfd05c71/click &amp#27;[39m&amp#27;[32m200&amp#27;[39m &amp#27;[90m141 ms - 14&amp#27;[39m
&amp#27;[35m[HTTP]&amp#27;[39m &amp#27;[90m&amp#27;[39m
&amp#27;[35m[HTTP]&amp#27;[39m &amp#27;[37m-->&amp#27;[39m &amp#27;[37mGET&amp#27;[39m &amp#27;[37m/wd/hub/session/16b3dbbe-df97-44a4-9c86-a4c3f5d63c85/context&amp#27;[39m
&amp#27;[35m[HTTP]&amp#27;[39m &amp#27;[90m{}&amp#27;[39m
[debug] &amp#27;[35m[W3C (16b3dbbe)]&amp#27;[39m Calling AppiumDriver.getCurrentContext() with args: ["16b3dbbe-df97-44a4-9c86-a4c3f5d63c85"]
[debug] &amp#27;[35m[W3C (16b3dbbe)]&amp#27;[39m Responding to client with driver.getCurrentContext() result: "NATIVE_APP"
&amp#27;[35m[HTTP]&amp#27;[39m &amp#27;[37m<-- GET /wd/hub/session/16b3dbbe-df97-44a4-9c86-a4c3f5d63c85/context &amp#27;[39m&amp#27;[32m200&amp#27;[39m &amp#27;[90m1 ms - 22&amp#27;[39m
&amp#27;[35m[HTTP]&amp#27;[39m &amp#27;[90m&amp#27;[39m
&amp#27;[35m[HTTP]&amp#27;[39m &amp#27;[37m-->&amp#27;[39m &amp#27;[37mPOST&amp#27;[39m &amp#27;[37m/wd/hub/session/16b3dbbe-df97-44a4-9c86-a4c3f5d63c85/elements&amp#27;[39m
&amp#27;[35m[HTTP]&amp#27;[39m &amp#27;[90m{"using":"class name","value":"android.widget.Image"}&amp#27;[39m
[debug] &amp#27;[35m[W3C (16b3dbbe)]&amp#27;[39m Calling AppiumDriver.findElements() with args: ["class name","android.widget.Image","16b3dbbe-df97-44a4-9c86-a4c3f5d63c85"]
[debug] &amp#27;[35m[BaseDriver]&amp#27;[39m Valid locator strategies for this request: xpath, id, class name, accessibility id, css selector, -android uiautomator
[debug] &amp#27;[35m[BaseDriver]&amp#27;[39m Waiting up to 10000 ms for condition
[debug] &amp#27;[35m[WD Proxy]&amp#27;[39m Matched '/elements' to command name 'findElements'
[debug] &amp#27;[35m[WD Proxy]&amp#27;[39m Proxying [POST /elements] to [POST http://127.0.0.1:8201/wd/hub/session/1a942fc2-6d85-4888-a85b-0042439c6f52/elements] with body: {"strategy":"class name","selector":"android.widget.Image","context":"","multiple":true}
[debug] &amp#27;[35m[WD Proxy]&amp#27;[39m Got response with status 200: {"sessionId":"1a942fc2-6d85-4888-a85b-0042439c6f52","value":[{"ELEMENT":"00c34aff-d8d1-4933-86c3-2da07eb24344","element-6066-11e4-a52e-4f735466cecf":"00c34aff-d8d1-4933-86c3-2da07eb24344"},{"ELEMENT":"e54eede2-bdd9-49fb-95a1-cccf1a837ed7","element-6066-11e4-a52e-4f735466cecf":"e54eede2-bdd9-49fb-95a1-cccf1a837ed7"},{"ELEMENT":"02880781-df46-4b9a-a835-04a239570521","element-6066-11e4-a52e-4f735466cecf":"02880781-df46-4b9a-a835-04a239570521"},{"ELEMENT":"c0eced93-5817-45db-a233-e39cbc011824","element-6066-11e4-a52e-4f735466cecf":"c0eced93-5817-45db-a233-e39cbc011824"},{"ELEMENT":"8e1b6542-63b5-4f52-99a1-dbd673e8871d","element-6066-11e4-a52e-4f735466cecf":"8e1b6542-63b5-4f52-99a1-dbd673e8871d"},{"ELEMENT":"7c15555a-67d2-4251-8b50-8c0491c16ded","element-6066-11e4-a52e-4f735466cecf":"7c15555a-67d2-4251-8b50-8c0491c16ded"},{"ELEMENT":"c970f6bd-af1c-4c73-a90e-3a1a8fcf02c2","element-6066-11e4-a52e-4f735466cecf":"c970f6bd-af1c-4c73-a90e-3a1a8fcf02c2"},{"ELEMENT":"eba22cb0-9b1c-43e2-99be-74b37b76d754","element-6066-...
[debug] &amp#27;[35m[W3C (16b3dbbe)]&amp#27;[39m Responding to client with driver.findElements() result: [{"element-6066-11e4-a52e-4f735466cecf":"00c34aff-d8d1-4933-86c3-2da07eb24344","ELEMENT":"00c34aff-d8d1-4933-86c3-2da07eb24344"},{"element-6066-11e4-a52e-4f735466cecf":"e54eede2-bdd9-49fb-95a1-cccf1a837ed7","ELEMENT":"e54eede2-bdd9-49fb-95a1-cccf1a837ed7"},{"element-6066-11e4-a52e-4f735466cecf":"02880781-df46-4b9a-a835-04a239570521","ELEMENT":"02880781-df46-4b9a-a835-04a239570521"},{"element-6066-11e4-a52e-4f735466cecf":"c0eced93-5817-45db-a233-e39cbc011824","ELEMENT":"c0eced93-5817-45db-a233-e39cbc011824"},{"element-6066-11e4-a52e-4f735466cecf":"8e1b6542-63b5-4f52-99a1-dbd673e8871d","ELEMENT":"8e1b6542-63b5-4f52-99a1-dbd673e8871d"},{"element-6066-11e4-a52e-4f735466cecf":"7c15555a-67d2-4251-8b50-8c0491c16ded","ELEMENT":"7c15555a-67d2-4251-8b50-8c0491c16ded"},{"element-6066-11e4-a52e-4f735466cecf":"c970f6bd-af1c-4c73-a90e-3a1a8fcf02c2","ELEMENT":"c970f6bd-af1c-4c73-a90e-3a1a8fcf02c2"},{"element-6066-11e4-a52e-4f735466cecf":"eba22cb0-9b1c-43e2-99be-74b37b76d754","ELEMENT":"eba22cb0-9b1c-43e2-99be-74b37b76d75...
&amp#27;[35m[HTTP]&amp#27;[39m &amp#27;[37m<-- POST /wd/hub/session/16b3dbbe-df97-44a4-9c86-a4c3f5d63c85/elements &amp#27;[39m&amp#27;[32m200&amp#27;[39m &amp#27;[90m37 ms - 1035&amp#27;[39m
&amp#27;[35m[HTTP]&amp#27;[39m &amp#27;[90m&amp#27;[39m
13
&amp#27;[35m[HTTP]&amp#27;[39m &amp#27;[37m-->&amp#27;[39m &amp#27;[37mGET&amp#27;[39m &amp#27;[37m/wd/hub/session/16b3dbbe-df97-44a4-9c86-a4c3f5d63c85/context&amp#27;[39m
&amp#27;[35m[HTTP]&amp#27;[39m &amp#27;[90m{}&amp#27;[39m
[debug] &amp#27;[35m[W3C (16b3dbbe)]&amp#27;[39m Calling AppiumDriver.getCurrentContext() with args: ["16b3dbbe-df97-44a4-9c86-a4c3f5d63c85"]
[debug] &amp#27;[35m[W3C (16b3dbbe)]&amp#27;[39m Responding to client with driver.getCurrentContext() result: "NATIVE_APP"
&amp#27;[35m[HTTP]&amp#27;[39m &amp#27;[37m<-- GET /wd/hub/session/16b3dbbe-df97-44a4-9c86-a4c3f5d63c85/context &amp#27;[39m&amp#27;[32m200&amp#27;[39m &amp#27;[90m1 ms - 22&amp#27;[39m
&amp#27;[35m[HTTP]&amp#27;[39m &amp#27;[90m&amp#27;[39m
&amp#27;[35m[HTTP]&amp#27;[39m &amp#27;[37m-->&amp#27;[39m &amp#27;[37mPOST&amp#27;[39m &amp#27;[37m/wd/hub/session/16b3dbbe-df97-44a4-9c86-a4c3f5d63c85/element&amp#27;[39m
&amp#27;[35m[HTTP]&amp#27;[39m &amp#27;[90m{"using":"xpath","value":"//android.view.View[@text='Account Remove Successfully']"}&amp#27;[39m
[debug] &amp#27;[35m[W3C (16b3dbbe)]&amp#27;[39m Calling AppiumDriver.findElement() with args: ["xpath","//android.view.View[@text='Account Remove Successfully']","16b3dbbe-df97-44a4-9c86-a4c3f5d63c85"]
[debug] &amp#27;[35m[BaseDriver]&amp#27;[39m Valid locator strategies for this request: xpath, id, class name, accessibility id, css selector, -android uiautomator
[debug] &amp#27;[35m[BaseDriver]&amp#27;[39m Waiting up to 10000 ms for condition
[debug] &amp#27;[35m[WD Proxy]&amp#27;[39m Matched '/element' to command name 'findElement'
[debug] &amp#27;[35m[WD Proxy]&amp#27;[39m Proxying [POST /element] to [POST http://127.0.0.1:8201/wd/hub/session/1a942fc2-6d85-4888-a85b-0042439c6f52/element] with body: {"strategy":"xpath","selector":"//android.view.View[@text='Account Remove Successfully']","context":"","multiple":false}
[debug] &amp#27;[35m[WD Proxy]&amp#27;[39m Got response with status 200: {"sessionId":"1a942fc2-6d85-4888-a85b-0042439c6f52","value":{"ELEMENT":"0a13cba9-7e52-4586-8ab6-c5695e2b0014","element-6066-11e4-a52e-4f735466cecf":"0a13cba9-7e52-4586-8ab6-c5695e2b0014"}}
[debug] &amp#27;[35m[W3C (16b3dbbe)]&amp#27;[39m Responding to client with driver.findElement() result: {"element-6066-11e4-a52e-4f735466cecf":"0a13cba9-7e52-4586-8ab6-c5695e2b0014","ELEMENT":"0a13cba9-7e52-4586-8ab6-c5695e2b0014"}
&amp#27;[35m[HTTP]&amp#27;[39m &amp#27;[37m<-- POST /wd/hub/session/16b3dbbe-df97-44a4-9c86-a4c3f5d63c85/element &amp#27;[39m&amp#27;[32m200&amp#27;[39m &amp#27;[90m63 ms - 137&amp#27;[39m
&amp#27;[35m[HTTP]&amp#27;[39m &amp#27;[90m&amp#27;[39m
&amp#27;[35m[HTTP]&amp#27;[39m &amp#27;[37m-->&amp#27;[39m &amp#27;[37mGET&amp#27;[39m &amp#27;[37m/wd/hub/session/16b3dbbe-df97-44a4-9c86-a4c3f5d63c85/element/0a13cba9-7e52-4586-8ab6-c5695e2b0014/text&amp#27;[39m
&amp#27;[35m[HTTP]&amp#27;[39m &amp#27;[90m{}&amp#27;[39m
&amp#27;[35m[W3C (16b3dbbe)]&amp#27;[39m Driver proxy active, passing request on via HTTP proxy
[debug] &amp#27;[35m[WD Proxy]&amp#27;[39m Matched '/wd/hub/session/16b3dbbe-df97-44a4-9c86-a4c3f5d63c85/element/0a13cba9-7e52-4586-8ab6-c5695e2b0014/text' to command name 'getText'
[debug] &amp#27;[35m[WD Proxy]&amp#27;[39m Proxying [GET /wd/hub/session/16b3dbbe-df97-44a4-9c86-a4c3f5d63c85/element/0a13cba9-7e52-4586-8ab6-c5695e2b0014/text] to [GET http://127.0.0.1:8201/wd/hub/session/1a942fc2-6d85-4888-a85b-0042439c6f52/element/0a13cba9-7e52-4586-8ab6-c5695e2b0014/text] with no body
[debug] &amp#27;[35m[WD Proxy]&amp#27;[39m Got response with status 200: {"sessionId":"1a942fc2-6d85-4888-a85b-0042439c6f52","value":"Account Remove Successfully"}
&amp#27;[35m[WD Proxy]&amp#27;[39m Replacing sessionId 1a942fc2-6d85-4888-a85b-0042439c6f52 with 16b3dbbe-df97-44a4-9c86-a4c3f5d63c85
&amp#27;[35m[HTTP]&amp#27;[39m &amp#27;[37m<-- GET /wd/hub/session/16b3dbbe-df97-44a4-9c86-a4c3f5d63c85/element/0a13cba9-7e52-4586-8ab6-c5695e2b0014/text &amp#27;[39m&amp#27;[32m200&amp#27;[39m &amp#27;[90m17 ms - 90&amp#27;[39m
&amp#27;[35m[HTTP]&amp#27;[39m &amp#27;[90m&amp#27;[39m
Account Removed Succesfully
&amp#27;[35m[HTTP]&amp#27;[39m &amp#27;[37m-->&amp#27;[39m &amp#27;[37mGET&amp#27;[39m &amp#27;[37m/wd/hub/session/16b3dbbe-df97-44a4-9c86-a4c3f5d63c85/context&amp#27;[39m
&amp#27;[35m[HTTP]&amp#27;[39m &amp#27;[90m{}&amp#27;[39m
[debug] &amp#27;[35m[W3C (16b3dbbe)]&amp#27;[39m Calling AppiumDriver.getCurrentContext() with args: ["16b3dbbe-df97-44a4-9c86-a4c3f5d63c85"]
[debug] &amp#27;[35m[W3C (16b3dbbe)]&amp#27;[39m Responding to client with driver.getCurrentContext() result: "NATIVE_APP"
&amp#27;[35m[HTTP]&amp#27;[39m &amp#27;[37m<-- GET /wd/hub/session/16b3dbbe-df97-44a4-9c86-a4c3f5d63c85/context &amp#27;[39m&amp#27;[32m200&amp#27;[39m &amp#27;[90m1 ms - 22&amp#27;[39m
&amp#27;[35m[HTTP]&amp#27;[39m &amp#27;[90m&amp#27;[39m
&amp#27;[35m[HTTP]&amp#27;[39m &amp#27;[37m-->&amp#27;[39m &amp#27;[37mPOST&amp#27;[39m &amp#27;[37m/wd/hub/session/16b3dbbe-df97-44a4-9c86-a4c3f5d63c85/elements&amp#27;[39m
&amp#27;[35m[HTTP]&amp#27;[39m &amp#27;[90m{"using":"class name","value":"android.widget.Image"}&amp#27;[39m
[debug] &amp#27;[35m[W3C (16b3dbbe)]&amp#27;[39m Calling AppiumDriver.findElements() with args: ["class name","android.widget.Image","16b3dbbe-df97-44a4-9c86-a4c3f5d63c85"]
[debug] &amp#27;[35m[BaseDriver]&amp#27;[39m Valid locator strategies for this request: xpath, id, class name, accessibility id, css selector, -android uiautomator
[debug] &amp#27;[35m[BaseDriver]&amp#27;[39m Waiting up to 10000 ms for condition
[debug] &amp#27;[35m[WD Proxy]&amp#27;[39m Matched '/elements' to command name 'findElements'
[debug] &amp#27;[35m[WD Proxy]&amp#27;[39m Proxying [POST /elements] to [POST http://127.0.0.1:8201/wd/hub/session/1a942fc2-6d85-4888-a85b-0042439c6f52/elements] with body: {"strategy":"class name","selector":"android.widget.Image","context":"","multiple":true}
[debug] &amp#27;[35m[WD Proxy]&amp#27;[39m Got response with status 200: {"sessionId":"1a942fc2-6d85-4888-a85b-0042439c6f52","value":[{"ELEMENT":"ef5ce413-6e80-4332-be10-70a7cb738833","element-6066-11e4-a52e-4f735466cecf":"ef5ce413-6e80-4332-be10-70a7cb738833"},{"ELEMENT":"538661a7-57db-4cd9-9292-eb4effbb8ba4","element-6066-11e4-a52e-4f735466cecf":"538661a7-57db-4cd9-9292-eb4effbb8ba4"},{"ELEMENT":"0ca9f0c4-957d-4891-8dd8-9fc350c4afa8","element-6066-11e4-a52e-4f735466cecf":"0ca9f0c4-957d-4891-8dd8-9fc350c4afa8"},{"ELEMENT":"3dff45cd-860b-4772-a882-dfaeeef8a4e9","element-6066-11e4-a52e-4f735466cecf":"3dff45cd-860b-4772-a882-dfaeeef8a4e9"},{"ELEMENT":"4053b854-18ba-475b-a92e-3de318fa99c4","element-6066-11e4-a52e-4f735466cecf":"4053b854-18ba-475b-a92e-3de318fa99c4"},{"ELEMENT":"3fb13a81-e7ba-46c3-bc2c-7a1ff5ec1afb","element-6066-11e4-a52e-4f735466cecf":"3fb13a81-e7ba-46c3-bc2c-7a1ff5ec1afb"},{"ELEMENT":"27d3c49b-b86e-4e62-93eb-0ad192f48e3c","element-6066-11e4-a52e-4f735466cecf":"27d3c49b-b86e-4e62-93eb-0ad192f48e3c"},{"ELEMENT":"d79dd534-7705-4b0d-a1ab-c0e027293e87","element-6066-...
[debug] &amp#27;[35m[W3C (16b3dbbe)]&amp#27;[39m Responding to client with driver.findElements() result: [{"element-6066-11e4-a52e-4f735466cecf":"ef5ce413-6e80-4332-be10-70a7cb738833","ELEMENT":"ef5ce413-6e80-4332-be10-70a7cb738833"},{"element-6066-11e4-a52e-4f735466cecf":"538661a7-57db-4cd9-9292-eb4effbb8ba4","ELEMENT":"538661a7-57db-4cd9-9292-eb4effbb8ba4"},{"element-6066-11e4-a52e-4f735466cecf":"0ca9f0c4-957d-4891-8dd8-9fc350c4afa8","ELEMENT":"0ca9f0c4-957d-4891-8dd8-9fc350c4afa8"},{"element-6066-11e4-a52e-4f735466cecf":"3dff45cd-860b-4772-a882-dfaeeef8a4e9","ELEMENT":"3dff45cd-860b-4772-a882-dfaeeef8a4e9"},{"element-6066-11e4-a52e-4f735466cecf":"4053b854-18ba-475b-a92e-3de318fa99c4","ELEMENT":"4053b854-18ba-475b-a92e-3de318fa99c4"},{"element-6066-11e4-a52e-4f735466cecf":"3fb13a81-e7ba-46c3-bc2c-7a1ff5ec1afb","ELEMENT":"3fb13a81-e7ba-46c3-bc2c-7a1ff5ec1afb"},{"element-6066-11e4-a52e-4f735466cecf":"27d3c49b-b86e-4e62-93eb-0ad192f48e3c","ELEMENT":"27d3c49b-b86e-4e62-93eb-0ad192f48e3c"},{"element-6066-11e4-a52e-4f735466cecf":"d79dd534-7705-4b0d-a1ab-c0e027293e87","ELEMENT":"d79dd534-7705-4b0d-a1ab-c0e027293e8...
&amp#27;[35m[HTTP]&amp#27;[39m &amp#27;[37m<-- POST /wd/hub/session/16b3dbbe-df97-44a4-9c86-a4c3f5d63c85/elements &amp#27;[39m&amp#27;[32m200&amp#27;[39m &amp#27;[90m38 ms - 1035&amp#27;[39m
&amp#27;[35m[HTTP]&amp#27;[39m &amp#27;[90m&amp#27;[39m
&amp#27;[35m[HTTP]&amp#27;[39m &amp#27;[37m-->&amp#27;[39m &amp#27;[37mPOST&amp#27;[39m &amp#27;[37m/wd/hub/session/16b3dbbe-df97-44a4-9c86-a4c3f5d63c85/element/d79dd534-7705-4b0d-a1ab-c0e027293e87/click&amp#27;[39m
&amp#27;[35m[HTTP]&amp#27;[39m &amp#27;[90m{"id":"d79dd534-7705-4b0d-a1ab-c0e027293e87"}&amp#27;[39m
[debug] &amp#27;[35m[W3C (16b3dbbe)]&amp#27;[39m Calling AppiumDriver.click() with args: ["d79dd534-7705-4b0d-a1ab-c0e027293e87","16b3dbbe-df97-44a4-9c86-a4c3f5d63c85"]
[debug] &amp#27;[35m[WD Proxy]&amp#27;[39m Matched '/element/d79dd534-7705-4b0d-a1ab-c0e027293e87/click' to command name 'click'
[debug] &amp#27;[35m[WD Proxy]&amp#27;[39m Proxying [POST /element/d79dd534-7705-4b0d-a1ab-c0e027293e87/click] to [POST http://127.0.0.1:8201/wd/hub/session/1a942fc2-6d85-4888-a85b-0042439c6f52/element/d79dd534-7705-4b0d-a1ab-c0e027293e87/click] with body: {"element":"d79dd534-7705-4b0d-a1ab-c0e027293e87"}
[debug] &amp#27;[35m[WD Proxy]&amp#27;[39m Got response with status 200: {"sessionId":"1a942fc2-6d85-4888-a85b-0042439c6f52","value":null}
[debug] &amp#27;[35m[W3C (16b3dbbe)]&amp#27;[39m Responding to client with driver.click() result: null
&amp#27;[35m[HTTP]&amp#27;[39m &amp#27;[37m<-- POST /wd/hub/session/16b3dbbe-df97-44a4-9c86-a4c3f5d63c85/element/d79dd534-7705-4b0d-a1ab-c0e027293e87/click &amp#27;[39m&amp#27;[32m200&amp#27;[39m &amp#27;[90m81 ms - 14&amp#27;[39m
&amp#27;[35m[HTTP]&amp#27;[39m &amp#27;[90m&amp#27;[39m
&amp#27;[35m[HTTP]&amp#27;[39m &amp#27;[37m-->&amp#27;[39m &amp#27;[37mGET&amp#27;[39m &amp#27;[37m/wd/hub/session/16b3dbbe-df97-44a4-9c86-a4c3f5d63c85/context&amp#27;[39m
&amp#27;[35m[HTTP]&amp#27;[39m &amp#27;[90m{}&amp#27;[39m
[debug] &amp#27;[35m[W3C (16b3dbbe)]&amp#27;[39m Calling AppiumDriver.getCurrentContext() with args: ["16b3dbbe-df97-44a4-9c86-a4c3f5d63c85"]
[debug] &amp#27;[35m[W3C (16b3dbbe)]&amp#27;[39m Responding to client with driver.getCurrentContext() result: "NATIVE_APP"
&amp#27;[35m[HTTP]&amp#27;[39m &amp#27;[37m<-- GET /wd/hub/session/16b3dbbe-df97-44a4-9c86-a4c3f5d63c85/context &amp#27;[39m&amp#27;[32m200&amp#27;[39m &amp#27;[90m3 ms - 22&amp#27;[39m
&amp#27;[35m[HTTP]&amp#27;[39m &amp#27;[90m&amp#27;[39m
&amp#27;[35m[HTTP]&amp#27;[39m &amp#27;[37m-->&amp#27;[39m &amp#27;[37mPOST&amp#27;[39m &amp#27;[37m/wd/hub/session/16b3dbbe-df97-44a4-9c86-a4c3f5d63c85/elements&amp#27;[39m
&amp#27;[35m[HTTP]&amp#27;[39m &amp#27;[90m{"using":"class name","value":"android.widget.Image"}&amp#27;[39m
[debug] &amp#27;[35m[W3C (16b3dbbe)]&amp#27;[39m Calling AppiumDriver.findElements() with args: ["class name","android.widget.Image","16b3dbbe-df97-44a4-9c86-a4c3f5d63c85"]
[debug] &amp#27;[35m[BaseDriver]&amp#27;[39m Valid locator strategies for this request: xpath, id, class name, accessibility id, css selector, -android uiautomator
[debug] &amp#27;[35m[BaseDriver]&amp#27;[39m Waiting up to 10000 ms for condition
[debug] &amp#27;[35m[WD Proxy]&amp#27;[39m Matched '/elements' to command name 'findElements'
[debug] &amp#27;[35m[WD Proxy]&amp#27;[39m Proxying [POST /elements] to [POST http://127.0.0.1:8201/wd/hub/session/1a942fc2-6d85-4888-a85b-0042439c6f52/elements] with body: {"strategy":"class name","selector":"android.widget.Image","context":"","multiple":true}
[debug] &amp#27;[35m[WD Proxy]&amp#27;[39m Got response with status 200: {"sessionId":"1a942fc2-6d85-4888-a85b-0042439c6f52","value":[{"ELEMENT":"1e43f777-1769-4b7c-97b0-e2231c923390","element-6066-11e4-a52e-4f735466cecf":"1e43f777-1769-4b7c-97b0-e2231c923390"},{"ELEMENT":"9185ba28-89c1-4b2d-bedb-8c9cd9149ae3","element-6066-11e4-a52e-4f735466cecf":"9185ba28-89c1-4b2d-bedb-8c9cd9149ae3"},{"ELEMENT":"eaf67921-5c31-42a9-ab75-909c8fae2503","element-6066-11e4-a52e-4f735466cecf":"eaf67921-5c31-42a9-ab75-909c8fae2503"},{"ELEMENT":"f4e474c1-2c3d-49aa-9183-564e07936d51","element-6066-11e4-a52e-4f735466cecf":"f4e474c1-2c3d-49aa-9183-564e07936d51"},{"ELEMENT":"6b8530a4-cfb0-4cfb-a121-535fffccaf0e","element-6066-11e4-a52e-4f735466cecf":"6b8530a4-cfb0-4cfb-a121-535fffccaf0e"},{"ELEMENT":"5d9ebea3-71a0-4913-90a2-1ee7ec8109e8","element-6066-11e4-a52e-4f735466cecf":"5d9ebea3-71a0-4913-90a2-1ee7ec8109e8"},{"ELEMENT":"c01b548c-46aa-4bdc-8399-90bf482987fd","element-6066-11e4-a52e-4f735466cecf":"c01b548c-46aa-4bdc-8399-90bf482987fd"}]}
[debug] &amp#27;[35m[W3C (16b3dbbe)]&amp#27;[39m Responding to client with driver.findElements() result: [{"element-6066-11e4-a52e-4f735466cecf":"1e43f777-1769-4b7c-97b0-e2231c923390","ELEMENT":"1e43f777-1769-4b7c-97b0-e2231c923390"},{"element-6066-11e4-a52e-4f735466cecf":"9185ba28-89c1-4b2d-bedb-8c9cd9149ae3","ELEMENT":"9185ba28-89c1-4b2d-bedb-8c9cd9149ae3"},{"element-6066-11e4-a52e-4f735466cecf":"eaf67921-5c31-42a9-ab75-909c8fae2503","ELEMENT":"eaf67921-5c31-42a9-ab75-909c8fae2503"},{"element-6066-11e4-a52e-4f735466cecf":"f4e474c1-2c3d-49aa-9183-564e07936d51","ELEMENT":"f4e474c1-2c3d-49aa-9183-564e07936d51"},{"element-6066-11e4-a52e-4f735466cecf":"6b8530a4-cfb0-4cfb-a121-535fffccaf0e","ELEMENT":"6b8530a4-cfb0-4cfb-a121-535fffccaf0e"},{"element-6066-11e4-a52e-4f735466cecf":"5d9ebea3-71a0-4913-90a2-1ee7ec8109e8","ELEMENT":"5d9ebea3-71a0-4913-90a2-1ee7ec8109e8"},{"element-6066-11e4-a52e-4f735466cecf":"c01b548c-46aa-4bdc-8399-90bf482987fd","ELEMENT":"c01b548c-46aa-4bdc-8399-90bf482987fd"}]
&amp#27;[35m[HTTP]&amp#27;[39m &amp#27;[37m<-- POST /wd/hub/session/16b3dbbe-df97-44a4-9c86-a4c3f5d63c85/elements &amp#27;[39m&amp#27;[32m200&amp#27;[39m &amp#27;[90m111 ms - 907&amp#27;[39m
&amp#27;[35m[HTTP]&amp#27;[39m &amp#27;[90m&amp#27;[39m
&amp#27;[35m[HTTP]&amp#27;[39m &amp#27;[37m-->&amp#27;[39m &amp#27;[37mPOST&amp#27;[39m &amp#27;[37m/wd/hub/session/16b3dbbe-df97-44a4-9c86-a4c3f5d63c85/element/f4e474c1-2c3d-49aa-9183-564e07936d51/click&amp#27;[39m
&amp#27;[35m[HTTP]&amp#27;[39m &amp#27;[90m{"id":"f4e474c1-2c3d-49aa-9183-564e07936d51"}&amp#27;[39m
[debug] &amp#27;[35m[W3C (16b3dbbe)]&amp#27;[39m Calling AppiumDriver.click() with args: ["f4e474c1-2c3d-49aa-9183-564e07936d51","16b3dbbe-df97-44a4-9c86-a4c3f5d63c85"]
[debug] &amp#27;[35m[WD Proxy]&amp#27;[39m Matched '/element/f4e474c1-2c3d-49aa-9183-564e07936d51/click' to command name 'click'
[debug] &amp#27;[35m[WD Proxy]&amp#27;[39m Proxying [POST /element/f4e474c1-2c3d-49aa-9183-564e07936d51/click] to [POST http://127.0.0.1:8201/wd/hub/session/1a942fc2-6d85-4888-a85b-0042439c6f52/element/f4e474c1-2c3d-49aa-9183-564e07936d51/click] with body: {"element":"f4e474c1-2c3d-49aa-9183-564e07936d51"}
[debug] &amp#27;[35m[WD Proxy]&amp#27;[39m Got response with status 200: {"sessionId":"1a942fc2-6d85-4888-a85b-0042439c6f52","value":null}
[debug] &amp#27;[35m[W3C (16b3dbbe)]&amp#27;[39m Responding to client with driver.click() result: null
&amp#27;[35m[HTTP]&amp#27;[39m &amp#27;[37m<-- POST /wd/hub/session/16b3dbbe-df97-44a4-9c86-a4c3f5d63c85/element/f4e474c1-2c3d-49aa-9183-564e07936d51/click &amp#27;[39m&amp#27;[32m200&amp#27;[39m &amp#27;[90m412 ms - 14&amp#27;[39m
&amp#27;[35m[HTTP]&amp#27;[39m &amp#27;[90m&amp#27;[39m
&amp#27;[35m[HTTP]&amp#27;[39m &amp#27;[37m-->&amp#27;[39m &amp#27;[37mGET&amp#27;[39m &amp#27;[37m/wd/hub/session/16b3dbbe-df97-44a4-9c86-a4c3f5d63c85/context&amp#27;[39m
&amp#27;[35m[HTTP]&amp#27;[39m &amp#27;[90m{}&amp#27;[39m
[debug] &amp#27;[35m[W3C (16b3dbbe)]&amp#27;[39m Calling AppiumDriver.getCurrentContext() with args: ["16b3dbbe-df97-44a4-9c86-a4c3f5d63c85"]
[debug] &amp#27;[35m[W3C (16b3dbbe)]&amp#27;[39m Responding to client with driver.getCurrentContext() result: "NATIVE_APP"
&amp#27;[35m[HTTP]&amp#27;[39m &amp#27;[37m<-- GET /wd/hub/session/16b3dbbe-df97-44a4-9c86-a4c3f5d63c85/context &amp#27;[39m&amp#27;[32m200&amp#27;[39m &amp#27;[90m1 ms - 22&amp#27;[39m
&amp#27;[35m[HTTP]&amp#27;[39m &amp#27;[90m&amp#27;[39m
&amp#27;[35m[HTTP]&amp#27;[39m &amp#27;[37m-->&amp#27;[39m &amp#27;[37mPOST&amp#27;[39m &amp#27;[37m/wd/hub/session/16b3dbbe-df97-44a4-9c86-a4c3f5d63c85/element&amp#27;[39m
&amp#27;[35m[HTTP]&amp#27;[39m &amp#27;[90m{"using":"xpath","value":"//android.view.View[@text='Remove Account']"}&amp#27;[39m
[debug] &amp#27;[35m[W3C (16b3dbbe)]&amp#27;[39m Calling AppiumDriver.findElement() with args: ["xpath","//android.view.View[@text='Remove Account']","16b3dbbe-df97-44a4-9c86-a4c3f5d63c85"]
[debug] &amp#27;[35m[BaseDriver]&amp#27;[39m Valid locator strategies for this request: xpath, id, class name, accessibility id, css selector, -android uiautomator
[debug] &amp#27;[35m[BaseDriver]&amp#27;[39m Waiting up to 10000 ms for condition
[debug] &amp#27;[35m[WD Proxy]&amp#27;[39m Matched '/element' to command name 'findElement'
[debug] &amp#27;[35m[WD Proxy]&amp#27;[39m Proxying [POST /element] to [POST http://127.0.0.1:8201/wd/hub/session/1a942fc2-6d85-4888-a85b-0042439c6f52/element] with body: {"strategy":"xpath","selector":"//android.view.View[@text='Remove Account']","context":"","multiple":false}
[debug] &amp#27;[35m[WD Proxy]&amp#27;[39m Got response with status 200: {"sessionId":"1a942fc2-6d85-4888-a85b-0042439c6f52","value":{"ELEMENT":"bb50586d-eea7-4af7-a5c0-ee34a99b8c80","element-6066-11e4-a52e-4f735466cecf":"bb50586d-eea7-4af7-a5c0-ee34a99b8c80"}}
[debug] &amp#27;[35m[W3C (16b3dbbe)]&amp#27;[39m Responding to client with driver.findElement() result: {"element-6066-11e4-a52e-4f735466cecf":"bb50586d-eea7-4af7-a5c0-ee34a99b8c80","ELEMENT":"bb50586d-eea7-4af7-a5c0-ee34a99b8c80"}
&amp#27;[35m[HTTP]&amp#27;[39m &amp#27;[37m<-- POST /wd/hub/session/16b3dbbe-df97-44a4-9c86-a4c3f5d63c85/element &amp#27;[39m&amp#27;[32m200&amp#27;[39m &amp#27;[90m570 ms - 137&amp#27;[39m
&amp#27;[35m[HTTP]&amp#27;[39m &amp#27;[90m&amp#27;[39m
&amp#27;[35m[HTTP]&amp#27;[39m &amp#27;[37m-->&amp#27;[39m &amp#27;[37mPOST&amp#27;[39m &amp#27;[37m/wd/hub/session/16b3dbbe-df97-44a4-9c86-a4c3f5d63c85/element/bb50586d-eea7-4af7-a5c0-ee34a99b8c80/click&amp#27;[39m
&amp#27;[35m[HTTP]&amp#27;[39m &amp#27;[90m{"id":"bb50586d-eea7-4af7-a5c0-ee34a99b8c80"}&amp#27;[39m
[debug] &amp#27;[35m[W3C (16b3dbbe)]&amp#27;[39m Calling AppiumDriver.click() with args: ["bb50586d-eea7-4af7-a5c0-ee34a99b8c80","16b3dbbe-df97-44a4-9c86-a4c3f5d63c85"]
[debug] &amp#27;[35m[WD Proxy]&amp#27;[39m Matched '/element/bb50586d-eea7-4af7-a5c0-ee34a99b8c80/click' to command name 'click'
[debug] &amp#27;[35m[WD Proxy]&amp#27;[39m Proxying [POST /element/bb50586d-eea7-4af7-a5c0-ee34a99b8c80/click] to [POST http://127.0.0.1:8201/wd/hub/session/1a942fc2-6d85-4888-a85b-0042439c6f52/element/bb50586d-eea7-4af7-a5c0-ee34a99b8c80/click] with body: {"element":"bb50586d-eea7-4af7-a5c0-ee34a99b8c80"}
[debug] &amp#27;[35m[WD Proxy]&amp#27;[39m Got response with status 200: {"sessionId":"1a942fc2-6d85-4888-a85b-0042439c6f52","value":null}
[debug] &amp#27;[35m[W3C (16b3dbbe)]&amp#27;[39m Responding to client with driver.click() result: null
&amp#27;[35m[HTTP]&amp#27;[39m &amp#27;[37m<-- POST /wd/hub/session/16b3dbbe-df97-44a4-9c86-a4c3f5d63c85/element/bb50586d-eea7-4af7-a5c0-ee34a99b8c80/click &amp#27;[39m&amp#27;[32m200&amp#27;[39m &amp#27;[90m496 ms - 14&amp#27;[39m
&amp#27;[35m[HTTP]&amp#27;[39m &amp#27;[90m&amp#27;[39m
&amp#27;[35m[HTTP]&amp#27;[39m &amp#27;[37m-->&amp#27;[39m &amp#27;[37mGET&amp#27;[39m &amp#27;[37m/wd/hub/session/16b3dbbe-df97-44a4-9c86-a4c3f5d63c85/context&amp#27;[39m
&amp#27;[35m[HTTP]&amp#27;[39m &amp#27;[90m{}&amp#27;[39m
[debug] &amp#27;[35m[W3C (16b3dbbe)]&amp#27;[39m Calling AppiumDriver.getCurrentContext() with args: ["16b3dbbe-df97-44a4-9c86-a4c3f5d63c85"]
[debug] &amp#27;[35m[W3C (16b3dbbe)]&amp#27;[39m Responding to client with driver.getCurrentContext() result: "NATIVE_APP"
&amp#27;[35m[HTTP]&amp#27;[39m &amp#27;[37m<-- GET /wd/hub/session/16b3dbbe-df97-44a4-9c86-a4c3f5d63c85/context &amp#27;[39m&amp#27;[32m200&amp#27;[39m &amp#27;[90m2 ms - 22&amp#27;[39m
&amp#27;[35m[HTTP]&amp#27;[39m &amp#27;[90m&amp#27;[39m
&amp#27;[35m[HTTP]&amp#27;[39m &amp#27;[37m-->&amp#27;[39m &amp#27;[37mPOST&amp#27;[39m &amp#27;[37m/wd/hub/session/16b3dbbe-df97-44a4-9c86-a4c3f5d63c85/element&amp#27;[39m
&amp#27;[35m[HTTP]&amp#27;[39m &amp#27;[90m{"using":"xpath","value":"//android.widget.Button[@text='Remove']"}&amp#27;[39m
[debug] &amp#27;[35m[W3C (16b3dbbe)]&amp#27;[39m Calling AppiumDriver.findElement() with args: ["xpath","//android.widget.Button[@text='Remove']","16b3dbbe-df97-44a4-9c86-a4c3f5d63c85"]
[debug] &amp#27;[35m[BaseDriver]&amp#27;[39m Valid locator strategies for this request: xpath, id, class name, accessibility id, css selector, -android uiautomator
[debug] &amp#27;[35m[BaseDriver]&amp#27;[39m Waiting up to 10000 ms for condition
[debug] &amp#27;[35m[WD Proxy]&amp#27;[39m Matched '/element' to command name 'findElement'
[debug] &amp#27;[35m[WD Proxy]&amp#27;[39m Proxying [POST /element] to [POST http://127.0.0.1:8201/wd/hub/session/1a942fc2-6d85-4888-a85b-0042439c6f52/element] with body: {"strategy":"xpath","selector":"//android.widget.Button[@text='Remove']","context":"","multiple":false}
&amp#27;[35m[WD Proxy]&amp#27;[39m Got response with status 404: {"sessionId":"1a942fc2-6d85-4888-a85b-0042439c6f52","value":{"error":"no such element","message":"An element could not be located on the page using the given search parameters","stacktrace":"io.appium.uiautomator2.common.exceptions.ElementNotFoundException: An element could not be located on the page using the given search parameters\n\tat io.appium.uiautomator2.handler.FindElement.findElement(FindElement.java:89)\n\tat io.appium.uiautomator2.handler.FindElement.safeHandle(FindElement.java:66)\n\tat io.appium.uiautomator2.handler.request.SafeRequestHandler.handle(SafeRequestHandler.java:41)\n\tat io.appium.uiautomator2.server.AppiumServlet.handleRequest(AppiumServlet.java:262)\n\tat io.appium.uiautomator2.server.AppiumServlet.handleHttpRequest(AppiumServlet.java:256)\n\tat io.appium.uiautomator2.http.ServerHandler.channelRead(ServerHandler.java:68)\n\tat io.netty.channel.AbstractChannelHandlerContext.invokeChannelRead(AbstractChannelHandlerContext.java:366)\n\tat io.netty.channel.AbstractChannelHandlerCont...
[debug] &amp#27;[35m[W3C]&amp#27;[39m Matched W3C error code 'no such element' to NoSuchElementError
[debug] &amp#27;[35m[BaseDriver]&amp#27;[39m Waited for 188 ms so far
[debug] &amp#27;[35m[WD Proxy]&amp#27;[39m Matched '/element' to command name 'findElement'
[debug] &amp#27;[35m[WD Proxy]&amp#27;[39m Proxying [POST /element] to [POST http://127.0.0.1:8201/wd/hub/session/1a942fc2-6d85-4888-a85b-0042439c6f52/element] with body: {"strategy":"xpath","selector":"//android.widget.Button[@text='Remove']","context":"","multiple":false}
[debug] &amp#27;[35m[WD Proxy]&amp#27;[39m Got response with status 200: {"sessionId":"1a942fc2-6d85-4888-a85b-0042439c6f52","value":{"ELEMENT":"c1389bfc-93c0-43cd-a5d3-279c72cfbf01","element-6066-11e4-a52e-4f735466cecf":"c1389bfc-93c0-43cd-a5d3-279c72cfbf01"}}
[debug] &amp#27;[35m[W3C (16b3dbbe)]&amp#27;[39m Responding to client with driver.findElement() result: {"element-6066-11e4-a52e-4f735466cecf":"c1389bfc-93c0-43cd-a5d3-279c72cfbf01","ELEMENT":"c1389bfc-93c0-43cd-a5d3-279c72cfbf01"}
&amp#27;[35m[HTTP]&amp#27;[39m &amp#27;[37m<-- POST /wd/hub/session/16b3dbbe-df97-44a4-9c86-a4c3f5d63c85/element &amp#27;[39m&amp#27;[32m200&amp#27;[39m &amp#27;[90m1077 ms - 137&amp#27;[39m
&amp#27;[35m[HTTP]&amp#27;[39m &amp#27;[90m&amp#27;[39m
&amp#27;[35m[HTTP]&amp#27;[39m &amp#27;[37m-->&amp#27;[39m &amp#27;[37mPOST&amp#27;[39m &amp#27;[37m/wd/hub/session/16b3dbbe-df97-44a4-9c86-a4c3f5d63c85/element/c1389bfc-93c0-43cd-a5d3-279c72cfbf01/click&amp#27;[39m
&amp#27;[35m[HTTP]&amp#27;[39m &amp#27;[90m{"id":"c1389bfc-93c0-43cd-a5d3-279c72cfbf01"}&amp#27;[39m
[debug] &amp#27;[35m[W3C (16b3dbbe)]&amp#27;[39m Calling AppiumDriver.click() with args: ["c1389bfc-93c0-43cd-a5d3-279c72cfbf01","16b3dbbe-df97-44a4-9c86-a4c3f5d63c85"]
[debug] &amp#27;[35m[WD Proxy]&amp#27;[39m Matched '/element/c1389bfc-93c0-43cd-a5d3-279c72cfbf01/click' to command name 'click'
[debug] &amp#27;[35m[WD Proxy]&amp#27;[39m Proxying [POST /element/c1389bfc-93c0-43cd-a5d3-279c72cfbf01/click] to [POST http://127.0.0.1:8201/wd/hub/session/1a942fc2-6d85-4888-a85b-0042439c6f52/element/c1389bfc-93c0-43cd-a5d3-279c72cfbf01/click] with body: {"element":"c1389bfc-93c0-43cd-a5d3-279c72cfbf01"}
[debug] &amp#27;[35m[WD Proxy]&amp#27;[39m Got response with status 200: {"sessionId":"1a942fc2-6d85-4888-a85b-0042439c6f52","value":null}
[debug] &amp#27;[35m[W3C (16b3dbbe)]&amp#27;[39m Responding to client with driver.click() result: null
&amp#27;[35m[HTTP]&amp#27;[39m &amp#27;[37m<-- POST /wd/hub/session/16b3dbbe-df97-44a4-9c86-a4c3f5d63c85/element/c1389bfc-93c0-43cd-a5d3-279c72cfbf01/click &amp#27;[39m&amp#27;[32m200&amp#27;[39m &amp#27;[90m100 ms - 14&amp#27;[39m
&amp#27;[35m[HTTP]&amp#27;[39m &amp#27;[90m&amp#27;[39m
&amp#27;[35m[HTTP]&amp#27;[39m &amp#27;[37m-->&amp#27;[39m &amp#27;[37mGET&amp#27;[39m &amp#27;[37m/wd/hub/session/16b3dbbe-df97-44a4-9c86-a4c3f5d63c85/context&amp#27;[39m
&amp#27;[35m[HTTP]&amp#27;[39m &amp#27;[90m{}&amp#27;[39m
[debug] &amp#27;[35m[W3C (16b3dbbe)]&amp#27;[39m Calling AppiumDriver.getCurrentContext() with args: ["16b3dbbe-df97-44a4-9c86-a4c3f5d63c85"]
[debug] &amp#27;[35m[W3C (16b3dbbe)]&amp#27;[39m Responding to client with driver.getCurrentContext() result: "NATIVE_APP"
&amp#27;[35m[HTTP]&amp#27;[39m &amp#27;[37m<-- GET /wd/hub/session/16b3dbbe-df97-44a4-9c86-a4c3f5d63c85/context &amp#27;[39m&amp#27;[32m200&amp#27;[39m &amp#27;[90m1 ms - 22&amp#27;[39m
&amp#27;[35m[HTTP]&amp#27;[39m &amp#27;[90m&amp#27;[39m
&amp#27;[35m[HTTP]&amp#27;[39m &amp#27;[37m-->&amp#27;[39m &amp#27;[37mPOST&amp#27;[39m &amp#27;[37m/wd/hub/session/16b3dbbe-df97-44a4-9c86-a4c3f5d63c85/elements&amp#27;[39m
&amp#27;[35m[HTTP]&amp#27;[39m &amp#27;[90m{"using":"class name","value":"android.widget.Image"}&amp#27;[39m
[debug] &amp#27;[35m[W3C (16b3dbbe)]&amp#27;[39m Calling AppiumDriver.findElements() with args: ["class name","android.widget.Image","16b3dbbe-df97-44a4-9c86-a4c3f5d63c85"]
[debug] &amp#27;[35m[BaseDriver]&amp#27;[39m Valid locator strategies for this request: xpath, id, class name, accessibility id, css selector, -android uiautomator
[debug] &amp#27;[35m[BaseDriver]&amp#27;[39m Waiting up to 10000 ms for condition
[debug] &amp#27;[35m[WD Proxy]&amp#27;[39m Matched '/elements' to command name 'findElements'
[debug] &amp#27;[35m[WD Proxy]&amp#27;[39m Proxying [POST /elements] to [POST http://127.0.0.1:8201/wd/hub/session/1a942fc2-6d85-4888-a85b-0042439c6f52/elements] with body: {"strategy":"class name","selector":"android.widget.Image","context":"","multiple":true}
[debug] &amp#27;[35m[WD Proxy]&amp#27;[39m Got response with status 200: {"sessionId":"1a942fc2-6d85-4888-a85b-0042439c6f52","value":[{"ELEMENT":"32c6cfc3-bdd6-41dd-8574-525d32e1fd22","element-6066-11e4-a52e-4f735466cecf":"32c6cfc3-bdd6-41dd-8574-525d32e1fd22"},{"ELEMENT":"51b6af02-d99f-46f8-8e52-1a4960015541","element-6066-11e4-a52e-4f735466cecf":"51b6af02-d99f-46f8-8e52-1a4960015541"},{"ELEMENT":"4463cf83-6bfc-4548-ab85-e39bd9a27bf7","element-6066-11e4-a52e-4f735466cecf":"4463cf83-6bfc-4548-ab85-e39bd9a27bf7"},{"ELEMENT":"3559d1a7-70fe-4aa5-9830-041bce95cd14","element-6066-11e4-a52e-4f735466cecf":"3559d1a7-70fe-4aa5-9830-041bce95cd14"},{"ELEMENT":"cd2079bd-7df9-4554-ad6c-a042516a8ae9","element-6066-11e4-a52e-4f735466cecf":"cd2079bd-7df9-4554-ad6c-a042516a8ae9"},{"ELEMENT":"a6c77942-7943-4a11-8ce3-6b7ec84bef09","element-6066-11e4-a52e-4f735466cecf":"a6c77942-7943-4a11-8ce3-6b7ec84bef09"},{"ELEMENT":"0c800605-8067-4ec0-87f0-b2acda2ed273","element-6066-11e4-a52e-4f735466cecf":"0c800605-8067-4ec0-87f0-b2acda2ed273"}]}
[debug] &amp#27;[35m[W3C (16b3dbbe)]&amp#27;[39m Responding to client with driver.findElements() result: [{"element-6066-11e4-a52e-4f735466cecf":"32c6cfc3-bdd6-41dd-8574-525d32e1fd22","ELEMENT":"32c6cfc3-bdd6-41dd-8574-525d32e1fd22"},{"element-6066-11e4-a52e-4f735466cecf":"51b6af02-d99f-46f8-8e52-1a4960015541","ELEMENT":"51b6af02-d99f-46f8-8e52-1a4960015541"},{"element-6066-11e4-a52e-4f735466cecf":"4463cf83-6bfc-4548-ab85-e39bd9a27bf7","ELEMENT":"4463cf83-6bfc-4548-ab85-e39bd9a27bf7"},{"element-6066-11e4-a52e-4f735466cecf":"3559d1a7-70fe-4aa5-9830-041bce95cd14","ELEMENT":"3559d1a7-70fe-4aa5-9830-041bce95cd14"},{"element-6066-11e4-a52e-4f735466cecf":"cd2079bd-7df9-4554-ad6c-a042516a8ae9","ELEMENT":"cd2079bd-7df9-4554-ad6c-a042516a8ae9"},{"element-6066-11e4-a52e-4f735466cecf":"a6c77942-7943-4a11-8ce3-6b7ec84bef09","ELEMENT":"a6c77942-7943-4a11-8ce3-6b7ec84bef09"},{"element-6066-11e4-a52e-4f735466cecf":"0c800605-8067-4ec0-87f0-b2acda2ed273","ELEMENT":"0c800605-8067-4ec0-87f0-b2acda2ed273"}]
&amp#27;[35m[HTTP]&amp#27;[39m &amp#27;[37m<-- POST /wd/hub/session/16b3dbbe-df97-44a4-9c86-a4c3f5d63c85/elements &amp#27;[39m&amp#27;[32m200&amp#27;[39m &amp#27;[90m44 ms - 907&amp#27;[39m
&amp#27;[35m[HTTP]&amp#27;[39m &amp#27;[90m&amp#27;[39m
13
&amp#27;[35m[HTTP]&amp#27;[39m &amp#27;[37m-->&amp#27;[39m &amp#27;[37mGET&amp#27;[39m &amp#27;[37m/wd/hub/session/16b3dbbe-df97-44a4-9c86-a4c3f5d63c85/context&amp#27;[39m
&amp#27;[35m[HTTP]&amp#27;[39m &amp#27;[90m{}&amp#27;[39m
[debug] &amp#27;[35m[W3C (16b3dbbe)]&amp#27;[39m Calling AppiumDriver.getCurrentContext() with args: ["16b3dbbe-df97-44a4-9c86-a4c3f5d63c85"]
[debug] &amp#27;[35m[W3C (16b3dbbe)]&amp#27;[39m Responding to client with driver.getCurrentContext() result: "NATIVE_APP"
&amp#27;[35m[HTTP]&amp#27;[39m &amp#27;[37m<-- GET /wd/hub/session/16b3dbbe-df97-44a4-9c86-a4c3f5d63c85/context &amp#27;[39m&amp#27;[32m200&amp#27;[39m &amp#27;[90m2 ms - 22&amp#27;[39m
&amp#27;[35m[HTTP]&amp#27;[39m &amp#27;[90m&amp#27;[39m
&amp#27;[35m[HTTP]&amp#27;[39m &amp#27;[37m-->&amp#27;[39m &amp#27;[37mPOST&amp#27;[39m &amp#27;[37m/wd/hub/session/16b3dbbe-df97-44a4-9c86-a4c3f5d63c85/element&amp#27;[39m
&amp#27;[35m[HTTP]&amp#27;[39m &amp#27;[90m{"using":"xpath","value":"//android.view.View[@text='Account Remove Successfully']"}&amp#27;[39m
[debug] &amp#27;[35m[W3C (16b3dbbe)]&amp#27;[39m Calling AppiumDriver.findElement() with args: ["xpath","//android.view.View[@text='Account Remove Successfully']","16b3dbbe-df97-44a4-9c86-a4c3f5d63c85"]
[debug] &amp#27;[35m[BaseDriver]&amp#27;[39m Valid locator strategies for this request: xpath, id, class name, accessibility id, css selector, -android uiautomator
[debug] &amp#27;[35m[BaseDriver]&amp#27;[39m Waiting up to 10000 ms for condition
[debug] &amp#27;[35m[WD Proxy]&amp#27;[39m Matched '/element' to command name 'findElement'
[debug] &amp#27;[35m[WD Proxy]&amp#27;[39m Proxying [POST /element] to [POST http://127.0.0.1:8201/wd/hub/session/1a942fc2-6d85-4888-a85b-0042439c6f52/element] with body: {"strategy":"xpath","selector":"//android.view.View[@text='Account Remove Successfully']","context":"","multiple":false}
[debug] &amp#27;[35m[WD Proxy]&amp#27;[39m Got response with status 200: {"sessionId":"1a942fc2-6d85-4888-a85b-0042439c6f52","value":{"ELEMENT":"ab3882db-9204-4249-a3eb-a0ea78039f5a","element-6066-11e4-a52e-4f735466cecf":"ab3882db-9204-4249-a3eb-a0ea78039f5a"}}
[debug] &amp#27;[35m[W3C (16b3dbbe)]&amp#27;[39m Responding to client with driver.findElement() result: {"element-6066-11e4-a52e-4f735466cecf":"ab3882db-9204-4249-a3eb-a0ea78039f5a","ELEMENT":"ab3882db-9204-4249-a3eb-a0ea78039f5a"}
&amp#27;[35m[HTTP]&amp#27;[39m &amp#27;[37m<-- POST /wd/hub/session/16b3dbbe-df97-44a4-9c86-a4c3f5d63c85/element &amp#27;[39m&amp#27;[32m200&amp#27;[39m &amp#27;[90m46 ms - 137&amp#27;[39m
&amp#27;[35m[HTTP]&amp#27;[39m &amp#27;[90m&amp#27;[39m
&amp#27;[35m[HTTP]&amp#27;[39m &amp#27;[37m-->&amp#27;[39m &amp#27;[37mGET&amp#27;[39m &amp#27;[37m/wd/hub/session/16b3dbbe-df97-44a4-9c86-a4c3f5d63c85/element/ab3882db-9204-4249-a3eb-a0ea78039f5a/text&amp#27;[39m
&amp#27;[35m[HTTP]&amp#27;[39m &amp#27;[90m{}&amp#27;[39m
&amp#27;[35m[W3C (16b3dbbe)]&amp#27;[39m Driver proxy active, passing request on via HTTP proxy
[debug] &amp#27;[35m[WD Proxy]&amp#27;[39m Matched '/wd/hub/session/16b3dbbe-df97-44a4-9c86-a4c3f5d63c85/element/ab3882db-9204-4249-a3eb-a0ea78039f5a/text' to command name 'getText'
[debug] &amp#27;[35m[WD Proxy]&amp#27;[39m Proxying [GET /wd/hub/session/16b3dbbe-df97-44a4-9c86-a4c3f5d63c85/element/ab3882db-9204-4249-a3eb-a0ea78039f5a/text] to [GET http://127.0.0.1:8201/wd/hub/session/1a942fc2-6d85-4888-a85b-0042439c6f52/element/ab3882db-9204-4249-a3eb-a0ea78039f5a/text] with no body
[debug] &amp#27;[35m[WD Proxy]&amp#27;[39m Got response with status 200: {"sessionId":"1a942fc2-6d85-4888-a85b-0042439c6f52","value":"Account Remove Successfully"}
&amp#27;[35m[WD Proxy]&amp#27;[39m Replacing sessionId 1a942fc2-6d85-4888-a85b-0042439c6f52 with 16b3dbbe-df97-44a4-9c86-a4c3f5d63c85
&amp#27;[35m[HTTP]&amp#27;[39m &amp#27;[37m<-- GET /wd/hub/session/16b3dbbe-df97-44a4-9c86-a4c3f5d63c85/element/ab3882db-9204-4249-a3eb-a0ea78039f5a/text &amp#27;[39m&amp#27;[32m200&amp#27;[39m &amp#27;[90m18 ms - 90&amp#27;[39m
&amp#27;[35m[HTTP]&amp#27;[39m &amp#27;[90m&amp#27;[39m
Account Removed Succesfully
&amp#27;[35m[HTTP]&amp#27;[39m &amp#27;[37m-->&amp#27;[39m &amp#27;[37mGET&amp#27;[39m &amp#27;[37m/wd/hub/session/16b3dbbe-df97-44a4-9c86-a4c3f5d63c85/context&amp#27;[39m
&amp#27;[35m[HTTP]&amp#27;[39m &amp#27;[90m{}&amp#27;[39m
[debug] &amp#27;[35m[W3C (16b3dbbe)]&amp#27;[39m Calling AppiumDriver.getCurrentContext() with args: ["16b3dbbe-df97-44a4-9c86-a4c3f5d63c85"]
[debug] &amp#27;[35m[W3C (16b3dbbe)]&amp#27;[39m Responding to client with driver.getCurrentContext() result: "NATIVE_APP"
&amp#27;[35m[HTTP]&amp#27;[39m &amp#27;[37m<-- GET /wd/hub/session/16b3dbbe-df97-44a4-9c86-a4c3f5d63c85/context &amp#27;[39m&amp#27;[32m200&amp#27;[39m &amp#27;[90m1 ms - 22&amp#27;[39m
&amp#27;[35m[HTTP]&amp#27;[39m &amp#27;[90m&amp#27;[39m
&amp#27;[35m[HTTP]&amp#27;[39m &amp#27;[37m-->&amp#27;[39m &amp#27;[37mPOST&amp#27;[39m &amp#27;[37m/wd/hub/session/16b3dbbe-df97-44a4-9c86-a4c3f5d63c85/elements&amp#27;[39m
&amp#27;[35m[HTTP]&amp#27;[39m &amp#27;[90m{"using":"class name","value":"android.widget.Image"}&amp#27;[39m
[debug] &amp#27;[35m[W3C (16b3dbbe)]&amp#27;[39m Calling AppiumDriver.findElements() with args: ["class name","android.widget.Image","16b3dbbe-df97-44a4-9c86-a4c3f5d63c85"]
[debug] &amp#27;[35m[BaseDriver]&amp#27;[39m Valid locator strategies for this request: xpath, id, class name, accessibility id, css selector, -android uiautomator
[debug] &amp#27;[35m[BaseDriver]&amp#27;[39m Waiting up to 10000 ms for condition
[debug] &amp#27;[35m[WD Proxy]&amp#27;[39m Matched '/elements' to command name 'findElements'
[debug] &amp#27;[35m[WD Proxy]&amp#27;[39m Proxying [POST /elements] to [POST http://127.0.0.1:8201/wd/hub/session/1a942fc2-6d85-4888-a85b-0042439c6f52/elements] with body: {"strategy":"class name","selector":"android.widget.Image","context":"","multiple":true}
[debug] &amp#27;[35m[WD Proxy]&amp#27;[39m Got response with status 200: {"sessionId":"1a942fc2-6d85-4888-a85b-0042439c6f52","value":[{"ELEMENT":"b31230a7-d3ca-418c-9b2a-9d49b36f86bd","element-6066-11e4-a52e-4f735466cecf":"b31230a7-d3ca-418c-9b2a-9d49b36f86bd"},{"ELEMENT":"30cf8677-9f30-4ff1-940c-63d2ec579de8","element-6066-11e4-a52e-4f735466cecf":"30cf8677-9f30-4ff1-940c-63d2ec579de8"},{"ELEMENT":"fcb96a0c-6f98-4024-82e5-2157a7f7bb9d","element-6066-11e4-a52e-4f735466cecf":"fcb96a0c-6f98-4024-82e5-2157a7f7bb9d"},{"ELEMENT":"88769040-9b04-49b2-9ba4-16b2e61b5177","element-6066-11e4-a52e-4f735466cecf":"88769040-9b04-49b2-9ba4-16b2e61b5177"},{"ELEMENT":"71ced489-6e81-423c-9d76-7edc8030309c","element-6066-11e4-a52e-4f735466cecf":"71ced489-6e81-423c-9d76-7edc8030309c"},{"ELEMENT":"dd2edde8-92c6-42da-aaee-dd85f7c4f50c","element-6066-11e4-a52e-4f735466cecf":"dd2edde8-92c6-42da-aaee-dd85f7c4f50c"},{"ELEMENT":"afd14bb5-13e4-4acd-9545-9fc6db4bf570","element-6066-11e4-a52e-4f735466cecf":"afd14bb5-13e4-4acd-9545-9fc6db4bf570"}]}
[debug] &amp#27;[35m[W3C (16b3dbbe)]&amp#27;[39m Responding to client with driver.findElements() result: [{"element-6066-11e4-a52e-4f735466cecf":"b31230a7-d3ca-418c-9b2a-9d49b36f86bd","ELEMENT":"b31230a7-d3ca-418c-9b2a-9d49b36f86bd"},{"element-6066-11e4-a52e-4f735466cecf":"30cf8677-9f30-4ff1-940c-63d2ec579de8","ELEMENT":"30cf8677-9f30-4ff1-940c-63d2ec579de8"},{"element-6066-11e4-a52e-4f735466cecf":"fcb96a0c-6f98-4024-82e5-2157a7f7bb9d","ELEMENT":"fcb96a0c-6f98-4024-82e5-2157a7f7bb9d"},{"element-6066-11e4-a52e-4f735466cecf":"88769040-9b04-49b2-9ba4-16b2e61b5177","ELEMENT":"88769040-9b04-49b2-9ba4-16b2e61b5177"},{"element-6066-11e4-a52e-4f735466cecf":"71ced489-6e81-423c-9d76-7edc8030309c","ELEMENT":"71ced489-6e81-423c-9d76-7edc8030309c"},{"element-6066-11e4-a52e-4f735466cecf":"dd2edde8-92c6-42da-aaee-dd85f7c4f50c","ELEMENT":"dd2edde8-92c6-42da-aaee-dd85f7c4f50c"},{"element-6066-11e4-a52e-4f735466cecf":"afd14bb5-13e4-4acd-9545-9fc6db4bf570","ELEMENT":"afd14bb5-13e4-4acd-9545-9fc6db4bf570"}]
&amp#27;[35m[HTTP]&amp#27;[39m &amp#27;[37m<-- POST /wd/hub/session/16b3dbbe-df97-44a4-9c86-a4c3f5d63c85/elements &amp#27;[39m&amp#27;[32m200&amp#27;[39m &amp#27;[90m47 ms - 907&amp#27;[39m
&amp#27;[35m[HTTP]&amp#27;[39m &amp#27;[90m&amp#27;[39m
&amp#27;[35m[HTTP]&amp#27;[39m &amp#27;[37m-->&amp#27;[39m &amp#27;[37mPOST&amp#27;[39m &amp#27;[37m/wd/hub/session/16b3dbbe-df97-44a4-9c86-a4c3f5d63c85/element/afd14bb5-13e4-4acd-9545-9fc6db4bf570/click&amp#27;[39m
&amp#27;[35m[HTTP]&amp#27;[39m &amp#27;[90m{"id":"afd14bb5-13e4-4acd-9545-9fc6db4bf570"}&amp#27;[39m
[debug] &amp#27;[35m[W3C (16b3dbbe)]&amp#27;[39m Calling AppiumDriver.click() with args: ["afd14bb5-13e4-4acd-9545-9fc6db4bf570","16b3dbbe-df97-44a4-9c86-a4c3f5d63c85"]
[debug] &amp#27;[35m[WD Proxy]&amp#27;[39m Matched '/element/afd14bb5-13e4-4acd-9545-9fc6db4bf570/click' to command name 'click'
[debug] &amp#27;[35m[WD Proxy]&amp#27;[39m Proxying [POST /element/afd14bb5-13e4-4acd-9545-9fc6db4bf570/click] to [POST http://127.0.0.1:8201/wd/hub/session/1a942fc2-6d85-4888-a85b-0042439c6f52/element/afd14bb5-13e4-4acd-9545-9fc6db4bf570/click] with body: {"element":"afd14bb5-13e4-4acd-9545-9fc6db4bf570"}
[debug] &amp#27;[35m[WD Proxy]&amp#27;[39m Got response with status 200: {"sessionId":"1a942fc2-6d85-4888-a85b-0042439c6f52","value":null}
[debug] &amp#27;[35m[W3C (16b3dbbe)]&amp#27;[39m Responding to client with driver.click() result: null
&amp#27;[35m[HTTP]&amp#27;[39m &amp#27;[37m<-- POST /wd/hub/session/16b3dbbe-df97-44a4-9c86-a4c3f5d63c85/element/afd14bb5-13e4-4acd-9545-9fc6db4bf570/click &amp#27;[39m&amp#27;[32m200&amp#27;[39m &amp#27;[90m94 ms - 14&amp#27;[39m
&amp#27;[35m[HTTP]&amp#27;[39m &amp#27;[90m&amp#27;[39m
&amp#27;[35m[HTTP]&amp#27;[39m &amp#27;[37m-->&amp#27;[39m &amp#27;[37mGET&amp#27;[39m &amp#27;[37m/wd/hub/session/16b3dbbe-df97-44a4-9c86-a4c3f5d63c85/context&amp#27;[39m
&amp#27;[35m[HTTP]&amp#27;[39m &amp#27;[90m{}&amp#27;[39m
[debug] &amp#27;[35m[W3C (16b3dbbe)]&amp#27;[39m Calling AppiumDriver.getCurrentContext() with args: ["16b3dbbe-df97-44a4-9c86-a4c3f5d63c85"]
[debug] &amp#27;[35m[W3C (16b3dbbe)]&amp#27;[39m Responding to client with driver.getCurrentContext() result: "NATIVE_APP"
&amp#27;[35m[HTTP]&amp#27;[39m &amp#27;[37m<-- GET /wd/hub/session/16b3dbbe-df97-44a4-9c86-a4c3f5d63c85/context &amp#27;[39m&amp#27;[32m200&amp#27;[39m &amp#27;[90m1 ms - 22&amp#27;[39m
&amp#27;[35m[HTTP]&amp#27;[39m &amp#27;[90m&amp#27;[39m
&amp#27;[35m[HTTP]&amp#27;[39m &amp#27;[37m-->&amp#27;[39m &amp#27;[37mPOST&amp#27;[39m &amp#27;[37m/wd/hub/session/16b3dbbe-df97-44a4-9c86-a4c3f5d63c85/elements&amp#27;[39m
&amp#27;[35m[HTTP]&amp#27;[39m &amp#27;[90m{"using":"class name","value":"android.widget.Image"}&amp#27;[39m
[debug] &amp#27;[35m[W3C (16b3dbbe)]&amp#27;[39m Calling AppiumDriver.findElements() with args: ["class name","android.widget.Image","16b3dbbe-df97-44a4-9c86-a4c3f5d63c85"]
[debug] &amp#27;[35m[BaseDriver]&amp#27;[39m Valid locator strategies for this request: xpath, id, class name, accessibility id, css selector, -android uiautomator
[debug] &amp#27;[35m[BaseDriver]&amp#27;[39m Waiting up to 10000 ms for condition
[debug] &amp#27;[35m[WD Proxy]&amp#27;[39m Matched '/elements' to command name 'findElements'
[debug] &amp#27;[35m[WD Proxy]&amp#27;[39m Proxying [POST /elements] to [POST http://127.0.0.1:8201/wd/hub/session/1a942fc2-6d85-4888-a85b-0042439c6f52/elements] with body: {"strategy":"class name","selector":"android.widget.Image","context":"","multiple":true}
[debug] &amp#27;[35m[WD Proxy]&amp#27;[39m Got response with status 200: {"sessionId":"1a942fc2-6d85-4888-a85b-0042439c6f52","value":[{"ELEMENT":"85086b4d-0c94-49c7-bfb2-bb101aeb60a5","element-6066-11e4-a52e-4f735466cecf":"85086b4d-0c94-49c7-bfb2-bb101aeb60a5"},{"ELEMENT":"e807c907-8e58-4392-9b83-c315a79ee961","element-6066-11e4-a52e-4f735466cecf":"e807c907-8e58-4392-9b83-c315a79ee961"},{"ELEMENT":"6160f450-65e8-4ace-ad69-7cceafabba0f","element-6066-11e4-a52e-4f735466cecf":"6160f450-65e8-4ace-ad69-7cceafabba0f"},{"ELEMENT":"978d7bfd-d6f1-4f71-a1bf-90edb70d781c","element-6066-11e4-a52e-4f735466cecf":"978d7bfd-d6f1-4f71-a1bf-90edb70d781c"},{"ELEMENT":"f7c26eac-9510-4c79-8b54-f1173360d498","element-6066-11e4-a52e-4f735466cecf":"f7c26eac-9510-4c79-8b54-f1173360d498"},{"ELEMENT":"ecd6f93e-9307-4367-b809-10323b62d721","element-6066-11e4-a52e-4f735466cecf":"ecd6f93e-9307-4367-b809-10323b62d721"}]}
[debug] &amp#27;[35m[W3C (16b3dbbe)]&amp#27;[39m Responding to client with driver.findElements() result: [{"element-6066-11e4-a52e-4f735466cecf":"85086b4d-0c94-49c7-bfb2-bb101aeb60a5","ELEMENT":"85086b4d-0c94-49c7-bfb2-bb101aeb60a5"},{"element-6066-11e4-a52e-4f735466cecf":"e807c907-8e58-4392-9b83-c315a79ee961","ELEMENT":"e807c907-8e58-4392-9b83-c315a79ee961"},{"element-6066-11e4-a52e-4f735466cecf":"6160f450-65e8-4ace-ad69-7cceafabba0f","ELEMENT":"6160f450-65e8-4ace-ad69-7cceafabba0f"},{"element-6066-11e4-a52e-4f735466cecf":"978d7bfd-d6f1-4f71-a1bf-90edb70d781c","ELEMENT":"978d7bfd-d6f1-4f71-a1bf-90edb70d781c"},{"element-6066-11e4-a52e-4f735466cecf":"f7c26eac-9510-4c79-8b54-f1173360d498","ELEMENT":"f7c26eac-9510-4c79-8b54-f1173360d498"},{"element-6066-11e4-a52e-4f735466cecf":"ecd6f93e-9307-4367-b809-10323b62d721","ELEMENT":"ecd6f93e-9307-4367-b809-10323b62d721"}]
&amp#27;[35m[HTTP]&amp#27;[39m &amp#27;[37m<-- POST /wd/hub/session/16b3dbbe-df97-44a4-9c86-a4c3f5d63c85/elements &amp#27;[39m&amp#27;[32m200&amp#27;[39m &amp#27;[90m499 ms - 779&amp#27;[39m
&amp#27;[35m[HTTP]&amp#27;[39m &amp#27;[90m&amp#27;[39m
&amp#27;[35m[HTTP]&amp#27;[39m &amp#27;[37m-->&amp#27;[39m &amp#27;[37mPOST&amp#27;[39m &amp#27;[37m/wd/hub/session/16b3dbbe-df97-44a4-9c86-a4c3f5d63c85/element/978d7bfd-d6f1-4f71-a1bf-90edb70d781c/click&amp#27;[39m
&amp#27;[35m[HTTP]&amp#27;[39m &amp#27;[90m{"id":"978d7bfd-d6f1-4f71-a1bf-90edb70d781c"}&amp#27;[39m
[debug] &amp#27;[35m[W3C (16b3dbbe)]&amp#27;[39m Calling AppiumDriver.click() with args: ["978d7bfd-d6f1-4f71-a1bf-90edb70d781c","16b3dbbe-df97-44a4-9c86-a4c3f5d63c85"]
[debug] &amp#27;[35m[WD Proxy]&amp#27;[39m Matched '/element/978d7bfd-d6f1-4f71-a1bf-90edb70d781c/click' to command name 'click'
[debug] &amp#27;[35m[WD Proxy]&amp#27;[39m Proxying [POST /element/978d7bfd-d6f1-4f71-a1bf-90edb70d781c/click] to [POST http://127.0.0.1:8201/wd/hub/session/1a942fc2-6d85-4888-a85b-0042439c6f52/element/978d7bfd-d6f1-4f71-a1bf-90edb70d781c/click] with body: {"element":"978d7bfd-d6f1-4f71-a1bf-90edb70d781c"}
[debug] &amp#27;[35m[WD Proxy]&amp#27;[39m Got response with status 200: {"sessionId":"1a942fc2-6d85-4888-a85b-0042439c6f52","value":null}
[debug] &amp#27;[35m[W3C (16b3dbbe)]&amp#27;[39m Responding to client with driver.click() result: null
&amp#27;[35m[HTTP]&amp#27;[39m &amp#27;[37m<-- POST /wd/hub/session/16b3dbbe-df97-44a4-9c86-a4c3f5d63c85/element/978d7bfd-d6f1-4f71-a1bf-90edb70d781c/click &amp#27;[39m&amp#27;[32m200&amp#27;[39m &amp#27;[90m76 ms - 14&amp#27;[39m
&amp#27;[35m[HTTP]&amp#27;[39m &amp#27;[90m&amp#27;[39m
&amp#27;[35m[HTTP]&amp#27;[39m &amp#27;[37m-->&amp#27;[39m &amp#27;[37mGET&amp#27;[39m &amp#27;[37m/wd/hub/session/16b3dbbe-df97-44a4-9c86-a4c3f5d63c85/context&amp#27;[39m
&amp#27;[35m[HTTP]&amp#27;[39m &amp#27;[90m{}&amp#27;[39m
[debug] &amp#27;[35m[W3C (16b3dbbe)]&amp#27;[39m Calling AppiumDriver.getCurrentContext() with args: ["16b3dbbe-df97-44a4-9c86-a4c3f5d63c85"]
[debug] &amp#27;[35m[W3C (16b3dbbe)]&amp#27;[39m Responding to client with driver.getCurrentContext() result: "NATIVE_APP"
&amp#27;[35m[HTTP]&amp#27;[39m &amp#27;[37m<-- GET /wd/hub/session/16b3dbbe-df97-44a4-9c86-a4c3f5d63c85/context &amp#27;[39m&amp#27;[32m200&amp#27;[39m &amp#27;[90m1 ms - 22&amp#27;[39m
&amp#27;[35m[HTTP]&amp#27;[39m &amp#27;[90m&amp#27;[39m
&amp#27;[35m[HTTP]&amp#27;[39m &amp#27;[37m-->&amp#27;[39m &amp#27;[37mPOST&amp#27;[39m &amp#27;[37m/wd/hub/session/16b3dbbe-df97-44a4-9c86-a4c3f5d63c85/element&amp#27;[39m
&amp#27;[35m[HTTP]&amp#27;[39m &amp#27;[90m{"using":"xpath","value":"//android.view.View[@text='Remove Account']"}&amp#27;[39m
[debug] &amp#27;[35m[W3C (16b3dbbe)]&amp#27;[39m Calling AppiumDriver.findElement() with args: ["xpath","//android.view.View[@text='Remove Account']","16b3dbbe-df97-44a4-9c86-a4c3f5d63c85"]
[debug] &amp#27;[35m[BaseDriver]&amp#27;[39m Valid locator strategies for this request: xpath, id, class name, accessibility id, css selector, -android uiautomator
[debug] &amp#27;[35m[BaseDriver]&amp#27;[39m Waiting up to 10000 ms for condition
[debug] &amp#27;[35m[WD Proxy]&amp#27;[39m Matched '/element' to command name 'findElement'
[debug] &amp#27;[35m[WD Proxy]&amp#27;[39m Proxying [POST /element] to [POST http://127.0.0.1:8201/wd/hub/session/1a942fc2-6d85-4888-a85b-0042439c6f52/element] with body: {"strategy":"xpath","selector":"//android.view.View[@text='Remove Account']","context":"","multiple":false}
[debug] &amp#27;[35m[WD Proxy]&amp#27;[39m Got response with status 200: {"sessionId":"1a942fc2-6d85-4888-a85b-0042439c6f52","value":{"ELEMENT":"827f7154-998c-452b-9a19-d01ad69086ca","element-6066-11e4-a52e-4f735466cecf":"827f7154-998c-452b-9a19-d01ad69086ca"}}
[debug] &amp#27;[35m[W3C (16b3dbbe)]&amp#27;[39m Responding to client with driver.findElement() result: {"element-6066-11e4-a52e-4f735466cecf":"827f7154-998c-452b-9a19-d01ad69086ca","ELEMENT":"827f7154-998c-452b-9a19-d01ad69086ca"}
&amp#27;[35m[HTTP]&amp#27;[39m &amp#27;[37m<-- POST /wd/hub/session/16b3dbbe-df97-44a4-9c86-a4c3f5d63c85/element &amp#27;[39m&amp#27;[32m200&amp#27;[39m &amp#27;[90m575 ms - 137&amp#27;[39m
&amp#27;[35m[HTTP]&amp#27;[39m &amp#27;[90m&amp#27;[39m
&amp#27;[35m[HTTP]&amp#27;[39m &amp#27;[37m-->&amp#27;[39m &amp#27;[37mPOST&amp#27;[39m &amp#27;[37m/wd/hub/session/16b3dbbe-df97-44a4-9c86-a4c3f5d63c85/element/827f7154-998c-452b-9a19-d01ad69086ca/click&amp#27;[39m
&amp#27;[35m[HTTP]&amp#27;[39m &amp#27;[90m{"id":"827f7154-998c-452b-9a19-d01ad69086ca"}&amp#27;[39m
[debug] &amp#27;[35m[W3C (16b3dbbe)]&amp#27;[39m Calling AppiumDriver.click() with args: ["827f7154-998c-452b-9a19-d01ad69086ca","16b3dbbe-df97-44a4-9c86-a4c3f5d63c85"]
[debug] &amp#27;[35m[WD Proxy]&amp#27;[39m Matched '/element/827f7154-998c-452b-9a19-d01ad69086ca/click' to command name 'click'
[debug] &amp#27;[35m[WD Proxy]&amp#27;[39m Proxying [POST /element/827f7154-998c-452b-9a19-d01ad69086ca/click] to [POST http://127.0.0.1:8201/wd/hub/session/1a942fc2-6d85-4888-a85b-0042439c6f52/element/827f7154-998c-452b-9a19-d01ad69086ca/click] with body: {"element":"827f7154-998c-452b-9a19-d01ad69086ca"}
[debug] &amp#27;[35m[WD Proxy]&amp#27;[39m Got response with status 200: {"sessionId":"1a942fc2-6d85-4888-a85b-0042439c6f52","value":null}
[debug] &amp#27;[35m[W3C (16b3dbbe)]&amp#27;[39m Responding to client with driver.click() result: null
&amp#27;[35m[HTTP]&amp#27;[39m &amp#27;[37m<-- POST /wd/hub/session/16b3dbbe-df97-44a4-9c86-a4c3f5d63c85/element/827f7154-998c-452b-9a19-d01ad69086ca/click &amp#27;[39m&amp#27;[32m200&amp#27;[39m &amp#27;[90m509 ms - 14&amp#27;[39m
&amp#27;[35m[HTTP]&amp#27;[39m &amp#27;[90m&amp#27;[39m
&amp#27;[35m[HTTP]&amp#27;[39m &amp#27;[37m-->&amp#27;[39m &amp#27;[37mGET&amp#27;[39m &amp#27;[37m/wd/hub/session/16b3dbbe-df97-44a4-9c86-a4c3f5d63c85/context&amp#27;[39m
&amp#27;[35m[HTTP]&amp#27;[39m &amp#27;[90m{}&amp#27;[39m
[debug] &amp#27;[35m[W3C (16b3dbbe)]&amp#27;[39m Calling AppiumDriver.getCurrentContext() with args: ["16b3dbbe-df97-44a4-9c86-a4c3f5d63c85"]
[debug] &amp#27;[35m[W3C (16b3dbbe)]&amp#27;[39m Responding to client with driver.getCurrentContext() result: "NATIVE_APP"
&amp#27;[35m[HTTP]&amp#27;[39m &amp#27;[37m<-- GET /wd/hub/session/16b3dbbe-df97-44a4-9c86-a4c3f5d63c85/context &amp#27;[39m&amp#27;[32m200&amp#27;[39m &amp#27;[90m2 ms - 22&amp#27;[39m
&amp#27;[35m[HTTP]&amp#27;[39m &amp#27;[90m&amp#27;[39m
&amp#27;[35m[HTTP]&amp#27;[39m &amp#27;[37m-->&amp#27;[39m &amp#27;[37mPOST&amp#27;[39m &amp#27;[37m/wd/hub/session/16b3dbbe-df97-44a4-9c86-a4c3f5d63c85/element&amp#27;[39m
&amp#27;[35m[HTTP]&amp#27;[39m &amp#27;[90m{"using":"xpath","value":"//android.widget.Button[@text='Remove']"}&amp#27;[39m
[debug] &amp#27;[35m[W3C (16b3dbbe)]&amp#27;[39m Calling AppiumDriver.findElement() with args: ["xpath","//android.widget.Button[@text='Remove']","16b3dbbe-df97-44a4-9c86-a4c3f5d63c85"]
[debug] &amp#27;[35m[BaseDriver]&amp#27;[39m Valid locator strategies for this request: xpath, id, class name, accessibility id, css selector, -android uiautomator
[debug] &amp#27;[35m[BaseDriver]&amp#27;[39m Waiting up to 10000 ms for condition
[debug] &amp#27;[35m[WD Proxy]&amp#27;[39m Matched '/element' to command name 'findElement'
[debug] &amp#27;[35m[WD Proxy]&amp#27;[39m Proxying [POST /element] to [POST http://127.0.0.1:8201/wd/hub/session/1a942fc2-6d85-4888-a85b-0042439c6f52/element] with body: {"strategy":"xpath","selector":"//android.widget.Button[@text='Remove']","context":"","multiple":false}
&amp#27;[35m[WD Proxy]&amp#27;[39m Got response with status 404: {"sessionId":"1a942fc2-6d85-4888-a85b-0042439c6f52","value":{"error":"no such element","message":"An element could not be located on the page using the given search parameters","stacktrace":"io.appium.uiautomator2.common.exceptions.ElementNotFoundException: An element could not be located on the page using the given search parameters\n\tat io.appium.uiautomator2.handler.FindElement.findElement(FindElement.java:89)\n\tat io.appium.uiautomator2.handler.FindElement.safeHandle(FindElement.java:66)\n\tat io.appium.uiautomator2.handler.request.SafeRequestHandler.handle(SafeRequestHandler.java:41)\n\tat io.appium.uiautomator2.server.AppiumServlet.handleRequest(AppiumServlet.java:262)\n\tat io.appium.uiautomator2.server.AppiumServlet.handleHttpRequest(AppiumServlet.java:256)\n\tat io.appium.uiautomator2.http.ServerHandler.channelRead(ServerHandler.java:68)\n\tat io.netty.channel.AbstractChannelHandlerContext.invokeChannelRead(AbstractChannelHandlerContext.java:366)\n\tat io.netty.channel.AbstractChannelHandlerCont...
[debug] &amp#27;[35m[W3C]&amp#27;[39m Matched W3C error code 'no such element' to NoSuchElementError
[debug] &amp#27;[35m[BaseDriver]&amp#27;[39m Waited for 89 ms so far
[debug] &amp#27;[35m[WD Proxy]&amp#27;[39m Matched '/element' to command name 'findElement'
[debug] &amp#27;[35m[WD Proxy]&amp#27;[39m Proxying [POST /element] to [POST http://127.0.0.1:8201/wd/hub/session/1a942fc2-6d85-4888-a85b-0042439c6f52/element] with body: {"strategy":"xpath","selector":"//android.widget.Button[@text='Remove']","context":"","multiple":false}
[debug] &amp#27;[35m[WD Proxy]&amp#27;[39m Got response with status 200: {"sessionId":"1a942fc2-6d85-4888-a85b-0042439c6f52","value":{"ELEMENT":"f442336c-97ff-4011-ad3c-146832edd3d3","element-6066-11e4-a52e-4f735466cecf":"f442336c-97ff-4011-ad3c-146832edd3d3"}}
[debug] &amp#27;[35m[W3C (16b3dbbe)]&amp#27;[39m Responding to client with driver.findElement() result: {"element-6066-11e4-a52e-4f735466cecf":"f442336c-97ff-4011-ad3c-146832edd3d3","ELEMENT":"f442336c-97ff-4011-ad3c-146832edd3d3"}
&amp#27;[35m[HTTP]&amp#27;[39m &amp#27;[37m<-- POST /wd/hub/session/16b3dbbe-df97-44a4-9c86-a4c3f5d63c85/element &amp#27;[39m&amp#27;[32m200&amp#27;[39m &amp#27;[90m1082 ms - 137&amp#27;[39m
&amp#27;[35m[HTTP]&amp#27;[39m &amp#27;[90m&amp#27;[39m
&amp#27;[35m[HTTP]&amp#27;[39m &amp#27;[37m-->&amp#27;[39m &amp#27;[37mPOST&amp#27;[39m &amp#27;[37m/wd/hub/session/16b3dbbe-df97-44a4-9c86-a4c3f5d63c85/element/f442336c-97ff-4011-ad3c-146832edd3d3/click&amp#27;[39m
&amp#27;[35m[HTTP]&amp#27;[39m &amp#27;[90m{"id":"f442336c-97ff-4011-ad3c-146832edd3d3"}&amp#27;[39m
[debug] &amp#27;[35m[W3C (16b3dbbe)]&amp#27;[39m Calling AppiumDriver.click() with args: ["f442336c-97ff-4011-ad3c-146832edd3d3","16b3dbbe-df97-44a4-9c86-a4c3f5d63c85"]
[debug] &amp#27;[35m[WD Proxy]&amp#27;[39m Matched '/element/f442336c-97ff-4011-ad3c-146832edd3d3/click' to command name 'click'
[debug] &amp#27;[35m[WD Proxy]&amp#27;[39m Proxying [POST /element/f442336c-97ff-4011-ad3c-146832edd3d3/click] to [POST http://127.0.0.1:8201/wd/hub/session/1a942fc2-6d85-4888-a85b-0042439c6f52/element/f442336c-97ff-4011-ad3c-146832edd3d3/click] with body: {"element":"f442336c-97ff-4011-ad3c-146832edd3d3"}
[debug] &amp#27;[35m[WD Proxy]&amp#27;[39m Got response with status 200: {"sessionId":"1a942fc2-6d85-4888-a85b-0042439c6f52","value":null}
[debug] &amp#27;[35m[W3C (16b3dbbe)]&amp#27;[39m Responding to client with driver.click() result: null
&amp#27;[35m[HTTP]&amp#27;[39m &amp#27;[37m<-- POST /wd/hub/session/16b3dbbe-df97-44a4-9c86-a4c3f5d63c85/element/f442336c-97ff-4011-ad3c-146832edd3d3/click &amp#27;[39m&amp#27;[32m200&amp#27;[39m &amp#27;[90m74 ms - 14&amp#27;[39m
&amp#27;[35m[HTTP]&amp#27;[39m &amp#27;[90m&amp#27;[39m
&amp#27;[35m[HTTP]&amp#27;[39m &amp#27;[37m-->&amp#27;[39m &amp#27;[37mGET&amp#27;[39m &amp#27;[37m/wd/hub/session/16b3dbbe-df97-44a4-9c86-a4c3f5d63c85/context&amp#27;[39m
&amp#27;[35m[HTTP]&amp#27;[39m &amp#27;[90m{}&amp#27;[39m
[debug] &amp#27;[35m[W3C (16b3dbbe)]&amp#27;[39m Calling AppiumDriver.getCurrentContext() with args: ["16b3dbbe-df97-44a4-9c86-a4c3f5d63c85"]
[debug] &amp#27;[35m[W3C (16b3dbbe)]&amp#27;[39m Responding to client with driver.getCurrentContext() result: "NATIVE_APP"
&amp#27;[35m[HTTP]&amp#27;[39m &amp#27;[37m<-- GET /wd/hub/session/16b3dbbe-df97-44a4-9c86-a4c3f5d63c85/context &amp#27;[39m&amp#27;[32m200&amp#27;[39m &amp#27;[90m2 ms - 22&amp#27;[39m
&amp#27;[35m[HTTP]&amp#27;[39m &amp#27;[90m&amp#27;[39m
&amp#27;[35m[HTTP]&amp#27;[39m &amp#27;[37m-->&amp#27;[39m &amp#27;[37mPOST&amp#27;[39m &amp#27;[37m/wd/hub/session/16b3dbbe-df97-44a4-9c86-a4c3f5d63c85/elements&amp#27;[39m
&amp#27;[35m[HTTP]&amp#27;[39m &amp#27;[90m{"using":"class name","value":"android.widget.Image"}&amp#27;[39m
[debug] &amp#27;[35m[W3C (16b3dbbe)]&amp#27;[39m Calling AppiumDriver.findElements() with args: ["class name","android.widget.Image","16b3dbbe-df97-44a4-9c86-a4c3f5d63c85"]
[debug] &amp#27;[35m[BaseDriver]&amp#27;[39m Valid locator strategies for this request: xpath, id, class name, accessibility id, css selector, -android uiautomator
[debug] &amp#27;[35m[BaseDriver]&amp#27;[39m Waiting up to 10000 ms for condition
[debug] &amp#27;[35m[WD Proxy]&amp#27;[39m Matched '/elements' to command name 'findElements'
[debug] &amp#27;[35m[WD Proxy]&amp#27;[39m Proxying [POST /elements] to [POST http://127.0.0.1:8201/wd/hub/session/1a942fc2-6d85-4888-a85b-0042439c6f52/elements] with body: {"strategy":"class name","selector":"android.widget.Image","context":"","multiple":true}
[debug] &amp#27;[35m[WD Proxy]&amp#27;[39m Got response with status 200: {"sessionId":"1a942fc2-6d85-4888-a85b-0042439c6f52","value":[{"ELEMENT":"cd3de33d-afe6-43a2-a3c2-afc3282c9a72","element-6066-11e4-a52e-4f735466cecf":"cd3de33d-afe6-43a2-a3c2-afc3282c9a72"},{"ELEMENT":"dbb60665-f10a-457c-8e3f-005f468e6008","element-6066-11e4-a52e-4f735466cecf":"dbb60665-f10a-457c-8e3f-005f468e6008"},{"ELEMENT":"b1e91811-9c4f-45ff-a688-fa291aa45b57","element-6066-11e4-a52e-4f735466cecf":"b1e91811-9c4f-45ff-a688-fa291aa45b57"},{"ELEMENT":"52dc4123-c056-44af-8506-034f7da2ce0a","element-6066-11e4-a52e-4f735466cecf":"52dc4123-c056-44af-8506-034f7da2ce0a"},{"ELEMENT":"cf371ae8-cfb1-4e83-babc-76130966f130","element-6066-11e4-a52e-4f735466cecf":"cf371ae8-cfb1-4e83-babc-76130966f130"},{"ELEMENT":"d69beecf-3f73-443a-8ee4-e3599da371be","element-6066-11e4-a52e-4f735466cecf":"d69beecf-3f73-443a-8ee4-e3599da371be"}]}
[debug] &amp#27;[35m[W3C (16b3dbbe)]&amp#27;[39m Responding to client with driver.findElements() result: [{"element-6066-11e4-a52e-4f735466cecf":"cd3de33d-afe6-43a2-a3c2-afc3282c9a72","ELEMENT":"cd3de33d-afe6-43a2-a3c2-afc3282c9a72"},{"element-6066-11e4-a52e-4f735466cecf":"dbb60665-f10a-457c-8e3f-005f468e6008","ELEMENT":"dbb60665-f10a-457c-8e3f-005f468e6008"},{"element-6066-11e4-a52e-4f735466cecf":"b1e91811-9c4f-45ff-a688-fa291aa45b57","ELEMENT":"b1e91811-9c4f-45ff-a688-fa291aa45b57"},{"element-6066-11e4-a52e-4f735466cecf":"52dc4123-c056-44af-8506-034f7da2ce0a","ELEMENT":"52dc4123-c056-44af-8506-034f7da2ce0a"},{"element-6066-11e4-a52e-4f735466cecf":"cf371ae8-cfb1-4e83-babc-76130966f130","ELEMENT":"cf371ae8-cfb1-4e83-babc-76130966f130"},{"element-6066-11e4-a52e-4f735466cecf":"d69beecf-3f73-443a-8ee4-e3599da371be","ELEMENT":"d69beecf-3f73-443a-8ee4-e3599da371be"}]
&amp#27;[35m[HTTP]&amp#27;[39m &amp#27;[37m<-- POST /wd/hub/session/16b3dbbe-df97-44a4-9c86-a4c3f5d63c85/elements &amp#27;[39m&amp#27;[32m200&amp#27;[39m &amp#27;[90m32 ms - 779&amp#27;[39m
&amp#27;[35m[HTTP]&amp#27;[39m &amp#27;[90m&amp#27;[39m
13
&amp#27;[35m[HTTP]&amp#27;[39m &amp#27;[37m-->&amp#27;[39m &amp#27;[37mGET&amp#27;[39m &amp#27;[37m/wd/hub/session/16b3dbbe-df97-44a4-9c86-a4c3f5d63c85/context&amp#27;[39m
&amp#27;[35m[HTTP]&amp#27;[39m &amp#27;[90m{}&amp#27;[39m
[debug] &amp#27;[35m[W3C (16b3dbbe)]&amp#27;[39m Calling AppiumDriver.getCurrentContext() with args: ["16b3dbbe-df97-44a4-9c86-a4c3f5d63c85"]
[debug] &amp#27;[35m[W3C (16b3dbbe)]&amp#27;[39m Responding to client with driver.getCurrentContext() result: "NATIVE_APP"
&amp#27;[35m[HTTP]&amp#27;[39m &amp#27;[37m<-- GET /wd/hub/session/16b3dbbe-df97-44a4-9c86-a4c3f5d63c85/context &amp#27;[39m&amp#27;[32m200&amp#27;[39m &amp#27;[90m1 ms - 22&amp#27;[39m
&amp#27;[35m[HTTP]&amp#27;[39m &amp#27;[90m&amp#27;[39m
&amp#27;[35m[HTTP]&amp#27;[39m &amp#27;[37m-->&amp#27;[39m &amp#27;[37mPOST&amp#27;[39m &amp#27;[37m/wd/hub/session/16b3dbbe-df97-44a4-9c86-a4c3f5d63c85/element&amp#27;[39m
&amp#27;[35m[HTTP]&amp#27;[39m &amp#27;[90m{"using":"xpath","value":"//android.view.View[@text='Account Remove Successfully']"}&amp#27;[39m
[debug] &amp#27;[35m[W3C (16b3dbbe)]&amp#27;[39m Calling AppiumDriver.findElement() with args: ["xpath","//android.view.View[@text='Account Remove Successfully']","16b3dbbe-df97-44a4-9c86-a4c3f5d63c85"]
[debug] &amp#27;[35m[BaseDriver]&amp#27;[39m Valid locator strategies for this request: xpath, id, class name, accessibility id, css selector, -android uiautomator
[debug] &amp#27;[35m[BaseDriver]&amp#27;[39m Waiting up to 10000 ms for condition
[debug] &amp#27;[35m[WD Proxy]&amp#27;[39m Matched '/element' to command name 'findElement'
[debug] &amp#27;[35m[WD Proxy]&amp#27;[39m Proxying [POST /element] to [POST http://127.0.0.1:8201/wd/hub/session/1a942fc2-6d85-4888-a85b-0042439c6f52/element] with body: {"strategy":"xpath","selector":"//android.view.View[@text='Account Remove Successfully']","context":"","multiple":false}
[debug] &amp#27;[35m[WD Proxy]&amp#27;[39m Got response with status 200: {"sessionId":"1a942fc2-6d85-4888-a85b-0042439c6f52","value":{"ELEMENT":"bb2b3e53-a931-4fe4-89e9-108f9f844efa","element-6066-11e4-a52e-4f735466cecf":"bb2b3e53-a931-4fe4-89e9-108f9f844efa"}}
[debug] &amp#27;[35m[W3C (16b3dbbe)]&amp#27;[39m Responding to client with driver.findElement() result: {"element-6066-11e4-a52e-4f735466cecf":"bb2b3e53-a931-4fe4-89e9-108f9f844efa","ELEMENT":"bb2b3e53-a931-4fe4-89e9-108f9f844efa"}
&amp#27;[35m[HTTP]&amp#27;[39m &amp#27;[37m<-- POST /wd/hub/session/16b3dbbe-df97-44a4-9c86-a4c3f5d63c85/element &amp#27;[39m&amp#27;[32m200&amp#27;[39m &amp#27;[90m48 ms - 137&amp#27;[39m
&amp#27;[35m[HTTP]&amp#27;[39m &amp#27;[90m&amp#27;[39m
&amp#27;[35m[HTTP]&amp#27;[39m &amp#27;[37m-->&amp#27;[39m &amp#27;[37mGET&amp#27;[39m &amp#27;[37m/wd/hub/session/16b3dbbe-df97-44a4-9c86-a4c3f5d63c85/element/bb2b3e53-a931-4fe4-89e9-108f9f844efa/text&amp#27;[39m
&amp#27;[35m[HTTP]&amp#27;[39m &amp#27;[90m{}&amp#27;[39m
&amp#27;[35m[W3C (16b3dbbe)]&amp#27;[39m Driver proxy active, passing request on via HTTP proxy
[debug] &amp#27;[35m[WD Proxy]&amp#27;[39m Matched '/wd/hub/session/16b3dbbe-df97-44a4-9c86-a4c3f5d63c85/element/bb2b3e53-a931-4fe4-89e9-108f9f844efa/text' to command name 'getText'
[debug] &amp#27;[35m[WD Proxy]&amp#27;[39m Proxying [GET /wd/hub/session/16b3dbbe-df97-44a4-9c86-a4c3f5d63c85/element/bb2b3e53-a931-4fe4-89e9-108f9f844efa/text] to [GET http://127.0.0.1:8201/wd/hub/session/1a942fc2-6d85-4888-a85b-0042439c6f52/element/bb2b3e53-a931-4fe4-89e9-108f9f844efa/text] with no body
[debug] &amp#27;[35m[WD Proxy]&amp#27;[39m Got response with status 200: {"sessionId":"1a942fc2-6d85-4888-a85b-0042439c6f52","value":"Account Remove Successfully"}
&amp#27;[35m[WD Proxy]&amp#27;[39m Replacing sessionId 1a942fc2-6d85-4888-a85b-0042439c6f52 with 16b3dbbe-df97-44a4-9c86-a4c3f5d63c85
&amp#27;[35m[HTTP]&amp#27;[39m &amp#27;[37m<-- GET /wd/hub/session/16b3dbbe-df97-44a4-9c86-a4c3f5d63c85/element/bb2b3e53-a931-4fe4-89e9-108f9f844efa/text &amp#27;[39m&amp#27;[32m200&amp#27;[39m &amp#27;[90m26 ms - 90&amp#27;[39m
&amp#27;[35m[HTTP]&amp#27;[39m &amp#27;[90m&amp#27;[39m
Account Removed Succesfully
&amp#27;[35m[HTTP]&amp#27;[39m &amp#27;[37m-->&amp#27;[39m &amp#27;[37mGET&amp#27;[39m &amp#27;[37m/wd/hub/session/16b3dbbe-df97-44a4-9c86-a4c3f5d63c85/context&amp#27;[39m
&amp#27;[35m[HTTP]&amp#27;[39m &amp#27;[90m{}&amp#27;[39m
[debug] &amp#27;[35m[W3C (16b3dbbe)]&amp#27;[39m Calling AppiumDriver.getCurrentContext() with args: ["16b3dbbe-df97-44a4-9c86-a4c3f5d63c85"]
[debug] &amp#27;[35m[W3C (16b3dbbe)]&amp#27;[39m Responding to client with driver.getCurrentContext() result: "NATIVE_APP"
&amp#27;[35m[HTTP]&amp#27;[39m &amp#27;[37m<-- GET /wd/hub/session/16b3dbbe-df97-44a4-9c86-a4c3f5d63c85/context &amp#27;[39m&amp#27;[32m200&amp#27;[39m &amp#27;[90m1 ms - 22&amp#27;[39m
&amp#27;[35m[HTTP]&amp#27;[39m &amp#27;[90m&amp#27;[39m
&amp#27;[35m[HTTP]&amp#27;[39m &amp#27;[37m-->&amp#27;[39m &amp#27;[37mPOST&amp#27;[39m &amp#27;[37m/wd/hub/session/16b3dbbe-df97-44a4-9c86-a4c3f5d63c85/elements&amp#27;[39m
&amp#27;[35m[HTTP]&amp#27;[39m &amp#27;[90m{"using":"class name","value":"android.widget.Image"}&amp#27;[39m
[debug] &amp#27;[35m[W3C (16b3dbbe)]&amp#27;[39m Calling AppiumDriver.findElements() with args: ["class name","android.widget.Image","16b3dbbe-df97-44a4-9c86-a4c3f5d63c85"]
[debug] &amp#27;[35m[BaseDriver]&amp#27;[39m Valid locator strategies for this request: xpath, id, class name, accessibility id, css selector, -android uiautomator
[debug] &amp#27;[35m[BaseDriver]&amp#27;[39m Waiting up to 10000 ms for condition
[debug] &amp#27;[35m[WD Proxy]&amp#27;[39m Matched '/elements' to command name 'findElements'
[debug] &amp#27;[35m[WD Proxy]&amp#27;[39m Proxying [POST /elements] to [POST http://127.0.0.1:8201/wd/hub/session/1a942fc2-6d85-4888-a85b-0042439c6f52/elements] with body: {"strategy":"class name","selector":"android.widget.Image","context":"","multiple":true}
[debug] &amp#27;[35m[WD Proxy]&amp#27;[39m Got response with status 200: {"sessionId":"1a942fc2-6d85-4888-a85b-0042439c6f52","value":[{"ELEMENT":"2c396436-f2d2-41d9-9165-0101c3d4df60","element-6066-11e4-a52e-4f735466cecf":"2c396436-f2d2-41d9-9165-0101c3d4df60"},{"ELEMENT":"f9187d5a-9026-4785-b7ac-a32bd44272a1","element-6066-11e4-a52e-4f735466cecf":"f9187d5a-9026-4785-b7ac-a32bd44272a1"},{"ELEMENT":"a315cc5a-4db7-4c9c-83ad-ff8d75bd9815","element-6066-11e4-a52e-4f735466cecf":"a315cc5a-4db7-4c9c-83ad-ff8d75bd9815"},{"ELEMENT":"56962532-ae9c-4725-82a1-90238bbf466e","element-6066-11e4-a52e-4f735466cecf":"56962532-ae9c-4725-82a1-90238bbf466e"},{"ELEMENT":"1b779a41-976b-4527-a71c-865b8b117de4","element-6066-11e4-a52e-4f735466cecf":"1b779a41-976b-4527-a71c-865b8b117de4"},{"ELEMENT":"a69db478-afb9-4903-8550-126b45f0e4f4","element-6066-11e4-a52e-4f735466cecf":"a69db478-afb9-4903-8550-126b45f0e4f4"}]}
[debug] &amp#27;[35m[W3C (16b3dbbe)]&amp#27;[39m Responding to client with driver.findElements() result: [{"element-6066-11e4-a52e-4f735466cecf":"2c396436-f2d2-41d9-9165-0101c3d4df60","ELEMENT":"2c396436-f2d2-41d9-9165-0101c3d4df60"},{"element-6066-11e4-a52e-4f735466cecf":"f9187d5a-9026-4785-b7ac-a32bd44272a1","ELEMENT":"f9187d5a-9026-4785-b7ac-a32bd44272a1"},{"element-6066-11e4-a52e-4f735466cecf":"a315cc5a-4db7-4c9c-83ad-ff8d75bd9815","ELEMENT":"a315cc5a-4db7-4c9c-83ad-ff8d75bd9815"},{"element-6066-11e4-a52e-4f735466cecf":"56962532-ae9c-4725-82a1-90238bbf466e","ELEMENT":"56962532-ae9c-4725-82a1-90238bbf466e"},{"element-6066-11e4-a52e-4f735466cecf":"1b779a41-976b-4527-a71c-865b8b117de4","ELEMENT":"1b779a41-976b-4527-a71c-865b8b117de4"},{"element-6066-11e4-a52e-4f735466cecf":"a69db478-afb9-4903-8550-126b45f0e4f4","ELEMENT":"a69db478-afb9-4903-8550-126b45f0e4f4"}]
&amp#27;[35m[HTTP]&amp#27;[39m &amp#27;[37m<-- POST /wd/hub/session/16b3dbbe-df97-44a4-9c86-a4c3f5d63c85/elements &amp#27;[39m&amp#27;[32m200&amp#27;[39m &amp#27;[90m39 ms - 779&amp#27;[39m
&amp#27;[35m[HTTP]&amp#27;[39m &amp#27;[90m&amp#27;[39m
&amp#27;[35m[HTTP]&amp#27;[39m &amp#27;[37m-->&amp#27;[39m &amp#27;[37mPOST&amp#27;[39m &amp#27;[37m/wd/hub/session/16b3dbbe-df97-44a4-9c86-a4c3f5d63c85/element/a69db478-afb9-4903-8550-126b45f0e4f4/click&amp#27;[39m
&amp#27;[35m[HTTP]&amp#27;[39m &amp#27;[90m{"id":"a69db478-afb9-4903-8550-126b45f0e4f4"}&amp#27;[39m
[debug] &amp#27;[35m[W3C (16b3dbbe)]&amp#27;[39m Calling AppiumDriver.click() with args: ["a69db478-afb9-4903-8550-126b45f0e4f4","16b3dbbe-df97-44a4-9c86-a4c3f5d63c85"]
[debug] &amp#27;[35m[WD Proxy]&amp#27;[39m Matched '/element/a69db478-afb9-4903-8550-126b45f0e4f4/click' to command name 'click'
[debug] &amp#27;[35m[WD Proxy]&amp#27;[39m Proxying [POST /element/a69db478-afb9-4903-8550-126b45f0e4f4/click] to [POST http://127.0.0.1:8201/wd/hub/session/1a942fc2-6d85-4888-a85b-0042439c6f52/element/a69db478-afb9-4903-8550-126b45f0e4f4/click] with body: {"element":"a69db478-afb9-4903-8550-126b45f0e4f4"}
[debug] &amp#27;[35m[WD Proxy]&amp#27;[39m Got response with status 200: {"sessionId":"1a942fc2-6d85-4888-a85b-0042439c6f52","value":null}
[debug] &amp#27;[35m[W3C (16b3dbbe)]&amp#27;[39m Responding to client with driver.click() result: null
&amp#27;[35m[HTTP]&amp#27;[39m &amp#27;[37m<-- POST /wd/hub/session/16b3dbbe-df97-44a4-9c86-a4c3f5d63c85/element/a69db478-afb9-4903-8550-126b45f0e4f4/click &amp#27;[39m&amp#27;[32m200&amp#27;[39m &amp#27;[90m77 ms - 14&amp#27;[39m
&amp#27;[35m[HTTP]&amp#27;[39m &amp#27;[90m&amp#27;[39m
&amp#27;[35m[HTTP]&amp#27;[39m &amp#27;[37m-->&amp#27;[39m &amp#27;[37mGET&amp#27;[39m &amp#27;[37m/wd/hub/session/16b3dbbe-df97-44a4-9c86-a4c3f5d63c85/context&amp#27;[39m
&amp#27;[35m[HTTP]&amp#27;[39m &amp#27;[90m{}&amp#27;[39m
[debug] &amp#27;[35m[W3C (16b3dbbe)]&amp#27;[39m Calling AppiumDriver.getCurrentContext() with args: ["16b3dbbe-df97-44a4-9c86-a4c3f5d63c85"]
[debug] &amp#27;[35m[W3C (16b3dbbe)]&amp#27;[39m Responding to client with driver.getCurrentContext() result: "NATIVE_APP"
&amp#27;[35m[HTTP]&amp#27;[39m &amp#27;[37m<-- GET /wd/hub/session/16b3dbbe-df97-44a4-9c86-a4c3f5d63c85/context &amp#27;[39m&amp#27;[32m200&amp#27;[39m &amp#27;[90m1 ms - 22&amp#27;[39m
&amp#27;[35m[HTTP]&amp#27;[39m &amp#27;[90m&amp#27;[39m
&amp#27;[35m[HTTP]&amp#27;[39m &amp#27;[37m-->&amp#27;[39m &amp#27;[37mPOST&amp#27;[39m &amp#27;[37m/wd/hub/session/16b3dbbe-df97-44a4-9c86-a4c3f5d63c85/elements&amp#27;[39m
&amp#27;[35m[HTTP]&amp#27;[39m &amp#27;[90m{"using":"class name","value":"android.widget.Image"}&amp#27;[39m
[debug] &amp#27;[35m[W3C (16b3dbbe)]&amp#27;[39m Calling AppiumDriver.findElements() with args: ["class name","android.widget.Image","16b3dbbe-df97-44a4-9c86-a4c3f5d63c85"]
[debug] &amp#27;[35m[BaseDriver]&amp#27;[39m Valid locator strategies for this request: xpath, id, class name, accessibility id, css selector, -android uiautomator
[debug] &amp#27;[35m[BaseDriver]&amp#27;[39m Waiting up to 10000 ms for condition
[debug] &amp#27;[35m[WD Proxy]&amp#27;[39m Matched '/elements' to command name 'findElements'
[debug] &amp#27;[35m[WD Proxy]&amp#27;[39m Proxying [POST /elements] to [POST http://127.0.0.1:8201/wd/hub/session/1a942fc2-6d85-4888-a85b-0042439c6f52/elements] with body: {"strategy":"class name","selector":"android.widget.Image","context":"","multiple":true}
[debug] &amp#27;[35m[WD Proxy]&amp#27;[39m Got response with status 200: {"sessionId":"1a942fc2-6d85-4888-a85b-0042439c6f52","value":[{"ELEMENT":"00055d64-00b3-4fc2-ad99-e870a008f6de","element-6066-11e4-a52e-4f735466cecf":"00055d64-00b3-4fc2-ad99-e870a008f6de"},{"ELEMENT":"c4c440c7-63fd-4a3e-a1bb-18cdf99f0578","element-6066-11e4-a52e-4f735466cecf":"c4c440c7-63fd-4a3e-a1bb-18cdf99f0578"},{"ELEMENT":"8716e246-20c8-4aac-94dc-8a1fdec7cd8b","element-6066-11e4-a52e-4f735466cecf":"8716e246-20c8-4aac-94dc-8a1fdec7cd8b"},{"ELEMENT":"cb6916dd-3de7-449b-a861-4019fd3e56d2","element-6066-11e4-a52e-4f735466cecf":"cb6916dd-3de7-449b-a861-4019fd3e56d2"},{"ELEMENT":"4182d9d5-647b-4438-9b18-d5087b7886b1","element-6066-11e4-a52e-4f735466cecf":"4182d9d5-647b-4438-9b18-d5087b7886b1"}]}
[debug] &amp#27;[35m[W3C (16b3dbbe)]&amp#27;[39m Responding to client with driver.findElements() result: [{"element-6066-11e4-a52e-4f735466cecf":"00055d64-00b3-4fc2-ad99-e870a008f6de","ELEMENT":"00055d64-00b3-4fc2-ad99-e870a008f6de"},{"element-6066-11e4-a52e-4f735466cecf":"c4c440c7-63fd-4a3e-a1bb-18cdf99f0578","ELEMENT":"c4c440c7-63fd-4a3e-a1bb-18cdf99f0578"},{"element-6066-11e4-a52e-4f735466cecf":"8716e246-20c8-4aac-94dc-8a1fdec7cd8b","ELEMENT":"8716e246-20c8-4aac-94dc-8a1fdec7cd8b"},{"element-6066-11e4-a52e-4f735466cecf":"cb6916dd-3de7-449b-a861-4019fd3e56d2","ELEMENT":"cb6916dd-3de7-449b-a861-4019fd3e56d2"},{"element-6066-11e4-a52e-4f735466cecf":"4182d9d5-647b-4438-9b18-d5087b7886b1","ELEMENT":"4182d9d5-647b-4438-9b18-d5087b7886b1"}]
&amp#27;[35m[HTTP]&amp#27;[39m &amp#27;[37m<-- POST /wd/hub/session/16b3dbbe-df97-44a4-9c86-a4c3f5d63c85/elements &amp#27;[39m&amp#27;[32m200&amp#27;[39m &amp#27;[90m557 ms - 651&amp#27;[39m
&amp#27;[35m[HTTP]&amp#27;[39m &amp#27;[90m&amp#27;[39m
&amp#27;[35m[HTTP]&amp#27;[39m &amp#27;[37m-->&amp#27;[39m &amp#27;[37mPOST&amp#27;[39m &amp#27;[37m/wd/hub/session/16b3dbbe-df97-44a4-9c86-a4c3f5d63c85/element/cb6916dd-3de7-449b-a861-4019fd3e56d2/click&amp#27;[39m
&amp#27;[35m[HTTP]&amp#27;[39m &amp#27;[90m{"id":"cb6916dd-3de7-449b-a861-4019fd3e56d2"}&amp#27;[39m
[debug] &amp#27;[35m[W3C (16b3dbbe)]&amp#27;[39m Calling AppiumDriver.click() with args: ["cb6916dd-3de7-449b-a861-4019fd3e56d2","16b3dbbe-df97-44a4-9c86-a4c3f5d63c85"]
[debug] &amp#27;[35m[WD Proxy]&amp#27;[39m Matched '/element/cb6916dd-3de7-449b-a861-4019fd3e56d2/click' to command name 'click'
[debug] &amp#27;[35m[WD Proxy]&amp#27;[39m Proxying [POST /element/cb6916dd-3de7-449b-a861-4019fd3e56d2/click] to [POST http://127.0.0.1:8201/wd/hub/session/1a942fc2-6d85-4888-a85b-0042439c6f52/element/cb6916dd-3de7-449b-a861-4019fd3e56d2/click] with body: {"element":"cb6916dd-3de7-449b-a861-4019fd3e56d2"}
[debug] &amp#27;[35m[WD Proxy]&amp#27;[39m Got response with status 200: {"sessionId":"1a942fc2-6d85-4888-a85b-0042439c6f52","value":null}
[debug] &amp#27;[35m[W3C (16b3dbbe)]&amp#27;[39m Responding to client with driver.click() result: null
&amp#27;[35m[HTTP]&amp#27;[39m &amp#27;[37m<-- POST /wd/hub/session/16b3dbbe-df97-44a4-9c86-a4c3f5d63c85/element/cb6916dd-3de7-449b-a861-4019fd3e56d2/click &amp#27;[39m&amp#27;[32m200&amp#27;[39m &amp#27;[90m76 ms - 14&amp#27;[39m
&amp#27;[35m[HTTP]&amp#27;[39m &amp#27;[90m&amp#27;[39m
&amp#27;[35m[HTTP]&amp#27;[39m &amp#27;[37m-->&amp#27;[39m &amp#27;[37mGET&amp#27;[39m &amp#27;[37m/wd/hub/session/16b3dbbe-df97-44a4-9c86-a4c3f5d63c85/context&amp#27;[39m
&amp#27;[35m[HTTP]&amp#27;[39m &amp#27;[90m{}&amp#27;[39m
[debug] &amp#27;[35m[W3C (16b3dbbe)]&amp#27;[39m Calling AppiumDriver.getCurrentContext() with args: ["16b3dbbe-df97-44a4-9c86-a4c3f5d63c85"]
[debug] &amp#27;[35m[W3C (16b3dbbe)]&amp#27;[39m Responding to client with driver.getCurrentContext() result: "NATIVE_APP"
&amp#27;[35m[HTTP]&amp#27;[39m &amp#27;[37m<-- GET /wd/hub/session/16b3dbbe-df97-44a4-9c86-a4c3f5d63c85/context &amp#27;[39m&amp#27;[32m200&amp#27;[39m &amp#27;[90m2 ms - 22&amp#27;[39m
&amp#27;[35m[HTTP]&amp#27;[39m &amp#27;[90m&amp#27;[39m
&amp#27;[35m[HTTP]&amp#27;[39m &amp#27;[37m-->&amp#27;[39m &amp#27;[37mPOST&amp#27;[39m &amp#27;[37m/wd/hub/session/16b3dbbe-df97-44a4-9c86-a4c3f5d63c85/element&amp#27;[39m
&amp#27;[35m[HTTP]&amp#27;[39m &amp#27;[90m{"using":"xpath","value":"//android.view.View[@text='Remove Account']"}&amp#27;[39m
[debug] &amp#27;[35m[W3C (16b3dbbe)]&amp#27;[39m Calling AppiumDriver.findElement() with args: ["xpath","//android.view.View[@text='Remove Account']","16b3dbbe-df97-44a4-9c86-a4c3f5d63c85"]
[debug] &amp#27;[35m[BaseDriver]&amp#27;[39m Valid locator strategies for this request: xpath, id, class name, accessibility id, css selector, -android uiautomator
[debug] &amp#27;[35m[BaseDriver]&amp#27;[39m Waiting up to 10000 ms for condition
[debug] &amp#27;[35m[WD Proxy]&amp#27;[39m Matched '/element' to command name 'findElement'
[debug] &amp#27;[35m[WD Proxy]&amp#27;[39m Proxying [POST /element] to [POST http://127.0.0.1:8201/wd/hub/session/1a942fc2-6d85-4888-a85b-0042439c6f52/element] with body: {"strategy":"xpath","selector":"//android.view.View[@text='Remove Account']","context":"","multiple":false}
[debug] &amp#27;[35m[WD Proxy]&amp#27;[39m Got response with status 200: {"sessionId":"1a942fc2-6d85-4888-a85b-0042439c6f52","value":{"ELEMENT":"e236d8f6-f23b-4d55-aa77-70694c04b10c","element-6066-11e4-a52e-4f735466cecf":"e236d8f6-f23b-4d55-aa77-70694c04b10c"}}
[debug] &amp#27;[35m[W3C (16b3dbbe)]&amp#27;[39m Responding to client with driver.findElement() result: {"element-6066-11e4-a52e-4f735466cecf":"e236d8f6-f23b-4d55-aa77-70694c04b10c","ELEMENT":"e236d8f6-f23b-4d55-aa77-70694c04b10c"}
&amp#27;[35m[HTTP]&amp#27;[39m &amp#27;[37m<-- POST /wd/hub/session/16b3dbbe-df97-44a4-9c86-a4c3f5d63c85/element &amp#27;[39m&amp#27;[32m200&amp#27;[39m &amp#27;[90m107 ms - 137&amp#27;[39m
&amp#27;[35m[HTTP]&amp#27;[39m &amp#27;[90m&amp#27;[39m
&amp#27;[35m[HTTP]&amp#27;[39m &amp#27;[37m-->&amp#27;[39m &amp#27;[37mPOST&amp#27;[39m &amp#27;[37m/wd/hub/session/16b3dbbe-df97-44a4-9c86-a4c3f5d63c85/element/e236d8f6-f23b-4d55-aa77-70694c04b10c/click&amp#27;[39m
&amp#27;[35m[HTTP]&amp#27;[39m &amp#27;[90m{"id":"e236d8f6-f23b-4d55-aa77-70694c04b10c"}&amp#27;[39m
[debug] &amp#27;[35m[W3C (16b3dbbe)]&amp#27;[39m Calling AppiumDriver.click() with args: ["e236d8f6-f23b-4d55-aa77-70694c04b10c","16b3dbbe-df97-44a4-9c86-a4c3f5d63c85"]
[debug] &amp#27;[35m[WD Proxy]&amp#27;[39m Matched '/element/e236d8f6-f23b-4d55-aa77-70694c04b10c/click' to command name 'click'
[debug] &amp#27;[35m[WD Proxy]&amp#27;[39m Proxying [POST /element/e236d8f6-f23b-4d55-aa77-70694c04b10c/click] to [POST http://127.0.0.1:8201/wd/hub/session/1a942fc2-6d85-4888-a85b-0042439c6f52/element/e236d8f6-f23b-4d55-aa77-70694c04b10c/click] with body: {"element":"e236d8f6-f23b-4d55-aa77-70694c04b10c"}
[debug] &amp#27;[35m[WD Proxy]&amp#27;[39m Got response with status 200: {"sessionId":"1a942fc2-6d85-4888-a85b-0042439c6f52","value":null}
[debug] &amp#27;[35m[W3C (16b3dbbe)]&amp#27;[39m Responding to client with driver.click() result: null
&amp#27;[35m[HTTP]&amp#27;[39m &amp#27;[37m<-- POST /wd/hub/session/16b3dbbe-df97-44a4-9c86-a4c3f5d63c85/element/e236d8f6-f23b-4d55-aa77-70694c04b10c/click &amp#27;[39m&amp#27;[32m200&amp#27;[39m &amp#27;[90m1541 ms - 14&amp#27;[39m
&amp#27;[35m[HTTP]&amp#27;[39m &amp#27;[90m&amp#27;[39m
&amp#27;[35m[HTTP]&amp#27;[39m &amp#27;[37m-->&amp#27;[39m &amp#27;[37mGET&amp#27;[39m &amp#27;[37m/wd/hub/session/16b3dbbe-df97-44a4-9c86-a4c3f5d63c85/context&amp#27;[39m
&amp#27;[35m[HTTP]&amp#27;[39m &amp#27;[90m{}&amp#27;[39m
[debug] &amp#27;[35m[W3C (16b3dbbe)]&amp#27;[39m Calling AppiumDriver.getCurrentContext() with args: ["16b3dbbe-df97-44a4-9c86-a4c3f5d63c85"]
[debug] &amp#27;[35m[W3C (16b3dbbe)]&amp#27;[39m Responding to client with driver.getCurrentContext() result: "NATIVE_APP"
&amp#27;[35m[HTTP]&amp#27;[39m &amp#27;[37m<-- GET /wd/hub/session/16b3dbbe-df97-44a4-9c86-a4c3f5d63c85/context &amp#27;[39m&amp#27;[32m200&amp#27;[39m &amp#27;[90m1 ms - 22&amp#27;[39m
&amp#27;[35m[HTTP]&amp#27;[39m &amp#27;[90m&amp#27;[39m
&amp#27;[35m[HTTP]&amp#27;[39m &amp#27;[37m-->&amp#27;[39m &amp#27;[37mPOST&amp#27;[39m &amp#27;[37m/wd/hub/session/16b3dbbe-df97-44a4-9c86-a4c3f5d63c85/element&amp#27;[39m
&amp#27;[35m[HTTP]&amp#27;[39m &amp#27;[90m{"using":"xpath","value":"//android.widget.Button[@text='Remove']"}&amp#27;[39m
[debug] &amp#27;[35m[W3C (16b3dbbe)]&amp#27;[39m Calling AppiumDriver.findElement() with args: ["xpath","//android.widget.Button[@text='Remove']","16b3dbbe-df97-44a4-9c86-a4c3f5d63c85"]
[debug] &amp#27;[35m[BaseDriver]&amp#27;[39m Valid locator strategies for this request: xpath, id, class name, accessibility id, css selector, -android uiautomator
[debug] &amp#27;[35m[BaseDriver]&amp#27;[39m Waiting up to 10000 ms for condition
[debug] &amp#27;[35m[WD Proxy]&amp#27;[39m Matched '/element' to command name 'findElement'
[debug] &amp#27;[35m[WD Proxy]&amp#27;[39m Proxying [POST /element] to [POST http://127.0.0.1:8201/wd/hub/session/1a942fc2-6d85-4888-a85b-0042439c6f52/element] with body: {"strategy":"xpath","selector":"//android.widget.Button[@text='Remove']","context":"","multiple":false}
[debug] &amp#27;[35m[WD Proxy]&amp#27;[39m Got response with status 200: {"sessionId":"1a942fc2-6d85-4888-a85b-0042439c6f52","value":{"ELEMENT":"086c1ce0-2c5b-4ab6-ad4c-f4ba65ee1926","element-6066-11e4-a52e-4f735466cecf":"086c1ce0-2c5b-4ab6-ad4c-f4ba65ee1926"}}
[debug] &amp#27;[35m[W3C (16b3dbbe)]&amp#27;[39m Responding to client with driver.findElement() result: {"element-6066-11e4-a52e-4f735466cecf":"086c1ce0-2c5b-4ab6-ad4c-f4ba65ee1926","ELEMENT":"086c1ce0-2c5b-4ab6-ad4c-f4ba65ee1926"}
&amp#27;[35m[HTTP]&amp#27;[39m &amp#27;[37m<-- POST /wd/hub/session/16b3dbbe-df97-44a4-9c86-a4c3f5d63c85/element &amp#27;[39m&amp#27;[32m200&amp#27;[39m &amp#27;[90m41 ms - 137&amp#27;[39m
&amp#27;[35m[HTTP]&amp#27;[39m &amp#27;[90m&amp#27;[39m
&amp#27;[35m[HTTP]&amp#27;[39m &amp#27;[37m-->&amp#27;[39m &amp#27;[37mPOST&amp#27;[39m &amp#27;[37m/wd/hub/session/16b3dbbe-df97-44a4-9c86-a4c3f5d63c85/element/086c1ce0-2c5b-4ab6-ad4c-f4ba65ee1926/click&amp#27;[39m
&amp#27;[35m[HTTP]&amp#27;[39m &amp#27;[90m{"id":"086c1ce0-2c5b-4ab6-ad4c-f4ba65ee1926"}&amp#27;[39m
[debug] &amp#27;[35m[W3C (16b3dbbe)]&amp#27;[39m Calling AppiumDriver.click() with args: ["086c1ce0-2c5b-4ab6-ad4c-f4ba65ee1926","16b3dbbe-df97-44a4-9c86-a4c3f5d63c85"]
[debug] &amp#27;[35m[WD Proxy]&amp#27;[39m Matched '/element/086c1ce0-2c5b-4ab6-ad4c-f4ba65ee1926/click' to command name 'click'
[debug] &amp#27;[35m[WD Proxy]&amp#27;[39m Proxying [POST /element/086c1ce0-2c5b-4ab6-ad4c-f4ba65ee1926/click] to [POST http://127.0.0.1:8201/wd/hub/session/1a942fc2-6d85-4888-a85b-0042439c6f52/element/086c1ce0-2c5b-4ab6-ad4c-f4ba65ee1926/click] with body: {"element":"086c1ce0-2c5b-4ab6-ad4c-f4ba65ee1926"}
[debug] &amp#27;[35m[WD Proxy]&amp#27;[39m Got response with status 200: {"sessionId":"1a942fc2-6d85-4888-a85b-0042439c6f52","value":null}
[debug] &amp#27;[35m[W3C (16b3dbbe)]&amp#27;[39m Responding to client with driver.click() result: null
&amp#27;[35m[HTTP]&amp#27;[39m &amp#27;[37m<-- POST /wd/hub/session/16b3dbbe-df97-44a4-9c86-a4c3f5d63c85/element/086c1ce0-2c5b-4ab6-ad4c-f4ba65ee1926/click &amp#27;[39m&amp#27;[32m200&amp#27;[39m &amp#27;[90m85 ms - 14&amp#27;[39m
&amp#27;[35m[HTTP]&amp#27;[39m &amp#27;[90m&amp#27;[39m
&amp#27;[35m[HTTP]&amp#27;[39m &amp#27;[37m-->&amp#27;[39m &amp#27;[37mGET&amp#27;[39m &amp#27;[37m/wd/hub/session/16b3dbbe-df97-44a4-9c86-a4c3f5d63c85/context&amp#27;[39m
&amp#27;[35m[HTTP]&amp#27;[39m &amp#27;[90m{}&amp#27;[39m
[debug] &amp#27;[35m[W3C (16b3dbbe)]&amp#27;[39m Calling AppiumDriver.getCurrentContext() with args: ["16b3dbbe-df97-44a4-9c86-a4c3f5d63c85"]
[debug] &amp#27;[35m[W3C (16b3dbbe)]&amp#27;[39m Responding to client with driver.getCurrentContext() result: "NATIVE_APP"
&amp#27;[35m[HTTP]&amp#27;[39m &amp#27;[37m<-- GET /wd/hub/session/16b3dbbe-df97-44a4-9c86-a4c3f5d63c85/context &amp#27;[39m&amp#27;[32m200&amp#27;[39m &amp#27;[90m1 ms - 22&amp#27;[39m
&amp#27;[35m[HTTP]&amp#27;[39m &amp#27;[90m&amp#27;[39m
&amp#27;[35m[HTTP]&amp#27;[39m &amp#27;[37m-->&amp#27;[39m &amp#27;[37mPOST&amp#27;[39m &amp#27;[37m/wd/hub/session/16b3dbbe-df97-44a4-9c86-a4c3f5d63c85/elements&amp#27;[39m
&amp#27;[35m[HTTP]&amp#27;[39m &amp#27;[90m{"using":"class name","value":"android.widget.Image"}&amp#27;[39m
[debug] &amp#27;[35m[W3C (16b3dbbe)]&amp#27;[39m Calling AppiumDriver.findElements() with args: ["class name","android.widget.Image","16b3dbbe-df97-44a4-9c86-a4c3f5d63c85"]
[debug] &amp#27;[35m[BaseDriver]&amp#27;[39m Valid locator strategies for this request: xpath, id, class name, accessibility id, css selector, -android uiautomator
[debug] &amp#27;[35m[BaseDriver]&amp#27;[39m Waiting up to 10000 ms for condition
[debug] &amp#27;[35m[WD Proxy]&amp#27;[39m Matched '/elements' to command name 'findElements'
[debug] &amp#27;[35m[WD Proxy]&amp#27;[39m Proxying [POST /elements] to [POST http://127.0.0.1:8201/wd/hub/session/1a942fc2-6d85-4888-a85b-0042439c6f52/elements] with body: {"strategy":"class name","selector":"android.widget.Image","context":"","multiple":true}
[debug] &amp#27;[35m[WD Proxy]&amp#27;[39m Got response with status 200: {"sessionId":"1a942fc2-6d85-4888-a85b-0042439c6f52","value":[{"ELEMENT":"608fb350-0342-4c9b-bc98-105deedd8888","element-6066-11e4-a52e-4f735466cecf":"608fb350-0342-4c9b-bc98-105deedd8888"},{"ELEMENT":"f12dcd5b-aeae-4cfa-a311-8d56eaa3fb2e","element-6066-11e4-a52e-4f735466cecf":"f12dcd5b-aeae-4cfa-a311-8d56eaa3fb2e"},{"ELEMENT":"1913e36c-5faa-41aa-9d8b-bbf16a55701d","element-6066-11e4-a52e-4f735466cecf":"1913e36c-5faa-41aa-9d8b-bbf16a55701d"},{"ELEMENT":"1114fa57-65c5-4c5a-a1cc-7b94e2f9d2b3","element-6066-11e4-a52e-4f735466cecf":"1114fa57-65c5-4c5a-a1cc-7b94e2f9d2b3"},{"ELEMENT":"ec80f12e-d2c8-4d42-8d09-a6d3455dd72e","element-6066-11e4-a52e-4f735466cecf":"ec80f12e-d2c8-4d42-8d09-a6d3455dd72e"}]}
[debug] &amp#27;[35m[W3C (16b3dbbe)]&amp#27;[39m Responding to client with driver.findElements() result: [{"element-6066-11e4-a52e-4f735466cecf":"608fb350-0342-4c9b-bc98-105deedd8888","ELEMENT":"608fb350-0342-4c9b-bc98-105deedd8888"},{"element-6066-11e4-a52e-4f735466cecf":"f12dcd5b-aeae-4cfa-a311-8d56eaa3fb2e","ELEMENT":"f12dcd5b-aeae-4cfa-a311-8d56eaa3fb2e"},{"element-6066-11e4-a52e-4f735466cecf":"1913e36c-5faa-41aa-9d8b-bbf16a55701d","ELEMENT":"1913e36c-5faa-41aa-9d8b-bbf16a55701d"},{"element-6066-11e4-a52e-4f735466cecf":"1114fa57-65c5-4c5a-a1cc-7b94e2f9d2b3","ELEMENT":"1114fa57-65c5-4c5a-a1cc-7b94e2f9d2b3"},{"element-6066-11e4-a52e-4f735466cecf":"ec80f12e-d2c8-4d42-8d09-a6d3455dd72e","ELEMENT":"ec80f12e-d2c8-4d42-8d09-a6d3455dd72e"}]
&amp#27;[35m[HTTP]&amp#27;[39m &amp#27;[37m<-- POST /wd/hub/session/16b3dbbe-df97-44a4-9c86-a4c3f5d63c85/elements &amp#27;[39m&amp#27;[32m200&amp#27;[39m &amp#27;[90m48 ms - 651&amp#27;[39m
&amp#27;[35m[HTTP]&amp#27;[39m &amp#27;[90m&amp#27;[39m
13
&amp#27;[35m[HTTP]&amp#27;[39m &amp#27;[37m-->&amp#27;[39m &amp#27;[37mGET&amp#27;[39m &amp#27;[37m/wd/hub/session/16b3dbbe-df97-44a4-9c86-a4c3f5d63c85/context&amp#27;[39m
&amp#27;[35m[HTTP]&amp#27;[39m &amp#27;[90m{}&amp#27;[39m
[debug] &amp#27;[35m[W3C (16b3dbbe)]&amp#27;[39m Calling AppiumDriver.getCurrentContext() with args: ["16b3dbbe-df97-44a4-9c86-a4c3f5d63c85"]
[debug] &amp#27;[35m[W3C (16b3dbbe)]&amp#27;[39m Responding to client with driver.getCurrentContext() result: "NATIVE_APP"
&amp#27;[35m[HTTP]&amp#27;[39m &amp#27;[37m<-- GET /wd/hub/session/16b3dbbe-df97-44a4-9c86-a4c3f5d63c85/context &amp#27;[39m&amp#27;[32m200&amp#27;[39m &amp#27;[90m1 ms - 22&amp#27;[39m
&amp#27;[35m[HTTP]&amp#27;[39m &amp#27;[90m&amp#27;[39m
&amp#27;[35m[HTTP]&amp#27;[39m &amp#27;[37m-->&amp#27;[39m &amp#27;[37mPOST&amp#27;[39m &amp#27;[37m/wd/hub/session/16b3dbbe-df97-44a4-9c86-a4c3f5d63c85/element&amp#27;[39m
&amp#27;[35m[HTTP]&amp#27;[39m &amp#27;[90m{"using":"xpath","value":"//android.view.View[@text='Account Remove Successfully']"}&amp#27;[39m
[debug] &amp#27;[35m[W3C (16b3dbbe)]&amp#27;[39m Calling AppiumDriver.findElement() with args: ["xpath","//android.view.View[@text='Account Remove Successfully']","16b3dbbe-df97-44a4-9c86-a4c3f5d63c85"]
[debug] &amp#27;[35m[BaseDriver]&amp#27;[39m Valid locator strategies for this request: xpath, id, class name, accessibility id, css selector, -android uiautomator
[debug] &amp#27;[35m[BaseDriver]&amp#27;[39m Waiting up to 10000 ms for condition
[debug] &amp#27;[35m[WD Proxy]&amp#27;[39m Matched '/element' to command name 'findElement'
[debug] &amp#27;[35m[WD Proxy]&amp#27;[39m Proxying [POST /element] to [POST http://127.0.0.1:8201/wd/hub/session/1a942fc2-6d85-4888-a85b-0042439c6f52/element] with body: {"strategy":"xpath","selector":"//android.view.View[@text='Account Remove Successfully']","context":"","multiple":false}
[debug] &amp#27;[35m[WD Proxy]&amp#27;[39m Got response with status 200: {"sessionId":"1a942fc2-6d85-4888-a85b-0042439c6f52","value":{"ELEMENT":"040d608b-1149-499c-9e81-21605419d89a","element-6066-11e4-a52e-4f735466cecf":"040d608b-1149-499c-9e81-21605419d89a"}}
[debug] &amp#27;[35m[W3C (16b3dbbe)]&amp#27;[39m Responding to client with driver.findElement() result: {"element-6066-11e4-a52e-4f735466cecf":"040d608b-1149-499c-9e81-21605419d89a","ELEMENT":"040d608b-1149-499c-9e81-21605419d89a"}
&amp#27;[35m[HTTP]&amp#27;[39m &amp#27;[37m<-- POST /wd/hub/session/16b3dbbe-df97-44a4-9c86-a4c3f5d63c85/element &amp#27;[39m&amp#27;[32m200&amp#27;[39m &amp#27;[90m41 ms - 137&amp#27;[39m
&amp#27;[35m[HTTP]&amp#27;[39m &amp#27;[90m&amp#27;[39m
&amp#27;[35m[HTTP]&amp#27;[39m &amp#27;[37m-->&amp#27;[39m &amp#27;[37mGET&amp#27;[39m &amp#27;[37m/wd/hub/session/16b3dbbe-df97-44a4-9c86-a4c3f5d63c85/element/040d608b-1149-499c-9e81-21605419d89a/text&amp#27;[39m
&amp#27;[35m[HTTP]&amp#27;[39m &amp#27;[90m{}&amp#27;[39m
&amp#27;[35m[W3C (16b3dbbe)]&amp#27;[39m Driver proxy active, passing request on via HTTP proxy
[debug] &amp#27;[35m[WD Proxy]&amp#27;[39m Matched '/wd/hub/session/16b3dbbe-df97-44a4-9c86-a4c3f5d63c85/element/040d608b-1149-499c-9e81-21605419d89a/text' to command name 'getText'
[debug] &amp#27;[35m[WD Proxy]&amp#27;[39m Proxying [GET /wd/hub/session/16b3dbbe-df97-44a4-9c86-a4c3f5d63c85/element/040d608b-1149-499c-9e81-21605419d89a/text] to [GET http://127.0.0.1:8201/wd/hub/session/1a942fc2-6d85-4888-a85b-0042439c6f52/element/040d608b-1149-499c-9e81-21605419d89a/text] with no body
[debug] &amp#27;[35m[WD Proxy]&amp#27;[39m Got response with status 200: {"sessionId":"1a942fc2-6d85-4888-a85b-0042439c6f52","value":"Account Remove Successfully"}
&amp#27;[35m[WD Proxy]&amp#27;[39m Replacing sessionId 1a942fc2-6d85-4888-a85b-0042439c6f52 with 16b3dbbe-df97-44a4-9c86-a4c3f5d63c85
&amp#27;[35m[HTTP]&amp#27;[39m &amp#27;[37m<-- GET /wd/hub/session/16b3dbbe-df97-44a4-9c86-a4c3f5d63c85/element/040d608b-1149-499c-9e81-21605419d89a/text &amp#27;[39m&amp#27;[32m200&amp#27;[39m &amp#27;[90m20 ms - 90&amp#27;[39m
&amp#27;[35m[HTTP]&amp#27;[39m &amp#27;[90m&amp#27;[39m
Account Removed Succesfully
&amp#27;[35m[HTTP]&amp#27;[39m &amp#27;[37m-->&amp#27;[39m &amp#27;[37mGET&amp#27;[39m &amp#27;[37m/wd/hub/session/16b3dbbe-df97-44a4-9c86-a4c3f5d63c85/context&amp#27;[39m
&amp#27;[35m[HTTP]&amp#27;[39m &amp#27;[90m{}&amp#27;[39m
[debug] &amp#27;[35m[W3C (16b3dbbe)]&amp#27;[39m Calling AppiumDriver.getCurrentContext() with args: ["16b3dbbe-df97-44a4-9c86-a4c3f5d63c85"]
[debug] &amp#27;[35m[W3C (16b3dbbe)]&amp#27;[39m Responding to client with driver.getCurrentContext() result: "NATIVE_APP"
&amp#27;[35m[HTTP]&amp#27;[39m &amp#27;[37m<-- GET /wd/hub/session/16b3dbbe-df97-44a4-9c86-a4c3f5d63c85/context &amp#27;[39m&amp#27;[32m200&amp#27;[39m &amp#27;[90m1 ms - 22&amp#27;[39m
&amp#27;[35m[HTTP]&amp#27;[39m &amp#27;[90m&amp#27;[39m
&amp#27;[35m[HTTP]&amp#27;[39m &amp#27;[37m-->&amp#27;[39m &amp#27;[37mPOST&amp#27;[39m &amp#27;[37m/wd/hub/session/16b3dbbe-df97-44a4-9c86-a4c3f5d63c85/elements&amp#27;[39m
&amp#27;[35m[HTTP]&amp#27;[39m &amp#27;[90m{"using":"class name","value":"android.widget.Image"}&amp#27;[39m
[debug] &amp#27;[35m[W3C (16b3dbbe)]&amp#27;[39m Calling AppiumDriver.findElements() with args: ["class name","android.widget.Image","16b3dbbe-df97-44a4-9c86-a4c3f5d63c85"]
[debug] &amp#27;[35m[BaseDriver]&amp#27;[39m Valid locator strategies for this request: xpath, id, class name, accessibility id, css selector, -android uiautomator
[debug] &amp#27;[35m[BaseDriver]&amp#27;[39m Waiting up to 10000 ms for condition
[debug] &amp#27;[35m[WD Proxy]&amp#27;[39m Matched '/elements' to command name 'findElements'
[debug] &amp#27;[35m[WD Proxy]&amp#27;[39m Proxying [POST /elements] to [POST http://127.0.0.1:8201/wd/hub/session/1a942fc2-6d85-4888-a85b-0042439c6f52/elements] with body: {"strategy":"class name","selector":"android.widget.Image","context":"","multiple":true}
[debug] &amp#27;[35m[WD Proxy]&amp#27;[39m Got response with status 200: {"sessionId":"1a942fc2-6d85-4888-a85b-0042439c6f52","value":[{"ELEMENT":"27e4dc56-0ed8-4b81-b6cb-1de2cd12352c","element-6066-11e4-a52e-4f735466cecf":"27e4dc56-0ed8-4b81-b6cb-1de2cd12352c"},{"ELEMENT":"85436991-5adb-4f36-8d18-2f5c330759f0","element-6066-11e4-a52e-4f735466cecf":"85436991-5adb-4f36-8d18-2f5c330759f0"},{"ELEMENT":"c985f52c-806f-46e8-b6d3-1f7e37aca112","element-6066-11e4-a52e-4f735466cecf":"c985f52c-806f-46e8-b6d3-1f7e37aca112"},{"ELEMENT":"db44d69e-48d8-4dc5-bb0e-7ad1c532d1ca","element-6066-11e4-a52e-4f735466cecf":"db44d69e-48d8-4dc5-bb0e-7ad1c532d1ca"},{"ELEMENT":"cb62aa40-87ef-43e3-a405-72d0c9ae87c8","element-6066-11e4-a52e-4f735466cecf":"cb62aa40-87ef-43e3-a405-72d0c9ae87c8"}]}
[debug] &amp#27;[35m[W3C (16b3dbbe)]&amp#27;[39m Responding to client with driver.findElements() result: [{"element-6066-11e4-a52e-4f735466cecf":"27e4dc56-0ed8-4b81-b6cb-1de2cd12352c","ELEMENT":"27e4dc56-0ed8-4b81-b6cb-1de2cd12352c"},{"element-6066-11e4-a52e-4f735466cecf":"85436991-5adb-4f36-8d18-2f5c330759f0","ELEMENT":"85436991-5adb-4f36-8d18-2f5c330759f0"},{"element-6066-11e4-a52e-4f735466cecf":"c985f52c-806f-46e8-b6d3-1f7e37aca112","ELEMENT":"c985f52c-806f-46e8-b6d3-1f7e37aca112"},{"element-6066-11e4-a52e-4f735466cecf":"db44d69e-48d8-4dc5-bb0e-7ad1c532d1ca","ELEMENT":"db44d69e-48d8-4dc5-bb0e-7ad1c532d1ca"},{"element-6066-11e4-a52e-4f735466cecf":"cb62aa40-87ef-43e3-a405-72d0c9ae87c8","ELEMENT":"cb62aa40-87ef-43e3-a405-72d0c9ae87c8"}]
&amp#27;[35m[HTTP]&amp#27;[39m &amp#27;[37m<-- POST /wd/hub/session/16b3dbbe-df97-44a4-9c86-a4c3f5d63c85/elements &amp#27;[39m&amp#27;[32m200&amp#27;[39m &amp#27;[90m28 ms - 651&amp#27;[39m
&amp#27;[35m[HTTP]&amp#27;[39m &amp#27;[90m&amp#27;[39m
&amp#27;[35m[HTTP]&amp#27;[39m &amp#27;[37m-->&amp#27;[39m &amp#27;[37mPOST&amp#27;[39m &amp#27;[37m/wd/hub/session/16b3dbbe-df97-44a4-9c86-a4c3f5d63c85/element/cb62aa40-87ef-43e3-a405-72d0c9ae87c8/click&amp#27;[39m
&amp#27;[35m[HTTP]&amp#27;[39m &amp#27;[90m{"id":"cb62aa40-87ef-43e3-a405-72d0c9ae87c8"}&amp#27;[39m
[debug] &amp#27;[35m[W3C (16b3dbbe)]&amp#27;[39m Calling AppiumDriver.click() with args: ["cb62aa40-87ef-43e3-a405-72d0c9ae87c8","16b3dbbe-df97-44a4-9c86-a4c3f5d63c85"]
[debug] &amp#27;[35m[WD Proxy]&amp#27;[39m Matched '/element/cb62aa40-87ef-43e3-a405-72d0c9ae87c8/click' to command name 'click'
[debug] &amp#27;[35m[WD Proxy]&amp#27;[39m Proxying [POST /element/cb62aa40-87ef-43e3-a405-72d0c9ae87c8/click] to [POST http://127.0.0.1:8201/wd/hub/session/1a942fc2-6d85-4888-a85b-0042439c6f52/element/cb62aa40-87ef-43e3-a405-72d0c9ae87c8/click] with body: {"element":"cb62aa40-87ef-43e3-a405-72d0c9ae87c8"}
[debug] &amp#27;[35m[WD Proxy]&amp#27;[39m Got response with status 200: {"sessionId":"1a942fc2-6d85-4888-a85b-0042439c6f52","value":null}
[debug] &amp#27;[35m[W3C (16b3dbbe)]&amp#27;[39m Responding to client with driver.click() result: null
&amp#27;[35m[HTTP]&amp#27;[39m &amp#27;[37m<-- POST /wd/hub/session/16b3dbbe-df97-44a4-9c86-a4c3f5d63c85/element/cb62aa40-87ef-43e3-a405-72d0c9ae87c8/click &amp#27;[39m&amp#27;[32m200&amp#27;[39m &amp#27;[90m86 ms - 14&amp#27;[39m
&amp#27;[35m[HTTP]&amp#27;[39m &amp#27;[90m&amp#27;[39m
&amp#27;[35m[HTTP]&amp#27;[39m &amp#27;[37m-->&amp#27;[39m &amp#27;[37mGET&amp#27;[39m &amp#27;[37m/wd/hub/session/16b3dbbe-df97-44a4-9c86-a4c3f5d63c85/context&amp#27;[39m
&amp#27;[35m[HTTP]&amp#27;[39m &amp#27;[90m{}&amp#27;[39m
[debug] &amp#27;[35m[W3C (16b3dbbe)]&amp#27;[39m Calling AppiumDriver.getCurrentContext() with args: ["16b3dbbe-df97-44a4-9c86-a4c3f5d63c85"]
[debug] &amp#27;[35m[W3C (16b3dbbe)]&amp#27;[39m Responding to client with driver.getCurrentContext() result: "NATIVE_APP"
&amp#27;[35m[HTTP]&amp#27;[39m &amp#27;[37m<-- GET /wd/hub/session/16b3dbbe-df97-44a4-9c86-a4c3f5d63c85/context &amp#27;[39m&amp#27;[32m200&amp#27;[39m &amp#27;[90m1 ms - 22&amp#27;[39m
&amp#27;[35m[HTTP]&amp#27;[39m &amp#27;[90m&amp#27;[39m
&amp#27;[35m[HTTP]&amp#27;[39m &amp#27;[37m-->&amp#27;[39m &amp#27;[37mPOST&amp#27;[39m &amp#27;[37m/wd/hub/session/16b3dbbe-df97-44a4-9c86-a4c3f5d63c85/elements&amp#27;[39m
&amp#27;[35m[HTTP]&amp#27;[39m &amp#27;[90m{"using":"class name","value":"android.widget.Image"}&amp#27;[39m
[debug] &amp#27;[35m[W3C (16b3dbbe)]&amp#27;[39m Calling AppiumDriver.findElements() with args: ["class name","android.widget.Image","16b3dbbe-df97-44a4-9c86-a4c3f5d63c85"]
[debug] &amp#27;[35m[BaseDriver]&amp#27;[39m Valid locator strategies for this request: xpath, id, class name, accessibility id, css selector, -android uiautomator
[debug] &amp#27;[35m[BaseDriver]&amp#27;[39m Waiting up to 10000 ms for condition
[debug] &amp#27;[35m[WD Proxy]&amp#27;[39m Matched '/elements' to command name 'findElements'
[debug] &amp#27;[35m[WD Proxy]&amp#27;[39m Proxying [POST /elements] to [POST http://127.0.0.1:8201/wd/hub/session/1a942fc2-6d85-4888-a85b-0042439c6f52/elements] with body: {"strategy":"class name","selector":"android.widget.Image","context":"","multiple":true}
[debug] &amp#27;[35m[WD Proxy]&amp#27;[39m Got response with status 200: {"sessionId":"1a942fc2-6d85-4888-a85b-0042439c6f52","value":[{"ELEMENT":"c22418cb-5a5a-4d0b-8fe4-3b6f79c29095","element-6066-11e4-a52e-4f735466cecf":"c22418cb-5a5a-4d0b-8fe4-3b6f79c29095"},{"ELEMENT":"0b1dc52b-75b3-43c7-89e3-c557fd3be889","element-6066-11e4-a52e-4f735466cecf":"0b1dc52b-75b3-43c7-89e3-c557fd3be889"},{"ELEMENT":"69875b08-50a1-4ba5-8732-6679f1e11edb","element-6066-11e4-a52e-4f735466cecf":"69875b08-50a1-4ba5-8732-6679f1e11edb"},{"ELEMENT":"1cce2444-e864-4d45-ac12-edb453e55edf","element-6066-11e4-a52e-4f735466cecf":"1cce2444-e864-4d45-ac12-edb453e55edf"}]}
[debug] &amp#27;[35m[W3C (16b3dbbe)]&amp#27;[39m Responding to client with driver.findElements() result: [{"element-6066-11e4-a52e-4f735466cecf":"c22418cb-5a5a-4d0b-8fe4-3b6f79c29095","ELEMENT":"c22418cb-5a5a-4d0b-8fe4-3b6f79c29095"},{"element-6066-11e4-a52e-4f735466cecf":"0b1dc52b-75b3-43c7-89e3-c557fd3be889","ELEMENT":"0b1dc52b-75b3-43c7-89e3-c557fd3be889"},{"element-6066-11e4-a52e-4f735466cecf":"69875b08-50a1-4ba5-8732-6679f1e11edb","ELEMENT":"69875b08-50a1-4ba5-8732-6679f1e11edb"},{"element-6066-11e4-a52e-4f735466cecf":"1cce2444-e864-4d45-ac12-edb453e55edf","ELEMENT":"1cce2444-e864-4d45-ac12-edb453e55edf"}]
&amp#27;[35m[HTTP]&amp#27;[39m &amp#27;[37m<-- POST /wd/hub/session/16b3dbbe-df97-44a4-9c86-a4c3f5d63c85/elements &amp#27;[39m&amp#27;[32m200&amp#27;[39m &amp#27;[90m500 ms - 523&amp#27;[39m
&amp#27;[35m[HTTP]&amp#27;[39m &amp#27;[90m&amp#27;[39m
&amp#27;[35m[HTTP]&amp#27;[39m &amp#27;[37m-->&amp#27;[39m &amp#27;[37mPOST&amp#27;[39m &amp#27;[37m/wd/hub/session/16b3dbbe-df97-44a4-9c86-a4c3f5d63c85/element/1cce2444-e864-4d45-ac12-edb453e55edf/click&amp#27;[39m
&amp#27;[35m[HTTP]&amp#27;[39m &amp#27;[90m{"id":"1cce2444-e864-4d45-ac12-edb453e55edf"}&amp#27;[39m
[debug] &amp#27;[35m[W3C (16b3dbbe)]&amp#27;[39m Calling AppiumDriver.click() with args: ["1cce2444-e864-4d45-ac12-edb453e55edf","16b3dbbe-df97-44a4-9c86-a4c3f5d63c85"]
[debug] &amp#27;[35m[WD Proxy]&amp#27;[39m Matched '/element/1cce2444-e864-4d45-ac12-edb453e55edf/click' to command name 'click'
[debug] &amp#27;[35m[WD Proxy]&amp#27;[39m Proxying [POST /element/1cce2444-e864-4d45-ac12-edb453e55edf/click] to [POST http://127.0.0.1:8201/wd/hub/session/1a942fc2-6d85-4888-a85b-0042439c6f52/element/1cce2444-e864-4d45-ac12-edb453e55edf/click] with body: {"element":"1cce2444-e864-4d45-ac12-edb453e55edf"}
[debug] &amp#27;[35m[WD Proxy]&amp#27;[39m Got response with status 200: {"sessionId":"1a942fc2-6d85-4888-a85b-0042439c6f52","value":null}
[debug] &amp#27;[35m[W3C (16b3dbbe)]&amp#27;[39m Responding to client with driver.click() result: null
&amp#27;[35m[HTTP]&amp#27;[39m &amp#27;[37m<-- POST /wd/hub/session/16b3dbbe-df97-44a4-9c86-a4c3f5d63c85/element/1cce2444-e864-4d45-ac12-edb453e55edf/click &amp#27;[39m&amp#27;[32m200&amp#27;[39m &amp#27;[90m70 ms - 14&amp#27;[39m
&amp#27;[35m[HTTP]&amp#27;[39m &amp#27;[90m&amp#27;[39m
&amp#27;[35m[HTTP]&amp#27;[39m &amp#27;[37m-->&amp#27;[39m &amp#27;[37mGET&amp#27;[39m &amp#27;[37m/wd/hub/session/16b3dbbe-df97-44a4-9c86-a4c3f5d63c85/context&amp#27;[39m
&amp#27;[35m[HTTP]&amp#27;[39m &amp#27;[90m{}&amp#27;[39m
[debug] &amp#27;[35m[W3C (16b3dbbe)]&amp#27;[39m Calling AppiumDriver.getCurrentContext() with args: ["16b3dbbe-df97-44a4-9c86-a4c3f5d63c85"]
[debug] &amp#27;[35m[W3C (16b3dbbe)]&amp#27;[39m Responding to client with driver.getCurrentContext() result: "NATIVE_APP"
&amp#27;[35m[HTTP]&amp#27;[39m &amp#27;[37m<-- GET /wd/hub/session/16b3dbbe-df97-44a4-9c86-a4c3f5d63c85/context &amp#27;[39m&amp#27;[32m200&amp#27;[39m &amp#27;[90m1 ms - 22&amp#27;[39m
&amp#27;[35m[HTTP]&amp#27;[39m &amp#27;[90m&amp#27;[39m
&amp#27;[35m[HTTP]&amp#27;[39m &amp#27;[37m-->&amp#27;[39m &amp#27;[37mPOST&amp#27;[39m &amp#27;[37m/wd/hub/session/16b3dbbe-df97-44a4-9c86-a4c3f5d63c85/element&amp#27;[39m
&amp#27;[35m[HTTP]&amp#27;[39m &amp#27;[90m{"using":"xpath","value":"//android.view.View[@text='Remove Account']"}&amp#27;[39m
[debug] &amp#27;[35m[W3C (16b3dbbe)]&amp#27;[39m Calling AppiumDriver.findElement() with args: ["xpath","//android.view.View[@text='Remove Account']","16b3dbbe-df97-44a4-9c86-a4c3f5d63c85"]
[debug] &amp#27;[35m[BaseDriver]&amp#27;[39m Valid locator strategies for this request: xpath, id, class name, accessibility id, css selector, -android uiautomator
[debug] &amp#27;[35m[BaseDriver]&amp#27;[39m Waiting up to 10000 ms for condition
[debug] &amp#27;[35m[WD Proxy]&amp#27;[39m Matched '/element' to command name 'findElement'
[debug] &amp#27;[35m[WD Proxy]&amp#27;[39m Proxying [POST /element] to [POST http://127.0.0.1:8201/wd/hub/session/1a942fc2-6d85-4888-a85b-0042439c6f52/element] with body: {"strategy":"xpath","selector":"//android.view.View[@text='Remove Account']","context":"","multiple":false}
[debug] &amp#27;[35m[WD Proxy]&amp#27;[39m Got response with status 200: {"sessionId":"1a942fc2-6d85-4888-a85b-0042439c6f52","value":{"ELEMENT":"cf8d9c3f-84a2-4505-83af-be230440cfae","element-6066-11e4-a52e-4f735466cecf":"cf8d9c3f-84a2-4505-83af-be230440cfae"}}
[debug] &amp#27;[35m[W3C (16b3dbbe)]&amp#27;[39m Responding to client with driver.findElement() result: {"element-6066-11e4-a52e-4f735466cecf":"cf8d9c3f-84a2-4505-83af-be230440cfae","ELEMENT":"cf8d9c3f-84a2-4505-83af-be230440cfae"}
&amp#27;[35m[HTTP]&amp#27;[39m &amp#27;[37m<-- POST /wd/hub/session/16b3dbbe-df97-44a4-9c86-a4c3f5d63c85/element &amp#27;[39m&amp#27;[32m200&amp#27;[39m &amp#27;[90m524 ms - 137&amp#27;[39m
&amp#27;[35m[HTTP]&amp#27;[39m &amp#27;[90m&amp#27;[39m
&amp#27;[35m[HTTP]&amp#27;[39m &amp#27;[37m-->&amp#27;[39m &amp#27;[37mPOST&amp#27;[39m &amp#27;[37m/wd/hub/session/16b3dbbe-df97-44a4-9c86-a4c3f5d63c85/element/cf8d9c3f-84a2-4505-83af-be230440cfae/click&amp#27;[39m
&amp#27;[35m[HTTP]&amp#27;[39m &amp#27;[90m{"id":"cf8d9c3f-84a2-4505-83af-be230440cfae"}&amp#27;[39m
[debug] &amp#27;[35m[W3C (16b3dbbe)]&amp#27;[39m Calling AppiumDriver.click() with args: ["cf8d9c3f-84a2-4505-83af-be230440cfae","16b3dbbe-df97-44a4-9c86-a4c3f5d63c85"]
[debug] &amp#27;[35m[WD Proxy]&amp#27;[39m Matched '/element/cf8d9c3f-84a2-4505-83af-be230440cfae/click' to command name 'click'
[debug] &amp#27;[35m[WD Proxy]&amp#27;[39m Proxying [POST /element/cf8d9c3f-84a2-4505-83af-be230440cfae/click] to [POST http://127.0.0.1:8201/wd/hub/session/1a942fc2-6d85-4888-a85b-0042439c6f52/element/cf8d9c3f-84a2-4505-83af-be230440cfae/click] with body: {"element":"cf8d9c3f-84a2-4505-83af-be230440cfae"}
[debug] &amp#27;[35m[WD Proxy]&amp#27;[39m Got response with status 200: {"sessionId":"1a942fc2-6d85-4888-a85b-0042439c6f52","value":null}
[debug] &amp#27;[35m[W3C (16b3dbbe)]&amp#27;[39m Responding to client with driver.click() result: null
&amp#27;[35m[HTTP]&amp#27;[39m &amp#27;[37m<-- POST /wd/hub/session/16b3dbbe-df97-44a4-9c86-a4c3f5d63c85/element/cf8d9c3f-84a2-4505-83af-be230440cfae/click &amp#27;[39m&amp#27;[32m200&amp#27;[39m &amp#27;[90m522 ms - 14&amp#27;[39m
&amp#27;[35m[HTTP]&amp#27;[39m &amp#27;[90m&amp#27;[39m
&amp#27;[35m[HTTP]&amp#27;[39m &amp#27;[37m-->&amp#27;[39m &amp#27;[37mGET&amp#27;[39m &amp#27;[37m/wd/hub/session/16b3dbbe-df97-44a4-9c86-a4c3f5d63c85/context&amp#27;[39m
&amp#27;[35m[HTTP]&amp#27;[39m &amp#27;[90m{}&amp#27;[39m
[debug] &amp#27;[35m[W3C (16b3dbbe)]&amp#27;[39m Calling AppiumDriver.getCurrentContext() with args: ["16b3dbbe-df97-44a4-9c86-a4c3f5d63c85"]
[debug] &amp#27;[35m[W3C (16b3dbbe)]&amp#27;[39m Responding to client with driver.getCurrentContext() result: "NATIVE_APP"
&amp#27;[35m[HTTP]&amp#27;[39m &amp#27;[37m<-- GET /wd/hub/session/16b3dbbe-df97-44a4-9c86-a4c3f5d63c85/context &amp#27;[39m&amp#27;[32m200&amp#27;[39m &amp#27;[90m1 ms - 22&amp#27;[39m
&amp#27;[35m[HTTP]&amp#27;[39m &amp#27;[90m&amp#27;[39m
&amp#27;[35m[HTTP]&amp#27;[39m &amp#27;[37m-->&amp#27;[39m &amp#27;[37mPOST&amp#27;[39m &amp#27;[37m/wd/hub/session/16b3dbbe-df97-44a4-9c86-a4c3f5d63c85/element&amp#27;[39m
&amp#27;[35m[HTTP]&amp#27;[39m &amp#27;[90m{"using":"xpath","value":"//android.widget.Button[@text='Remove']"}&amp#27;[39m
[debug] &amp#27;[35m[W3C (16b3dbbe)]&amp#27;[39m Calling AppiumDriver.findElement() with args: ["xpath","//android.widget.Button[@text='Remove']","16b3dbbe-df97-44a4-9c86-a4c3f5d63c85"]
[debug] &amp#27;[35m[BaseDriver]&amp#27;[39m Valid locator strategies for this request: xpath, id, class name, accessibility id, css selector, -android uiautomator
[debug] &amp#27;[35m[BaseDriver]&amp#27;[39m Waiting up to 10000 ms for condition
[debug] &amp#27;[35m[WD Proxy]&amp#27;[39m Matched '/element' to command name 'findElement'
[debug] &amp#27;[35m[WD Proxy]&amp#27;[39m Proxying [POST /element] to [POST http://127.0.0.1:8201/wd/hub/session/1a942fc2-6d85-4888-a85b-0042439c6f52/element] with body: {"strategy":"xpath","selector":"//android.widget.Button[@text='Remove']","context":"","multiple":false}
&amp#27;[35m[WD Proxy]&amp#27;[39m Got response with status 404: {"sessionId":"1a942fc2-6d85-4888-a85b-0042439c6f52","value":{"error":"no such element","message":"An element could not be located on the page using the given search parameters","stacktrace":"io.appium.uiautomator2.common.exceptions.ElementNotFoundException: An element could not be located on the page using the given search parameters\n\tat io.appium.uiautomator2.handler.FindElement.findElement(FindElement.java:89)\n\tat io.appium.uiautomator2.handler.FindElement.safeHandle(FindElement.java:66)\n\tat io.appium.uiautomator2.handler.request.SafeRequestHandler.handle(SafeRequestHandler.java:41)\n\tat io.appium.uiautomator2.server.AppiumServlet.handleRequest(AppiumServlet.java:262)\n\tat io.appium.uiautomator2.server.AppiumServlet.handleHttpRequest(AppiumServlet.java:256)\n\tat io.appium.uiautomator2.http.ServerHandler.channelRead(ServerHandler.java:68)\n\tat io.netty.channel.AbstractChannelHandlerContext.invokeChannelRead(AbstractChannelHandlerContext.java:366)\n\tat io.netty.channel.AbstractChannelHandlerCont...
[debug] &amp#27;[35m[W3C]&amp#27;[39m Matched W3C error code 'no such element' to NoSuchElementError
[debug] &amp#27;[35m[BaseDriver]&amp#27;[39m Waited for 97 ms so far
[debug] &amp#27;[35m[WD Proxy]&amp#27;[39m Matched '/element' to command name 'findElement'
[debug] &amp#27;[35m[WD Proxy]&amp#27;[39m Proxying [POST /element] to [POST http://127.0.0.1:8201/wd/hub/session/1a942fc2-6d85-4888-a85b-0042439c6f52/element] with body: {"strategy":"xpath","selector":"//android.widget.Button[@text='Remove']","context":"","multiple":false}
[debug] &amp#27;[35m[WD Proxy]&amp#27;[39m Got response with status 200: {"sessionId":"1a942fc2-6d85-4888-a85b-0042439c6f52","value":{"ELEMENT":"c587d5de-01e9-4931-b376-85eabad2fea4","element-6066-11e4-a52e-4f735466cecf":"c587d5de-01e9-4931-b376-85eabad2fea4"}}
[debug] &amp#27;[35m[W3C (16b3dbbe)]&amp#27;[39m Responding to client with driver.findElement() result: {"element-6066-11e4-a52e-4f735466cecf":"c587d5de-01e9-4931-b376-85eabad2fea4","ELEMENT":"c587d5de-01e9-4931-b376-85eabad2fea4"}
&amp#27;[35m[HTTP]&amp#27;[39m &amp#27;[37m<-- POST /wd/hub/session/16b3dbbe-df97-44a4-9c86-a4c3f5d63c85/element &amp#27;[39m&amp#27;[32m200&amp#27;[39m &amp#27;[90m1061 ms - 137&amp#27;[39m
&amp#27;[35m[HTTP]&amp#27;[39m &amp#27;[90m&amp#27;[39m
&amp#27;[35m[HTTP]&amp#27;[39m &amp#27;[37m-->&amp#27;[39m &amp#27;[37mPOST&amp#27;[39m &amp#27;[37m/wd/hub/session/16b3dbbe-df97-44a4-9c86-a4c3f5d63c85/element/c587d5de-01e9-4931-b376-85eabad2fea4/click&amp#27;[39m
&amp#27;[35m[HTTP]&amp#27;[39m &amp#27;[90m{"id":"c587d5de-01e9-4931-b376-85eabad2fea4"}&amp#27;[39m
[debug] &amp#27;[35m[W3C (16b3dbbe)]&amp#27;[39m Calling AppiumDriver.click() with args: ["c587d5de-01e9-4931-b376-85eabad2fea4","16b3dbbe-df97-44a4-9c86-a4c3f5d63c85"]
[debug] &amp#27;[35m[WD Proxy]&amp#27;[39m Matched '/element/c587d5de-01e9-4931-b376-85eabad2fea4/click' to command name 'click'
[debug] &amp#27;[35m[WD Proxy]&amp#27;[39m Proxying [POST /element/c587d5de-01e9-4931-b376-85eabad2fea4/click] to [POST http://127.0.0.1:8201/wd/hub/session/1a942fc2-6d85-4888-a85b-0042439c6f52/element/c587d5de-01e9-4931-b376-85eabad2fea4/click] with body: {"element":"c587d5de-01e9-4931-b376-85eabad2fea4"}
[debug] &amp#27;[35m[WD Proxy]&amp#27;[39m Got response with status 200: {"sessionId":"1a942fc2-6d85-4888-a85b-0042439c6f52","value":null}
[debug] &amp#27;[35m[W3C (16b3dbbe)]&amp#27;[39m Responding to client with driver.click() result: null
&amp#27;[35m[HTTP]&amp#27;[39m &amp#27;[37m<-- POST /wd/hub/session/16b3dbbe-df97-44a4-9c86-a4c3f5d63c85/element/c587d5de-01e9-4931-b376-85eabad2fea4/click &amp#27;[39m&amp#27;[32m200&amp#27;[39m &amp#27;[90m92 ms - 14&amp#27;[39m
&amp#27;[35m[HTTP]&amp#27;[39m &amp#27;[90m&amp#27;[39m
&amp#27;[35m[HTTP]&amp#27;[39m &amp#27;[37m-->&amp#27;[39m &amp#27;[37mGET&amp#27;[39m &amp#27;[37m/wd/hub/session/16b3dbbe-df97-44a4-9c86-a4c3f5d63c85/context&amp#27;[39m
&amp#27;[35m[HTTP]&amp#27;[39m &amp#27;[90m{}&amp#27;[39m
[debug] &amp#27;[35m[W3C (16b3dbbe)]&amp#27;[39m Calling AppiumDriver.getCurrentContext() with args: ["16b3dbbe-df97-44a4-9c86-a4c3f5d63c85"]
[debug] &amp#27;[35m[W3C (16b3dbbe)]&amp#27;[39m Responding to client with driver.getCurrentContext() result: "NATIVE_APP"
&amp#27;[35m[HTTP]&amp#27;[39m &amp#27;[37m<-- GET /wd/hub/session/16b3dbbe-df97-44a4-9c86-a4c3f5d63c85/context &amp#27;[39m&amp#27;[32m200&amp#27;[39m &amp#27;[90m2 ms - 22&amp#27;[39m
&amp#27;[35m[HTTP]&amp#27;[39m &amp#27;[90m&amp#27;[39m
&amp#27;[35m[HTTP]&amp#27;[39m &amp#27;[37m-->&amp#27;[39m &amp#27;[37mPOST&amp#27;[39m &amp#27;[37m/wd/hub/session/16b3dbbe-df97-44a4-9c86-a4c3f5d63c85/elements&amp#27;[39m
&amp#27;[35m[HTTP]&amp#27;[39m &amp#27;[90m{"using":"class name","value":"android.widget.Image"}&amp#27;[39m
[debug] &amp#27;[35m[W3C (16b3dbbe)]&amp#27;[39m Calling AppiumDriver.findElements() with args: ["class name","android.widget.Image","16b3dbbe-df97-44a4-9c86-a4c3f5d63c85"]
[debug] &amp#27;[35m[BaseDriver]&amp#27;[39m Valid locator strategies for this request: xpath, id, class name, accessibility id, css selector, -android uiautomator
[debug] &amp#27;[35m[BaseDriver]&amp#27;[39m Waiting up to 10000 ms for condition
[debug] &amp#27;[35m[WD Proxy]&amp#27;[39m Matched '/elements' to command name 'findElements'
[debug] &amp#27;[35m[WD Proxy]&amp#27;[39m Proxying [POST /elements] to [POST http://127.0.0.1:8201/wd/hub/session/1a942fc2-6d85-4888-a85b-0042439c6f52/elements] with body: {"strategy":"class name","selector":"android.widget.Image","context":"","multiple":true}
[debug] &amp#27;[35m[WD Proxy]&amp#27;[39m Got response with status 200: {"sessionId":"1a942fc2-6d85-4888-a85b-0042439c6f52","value":[{"ELEMENT":"ce90049d-4639-4c13-8a42-20444eb78e9d","element-6066-11e4-a52e-4f735466cecf":"ce90049d-4639-4c13-8a42-20444eb78e9d"},{"ELEMENT":"3b12997b-dd4c-4724-b6c6-3f27da8c3c59","element-6066-11e4-a52e-4f735466cecf":"3b12997b-dd4c-4724-b6c6-3f27da8c3c59"},{"ELEMENT":"0be68993-bbe9-4a0b-afb1-8bf1c10143d9","element-6066-11e4-a52e-4f735466cecf":"0be68993-bbe9-4a0b-afb1-8bf1c10143d9"},{"ELEMENT":"5daa3aaf-d21b-4b3f-a5e4-b1b09e829478","element-6066-11e4-a52e-4f735466cecf":"5daa3aaf-d21b-4b3f-a5e4-b1b09e829478"}]}
[debug] &amp#27;[35m[W3C (16b3dbbe)]&amp#27;[39m Responding to client with driver.findElements() result: [{"element-6066-11e4-a52e-4f735466cecf":"ce90049d-4639-4c13-8a42-20444eb78e9d","ELEMENT":"ce90049d-4639-4c13-8a42-20444eb78e9d"},{"element-6066-11e4-a52e-4f735466cecf":"3b12997b-dd4c-4724-b6c6-3f27da8c3c59","ELEMENT":"3b12997b-dd4c-4724-b6c6-3f27da8c3c59"},{"element-6066-11e4-a52e-4f735466cecf":"0be68993-bbe9-4a0b-afb1-8bf1c10143d9","ELEMENT":"0be68993-bbe9-4a0b-afb1-8bf1c10143d9"},{"element-6066-11e4-a52e-4f735466cecf":"5daa3aaf-d21b-4b3f-a5e4-b1b09e829478","ELEMENT":"5daa3aaf-d21b-4b3f-a5e4-b1b09e829478"}]
&amp#27;[35m[HTTP]&amp#27;[39m &amp#27;[37m<-- POST /wd/hub/session/16b3dbbe-df97-44a4-9c86-a4c3f5d63c85/elements &amp#27;[39m&amp#27;[32m200&amp#27;[39m &amp#27;[90m26 ms - 523&amp#27;[39m
&amp#27;[35m[HTTP]&amp#27;[39m &amp#27;[90m&amp#27;[39m
13
&amp#27;[35m[HTTP]&amp#27;[39m &amp#27;[37m-->&amp#27;[39m &amp#27;[37mGET&amp#27;[39m &amp#27;[37m/wd/hub/session/16b3dbbe-df97-44a4-9c86-a4c3f5d63c85/context&amp#27;[39m
&amp#27;[35m[HTTP]&amp#27;[39m &amp#27;[90m{}&amp#27;[39m
[debug] &amp#27;[35m[W3C (16b3dbbe)]&amp#27;[39m Calling AppiumDriver.getCurrentContext() with args: ["16b3dbbe-df97-44a4-9c86-a4c3f5d63c85"]
[debug] &amp#27;[35m[W3C (16b3dbbe)]&amp#27;[39m Responding to client with driver.getCurrentContext() result: "NATIVE_APP"
&amp#27;[35m[HTTP]&amp#27;[39m &amp#27;[37m<-- GET /wd/hub/session/16b3dbbe-df97-44a4-9c86-a4c3f5d63c85/context &amp#27;[39m&amp#27;[32m200&amp#27;[39m &amp#27;[90m1 ms - 22&amp#27;[39m
&amp#27;[35m[HTTP]&amp#27;[39m &amp#27;[90m&amp#27;[39m
&amp#27;[35m[HTTP]&amp#27;[39m &amp#27;[37m-->&amp#27;[39m &amp#27;[37mPOST&amp#27;[39m &amp#27;[37m/wd/hub/session/16b3dbbe-df97-44a4-9c86-a4c3f5d63c85/element&amp#27;[39m
&amp#27;[35m[HTTP]&amp#27;[39m &amp#27;[90m{"using":"xpath","value":"//android.view.View[@text='Account Remove Successfully']"}&amp#27;[39m
[debug] &amp#27;[35m[W3C (16b3dbbe)]&amp#27;[39m Calling AppiumDriver.findElement() with args: ["xpath","//android.view.View[@text='Account Remove Successfully']","16b3dbbe-df97-44a4-9c86-a4c3f5d63c85"]
[debug] &amp#27;[35m[BaseDriver]&amp#27;[39m Valid locator strategies for this request: xpath, id, class name, accessibility id, css selector, -android uiautomator
[debug] &amp#27;[35m[BaseDriver]&amp#27;[39m Waiting up to 10000 ms for condition
[debug] &amp#27;[35m[WD Proxy]&amp#27;[39m Matched '/element' to command name 'findElement'
[debug] &amp#27;[35m[WD Proxy]&amp#27;[39m Proxying [POST /element] to [POST http://127.0.0.1:8201/wd/hub/session/1a942fc2-6d85-4888-a85b-0042439c6f52/element] with body: {"strategy":"xpath","selector":"//android.view.View[@text='Account Remove Successfully']","context":"","multiple":false}
[debug] &amp#27;[35m[WD Proxy]&amp#27;[39m Got response with status 200: {"sessionId":"1a942fc2-6d85-4888-a85b-0042439c6f52","value":{"ELEMENT":"11b556b0-3781-4cc9-8916-684f889f64df","element-6066-11e4-a52e-4f735466cecf":"11b556b0-3781-4cc9-8916-684f889f64df"}}
[debug] &amp#27;[35m[W3C (16b3dbbe)]&amp#27;[39m Responding to client with driver.findElement() result: {"element-6066-11e4-a52e-4f735466cecf":"11b556b0-3781-4cc9-8916-684f889f64df","ELEMENT":"11b556b0-3781-4cc9-8916-684f889f64df"}
&amp#27;[35m[HTTP]&amp#27;[39m &amp#27;[37m<-- POST /wd/hub/session/16b3dbbe-df97-44a4-9c86-a4c3f5d63c85/element &amp#27;[39m&amp#27;[32m200&amp#27;[39m &amp#27;[90m44 ms - 137&amp#27;[39m
&amp#27;[35m[HTTP]&amp#27;[39m &amp#27;[90m&amp#27;[39m
&amp#27;[35m[HTTP]&amp#27;[39m &amp#27;[37m-->&amp#27;[39m &amp#27;[37mGET&amp#27;[39m &amp#27;[37m/wd/hub/session/16b3dbbe-df97-44a4-9c86-a4c3f5d63c85/element/11b556b0-3781-4cc9-8916-684f889f64df/text&amp#27;[39m
&amp#27;[35m[HTTP]&amp#27;[39m &amp#27;[90m{}&amp#27;[39m
&amp#27;[35m[W3C (16b3dbbe)]&amp#27;[39m Driver proxy active, passing request on via HTTP proxy
[debug] &amp#27;[35m[WD Proxy]&amp#27;[39m Matched '/wd/hub/session/16b3dbbe-df97-44a4-9c86-a4c3f5d63c85/element/11b556b0-3781-4cc9-8916-684f889f64df/text' to command name 'getText'
[debug] &amp#27;[35m[WD Proxy]&amp#27;[39m Proxying [GET /wd/hub/session/16b3dbbe-df97-44a4-9c86-a4c3f5d63c85/element/11b556b0-3781-4cc9-8916-684f889f64df/text] to [GET http://127.0.0.1:8201/wd/hub/session/1a942fc2-6d85-4888-a85b-0042439c6f52/element/11b556b0-3781-4cc9-8916-684f889f64df/text] with no body
[debug] &amp#27;[35m[WD Proxy]&amp#27;[39m Got response with status 200: {"sessionId":"1a942fc2-6d85-4888-a85b-0042439c6f52","value":"Account Remove Successfully"}
&amp#27;[35m[WD Proxy]&amp#27;[39m Replacing sessionId 1a942fc2-6d85-4888-a85b-0042439c6f52 with 16b3dbbe-df97-44a4-9c86-a4c3f5d63c85
&amp#27;[35m[HTTP]&amp#27;[39m &amp#27;[37m<-- GET /wd/hub/session/16b3dbbe-df97-44a4-9c86-a4c3f5d63c85/element/11b556b0-3781-4cc9-8916-684f889f64df/text &amp#27;[39m&amp#27;[32m200&amp#27;[39m &amp#27;[90m19 ms - 90&amp#27;[39m
&amp#27;[35m[HTTP]&amp#27;[39m &amp#27;[90m&amp#27;[39m
Account Removed Succesfully
&amp#27;[35m[HTTP]&amp#27;[39m &amp#27;[37m-->&amp#27;[39m &amp#27;[37mGET&amp#27;[39m &amp#27;[37m/wd/hub/session/16b3dbbe-df97-44a4-9c86-a4c3f5d63c85/context&amp#27;[39m
&amp#27;[35m[HTTP]&amp#27;[39m &amp#27;[90m{}&amp#27;[39m
[debug] &amp#27;[35m[W3C (16b3dbbe)]&amp#27;[39m Calling AppiumDriver.getCurrentContext() with args: ["16b3dbbe-df97-44a4-9c86-a4c3f5d63c85"]
[debug] &amp#27;[35m[W3C (16b3dbbe)]&amp#27;[39m Responding to client with driver.getCurrentContext() result: "NATIVE_APP"
&amp#27;[35m[HTTP]&amp#27;[39m &amp#27;[37m<-- GET /wd/hub/session/16b3dbbe-df97-44a4-9c86-a4c3f5d63c85/context &amp#27;[39m&amp#27;[32m200&amp#27;[39m &amp#27;[90m1 ms - 22&amp#27;[39m
&amp#27;[35m[HTTP]&amp#27;[39m &amp#27;[90m&amp#27;[39m
&amp#27;[35m[HTTP]&amp#27;[39m &amp#27;[37m-->&amp#27;[39m &amp#27;[37mPOST&amp#27;[39m &amp#27;[37m/wd/hub/session/16b3dbbe-df97-44a4-9c86-a4c3f5d63c85/elements&amp#27;[39m
&amp#27;[35m[HTTP]&amp#27;[39m &amp#27;[90m{"using":"class name","value":"android.widget.Image"}&amp#27;[39m
[debug] &amp#27;[35m[W3C (16b3dbbe)]&amp#27;[39m Calling AppiumDriver.findElements() with args: ["class name","android.widget.Image","16b3dbbe-df97-44a4-9c86-a4c3f5d63c85"]
[debug] &amp#27;[35m[BaseDriver]&amp#27;[39m Valid locator strategies for this request: xpath, id, class name, accessibility id, css selector, -android uiautomator
[debug] &amp#27;[35m[BaseDriver]&amp#27;[39m Waiting up to 10000 ms for condition
[debug] &amp#27;[35m[WD Proxy]&amp#27;[39m Matched '/elements' to command name 'findElements'
[debug] &amp#27;[35m[WD Proxy]&amp#27;[39m Proxying [POST /elements] to [POST http://127.0.0.1:8201/wd/hub/session/1a942fc2-6d85-4888-a85b-0042439c6f52/elements] with body: {"strategy":"class name","selector":"android.widget.Image","context":"","multiple":true}
[debug] &amp#27;[35m[WD Proxy]&amp#27;[39m Got response with status 200: {"sessionId":"1a942fc2-6d85-4888-a85b-0042439c6f52","value":[{"ELEMENT":"c836774f-3e0c-4f64-a2c6-67315997c590","element-6066-11e4-a52e-4f735466cecf":"c836774f-3e0c-4f64-a2c6-67315997c590"},{"ELEMENT":"6a835725-85de-4d50-bca7-fb55d26ef9f1","element-6066-11e4-a52e-4f735466cecf":"6a835725-85de-4d50-bca7-fb55d26ef9f1"},{"ELEMENT":"305c3e97-982d-4384-8211-4d0f02106e5f","element-6066-11e4-a52e-4f735466cecf":"305c3e97-982d-4384-8211-4d0f02106e5f"},{"ELEMENT":"63b7a7f0-1629-4e66-8363-ba53b2982d15","element-6066-11e4-a52e-4f735466cecf":"63b7a7f0-1629-4e66-8363-ba53b2982d15"}]}
[debug] &amp#27;[35m[W3C (16b3dbbe)]&amp#27;[39m Responding to client with driver.findElements() result: [{"element-6066-11e4-a52e-4f735466cecf":"c836774f-3e0c-4f64-a2c6-67315997c590","ELEMENT":"c836774f-3e0c-4f64-a2c6-67315997c590"},{"element-6066-11e4-a52e-4f735466cecf":"6a835725-85de-4d50-bca7-fb55d26ef9f1","ELEMENT":"6a835725-85de-4d50-bca7-fb55d26ef9f1"},{"element-6066-11e4-a52e-4f735466cecf":"305c3e97-982d-4384-8211-4d0f02106e5f","ELEMENT":"305c3e97-982d-4384-8211-4d0f02106e5f"},{"element-6066-11e4-a52e-4f735466cecf":"63b7a7f0-1629-4e66-8363-ba53b2982d15","ELEMENT":"63b7a7f0-1629-4e66-8363-ba53b2982d15"}]
&amp#27;[35m[HTTP]&amp#27;[39m &amp#27;[37m<-- POST /wd/hub/session/16b3dbbe-df97-44a4-9c86-a4c3f5d63c85/elements &amp#27;[39m&amp#27;[32m200&amp#27;[39m &amp#27;[90m30 ms - 523&amp#27;[39m
&amp#27;[35m[HTTP]&amp#27;[39m &amp#27;[90m&amp#27;[39m
&amp#27;[35m[HTTP]&amp#27;[39m &amp#27;[37m-->&amp#27;[39m &amp#27;[37mPOST&amp#27;[39m &amp#27;[37m/wd/hub/session/16b3dbbe-df97-44a4-9c86-a4c3f5d63c85/element/63b7a7f0-1629-4e66-8363-ba53b2982d15/click&amp#27;[39m
&amp#27;[35m[HTTP]&amp#27;[39m &amp#27;[90m{"id":"63b7a7f0-1629-4e66-8363-ba53b2982d15"}&amp#27;[39m
[debug] &amp#27;[35m[W3C (16b3dbbe)]&amp#27;[39m Calling AppiumDriver.click() with args: ["63b7a7f0-1629-4e66-8363-ba53b2982d15","16b3dbbe-df97-44a4-9c86-a4c3f5d63c85"]
[debug] &amp#27;[35m[WD Proxy]&amp#27;[39m Matched '/element/63b7a7f0-1629-4e66-8363-ba53b2982d15/click' to command name 'click'
[debug] &amp#27;[35m[WD Proxy]&amp#27;[39m Proxying [POST /element/63b7a7f0-1629-4e66-8363-ba53b2982d15/click] to [POST http://127.0.0.1:8201/wd/hub/session/1a942fc2-6d85-4888-a85b-0042439c6f52/element/63b7a7f0-1629-4e66-8363-ba53b2982d15/click] with body: {"element":"63b7a7f0-1629-4e66-8363-ba53b2982d15"}
[debug] &amp#27;[35m[WD Proxy]&amp#27;[39m Got response with status 200: {"sessionId":"1a942fc2-6d85-4888-a85b-0042439c6f52","value":null}
[debug] &amp#27;[35m[W3C (16b3dbbe)]&amp#27;[39m Responding to client with driver.click() result: null
&amp#27;[35m[HTTP]&amp#27;[39m &amp#27;[37m<-- POST /wd/hub/session/16b3dbbe-df97-44a4-9c86-a4c3f5d63c85/element/63b7a7f0-1629-4e66-8363-ba53b2982d15/click &amp#27;[39m&amp#27;[32m200&amp#27;[39m &amp#27;[90m99 ms - 14&amp#27;[39m
&amp#27;[35m[HTTP]&amp#27;[39m &amp#27;[90m&amp#27;[39m
]]></system-out>
    <system-err><![CDATA[Dec 08, 2021 2:38:20 PM io.appium.java_client.remote.AppiumCommandExecutor$1 lambda$0
INFO: Detected dialect: W3C
]]></system-err>
  </testcase>
  <testcase name="MultiAccountsAdd[7760305049, 7760305049, 0082](1)" classname="AA.Anumati.AddingMultipleAccounts" time="69.753">
    <failure message="Can&apos;t locate an element by this strategy: By.chained({By.xpath: //android.widget.Button[@text=&apos;Proceed&apos;]})" type="org.openqa.selenium.NoSuchElementException"><![CDATA[org.openqa.selenium.NoSuchElementException: Can't locate an element by this strategy: By.chained({By.xpath: //android.widget.Button[@text='Proceed']})
	at AA.Anumati.AddingMultipleAccounts.MultiAccountsAdd(AddingMultipleAccounts.java:55)
Caused by: org.openqa.selenium.TimeoutException: Expected condition failed: waiting for io.appium.java_client.pagefactory.AppiumElementLocator$WaitingFunction@656922a0 (tried for 1 second(s) with 500 milliseconds interval)
	at AA.Anumati.AddingMultipleAccounts.MultiAccountsAdd(AddingMultipleAccounts.java:55)
Caused by: org.openqa.selenium.NoSuchElementException: 
Cannot locate an element using By.chained({By.xpath: //android.widget.Button[@text='Proceed']})
For documentation on this error, please visit: https://www.seleniumhq.org/exceptions/no_such_element.html
Build info: version: '3.141.59', revision: 'e82be7d358', time: '2018-11-14T08:17:03'
System info: host: 'PERFIOS-HW-099', ip: '192.168.22.92', os.name: 'Windows 10', os.arch: 'amd64', os.version: '10.0', java.version: '1.8.0_312'
Driver info: driver.version: AndroidDriver
	at AA.Anumati.AddingMultipleAccounts.MultiAccountsAdd(AddingMultipleAccounts.java:55)
]]></failure>
    <system-out><![CDATA[C:\Users\Fayaz\Appium\Anumati
[debug] &amp#27;[35m[HTTP]&amp#27;[39m Request idempotency key: 11c68427-6a91-4640-80ce-2c57e87d97dd
&amp#27;[35m[HTTP]&amp#27;[39m &amp#27;[37m-->&amp#27;[39m &amp#27;[37mPOST&amp#27;[39m &amp#27;[37m/wd/hub/session&amp#27;[39m
&amp#27;[35m[HTTP]&amp#27;[39m &amp#27;[90m{"desiredCapabilities":{"app":"C:\\Users\\Fayaz\\Appium\\Anumati\\src\\Anumati.apk","newCommandTimeout":14,"automationName":"uiautomator2","autoGrantPermissions":"true","chromeOptions":{"w3c":false},"platformName":"Android","deviceName":"Fayaz_Emulator2"},"capabilities":{"firstMatch":[{"appium:app":"C:\\Users\\Fayaz\\Appium\\Anumati\\src\\Anumati.apk","appium:autoGrantPermissions":"true","appium:automationName":"uiautomator2","appium:chromeOptions":{"w3c":false},"appium:deviceName":"Fayaz_Emulator2","goog:chromeOptions":{"w3c":false},"appium:newCommandTimeout":14,"platformName":"android"}]}}&amp#27;[39m
[debug] &amp#27;[35m[W3C]&amp#27;[39m Calling AppiumDriver.createSession() with args: [{"app":"C:\\Users\\Fayaz\\Appium\\Anumati\\src\\Anumati.apk","newCommandTimeout":14,"automationName":"uiautomator2","autoGrantPermissions":"true","chromeOptions":{"w3c":false},"platformName":"Android","deviceName":"Fayaz_Emulator2"},null,{"firstMatch":[{"appium:app":"C:\\Users\\Fayaz\\Appium\\Anumati\\src\\Anumati.apk","appium:autoGrantPermissions":"true","appium:automationName":"uiautomator2","appium:chromeOptions":{"w3c":false},"appium:deviceName":"Fayaz_Emulator2","goog:chromeOptions":{"w3c":false},"appium:newCommandTimeout":14,"platformName":"android"}]}]
[debug] &amp#27;[35m[BaseDriver]&amp#27;[39m Event 'newSessionRequested' logged at 1638954588549 (14:39:48 GMT+0530 (India Standard Time))
&amp#27;[35m[Appium]&amp#27;[39m Appium v1.21.0 creating new AndroidUiautomator2Driver (v1.65.0) session
[debug] &amp#27;[35m[BaseDriver]&amp#27;[39m W3C capabilities and MJSONWP desired capabilities were provided
[debug] &amp#27;[35m[BaseDriver]&amp#27;[39m Creating session with W3C capabilities: {
[debug] &amp#27;[35m[BaseDriver]&amp#27;[39m   "alwaysMatch": {
[debug] &amp#27;[35m[BaseDriver]&amp#27;[39m     "goog:chromeOptions": {
[debug] &amp#27;[35m[BaseDriver]&amp#27;[39m       "w3c": false
[debug] &amp#27;[35m[BaseDriver]&amp#27;[39m     },
[debug] &amp#27;[35m[BaseDriver]&amp#27;[39m     "platformName": "android",
[debug] &amp#27;[35m[BaseDriver]&amp#27;[39m     "appium:app": "C:\\Users\\Fayaz\\Appium\\Anumati\\src\\Anumati.apk",
[debug] &amp#27;[35m[BaseDriver]&amp#27;[39m     "appium:autoGrantPermissions": "true",
[debug] &amp#27;[35m[BaseDriver]&amp#27;[39m     "appium:automationName": "uiautomator2",
[debug] &amp#27;[35m[BaseDriver]&amp#27;[39m     "appium:chromeOptions": {
[debug] &amp#27;[35m[BaseDriver]&amp#27;[39m       "w3c": false
[debug] &amp#27;[35m[BaseDriver]&amp#27;[39m     },
[debug] &amp#27;[35m[BaseDriver]&amp#27;[39m     "appium:deviceName": "Fayaz_Emulator2",
[debug] &amp#27;[35m[BaseDriver]&amp#27;[39m     "appium:newCommandTimeout": 14
[debug] &amp#27;[35m[BaseDriver]&amp#27;[39m   },
[debug] &amp#27;[35m[BaseDriver]&amp#27;[39m   "firstMatch": [
[debug] &amp#27;[35m[BaseDriver]&amp#27;[39m     {}
[debug] &amp#27;[35m[BaseDriver]&amp#27;[39m   ]
[debug] &amp#27;[35m[BaseDriver]&amp#27;[39m }
&amp#27;[35m[BaseDriver]&amp#27;[39m Capability 'autoGrantPermissions' changed from string to boolean. This may cause unexpected behavior
&amp#27;[35m[BaseDriver]&amp#27;[39m The following capabilities were provided, but are not recognized by Appium:
&amp#27;[35m[BaseDriver]&amp#27;[39m   goog:chromeOptions
&amp#27;[35m[BaseDriver]&amp#27;[39m Session created with session id: 3f76d413-588a-45c2-9bde-5ba2ebd2b0b3
&amp#27;[35m[BaseDriver]&amp#27;[39m Using local app 'C:\Users\Fayaz\Appium\Anumati\src\Anumati.apk'
[debug] &amp#27;[35m[UiAutomator2]&amp#27;[39m Checking whether app is actually present
&amp#27;[35m[ADB]&amp#27;[39m Using 'adb.exe' from 'C:\Users\Fayaz\AppData\Local\Android\Sdk\platform-tools\adb.exe'
[debug] &amp#27;[35m[ADB]&amp#27;[39m Running 'C:\Users\Fayaz\AppData\Local\Android\Sdk\platform-tools\adb.exe -P 5037 start-server'
&amp#27;[35m[AndroidDriver]&amp#27;[39m Retrieving device list
[debug] &amp#27;[35m[ADB]&amp#27;[39m Trying to find a connected android device
[debug] &amp#27;[35m[ADB]&amp#27;[39m Getting connected devices
[debug] &amp#27;[35m[ADB]&amp#27;[39m Connected devices: [{"udid":"emulator-5554","state":"device"}]
&amp#27;[35m[AndroidDriver]&amp#27;[39m Using device: emulator-5554
&amp#27;[35m[ADB]&amp#27;[39m Using 'adb.exe' from 'C:\Users\Fayaz\AppData\Local\Android\Sdk\platform-tools\adb.exe'
[debug] &amp#27;[35m[ADB]&amp#27;[39m Running 'C:\Users\Fayaz\AppData\Local\Android\Sdk\platform-tools\adb.exe -P 5037 start-server'
[debug] &amp#27;[35m[ADB]&amp#27;[39m Setting device id to emulator-5554
[debug] &amp#27;[35m[ADB]&amp#27;[39m Running 'C:\Users\Fayaz\AppData\Local\Android\Sdk\platform-tools\adb.exe -P 5037 -s emulator-5554 shell getprop ro.build.version.sdk'
[debug] &amp#27;[35m[ADB]&amp#27;[39m Current device property 'ro.build.version.sdk': 30
&amp#27;[35m[ADB]&amp#27;[39m Getting device platform version
[debug] &amp#27;[35m[ADB]&amp#27;[39m Running 'C:\Users\Fayaz\AppData\Local\Android\Sdk\platform-tools\adb.exe -P 5037 -s emulator-5554 shell getprop ro.build.version.release'
[debug] &amp#27;[35m[ADB]&amp#27;[39m Current device property 'ro.build.version.release': 11
[debug] &amp#27;[35m[ADB]&amp#27;[39m Device API level: 30
&amp#27;[35m[UiAutomator2]&amp#27;[39m Relaxing hidden api policy
[debug] &amp#27;[35m[ADB]&amp#27;[39m Running 'C:\Users\Fayaz\AppData\Local\Android\Sdk\platform-tools\adb.exe -P 5037 -s emulator-5554 shell 'settings put global hidden_api_policy_pre_p_apps 1;settings put global hidden_api_policy_p_apps 1;settings put global hidden_api_policy 1''
[debug] &amp#27;[35m[AndroidDriver]&amp#27;[39m Parsing package and activity from app manifest
&amp#27;[35m[ADB]&amp#27;[39m Package name: 'com.anumati'
&amp#27;[35m[ADB]&amp#27;[39m Main activity name: 'com.aa.MainActivity'
[debug] &amp#27;[35m[AndroidDriver]&amp#27;[39m Parsed package and activity are: com.anumati/com.aa.MainActivity
[debug] &amp#27;[35m[ADB]&amp#27;[39m Running 'C:\Users\Fayaz\AppData\Local\Android\Sdk\platform-tools\adb.exe -P 5037 -s emulator-5554 wait-for-device'
[debug] &amp#27;[35m[ADB]&amp#27;[39m Running 'C:\Users\Fayaz\AppData\Local\Android\Sdk\platform-tools\adb.exe -P 5037 -s emulator-5554 shell echo ping'
[debug] &amp#27;[35m[AndroidDriver]&amp#27;[39m Pushing settings apk to device...
[debug] &amp#27;[35m[ADB]&amp#27;[39m Getting install status for io.appium.settings
[debug] &amp#27;[35m[ADB]&amp#27;[39m Running 'C:\Users\Fayaz\AppData\Local\Android\Sdk\platform-tools\adb.exe -P 5037 -s emulator-5554 shell dumpsys package io.appium.settings'
[debug] &amp#27;[35m[ADB]&amp#27;[39m 'io.appium.settings' is installed
[debug] &amp#27;[35m[ADB]&amp#27;[39m Getting package info for 'io.appium.settings'
[debug] &amp#27;[35m[ADB]&amp#27;[39m Running 'C:\Users\Fayaz\AppData\Local\Android\Sdk\platform-tools\adb.exe -P 5037 -s emulator-5554 shell dumpsys package io.appium.settings'
[debug] &amp#27;[35m[ADB]&amp#27;[39m The version code of the installed 'io.appium.settings' is greater than the application version code (30 > 29)
[debug] &amp#27;[35m[ADB]&amp#27;[39m There is no need to downgrade 'io.appium.settings'
[debug] &amp#27;[35m[ADB]&amp#27;[39m Getting IDs of all 'io.appium.settings' processes
[debug] &amp#27;[35m[ADB]&amp#27;[39m Running 'C:\Users\Fayaz\AppData\Local\Android\Sdk\platform-tools\adb.exe -P 5037 -s emulator-5554 shell 'pgrep --help; echo $?''
[debug] &amp#27;[35m[ADB]&amp#27;[39m Running 'C:\Users\Fayaz\AppData\Local\Android\Sdk\platform-tools\adb.exe -P 5037 -s emulator-5554 shell pgrep -f \(\[\[:blank:\]\]\|\^\)io\.appium\.settings\(\[\[:blank:\]\]\|\$\)'
[debug] &amp#27;[35m[AndroidDriver]&amp#27;[39m io.appium.settings is already running. There is no need to reset its permissions.
[debug] &amp#27;[35m[Logcat]&amp#27;[39m Starting logs capture with command: C:\\Users\\Fayaz\\AppData\\Local\\Android\\Sdk\\platform-tools\\adb.exe -P 5037 -s emulator-5554 logcat -v threadtime
[debug] &amp#27;[35m[UiAutomator2]&amp#27;[39m Forwarding UiAutomator2 Server port 6790 to local port 8200
[debug] &amp#27;[35m[ADB]&amp#27;[39m Forwarding system: 8200 to device: 6790
[debug] &amp#27;[35m[ADB]&amp#27;[39m Running 'C:\Users\Fayaz\AppData\Local\Android\Sdk\platform-tools\adb.exe -P 5037 -s emulator-5554 forward tcp:8200 tcp:6790'
[debug] &amp#27;[35m[ADB]&amp#27;[39m Getting install status for io.appium.uiautomator2.server
[debug] &amp#27;[35m[ADB]&amp#27;[39m Running 'C:\Users\Fayaz\AppData\Local\Android\Sdk\platform-tools\adb.exe -P 5037 -s emulator-5554 shell dumpsys package io.appium.uiautomator2.server'
[debug] &amp#27;[35m[ADB]&amp#27;[39m 'io.appium.uiautomator2.server' is installed
[debug] &amp#27;[35m[ADB]&amp#27;[39m Getting package info for 'io.appium.uiautomator2.server'
[debug] &amp#27;[35m[ADB]&amp#27;[39m Running 'C:\Users\Fayaz\AppData\Local\Android\Sdk\platform-tools\adb.exe -P 5037 -s emulator-5554 shell dumpsys package io.appium.uiautomator2.server'
[debug] &amp#27;[35m[ADB]&amp#27;[39m The version name of the installed 'io.appium.uiautomator2.server' is greater or equal to the application version name ('4.21.1' >= '4.21.1')
[debug] &amp#27;[35m[UiAutomator2]&amp#27;[39m io.appium.uiautomator2.server installation state: sameVersionInstalled
[debug] &amp#27;[35m[ADB]&amp#27;[39m Checking app cert for C:\Users\Fayaz\AppData\Roaming\npm\node_modules\appium\node_modules\appium-uiautomator2-server\apks\appium-uiautomator2-server-v4.21.1.apk
&amp#27;[35m[ADB]&amp#27;[39m Using 'apksigner.jar' from 'C:\Users\Fayaz\AppData\Local\Android\Sdk\build-tools\31.0.0\lib\apksigner.jar'
[debug] &amp#27;[35m[ADB]&amp#27;[39m Starting apksigner: 'C:\\Program Files\\Amazon Corretto\\jdk1.8.0_312\\bin\\java.exe' -Xmx1024M -Xss1m -jar C:\\Users\\Fayaz\\AppData\\Local\\Android\\Sdk\\build-tools\\31.0.0\\lib\\apksigner.jar verify --print-certs C:\\Users\\Fayaz\\AppData\\Roaming\\npm\\node_modules\\appium\\node_modules\\appium-uiautomator2-server\\apks\\appium-uiautomator2-server-v4.21.1.apk
[debug] &amp#27;[35m[ADB]&amp#27;[39m apksigner stdout: Signer #1 certificate DN: EMAILADDRESS=android@android.com, CN=Android, OU=Android, O=Android, L=Mountain View, ST=California, C=US
[debug] &amp#27;[35m[ADB]&amp#27;[39m Signer #1 certificate SHA-256 digest: a40da80a59d170caa950cf15c18c454d47a39b26989d8b640ecd745ba71bf5dc
[debug] &amp#27;[35m[ADB]&amp#27;[39m Signer #1 certificate SHA-1 digest: 61ed377e85d386a8dfee6b864bd85b0bfaa5af81
[debug] &amp#27;[35m[ADB]&amp#27;[39m Signer #1 certificate MD5 digest: e89b158e4bcf988ebd09eb83f5378e87
[debug] &amp#27;[35m[ADB]&amp#27;[39m 
[debug] &amp#27;[35m[ADB]&amp#27;[39m sha256 hash did match for 'appium-uiautomator2-server-v4.21.1.apk'
&amp#27;[35m[ADB]&amp#27;[39m 'C:\Users\Fayaz\AppData\Roaming\npm\node_modules\appium\node_modules\appium-uiautomator2-server\apks\appium-uiautomator2-server-v4.21.1.apk' is signed with the default certificate
[debug] &amp#27;[35m[ADB]&amp#27;[39m Getting install status for io.appium.uiautomator2.server.test
[debug] &amp#27;[35m[ADB]&amp#27;[39m Running 'C:\Users\Fayaz\AppData\Local\Android\Sdk\platform-tools\adb.exe -P 5037 -s emulator-5554 shell dumpsys package io.appium.uiautomator2.server.test'
[debug] &amp#27;[35m[ADB]&amp#27;[39m 'io.appium.uiautomator2.server.test' is installed
[debug] &amp#27;[35m[ADB]&amp#27;[39m Checking app cert for C:\Users\Fayaz\AppData\Roaming\npm\node_modules\appium\node_modules\appium-uiautomator2-server\apks\appium-uiautomator2-server-debug-androidTest.apk
[debug] &amp#27;[35m[ADB]&amp#27;[39m Starting apksigner: 'C:\\Program Files\\Amazon Corretto\\jdk1.8.0_312\\bin\\java.exe' -Xmx1024M -Xss1m -jar C:\\Users\\Fayaz\\AppData\\Local\\Android\\Sdk\\build-tools\\31.0.0\\lib\\apksigner.jar verify --print-certs C:\\Users\\Fayaz\\AppData\\Roaming\\npm\\node_modules\\appium\\node_modules\\appium-uiautomator2-server\\apks\\appium-uiautomator2-server-debug-androidTest.apk
[debug] &amp#27;[35m[ADB]&amp#27;[39m apksigner stdout: Signer #1 certificate DN: EMAILADDRESS=android@android.com, CN=Android, OU=Android, O=Android, L=Mountain View, ST=California, C=US
[debug] &amp#27;[35m[ADB]&amp#27;[39m Signer #1 certificate SHA-256 digest: a40da80a59d170caa950cf15c18c454d47a39b26989d8b640ecd745ba71bf5dc
[debug] &amp#27;[35m[ADB]&amp#27;[39m Signer #1 certificate SHA-1 digest: 61ed377e85d386a8dfee6b864bd85b0bfaa5af81
[debug] &amp#27;[35m[ADB]&amp#27;[39m Signer #1 certificate MD5 digest: e89b158e4bcf988ebd09eb83f5378e87
[debug] &amp#27;[35m[ADB]&amp#27;[39m 
[debug] &amp#27;[35m[ADB]&amp#27;[39m sha256 hash did match for 'appium-uiautomator2-server-debug-androidTest.apk'
&amp#27;[35m[ADB]&amp#27;[39m 'C:\Users\Fayaz\AppData\Roaming\npm\node_modules\appium\node_modules\appium-uiautomator2-server\apks\appium-uiautomator2-server-debug-androidTest.apk' is signed with the default certificate
&amp#27;[35m[UiAutomator2]&amp#27;[39m Server packages are not going to be (re)installed
[debug] &amp#27;[35m[UiAutomator2]&amp#27;[39m Waiting up to 30000ms for services to be available
[debug] &amp#27;[35m[ADB]&amp#27;[39m Running 'C:\Users\Fayaz\AppData\Local\Android\Sdk\platform-tools\adb.exe -P 5037 -s emulator-5554 shell pm list instrumentation'
[debug] &amp#27;[35m[UiAutomator2]&amp#27;[39m Instrumentation target 'io.appium.uiautomator2.server.test/androidx.test.runner.AndroidJUnitRunner' is available
&amp#27;[35m[ADB]&amp#27;[39m Adding packages ["io.appium.settings","io.appium.uiautomator2.server","io.appium.uiautomator2.server.test"] to Doze whitelist
[debug] &amp#27;[35m[ADB]&amp#27;[39m Got the following command chunks to execute: [["dumpsys","deviceidle","whitelist","+io.appium.settings",";","dumpsys","deviceidle","whitelist","+io.appium.uiautomator2.server",";","dumpsys","deviceidle","whitelist","+io.appium.uiautomator2.server.test",";"]]
[debug] &amp#27;[35m[ADB]&amp#27;[39m Running 'C:\Users\Fayaz\AppData\Local\Android\Sdk\platform-tools\adb.exe -P 5037 -s emulator-5554 shell dumpsys deviceidle whitelist +io.appium.settings ; dumpsys deviceidle whitelist +io.appium.uiautomator2.server ; dumpsys deviceidle whitelist +io.appium.uiautomator2.server.test ;'
[debug] &amp#27;[35m[ADB]&amp#27;[39m Checking app cert for C:\Users\Fayaz\Appium\Anumati\src\Anumati.apk
[debug] &amp#27;[35m[ADB]&amp#27;[39m Starting apksigner: 'C:\\Program Files\\Amazon Corretto\\jdk1.8.0_312\\bin\\java.exe' -Xmx1024M -Xss1m -jar C:\\Users\\Fayaz\\AppData\\Local\\Android\\Sdk\\build-tools\\31.0.0\\lib\\apksigner.jar verify --print-certs C:\\Users\\Fayaz\\Appium\\Anumati\\src\\Anumati.apk
&amp#27;[35m[BaseDriver]&amp#27;[39m Shutting down because we waited 14 seconds for a command
&amp#27;[35m[Appium]&amp#27;[39m Closing session, cause was 'New Command Timeout of 14 seconds expired. Try customizing the timeout using the 'newCommandTimeout' desired capability'
&amp#27;[35m[Appium]&amp#27;[39m Removing session '16b3dbbe-df97-44a4-9c86-a4c3f5d63c85' from our master session list
[debug] &amp#27;[35m[UiAutomator2]&amp#27;[39m Deleting UiAutomator2 session
[debug] &amp#27;[35m[UiAutomator2]&amp#27;[39m Deleting UiAutomator2 server session
[debug] &amp#27;[35m[WD Proxy]&amp#27;[39m Matched '/' to command name 'deleteSession'
[debug] &amp#27;[35m[WD Proxy]&amp#27;[39m Proxying [DELETE /] to [DELETE http://127.0.0.1:8201/wd/hub/session/1a942fc2-6d85-4888-a85b-0042439c6f52] with no body
[debug] &amp#27;[35m[WD Proxy]&amp#27;[39m Got response with status 200: {"sessionId":"1a942fc2-6d85-4888-a85b-0042439c6f52","value":null}
[debug] &amp#27;[35m[ADB]&amp#27;[39m Running 'C:\Users\Fayaz\AppData\Local\Android\Sdk\platform-tools\adb.exe -P 5037 -s emulator-5554 shell am force-stop com.anumati'
[debug] &amp#27;[35m[Instrumentation]&amp#27;[39m .
[debug] &amp#27;[35m[Logcat]&amp#27;[39m Stopping logcat capture
[debug] &amp#27;[35m[ADB]&amp#27;[39m Removing forwarded port socket connection: 8201 
[debug] &amp#27;[35m[ADB]&amp#27;[39m Running 'C:\Users\Fayaz\AppData\Local\Android\Sdk\platform-tools\adb.exe -P 5037 -s emulator-5554 forward --remove tcp:8201'
[debug] &amp#27;[35m[Instrumentation]&amp#27;[39m Time: 102.552
[debug] &amp#27;[35m[Instrumentation]&amp#27;[39m 
[debug] &amp#27;[35m[Instrumentation]&amp#27;[39m OK (1 test)
&amp#27;[35m[UiAutomator2]&amp#27;[39m Restoring hidden api policy to the device default configuration
[debug] &amp#27;[35m[ADB]&amp#27;[39m Running 'C:\Users\Fayaz\AppData\Local\Android\Sdk\platform-tools\adb.exe -P 5037 -s emulator-5554 shell 'settings delete global hidden_api_policy_pre_p_apps;settings delete global hidden_api_policy_p_apps;settings delete global hidden_api_policy''
[debug] &amp#27;[35m[ADB]&amp#27;[39m apksigner stdout: Signer #1 certificate DN: CN=Android, OU=Android, O=Google Inc., L=Mountain View, ST=California, C=US
[debug] &amp#27;[35m[ADB]&amp#27;[39m Signer #1 certificate SHA-256 digest: 4730d6e1d0dc8733c1c2302d2b7ccedc5b85a93b2ac0e3a2971a6537173a90bb
[debug] &amp#27;[35m[ADB]&amp#27;[39m Signer #1 certificate SHA-1 digest: 27bcf6fcdf4384e29a8ba18048cbef83538d03e9
[debug] &amp#27;[35m[ADB]&amp#27;[39m Signer #1 certificate MD5 digest: d666c04c85a355f0835d049f3c545d7f
[debug] &amp#27;[35m[ADB]&amp#27;[39m Source Stamp Signer certificate DN: CN=Android, OU=Android, O=Google Inc., L=Mountain View, ST=California, C=US
[debug] &amp#27;[35m[ADB]&amp#27;[39m Source Stamp Signer certificate SHA-256 digest: 3257d599a49d2c961a471ca9843f59d341a405884583fc087df4237b733bbd6d
[debug] &amp#27;[35m[ADB]&amp#27;[39m Source Stamp Signer certificate SHA-1 digest: b1af3a0bf998aeede1a8716a539e5a59da1d86d6
[debug] &amp#27;[35m[ADB]&amp#27;[39m Source Stamp Signer certificate MD5 digest: 577b8a9fbc7e308321aec6411169d2fb
[debug] &amp#27;[35m[ADB]&amp#27;[39m 
&amp#27;[35m[ADB]&amp#27;[39m 'C:\Users\Fayaz\Appium\Anumati\src\Anumati.apk' is signed with a non-default certificate
[debug] &amp#27;[35m[ADB]&amp#27;[39m Getting install status for com.anumati
[debug] &amp#27;[35m[ADB]&amp#27;[39m Running 'C:\Users\Fayaz\AppData\Local\Android\Sdk\platform-tools\adb.exe -P 5037 -s emulator-5554 shell dumpsys package com.anumati'
[debug] &amp#27;[35m[Instrumentation]&amp#27;[39m The process has exited with code 0
[debug] &amp#27;[35m[ADB]&amp#27;[39m 'com.anumati' is installed
[debug] &amp#27;[35m[ADB]&amp#27;[39m Getting package info for 'com.anumati'
[debug] &amp#27;[35m[ADB]&amp#27;[39m Running 'C:\Users\Fayaz\AppData\Local\Android\Sdk\platform-tools\adb.exe -P 5037 -s emulator-5554 shell dumpsys package com.anumati'
[debug] &amp#27;[35m[ADB]&amp#27;[39m The version name of the installed 'com.anumati' is greater or equal to the application version name ('1.0.0' >= '1.0.0')
[debug] &amp#27;[35m[ADB]&amp#27;[39m There is no need to install/upgrade 'C:\Users\Fayaz\Appium\Anumati\src\Anumati.apk'
&amp#27;[35m[AndroidDriver]&amp#27;[39m Performing fast reset on 'com.anumati'
[debug] &amp#27;[35m[ADB]&amp#27;[39m Getting install status for com.anumati
[debug] &amp#27;[35m[ADB]&amp#27;[39m Running 'C:\Users\Fayaz\AppData\Local\Android\Sdk\platform-tools\adb.exe -P 5037 -s emulator-5554 shell dumpsys package com.anumati'
[debug] &amp#27;[35m[ADB]&amp#27;[39m 'com.anumati' is installed
[debug] &amp#27;[35m[ADB]&amp#27;[39m Running 'C:\Users\Fayaz\AppData\Local\Android\Sdk\platform-tools\adb.exe -P 5037 -s emulator-5554 shell am force-stop com.anumati'
[debug] &amp#27;[35m[ADB]&amp#27;[39m Running 'C:\Users\Fayaz\AppData\Local\Android\Sdk\platform-tools\adb.exe -P 5037 -s emulator-5554 shell pm clear com.anumati'
[debug] &amp#27;[35m[ADB]&amp#27;[39m Running 'C:\Users\Fayaz\AppData\Local\Android\Sdk\platform-tools\adb.exe -P 5037 -s emulator-5554 shell dumpsys package com.anumati'
[debug] &amp#27;[35m[ADB]&amp#27;[39m Retrieving requested permissions
[debug] &amp#27;[35m[ADB]&amp#27;[39m Retrieved 6 permissions from requested group
[debug] &amp#27;[35m[ADB]&amp#27;[39m Retrieving granted permissions
[debug] &amp#27;[35m[ADB]&amp#27;[39m Retrieved 1 permission from install,runtime groups
[debug] &amp#27;[35m[ADB]&amp#27;[39m Granting permissions ["android.permission.READ_EXTERNAL_STORAGE","android.permission.WRITE_EXTERNAL_STORAGE","android.permission.READ_EXTERNAL_STORAGE","android.permission.WRITE_EXTERNAL_STORAGE"] to 'com.anumati'
[debug] &amp#27;[35m[ADB]&amp#27;[39m Got the following command chunks to execute: [["pm","grant","com.anumati","android.permission.READ_EXTERNAL_STORAGE",";","pm","grant","com.anumati","android.permission.WRITE_EXTERNAL_STORAGE",";","pm","grant","com.anumati","android.permission.READ_EXTERNAL_STORAGE",";","pm","grant","com.anumati","android.permission.WRITE_EXTERNAL_STORAGE",";"]]
[debug] &amp#27;[35m[ADB]&amp#27;[39m Running 'C:\Users\Fayaz\AppData\Local\Android\Sdk\platform-tools\adb.exe -P 5037 -s emulator-5554 shell pm grant com.anumati android.permission.READ_EXTERNAL_STORAGE ; pm grant com.anumati android.permission.WRITE_EXTERNAL_STORAGE ; pm grant com.anumati android.permission.READ_EXTERNAL_STORAGE ; pm grant com.anumati android.permission.WRITE_EXTERNAL_STORAGE ;'
[debug] &amp#27;[35m[AndroidDriver]&amp#27;[39m Performed fast reset on the installed 'com.anumati' application (stop and clear)
[debug] &amp#27;[35m[UiAutomator2]&amp#27;[39m Performing shallow cleanup of automation leftovers
[debug] &amp#27;[35m[UiAutomator2]&amp#27;[39m No obsolete sessions have been detected (socket hang up)
[debug] &amp#27;[35m[ADB]&amp#27;[39m Running 'C:\Users\Fayaz\AppData\Local\Android\Sdk\platform-tools\adb.exe -P 5037 -s emulator-5554 shell am force-stop io.appium.uiautomator2.server.test'
&amp#27;[35m[UiAutomator2]&amp#27;[39m Starting UIAutomator2 server 4.21.1
&amp#27;[35m[UiAutomator2]&amp#27;[39m Using UIAutomator2 server from 'C:\Users\Fayaz\AppData\Roaming\npm\node_modules\appium\node_modules\appium-uiautomator2-server\apks\appium-uiautomator2-server-v4.21.1.apk' and test from 'C:\Users\Fayaz\AppData\Roaming\npm\node_modules\appium\node_modules\appium-uiautomator2-server\apks\appium-uiautomator2-server-debug-androidTest.apk'
&amp#27;[35m[UiAutomator2]&amp#27;[39m Waiting up to 30000ms for UiAutomator2 to be online...
[debug] &amp#27;[35m[ADB]&amp#27;[39m Creating ADB subprocess with args: ["-P",5037,"-s","emulator-5554","shell","am","instrument","-w","-e","disableAnalytics",true,"io.appium.uiautomator2.server.test/androidx.test.runner.AndroidJUnitRunner"]
[debug] &amp#27;[35m[WD Proxy]&amp#27;[39m Matched '/status' to command name 'getStatus'
[debug] &amp#27;[35m[WD Proxy]&amp#27;[39m Proxying [GET /status] to [GET http://127.0.0.1:8200/wd/hub/status] with no body
&amp#27;[35m[WD Proxy]&amp#27;[39m socket hang up
[debug] &amp#27;[35m[WD Proxy]&amp#27;[39m Matched '/status' to command name 'getStatus'
[debug] &amp#27;[35m[WD Proxy]&amp#27;[39m Proxying [GET /status] to [GET http://127.0.0.1:8200/wd/hub/status] with no body
&amp#27;[35m[WD Proxy]&amp#27;[39m socket hang up
[debug] &amp#27;[35m[Instrumentation]&amp#27;[39m io.appium.uiautomator2.server.test.AppiumUiAutomator2Server:
[debug] &amp#27;[35m[WD Proxy]&amp#27;[39m Matched '/status' to command name 'getStatus'
[debug] &amp#27;[35m[WD Proxy]&amp#27;[39m Proxying [GET /status] to [GET http://127.0.0.1:8200/wd/hub/status] with no body
&amp#27;[35m[WD Proxy]&amp#27;[39m socket hang up
[debug] &amp#27;[35m[WD Proxy]&amp#27;[39m Matched '/status' to command name 'getStatus'
[debug] &amp#27;[35m[WD Proxy]&amp#27;[39m Proxying [GET /status] to [GET http://127.0.0.1:8200/wd/hub/status] with no body
[debug] &amp#27;[35m[WD Proxy]&amp#27;[39m Got response with status 200: {"sessionId":"None","value":{"message":"UiAutomator2 Server is ready to accept commands","ready":true}}
[debug] &amp#27;[35m[UiAutomator2]&amp#27;[39m The initialization of the instrumentation process took 3266ms
[debug] &amp#27;[35m[WD Proxy]&amp#27;[39m Matched '/session' to command name 'createSession'
[debug] &amp#27;[35m[WD Proxy]&amp#27;[39m Proxying [POST /session] to [POST http://127.0.0.1:8200/wd/hub/session] with body: {"capabilities":{"firstMatch":[{"platform":"LINUX","webStorageEnabled":false,"takesScreenshot":true,"javascriptEnabled":true,"databaseEnabled":false,"networkConnectionEnabled":true,"locationContextEnabled":false,"warnings":{},"desired":{"goog:chromeOptions":{"w3c":false},"platformName":"android","app":"C:\\Users\\Fayaz\\Appium\\Anumati\\src\\Anumati.apk","autoGrantPermissions":true,"automationName":"uiautomator2","chromeOptions":{"w3c":false},"deviceName":"Fayaz_Emulator2","newCommandTimeout":14},"goog:chromeOptions":{"w3c":false},"platformName":"android","app":"C:\\Users\\Fayaz\\Appium\\Anumati\\src\\Anumati.apk","autoGrantPermissions":true,"automationName":"uiautomator2","chromeOptions":{"w3c":false},"deviceName":"emulator-5554","newCommandTimeout":14,"deviceUDID":"emulator-5554","appPackage":"com.anumati"}],"alwaysMatch":{}}}
[debug] &amp#27;[35m[WD Proxy]&amp#27;[39m Got response with status 200: {"sessionId":"9a38b787-1760-432e-9912-0ba86bf415bb","value":{"capabilities":{"firstMatch":[{"platform":"LINUX","webStorageEnabled":false,"takesScreenshot":true,"javascriptEnabled":true,"databaseEnabled":false,"networkConnectionEnabled":true,"locationContextEnabled":false,"warnings":{},"desired":{"goog:chromeOptions":{"w3c":false},"platformName":"android","app":"C:\\Users\\Fayaz\\Appium\\Anumati\\src\\Anumati.apk","autoGrantPermissions":true,"automationName":"uiautomator2","chromeOptions":{"w3c":false},"deviceName":"Fayaz_Emulator2","newCommandTimeout":14},"goog:chromeOptions":{"w3c":false},"platformName":"android","app":"C:\\Users\\Fayaz\\Appium\\Anumati\\src\\Anumati.apk","autoGrantPermissions":true,"automationName":"uiautomator2","chromeOptions":{"w3c":false},"deviceName":"emulator-5554","newCommandTimeout":14,"deviceUDID":"emulator-5554","appPackage":"com.anumati"}],"alwaysMatch":{}},"sessionId":"9a38b787-1760-432e-9912-0ba86bf415bb"}}
&amp#27;[35m[WD Proxy]&amp#27;[39m Determined the downstream protocol as 'W3C'
[debug] &amp#27;[35m[WD Proxy]&amp#27;[39m Proxying [GET /appium/device/info] to [GET http://127.0.0.1:8200/wd/hub/session/9a38b787-1760-432e-9912-0ba86bf415bb/appium/device/info] with no body
[debug] &amp#27;[35m[WD Proxy]&amp#27;[39m Got response with status 200: {"sessionId":"9a38b787-1760-432e-9912-0ba86bf415bb","value":{"androidId":"4c01298c58a50c77","apiVersion":"30","bluetooth":{"state":"ON"},"brand":"Android","carrierName":"Android","displayDensity":420,"locale":"en_US","manufacturer":"unknown","model":"Android SDK built for x86","networks":[{"capabilities":{"SSID":null,"linkDownBandwidthKbps":141000,"linkUpstreamBandwidthKbps":141000,"networkCapabilities":"NET_CAPABILITY_NOT_METERED,NET_CAPABILITY_INTERNET,NET_CAPABILITY_NOT_RESTRICTED,NET_CAPABILITY_TRUSTED,NET_CAPABILITY_NOT_VPN,NET_CAPABILITY_VALIDATED,NET_CAPABILITY_NOT_ROAMING,NET_CAPABILITY_FOREGROUND,NET_CAPABILITY_NOT_CONGESTED,NET_CAPABILITY_NOT_SUSPENDED","signalStrength":-30,"transportTypes":"TRANSPORT_WIFI"},"detailedState":"CONNECTED","extraInfo":"","isAvailable":true,"isConnected":true,"isFailover":false,"isRoaming":false,"state":"CONNECTED","subtype":0,"subtypeName":"","type":1,"typeName":"WIFI"},{"capabilities":{"SSID":null,"linkDownBandwidthKbps":30000,"linkUpstreamBandwidthKbps":15000,"netw...
[debug] &amp#27;[35m[ADB]&amp#27;[39m Running 'C:\Users\Fayaz\AppData\Local\Android\Sdk\platform-tools\adb.exe -P 5037 -s emulator-5554 shell dumpsys window'
&amp#27;[35m[AndroidDriver]&amp#27;[39m Screen already unlocked, doing nothing
&amp#27;[35m[UiAutomator2]&amp#27;[39m Starting 'com.anumati/com.aa.MainActivity and waiting for 'com.anumati/com.aa.MainActivity'
[debug] &amp#27;[35m[ADB]&amp#27;[39m Running 'C:\Users\Fayaz\AppData\Local\Android\Sdk\platform-tools\adb.exe -P 5037 -s emulator-5554 shell am start -W -n com.anumati/com.aa.MainActivity -S -a android.intent.action.MAIN -c android.intent.category.LAUNCHER -f 0x10200000'
[debug] &amp#27;[35m[ADB]&amp#27;[39m Waiting up to 20000ms for activity matching pkg: 'com.anumati' and activity: 'com.aa.MainActivity' to be focused
[debug] &amp#27;[35m[ADB]&amp#27;[39m Possible activities, to be checked: 'com.aa.MainActivity', 'com.anumati.com.aa.MainActivity'
[debug] &amp#27;[35m[ADB]&amp#27;[39m Getting focused package and activity
[debug] &amp#27;[35m[ADB]&amp#27;[39m Running 'C:\Users\Fayaz\AppData\Local\Android\Sdk\platform-tools\adb.exe -P 5037 -s emulator-5554 shell dumpsys window displays'
[debug] &amp#27;[35m[ADB]&amp#27;[39m Found package: 'com.anumati' and fully qualified activity name : 'com.aa.MainActivity'
[debug] &amp#27;[35m[WD Proxy]&amp#27;[39m Proxying [GET /appium/device/pixel_ratio] to [GET http://127.0.0.1:8200/wd/hub/session/9a38b787-1760-432e-9912-0ba86bf415bb/appium/device/pixel_ratio] with no body
[debug] &amp#27;[35m[WD Proxy]&amp#27;[39m Got response with status 200: {"sessionId":"9a38b787-1760-432e-9912-0ba86bf415bb","value":2.625}
[debug] &amp#27;[35m[WD Proxy]&amp#27;[39m Matched '/appium/device/system_bars' to command name 'getSystemBars'
[debug] &amp#27;[35m[WD Proxy]&amp#27;[39m Proxying [GET /appium/device/system_bars] to [GET http://127.0.0.1:8200/wd/hub/session/9a38b787-1760-432e-9912-0ba86bf415bb/appium/device/system_bars] with no body
[debug] &amp#27;[35m[WD Proxy]&amp#27;[39m Got response with status 200: {"sessionId":"9a38b787-1760-432e-9912-0ba86bf415bb","value":{"statusBar":63}}
[debug] &amp#27;[35m[WD Proxy]&amp#27;[39m Matched '/window/current/size' to command name 'getWindowSize'
[debug] &amp#27;[35m[WD Proxy]&amp#27;[39m Proxying [GET /window/current/size] to [GET http://127.0.0.1:8200/wd/hub/session/9a38b787-1760-432e-9912-0ba86bf415bb/window/current/size] with no body
[debug] &amp#27;[35m[WD Proxy]&amp#27;[39m Got response with status 200: {"sessionId":"9a38b787-1760-432e-9912-0ba86bf415bb","value":{"height":1794,"width":1080}}
&amp#27;[35m[Appium]&amp#27;[39m New AndroidUiautomator2Driver session created successfully, session 3f76d413-588a-45c2-9bde-5ba2ebd2b0b3 added to master session list
[debug] &amp#27;[35m[BaseDriver]&amp#27;[39m Event 'newSessionStarted' logged at 1638954607705 (14:40:07 GMT+0530 (India Standard Time))
[debug] &amp#27;[35m[W3C (3f76d413)]&amp#27;[39m Cached the protocol value 'W3C' for the new session 3f76d413-588a-45c2-9bde-5ba2ebd2b0b3
[debug] &amp#27;[35m[W3C (3f76d413)]&amp#27;[39m Responding to client with driver.createSession() result: {"capabilities":{"platform":"LINUX","webStorageEnabled":false,"takesScreenshot":true,"javascriptEnabled":true,"databaseEnabled":false,"networkConnectionEnabled":true,"locationContextEnabled":false,"warnings":{},"desired":{"goog:chromeOptions":{"w3c":false},"platformName":"android","app":"C:\\Users\\Fayaz\\Appium\\Anumati\\src\\Anumati.apk","autoGrantPermissions":true,"automationName":"uiautomator2","chromeOptions":{"w3c":false},"deviceName":"Fayaz_Emulator2","newCommandTimeout":14},"goog:chromeOptions":{"w3c":false},"platformName":"android","app":"C:\\Users\\Fayaz\\Appium\\Anumati\\src\\Anumati.apk","autoGrantPermissions":true,"automationName":"uiautomator2","chromeOptions":{"w3c":false},"deviceName":"emulator-5554","newCommandTimeout":14,"deviceUDID":"emulator-5554","appPackage":"com.anumati","deviceApiLevel":30,"platformVersion":"11","deviceScreenSize":"1080x1920","deviceScreenDensity":420,"deviceModel":"Android SDK built for x86","deviceManufacturer":"unknown","pixelRatio":2.625,"statBarHeight":63,"view...
&amp#27;[35m[HTTP]&amp#27;[39m &amp#27;[37m<-- POST /wd/hub/session &amp#27;[39m&amp#27;[32m200&amp#27;[39m &amp#27;[90m19157 ms - 1140&amp#27;[39m
&amp#27;[35m[HTTP]&amp#27;[39m &amp#27;[90m&amp#27;[39m
&amp#27;[35m[HTTP]&amp#27;[39m &amp#27;[37m-->&amp#27;[39m &amp#27;[37mPOST&amp#27;[39m &amp#27;[37m/wd/hub/session/3f76d413-588a-45c2-9bde-5ba2ebd2b0b3/timeouts&amp#27;[39m
&amp#27;[35m[HTTP]&amp#27;[39m &amp#27;[90m{"implicit":10000}&amp#27;[39m
[debug] &amp#27;[35m[W3C (3f76d413)]&amp#27;[39m Calling AppiumDriver.timeouts() with args: [null,null,null,null,10000,"3f76d413-588a-45c2-9bde-5ba2ebd2b0b3"]
[debug] &amp#27;[35m[BaseDriver]&amp#27;[39m W3C timeout argument: {"implicit":10000}}
[debug] &amp#27;[35m[BaseDriver]&amp#27;[39m Set implicit wait to 10000ms
[debug] &amp#27;[35m[W3C (3f76d413)]&amp#27;[39m Responding to client with driver.timeouts() result: null
&amp#27;[35m[HTTP]&amp#27;[39m &amp#27;[37m<-- POST /wd/hub/session/3f76d413-588a-45c2-9bde-5ba2ebd2b0b3/timeouts &amp#27;[39m&amp#27;[32m200&amp#27;[39m &amp#27;[90m2 ms - 14&amp#27;[39m
&amp#27;[35m[HTTP]&amp#27;[39m &amp#27;[90m&amp#27;[39m
&amp#27;[35m[HTTP]&amp#27;[39m &amp#27;[37m-->&amp#27;[39m &amp#27;[37mGET&amp#27;[39m &amp#27;[37m/wd/hub/session/3f76d413-588a-45c2-9bde-5ba2ebd2b0b3/context&amp#27;[39m
&amp#27;[35m[HTTP]&amp#27;[39m &amp#27;[90m{}&amp#27;[39m
[debug] &amp#27;[35m[W3C (3f76d413)]&amp#27;[39m Calling AppiumDriver.getCurrentContext() with args: ["3f76d413-588a-45c2-9bde-5ba2ebd2b0b3"]
[debug] &amp#27;[35m[W3C (3f76d413)]&amp#27;[39m Responding to client with driver.getCurrentContext() result: "NATIVE_APP"
&amp#27;[35m[HTTP]&amp#27;[39m &amp#27;[37m<-- GET /wd/hub/session/3f76d413-588a-45c2-9bde-5ba2ebd2b0b3/context &amp#27;[39m&amp#27;[32m200&amp#27;[39m &amp#27;[90m2 ms - 22&amp#27;[39m
&amp#27;[35m[HTTP]&amp#27;[39m &amp#27;[90m&amp#27;[39m
&amp#27;[35m[HTTP]&amp#27;[39m &amp#27;[37m-->&amp#27;[39m &amp#27;[37mPOST&amp#27;[39m &amp#27;[37m/wd/hub/session/3f76d413-588a-45c2-9bde-5ba2ebd2b0b3/element&amp#27;[39m
&amp#27;[35m[HTTP]&amp#27;[39m &amp#27;[90m{"using":"xpath","value":"//android.view.View[@text='Skip']"}&amp#27;[39m
[debug] &amp#27;[35m[W3C (3f76d413)]&amp#27;[39m Calling AppiumDriver.findElement() with args: ["xpath","//android.view.View[@text='Skip']","3f76d413-588a-45c2-9bde-5ba2ebd2b0b3"]
[debug] &amp#27;[35m[BaseDriver]&amp#27;[39m Valid locator strategies for this request: xpath, id, class name, accessibility id, css selector, -android uiautomator
[debug] &amp#27;[35m[BaseDriver]&amp#27;[39m Waiting up to 10000 ms for condition
[debug] &amp#27;[35m[WD Proxy]&amp#27;[39m Matched '/element' to command name 'findElement'
[debug] &amp#27;[35m[WD Proxy]&amp#27;[39m Proxying [POST /element] to [POST http://127.0.0.1:8200/wd/hub/session/9a38b787-1760-432e-9912-0ba86bf415bb/element] with body: {"strategy":"xpath","selector":"//android.view.View[@text='Skip']","context":"","multiple":false}
&amp#27;[35m[WD Proxy]&amp#27;[39m Got response with status 404: {"sessionId":"9a38b787-1760-432e-9912-0ba86bf415bb","value":{"error":"no such element","message":"An element could not be located on the page using the given search parameters","stacktrace":"io.appium.uiautomator2.common.exceptions.ElementNotFoundException: An element could not be located on the page using the given search parameters\n\tat io.appium.uiautomator2.handler.FindElement.findElement(FindElement.java:89)\n\tat io.appium.uiautomator2.handler.FindElement.safeHandle(FindElement.java:66)\n\tat io.appium.uiautomator2.handler.request.SafeRequestHandler.handle(SafeRequestHandler.java:41)\n\tat io.appium.uiautomator2.server.AppiumServlet.handleRequest(AppiumServlet.java:262)\n\tat io.appium.uiautomator2.server.AppiumServlet.handleHttpRequest(AppiumServlet.java:256)\n\tat io.appium.uiautomator2.http.ServerHandler.channelRead(ServerHandler.java:68)\n\tat io.netty.channel.AbstractChannelHandlerContext.invokeChannelRead(AbstractChannelHandlerContext.java:366)\n\tat io.netty.channel.AbstractChannelHandlerCont...
[debug] &amp#27;[35m[W3C]&amp#27;[39m Matched W3C error code 'no such element' to NoSuchElementError
[debug] &amp#27;[35m[BaseDriver]&amp#27;[39m Waited for 275 ms so far
[debug] &amp#27;[35m[WD Proxy]&amp#27;[39m Matched '/element' to command name 'findElement'
[debug] &amp#27;[35m[WD Proxy]&amp#27;[39m Proxying [POST /element] to [POST http://127.0.0.1:8200/wd/hub/session/9a38b787-1760-432e-9912-0ba86bf415bb/element] with body: {"strategy":"xpath","selector":"//android.view.View[@text='Skip']","context":"","multiple":false}
[debug] &amp#27;[35m[WD Proxy]&amp#27;[39m Got response with status 200: {"sessionId":"9a38b787-1760-432e-9912-0ba86bf415bb","value":{"ELEMENT":"3213bd4d-db98-4265-a5dc-585d8cb29ed8","element-6066-11e4-a52e-4f735466cecf":"3213bd4d-db98-4265-a5dc-585d8cb29ed8"}}
[debug] &amp#27;[35m[W3C (3f76d413)]&amp#27;[39m Responding to client with driver.findElement() result: {"element-6066-11e4-a52e-4f735466cecf":"3213bd4d-db98-4265-a5dc-585d8cb29ed8","ELEMENT":"3213bd4d-db98-4265-a5dc-585d8cb29ed8"}
&amp#27;[35m[HTTP]&amp#27;[39m &amp#27;[37m<-- POST /wd/hub/session/3f76d413-588a-45c2-9bde-5ba2ebd2b0b3/element &amp#27;[39m&amp#27;[32m200&amp#27;[39m &amp#27;[90m1294 ms - 137&amp#27;[39m
&amp#27;[35m[HTTP]&amp#27;[39m &amp#27;[90m&amp#27;[39m
&amp#27;[35m[HTTP]&amp#27;[39m &amp#27;[37m-->&amp#27;[39m &amp#27;[37mPOST&amp#27;[39m &amp#27;[37m/wd/hub/session/3f76d413-588a-45c2-9bde-5ba2ebd2b0b3/element/3213bd4d-db98-4265-a5dc-585d8cb29ed8/click&amp#27;[39m
&amp#27;[35m[HTTP]&amp#27;[39m &amp#27;[90m{"id":"3213bd4d-db98-4265-a5dc-585d8cb29ed8"}&amp#27;[39m
[debug] &amp#27;[35m[W3C (3f76d413)]&amp#27;[39m Calling AppiumDriver.click() with args: ["3213bd4d-db98-4265-a5dc-585d8cb29ed8","3f76d413-588a-45c2-9bde-5ba2ebd2b0b3"]
[debug] &amp#27;[35m[WD Proxy]&amp#27;[39m Matched '/element/3213bd4d-db98-4265-a5dc-585d8cb29ed8/click' to command name 'click'
[debug] &amp#27;[35m[WD Proxy]&amp#27;[39m Proxying [POST /element/3213bd4d-db98-4265-a5dc-585d8cb29ed8/click] to [POST http://127.0.0.1:8200/wd/hub/session/9a38b787-1760-432e-9912-0ba86bf415bb/element/3213bd4d-db98-4265-a5dc-585d8cb29ed8/click] with body: {"element":"3213bd4d-db98-4265-a5dc-585d8cb29ed8"}
[debug] &amp#27;[35m[WD Proxy]&amp#27;[39m Got response with status 200: {"sessionId":"9a38b787-1760-432e-9912-0ba86bf415bb","value":null}
[debug] &amp#27;[35m[W3C (3f76d413)]&amp#27;[39m Responding to client with driver.click() result: null
&amp#27;[35m[HTTP]&amp#27;[39m &amp#27;[37m<-- POST /wd/hub/session/3f76d413-588a-45c2-9bde-5ba2ebd2b0b3/element/3213bd4d-db98-4265-a5dc-585d8cb29ed8/click &amp#27;[39m&amp#27;[32m200&amp#27;[39m &amp#27;[90m126 ms - 14&amp#27;[39m
&amp#27;[35m[HTTP]&amp#27;[39m &amp#27;[90m&amp#27;[39m
&amp#27;[35m[HTTP]&amp#27;[39m &amp#27;[37m-->&amp#27;[39m &amp#27;[37mGET&amp#27;[39m &amp#27;[37m/wd/hub/session/3f76d413-588a-45c2-9bde-5ba2ebd2b0b3/context&amp#27;[39m
&amp#27;[35m[HTTP]&amp#27;[39m &amp#27;[90m{}&amp#27;[39m
[debug] &amp#27;[35m[W3C (3f76d413)]&amp#27;[39m Calling AppiumDriver.getCurrentContext() with args: ["3f76d413-588a-45c2-9bde-5ba2ebd2b0b3"]
[debug] &amp#27;[35m[W3C (3f76d413)]&amp#27;[39m Responding to client with driver.getCurrentContext() result: "NATIVE_APP"
&amp#27;[35m[HTTP]&amp#27;[39m &amp#27;[37m<-- GET /wd/hub/session/3f76d413-588a-45c2-9bde-5ba2ebd2b0b3/context &amp#27;[39m&amp#27;[32m200&amp#27;[39m &amp#27;[90m1 ms - 22&amp#27;[39m
&amp#27;[35m[HTTP]&amp#27;[39m &amp#27;[90m&amp#27;[39m
&amp#27;[35m[HTTP]&amp#27;[39m &amp#27;[37m-->&amp#27;[39m &amp#27;[37mPOST&amp#27;[39m &amp#27;[37m/wd/hub/session/3f76d413-588a-45c2-9bde-5ba2ebd2b0b3/element&amp#27;[39m
&amp#27;[35m[HTTP]&amp#27;[39m &amp#27;[90m{"using":"xpath","value":"//android.view.View/android.widget.EditText[1]"}&amp#27;[39m
[debug] &amp#27;[35m[W3C (3f76d413)]&amp#27;[39m Calling AppiumDriver.findElement() with args: ["xpath","//android.view.View/android.widget.EditText[1]","3f76d413-588a-45c2-9bde-5ba2ebd2b0b3"]
[debug] &amp#27;[35m[BaseDriver]&amp#27;[39m Valid locator strategies for this request: xpath, id, class name, accessibility id, css selector, -android uiautomator
[debug] &amp#27;[35m[BaseDriver]&amp#27;[39m Waiting up to 10000 ms for condition
[debug] &amp#27;[35m[WD Proxy]&amp#27;[39m Matched '/element' to command name 'findElement'
[debug] &amp#27;[35m[WD Proxy]&amp#27;[39m Proxying [POST /element] to [POST http://127.0.0.1:8200/wd/hub/session/9a38b787-1760-432e-9912-0ba86bf415bb/element] with body: {"strategy":"xpath","selector":"//android.view.View/android.widget.EditText[1]","context":"","multiple":false}
[debug] &amp#27;[35m[WD Proxy]&amp#27;[39m Got response with status 200: {"sessionId":"9a38b787-1760-432e-9912-0ba86bf415bb","value":{"ELEMENT":"c98775c6-5651-413e-b9f2-49f730bb685f","element-6066-11e4-a52e-4f735466cecf":"c98775c6-5651-413e-b9f2-49f730bb685f"}}
[debug] &amp#27;[35m[W3C (3f76d413)]&amp#27;[39m Responding to client with driver.findElement() result: {"element-6066-11e4-a52e-4f735466cecf":"c98775c6-5651-413e-b9f2-49f730bb685f","ELEMENT":"c98775c6-5651-413e-b9f2-49f730bb685f"}
&amp#27;[35m[HTTP]&amp#27;[39m &amp#27;[37m<-- POST /wd/hub/session/3f76d413-588a-45c2-9bde-5ba2ebd2b0b3/element &amp#27;[39m&amp#27;[32m200&amp#27;[39m &amp#27;[90m1620 ms - 137&amp#27;[39m
&amp#27;[35m[HTTP]&amp#27;[39m &amp#27;[90m&amp#27;[39m
&amp#27;[35m[HTTP]&amp#27;[39m &amp#27;[37m-->&amp#27;[39m &amp#27;[37mPOST&amp#27;[39m &amp#27;[37m/wd/hub/session/3f76d413-588a-45c2-9bde-5ba2ebd2b0b3/element/c98775c6-5651-413e-b9f2-49f730bb685f/click&amp#27;[39m
&amp#27;[35m[HTTP]&amp#27;[39m &amp#27;[90m{"id":"c98775c6-5651-413e-b9f2-49f730bb685f"}&amp#27;[39m
[debug] &amp#27;[35m[W3C (3f76d413)]&amp#27;[39m Calling AppiumDriver.click() with args: ["c98775c6-5651-413e-b9f2-49f730bb685f","3f76d413-588a-45c2-9bde-5ba2ebd2b0b3"]
[debug] &amp#27;[35m[WD Proxy]&amp#27;[39m Matched '/element/c98775c6-5651-413e-b9f2-49f730bb685f/click' to command name 'click'
[debug] &amp#27;[35m[WD Proxy]&amp#27;[39m Proxying [POST /element/c98775c6-5651-413e-b9f2-49f730bb685f/click] to [POST http://127.0.0.1:8200/wd/hub/session/9a38b787-1760-432e-9912-0ba86bf415bb/element/c98775c6-5651-413e-b9f2-49f730bb685f/click] with body: {"element":"c98775c6-5651-413e-b9f2-49f730bb685f"}
[debug] &amp#27;[35m[WD Proxy]&amp#27;[39m Got response with status 200: {"sessionId":"9a38b787-1760-432e-9912-0ba86bf415bb","value":null}
[debug] &amp#27;[35m[W3C (3f76d413)]&amp#27;[39m Responding to client with driver.click() result: null
&amp#27;[35m[HTTP]&amp#27;[39m &amp#27;[37m<-- POST /wd/hub/session/3f76d413-588a-45c2-9bde-5ba2ebd2b0b3/element/c98775c6-5651-413e-b9f2-49f730bb685f/click &amp#27;[39m&amp#27;[32m200&amp#27;[39m &amp#27;[90m81 ms - 14&amp#27;[39m
&amp#27;[35m[HTTP]&amp#27;[39m &amp#27;[90m&amp#27;[39m
&amp#27;[35m[HTTP]&amp#27;[39m &amp#27;[37m-->&amp#27;[39m &amp#27;[37mGET&amp#27;[39m &amp#27;[37m/wd/hub/session/3f76d413-588a-45c2-9bde-5ba2ebd2b0b3/context&amp#27;[39m
&amp#27;[35m[HTTP]&amp#27;[39m &amp#27;[90m{}&amp#27;[39m
[debug] &amp#27;[35m[W3C (3f76d413)]&amp#27;[39m Calling AppiumDriver.getCurrentContext() with args: ["3f76d413-588a-45c2-9bde-5ba2ebd2b0b3"]
[debug] &amp#27;[35m[W3C (3f76d413)]&amp#27;[39m Responding to client with driver.getCurrentContext() result: "NATIVE_APP"
&amp#27;[35m[HTTP]&amp#27;[39m &amp#27;[37m<-- GET /wd/hub/session/3f76d413-588a-45c2-9bde-5ba2ebd2b0b3/context &amp#27;[39m&amp#27;[32m200&amp#27;[39m &amp#27;[90m2 ms - 22&amp#27;[39m
&amp#27;[35m[HTTP]&amp#27;[39m &amp#27;[90m&amp#27;[39m
&amp#27;[35m[HTTP]&amp#27;[39m &amp#27;[37m-->&amp#27;[39m &amp#27;[37mPOST&amp#27;[39m &amp#27;[37m/wd/hub/session/3f76d413-588a-45c2-9bde-5ba2ebd2b0b3/element&amp#27;[39m
&amp#27;[35m[HTTP]&amp#27;[39m &amp#27;[90m{"using":"xpath","value":"//android.view.View/android.widget.EditText[1]"}&amp#27;[39m
[debug] &amp#27;[35m[W3C (3f76d413)]&amp#27;[39m Calling AppiumDriver.findElement() with args: ["xpath","//android.view.View/android.widget.EditText[1]","3f76d413-588a-45c2-9bde-5ba2ebd2b0b3"]
[debug] &amp#27;[35m[BaseDriver]&amp#27;[39m Valid locator strategies for this request: xpath, id, class name, accessibility id, css selector, -android uiautomator
[debug] &amp#27;[35m[BaseDriver]&amp#27;[39m Waiting up to 10000 ms for condition
[debug] &amp#27;[35m[WD Proxy]&amp#27;[39m Matched '/element' to command name 'findElement'
[debug] &amp#27;[35m[WD Proxy]&amp#27;[39m Proxying [POST /element] to [POST http://127.0.0.1:8200/wd/hub/session/9a38b787-1760-432e-9912-0ba86bf415bb/element] with body: {"strategy":"xpath","selector":"//android.view.View/android.widget.EditText[1]","context":"","multiple":false}
[debug] &amp#27;[35m[WD Proxy]&amp#27;[39m Got response with status 200: {"sessionId":"9a38b787-1760-432e-9912-0ba86bf415bb","value":{"ELEMENT":"38684399-d269-421f-9858-27e27d717625","element-6066-11e4-a52e-4f735466cecf":"38684399-d269-421f-9858-27e27d717625"}}
[debug] &amp#27;[35m[W3C (3f76d413)]&amp#27;[39m Responding to client with driver.findElement() result: {"element-6066-11e4-a52e-4f735466cecf":"38684399-d269-421f-9858-27e27d717625","ELEMENT":"38684399-d269-421f-9858-27e27d717625"}
&amp#27;[35m[HTTP]&amp#27;[39m &amp#27;[37m<-- POST /wd/hub/session/3f76d413-588a-45c2-9bde-5ba2ebd2b0b3/element &amp#27;[39m&amp#27;[32m200&amp#27;[39m &amp#27;[90m151 ms - 137&amp#27;[39m
&amp#27;[35m[HTTP]&amp#27;[39m &amp#27;[90m&amp#27;[39m
&amp#27;[35m[HTTP]&amp#27;[39m &amp#27;[37m-->&amp#27;[39m &amp#27;[37mPOST&amp#27;[39m &amp#27;[37m/wd/hub/session/3f76d413-588a-45c2-9bde-5ba2ebd2b0b3/element/38684399-d269-421f-9858-27e27d717625/value&amp#27;[39m
&amp#27;[35m[HTTP]&amp#27;[39m &amp#27;[90m{"id":"38684399-d269-421f-9858-27e27d717625","text":"7760305049","value":["7","7","6","0","3","0","5","0","4","9"]}&amp#27;[39m
[debug] &amp#27;[35m[W3C (3f76d413)]&amp#27;[39m Calling AppiumDriver.setValue() with args: [["7","7","6","0","3","0","5","0","4","9"],"38684399-d269-421f-9858-27e27d717625","3f76d413-588a-45c2-9bde-5ba2ebd2b0b3"]
[debug] &amp#27;[35m[WD Proxy]&amp#27;[39m Matched '/element/38684399-d269-421f-9858-27e27d717625/value' to command name 'setValue'
[debug] &amp#27;[35m[Protocol Converter]&amp#27;[39m Added 'value' property ["7","7","6","0","3","0","5","0","4","9"] to 'setValue' request body
[debug] &amp#27;[35m[WD Proxy]&amp#27;[39m Proxying [POST /element/38684399-d269-421f-9858-27e27d717625/value] to [POST http://127.0.0.1:8200/wd/hub/session/9a38b787-1760-432e-9912-0ba86bf415bb/element/38684399-d269-421f-9858-27e27d717625/value] with body: {"elementId":"38684399-d269-421f-9858-27e27d717625","text":"7760305049","replace":false,"value":["7","7","6","0","3","0","5","0","4","9"]}
[debug] &amp#27;[35m[WD Proxy]&amp#27;[39m Got response with status 200: {"sessionId":"9a38b787-1760-432e-9912-0ba86bf415bb","value":null}
[debug] &amp#27;[35m[W3C (3f76d413)]&amp#27;[39m Responding to client with driver.setValue() result: null
&amp#27;[35m[HTTP]&amp#27;[39m &amp#27;[37m<-- POST /wd/hub/session/3f76d413-588a-45c2-9bde-5ba2ebd2b0b3/element/38684399-d269-421f-9858-27e27d717625/value &amp#27;[39m&amp#27;[32m200&amp#27;[39m &amp#27;[90m1153 ms - 14&amp#27;[39m
&amp#27;[35m[HTTP]&amp#27;[39m &amp#27;[90m&amp#27;[39m
&amp#27;[35m[HTTP]&amp#27;[39m &amp#27;[37m-->&amp#27;[39m &amp#27;[37mPOST&amp#27;[39m &amp#27;[37m/wd/hub/session/3f76d413-588a-45c2-9bde-5ba2ebd2b0b3/appium/device/hide_keyboard&amp#27;[39m
&amp#27;[35m[HTTP]&amp#27;[39m &amp#27;[90m{}&amp#27;[39m
[debug] &amp#27;[35m[W3C (3f76d413)]&amp#27;[39m Calling AppiumDriver.hideKeyboard() with args: [null,null,null,null,"3f76d413-588a-45c2-9bde-5ba2ebd2b0b3"]
[debug] &amp#27;[35m[ADB]&amp#27;[39m Running 'C:\Users\Fayaz\AppData\Local\Android\Sdk\platform-tools\adb.exe -P 5037 -s emulator-5554 shell dumpsys input_method'
[debug] &amp#27;[35m[ADB]&amp#27;[39m Running 'C:\Users\Fayaz\AppData\Local\Android\Sdk\platform-tools\adb.exe -P 5037 -s emulator-5554 shell input keyevent 111'
[debug] &amp#27;[35m[ADB]&amp#27;[39m Running 'C:\Users\Fayaz\AppData\Local\Android\Sdk\platform-tools\adb.exe -P 5037 -s emulator-5554 shell dumpsys input_method'
[debug] &amp#27;[35m[ADB]&amp#27;[39m Running 'C:\Users\Fayaz\AppData\Local\Android\Sdk\platform-tools\adb.exe -P 5037 -s emulator-5554 shell dumpsys input_method'
[debug] &amp#27;[35m[ADB]&amp#27;[39m Running 'C:\Users\Fayaz\AppData\Local\Android\Sdk\platform-tools\adb.exe -P 5037 -s emulator-5554 shell input keyevent 4'
[debug] &amp#27;[35m[ADB]&amp#27;[39m Running 'C:\Users\Fayaz\AppData\Local\Android\Sdk\platform-tools\adb.exe -P 5037 -s emulator-5554 shell dumpsys input_method'
[debug] &amp#27;[35m[W3C (3f76d413)]&amp#27;[39m Responding to client with driver.hideKeyboard() result: true
&amp#27;[35m[HTTP]&amp#27;[39m &amp#27;[37m<-- POST /wd/hub/session/3f76d413-588a-45c2-9bde-5ba2ebd2b0b3/appium/device/hide_keyboard &amp#27;[39m&amp#27;[32m200&amp#27;[39m &amp#27;[90m4282 ms - 14&amp#27;[39m
&amp#27;[35m[HTTP]&amp#27;[39m &amp#27;[90m&amp#27;[39m
&amp#27;[35m[HTTP]&amp#27;[39m &amp#27;[37m-->&amp#27;[39m &amp#27;[37mGET&amp#27;[39m &amp#27;[37m/wd/hub/session/3f76d413-588a-45c2-9bde-5ba2ebd2b0b3/context&amp#27;[39m
&amp#27;[35m[HTTP]&amp#27;[39m &amp#27;[90m{}&amp#27;[39m
[debug] &amp#27;[35m[W3C (3f76d413)]&amp#27;[39m Calling AppiumDriver.getCurrentContext() with args: ["3f76d413-588a-45c2-9bde-5ba2ebd2b0b3"]
[debug] &amp#27;[35m[W3C (3f76d413)]&amp#27;[39m Responding to client with driver.getCurrentContext() result: "NATIVE_APP"
&amp#27;[35m[HTTP]&amp#27;[39m &amp#27;[37m<-- GET /wd/hub/session/3f76d413-588a-45c2-9bde-5ba2ebd2b0b3/context &amp#27;[39m&amp#27;[32m200&amp#27;[39m &amp#27;[90m1 ms - 22&amp#27;[39m
&amp#27;[35m[HTTP]&amp#27;[39m &amp#27;[90m&amp#27;[39m
&amp#27;[35m[HTTP]&amp#27;[39m &amp#27;[37m-->&amp#27;[39m &amp#27;[37mPOST&amp#27;[39m &amp#27;[37m/wd/hub/session/3f76d413-588a-45c2-9bde-5ba2ebd2b0b3/element&amp#27;[39m
&amp#27;[35m[HTTP]&amp#27;[39m &amp#27;[90m{"using":"xpath","value":"//android.widget.Button[@text='Proceed']"}&amp#27;[39m
[debug] &amp#27;[35m[W3C (3f76d413)]&amp#27;[39m Calling AppiumDriver.findElement() with args: ["xpath","//android.widget.Button[@text='Proceed']","3f76d413-588a-45c2-9bde-5ba2ebd2b0b3"]
[debug] &amp#27;[35m[BaseDriver]&amp#27;[39m Valid locator strategies for this request: xpath, id, class name, accessibility id, css selector, -android uiautomator
[debug] &amp#27;[35m[BaseDriver]&amp#27;[39m Waiting up to 10000 ms for condition
[debug] &amp#27;[35m[WD Proxy]&amp#27;[39m Matched '/element' to command name 'findElement'
[debug] &amp#27;[35m[WD Proxy]&amp#27;[39m Proxying [POST /element] to [POST http://127.0.0.1:8200/wd/hub/session/9a38b787-1760-432e-9912-0ba86bf415bb/element] with body: {"strategy":"xpath","selector":"//android.widget.Button[@text='Proceed']","context":"","multiple":false}
[debug] &amp#27;[35m[WD Proxy]&amp#27;[39m Got response with status 200: {"sessionId":"9a38b787-1760-432e-9912-0ba86bf415bb","value":{"ELEMENT":"520618b0-dbe6-441f-8d06-d5132701bd0f","element-6066-11e4-a52e-4f735466cecf":"520618b0-dbe6-441f-8d06-d5132701bd0f"}}
[debug] &amp#27;[35m[W3C (3f76d413)]&amp#27;[39m Responding to client with driver.findElement() result: {"element-6066-11e4-a52e-4f735466cecf":"520618b0-dbe6-441f-8d06-d5132701bd0f","ELEMENT":"520618b0-dbe6-441f-8d06-d5132701bd0f"}
&amp#27;[35m[HTTP]&amp#27;[39m &amp#27;[37m<-- POST /wd/hub/session/3f76d413-588a-45c2-9bde-5ba2ebd2b0b3/element &amp#27;[39m&amp#27;[32m200&amp#27;[39m &amp#27;[90m228 ms - 137&amp#27;[39m
&amp#27;[35m[HTTP]&amp#27;[39m &amp#27;[90m&amp#27;[39m
&amp#27;[35m[HTTP]&amp#27;[39m &amp#27;[37m-->&amp#27;[39m &amp#27;[37mPOST&amp#27;[39m &amp#27;[37m/wd/hub/session/3f76d413-588a-45c2-9bde-5ba2ebd2b0b3/element/520618b0-dbe6-441f-8d06-d5132701bd0f/click&amp#27;[39m
&amp#27;[35m[HTTP]&amp#27;[39m &amp#27;[90m{"id":"520618b0-dbe6-441f-8d06-d5132701bd0f"}&amp#27;[39m
[debug] &amp#27;[35m[W3C (3f76d413)]&amp#27;[39m Calling AppiumDriver.click() with args: ["520618b0-dbe6-441f-8d06-d5132701bd0f","3f76d413-588a-45c2-9bde-5ba2ebd2b0b3"]
[debug] &amp#27;[35m[WD Proxy]&amp#27;[39m Matched '/element/520618b0-dbe6-441f-8d06-d5132701bd0f/click' to command name 'click'
[debug] &amp#27;[35m[WD Proxy]&amp#27;[39m Proxying [POST /element/520618b0-dbe6-441f-8d06-d5132701bd0f/click] to [POST http://127.0.0.1:8200/wd/hub/session/9a38b787-1760-432e-9912-0ba86bf415bb/element/520618b0-dbe6-441f-8d06-d5132701bd0f/click] with body: {"element":"520618b0-dbe6-441f-8d06-d5132701bd0f"}
[debug] &amp#27;[35m[WD Proxy]&amp#27;[39m Got response with status 200: {"sessionId":"9a38b787-1760-432e-9912-0ba86bf415bb","value":null}
[debug] &amp#27;[35m[W3C (3f76d413)]&amp#27;[39m Responding to client with driver.click() result: null
&amp#27;[35m[HTTP]&amp#27;[39m &amp#27;[37m<-- POST /wd/hub/session/3f76d413-588a-45c2-9bde-5ba2ebd2b0b3/element/520618b0-dbe6-441f-8d06-d5132701bd0f/click &amp#27;[39m&amp#27;[32m200&amp#27;[39m &amp#27;[90m73 ms - 14&amp#27;[39m
&amp#27;[35m[HTTP]&amp#27;[39m &amp#27;[90m&amp#27;[39m
&amp#27;[35m[HTTP]&amp#27;[39m &amp#27;[37m-->&amp#27;[39m &amp#27;[37mGET&amp#27;[39m &amp#27;[37m/wd/hub/session/3f76d413-588a-45c2-9bde-5ba2ebd2b0b3/context&amp#27;[39m
&amp#27;[35m[HTTP]&amp#27;[39m &amp#27;[90m{}&amp#27;[39m
[debug] &amp#27;[35m[W3C (3f76d413)]&amp#27;[39m Calling AppiumDriver.getCurrentContext() with args: ["3f76d413-588a-45c2-9bde-5ba2ebd2b0b3"]
[debug] &amp#27;[35m[W3C (3f76d413)]&amp#27;[39m Responding to client with driver.getCurrentContext() result: "NATIVE_APP"
&amp#27;[35m[HTTP]&amp#27;[39m &amp#27;[37m<-- GET /wd/hub/session/3f76d413-588a-45c2-9bde-5ba2ebd2b0b3/context &amp#27;[39m&amp#27;[32m200&amp#27;[39m &amp#27;[90m1 ms - 22&amp#27;[39m
&amp#27;[35m[HTTP]&amp#27;[39m &amp#27;[90m&amp#27;[39m
&amp#27;[35m[HTTP]&amp#27;[39m &amp#27;[37m-->&amp#27;[39m &amp#27;[37mPOST&amp#27;[39m &amp#27;[37m/wd/hub/session/3f76d413-588a-45c2-9bde-5ba2ebd2b0b3/element&amp#27;[39m
&amp#27;[35m[HTTP]&amp#27;[39m &amp#27;[90m{"using":"xpath","value":"//android.widget.EditText[1]"}&amp#27;[39m
[debug] &amp#27;[35m[W3C (3f76d413)]&amp#27;[39m Calling AppiumDriver.findElement() with args: ["xpath","//android.widget.EditText[1]","3f76d413-588a-45c2-9bde-5ba2ebd2b0b3"]
[debug] &amp#27;[35m[BaseDriver]&amp#27;[39m Valid locator strategies for this request: xpath, id, class name, accessibility id, css selector, -android uiautomator
[debug] &amp#27;[35m[BaseDriver]&amp#27;[39m Waiting up to 10000 ms for condition
[debug] &amp#27;[35m[WD Proxy]&amp#27;[39m Matched '/element' to command name 'findElement'
[debug] &amp#27;[35m[WD Proxy]&amp#27;[39m Proxying [POST /element] to [POST http://127.0.0.1:8200/wd/hub/session/9a38b787-1760-432e-9912-0ba86bf415bb/element] with body: {"strategy":"xpath","selector":"//android.widget.EditText[1]","context":"","multiple":false}
[debug] &amp#27;[35m[WD Proxy]&amp#27;[39m Got response with status 200: {"sessionId":"9a38b787-1760-432e-9912-0ba86bf415bb","value":{"ELEMENT":"12301367-c946-4e8e-aa6f-65659bee348d","element-6066-11e4-a52e-4f735466cecf":"12301367-c946-4e8e-aa6f-65659bee348d"}}
[debug] &amp#27;[35m[W3C (3f76d413)]&amp#27;[39m Responding to client with driver.findElement() result: {"element-6066-11e4-a52e-4f735466cecf":"12301367-c946-4e8e-aa6f-65659bee348d","ELEMENT":"12301367-c946-4e8e-aa6f-65659bee348d"}
&amp#27;[35m[HTTP]&amp#27;[39m &amp#27;[37m<-- POST /wd/hub/session/3f76d413-588a-45c2-9bde-5ba2ebd2b0b3/element &amp#27;[39m&amp#27;[32m200&amp#27;[39m &amp#27;[90m114 ms - 137&amp#27;[39m
&amp#27;[35m[HTTP]&amp#27;[39m &amp#27;[90m&amp#27;[39m
&amp#27;[35m[HTTP]&amp#27;[39m &amp#27;[37m-->&amp#27;[39m &amp#27;[37mPOST&amp#27;[39m &amp#27;[37m/wd/hub/session/3f76d413-588a-45c2-9bde-5ba2ebd2b0b3/element/12301367-c946-4e8e-aa6f-65659bee348d/value&amp#27;[39m
&amp#27;[35m[HTTP]&amp#27;[39m &amp#27;[90m{"id":"12301367-c946-4e8e-aa6f-65659bee348d","text":"7760305049","value":["7","7","6","0","3","0","5","0","4","9"]}&amp#27;[39m
[debug] &amp#27;[35m[W3C (3f76d413)]&amp#27;[39m Calling AppiumDriver.setValue() with args: [["7","7","6","0","3","0","5","0","4","9"],"12301367-c946-4e8e-aa6f-65659bee348d","3f76d413-588a-45c2-9bde-5ba2ebd2b0b3"]
[debug] &amp#27;[35m[WD Proxy]&amp#27;[39m Matched '/element/12301367-c946-4e8e-aa6f-65659bee348d/value' to command name 'setValue'
[debug] &amp#27;[35m[Protocol Converter]&amp#27;[39m Added 'value' property ["7","7","6","0","3","0","5","0","4","9"] to 'setValue' request body
[debug] &amp#27;[35m[WD Proxy]&amp#27;[39m Proxying [POST /element/12301367-c946-4e8e-aa6f-65659bee348d/value] to [POST http://127.0.0.1:8200/wd/hub/session/9a38b787-1760-432e-9912-0ba86bf415bb/element/12301367-c946-4e8e-aa6f-65659bee348d/value] with body: {"elementId":"12301367-c946-4e8e-aa6f-65659bee348d","text":"7760305049","replace":false,"value":["7","7","6","0","3","0","5","0","4","9"]}
[debug] &amp#27;[35m[WD Proxy]&amp#27;[39m Got response with status 200: {"sessionId":"9a38b787-1760-432e-9912-0ba86bf415bb","value":null}
[debug] &amp#27;[35m[W3C (3f76d413)]&amp#27;[39m Responding to client with driver.setValue() result: null
&amp#27;[35m[HTTP]&amp#27;[39m &amp#27;[37m<-- POST /wd/hub/session/3f76d413-588a-45c2-9bde-5ba2ebd2b0b3/element/12301367-c946-4e8e-aa6f-65659bee348d/value &amp#27;[39m&amp#27;[32m200&amp#27;[39m &amp#27;[90m32 ms - 14&amp#27;[39m
&amp#27;[35m[HTTP]&amp#27;[39m &amp#27;[90m&amp#27;[39m
&amp#27;[35m[HTTP]&amp#27;[39m &amp#27;[37m-->&amp#27;[39m &amp#27;[37mGET&amp#27;[39m &amp#27;[37m/wd/hub/session/3f76d413-588a-45c2-9bde-5ba2ebd2b0b3/context&amp#27;[39m
&amp#27;[35m[HTTP]&amp#27;[39m &amp#27;[90m{}&amp#27;[39m
[debug] &amp#27;[35m[W3C (3f76d413)]&amp#27;[39m Calling AppiumDriver.getCurrentContext() with args: ["3f76d413-588a-45c2-9bde-5ba2ebd2b0b3"]
[debug] &amp#27;[35m[W3C (3f76d413)]&amp#27;[39m Responding to client with driver.getCurrentContext() result: "NATIVE_APP"
&amp#27;[35m[HTTP]&amp#27;[39m &amp#27;[37m<-- GET /wd/hub/session/3f76d413-588a-45c2-9bde-5ba2ebd2b0b3/context &amp#27;[39m&amp#27;[32m200&amp#27;[39m &amp#27;[90m1 ms - 22&amp#27;[39m
&amp#27;[35m[HTTP]&amp#27;[39m &amp#27;[90m&amp#27;[39m
&amp#27;[35m[HTTP]&amp#27;[39m &amp#27;[37m-->&amp#27;[39m &amp#27;[37mPOST&amp#27;[39m &amp#27;[37m/wd/hub/session/3f76d413-588a-45c2-9bde-5ba2ebd2b0b3/element&amp#27;[39m
&amp#27;[35m[HTTP]&amp#27;[39m &amp#27;[90m{"using":"xpath","value":"(//android.widget.EditText)[2]"}&amp#27;[39m
[debug] &amp#27;[35m[W3C (3f76d413)]&amp#27;[39m Calling AppiumDriver.findElement() with args: ["xpath","(//android.widget.EditText)[2]","3f76d413-588a-45c2-9bde-5ba2ebd2b0b3"]
[debug] &amp#27;[35m[BaseDriver]&amp#27;[39m Valid locator strategies for this request: xpath, id, class name, accessibility id, css selector, -android uiautomator
[debug] &amp#27;[35m[BaseDriver]&amp#27;[39m Waiting up to 10000 ms for condition
[debug] &amp#27;[35m[WD Proxy]&amp#27;[39m Matched '/element' to command name 'findElement'
[debug] &amp#27;[35m[WD Proxy]&amp#27;[39m Proxying [POST /element] to [POST http://127.0.0.1:8200/wd/hub/session/9a38b787-1760-432e-9912-0ba86bf415bb/element] with body: {"strategy":"xpath","selector":"(//android.widget.EditText)[2]","context":"","multiple":false}
[debug] &amp#27;[35m[WD Proxy]&amp#27;[39m Got response with status 200: {"sessionId":"9a38b787-1760-432e-9912-0ba86bf415bb","value":{"ELEMENT":"df8d0f4d-e715-4af9-b20c-9780bb003756","element-6066-11e4-a52e-4f735466cecf":"df8d0f4d-e715-4af9-b20c-9780bb003756"}}
[debug] &amp#27;[35m[W3C (3f76d413)]&amp#27;[39m Responding to client with driver.findElement() result: {"element-6066-11e4-a52e-4f735466cecf":"df8d0f4d-e715-4af9-b20c-9780bb003756","ELEMENT":"df8d0f4d-e715-4af9-b20c-9780bb003756"}
&amp#27;[35m[HTTP]&amp#27;[39m &amp#27;[37m<-- POST /wd/hub/session/3f76d413-588a-45c2-9bde-5ba2ebd2b0b3/element &amp#27;[39m&amp#27;[32m200&amp#27;[39m &amp#27;[90m573 ms - 137&amp#27;[39m
&amp#27;[35m[HTTP]&amp#27;[39m &amp#27;[90m&amp#27;[39m
&amp#27;[35m[HTTP]&amp#27;[39m &amp#27;[37m-->&amp#27;[39m &amp#27;[37mPOST&amp#27;[39m &amp#27;[37m/wd/hub/session/3f76d413-588a-45c2-9bde-5ba2ebd2b0b3/element/df8d0f4d-e715-4af9-b20c-9780bb003756/click&amp#27;[39m
&amp#27;[35m[HTTP]&amp#27;[39m &amp#27;[90m{"id":"df8d0f4d-e715-4af9-b20c-9780bb003756"}&amp#27;[39m
[debug] &amp#27;[35m[W3C (3f76d413)]&amp#27;[39m Calling AppiumDriver.click() with args: ["df8d0f4d-e715-4af9-b20c-9780bb003756","3f76d413-588a-45c2-9bde-5ba2ebd2b0b3"]
[debug] &amp#27;[35m[WD Proxy]&amp#27;[39m Matched '/element/df8d0f4d-e715-4af9-b20c-9780bb003756/click' to command name 'click'
[debug] &amp#27;[35m[WD Proxy]&amp#27;[39m Proxying [POST /element/df8d0f4d-e715-4af9-b20c-9780bb003756/click] to [POST http://127.0.0.1:8200/wd/hub/session/9a38b787-1760-432e-9912-0ba86bf415bb/element/df8d0f4d-e715-4af9-b20c-9780bb003756/click] with body: {"element":"df8d0f4d-e715-4af9-b20c-9780bb003756"}
[debug] &amp#27;[35m[WD Proxy]&amp#27;[39m Got response with status 200: {"sessionId":"9a38b787-1760-432e-9912-0ba86bf415bb","value":null}
[debug] &amp#27;[35m[W3C (3f76d413)]&amp#27;[39m Responding to client with driver.click() result: null
&amp#27;[35m[HTTP]&amp#27;[39m &amp#27;[37m<-- POST /wd/hub/session/3f76d413-588a-45c2-9bde-5ba2ebd2b0b3/element/df8d0f4d-e715-4af9-b20c-9780bb003756/click &amp#27;[39m&amp#27;[32m200&amp#27;[39m &amp#27;[90m93 ms - 14&amp#27;[39m
&amp#27;[35m[HTTP]&amp#27;[39m &amp#27;[90m&amp#27;[39m
&amp#27;[35m[HTTP]&amp#27;[39m &amp#27;[37m-->&amp#27;[39m &amp#27;[37mGET&amp#27;[39m &amp#27;[37m/wd/hub/session/3f76d413-588a-45c2-9bde-5ba2ebd2b0b3/context&amp#27;[39m
&amp#27;[35m[HTTP]&amp#27;[39m &amp#27;[90m{}&amp#27;[39m
[debug] &amp#27;[35m[W3C (3f76d413)]&amp#27;[39m Calling AppiumDriver.getCurrentContext() with args: ["3f76d413-588a-45c2-9bde-5ba2ebd2b0b3"]
[debug] &amp#27;[35m[W3C (3f76d413)]&amp#27;[39m Responding to client with driver.getCurrentContext() result: "NATIVE_APP"
&amp#27;[35m[HTTP]&amp#27;[39m &amp#27;[37m<-- GET /wd/hub/session/3f76d413-588a-45c2-9bde-5ba2ebd2b0b3/context &amp#27;[39m&amp#27;[32m200&amp#27;[39m &amp#27;[90m3 ms - 22&amp#27;[39m
&amp#27;[35m[HTTP]&amp#27;[39m &amp#27;[90m&amp#27;[39m
&amp#27;[35m[HTTP]&amp#27;[39m &amp#27;[37m-->&amp#27;[39m &amp#27;[37mPOST&amp#27;[39m &amp#27;[37m/wd/hub/session/3f76d413-588a-45c2-9bde-5ba2ebd2b0b3/element&amp#27;[39m
&amp#27;[35m[HTTP]&amp#27;[39m &amp#27;[90m{"using":"xpath","value":"(//android.widget.EditText)[2]"}&amp#27;[39m
[debug] &amp#27;[35m[W3C (3f76d413)]&amp#27;[39m Calling AppiumDriver.findElement() with args: ["xpath","(//android.widget.EditText)[2]","3f76d413-588a-45c2-9bde-5ba2ebd2b0b3"]
[debug] &amp#27;[35m[BaseDriver]&amp#27;[39m Valid locator strategies for this request: xpath, id, class name, accessibility id, css selector, -android uiautomator
[debug] &amp#27;[35m[BaseDriver]&amp#27;[39m Waiting up to 10000 ms for condition
[debug] &amp#27;[35m[WD Proxy]&amp#27;[39m Matched '/element' to command name 'findElement'
[debug] &amp#27;[35m[WD Proxy]&amp#27;[39m Proxying [POST /element] to [POST http://127.0.0.1:8200/wd/hub/session/9a38b787-1760-432e-9912-0ba86bf415bb/element] with body: {"strategy":"xpath","selector":"(//android.widget.EditText)[2]","context":"","multiple":false}
[debug] &amp#27;[35m[WD Proxy]&amp#27;[39m Got response with status 200: {"sessionId":"9a38b787-1760-432e-9912-0ba86bf415bb","value":{"ELEMENT":"b54cbdb1-f991-467b-a909-c2457339bc33","element-6066-11e4-a52e-4f735466cecf":"b54cbdb1-f991-467b-a909-c2457339bc33"}}
[debug] &amp#27;[35m[W3C (3f76d413)]&amp#27;[39m Responding to client with driver.findElement() result: {"element-6066-11e4-a52e-4f735466cecf":"b54cbdb1-f991-467b-a909-c2457339bc33","ELEMENT":"b54cbdb1-f991-467b-a909-c2457339bc33"}
&amp#27;[35m[HTTP]&amp#27;[39m &amp#27;[37m<-- POST /wd/hub/session/3f76d413-588a-45c2-9bde-5ba2ebd2b0b3/element &amp#27;[39m&amp#27;[32m200&amp#27;[39m &amp#27;[90m136 ms - 137&amp#27;[39m
&amp#27;[35m[HTTP]&amp#27;[39m &amp#27;[90m&amp#27;[39m
&amp#27;[35m[HTTP]&amp#27;[39m &amp#27;[37m-->&amp#27;[39m &amp#27;[37mPOST&amp#27;[39m &amp#27;[37m/wd/hub/session/3f76d413-588a-45c2-9bde-5ba2ebd2b0b3/element/b54cbdb1-f991-467b-a909-c2457339bc33/value&amp#27;[39m
&amp#27;[35m[HTTP]&amp#27;[39m &amp#27;[90m{"id":"b54cbdb1-f991-467b-a909-c2457339bc33","text":"0082","value":["0","0","8","2"]}&amp#27;[39m
[debug] &amp#27;[35m[W3C (3f76d413)]&amp#27;[39m Calling AppiumDriver.setValue() with args: [["0","0","8","2"],"b54cbdb1-f991-467b-a909-c2457339bc33","3f76d413-588a-45c2-9bde-5ba2ebd2b0b3"]
[debug] &amp#27;[35m[WD Proxy]&amp#27;[39m Matched '/element/b54cbdb1-f991-467b-a909-c2457339bc33/value' to command name 'setValue'
[debug] &amp#27;[35m[Protocol Converter]&amp#27;[39m Added 'value' property ["0","0","8","2"] to 'setValue' request body
[debug] &amp#27;[35m[WD Proxy]&amp#27;[39m Proxying [POST /element/b54cbdb1-f991-467b-a909-c2457339bc33/value] to [POST http://127.0.0.1:8200/wd/hub/session/9a38b787-1760-432e-9912-0ba86bf415bb/element/b54cbdb1-f991-467b-a909-c2457339bc33/value] with body: {"elementId":"b54cbdb1-f991-467b-a909-c2457339bc33","text":"0082","replace":false,"value":["0","0","8","2"]}
[debug] &amp#27;[35m[WD Proxy]&amp#27;[39m Got response with status 200: {"sessionId":"9a38b787-1760-432e-9912-0ba86bf415bb","value":null}
[debug] &amp#27;[35m[W3C (3f76d413)]&amp#27;[39m Responding to client with driver.setValue() result: null
&amp#27;[35m[HTTP]&amp#27;[39m &amp#27;[37m<-- POST /wd/hub/session/3f76d413-588a-45c2-9bde-5ba2ebd2b0b3/element/b54cbdb1-f991-467b-a909-c2457339bc33/value &amp#27;[39m&amp#27;[32m200&amp#27;[39m &amp#27;[90m1007 ms - 14&amp#27;[39m
&amp#27;[35m[HTTP]&amp#27;[39m &amp#27;[90m&amp#27;[39m
&amp#27;[35m[HTTP]&amp#27;[39m &amp#27;[37m-->&amp#27;[39m &amp#27;[37mPOST&amp#27;[39m &amp#27;[37m/wd/hub/session/3f76d413-588a-45c2-9bde-5ba2ebd2b0b3/appium/device/hide_keyboard&amp#27;[39m
&amp#27;[35m[HTTP]&amp#27;[39m &amp#27;[90m{}&amp#27;[39m
[debug] &amp#27;[35m[W3C (3f76d413)]&amp#27;[39m Calling AppiumDriver.hideKeyboard() with args: [null,null,null,null,"3f76d413-588a-45c2-9bde-5ba2ebd2b0b3"]
[debug] &amp#27;[35m[ADB]&amp#27;[39m Running 'C:\Users\Fayaz\AppData\Local\Android\Sdk\platform-tools\adb.exe -P 5037 -s emulator-5554 shell dumpsys input_method'
[debug] &amp#27;[35m[ADB]&amp#27;[39m Running 'C:\Users\Fayaz\AppData\Local\Android\Sdk\platform-tools\adb.exe -P 5037 -s emulator-5554 shell input keyevent 111'
[debug] &amp#27;[35m[ADB]&amp#27;[39m Running 'C:\Users\Fayaz\AppData\Local\Android\Sdk\platform-tools\adb.exe -P 5037 -s emulator-5554 shell dumpsys input_method'
[debug] &amp#27;[35m[ADB]&amp#27;[39m Running 'C:\Users\Fayaz\AppData\Local\Android\Sdk\platform-tools\adb.exe -P 5037 -s emulator-5554 shell dumpsys input_method'
[debug] &amp#27;[35m[ADB]&amp#27;[39m Running 'C:\Users\Fayaz\AppData\Local\Android\Sdk\platform-tools\adb.exe -P 5037 -s emulator-5554 shell input keyevent 4'
[debug] &amp#27;[35m[ADB]&amp#27;[39m Running 'C:\Users\Fayaz\AppData\Local\Android\Sdk\platform-tools\adb.exe -P 5037 -s emulator-5554 shell dumpsys input_method'
[debug] &amp#27;[35m[W3C (3f76d413)]&amp#27;[39m Responding to client with driver.hideKeyboard() result: true
&amp#27;[35m[HTTP]&amp#27;[39m &amp#27;[37m<-- POST /wd/hub/session/3f76d413-588a-45c2-9bde-5ba2ebd2b0b3/appium/device/hide_keyboard &amp#27;[39m&amp#27;[32m200&amp#27;[39m &amp#27;[90m4378 ms - 14&amp#27;[39m
&amp#27;[35m[HTTP]&amp#27;[39m &amp#27;[90m&amp#27;[39m
&amp#27;[35m[HTTP]&amp#27;[39m &amp#27;[37m-->&amp#27;[39m &amp#27;[37mGET&amp#27;[39m &amp#27;[37m/wd/hub/session/3f76d413-588a-45c2-9bde-5ba2ebd2b0b3/context&amp#27;[39m
&amp#27;[35m[HTTP]&amp#27;[39m &amp#27;[90m{}&amp#27;[39m
[debug] &amp#27;[35m[W3C (3f76d413)]&amp#27;[39m Calling AppiumDriver.getCurrentContext() with args: ["3f76d413-588a-45c2-9bde-5ba2ebd2b0b3"]
[debug] &amp#27;[35m[W3C (3f76d413)]&amp#27;[39m Responding to client with driver.getCurrentContext() result: "NATIVE_APP"
&amp#27;[35m[HTTP]&amp#27;[39m &amp#27;[37m<-- GET /wd/hub/session/3f76d413-588a-45c2-9bde-5ba2ebd2b0b3/context &amp#27;[39m&amp#27;[32m200&amp#27;[39m &amp#27;[90m2 ms - 22&amp#27;[39m
&amp#27;[35m[HTTP]&amp#27;[39m &amp#27;[90m&amp#27;[39m
&amp#27;[35m[HTTP]&amp#27;[39m &amp#27;[37m-->&amp#27;[39m &amp#27;[37mPOST&amp#27;[39m &amp#27;[37m/wd/hub/session/3f76d413-588a-45c2-9bde-5ba2ebd2b0b3/element&amp#27;[39m
&amp#27;[35m[HTTP]&amp#27;[39m &amp#27;[90m{"using":"xpath","value":"//android.widget.Button[@text='Sign In']"}&amp#27;[39m
[debug] &amp#27;[35m[W3C (3f76d413)]&amp#27;[39m Calling AppiumDriver.findElement() with args: ["xpath","//android.widget.Button[@text='Sign In']","3f76d413-588a-45c2-9bde-5ba2ebd2b0b3"]
[debug] &amp#27;[35m[BaseDriver]&amp#27;[39m Valid locator strategies for this request: xpath, id, class name, accessibility id, css selector, -android uiautomator
[debug] &amp#27;[35m[BaseDriver]&amp#27;[39m Waiting up to 10000 ms for condition
[debug] &amp#27;[35m[WD Proxy]&amp#27;[39m Matched '/element' to command name 'findElement'
[debug] &amp#27;[35m[WD Proxy]&amp#27;[39m Proxying [POST /element] to [POST http://127.0.0.1:8200/wd/hub/session/9a38b787-1760-432e-9912-0ba86bf415bb/element] with body: {"strategy":"xpath","selector":"//android.widget.Button[@text='Sign In']","context":"","multiple":false}
[debug] &amp#27;[35m[WD Proxy]&amp#27;[39m Got response with status 200: {"sessionId":"9a38b787-1760-432e-9912-0ba86bf415bb","value":{"ELEMENT":"32ebe513-3ca7-491b-bfbd-b6e7374221ac","element-6066-11e4-a52e-4f735466cecf":"32ebe513-3ca7-491b-bfbd-b6e7374221ac"}}
[debug] &amp#27;[35m[W3C (3f76d413)]&amp#27;[39m Responding to client with driver.findElement() result: {"element-6066-11e4-a52e-4f735466cecf":"32ebe513-3ca7-491b-bfbd-b6e7374221ac","ELEMENT":"32ebe513-3ca7-491b-bfbd-b6e7374221ac"}
&amp#27;[35m[HTTP]&amp#27;[39m &amp#27;[37m<-- POST /wd/hub/session/3f76d413-588a-45c2-9bde-5ba2ebd2b0b3/element &amp#27;[39m&amp#27;[32m200&amp#27;[39m &amp#27;[90m158 ms - 137&amp#27;[39m
&amp#27;[35m[HTTP]&amp#27;[39m &amp#27;[90m&amp#27;[39m
&amp#27;[35m[HTTP]&amp#27;[39m &amp#27;[37m-->&amp#27;[39m &amp#27;[37mPOST&amp#27;[39m &amp#27;[37m/wd/hub/session/3f76d413-588a-45c2-9bde-5ba2ebd2b0b3/element/32ebe513-3ca7-491b-bfbd-b6e7374221ac/click&amp#27;[39m
&amp#27;[35m[HTTP]&amp#27;[39m &amp#27;[90m{"id":"32ebe513-3ca7-491b-bfbd-b6e7374221ac"}&amp#27;[39m
[debug] &amp#27;[35m[W3C (3f76d413)]&amp#27;[39m Calling AppiumDriver.click() with args: ["32ebe513-3ca7-491b-bfbd-b6e7374221ac","3f76d413-588a-45c2-9bde-5ba2ebd2b0b3"]
[debug] &amp#27;[35m[WD Proxy]&amp#27;[39m Matched '/element/32ebe513-3ca7-491b-bfbd-b6e7374221ac/click' to command name 'click'
[debug] &amp#27;[35m[WD Proxy]&amp#27;[39m Proxying [POST /element/32ebe513-3ca7-491b-bfbd-b6e7374221ac/click] to [POST http://127.0.0.1:8200/wd/hub/session/9a38b787-1760-432e-9912-0ba86bf415bb/element/32ebe513-3ca7-491b-bfbd-b6e7374221ac/click] with body: {"element":"32ebe513-3ca7-491b-bfbd-b6e7374221ac"}
[debug] &amp#27;[35m[WD Proxy]&amp#27;[39m Got response with status 200: {"sessionId":"9a38b787-1760-432e-9912-0ba86bf415bb","value":null}
[debug] &amp#27;[35m[W3C (3f76d413)]&amp#27;[39m Responding to client with driver.click() result: null
&amp#27;[35m[HTTP]&amp#27;[39m &amp#27;[37m<-- POST /wd/hub/session/3f76d413-588a-45c2-9bde-5ba2ebd2b0b3/element/32ebe513-3ca7-491b-bfbd-b6e7374221ac/click &amp#27;[39m&amp#27;[32m200&amp#27;[39m &amp#27;[90m135 ms - 14&amp#27;[39m
&amp#27;[35m[HTTP]&amp#27;[39m &amp#27;[90m&amp#27;[39m
&amp#27;[35m[HTTP]&amp#27;[39m &amp#27;[37m-->&amp#27;[39m &amp#27;[37mGET&amp#27;[39m &amp#27;[37m/wd/hub/session/3f76d413-588a-45c2-9bde-5ba2ebd2b0b3/context&amp#27;[39m
&amp#27;[35m[HTTP]&amp#27;[39m &amp#27;[90m{}&amp#27;[39m
[debug] &amp#27;[35m[W3C (3f76d413)]&amp#27;[39m Calling AppiumDriver.getCurrentContext() with args: ["3f76d413-588a-45c2-9bde-5ba2ebd2b0b3"]
[debug] &amp#27;[35m[W3C (3f76d413)]&amp#27;[39m Responding to client with driver.getCurrentContext() result: "NATIVE_APP"
&amp#27;[35m[HTTP]&amp#27;[39m &amp#27;[37m<-- GET /wd/hub/session/3f76d413-588a-45c2-9bde-5ba2ebd2b0b3/context &amp#27;[39m&amp#27;[32m200&amp#27;[39m &amp#27;[90m1 ms - 22&amp#27;[39m
&amp#27;[35m[HTTP]&amp#27;[39m &amp#27;[90m&amp#27;[39m
&amp#27;[35m[HTTP]&amp#27;[39m &amp#27;[37m-->&amp#27;[39m &amp#27;[37mPOST&amp#27;[39m &amp#27;[37m/wd/hub/session/3f76d413-588a-45c2-9bde-5ba2ebd2b0b3/element&amp#27;[39m
&amp#27;[35m[HTTP]&amp#27;[39m &amp#27;[90m{"using":"xpath","value":"//android.view.View[@text='Add Accounts']"}&amp#27;[39m
[debug] &amp#27;[35m[W3C (3f76d413)]&amp#27;[39m Calling AppiumDriver.findElement() with args: ["xpath","//android.view.View[@text='Add Accounts']","3f76d413-588a-45c2-9bde-5ba2ebd2b0b3"]
[debug] &amp#27;[35m[BaseDriver]&amp#27;[39m Valid locator strategies for this request: xpath, id, class name, accessibility id, css selector, -android uiautomator
[debug] &amp#27;[35m[BaseDriver]&amp#27;[39m Waiting up to 10000 ms for condition
[debug] &amp#27;[35m[WD Proxy]&amp#27;[39m Matched '/element' to command name 'findElement'
[debug] &amp#27;[35m[WD Proxy]&amp#27;[39m Proxying [POST /element] to [POST http://127.0.0.1:8200/wd/hub/session/9a38b787-1760-432e-9912-0ba86bf415bb/element] with body: {"strategy":"xpath","selector":"//android.view.View[@text='Add Accounts']","context":"","multiple":false}
[debug] &amp#27;[35m[WD Proxy]&amp#27;[39m Got response with status 200: {"sessionId":"9a38b787-1760-432e-9912-0ba86bf415bb","value":{"ELEMENT":"ab81c0d3-5246-41f7-b055-ca084835a421","element-6066-11e4-a52e-4f735466cecf":"ab81c0d3-5246-41f7-b055-ca084835a421"}}
[debug] &amp#27;[35m[W3C (3f76d413)]&amp#27;[39m Responding to client with driver.findElement() result: {"element-6066-11e4-a52e-4f735466cecf":"ab81c0d3-5246-41f7-b055-ca084835a421","ELEMENT":"ab81c0d3-5246-41f7-b055-ca084835a421"}
&amp#27;[35m[HTTP]&amp#27;[39m &amp#27;[37m<-- POST /wd/hub/session/3f76d413-588a-45c2-9bde-5ba2ebd2b0b3/element &amp#27;[39m&amp#27;[32m200&amp#27;[39m &amp#27;[90m104 ms - 137&amp#27;[39m
&amp#27;[35m[HTTP]&amp#27;[39m &amp#27;[90m&amp#27;[39m
&amp#27;[35m[HTTP]&amp#27;[39m &amp#27;[37m-->&amp#27;[39m &amp#27;[37mPOST&amp#27;[39m &amp#27;[37m/wd/hub/session/3f76d413-588a-45c2-9bde-5ba2ebd2b0b3/element/ab81c0d3-5246-41f7-b055-ca084835a421/click&amp#27;[39m
&amp#27;[35m[HTTP]&amp#27;[39m &amp#27;[90m{"id":"ab81c0d3-5246-41f7-b055-ca084835a421"}&amp#27;[39m
[debug] &amp#27;[35m[W3C (3f76d413)]&amp#27;[39m Calling AppiumDriver.click() with args: ["ab81c0d3-5246-41f7-b055-ca084835a421","3f76d413-588a-45c2-9bde-5ba2ebd2b0b3"]
[debug] &amp#27;[35m[WD Proxy]&amp#27;[39m Matched '/element/ab81c0d3-5246-41f7-b055-ca084835a421/click' to command name 'click'
[debug] &amp#27;[35m[WD Proxy]&amp#27;[39m Proxying [POST /element/ab81c0d3-5246-41f7-b055-ca084835a421/click] to [POST http://127.0.0.1:8200/wd/hub/session/9a38b787-1760-432e-9912-0ba86bf415bb/element/ab81c0d3-5246-41f7-b055-ca084835a421/click] with body: {"element":"ab81c0d3-5246-41f7-b055-ca084835a421"}
[debug] &amp#27;[35m[WD Proxy]&amp#27;[39m Got response with status 200: {"sessionId":"9a38b787-1760-432e-9912-0ba86bf415bb","value":null}
[debug] &amp#27;[35m[W3C (3f76d413)]&amp#27;[39m Responding to client with driver.click() result: null
&amp#27;[35m[HTTP]&amp#27;[39m &amp#27;[37m<-- POST /wd/hub/session/3f76d413-588a-45c2-9bde-5ba2ebd2b0b3/element/ab81c0d3-5246-41f7-b055-ca084835a421/click &amp#27;[39m&amp#27;[32m200&amp#27;[39m &amp#27;[90m126 ms - 14&amp#27;[39m
&amp#27;[35m[HTTP]&amp#27;[39m &amp#27;[90m&amp#27;[39m
&amp#27;[35m[HTTP]&amp#27;[39m &amp#27;[37m-->&amp#27;[39m &amp#27;[37mGET&amp#27;[39m &amp#27;[37m/wd/hub/session/3f76d413-588a-45c2-9bde-5ba2ebd2b0b3/context&amp#27;[39m
&amp#27;[35m[HTTP]&amp#27;[39m &amp#27;[90m{}&amp#27;[39m
[debug] &amp#27;[35m[W3C (3f76d413)]&amp#27;[39m Calling AppiumDriver.getCurrentContext() with args: ["3f76d413-588a-45c2-9bde-5ba2ebd2b0b3"]
[debug] &amp#27;[35m[W3C (3f76d413)]&amp#27;[39m Responding to client with driver.getCurrentContext() result: "NATIVE_APP"
&amp#27;[35m[HTTP]&amp#27;[39m &amp#27;[37m<-- GET /wd/hub/session/3f76d413-588a-45c2-9bde-5ba2ebd2b0b3/context &amp#27;[39m&amp#27;[32m200&amp#27;[39m &amp#27;[90m1 ms - 22&amp#27;[39m
&amp#27;[35m[HTTP]&amp#27;[39m &amp#27;[90m&amp#27;[39m
&amp#27;[35m[HTTP]&amp#27;[39m &amp#27;[37m-->&amp#27;[39m &amp#27;[37mPOST&amp#27;[39m &amp#27;[37m/wd/hub/session/3f76d413-588a-45c2-9bde-5ba2ebd2b0b3/element&amp#27;[39m
&amp#27;[35m[HTTP]&amp#27;[39m &amp#27;[90m{"using":"xpath","value":"//android.view.View[5]"}&amp#27;[39m
[debug] &amp#27;[35m[W3C (3f76d413)]&amp#27;[39m Calling AppiumDriver.findElement() with args: ["xpath","//android.view.View[5]","3f76d413-588a-45c2-9bde-5ba2ebd2b0b3"]
[debug] &amp#27;[35m[BaseDriver]&amp#27;[39m Valid locator strategies for this request: xpath, id, class name, accessibility id, css selector, -android uiautomator
[debug] &amp#27;[35m[BaseDriver]&amp#27;[39m Waiting up to 10000 ms for condition
[debug] &amp#27;[35m[WD Proxy]&amp#27;[39m Matched '/element' to command name 'findElement'
[debug] &amp#27;[35m[WD Proxy]&amp#27;[39m Proxying [POST /element] to [POST http://127.0.0.1:8200/wd/hub/session/9a38b787-1760-432e-9912-0ba86bf415bb/element] with body: {"strategy":"xpath","selector":"//android.view.View[5]","context":"","multiple":false}
&amp#27;[35m[WD Proxy]&amp#27;[39m Got response with status 404: {"sessionId":"9a38b787-1760-432e-9912-0ba86bf415bb","value":{"error":"no such element","message":"An element could not be located on the page using the given search parameters","stacktrace":"io.appium.uiautomator2.common.exceptions.ElementNotFoundException: An element could not be located on the page using the given search parameters\n\tat io.appium.uiautomator2.handler.FindElement.findElement(FindElement.java:89)\n\tat io.appium.uiautomator2.handler.FindElement.safeHandle(FindElement.java:66)\n\tat io.appium.uiautomator2.handler.request.SafeRequestHandler.handle(SafeRequestHandler.java:41)\n\tat io.appium.uiautomator2.server.AppiumServlet.handleRequest(AppiumServlet.java:262)\n\tat io.appium.uiautomator2.server.AppiumServlet.handleHttpRequest(AppiumServlet.java:256)\n\tat io.appium.uiautomator2.http.ServerHandler.channelRead(ServerHandler.java:68)\n\tat io.netty.channel.AbstractChannelHandlerContext.invokeChannelRead(AbstractChannelHandlerContext.java:366)\n\tat io.netty.channel.AbstractChannelHandlerCont...
[debug] &amp#27;[35m[W3C]&amp#27;[39m Matched W3C error code 'no such element' to NoSuchElementError
[debug] &amp#27;[35m[BaseDriver]&amp#27;[39m Waited for 504 ms so far
[debug] &amp#27;[35m[WD Proxy]&amp#27;[39m Matched '/element' to command name 'findElement'
[debug] &amp#27;[35m[WD Proxy]&amp#27;[39m Proxying [POST /element] to [POST http://127.0.0.1:8200/wd/hub/session/9a38b787-1760-432e-9912-0ba86bf415bb/element] with body: {"strategy":"xpath","selector":"//android.view.View[5]","context":"","multiple":false}
[debug] &amp#27;[35m[WD Proxy]&amp#27;[39m Got response with status 200: {"sessionId":"9a38b787-1760-432e-9912-0ba86bf415bb","value":{"ELEMENT":"5d0710b8-1ac2-4340-83bc-30799ec99b4b","element-6066-11e4-a52e-4f735466cecf":"5d0710b8-1ac2-4340-83bc-30799ec99b4b"}}
[debug] &amp#27;[35m[W3C (3f76d413)]&amp#27;[39m Responding to client with driver.findElement() result: {"element-6066-11e4-a52e-4f735466cecf":"5d0710b8-1ac2-4340-83bc-30799ec99b4b","ELEMENT":"5d0710b8-1ac2-4340-83bc-30799ec99b4b"}
&amp#27;[35m[HTTP]&amp#27;[39m &amp#27;[37m<-- POST /wd/hub/session/3f76d413-588a-45c2-9bde-5ba2ebd2b0b3/element &amp#27;[39m&amp#27;[32m200&amp#27;[39m &amp#27;[90m1588 ms - 137&amp#27;[39m
&amp#27;[35m[HTTP]&amp#27;[39m &amp#27;[90m&amp#27;[39m
&amp#27;[35m[HTTP]&amp#27;[39m &amp#27;[37m-->&amp#27;[39m &amp#27;[37mPOST&amp#27;[39m &amp#27;[37m/wd/hub/session/3f76d413-588a-45c2-9bde-5ba2ebd2b0b3/element/5d0710b8-1ac2-4340-83bc-30799ec99b4b/click&amp#27;[39m
&amp#27;[35m[HTTP]&amp#27;[39m &amp#27;[90m{"id":"5d0710b8-1ac2-4340-83bc-30799ec99b4b"}&amp#27;[39m
[debug] &amp#27;[35m[W3C (3f76d413)]&amp#27;[39m Calling AppiumDriver.click() with args: ["5d0710b8-1ac2-4340-83bc-30799ec99b4b","3f76d413-588a-45c2-9bde-5ba2ebd2b0b3"]
[debug] &amp#27;[35m[WD Proxy]&amp#27;[39m Matched '/element/5d0710b8-1ac2-4340-83bc-30799ec99b4b/click' to command name 'click'
[debug] &amp#27;[35m[WD Proxy]&amp#27;[39m Proxying [POST /element/5d0710b8-1ac2-4340-83bc-30799ec99b4b/click] to [POST http://127.0.0.1:8200/wd/hub/session/9a38b787-1760-432e-9912-0ba86bf415bb/element/5d0710b8-1ac2-4340-83bc-30799ec99b4b/click] with body: {"element":"5d0710b8-1ac2-4340-83bc-30799ec99b4b"}
[debug] &amp#27;[35m[WD Proxy]&amp#27;[39m Got response with status 200: {"sessionId":"9a38b787-1760-432e-9912-0ba86bf415bb","value":null}
[debug] &amp#27;[35m[W3C (3f76d413)]&amp#27;[39m Responding to client with driver.click() result: null
&amp#27;[35m[HTTP]&amp#27;[39m &amp#27;[37m<-- POST /wd/hub/session/3f76d413-588a-45c2-9bde-5ba2ebd2b0b3/element/5d0710b8-1ac2-4340-83bc-30799ec99b4b/click &amp#27;[39m&amp#27;[32m200&amp#27;[39m &amp#27;[90m87 ms - 14&amp#27;[39m
&amp#27;[35m[HTTP]&amp#27;[39m &amp#27;[90m&amp#27;[39m
&amp#27;[35m[HTTP]&amp#27;[39m &amp#27;[37m-->&amp#27;[39m &amp#27;[37mGET&amp#27;[39m &amp#27;[37m/wd/hub/session/3f76d413-588a-45c2-9bde-5ba2ebd2b0b3/context&amp#27;[39m
&amp#27;[35m[HTTP]&amp#27;[39m &amp#27;[90m{}&amp#27;[39m
[debug] &amp#27;[35m[W3C (3f76d413)]&amp#27;[39m Calling AppiumDriver.getCurrentContext() with args: ["3f76d413-588a-45c2-9bde-5ba2ebd2b0b3"]
[debug] &amp#27;[35m[W3C (3f76d413)]&amp#27;[39m Responding to client with driver.getCurrentContext() result: "NATIVE_APP"
&amp#27;[35m[HTTP]&amp#27;[39m &amp#27;[37m<-- GET /wd/hub/session/3f76d413-588a-45c2-9bde-5ba2ebd2b0b3/context &amp#27;[39m&amp#27;[32m200&amp#27;[39m &amp#27;[90m2 ms - 22&amp#27;[39m
&amp#27;[35m[HTTP]&amp#27;[39m &amp#27;[90m&amp#27;[39m
&amp#27;[35m[HTTP]&amp#27;[39m &amp#27;[37m-->&amp#27;[39m &amp#27;[37mPOST&amp#27;[39m &amp#27;[37m/wd/hub/session/3f76d413-588a-45c2-9bde-5ba2ebd2b0b3/element&amp#27;[39m
&amp#27;[35m[HTTP]&amp#27;[39m &amp#27;[90m{"using":"xpath","value":"//android.view.View[6]"}&amp#27;[39m
[debug] &amp#27;[35m[W3C (3f76d413)]&amp#27;[39m Calling AppiumDriver.findElement() with args: ["xpath","//android.view.View[6]","3f76d413-588a-45c2-9bde-5ba2ebd2b0b3"]
[debug] &amp#27;[35m[BaseDriver]&amp#27;[39m Valid locator strategies for this request: xpath, id, class name, accessibility id, css selector, -android uiautomator
[debug] &amp#27;[35m[BaseDriver]&amp#27;[39m Waiting up to 10000 ms for condition
[debug] &amp#27;[35m[WD Proxy]&amp#27;[39m Matched '/element' to command name 'findElement'
[debug] &amp#27;[35m[WD Proxy]&amp#27;[39m Proxying [POST /element] to [POST http://127.0.0.1:8200/wd/hub/session/9a38b787-1760-432e-9912-0ba86bf415bb/element] with body: {"strategy":"xpath","selector":"//android.view.View[6]","context":"","multiple":false}
[debug] &amp#27;[35m[WD Proxy]&amp#27;[39m Got response with status 200: {"sessionId":"9a38b787-1760-432e-9912-0ba86bf415bb","value":{"ELEMENT":"c619115c-2363-4db9-a143-5b9545a4cd01","element-6066-11e4-a52e-4f735466cecf":"c619115c-2363-4db9-a143-5b9545a4cd01"}}
[debug] &amp#27;[35m[W3C (3f76d413)]&amp#27;[39m Responding to client with driver.findElement() result: {"element-6066-11e4-a52e-4f735466cecf":"c619115c-2363-4db9-a143-5b9545a4cd01","ELEMENT":"c619115c-2363-4db9-a143-5b9545a4cd01"}
&amp#27;[35m[HTTP]&amp#27;[39m &amp#27;[37m<-- POST /wd/hub/session/3f76d413-588a-45c2-9bde-5ba2ebd2b0b3/element &amp#27;[39m&amp#27;[32m200&amp#27;[39m &amp#27;[90m224 ms - 137&amp#27;[39m
&amp#27;[35m[HTTP]&amp#27;[39m &amp#27;[90m&amp#27;[39m
&amp#27;[35m[HTTP]&amp#27;[39m &amp#27;[37m-->&amp#27;[39m &amp#27;[37mPOST&amp#27;[39m &amp#27;[37m/wd/hub/session/3f76d413-588a-45c2-9bde-5ba2ebd2b0b3/element/c619115c-2363-4db9-a143-5b9545a4cd01/click&amp#27;[39m
&amp#27;[35m[HTTP]&amp#27;[39m &amp#27;[90m{"id":"c619115c-2363-4db9-a143-5b9545a4cd01"}&amp#27;[39m
[debug] &amp#27;[35m[W3C (3f76d413)]&amp#27;[39m Calling AppiumDriver.click() with args: ["c619115c-2363-4db9-a143-5b9545a4cd01","3f76d413-588a-45c2-9bde-5ba2ebd2b0b3"]
[debug] &amp#27;[35m[WD Proxy]&amp#27;[39m Matched '/element/c619115c-2363-4db9-a143-5b9545a4cd01/click' to command name 'click'
[debug] &amp#27;[35m[WD Proxy]&amp#27;[39m Proxying [POST /element/c619115c-2363-4db9-a143-5b9545a4cd01/click] to [POST http://127.0.0.1:8200/wd/hub/session/9a38b787-1760-432e-9912-0ba86bf415bb/element/c619115c-2363-4db9-a143-5b9545a4cd01/click] with body: {"element":"c619115c-2363-4db9-a143-5b9545a4cd01"}
[debug] &amp#27;[35m[WD Proxy]&amp#27;[39m Got response with status 200: {"sessionId":"9a38b787-1760-432e-9912-0ba86bf415bb","value":null}
[debug] &amp#27;[35m[W3C (3f76d413)]&amp#27;[39m Responding to client with driver.click() result: null
&amp#27;[35m[HTTP]&amp#27;[39m &amp#27;[37m<-- POST /wd/hub/session/3f76d413-588a-45c2-9bde-5ba2ebd2b0b3/element/c619115c-2363-4db9-a143-5b9545a4cd01/click &amp#27;[39m&amp#27;[32m200&amp#27;[39m &amp#27;[90m890 ms - 14&amp#27;[39m
&amp#27;[35m[HTTP]&amp#27;[39m &amp#27;[90m&amp#27;[39m
&amp#27;[35m[HTTP]&amp#27;[39m &amp#27;[37m-->&amp#27;[39m &amp#27;[37mGET&amp#27;[39m &amp#27;[37m/wd/hub/session/3f76d413-588a-45c2-9bde-5ba2ebd2b0b3/context&amp#27;[39m
&amp#27;[35m[HTTP]&amp#27;[39m &amp#27;[90m{}&amp#27;[39m
[debug] &amp#27;[35m[W3C (3f76d413)]&amp#27;[39m Calling AppiumDriver.getCurrentContext() with args: ["3f76d413-588a-45c2-9bde-5ba2ebd2b0b3"]
[debug] &amp#27;[35m[W3C (3f76d413)]&amp#27;[39m Responding to client with driver.getCurrentContext() result: "NATIVE_APP"
&amp#27;[35m[HTTP]&amp#27;[39m &amp#27;[37m<-- GET /wd/hub/session/3f76d413-588a-45c2-9bde-5ba2ebd2b0b3/context &amp#27;[39m&amp#27;[32m200&amp#27;[39m &amp#27;[90m1 ms - 22&amp#27;[39m
&amp#27;[35m[HTTP]&amp#27;[39m &amp#27;[90m&amp#27;[39m
&amp#27;[35m[HTTP]&amp#27;[39m &amp#27;[37m-->&amp#27;[39m &amp#27;[37mPOST&amp#27;[39m &amp#27;[37m/wd/hub/session/3f76d413-588a-45c2-9bde-5ba2ebd2b0b3/element&amp#27;[39m
&amp#27;[35m[HTTP]&amp#27;[39m &amp#27;[90m{"using":"xpath","value":"//android.view.View[7]"}&amp#27;[39m
[debug] &amp#27;[35m[W3C (3f76d413)]&amp#27;[39m Calling AppiumDriver.findElement() with args: ["xpath","//android.view.View[7]","3f76d413-588a-45c2-9bde-5ba2ebd2b0b3"]
[debug] &amp#27;[35m[BaseDriver]&amp#27;[39m Valid locator strategies for this request: xpath, id, class name, accessibility id, css selector, -android uiautomator
[debug] &amp#27;[35m[BaseDriver]&amp#27;[39m Waiting up to 10000 ms for condition
[debug] &amp#27;[35m[WD Proxy]&amp#27;[39m Matched '/element' to command name 'findElement'
[debug] &amp#27;[35m[WD Proxy]&amp#27;[39m Proxying [POST /element] to [POST http://127.0.0.1:8200/wd/hub/session/9a38b787-1760-432e-9912-0ba86bf415bb/element] with body: {"strategy":"xpath","selector":"//android.view.View[7]","context":"","multiple":false}
[debug] &amp#27;[35m[WD Proxy]&amp#27;[39m Got response with status 200: {"sessionId":"9a38b787-1760-432e-9912-0ba86bf415bb","value":{"ELEMENT":"8ea76f7f-3945-45fd-9d1d-6b0c8a13e4d9","element-6066-11e4-a52e-4f735466cecf":"8ea76f7f-3945-45fd-9d1d-6b0c8a13e4d9"}}
[debug] &amp#27;[35m[W3C (3f76d413)]&amp#27;[39m Responding to client with driver.findElement() result: {"element-6066-11e4-a52e-4f735466cecf":"8ea76f7f-3945-45fd-9d1d-6b0c8a13e4d9","ELEMENT":"8ea76f7f-3945-45fd-9d1d-6b0c8a13e4d9"}
&amp#27;[35m[HTTP]&amp#27;[39m &amp#27;[37m<-- POST /wd/hub/session/3f76d413-588a-45c2-9bde-5ba2ebd2b0b3/element &amp#27;[39m&amp#27;[32m200&amp#27;[39m &amp#27;[90m160 ms - 137&amp#27;[39m
&amp#27;[35m[HTTP]&amp#27;[39m &amp#27;[90m&amp#27;[39m
&amp#27;[35m[HTTP]&amp#27;[39m &amp#27;[37m-->&amp#27;[39m &amp#27;[37mPOST&amp#27;[39m &amp#27;[37m/wd/hub/session/3f76d413-588a-45c2-9bde-5ba2ebd2b0b3/element/8ea76f7f-3945-45fd-9d1d-6b0c8a13e4d9/click&amp#27;[39m
&amp#27;[35m[HTTP]&amp#27;[39m &amp#27;[90m{"id":"8ea76f7f-3945-45fd-9d1d-6b0c8a13e4d9"}&amp#27;[39m
[debug] &amp#27;[35m[W3C (3f76d413)]&amp#27;[39m Calling AppiumDriver.click() with args: ["8ea76f7f-3945-45fd-9d1d-6b0c8a13e4d9","3f76d413-588a-45c2-9bde-5ba2ebd2b0b3"]
[debug] &amp#27;[35m[WD Proxy]&amp#27;[39m Matched '/element/8ea76f7f-3945-45fd-9d1d-6b0c8a13e4d9/click' to command name 'click'
[debug] &amp#27;[35m[WD Proxy]&amp#27;[39m Proxying [POST /element/8ea76f7f-3945-45fd-9d1d-6b0c8a13e4d9/click] to [POST http://127.0.0.1:8200/wd/hub/session/9a38b787-1760-432e-9912-0ba86bf415bb/element/8ea76f7f-3945-45fd-9d1d-6b0c8a13e4d9/click] with body: {"element":"8ea76f7f-3945-45fd-9d1d-6b0c8a13e4d9"}
[debug] &amp#27;[35m[WD Proxy]&amp#27;[39m Got response with status 200: {"sessionId":"9a38b787-1760-432e-9912-0ba86bf415bb","value":null}
[debug] &amp#27;[35m[W3C (3f76d413)]&amp#27;[39m Responding to client with driver.click() result: null
&amp#27;[35m[HTTP]&amp#27;[39m &amp#27;[37m<-- POST /wd/hub/session/3f76d413-588a-45c2-9bde-5ba2ebd2b0b3/element/8ea76f7f-3945-45fd-9d1d-6b0c8a13e4d9/click &amp#27;[39m&amp#27;[32m200&amp#27;[39m &amp#27;[90m84 ms - 14&amp#27;[39m
&amp#27;[35m[HTTP]&amp#27;[39m &amp#27;[90m&amp#27;[39m
&amp#27;[35m[HTTP]&amp#27;[39m &amp#27;[37m-->&amp#27;[39m &amp#27;[37mGET&amp#27;[39m &amp#27;[37m/wd/hub/session/3f76d413-588a-45c2-9bde-5ba2ebd2b0b3/context&amp#27;[39m
&amp#27;[35m[HTTP]&amp#27;[39m &amp#27;[90m{}&amp#27;[39m
[debug] &amp#27;[35m[W3C (3f76d413)]&amp#27;[39m Calling AppiumDriver.getCurrentContext() with args: ["3f76d413-588a-45c2-9bde-5ba2ebd2b0b3"]
[debug] &amp#27;[35m[W3C (3f76d413)]&amp#27;[39m Responding to client with driver.getCurrentContext() result: "NATIVE_APP"
&amp#27;[35m[HTTP]&amp#27;[39m &amp#27;[37m<-- GET /wd/hub/session/3f76d413-588a-45c2-9bde-5ba2ebd2b0b3/context &amp#27;[39m&amp#27;[32m200&amp#27;[39m &amp#27;[90m4 ms - 22&amp#27;[39m
&amp#27;[35m[HTTP]&amp#27;[39m &amp#27;[90m&amp#27;[39m
&amp#27;[35m[HTTP]&amp#27;[39m &amp#27;[37m-->&amp#27;[39m &amp#27;[37mPOST&amp#27;[39m &amp#27;[37m/wd/hub/session/3f76d413-588a-45c2-9bde-5ba2ebd2b0b3/element&amp#27;[39m
&amp#27;[35m[HTTP]&amp#27;[39m &amp#27;[90m{"using":"xpath","value":"//android.widget.Button[@text='Proceed']"}&amp#27;[39m
[debug] &amp#27;[35m[W3C (3f76d413)]&amp#27;[39m Calling AppiumDriver.findElement() with args: ["xpath","//android.widget.Button[@text='Proceed']","3f76d413-588a-45c2-9bde-5ba2ebd2b0b3"]
[debug] &amp#27;[35m[BaseDriver]&amp#27;[39m Valid locator strategies for this request: xpath, id, class name, accessibility id, css selector, -android uiautomator
[debug] &amp#27;[35m[BaseDriver]&amp#27;[39m Waiting up to 10000 ms for condition
[debug] &amp#27;[35m[WD Proxy]&amp#27;[39m Matched '/element' to command name 'findElement'
[debug] &amp#27;[35m[WD Proxy]&amp#27;[39m Proxying [POST /element] to [POST http://127.0.0.1:8200/wd/hub/session/9a38b787-1760-432e-9912-0ba86bf415bb/element] with body: {"strategy":"xpath","selector":"//android.widget.Button[@text='Proceed']","context":"","multiple":false}
&amp#27;[35m[WD Proxy]&amp#27;[39m Got response with status 404: {"sessionId":"9a38b787-1760-432e-9912-0ba86bf415bb","value":{"error":"no such element","message":"An element could not be located on the page using the given search parameters","stacktrace":"io.appium.uiautomator2.common.exceptions.ElementNotFoundException: An element could not be located on the page using the given search parameters\n\tat io.appium.uiautomator2.handler.FindElement.findElement(FindElement.java:89)\n\tat io.appium.uiautomator2.handler.FindElement.safeHandle(FindElement.java:66)\n\tat io.appium.uiautomator2.handler.request.SafeRequestHandler.handle(SafeRequestHandler.java:41)\n\tat io.appium.uiautomator2.server.AppiumServlet.handleRequest(AppiumServlet.java:262)\n\tat io.appium.uiautomator2.server.AppiumServlet.handleHttpRequest(AppiumServlet.java:256)\n\tat io.appium.uiautomator2.http.ServerHandler.channelRead(ServerHandler.java:68)\n\tat io.netty.channel.AbstractChannelHandlerContext.invokeChannelRead(AbstractChannelHandlerContext.java:366)\n\tat io.netty.channel.AbstractChannelHandlerCont...
[debug] &amp#27;[35m[W3C]&amp#27;[39m Matched W3C error code 'no such element' to NoSuchElementError
[debug] &amp#27;[35m[BaseDriver]&amp#27;[39m Waited for 126 ms so far
[debug] &amp#27;[35m[WD Proxy]&amp#27;[39m Matched '/element' to command name 'findElement'
[debug] &amp#27;[35m[WD Proxy]&amp#27;[39m Proxying [POST /element] to [POST http://127.0.0.1:8200/wd/hub/session/9a38b787-1760-432e-9912-0ba86bf415bb/element] with body: {"strategy":"xpath","selector":"//android.widget.Button[@text='Proceed']","context":"","multiple":false}
&amp#27;[35m[WD Proxy]&amp#27;[39m Got response with status 404: {"sessionId":"9a38b787-1760-432e-9912-0ba86bf415bb","value":{"error":"no such element","message":"An element could not be located on the page using the given search parameters","stacktrace":"io.appium.uiautomator2.common.exceptions.ElementNotFoundException: An element could not be located on the page using the given search parameters\n\tat io.appium.uiautomator2.handler.FindElement.findElement(FindElement.java:89)\n\tat io.appium.uiautomator2.handler.FindElement.safeHandle(FindElement.java:66)\n\tat io.appium.uiautomator2.handler.request.SafeRequestHandler.handle(SafeRequestHandler.java:41)\n\tat io.appium.uiautomator2.server.AppiumServlet.handleRequest(AppiumServlet.java:262)\n\tat io.appium.uiautomator2.server.AppiumServlet.handleHttpRequest(AppiumServlet.java:256)\n\tat io.appium.uiautomator2.http.ServerHandler.channelRead(ServerHandler.java:68)\n\tat io.netty.channel.AbstractChannelHandlerContext.invokeChannelRead(AbstractChannelHandlerContext.java:366)\n\tat io.netty.channel.AbstractChannelHandlerCont...
[debug] &amp#27;[35m[W3C]&amp#27;[39m Matched W3C error code 'no such element' to NoSuchElementError
[debug] &amp#27;[35m[BaseDriver]&amp#27;[39m Waited for 754 ms so far
[debug] &amp#27;[35m[WD Proxy]&amp#27;[39m Matched '/element' to command name 'findElement'
[debug] &amp#27;[35m[WD Proxy]&amp#27;[39m Proxying [POST /element] to [POST http://127.0.0.1:8200/wd/hub/session/9a38b787-1760-432e-9912-0ba86bf415bb/element] with body: {"strategy":"xpath","selector":"//android.widget.Button[@text='Proceed']","context":"","multiple":false}
&amp#27;[35m[WD Proxy]&amp#27;[39m Got response with status 404: {"sessionId":"9a38b787-1760-432e-9912-0ba86bf415bb","value":{"error":"no such element","message":"An element could not be located on the page using the given search parameters","stacktrace":"io.appium.uiautomator2.common.exceptions.ElementNotFoundException: An element could not be located on the page using the given search parameters\n\tat io.appium.uiautomator2.handler.FindElement.findElement(FindElement.java:89)\n\tat io.appium.uiautomator2.handler.FindElement.safeHandle(FindElement.java:66)\n\tat io.appium.uiautomator2.handler.request.SafeRequestHandler.handle(SafeRequestHandler.java:41)\n\tat io.appium.uiautomator2.server.AppiumServlet.handleRequest(AppiumServlet.java:262)\n\tat io.appium.uiautomator2.server.AppiumServlet.handleHttpRequest(AppiumServlet.java:256)\n\tat io.appium.uiautomator2.http.ServerHandler.channelRead(ServerHandler.java:68)\n\tat io.netty.channel.AbstractChannelHandlerContext.invokeChannelRead(AbstractChannelHandlerContext.java:366)\n\tat io.netty.channel.AbstractChannelHandlerCont...
[debug] &amp#27;[35m[W3C]&amp#27;[39m Matched W3C error code 'no such element' to NoSuchElementError
[debug] &amp#27;[35m[BaseDriver]&amp#27;[39m Waited for 1383 ms so far
[debug] &amp#27;[35m[WD Proxy]&amp#27;[39m Matched '/element' to command name 'findElement'
[debug] &amp#27;[35m[WD Proxy]&amp#27;[39m Proxying [POST /element] to [POST http://127.0.0.1:8200/wd/hub/session/9a38b787-1760-432e-9912-0ba86bf415bb/element] with body: {"strategy":"xpath","selector":"//android.widget.Button[@text='Proceed']","context":"","multiple":false}
&amp#27;[35m[WD Proxy]&amp#27;[39m Got response with status 404: {"sessionId":"9a38b787-1760-432e-9912-0ba86bf415bb","value":{"error":"no such element","message":"An element could not be located on the page using the given search parameters","stacktrace":"io.appium.uiautomator2.common.exceptions.ElementNotFoundException: An element could not be located on the page using the given search parameters\n\tat io.appium.uiautomator2.handler.FindElement.findElement(FindElement.java:89)\n\tat io.appium.uiautomator2.handler.FindElement.safeHandle(FindElement.java:66)\n\tat io.appium.uiautomator2.handler.request.SafeRequestHandler.handle(SafeRequestHandler.java:41)\n\tat io.appium.uiautomator2.server.AppiumServlet.handleRequest(AppiumServlet.java:262)\n\tat io.appium.uiautomator2.server.AppiumServlet.handleHttpRequest(AppiumServlet.java:256)\n\tat io.appium.uiautomator2.http.ServerHandler.channelRead(ServerHandler.java:68)\n\tat io.netty.channel.AbstractChannelHandlerContext.invokeChannelRead(AbstractChannelHandlerContext.java:366)\n\tat io.netty.channel.AbstractChannelHandlerCont...
[debug] &amp#27;[35m[W3C]&amp#27;[39m Matched W3C error code 'no such element' to NoSuchElementError
[debug] &amp#27;[35m[BaseDriver]&amp#27;[39m Waited for 2049 ms so far
[debug] &amp#27;[35m[WD Proxy]&amp#27;[39m Matched '/element' to command name 'findElement'
[debug] &amp#27;[35m[WD Proxy]&amp#27;[39m Proxying [POST /element] to [POST http://127.0.0.1:8200/wd/hub/session/9a38b787-1760-432e-9912-0ba86bf415bb/element] with body: {"strategy":"xpath","selector":"//android.widget.Button[@text='Proceed']","context":"","multiple":false}
&amp#27;[35m[WD Proxy]&amp#27;[39m Got response with status 404: {"sessionId":"9a38b787-1760-432e-9912-0ba86bf415bb","value":{"error":"no such element","message":"An element could not be located on the page using the given search parameters","stacktrace":"io.appium.uiautomator2.common.exceptions.ElementNotFoundException: An element could not be located on the page using the given search parameters\n\tat io.appium.uiautomator2.handler.FindElement.findElement(FindElement.java:89)\n\tat io.appium.uiautomator2.handler.FindElement.safeHandle(FindElement.java:66)\n\tat io.appium.uiautomator2.handler.request.SafeRequestHandler.handle(SafeRequestHandler.java:41)\n\tat io.appium.uiautomator2.server.AppiumServlet.handleRequest(AppiumServlet.java:262)\n\tat io.appium.uiautomator2.server.AppiumServlet.handleHttpRequest(AppiumServlet.java:256)\n\tat io.appium.uiautomator2.http.ServerHandler.channelRead(ServerHandler.java:68)\n\tat io.netty.channel.AbstractChannelHandlerContext.invokeChannelRead(AbstractChannelHandlerContext.java:366)\n\tat io.netty.channel.AbstractChannelHandlerCont...
[debug] &amp#27;[35m[W3C]&amp#27;[39m Matched W3C error code 'no such element' to NoSuchElementError
[debug] &amp#27;[35m[BaseDriver]&amp#27;[39m Waited for 2712 ms so far
[debug] &amp#27;[35m[WD Proxy]&amp#27;[39m Matched '/element' to command name 'findElement'
[debug] &amp#27;[35m[WD Proxy]&amp#27;[39m Proxying [POST /element] to [POST http://127.0.0.1:8200/wd/hub/session/9a38b787-1760-432e-9912-0ba86bf415bb/element] with body: {"strategy":"xpath","selector":"//android.widget.Button[@text='Proceed']","context":"","multiple":false}
&amp#27;[35m[WD Proxy]&amp#27;[39m Got response with status 404: {"sessionId":"9a38b787-1760-432e-9912-0ba86bf415bb","value":{"error":"no such element","message":"An element could not be located on the page using the given search parameters","stacktrace":"io.appium.uiautomator2.common.exceptions.ElementNotFoundException: An element could not be located on the page using the given search parameters\n\tat io.appium.uiautomator2.handler.FindElement.findElement(FindElement.java:89)\n\tat io.appium.uiautomator2.handler.FindElement.safeHandle(FindElement.java:66)\n\tat io.appium.uiautomator2.handler.request.SafeRequestHandler.handle(SafeRequestHandler.java:41)\n\tat io.appium.uiautomator2.server.AppiumServlet.handleRequest(AppiumServlet.java:262)\n\tat io.appium.uiautomator2.server.AppiumServlet.handleHttpRequest(AppiumServlet.java:256)\n\tat io.appium.uiautomator2.http.ServerHandler.channelRead(ServerHandler.java:68)\n\tat io.netty.channel.AbstractChannelHandlerContext.invokeChannelRead(AbstractChannelHandlerContext.java:366)\n\tat io.netty.channel.AbstractChannelHandlerCont...
[debug] &amp#27;[35m[W3C]&amp#27;[39m Matched W3C error code 'no such element' to NoSuchElementError
[debug] &amp#27;[35m[BaseDriver]&amp#27;[39m Waited for 3359 ms so far
[debug] &amp#27;[35m[WD Proxy]&amp#27;[39m Matched '/element' to command name 'findElement'
[debug] &amp#27;[35m[WD Proxy]&amp#27;[39m Proxying [POST /element] to [POST http://127.0.0.1:8200/wd/hub/session/9a38b787-1760-432e-9912-0ba86bf415bb/element] with body: {"strategy":"xpath","selector":"//android.widget.Button[@text='Proceed']","context":"","multiple":false}
&amp#27;[35m[WD Proxy]&amp#27;[39m Got response with status 404: {"sessionId":"9a38b787-1760-432e-9912-0ba86bf415bb","value":{"error":"no such element","message":"An element could not be located on the page using the given search parameters","stacktrace":"io.appium.uiautomator2.common.exceptions.ElementNotFoundException: An element could not be located on the page using the given search parameters\n\tat io.appium.uiautomator2.handler.FindElement.findElement(FindElement.java:89)\n\tat io.appium.uiautomator2.handler.FindElement.safeHandle(FindElement.java:66)\n\tat io.appium.uiautomator2.handler.request.SafeRequestHandler.handle(SafeRequestHandler.java:41)\n\tat io.appium.uiautomator2.server.AppiumServlet.handleRequest(AppiumServlet.java:262)\n\tat io.appium.uiautomator2.server.AppiumServlet.handleHttpRequest(AppiumServlet.java:256)\n\tat io.appium.uiautomator2.http.ServerHandler.channelRead(ServerHandler.java:68)\n\tat io.netty.channel.AbstractChannelHandlerContext.invokeChannelRead(AbstractChannelHandlerContext.java:366)\n\tat io.netty.channel.AbstractChannelHandlerCont...
[debug] &amp#27;[35m[W3C]&amp#27;[39m Matched W3C error code 'no such element' to NoSuchElementError
[debug] &amp#27;[35m[BaseDriver]&amp#27;[39m Waited for 3995 ms so far
[debug] &amp#27;[35m[WD Proxy]&amp#27;[39m Matched '/element' to command name 'findElement'
[debug] &amp#27;[35m[WD Proxy]&amp#27;[39m Proxying [POST /element] to [POST http://127.0.0.1:8200/wd/hub/session/9a38b787-1760-432e-9912-0ba86bf415bb/element] with body: {"strategy":"xpath","selector":"//android.widget.Button[@text='Proceed']","context":"","multiple":false}
&amp#27;[35m[WD Proxy]&amp#27;[39m Got response with status 404: {"sessionId":"9a38b787-1760-432e-9912-0ba86bf415bb","value":{"error":"no such element","message":"An element could not be located on the page using the given search parameters","stacktrace":"io.appium.uiautomator2.common.exceptions.ElementNotFoundException: An element could not be located on the page using the given search parameters\n\tat io.appium.uiautomator2.handler.FindElement.findElement(FindElement.java:89)\n\tat io.appium.uiautomator2.handler.FindElement.safeHandle(FindElement.java:66)\n\tat io.appium.uiautomator2.handler.request.SafeRequestHandler.handle(SafeRequestHandler.java:41)\n\tat io.appium.uiautomator2.server.AppiumServlet.handleRequest(AppiumServlet.java:262)\n\tat io.appium.uiautomator2.server.AppiumServlet.handleHttpRequest(AppiumServlet.java:256)\n\tat io.appium.uiautomator2.http.ServerHandler.channelRead(ServerHandler.java:68)\n\tat io.netty.channel.AbstractChannelHandlerContext.invokeChannelRead(AbstractChannelHandlerContext.java:366)\n\tat io.netty.channel.AbstractChannelHandlerCont...
[debug] &amp#27;[35m[W3C]&amp#27;[39m Matched W3C error code 'no such element' to NoSuchElementError
[debug] &amp#27;[35m[BaseDriver]&amp#27;[39m Waited for 4650 ms so far
[debug] &amp#27;[35m[WD Proxy]&amp#27;[39m Matched '/element' to command name 'findElement'
[debug] &amp#27;[35m[WD Proxy]&amp#27;[39m Proxying [POST /element] to [POST http://127.0.0.1:8200/wd/hub/session/9a38b787-1760-432e-9912-0ba86bf415bb/element] with body: {"strategy":"xpath","selector":"//android.widget.Button[@text='Proceed']","context":"","multiple":false}
&amp#27;[35m[WD Proxy]&amp#27;[39m Got response with status 404: {"sessionId":"9a38b787-1760-432e-9912-0ba86bf415bb","value":{"error":"no such element","message":"An element could not be located on the page using the given search parameters","stacktrace":"io.appium.uiautomator2.common.exceptions.ElementNotFoundException: An element could not be located on the page using the given search parameters\n\tat io.appium.uiautomator2.handler.FindElement.findElement(FindElement.java:89)\n\tat io.appium.uiautomator2.handler.FindElement.safeHandle(FindElement.java:66)\n\tat io.appium.uiautomator2.handler.request.SafeRequestHandler.handle(SafeRequestHandler.java:41)\n\tat io.appium.uiautomator2.server.AppiumServlet.handleRequest(AppiumServlet.java:262)\n\tat io.appium.uiautomator2.server.AppiumServlet.handleHttpRequest(AppiumServlet.java:256)\n\tat io.appium.uiautomator2.http.ServerHandler.channelRead(ServerHandler.java:68)\n\tat io.netty.channel.AbstractChannelHandlerContext.invokeChannelRead(AbstractChannelHandlerContext.java:366)\n\tat io.netty.channel.AbstractChannelHandlerCont...
[debug] &amp#27;[35m[W3C]&amp#27;[39m Matched W3C error code 'no such element' to NoSuchElementError
[debug] &amp#27;[35m[BaseDriver]&amp#27;[39m Waited for 5297 ms so far
[debug] &amp#27;[35m[WD Proxy]&amp#27;[39m Matched '/element' to command name 'findElement'
[debug] &amp#27;[35m[WD Proxy]&amp#27;[39m Proxying [POST /element] to [POST http://127.0.0.1:8200/wd/hub/session/9a38b787-1760-432e-9912-0ba86bf415bb/element] with body: {"strategy":"xpath","selector":"//android.widget.Button[@text='Proceed']","context":"","multiple":false}
&amp#27;[35m[WD Proxy]&amp#27;[39m Got response with status 404: {"sessionId":"9a38b787-1760-432e-9912-0ba86bf415bb","value":{"error":"no such element","message":"An element could not be located on the page using the given search parameters","stacktrace":"io.appium.uiautomator2.common.exceptions.ElementNotFoundException: An element could not be located on the page using the given search parameters\n\tat io.appium.uiautomator2.handler.FindElement.findElement(FindElement.java:89)\n\tat io.appium.uiautomator2.handler.FindElement.safeHandle(FindElement.java:66)\n\tat io.appium.uiautomator2.handler.request.SafeRequestHandler.handle(SafeRequestHandler.java:41)\n\tat io.appium.uiautomator2.server.AppiumServlet.handleRequest(AppiumServlet.java:262)\n\tat io.appium.uiautomator2.server.AppiumServlet.handleHttpRequest(AppiumServlet.java:256)\n\tat io.appium.uiautomator2.http.ServerHandler.channelRead(ServerHandler.java:68)\n\tat io.netty.channel.AbstractChannelHandlerContext.invokeChannelRead(AbstractChannelHandlerContext.java:366)\n\tat io.netty.channel.AbstractChannelHandlerCont...
[debug] &amp#27;[35m[W3C]&amp#27;[39m Matched W3C error code 'no such element' to NoSuchElementError
[debug] &amp#27;[35m[BaseDriver]&amp#27;[39m Waited for 5930 ms so far
[debug] &amp#27;[35m[WD Proxy]&amp#27;[39m Matched '/element' to command name 'findElement'
[debug] &amp#27;[35m[WD Proxy]&amp#27;[39m Proxying [POST /element] to [POST http://127.0.0.1:8200/wd/hub/session/9a38b787-1760-432e-9912-0ba86bf415bb/element] with body: {"strategy":"xpath","selector":"//android.widget.Button[@text='Proceed']","context":"","multiple":false}
&amp#27;[35m[WD Proxy]&amp#27;[39m Got response with status 404: {"sessionId":"9a38b787-1760-432e-9912-0ba86bf415bb","value":{"error":"no such element","message":"An element could not be located on the page using the given search parameters","stacktrace":"io.appium.uiautomator2.common.exceptions.ElementNotFoundException: An element could not be located on the page using the given search parameters\n\tat io.appium.uiautomator2.handler.FindElement.findElement(FindElement.java:89)\n\tat io.appium.uiautomator2.handler.FindElement.safeHandle(FindElement.java:66)\n\tat io.appium.uiautomator2.handler.request.SafeRequestHandler.handle(SafeRequestHandler.java:41)\n\tat io.appium.uiautomator2.server.AppiumServlet.handleRequest(AppiumServlet.java:262)\n\tat io.appium.uiautomator2.server.AppiumServlet.handleHttpRequest(AppiumServlet.java:256)\n\tat io.appium.uiautomator2.http.ServerHandler.channelRead(ServerHandler.java:68)\n\tat io.netty.channel.AbstractChannelHandlerContext.invokeChannelRead(AbstractChannelHandlerContext.java:366)\n\tat io.netty.channel.AbstractChannelHandlerCont...
[debug] &amp#27;[35m[W3C]&amp#27;[39m Matched W3C error code 'no such element' to NoSuchElementError
[debug] &amp#27;[35m[BaseDriver]&amp#27;[39m Waited for 6582 ms so far
[debug] &amp#27;[35m[WD Proxy]&amp#27;[39m Matched '/element' to command name 'findElement'
[debug] &amp#27;[35m[WD Proxy]&amp#27;[39m Proxying [POST /element] to [POST http://127.0.0.1:8200/wd/hub/session/9a38b787-1760-432e-9912-0ba86bf415bb/element] with body: {"strategy":"xpath","selector":"//android.widget.Button[@text='Proceed']","context":"","multiple":false}
&amp#27;[35m[WD Proxy]&amp#27;[39m Got response with status 404: {"sessionId":"9a38b787-1760-432e-9912-0ba86bf415bb","value":{"error":"no such element","message":"An element could not be located on the page using the given search parameters","stacktrace":"io.appium.uiautomator2.common.exceptions.ElementNotFoundException: An element could not be located on the page using the given search parameters\n\tat io.appium.uiautomator2.handler.FindElement.findElement(FindElement.java:89)\n\tat io.appium.uiautomator2.handler.FindElement.safeHandle(FindElement.java:66)\n\tat io.appium.uiautomator2.handler.request.SafeRequestHandler.handle(SafeRequestHandler.java:41)\n\tat io.appium.uiautomator2.server.AppiumServlet.handleRequest(AppiumServlet.java:262)\n\tat io.appium.uiautomator2.server.AppiumServlet.handleHttpRequest(AppiumServlet.java:256)\n\tat io.appium.uiautomator2.http.ServerHandler.channelRead(ServerHandler.java:68)\n\tat io.netty.channel.AbstractChannelHandlerContext.invokeChannelRead(AbstractChannelHandlerContext.java:366)\n\tat io.netty.channel.AbstractChannelHandlerCont...
[debug] &amp#27;[35m[W3C]&amp#27;[39m Matched W3C error code 'no such element' to NoSuchElementError
[debug] &amp#27;[35m[BaseDriver]&amp#27;[39m Waited for 7215 ms so far
[debug] &amp#27;[35m[WD Proxy]&amp#27;[39m Matched '/element' to command name 'findElement'
[debug] &amp#27;[35m[WD Proxy]&amp#27;[39m Proxying [POST /element] to [POST http://127.0.0.1:8200/wd/hub/session/9a38b787-1760-432e-9912-0ba86bf415bb/element] with body: {"strategy":"xpath","selector":"//android.widget.Button[@text='Proceed']","context":"","multiple":false}
&amp#27;[35m[WD Proxy]&amp#27;[39m Got response with status 404: {"sessionId":"9a38b787-1760-432e-9912-0ba86bf415bb","value":{"error":"no such element","message":"An element could not be located on the page using the given search parameters","stacktrace":"io.appium.uiautomator2.common.exceptions.ElementNotFoundException: An element could not be located on the page using the given search parameters\n\tat io.appium.uiautomator2.handler.FindElement.findElement(FindElement.java:89)\n\tat io.appium.uiautomator2.handler.FindElement.safeHandle(FindElement.java:66)\n\tat io.appium.uiautomator2.handler.request.SafeRequestHandler.handle(SafeRequestHandler.java:41)\n\tat io.appium.uiautomator2.server.AppiumServlet.handleRequest(AppiumServlet.java:262)\n\tat io.appium.uiautomator2.server.AppiumServlet.handleHttpRequest(AppiumServlet.java:256)\n\tat io.appium.uiautomator2.http.ServerHandler.channelRead(ServerHandler.java:68)\n\tat io.netty.channel.AbstractChannelHandlerContext.invokeChannelRead(AbstractChannelHandlerContext.java:366)\n\tat io.netty.channel.AbstractChannelHandlerCont...
[debug] &amp#27;[35m[W3C]&amp#27;[39m Matched W3C error code 'no such element' to NoSuchElementError
[debug] &amp#27;[35m[BaseDriver]&amp#27;[39m Waited for 7864 ms so far
[debug] &amp#27;[35m[WD Proxy]&amp#27;[39m Matched '/element' to command name 'findElement'
[debug] &amp#27;[35m[WD Proxy]&amp#27;[39m Proxying [POST /element] to [POST http://127.0.0.1:8200/wd/hub/session/9a38b787-1760-432e-9912-0ba86bf415bb/element] with body: {"strategy":"xpath","selector":"//android.widget.Button[@text='Proceed']","context":"","multiple":false}
&amp#27;[35m[WD Proxy]&amp#27;[39m Got response with status 404: {"sessionId":"9a38b787-1760-432e-9912-0ba86bf415bb","value":{"error":"no such element","message":"An element could not be located on the page using the given search parameters","stacktrace":"io.appium.uiautomator2.common.exceptions.ElementNotFoundException: An element could not be located on the page using the given search parameters\n\tat io.appium.uiautomator2.handler.FindElement.findElement(FindElement.java:89)\n\tat io.appium.uiautomator2.handler.FindElement.safeHandle(FindElement.java:66)\n\tat io.appium.uiautomator2.handler.request.SafeRequestHandler.handle(SafeRequestHandler.java:41)\n\tat io.appium.uiautomator2.server.AppiumServlet.handleRequest(AppiumServlet.java:262)\n\tat io.appium.uiautomator2.server.AppiumServlet.handleHttpRequest(AppiumServlet.java:256)\n\tat io.appium.uiautomator2.http.ServerHandler.channelRead(ServerHandler.java:68)\n\tat io.netty.channel.AbstractChannelHandlerContext.invokeChannelRead(AbstractChannelHandlerContext.java:366)\n\tat io.netty.channel.AbstractChannelHandlerCont...
[debug] &amp#27;[35m[W3C]&amp#27;[39m Matched W3C error code 'no such element' to NoSuchElementError
[debug] &amp#27;[35m[BaseDriver]&amp#27;[39m Waited for 8487 ms so far
[debug] &amp#27;[35m[WD Proxy]&amp#27;[39m Matched '/element' to command name 'findElement'
[debug] &amp#27;[35m[WD Proxy]&amp#27;[39m Proxying [POST /element] to [POST http://127.0.0.1:8200/wd/hub/session/9a38b787-1760-432e-9912-0ba86bf415bb/element] with body: {"strategy":"xpath","selector":"//android.widget.Button[@text='Proceed']","context":"","multiple":false}
&amp#27;[35m[WD Proxy]&amp#27;[39m Got response with status 404: {"sessionId":"9a38b787-1760-432e-9912-0ba86bf415bb","value":{"error":"no such element","message":"An element could not be located on the page using the given search parameters","stacktrace":"io.appium.uiautomator2.common.exceptions.ElementNotFoundException: An element could not be located on the page using the given search parameters\n\tat io.appium.uiautomator2.handler.FindElement.findElement(FindElement.java:89)\n\tat io.appium.uiautomator2.handler.FindElement.safeHandle(FindElement.java:66)\n\tat io.appium.uiautomator2.handler.request.SafeRequestHandler.handle(SafeRequestHandler.java:41)\n\tat io.appium.uiautomator2.server.AppiumServlet.handleRequest(AppiumServlet.java:262)\n\tat io.appium.uiautomator2.server.AppiumServlet.handleHttpRequest(AppiumServlet.java:256)\n\tat io.appium.uiautomator2.http.ServerHandler.channelRead(ServerHandler.java:68)\n\tat io.netty.channel.AbstractChannelHandlerContext.invokeChannelRead(AbstractChannelHandlerContext.java:366)\n\tat io.netty.channel.AbstractChannelHandlerCont...
[debug] &amp#27;[35m[W3C]&amp#27;[39m Matched W3C error code 'no such element' to NoSuchElementError
[debug] &amp#27;[35m[BaseDriver]&amp#27;[39m Waited for 9102 ms so far
[debug] &amp#27;[35m[WD Proxy]&amp#27;[39m Matched '/element' to command name 'findElement'
[debug] &amp#27;[35m[WD Proxy]&amp#27;[39m Proxying [POST /element] to [POST http://127.0.0.1:8200/wd/hub/session/9a38b787-1760-432e-9912-0ba86bf415bb/element] with body: {"strategy":"xpath","selector":"//android.widget.Button[@text='Proceed']","context":"","multiple":false}
&amp#27;[35m[WD Proxy]&amp#27;[39m Got response with status 404: {"sessionId":"9a38b787-1760-432e-9912-0ba86bf415bb","value":{"error":"no such element","message":"An element could not be located on the page using the given search parameters","stacktrace":"io.appium.uiautomator2.common.exceptions.ElementNotFoundException: An element could not be located on the page using the given search parameters\n\tat io.appium.uiautomator2.handler.FindElement.findElement(FindElement.java:89)\n\tat io.appium.uiautomator2.handler.FindElement.safeHandle(FindElement.java:66)\n\tat io.appium.uiautomator2.handler.request.SafeRequestHandler.handle(SafeRequestHandler.java:41)\n\tat io.appium.uiautomator2.server.AppiumServlet.handleRequest(AppiumServlet.java:262)\n\tat io.appium.uiautomator2.server.AppiumServlet.handleHttpRequest(AppiumServlet.java:256)\n\tat io.appium.uiautomator2.http.ServerHandler.channelRead(ServerHandler.java:68)\n\tat io.netty.channel.AbstractChannelHandlerContext.invokeChannelRead(AbstractChannelHandlerContext.java:366)\n\tat io.netty.channel.AbstractChannelHandlerCont...
[debug] &amp#27;[35m[W3C]&amp#27;[39m Matched W3C error code 'no such element' to NoSuchElementError
[debug] &amp#27;[35m[BaseDriver]&amp#27;[39m Waited for 9724 ms so far
[debug] &amp#27;[35m[WD Proxy]&amp#27;[39m Matched '/element' to command name 'findElement'
[debug] &amp#27;[35m[WD Proxy]&amp#27;[39m Proxying [POST /element] to [POST http://127.0.0.1:8200/wd/hub/session/9a38b787-1760-432e-9912-0ba86bf415bb/element] with body: {"strategy":"xpath","selector":"//android.widget.Button[@text='Proceed']","context":"","multiple":false}
&amp#27;[35m[WD Proxy]&amp#27;[39m Got response with status 404: {"sessionId":"9a38b787-1760-432e-9912-0ba86bf415bb","value":{"error":"no such element","message":"An element could not be located on the page using the given search parameters","stacktrace":"io.appium.uiautomator2.common.exceptions.ElementNotFoundException: An element could not be located on the page using the given search parameters\n\tat io.appium.uiautomator2.handler.FindElement.findElement(FindElement.java:89)\n\tat io.appium.uiautomator2.handler.FindElement.safeHandle(FindElement.java:66)\n\tat io.appium.uiautomator2.handler.request.SafeRequestHandler.handle(SafeRequestHandler.java:41)\n\tat io.appium.uiautomator2.server.AppiumServlet.handleRequest(AppiumServlet.java:262)\n\tat io.appium.uiautomator2.server.AppiumServlet.handleHttpRequest(AppiumServlet.java:256)\n\tat io.appium.uiautomator2.http.ServerHandler.channelRead(ServerHandler.java:68)\n\tat io.netty.channel.AbstractChannelHandlerContext.invokeChannelRead(AbstractChannelHandlerContext.java:366)\n\tat io.netty.channel.AbstractChannelHandlerCont...
[debug] &amp#27;[35m[W3C]&amp#27;[39m Matched W3C error code 'no such element' to NoSuchElementError
[debug] &amp#27;[35m[W3C (3f76d413)]&amp#27;[39m Encountered internal error running command: NoSuchElementError: An element could not be located on the page using the given search parameters.
[debug] &amp#27;[35m[W3C (3f76d413)]&amp#27;[39m     at AndroidUiautomator2Driver.findElOrEls (C:\Users\Fayaz\AppData\Roaming\npm\node_modules\appium\node_modules\appium-android-driver\lib\commands\find.js:75:11)
[debug] &amp#27;[35m[W3C (3f76d413)]&amp#27;[39m     at runMicrotasks (<anonymous>)
[debug] &amp#27;[35m[W3C (3f76d413)]&amp#27;[39m     at processTicksAndRejections (internal/process/task_queues.js:95:5)
[debug] &amp#27;[35m[W3C (3f76d413)]&amp#27;[39m     at AndroidUiautomator2Driver.findElOrElsWithProcessing (C:\Users\Fayaz\AppData\Roaming\npm\node_modules\appium\node_modules\appium-base-driver\lib\basedriver\commands\find.js:33:12)
[debug] &amp#27;[35m[W3C (3f76d413)]&amp#27;[39m     at AndroidUiautomator2Driver.findElement (C:\Users\Fayaz\AppData\Roaming\npm\node_modules\appium\node_modules\appium-base-driver\lib\basedriver\commands\find.js:53:10)
&amp#27;[35m[HTTP]&amp#27;[39m &amp#27;[37m<-- POST /wd/hub/session/3f76d413-588a-45c2-9bde-5ba2ebd2b0b3/element &amp#27;[39m&amp#27;[33m404&amp#27;[39m &amp#27;[90m10367 ms - 914&amp#27;[39m
&amp#27;[35m[HTTP]&amp#27;[39m &amp#27;[90m&amp#27;[39m
MultiAccountsAdd
&amp#27;[35m[HTTP]&amp#27;[39m &amp#27;[37m-->&amp#27;[39m &amp#27;[37mGET&amp#27;[39m &amp#27;[37m/wd/hub/session/3f76d413-588a-45c2-9bde-5ba2ebd2b0b3/screenshot&amp#27;[39m
&amp#27;[35m[HTTP]&amp#27;[39m &amp#27;[90m{}&amp#27;[39m
[debug] &amp#27;[35m[W3C (3f76d413)]&amp#27;[39m Calling AppiumDriver.getScreenshot() with args: ["3f76d413-588a-45c2-9bde-5ba2ebd2b0b3"]
[debug] &amp#27;[35m[WD Proxy]&amp#27;[39m Matched '/screenshot' to command name 'getScreenshot'
[debug] &amp#27;[35m[WD Proxy]&amp#27;[39m Proxying [GET /screenshot] to [GET http://127.0.0.1:8200/wd/hub/session/9a38b787-1760-432e-9912-0ba86bf415bb/screenshot] with no body
[debug] &amp#27;[35m[WD Proxy]&amp#27;[39m Got response with status 200: {"sessionId":"9a38b787-1760-432e-9912-0ba86bf415bb","value":"iVBORw0KGgoAAAANSUhEUgAABDgAAAeACAYAAAArYecKAAAAAXNSR0IArs4c6QAAAARzQklUCAgI\nCHwIZIgAACAASURBVHic7N15fFTlvT/wz5k9e0ggBBK2sO+rrAoIWkRw37fWttrb2v56vX2191br\n1dpaa1tbtdbetnYXRXEFRFQEWWQRAWVfZYdAgGwkIcksz++P2c4+ZyYzk4R83vcVyHnOOc85kxl6\nPZ98n+eRnpj7ogARERERERERUTtma+0bICIiIiIiIiJqKQYcRERERERERNTuMeAgIiIiIiIionaP\nAQcRERERERERtXsMOIiIiIiIiIio3WPAQURERERERETtHgMOIiIiIiIiImr3GHAQERERERERUbvH\ngIOIiIiIiIiI2j0GHERERERERETU7jHgICIiIiIiIqJ2z9HaN0DU2iSbhOxOmeh/SQ+UjSlF1z6F\nyMz3AAAaahpx5kgVvtx8HPs3HsH5ygaIgGjlOyYiIiIiIiI16Ym5L/JpjToeCejSoxOu+s4UlAwq\ngt1uA6QY5wgg4A+g/MBZvP9/a3Hq0DmgHf7rsdltKOrVCZAkZHfKAADUVV0AhEDFkSoE/IFWvkMi\nIiIiIqL4MeCgDienMAvf+9ttsNkshBpGBBAIBPDUDf+AEG37n5DNYUNu5yyUDu6K0kFF6NKzAO4s\nFwDA4QyOUvN5g6FGU30zzhytxPE9FTi++zRqz9Yj4GPgQURERETtmyfLhaI+hSguK4Q7y4WuZYXw\nhP6bGAAa65tx+uA5NNU349TBc6g4dA6N9c2teMct17WsEKcPnkv5Na68b6LpMcv+uiHl9xHGISrU\nYdiddnz1qbno1r8zJCnRZCNEClZCXPPgVCx6ZlVybjDJ7A4bCrrnYcjUMvQZWYLMPA8ycz2RcMNI\n1z4FKBtdioaaRhzaegK7Vh9E...
[debug] &amp#27;[35m[W3C (3f76d413)]&amp#27;[39m Responding to client with driver.getScreenshot() result: "iVBORw0KGgoAAAANSUhEUgAABDgAAAeACAYAAAArYecKAAAAAXNSR0IArs4c6QAAAARzQklUCAgI\nCHwIZIgAACAASURBVHic7N15fFTlvT/wz5k9e0ggBBK2sO+rrAoIWkRw37fWttrb2v56vX2191br\n1dpaa1tbtdbetnYXRXEFRFQEWWQRAWVfZYdAgGwkIcksz++P2c4+ZyYzk4R83vcVyHnOOc85kxl6\nPZ98n+eRnpj7ogARERERERERUTtma+0bICIiIiIiIiJqKQYcRERERERERNTuMeAgIiIiIiIionaP\nAQcRERERERERtXsMOIiIiIiIiIio3WPAQURERERERETtHgMOIiIiIiIiImr3GHAQERERERERUbvH\ngIOIiIiIiIiI2j0GHERERERERETU7jHgICIiIiIiIqJ2z9HaN0DU2iSbhOxOmeh/SQ+UjSlF1z6F\nyMz3AAAaahpx5kgVvtx8HPs3HsH5ygaIgGjlOyYiIiIiIiI16Ym5L/JpjToeCejSoxOu+s4UlAwq\ngt1uA6QY5wgg4A+g/MBZvP9/a3Hq0DmgHf7rsdltKOrVCZAkZHfKAADUVV0AhEDFkSoE/IFWvkMi\nIiIiIqL4MeCgDienMAvf+9ttsNkshBpGBBAIBPDUDf+AEG37n5DNYUNu5yyUDu6K0kFF6NKzAO4s\nFwDA4QyOUvN5g6FGU30zzhytxPE9FTi++zRqz9Yj4GPgQURERETtmyfLhaI+hSguK4Q7y4WuZYXw\nhP6bGAAa65tx+uA5NNU349TBc6g4dA6N9c2teMct17WsEKcPnkv5Na68b6LpMcv+uiHl9xHGISrU\nYdiddnz1qbno1r8zJCnRZCNEClZCXPPgVCx6ZlVybjDJ7A4bCrrnYcjUMvQZWYLMPA8ycz2RcMNI\n1z4FKBtdioaaRhzaegK7Vh9E5cka+NtR0OHyODHiiv7IK8qJ+9zGuiYc3HIcFUeq4Pf6U3B3RERE\nRJQOeU...
&amp#27;[35m[HTTP]&amp#27;[39m &amp#27;[37m<-- GET /wd/hub/session/3f76d413-588a-45c2-9bde-5ba2ebd2b0b3/screenshot &amp#27;[39m&amp#27;[32m200&amp#27;[39m &amp#27;[90m296 ms - 283686&amp#27;[39m
&amp#27;[35m[HTTP]&amp#27;[39m &amp#27;[90m&amp#27;[39m
]]></system-out>
    <system-err><![CDATA[Dec 08, 2021 2:40:07 PM io.appium.java_client.remote.AppiumCommandExecutor$1 lambda$0
INFO: Detected dialect: W3C
]]></system-err>
  </testcase>
  <testcase name="RemoveOneAccounts[7760305049, 7760305049, 0082](1)" classname="AA.Anumati.RemovingSingleAccount" time="55.77">
    <failure message="Index: 3, Size: 3" type="java.lang.IndexOutOfBoundsException"><![CDATA[java.lang.IndexOutOfBoundsException: Index: 3, Size: 3
	at AA.Anumati.RemovingSingleAccount.RemoveOneAccounts(RemovingSingleAccount.java:54)
]]></failure>
    <system-out><![CDATA[C:\Users\Fayaz\Appium\Anumati
[debug] &amp#27;[35m[HTTP]&amp#27;[39m Request idempotency key: 96ff9e96-5b5b-4a64-b81e-50cfefac93c6
&amp#27;[35m[HTTP]&amp#27;[39m &amp#27;[37m-->&amp#27;[39m &amp#27;[37mPOST&amp#27;[39m &amp#27;[37m/wd/hub/session&amp#27;[39m
&amp#27;[35m[HTTP]&amp#27;[39m &amp#27;[90m{"desiredCapabilities":{"app":"C:\\Users\\Fayaz\\Appium\\Anumati\\src\\Anumati.apk","newCommandTimeout":14,"automationName":"uiautomator2","autoGrantPermissions":"true","chromeOptions":{"w3c":false},"platformName":"Android","deviceName":"Fayaz_Emulator2"},"capabilities":{"firstMatch":[{"appium:app":"C:\\Users\\Fayaz\\Appium\\Anumati\\src\\Anumati.apk","appium:autoGrantPermissions":"true","appium:automationName":"uiautomator2","appium:chromeOptions":{"w3c":false},"appium:deviceName":"Fayaz_Emulator2","goog:chromeOptions":{"w3c":false},"appium:newCommandTimeout":14,"platformName":"android"}]}}&amp#27;[39m
[debug] &amp#27;[35m[W3C]&amp#27;[39m Calling AppiumDriver.createSession() with args: [{"app":"C:\\Users\\Fayaz\\Appium\\Anumati\\src\\Anumati.apk","newCommandTimeout":14,"automationName":"uiautomator2","autoGrantPermissions":"true","chromeOptions":{"w3c":false},"platformName":"Android","deviceName":"Fayaz_Emulator2"},null,{"firstMatch":[{"appium:app":"C:\\Users\\Fayaz\\Appium\\Anumati\\src\\Anumati.apk","appium:autoGrantPermissions":"true","appium:automationName":"uiautomator2","appium:chromeOptions":{"w3c":false},"appium:deviceName":"Fayaz_Emulator2","goog:chromeOptions":{"w3c":false},"appium:newCommandTimeout":14,"platformName":"android"}]}]
[debug] &amp#27;[35m[BaseDriver]&amp#27;[39m Event 'newSessionRequested' logged at 1638954658361 (14:40:58 GMT+0530 (India Standard Time))
&amp#27;[35m[Appium]&amp#27;[39m Appium v1.21.0 creating new AndroidUiautomator2Driver (v1.65.0) session
[debug] &amp#27;[35m[BaseDriver]&amp#27;[39m W3C capabilities and MJSONWP desired capabilities were provided
[debug] &amp#27;[35m[BaseDriver]&amp#27;[39m Creating session with W3C capabilities: {
[debug] &amp#27;[35m[BaseDriver]&amp#27;[39m   "alwaysMatch": {
[debug] &amp#27;[35m[BaseDriver]&amp#27;[39m     "goog:chromeOptions": {
[debug] &amp#27;[35m[BaseDriver]&amp#27;[39m       "w3c": false
[debug] &amp#27;[35m[BaseDriver]&amp#27;[39m     },
[debug] &amp#27;[35m[BaseDriver]&amp#27;[39m     "platformName": "android",
[debug] &amp#27;[35m[BaseDriver]&amp#27;[39m     "appium:app": "C:\\Users\\Fayaz\\Appium\\Anumati\\src\\Anumati.apk",
[debug] &amp#27;[35m[BaseDriver]&amp#27;[39m     "appium:autoGrantPermissions": "true",
[debug] &amp#27;[35m[BaseDriver]&amp#27;[39m     "appium:automationName": "uiautomator2",
[debug] &amp#27;[35m[BaseDriver]&amp#27;[39m     "appium:chromeOptions": {
[debug] &amp#27;[35m[BaseDriver]&amp#27;[39m       "w3c": false
[debug] &amp#27;[35m[BaseDriver]&amp#27;[39m     },
[debug] &amp#27;[35m[BaseDriver]&amp#27;[39m     "appium:deviceName": "Fayaz_Emulator2",
[debug] &amp#27;[35m[BaseDriver]&amp#27;[39m     "appium:newCommandTimeout": 14
[debug] &amp#27;[35m[BaseDriver]&amp#27;[39m   },
[debug] &amp#27;[35m[BaseDriver]&amp#27;[39m   "firstMatch": [
[debug] &amp#27;[35m[BaseDriver]&amp#27;[39m     {}
[debug] &amp#27;[35m[BaseDriver]&amp#27;[39m   ]
[debug] &amp#27;[35m[BaseDriver]&amp#27;[39m }
&amp#27;[35m[BaseDriver]&amp#27;[39m Capability 'autoGrantPermissions' changed from string to boolean. This may cause unexpected behavior
&amp#27;[35m[BaseDriver]&amp#27;[39m The following capabilities were provided, but are not recognized by Appium:
&amp#27;[35m[BaseDriver]&amp#27;[39m   goog:chromeOptions
&amp#27;[35m[BaseDriver]&amp#27;[39m Session created with session id: 29df3a64-71f1-4264-86fa-95e942e78259
&amp#27;[35m[BaseDriver]&amp#27;[39m Using local app 'C:\Users\Fayaz\Appium\Anumati\src\Anumati.apk'
[debug] &amp#27;[35m[UiAutomator2]&amp#27;[39m Checking whether app is actually present
&amp#27;[35m[ADB]&amp#27;[39m Using 'adb.exe' from 'C:\Users\Fayaz\AppData\Local\Android\Sdk\platform-tools\adb.exe'
[debug] &amp#27;[35m[ADB]&amp#27;[39m Running 'C:\Users\Fayaz\AppData\Local\Android\Sdk\platform-tools\adb.exe -P 5037 start-server'
&amp#27;[35m[AndroidDriver]&amp#27;[39m Retrieving device list
[debug] &amp#27;[35m[ADB]&amp#27;[39m Trying to find a connected android device
[debug] &amp#27;[35m[ADB]&amp#27;[39m Getting connected devices
[debug] &amp#27;[35m[ADB]&amp#27;[39m Connected devices: [{"udid":"emulator-5554","state":"device"}]
&amp#27;[35m[AndroidDriver]&amp#27;[39m Using device: emulator-5554
&amp#27;[35m[ADB]&amp#27;[39m Using 'adb.exe' from 'C:\Users\Fayaz\AppData\Local\Android\Sdk\platform-tools\adb.exe'
[debug] &amp#27;[35m[ADB]&amp#27;[39m Running 'C:\Users\Fayaz\AppData\Local\Android\Sdk\platform-tools\adb.exe -P 5037 start-server'
[debug] &amp#27;[35m[ADB]&amp#27;[39m Setting device id to emulator-5554
[debug] &amp#27;[35m[ADB]&amp#27;[39m Running 'C:\Users\Fayaz\AppData\Local\Android\Sdk\platform-tools\adb.exe -P 5037 -s emulator-5554 shell getprop ro.build.version.sdk'
[debug] &amp#27;[35m[ADB]&amp#27;[39m Current device property 'ro.build.version.sdk': 30
&amp#27;[35m[ADB]&amp#27;[39m Getting device platform version
[debug] &amp#27;[35m[ADB]&amp#27;[39m Running 'C:\Users\Fayaz\AppData\Local\Android\Sdk\platform-tools\adb.exe -P 5037 -s emulator-5554 shell getprop ro.build.version.release'
[debug] &amp#27;[35m[ADB]&amp#27;[39m Current device property 'ro.build.version.release': 11
[debug] &amp#27;[35m[ADB]&amp#27;[39m Device API level: 30
&amp#27;[35m[UiAutomator2]&amp#27;[39m Relaxing hidden api policy
[debug] &amp#27;[35m[ADB]&amp#27;[39m Running 'C:\Users\Fayaz\AppData\Local\Android\Sdk\platform-tools\adb.exe -P 5037 -s emulator-5554 shell 'settings put global hidden_api_policy_pre_p_apps 1;settings put global hidden_api_policy_p_apps 1;settings put global hidden_api_policy 1''
[debug] &amp#27;[35m[AndroidDriver]&amp#27;[39m Parsing package and activity from app manifest
&amp#27;[35m[ADB]&amp#27;[39m Package name: 'com.anumati'
&amp#27;[35m[ADB]&amp#27;[39m Main activity name: 'com.aa.MainActivity'
[debug] &amp#27;[35m[AndroidDriver]&amp#27;[39m Parsed package and activity are: com.anumati/com.aa.MainActivity
[debug] &amp#27;[35m[ADB]&amp#27;[39m Running 'C:\Users\Fayaz\AppData\Local\Android\Sdk\platform-tools\adb.exe -P 5037 -s emulator-5554 wait-for-device'
[debug] &amp#27;[35m[ADB]&amp#27;[39m Running 'C:\Users\Fayaz\AppData\Local\Android\Sdk\platform-tools\adb.exe -P 5037 -s emulator-5554 shell echo ping'
[debug] &amp#27;[35m[AndroidDriver]&amp#27;[39m Pushing settings apk to device...
[debug] &amp#27;[35m[ADB]&amp#27;[39m Getting install status for io.appium.settings
[debug] &amp#27;[35m[ADB]&amp#27;[39m Running 'C:\Users\Fayaz\AppData\Local\Android\Sdk\platform-tools\adb.exe -P 5037 -s emulator-5554 shell dumpsys package io.appium.settings'
[debug] &amp#27;[35m[ADB]&amp#27;[39m 'io.appium.settings' is installed
[debug] &amp#27;[35m[ADB]&amp#27;[39m Getting package info for 'io.appium.settings'
[debug] &amp#27;[35m[ADB]&amp#27;[39m Running 'C:\Users\Fayaz\AppData\Local\Android\Sdk\platform-tools\adb.exe -P 5037 -s emulator-5554 shell dumpsys package io.appium.settings'
[debug] &amp#27;[35m[ADB]&amp#27;[39m The version code of the installed 'io.appium.settings' is greater than the application version code (30 > 29)
[debug] &amp#27;[35m[ADB]&amp#27;[39m There is no need to downgrade 'io.appium.settings'
[debug] &amp#27;[35m[ADB]&amp#27;[39m Getting IDs of all 'io.appium.settings' processes
[debug] &amp#27;[35m[ADB]&amp#27;[39m Running 'C:\Users\Fayaz\AppData\Local\Android\Sdk\platform-tools\adb.exe -P 5037 -s emulator-5554 shell 'pgrep --help; echo $?''
[debug] &amp#27;[35m[ADB]&amp#27;[39m Running 'C:\Users\Fayaz\AppData\Local\Android\Sdk\platform-tools\adb.exe -P 5037 -s emulator-5554 shell pgrep -f \(\[\[:blank:\]\]\|\^\)io\.appium\.settings\(\[\[:blank:\]\]\|\$\)'
[debug] &amp#27;[35m[AndroidDriver]&amp#27;[39m io.appium.settings is already running. There is no need to reset its permissions.
[debug] &amp#27;[35m[Logcat]&amp#27;[39m Starting logs capture with command: C:\\Users\\Fayaz\\AppData\\Local\\Android\\Sdk\\platform-tools\\adb.exe -P 5037 -s emulator-5554 logcat -v threadtime
[debug] &amp#27;[35m[UiAutomator2]&amp#27;[39m Forwarding UiAutomator2 Server port 6790 to local port 8201
[debug] &amp#27;[35m[ADB]&amp#27;[39m Forwarding system: 8201 to device: 6790
[debug] &amp#27;[35m[ADB]&amp#27;[39m Running 'C:\Users\Fayaz\AppData\Local\Android\Sdk\platform-tools\adb.exe -P 5037 -s emulator-5554 forward tcp:8201 tcp:6790'
[debug] &amp#27;[35m[ADB]&amp#27;[39m Getting install status for io.appium.uiautomator2.server
[debug] &amp#27;[35m[ADB]&amp#27;[39m Running 'C:\Users\Fayaz\AppData\Local\Android\Sdk\platform-tools\adb.exe -P 5037 -s emulator-5554 shell dumpsys package io.appium.uiautomator2.server'
[debug] &amp#27;[35m[ADB]&amp#27;[39m 'io.appium.uiautomator2.server' is installed
[debug] &amp#27;[35m[ADB]&amp#27;[39m Getting package info for 'io.appium.uiautomator2.server'
[debug] &amp#27;[35m[ADB]&amp#27;[39m Running 'C:\Users\Fayaz\AppData\Local\Android\Sdk\platform-tools\adb.exe -P 5037 -s emulator-5554 shell dumpsys package io.appium.uiautomator2.server'
[debug] &amp#27;[35m[ADB]&amp#27;[39m The version name of the installed 'io.appium.uiautomator2.server' is greater or equal to the application version name ('4.21.1' >= '4.21.1')
[debug] &amp#27;[35m[UiAutomator2]&amp#27;[39m io.appium.uiautomator2.server installation state: sameVersionInstalled
[debug] &amp#27;[35m[ADB]&amp#27;[39m Checking app cert for C:\Users\Fayaz\AppData\Roaming\npm\node_modules\appium\node_modules\appium-uiautomator2-server\apks\appium-uiautomator2-server-v4.21.1.apk
&amp#27;[35m[ADB]&amp#27;[39m Using 'apksigner.jar' from 'C:\Users\Fayaz\AppData\Local\Android\Sdk\build-tools\31.0.0\lib\apksigner.jar'
[debug] &amp#27;[35m[ADB]&amp#27;[39m Starting apksigner: 'C:\\Program Files\\Amazon Corretto\\jdk1.8.0_312\\bin\\java.exe' -Xmx1024M -Xss1m -jar C:\\Users\\Fayaz\\AppData\\Local\\Android\\Sdk\\build-tools\\31.0.0\\lib\\apksigner.jar verify --print-certs C:\\Users\\Fayaz\\AppData\\Roaming\\npm\\node_modules\\appium\\node_modules\\appium-uiautomator2-server\\apks\\appium-uiautomator2-server-v4.21.1.apk
[debug] &amp#27;[35m[ADB]&amp#27;[39m apksigner stdout: Signer #1 certificate DN: EMAILADDRESS=android@android.com, CN=Android, OU=Android, O=Android, L=Mountain View, ST=California, C=US
[debug] &amp#27;[35m[ADB]&amp#27;[39m Signer #1 certificate SHA-256 digest: a40da80a59d170caa950cf15c18c454d47a39b26989d8b640ecd745ba71bf5dc
[debug] &amp#27;[35m[ADB]&amp#27;[39m Signer #1 certificate SHA-1 digest: 61ed377e85d386a8dfee6b864bd85b0bfaa5af81
[debug] &amp#27;[35m[ADB]&amp#27;[39m Signer #1 certificate MD5 digest: e89b158e4bcf988ebd09eb83f5378e87
[debug] &amp#27;[35m[ADB]&amp#27;[39m 
[debug] &amp#27;[35m[ADB]&amp#27;[39m sha256 hash did match for 'appium-uiautomator2-server-v4.21.1.apk'
&amp#27;[35m[ADB]&amp#27;[39m 'C:\Users\Fayaz\AppData\Roaming\npm\node_modules\appium\node_modules\appium-uiautomator2-server\apks\appium-uiautomator2-server-v4.21.1.apk' is signed with the default certificate
[debug] &amp#27;[35m[ADB]&amp#27;[39m Getting install status for io.appium.uiautomator2.server.test
[debug] &amp#27;[35m[ADB]&amp#27;[39m Running 'C:\Users\Fayaz\AppData\Local\Android\Sdk\platform-tools\adb.exe -P 5037 -s emulator-5554 shell dumpsys package io.appium.uiautomator2.server.test'
[debug] &amp#27;[35m[ADB]&amp#27;[39m 'io.appium.uiautomator2.server.test' is installed
[debug] &amp#27;[35m[ADB]&amp#27;[39m Checking app cert for C:\Users\Fayaz\AppData\Roaming\npm\node_modules\appium\node_modules\appium-uiautomator2-server\apks\appium-uiautomator2-server-debug-androidTest.apk
[debug] &amp#27;[35m[ADB]&amp#27;[39m Starting apksigner: 'C:\\Program Files\\Amazon Corretto\\jdk1.8.0_312\\bin\\java.exe' -Xmx1024M -Xss1m -jar C:\\Users\\Fayaz\\AppData\\Local\\Android\\Sdk\\build-tools\\31.0.0\\lib\\apksigner.jar verify --print-certs C:\\Users\\Fayaz\\AppData\\Roaming\\npm\\node_modules\\appium\\node_modules\\appium-uiautomator2-server\\apks\\appium-uiautomator2-server-debug-androidTest.apk
&amp#27;[35m[BaseDriver]&amp#27;[39m Shutting down because we waited 14 seconds for a command
&amp#27;[35m[Appium]&amp#27;[39m Closing session, cause was 'New Command Timeout of 14 seconds expired. Try customizing the timeout using the 'newCommandTimeout' desired capability'
&amp#27;[35m[Appium]&amp#27;[39m Removing session '3f76d413-588a-45c2-9bde-5ba2ebd2b0b3' from our master session list
[debug] &amp#27;[35m[UiAutomator2]&amp#27;[39m Deleting UiAutomator2 session
[debug] &amp#27;[35m[UiAutomator2]&amp#27;[39m Deleting UiAutomator2 server session
[debug] &amp#27;[35m[WD Proxy]&amp#27;[39m Matched '/' to command name 'deleteSession'
[debug] &amp#27;[35m[WD Proxy]&amp#27;[39m Proxying [DELETE /] to [DELETE http://127.0.0.1:8200/wd/hub/session/9a38b787-1760-432e-9912-0ba86bf415bb] with no body
[debug] &amp#27;[35m[WD Proxy]&amp#27;[39m Got response with status 200: {"sessionId":"9a38b787-1760-432e-9912-0ba86bf415bb","value":null}
[debug] &amp#27;[35m[ADB]&amp#27;[39m Running 'C:\Users\Fayaz\AppData\Local\Android\Sdk\platform-tools\adb.exe -P 5037 -s emulator-5554 shell am force-stop com.anumati'
[debug] &amp#27;[35m[Logcat]&amp#27;[39m Stopping logcat capture
[debug] &amp#27;[35m[ADB]&amp#27;[39m Removing forwarded port socket connection: 8200 
[debug] &amp#27;[35m[ADB]&amp#27;[39m Running 'C:\Users\Fayaz\AppData\Local\Android\Sdk\platform-tools\adb.exe -P 5037 -s emulator-5554 forward --remove tcp:8200'
[debug] &amp#27;[35m[ADB]&amp#27;[39m apksigner stdout: Signer #1 certificate DN: EMAILADDRESS=android@android.com, CN=Android, OU=Android, O=Android, L=Mountain View, ST=California, C=US
[debug] &amp#27;[35m[ADB]&amp#27;[39m Signer #1 certificate SHA-256 digest: a40da80a59d170caa950cf15c18c454d47a39b26989d8b640ecd745ba71bf5dc
[debug] &amp#27;[35m[ADB]&amp#27;[39m Signer #1 certificate SHA-1 digest: 61ed377e85d386a8dfee6b864bd85b0bfaa5af81
[debug] &amp#27;[35m[ADB]&amp#27;[39m Signer #1 certificate MD5 digest: e89b158e4bcf988ebd09eb83f5378e87
[debug] &amp#27;[35m[ADB]&amp#27;[39m 
[debug] &amp#27;[35m[ADB]&amp#27;[39m sha256 hash did match for 'appium-uiautomator2-server-debug-androidTest.apk'
&amp#27;[35m[ADB]&amp#27;[39m 'C:\Users\Fayaz\AppData\Roaming\npm\node_modules\appium\node_modules\appium-uiautomator2-server\apks\appium-uiautomator2-server-debug-androidTest.apk' is signed with the default certificate
&amp#27;[35m[UiAutomator2]&amp#27;[39m Server packages are not going to be (re)installed
[debug] &amp#27;[35m[UiAutomator2]&amp#27;[39m Waiting up to 30000ms for services to be available
[debug] &amp#27;[35m[ADB]&amp#27;[39m Running 'C:\Users\Fayaz\AppData\Local\Android\Sdk\platform-tools\adb.exe -P 5037 -s emulator-5554 shell pm list instrumentation'
[debug] &amp#27;[35m[Instrumentation]&amp#27;[39m .
[debug] &amp#27;[35m[Instrumentation]&amp#27;[39m Time: 65.404
[debug] &amp#27;[35m[Instrumentation]&amp#27;[39m 
[debug] &amp#27;[35m[Instrumentation]&amp#27;[39m OK (1 test)
&amp#27;[35m[UiAutomator2]&amp#27;[39m Restoring hidden api policy to the device default configuration
[debug] &amp#27;[35m[ADB]&amp#27;[39m Running 'C:\Users\Fayaz\AppData\Local\Android\Sdk\platform-tools\adb.exe -P 5037 -s emulator-5554 shell 'settings delete global hidden_api_policy_pre_p_apps;settings delete global hidden_api_policy_p_apps;settings delete global hidden_api_policy''
[debug] &amp#27;[35m[UiAutomator2]&amp#27;[39m Instrumentation target 'io.appium.uiautomator2.server.test/androidx.test.runner.AndroidJUnitRunner' is available
&amp#27;[35m[ADB]&amp#27;[39m Adding packages ["io.appium.settings","io.appium.uiautomator2.server","io.appium.uiautomator2.server.test"] to Doze whitelist
[debug] &amp#27;[35m[ADB]&amp#27;[39m Got the following command chunks to execute: [["dumpsys","deviceidle","whitelist","+io.appium.settings",";","dumpsys","deviceidle","whitelist","+io.appium.uiautomator2.server",";","dumpsys","deviceidle","whitelist","+io.appium.uiautomator2.server.test",";"]]
[debug] &amp#27;[35m[ADB]&amp#27;[39m Running 'C:\Users\Fayaz\AppData\Local\Android\Sdk\platform-tools\adb.exe -P 5037 -s emulator-5554 shell dumpsys deviceidle whitelist +io.appium.settings ; dumpsys deviceidle whitelist +io.appium.uiautomator2.server ; dumpsys deviceidle whitelist +io.appium.uiautomator2.server.test ;'
[debug] &amp#27;[35m[Instrumentation]&amp#27;[39m The process has exited with code 0
[debug] &amp#27;[35m[ADB]&amp#27;[39m Checking app cert for C:\Users\Fayaz\Appium\Anumati\src\Anumati.apk
[debug] &amp#27;[35m[ADB]&amp#27;[39m Starting apksigner: 'C:\\Program Files\\Amazon Corretto\\jdk1.8.0_312\\bin\\java.exe' -Xmx1024M -Xss1m -jar C:\\Users\\Fayaz\\AppData\\Local\\Android\\Sdk\\build-tools\\31.0.0\\lib\\apksigner.jar verify --print-certs C:\\Users\\Fayaz\\Appium\\Anumati\\src\\Anumati.apk
[debug] &amp#27;[35m[ADB]&amp#27;[39m apksigner stdout: Signer #1 certificate DN: CN=Android, OU=Android, O=Google Inc., L=Mountain View, ST=California, C=US
[debug] &amp#27;[35m[ADB]&amp#27;[39m Signer #1 certificate SHA-256 digest: 4730d6e1d0dc8733c1c2302d2b7ccedc5b85a93b2ac0e3a2971a6537173a90bb
[debug] &amp#27;[35m[ADB]&amp#27;[39m Signer #1 certificate SHA-1 digest: 27bcf6fcdf4384e29a8ba18048cbef83538d03e9
[debug] &amp#27;[35m[ADB]&amp#27;[39m Signer #1 certificate MD5 digest: d666c04c85a355f0835d049f3c545d7f
[debug] &amp#27;[35m[ADB]&amp#27;[39m Source Stamp Signer certificate DN: CN=Android, OU=Android, O=Google Inc., L=Mountain View, ST=California, C=US
[debug] &amp#27;[35m[ADB]&amp#27;[39m Source Stamp Signer certificate SHA-256 digest: 3257d599a49d2c961a471ca9843f59d341a405884583fc087df4237b733bbd6d
[debug] &amp#27;[35m[ADB]&amp#27;[39m Source Stamp Signer certificate SHA-1 digest: b1af3a0bf998aeede1a8716a539e5a59da1d86d6
[debug] &amp#27;[35m[ADB]&amp#27;[39m Source Stamp Signer certificate MD5 digest: 577b8a9fbc7e308321aec6411169d2fb
[debug] &amp#27;[35m[ADB]&amp#27;[39m 
&amp#27;[35m[ADB]&amp#27;[39m 'C:\Users\Fayaz\Appium\Anumati\src\Anumati.apk' is signed with a non-default certificate
[debug] &amp#27;[35m[ADB]&amp#27;[39m Getting install status for com.anumati
[debug] &amp#27;[35m[ADB]&amp#27;[39m Running 'C:\Users\Fayaz\AppData\Local\Android\Sdk\platform-tools\adb.exe -P 5037 -s emulator-5554 shell dumpsys package com.anumati'
[debug] &amp#27;[35m[ADB]&amp#27;[39m 'com.anumati' is installed
[debug] &amp#27;[35m[ADB]&amp#27;[39m Getting package info for 'com.anumati'
[debug] &amp#27;[35m[ADB]&amp#27;[39m Running 'C:\Users\Fayaz\AppData\Local\Android\Sdk\platform-tools\adb.exe -P 5037 -s emulator-5554 shell dumpsys package com.anumati'
[debug] &amp#27;[35m[ADB]&amp#27;[39m The version name of the installed 'com.anumati' is greater or equal to the application version name ('1.0.0' >= '1.0.0')
[debug] &amp#27;[35m[ADB]&amp#27;[39m There is no need to install/upgrade 'C:\Users\Fayaz\Appium\Anumati\src\Anumati.apk'
&amp#27;[35m[AndroidDriver]&amp#27;[39m Performing fast reset on 'com.anumati'
[debug] &amp#27;[35m[ADB]&amp#27;[39m Getting install status for com.anumati
[debug] &amp#27;[35m[ADB]&amp#27;[39m Running 'C:\Users\Fayaz\AppData\Local\Android\Sdk\platform-tools\adb.exe -P 5037 -s emulator-5554 shell dumpsys package com.anumati'
[debug] &amp#27;[35m[ADB]&amp#27;[39m 'com.anumati' is installed
[debug] &amp#27;[35m[ADB]&amp#27;[39m Running 'C:\Users\Fayaz\AppData\Local\Android\Sdk\platform-tools\adb.exe -P 5037 -s emulator-5554 shell am force-stop com.anumati'
[debug] &amp#27;[35m[ADB]&amp#27;[39m Running 'C:\Users\Fayaz\AppData\Local\Android\Sdk\platform-tools\adb.exe -P 5037 -s emulator-5554 shell pm clear com.anumati'
[debug] &amp#27;[35m[ADB]&amp#27;[39m Running 'C:\Users\Fayaz\AppData\Local\Android\Sdk\platform-tools\adb.exe -P 5037 -s emulator-5554 shell dumpsys package com.anumati'
[debug] &amp#27;[35m[ADB]&amp#27;[39m Retrieving requested permissions
[debug] &amp#27;[35m[ADB]&amp#27;[39m Retrieved 6 permissions from requested group
[debug] &amp#27;[35m[ADB]&amp#27;[39m Retrieving granted permissions
[debug] &amp#27;[35m[ADB]&amp#27;[39m Retrieved 1 permission from install,runtime groups
[debug] &amp#27;[35m[ADB]&amp#27;[39m Granting permissions ["android.permission.READ_EXTERNAL_STORAGE","android.permission.WRITE_EXTERNAL_STORAGE","android.permission.READ_EXTERNAL_STORAGE","android.permission.WRITE_EXTERNAL_STORAGE"] to 'com.anumati'
[debug] &amp#27;[35m[ADB]&amp#27;[39m Got the following command chunks to execute: [["pm","grant","com.anumati","android.permission.READ_EXTERNAL_STORAGE",";","pm","grant","com.anumati","android.permission.WRITE_EXTERNAL_STORAGE",";","pm","grant","com.anumati","android.permission.READ_EXTERNAL_STORAGE",";","pm","grant","com.anumati","android.permission.WRITE_EXTERNAL_STORAGE",";"]]
[debug] &amp#27;[35m[ADB]&amp#27;[39m Running 'C:\Users\Fayaz\AppData\Local\Android\Sdk\platform-tools\adb.exe -P 5037 -s emulator-5554 shell pm grant com.anumati android.permission.READ_EXTERNAL_STORAGE ; pm grant com.anumati android.permission.WRITE_EXTERNAL_STORAGE ; pm grant com.anumati android.permission.READ_EXTERNAL_STORAGE ; pm grant com.anumati android.permission.WRITE_EXTERNAL_STORAGE ;'
[debug] &amp#27;[35m[AndroidDriver]&amp#27;[39m Performed fast reset on the installed 'com.anumati' application (stop and clear)
[debug] &amp#27;[35m[UiAutomator2]&amp#27;[39m Performing shallow cleanup of automation leftovers
[debug] &amp#27;[35m[UiAutomator2]&amp#27;[39m No obsolete sessions have been detected (socket hang up)
[debug] &amp#27;[35m[ADB]&amp#27;[39m Running 'C:\Users\Fayaz\AppData\Local\Android\Sdk\platform-tools\adb.exe -P 5037 -s emulator-5554 shell am force-stop io.appium.uiautomator2.server.test'
&amp#27;[35m[UiAutomator2]&amp#27;[39m Starting UIAutomator2 server 4.21.1
&amp#27;[35m[UiAutomator2]&amp#27;[39m Using UIAutomator2 server from 'C:\Users\Fayaz\AppData\Roaming\npm\node_modules\appium\node_modules\appium-uiautomator2-server\apks\appium-uiautomator2-server-v4.21.1.apk' and test from 'C:\Users\Fayaz\AppData\Roaming\npm\node_modules\appium\node_modules\appium-uiautomator2-server\apks\appium-uiautomator2-server-debug-androidTest.apk'
&amp#27;[35m[UiAutomator2]&amp#27;[39m Waiting up to 30000ms for UiAutomator2 to be online...
[debug] &amp#27;[35m[ADB]&amp#27;[39m Creating ADB subprocess with args: ["-P",5037,"-s","emulator-5554","shell","am","instrument","-w","-e","disableAnalytics",true,"io.appium.uiautomator2.server.test/androidx.test.runner.AndroidJUnitRunner"]
[debug] &amp#27;[35m[WD Proxy]&amp#27;[39m Matched '/status' to command name 'getStatus'
[debug] &amp#27;[35m[WD Proxy]&amp#27;[39m Proxying [GET /status] to [GET http://127.0.0.1:8201/wd/hub/status] with no body
&amp#27;[35m[WD Proxy]&amp#27;[39m socket hang up
[debug] &amp#27;[35m[WD Proxy]&amp#27;[39m Matched '/status' to command name 'getStatus'
[debug] &amp#27;[35m[WD Proxy]&amp#27;[39m Proxying [GET /status] to [GET http://127.0.0.1:8201/wd/hub/status] with no body
&amp#27;[35m[WD Proxy]&amp#27;[39m socket hang up
[debug] &amp#27;[35m[Instrumentation]&amp#27;[39m io.appium.uiautomator2.server.test.AppiumUiAutomator2Server:
[debug] &amp#27;[35m[WD Proxy]&amp#27;[39m Matched '/status' to command name 'getStatus'
[debug] &amp#27;[35m[WD Proxy]&amp#27;[39m Proxying [GET /status] to [GET http://127.0.0.1:8201/wd/hub/status] with no body
&amp#27;[35m[WD Proxy]&amp#27;[39m socket hang up
[debug] &amp#27;[35m[WD Proxy]&amp#27;[39m Matched '/status' to command name 'getStatus'
[debug] &amp#27;[35m[WD Proxy]&amp#27;[39m Proxying [GET /status] to [GET http://127.0.0.1:8201/wd/hub/status] with no body
[debug] &amp#27;[35m[WD Proxy]&amp#27;[39m Got response with status 200: {"sessionId":"None","value":{"message":"UiAutomator2 Server is ready to accept commands","ready":true}}
[debug] &amp#27;[35m[UiAutomator2]&amp#27;[39m The initialization of the instrumentation process took 3288ms
[debug] &amp#27;[35m[WD Proxy]&amp#27;[39m Matched '/session' to command name 'createSession'
[debug] &amp#27;[35m[WD Proxy]&amp#27;[39m Proxying [POST /session] to [POST http://127.0.0.1:8201/wd/hub/session] with body: {"capabilities":{"firstMatch":[{"platform":"LINUX","webStorageEnabled":false,"takesScreenshot":true,"javascriptEnabled":true,"databaseEnabled":false,"networkConnectionEnabled":true,"locationContextEnabled":false,"warnings":{},"desired":{"goog:chromeOptions":{"w3c":false},"platformName":"android","app":"C:\\Users\\Fayaz\\Appium\\Anumati\\src\\Anumati.apk","autoGrantPermissions":true,"automationName":"uiautomator2","chromeOptions":{"w3c":false},"deviceName":"Fayaz_Emulator2","newCommandTimeout":14},"goog:chromeOptions":{"w3c":false},"platformName":"android","app":"C:\\Users\\Fayaz\\Appium\\Anumati\\src\\Anumati.apk","autoGrantPermissions":true,"automationName":"uiautomator2","chromeOptions":{"w3c":false},"deviceName":"emulator-5554","newCommandTimeout":14,"deviceUDID":"emulator-5554","appPackage":"com.anumati"}],"alwaysMatch":{}}}
[debug] &amp#27;[35m[WD Proxy]&amp#27;[39m Got response with status 200: {"sessionId":"6d00f182-67c8-46f5-a6f3-8cddd0c272e3","value":{"capabilities":{"firstMatch":[{"platform":"LINUX","webStorageEnabled":false,"takesScreenshot":true,"javascriptEnabled":true,"databaseEnabled":false,"networkConnectionEnabled":true,"locationContextEnabled":false,"warnings":{},"desired":{"goog:chromeOptions":{"w3c":false},"platformName":"android","app":"C:\\Users\\Fayaz\\Appium\\Anumati\\src\\Anumati.apk","autoGrantPermissions":true,"automationName":"uiautomator2","chromeOptions":{"w3c":false},"deviceName":"Fayaz_Emulator2","newCommandTimeout":14},"goog:chromeOptions":{"w3c":false},"platformName":"android","app":"C:\\Users\\Fayaz\\Appium\\Anumati\\src\\Anumati.apk","autoGrantPermissions":true,"automationName":"uiautomator2","chromeOptions":{"w3c":false},"deviceName":"emulator-5554","newCommandTimeout":14,"deviceUDID":"emulator-5554","appPackage":"com.anumati"}],"alwaysMatch":{}},"sessionId":"6d00f182-67c8-46f5-a6f3-8cddd0c272e3"}}
&amp#27;[35m[WD Proxy]&amp#27;[39m Determined the downstream protocol as 'W3C'
[debug] &amp#27;[35m[WD Proxy]&amp#27;[39m Proxying [GET /appium/device/info] to [GET http://127.0.0.1:8201/wd/hub/session/6d00f182-67c8-46f5-a6f3-8cddd0c272e3/appium/device/info] with no body
[debug] &amp#27;[35m[WD Proxy]&amp#27;[39m Got response with status 200: {"sessionId":"6d00f182-67c8-46f5-a6f3-8cddd0c272e3","value":{"androidId":"4c01298c58a50c77","apiVersion":"30","bluetooth":{"state":"ON"},"brand":"Android","carrierName":"Android","displayDensity":420,"locale":"en_US","manufacturer":"unknown","model":"Android SDK built for x86","networks":[{"capabilities":{"SSID":null,"linkDownBandwidthKbps":141000,"linkUpstreamBandwidthKbps":141000,"networkCapabilities":"NET_CAPABILITY_NOT_METERED,NET_CAPABILITY_INTERNET,NET_CAPABILITY_NOT_RESTRICTED,NET_CAPABILITY_TRUSTED,NET_CAPABILITY_NOT_VPN,NET_CAPABILITY_VALIDATED,NET_CAPABILITY_NOT_ROAMING,NET_CAPABILITY_FOREGROUND,NET_CAPABILITY_NOT_CONGESTED,NET_CAPABILITY_NOT_SUSPENDED","signalStrength":-30,"transportTypes":"TRANSPORT_WIFI"},"detailedState":"CONNECTED","extraInfo":"","isAvailable":true,"isConnected":true,"isFailover":false,"isRoaming":false,"state":"CONNECTED","subtype":0,"subtypeName":"","type":1,"typeName":"WIFI"},{"capabilities":{"SSID":null,"linkDownBandwidthKbps":30000,"linkUpstreamBandwidthKbps":15000,"netw...
[debug] &amp#27;[35m[ADB]&amp#27;[39m Running 'C:\Users\Fayaz\AppData\Local\Android\Sdk\platform-tools\adb.exe -P 5037 -s emulator-5554 shell dumpsys window'
&amp#27;[35m[AndroidDriver]&amp#27;[39m Screen already unlocked, doing nothing
&amp#27;[35m[UiAutomator2]&amp#27;[39m Starting 'com.anumati/com.aa.MainActivity and waiting for 'com.anumati/com.aa.MainActivity'
[debug] &amp#27;[35m[ADB]&amp#27;[39m Running 'C:\Users\Fayaz\AppData\Local\Android\Sdk\platform-tools\adb.exe -P 5037 -s emulator-5554 shell am start -W -n com.anumati/com.aa.MainActivity -S -a android.intent.action.MAIN -c android.intent.category.LAUNCHER -f 0x10200000'
[debug] &amp#27;[35m[ADB]&amp#27;[39m Waiting up to 20000ms for activity matching pkg: 'com.anumati' and activity: 'com.aa.MainActivity' to be focused
[debug] &amp#27;[35m[ADB]&amp#27;[39m Possible activities, to be checked: 'com.aa.MainActivity', 'com.anumati.com.aa.MainActivity'
[debug] &amp#27;[35m[ADB]&amp#27;[39m Getting focused package and activity
[debug] &amp#27;[35m[ADB]&amp#27;[39m Running 'C:\Users\Fayaz\AppData\Local\Android\Sdk\platform-tools\adb.exe -P 5037 -s emulator-5554 shell dumpsys window displays'
[debug] &amp#27;[35m[ADB]&amp#27;[39m Found package: 'com.anumati' and fully qualified activity name : 'com.aa.MainActivity'
[debug] &amp#27;[35m[WD Proxy]&amp#27;[39m Proxying [GET /appium/device/pixel_ratio] to [GET http://127.0.0.1:8201/wd/hub/session/6d00f182-67c8-46f5-a6f3-8cddd0c272e3/appium/device/pixel_ratio] with no body
[debug] &amp#27;[35m[WD Proxy]&amp#27;[39m Got response with status 200: {"sessionId":"6d00f182-67c8-46f5-a6f3-8cddd0c272e3","value":2.625}
[debug] &amp#27;[35m[WD Proxy]&amp#27;[39m Matched '/appium/device/system_bars' to command name 'getSystemBars'
[debug] &amp#27;[35m[WD Proxy]&amp#27;[39m Proxying [GET /appium/device/system_bars] to [GET http://127.0.0.1:8201/wd/hub/session/6d00f182-67c8-46f5-a6f3-8cddd0c272e3/appium/device/system_bars] with no body
[debug] &amp#27;[35m[WD Proxy]&amp#27;[39m Got response with status 200: {"sessionId":"6d00f182-67c8-46f5-a6f3-8cddd0c272e3","value":{"statusBar":63}}
[debug] &amp#27;[35m[WD Proxy]&amp#27;[39m Matched '/window/current/size' to command name 'getWindowSize'
[debug] &amp#27;[35m[WD Proxy]&amp#27;[39m Proxying [GET /window/current/size] to [GET http://127.0.0.1:8201/wd/hub/session/6d00f182-67c8-46f5-a6f3-8cddd0c272e3/window/current/size] with no body
[debug] &amp#27;[35m[WD Proxy]&amp#27;[39m Got response with status 200: {"sessionId":"6d00f182-67c8-46f5-a6f3-8cddd0c272e3","value":{"height":1794,"width":1080}}
&amp#27;[35m[Appium]&amp#27;[39m New AndroidUiautomator2Driver session created successfully, session 29df3a64-71f1-4264-86fa-95e942e78259 added to master session list
[debug] &amp#27;[35m[BaseDriver]&amp#27;[39m Event 'newSessionStarted' logged at 1638954678958 (14:41:18 GMT+0530 (India Standard Time))
[debug] &amp#27;[35m[W3C (29df3a64)]&amp#27;[39m Cached the protocol value 'W3C' for the new session 29df3a64-71f1-4264-86fa-95e942e78259
[debug] &amp#27;[35m[W3C (29df3a64)]&amp#27;[39m Responding to client with driver.createSession() result: {"capabilities":{"platform":"LINUX","webStorageEnabled":false,"takesScreenshot":true,"javascriptEnabled":true,"databaseEnabled":false,"networkConnectionEnabled":true,"locationContextEnabled":false,"warnings":{},"desired":{"goog:chromeOptions":{"w3c":false},"platformName":"android","app":"C:\\Users\\Fayaz\\Appium\\Anumati\\src\\Anumati.apk","autoGrantPermissions":true,"automationName":"uiautomator2","chromeOptions":{"w3c":false},"deviceName":"Fayaz_Emulator2","newCommandTimeout":14},"goog:chromeOptions":{"w3c":false},"platformName":"android","app":"C:\\Users\\Fayaz\\Appium\\Anumati\\src\\Anumati.apk","autoGrantPermissions":true,"automationName":"uiautomator2","chromeOptions":{"w3c":false},"deviceName":"emulator-5554","newCommandTimeout":14,"deviceUDID":"emulator-5554","appPackage":"com.anumati","deviceApiLevel":30,"platformVersion":"11","deviceScreenSize":"1080x1920","deviceScreenDensity":420,"deviceModel":"Android SDK built for x86","deviceManufacturer":"unknown","pixelRatio":2.625,"statBarHeight":63,"view...
&amp#27;[35m[HTTP]&amp#27;[39m &amp#27;[37m<-- POST /wd/hub/session &amp#27;[39m&amp#27;[32m200&amp#27;[39m &amp#27;[90m20599 ms - 1140&amp#27;[39m
&amp#27;[35m[HTTP]&amp#27;[39m &amp#27;[90m&amp#27;[39m
&amp#27;[35m[HTTP]&amp#27;[39m &amp#27;[37m-->&amp#27;[39m &amp#27;[37mPOST&amp#27;[39m &amp#27;[37m/wd/hub/session/29df3a64-71f1-4264-86fa-95e942e78259/timeouts&amp#27;[39m
&amp#27;[35m[HTTP]&amp#27;[39m &amp#27;[90m{"implicit":10000}&amp#27;[39m
[debug] &amp#27;[35m[W3C (29df3a64)]&amp#27;[39m Calling AppiumDriver.timeouts() with args: [null,null,null,null,10000,"29df3a64-71f1-4264-86fa-95e942e78259"]
[debug] &amp#27;[35m[BaseDriver]&amp#27;[39m W3C timeout argument: {"implicit":10000}}
[debug] &amp#27;[35m[BaseDriver]&amp#27;[39m Set implicit wait to 10000ms
[debug] &amp#27;[35m[W3C (29df3a64)]&amp#27;[39m Responding to client with driver.timeouts() result: null
&amp#27;[35m[HTTP]&amp#27;[39m &amp#27;[37m<-- POST /wd/hub/session/29df3a64-71f1-4264-86fa-95e942e78259/timeouts &amp#27;[39m&amp#27;[32m200&amp#27;[39m &amp#27;[90m2 ms - 14&amp#27;[39m
&amp#27;[35m[HTTP]&amp#27;[39m &amp#27;[90m&amp#27;[39m
&amp#27;[35m[HTTP]&amp#27;[39m &amp#27;[37m-->&amp#27;[39m &amp#27;[37mGET&amp#27;[39m &amp#27;[37m/wd/hub/session/29df3a64-71f1-4264-86fa-95e942e78259/context&amp#27;[39m
&amp#27;[35m[HTTP]&amp#27;[39m &amp#27;[90m{}&amp#27;[39m
[debug] &amp#27;[35m[W3C (29df3a64)]&amp#27;[39m Calling AppiumDriver.getCurrentContext() with args: ["29df3a64-71f1-4264-86fa-95e942e78259"]
[debug] &amp#27;[35m[W3C (29df3a64)]&amp#27;[39m Responding to client with driver.getCurrentContext() result: "NATIVE_APP"
&amp#27;[35m[HTTP]&amp#27;[39m &amp#27;[37m<-- GET /wd/hub/session/29df3a64-71f1-4264-86fa-95e942e78259/context &amp#27;[39m&amp#27;[32m200&amp#27;[39m &amp#27;[90m1 ms - 22&amp#27;[39m
&amp#27;[35m[HTTP]&amp#27;[39m &amp#27;[90m&amp#27;[39m
&amp#27;[35m[HTTP]&amp#27;[39m &amp#27;[37m-->&amp#27;[39m &amp#27;[37mPOST&amp#27;[39m &amp#27;[37m/wd/hub/session/29df3a64-71f1-4264-86fa-95e942e78259/element&amp#27;[39m
&amp#27;[35m[HTTP]&amp#27;[39m &amp#27;[90m{"using":"xpath","value":"//android.view.View[@text='Skip']"}&amp#27;[39m
[debug] &amp#27;[35m[W3C (29df3a64)]&amp#27;[39m Calling AppiumDriver.findElement() with args: ["xpath","//android.view.View[@text='Skip']","29df3a64-71f1-4264-86fa-95e942e78259"]
[debug] &amp#27;[35m[BaseDriver]&amp#27;[39m Valid locator strategies for this request: xpath, id, class name, accessibility id, css selector, -android uiautomator
[debug] &amp#27;[35m[BaseDriver]&amp#27;[39m Waiting up to 10000 ms for condition
[debug] &amp#27;[35m[WD Proxy]&amp#27;[39m Matched '/element' to command name 'findElement'
[debug] &amp#27;[35m[WD Proxy]&amp#27;[39m Proxying [POST /element] to [POST http://127.0.0.1:8201/wd/hub/session/6d00f182-67c8-46f5-a6f3-8cddd0c272e3/element] with body: {"strategy":"xpath","selector":"//android.view.View[@text='Skip']","context":"","multiple":false}
&amp#27;[35m[WD Proxy]&amp#27;[39m Got response with status 404: {"sessionId":"6d00f182-67c8-46f5-a6f3-8cddd0c272e3","value":{"error":"no such element","message":"An element could not be located on the page using the given search parameters","stacktrace":"io.appium.uiautomator2.common.exceptions.ElementNotFoundException: An element could not be located on the page using the given search parameters\n\tat io.appium.uiautomator2.handler.FindElement.findElement(FindElement.java:89)\n\tat io.appium.uiautomator2.handler.FindElement.safeHandle(FindElement.java:66)\n\tat io.appium.uiautomator2.handler.request.SafeRequestHandler.handle(SafeRequestHandler.java:41)\n\tat io.appium.uiautomator2.server.AppiumServlet.handleRequest(AppiumServlet.java:262)\n\tat io.appium.uiautomator2.server.AppiumServlet.handleHttpRequest(AppiumServlet.java:256)\n\tat io.appium.uiautomator2.http.ServerHandler.channelRead(ServerHandler.java:68)\n\tat io.netty.channel.AbstractChannelHandlerContext.invokeChannelRead(AbstractChannelHandlerContext.java:366)\n\tat io.netty.channel.AbstractChannelHandlerCont...
[debug] &amp#27;[35m[W3C]&amp#27;[39m Matched W3C error code 'no such element' to NoSuchElementError
[debug] &amp#27;[35m[BaseDriver]&amp#27;[39m Waited for 266 ms so far
[debug] &amp#27;[35m[WD Proxy]&amp#27;[39m Matched '/element' to command name 'findElement'
[debug] &amp#27;[35m[WD Proxy]&amp#27;[39m Proxying [POST /element] to [POST http://127.0.0.1:8201/wd/hub/session/6d00f182-67c8-46f5-a6f3-8cddd0c272e3/element] with body: {"strategy":"xpath","selector":"//android.view.View[@text='Skip']","context":"","multiple":false}
[debug] &amp#27;[35m[WD Proxy]&amp#27;[39m Got response with status 200: {"sessionId":"6d00f182-67c8-46f5-a6f3-8cddd0c272e3","value":{"ELEMENT":"1118b976-73f5-4f95-90a1-3ef2f956c4f0","element-6066-11e4-a52e-4f735466cecf":"1118b976-73f5-4f95-90a1-3ef2f956c4f0"}}
[debug] &amp#27;[35m[W3C (29df3a64)]&amp#27;[39m Responding to client with driver.findElement() result: {"element-6066-11e4-a52e-4f735466cecf":"1118b976-73f5-4f95-90a1-3ef2f956c4f0","ELEMENT":"1118b976-73f5-4f95-90a1-3ef2f956c4f0"}
&amp#27;[35m[HTTP]&amp#27;[39m &amp#27;[37m<-- POST /wd/hub/session/29df3a64-71f1-4264-86fa-95e942e78259/element &amp#27;[39m&amp#27;[32m200&amp#27;[39m &amp#27;[90m1310 ms - 137&amp#27;[39m
&amp#27;[35m[HTTP]&amp#27;[39m &amp#27;[90m&amp#27;[39m
&amp#27;[35m[HTTP]&amp#27;[39m &amp#27;[37m-->&amp#27;[39m &amp#27;[37mPOST&amp#27;[39m &amp#27;[37m/wd/hub/session/29df3a64-71f1-4264-86fa-95e942e78259/element/1118b976-73f5-4f95-90a1-3ef2f956c4f0/click&amp#27;[39m
&amp#27;[35m[HTTP]&amp#27;[39m &amp#27;[90m{"id":"1118b976-73f5-4f95-90a1-3ef2f956c4f0"}&amp#27;[39m
[debug] &amp#27;[35m[W3C (29df3a64)]&amp#27;[39m Calling AppiumDriver.click() with args: ["1118b976-73f5-4f95-90a1-3ef2f956c4f0","29df3a64-71f1-4264-86fa-95e942e78259"]
[debug] &amp#27;[35m[WD Proxy]&amp#27;[39m Matched '/element/1118b976-73f5-4f95-90a1-3ef2f956c4f0/click' to command name 'click'
[debug] &amp#27;[35m[WD Proxy]&amp#27;[39m Proxying [POST /element/1118b976-73f5-4f95-90a1-3ef2f956c4f0/click] to [POST http://127.0.0.1:8201/wd/hub/session/6d00f182-67c8-46f5-a6f3-8cddd0c272e3/element/1118b976-73f5-4f95-90a1-3ef2f956c4f0/click] with body: {"element":"1118b976-73f5-4f95-90a1-3ef2f956c4f0"}
[debug] &amp#27;[35m[WD Proxy]&amp#27;[39m Got response with status 200: {"sessionId":"6d00f182-67c8-46f5-a6f3-8cddd0c272e3","value":null}
[debug] &amp#27;[35m[W3C (29df3a64)]&amp#27;[39m Responding to client with driver.click() result: null
&amp#27;[35m[HTTP]&amp#27;[39m &amp#27;[37m<-- POST /wd/hub/session/29df3a64-71f1-4264-86fa-95e942e78259/element/1118b976-73f5-4f95-90a1-3ef2f956c4f0/click &amp#27;[39m&amp#27;[32m200&amp#27;[39m &amp#27;[90m162 ms - 14&amp#27;[39m
&amp#27;[35m[HTTP]&amp#27;[39m &amp#27;[90m&amp#27;[39m
&amp#27;[35m[HTTP]&amp#27;[39m &amp#27;[37m-->&amp#27;[39m &amp#27;[37mGET&amp#27;[39m &amp#27;[37m/wd/hub/session/29df3a64-71f1-4264-86fa-95e942e78259/context&amp#27;[39m
&amp#27;[35m[HTTP]&amp#27;[39m &amp#27;[90m{}&amp#27;[39m
[debug] &amp#27;[35m[W3C (29df3a64)]&amp#27;[39m Calling AppiumDriver.getCurrentContext() with args: ["29df3a64-71f1-4264-86fa-95e942e78259"]
[debug] &amp#27;[35m[W3C (29df3a64)]&amp#27;[39m Responding to client with driver.getCurrentContext() result: "NATIVE_APP"
&amp#27;[35m[HTTP]&amp#27;[39m &amp#27;[37m<-- GET /wd/hub/session/29df3a64-71f1-4264-86fa-95e942e78259/context &amp#27;[39m&amp#27;[32m200&amp#27;[39m &amp#27;[90m1 ms - 22&amp#27;[39m
&amp#27;[35m[HTTP]&amp#27;[39m &amp#27;[90m&amp#27;[39m
&amp#27;[35m[HTTP]&amp#27;[39m &amp#27;[37m-->&amp#27;[39m &amp#27;[37mPOST&amp#27;[39m &amp#27;[37m/wd/hub/session/29df3a64-71f1-4264-86fa-95e942e78259/element&amp#27;[39m
&amp#27;[35m[HTTP]&amp#27;[39m &amp#27;[90m{"using":"xpath","value":"//android.view.View/android.widget.EditText[1]"}&amp#27;[39m
[debug] &amp#27;[35m[W3C (29df3a64)]&amp#27;[39m Calling AppiumDriver.findElement() with args: ["xpath","//android.view.View/android.widget.EditText[1]","29df3a64-71f1-4264-86fa-95e942e78259"]
[debug] &amp#27;[35m[BaseDriver]&amp#27;[39m Valid locator strategies for this request: xpath, id, class name, accessibility id, css selector, -android uiautomator
[debug] &amp#27;[35m[BaseDriver]&amp#27;[39m Waiting up to 10000 ms for condition
[debug] &amp#27;[35m[WD Proxy]&amp#27;[39m Matched '/element' to command name 'findElement'
[debug] &amp#27;[35m[WD Proxy]&amp#27;[39m Proxying [POST /element] to [POST http://127.0.0.1:8201/wd/hub/session/6d00f182-67c8-46f5-a6f3-8cddd0c272e3/element] with body: {"strategy":"xpath","selector":"//android.view.View/android.widget.EditText[1]","context":"","multiple":false}
[debug] &amp#27;[35m[WD Proxy]&amp#27;[39m Got response with status 200: {"sessionId":"6d00f182-67c8-46f5-a6f3-8cddd0c272e3","value":{"ELEMENT":"a840b694-23e9-4dc2-a15e-2f349c012d3e","element-6066-11e4-a52e-4f735466cecf":"a840b694-23e9-4dc2-a15e-2f349c012d3e"}}
[debug] &amp#27;[35m[W3C (29df3a64)]&amp#27;[39m Responding to client with driver.findElement() result: {"element-6066-11e4-a52e-4f735466cecf":"a840b694-23e9-4dc2-a15e-2f349c012d3e","ELEMENT":"a840b694-23e9-4dc2-a15e-2f349c012d3e"}
&amp#27;[35m[HTTP]&amp#27;[39m &amp#27;[37m<-- POST /wd/hub/session/29df3a64-71f1-4264-86fa-95e942e78259/element &amp#27;[39m&amp#27;[32m200&amp#27;[39m &amp#27;[90m1567 ms - 137&amp#27;[39m
&amp#27;[35m[HTTP]&amp#27;[39m &amp#27;[90m&amp#27;[39m
&amp#27;[35m[HTTP]&amp#27;[39m &amp#27;[37m-->&amp#27;[39m &amp#27;[37mPOST&amp#27;[39m &amp#27;[37m/wd/hub/session/29df3a64-71f1-4264-86fa-95e942e78259/element/a840b694-23e9-4dc2-a15e-2f349c012d3e/click&amp#27;[39m
&amp#27;[35m[HTTP]&amp#27;[39m &amp#27;[90m{"id":"a840b694-23e9-4dc2-a15e-2f349c012d3e"}&amp#27;[39m
[debug] &amp#27;[35m[W3C (29df3a64)]&amp#27;[39m Calling AppiumDriver.click() with args: ["a840b694-23e9-4dc2-a15e-2f349c012d3e","29df3a64-71f1-4264-86fa-95e942e78259"]
[debug] &amp#27;[35m[WD Proxy]&amp#27;[39m Matched '/element/a840b694-23e9-4dc2-a15e-2f349c012d3e/click' to command name 'click'
[debug] &amp#27;[35m[WD Proxy]&amp#27;[39m Proxying [POST /element/a840b694-23e9-4dc2-a15e-2f349c012d3e/click] to [POST http://127.0.0.1:8201/wd/hub/session/6d00f182-67c8-46f5-a6f3-8cddd0c272e3/element/a840b694-23e9-4dc2-a15e-2f349c012d3e/click] with body: {"element":"a840b694-23e9-4dc2-a15e-2f349c012d3e"}
[debug] &amp#27;[35m[WD Proxy]&amp#27;[39m Got response with status 200: {"sessionId":"6d00f182-67c8-46f5-a6f3-8cddd0c272e3","value":null}
[debug] &amp#27;[35m[W3C (29df3a64)]&amp#27;[39m Responding to client with driver.click() result: null
&amp#27;[35m[HTTP]&amp#27;[39m &amp#27;[37m<-- POST /wd/hub/session/29df3a64-71f1-4264-86fa-95e942e78259/element/a840b694-23e9-4dc2-a15e-2f349c012d3e/click &amp#27;[39m&amp#27;[32m200&amp#27;[39m &amp#27;[90m130 ms - 14&amp#27;[39m
&amp#27;[35m[HTTP]&amp#27;[39m &amp#27;[90m&amp#27;[39m
&amp#27;[35m[HTTP]&amp#27;[39m &amp#27;[37m-->&amp#27;[39m &amp#27;[37mGET&amp#27;[39m &amp#27;[37m/wd/hub/session/29df3a64-71f1-4264-86fa-95e942e78259/context&amp#27;[39m
&amp#27;[35m[HTTP]&amp#27;[39m &amp#27;[90m{}&amp#27;[39m
[debug] &amp#27;[35m[W3C (29df3a64)]&amp#27;[39m Calling AppiumDriver.getCurrentContext() with args: ["29df3a64-71f1-4264-86fa-95e942e78259"]
[debug] &amp#27;[35m[W3C (29df3a64)]&amp#27;[39m Responding to client with driver.getCurrentContext() result: "NATIVE_APP"
&amp#27;[35m[HTTP]&amp#27;[39m &amp#27;[37m<-- GET /wd/hub/session/29df3a64-71f1-4264-86fa-95e942e78259/context &amp#27;[39m&amp#27;[32m200&amp#27;[39m &amp#27;[90m4 ms - 22&amp#27;[39m
&amp#27;[35m[HTTP]&amp#27;[39m &amp#27;[90m&amp#27;[39m
&amp#27;[35m[HTTP]&amp#27;[39m &amp#27;[37m-->&amp#27;[39m &amp#27;[37mPOST&amp#27;[39m &amp#27;[37m/wd/hub/session/29df3a64-71f1-4264-86fa-95e942e78259/element&amp#27;[39m
&amp#27;[35m[HTTP]&amp#27;[39m &amp#27;[90m{"using":"xpath","value":"//android.view.View/android.widget.EditText[1]"}&amp#27;[39m
[debug] &amp#27;[35m[W3C (29df3a64)]&amp#27;[39m Calling AppiumDriver.findElement() with args: ["xpath","//android.view.View/android.widget.EditText[1]","29df3a64-71f1-4264-86fa-95e942e78259"]
[debug] &amp#27;[35m[BaseDriver]&amp#27;[39m Valid locator strategies for this request: xpath, id, class name, accessibility id, css selector, -android uiautomator
[debug] &amp#27;[35m[BaseDriver]&amp#27;[39m Waiting up to 10000 ms for condition
[debug] &amp#27;[35m[WD Proxy]&amp#27;[39m Matched '/element' to command name 'findElement'
[debug] &amp#27;[35m[WD Proxy]&amp#27;[39m Proxying [POST /element] to [POST http://127.0.0.1:8201/wd/hub/session/6d00f182-67c8-46f5-a6f3-8cddd0c272e3/element] with body: {"strategy":"xpath","selector":"//android.view.View/android.widget.EditText[1]","context":"","multiple":false}
[debug] &amp#27;[35m[WD Proxy]&amp#27;[39m Got response with status 200: {"sessionId":"6d00f182-67c8-46f5-a6f3-8cddd0c272e3","value":{"ELEMENT":"d86c057d-0c42-4ddd-a275-e6e2393b405b","element-6066-11e4-a52e-4f735466cecf":"d86c057d-0c42-4ddd-a275-e6e2393b405b"}}
[debug] &amp#27;[35m[W3C (29df3a64)]&amp#27;[39m Responding to client with driver.findElement() result: {"element-6066-11e4-a52e-4f735466cecf":"d86c057d-0c42-4ddd-a275-e6e2393b405b","ELEMENT":"d86c057d-0c42-4ddd-a275-e6e2393b405b"}
&amp#27;[35m[HTTP]&amp#27;[39m &amp#27;[37m<-- POST /wd/hub/session/29df3a64-71f1-4264-86fa-95e942e78259/element &amp#27;[39m&amp#27;[32m200&amp#27;[39m &amp#27;[90m1498 ms - 137&amp#27;[39m
&amp#27;[35m[HTTP]&amp#27;[39m &amp#27;[90m&amp#27;[39m
&amp#27;[35m[HTTP]&amp#27;[39m &amp#27;[37m-->&amp#27;[39m &amp#27;[37mPOST&amp#27;[39m &amp#27;[37m/wd/hub/session/29df3a64-71f1-4264-86fa-95e942e78259/element/d86c057d-0c42-4ddd-a275-e6e2393b405b/value&amp#27;[39m
&amp#27;[35m[HTTP]&amp#27;[39m &amp#27;[90m{"id":"d86c057d-0c42-4ddd-a275-e6e2393b405b","text":"7760305049","value":["7","7","6","0","3","0","5","0","4","9"]}&amp#27;[39m
[debug] &amp#27;[35m[W3C (29df3a64)]&amp#27;[39m Calling AppiumDriver.setValue() with args: [["7","7","6","0","3","0","5","0","4","9"],"d86c057d-0c42-4ddd-a275-e6e2393b405b","29df3a64-71f1-4264-86fa-95e942e78259"]
[debug] &amp#27;[35m[WD Proxy]&amp#27;[39m Matched '/element/d86c057d-0c42-4ddd-a275-e6e2393b405b/value' to command name 'setValue'
[debug] &amp#27;[35m[Protocol Converter]&amp#27;[39m Added 'value' property ["7","7","6","0","3","0","5","0","4","9"] to 'setValue' request body
[debug] &amp#27;[35m[WD Proxy]&amp#27;[39m Proxying [POST /element/d86c057d-0c42-4ddd-a275-e6e2393b405b/value] to [POST http://127.0.0.1:8201/wd/hub/session/6d00f182-67c8-46f5-a6f3-8cddd0c272e3/element/d86c057d-0c42-4ddd-a275-e6e2393b405b/value] with body: {"elementId":"d86c057d-0c42-4ddd-a275-e6e2393b405b","text":"7760305049","replace":false,"value":["7","7","6","0","3","0","5","0","4","9"]}
[debug] &amp#27;[35m[WD Proxy]&amp#27;[39m Got response with status 200: {"sessionId":"6d00f182-67c8-46f5-a6f3-8cddd0c272e3","value":null}
[debug] &amp#27;[35m[W3C (29df3a64)]&amp#27;[39m Responding to client with driver.setValue() result: null
&amp#27;[35m[HTTP]&amp#27;[39m &amp#27;[37m<-- POST /wd/hub/session/29df3a64-71f1-4264-86fa-95e942e78259/element/d86c057d-0c42-4ddd-a275-e6e2393b405b/value &amp#27;[39m&amp#27;[32m200&amp#27;[39m &amp#27;[90m308 ms - 14&amp#27;[39m
&amp#27;[35m[HTTP]&amp#27;[39m &amp#27;[90m&amp#27;[39m
&amp#27;[35m[HTTP]&amp#27;[39m &amp#27;[37m-->&amp#27;[39m &amp#27;[37mPOST&amp#27;[39m &amp#27;[37m/wd/hub/session/29df3a64-71f1-4264-86fa-95e942e78259/appium/device/hide_keyboard&amp#27;[39m
&amp#27;[35m[HTTP]&amp#27;[39m &amp#27;[90m{}&amp#27;[39m
[debug] &amp#27;[35m[W3C (29df3a64)]&amp#27;[39m Calling AppiumDriver.hideKeyboard() with args: [null,null,null,null,"29df3a64-71f1-4264-86fa-95e942e78259"]
[debug] &amp#27;[35m[ADB]&amp#27;[39m Running 'C:\Users\Fayaz\AppData\Local\Android\Sdk\platform-tools\adb.exe -P 5037 -s emulator-5554 shell dumpsys input_method'
[debug] &amp#27;[35m[ADB]&amp#27;[39m Running 'C:\Users\Fayaz\AppData\Local\Android\Sdk\platform-tools\adb.exe -P 5037 -s emulator-5554 shell input keyevent 111'
[debug] &amp#27;[35m[ADB]&amp#27;[39m Running 'C:\Users\Fayaz\AppData\Local\Android\Sdk\platform-tools\adb.exe -P 5037 -s emulator-5554 shell dumpsys input_method'
[debug] &amp#27;[35m[ADB]&amp#27;[39m Running 'C:\Users\Fayaz\AppData\Local\Android\Sdk\platform-tools\adb.exe -P 5037 -s emulator-5554 shell dumpsys input_method'
[debug] &amp#27;[35m[ADB]&amp#27;[39m Running 'C:\Users\Fayaz\AppData\Local\Android\Sdk\platform-tools\adb.exe -P 5037 -s emulator-5554 shell input keyevent 4'
[debug] &amp#27;[35m[ADB]&amp#27;[39m Running 'C:\Users\Fayaz\AppData\Local\Android\Sdk\platform-tools\adb.exe -P 5037 -s emulator-5554 shell dumpsys input_method'
[debug] &amp#27;[35m[W3C (29df3a64)]&amp#27;[39m Responding to client with driver.hideKeyboard() result: true
&amp#27;[35m[HTTP]&amp#27;[39m &amp#27;[37m<-- POST /wd/hub/session/29df3a64-71f1-4264-86fa-95e942e78259/appium/device/hide_keyboard &amp#27;[39m&amp#27;[32m200&amp#27;[39m &amp#27;[90m3954 ms - 14&amp#27;[39m
&amp#27;[35m[HTTP]&amp#27;[39m &amp#27;[90m&amp#27;[39m
&amp#27;[35m[HTTP]&amp#27;[39m &amp#27;[37m-->&amp#27;[39m &amp#27;[37mGET&amp#27;[39m &amp#27;[37m/wd/hub/session/29df3a64-71f1-4264-86fa-95e942e78259/context&amp#27;[39m
&amp#27;[35m[HTTP]&amp#27;[39m &amp#27;[90m{}&amp#27;[39m
[debug] &amp#27;[35m[W3C (29df3a64)]&amp#27;[39m Calling AppiumDriver.getCurrentContext() with args: ["29df3a64-71f1-4264-86fa-95e942e78259"]
[debug] &amp#27;[35m[W3C (29df3a64)]&amp#27;[39m Responding to client with driver.getCurrentContext() result: "NATIVE_APP"
&amp#27;[35m[HTTP]&amp#27;[39m &amp#27;[37m<-- GET /wd/hub/session/29df3a64-71f1-4264-86fa-95e942e78259/context &amp#27;[39m&amp#27;[32m200&amp#27;[39m &amp#27;[90m1 ms - 22&amp#27;[39m
&amp#27;[35m[HTTP]&amp#27;[39m &amp#27;[90m&amp#27;[39m
&amp#27;[35m[HTTP]&amp#27;[39m &amp#27;[37m-->&amp#27;[39m &amp#27;[37mPOST&amp#27;[39m &amp#27;[37m/wd/hub/session/29df3a64-71f1-4264-86fa-95e942e78259/element&amp#27;[39m
&amp#27;[35m[HTTP]&amp#27;[39m &amp#27;[90m{"using":"xpath","value":"//android.widget.Button[@text='Proceed']"}&amp#27;[39m
[debug] &amp#27;[35m[W3C (29df3a64)]&amp#27;[39m Calling AppiumDriver.findElement() with args: ["xpath","//android.widget.Button[@text='Proceed']","29df3a64-71f1-4264-86fa-95e942e78259"]
[debug] &amp#27;[35m[BaseDriver]&amp#27;[39m Valid locator strategies for this request: xpath, id, class name, accessibility id, css selector, -android uiautomator
[debug] &amp#27;[35m[BaseDriver]&amp#27;[39m Waiting up to 10000 ms for condition
[debug] &amp#27;[35m[WD Proxy]&amp#27;[39m Matched '/element' to command name 'findElement'
[debug] &amp#27;[35m[WD Proxy]&amp#27;[39m Proxying [POST /element] to [POST http://127.0.0.1:8201/wd/hub/session/6d00f182-67c8-46f5-a6f3-8cddd0c272e3/element] with body: {"strategy":"xpath","selector":"//android.widget.Button[@text='Proceed']","context":"","multiple":false}
[debug] &amp#27;[35m[WD Proxy]&amp#27;[39m Got response with status 200: {"sessionId":"6d00f182-67c8-46f5-a6f3-8cddd0c272e3","value":{"ELEMENT":"f02fb746-77ae-4b36-b13f-6e7472934ac3","element-6066-11e4-a52e-4f735466cecf":"f02fb746-77ae-4b36-b13f-6e7472934ac3"}}
[debug] &amp#27;[35m[W3C (29df3a64)]&amp#27;[39m Responding to client with driver.findElement() result: {"element-6066-11e4-a52e-4f735466cecf":"f02fb746-77ae-4b36-b13f-6e7472934ac3","ELEMENT":"f02fb746-77ae-4b36-b13f-6e7472934ac3"}
&amp#27;[35m[HTTP]&amp#27;[39m &amp#27;[37m<-- POST /wd/hub/session/29df3a64-71f1-4264-86fa-95e942e78259/element &amp#27;[39m&amp#27;[32m200&amp#27;[39m &amp#27;[90m151 ms - 137&amp#27;[39m
&amp#27;[35m[HTTP]&amp#27;[39m &amp#27;[90m&amp#27;[39m
&amp#27;[35m[HTTP]&amp#27;[39m &amp#27;[37m-->&amp#27;[39m &amp#27;[37mPOST&amp#27;[39m &amp#27;[37m/wd/hub/session/29df3a64-71f1-4264-86fa-95e942e78259/element/f02fb746-77ae-4b36-b13f-6e7472934ac3/click&amp#27;[39m
&amp#27;[35m[HTTP]&amp#27;[39m &amp#27;[90m{"id":"f02fb746-77ae-4b36-b13f-6e7472934ac3"}&amp#27;[39m
[debug] &amp#27;[35m[W3C (29df3a64)]&amp#27;[39m Calling AppiumDriver.click() with args: ["f02fb746-77ae-4b36-b13f-6e7472934ac3","29df3a64-71f1-4264-86fa-95e942e78259"]
[debug] &amp#27;[35m[WD Proxy]&amp#27;[39m Matched '/element/f02fb746-77ae-4b36-b13f-6e7472934ac3/click' to command name 'click'
[debug] &amp#27;[35m[WD Proxy]&amp#27;[39m Proxying [POST /element/f02fb746-77ae-4b36-b13f-6e7472934ac3/click] to [POST http://127.0.0.1:8201/wd/hub/session/6d00f182-67c8-46f5-a6f3-8cddd0c272e3/element/f02fb746-77ae-4b36-b13f-6e7472934ac3/click] with body: {"element":"f02fb746-77ae-4b36-b13f-6e7472934ac3"}
[debug] &amp#27;[35m[WD Proxy]&amp#27;[39m Got response with status 200: {"sessionId":"6d00f182-67c8-46f5-a6f3-8cddd0c272e3","value":null}
[debug] &amp#27;[35m[W3C (29df3a64)]&amp#27;[39m Responding to client with driver.click() result: null
&amp#27;[35m[HTTP]&amp#27;[39m &amp#27;[37m<-- POST /wd/hub/session/29df3a64-71f1-4264-86fa-95e942e78259/element/f02fb746-77ae-4b36-b13f-6e7472934ac3/click &amp#27;[39m&amp#27;[32m200&amp#27;[39m &amp#27;[90m200 ms - 14&amp#27;[39m
&amp#27;[35m[HTTP]&amp#27;[39m &amp#27;[90m&amp#27;[39m
&amp#27;[35m[HTTP]&amp#27;[39m &amp#27;[37m-->&amp#27;[39m &amp#27;[37mGET&amp#27;[39m &amp#27;[37m/wd/hub/session/29df3a64-71f1-4264-86fa-95e942e78259/context&amp#27;[39m
&amp#27;[35m[HTTP]&amp#27;[39m &amp#27;[90m{}&amp#27;[39m
[debug] &amp#27;[35m[W3C (29df3a64)]&amp#27;[39m Calling AppiumDriver.getCurrentContext() with args: ["29df3a64-71f1-4264-86fa-95e942e78259"]
[debug] &amp#27;[35m[W3C (29df3a64)]&amp#27;[39m Responding to client with driver.getCurrentContext() result: "NATIVE_APP"
&amp#27;[35m[HTTP]&amp#27;[39m &amp#27;[37m<-- GET /wd/hub/session/29df3a64-71f1-4264-86fa-95e942e78259/context &amp#27;[39m&amp#27;[32m200&amp#27;[39m &amp#27;[90m2 ms - 22&amp#27;[39m
&amp#27;[35m[HTTP]&amp#27;[39m &amp#27;[90m&amp#27;[39m
&amp#27;[35m[HTTP]&amp#27;[39m &amp#27;[37m-->&amp#27;[39m &amp#27;[37mPOST&amp#27;[39m &amp#27;[37m/wd/hub/session/29df3a64-71f1-4264-86fa-95e942e78259/element&amp#27;[39m
&amp#27;[35m[HTTP]&amp#27;[39m &amp#27;[90m{"using":"xpath","value":"//android.widget.EditText[1]"}&amp#27;[39m
[debug] &amp#27;[35m[W3C (29df3a64)]&amp#27;[39m Calling AppiumDriver.findElement() with args: ["xpath","//android.widget.EditText[1]","29df3a64-71f1-4264-86fa-95e942e78259"]
[debug] &amp#27;[35m[BaseDriver]&amp#27;[39m Valid locator strategies for this request: xpath, id, class name, accessibility id, css selector, -android uiautomator
[debug] &amp#27;[35m[BaseDriver]&amp#27;[39m Waiting up to 10000 ms for condition
[debug] &amp#27;[35m[WD Proxy]&amp#27;[39m Matched '/element' to command name 'findElement'
[debug] &amp#27;[35m[WD Proxy]&amp#27;[39m Proxying [POST /element] to [POST http://127.0.0.1:8201/wd/hub/session/6d00f182-67c8-46f5-a6f3-8cddd0c272e3/element] with body: {"strategy":"xpath","selector":"//android.widget.EditText[1]","context":"","multiple":false}
[debug] &amp#27;[35m[WD Proxy]&amp#27;[39m Got response with status 200: {"sessionId":"6d00f182-67c8-46f5-a6f3-8cddd0c272e3","value":{"ELEMENT":"432d7965-e0d3-49be-b09e-d3de2a4ca04c","element-6066-11e4-a52e-4f735466cecf":"432d7965-e0d3-49be-b09e-d3de2a4ca04c"}}
[debug] &amp#27;[35m[W3C (29df3a64)]&amp#27;[39m Responding to client with driver.findElement() result: {"element-6066-11e4-a52e-4f735466cecf":"432d7965-e0d3-49be-b09e-d3de2a4ca04c","ELEMENT":"432d7965-e0d3-49be-b09e-d3de2a4ca04c"}
&amp#27;[35m[HTTP]&amp#27;[39m &amp#27;[37m<-- POST /wd/hub/session/29df3a64-71f1-4264-86fa-95e942e78259/element &amp#27;[39m&amp#27;[32m200&amp#27;[39m &amp#27;[90m111 ms - 137&amp#27;[39m
&amp#27;[35m[HTTP]&amp#27;[39m &amp#27;[90m&amp#27;[39m
&amp#27;[35m[HTTP]&amp#27;[39m &amp#27;[37m-->&amp#27;[39m &amp#27;[37mPOST&amp#27;[39m &amp#27;[37m/wd/hub/session/29df3a64-71f1-4264-86fa-95e942e78259/element/432d7965-e0d3-49be-b09e-d3de2a4ca04c/value&amp#27;[39m
&amp#27;[35m[HTTP]&amp#27;[39m &amp#27;[90m{"id":"432d7965-e0d3-49be-b09e-d3de2a4ca04c","text":"7760305049","value":["7","7","6","0","3","0","5","0","4","9"]}&amp#27;[39m
[debug] &amp#27;[35m[W3C (29df3a64)]&amp#27;[39m Calling AppiumDriver.setValue() with args: [["7","7","6","0","3","0","5","0","4","9"],"432d7965-e0d3-49be-b09e-d3de2a4ca04c","29df3a64-71f1-4264-86fa-95e942e78259"]
[debug] &amp#27;[35m[WD Proxy]&amp#27;[39m Matched '/element/432d7965-e0d3-49be-b09e-d3de2a4ca04c/value' to command name 'setValue'
[debug] &amp#27;[35m[Protocol Converter]&amp#27;[39m Added 'value' property ["7","7","6","0","3","0","5","0","4","9"] to 'setValue' request body
[debug] &amp#27;[35m[WD Proxy]&amp#27;[39m Proxying [POST /element/432d7965-e0d3-49be-b09e-d3de2a4ca04c/value] to [POST http://127.0.0.1:8201/wd/hub/session/6d00f182-67c8-46f5-a6f3-8cddd0c272e3/element/432d7965-e0d3-49be-b09e-d3de2a4ca04c/value] with body: {"elementId":"432d7965-e0d3-49be-b09e-d3de2a4ca04c","text":"7760305049","replace":false,"value":["7","7","6","0","3","0","5","0","4","9"]}
[debug] &amp#27;[35m[WD Proxy]&amp#27;[39m Got response with status 200: {"sessionId":"6d00f182-67c8-46f5-a6f3-8cddd0c272e3","value":null}
[debug] &amp#27;[35m[W3C (29df3a64)]&amp#27;[39m Responding to client with driver.setValue() result: null
&amp#27;[35m[HTTP]&amp#27;[39m &amp#27;[37m<-- POST /wd/hub/session/29df3a64-71f1-4264-86fa-95e942e78259/element/432d7965-e0d3-49be-b09e-d3de2a4ca04c/value &amp#27;[39m&amp#27;[32m200&amp#27;[39m &amp#27;[90m40 ms - 14&amp#27;[39m
&amp#27;[35m[HTTP]&amp#27;[39m &amp#27;[90m&amp#27;[39m
&amp#27;[35m[HTTP]&amp#27;[39m &amp#27;[37m-->&amp#27;[39m &amp#27;[37mGET&amp#27;[39m &amp#27;[37m/wd/hub/session/29df3a64-71f1-4264-86fa-95e942e78259/context&amp#27;[39m
&amp#27;[35m[HTTP]&amp#27;[39m &amp#27;[90m{}&amp#27;[39m
[debug] &amp#27;[35m[W3C (29df3a64)]&amp#27;[39m Calling AppiumDriver.getCurrentContext() with args: ["29df3a64-71f1-4264-86fa-95e942e78259"]
[debug] &amp#27;[35m[W3C (29df3a64)]&amp#27;[39m Responding to client with driver.getCurrentContext() result: "NATIVE_APP"
&amp#27;[35m[HTTP]&amp#27;[39m &amp#27;[37m<-- GET /wd/hub/session/29df3a64-71f1-4264-86fa-95e942e78259/context &amp#27;[39m&amp#27;[32m200&amp#27;[39m &amp#27;[90m2 ms - 22&amp#27;[39m
&amp#27;[35m[HTTP]&amp#27;[39m &amp#27;[90m&amp#27;[39m
&amp#27;[35m[HTTP]&amp#27;[39m &amp#27;[37m-->&amp#27;[39m &amp#27;[37mPOST&amp#27;[39m &amp#27;[37m/wd/hub/session/29df3a64-71f1-4264-86fa-95e942e78259/element&amp#27;[39m
&amp#27;[35m[HTTP]&amp#27;[39m &amp#27;[90m{"using":"xpath","value":"(//android.widget.EditText)[2]"}&amp#27;[39m
[debug] &amp#27;[35m[W3C (29df3a64)]&amp#27;[39m Calling AppiumDriver.findElement() with args: ["xpath","(//android.widget.EditText)[2]","29df3a64-71f1-4264-86fa-95e942e78259"]
[debug] &amp#27;[35m[BaseDriver]&amp#27;[39m Valid locator strategies for this request: xpath, id, class name, accessibility id, css selector, -android uiautomator
[debug] &amp#27;[35m[BaseDriver]&amp#27;[39m Waiting up to 10000 ms for condition
[debug] &amp#27;[35m[WD Proxy]&amp#27;[39m Matched '/element' to command name 'findElement'
[debug] &amp#27;[35m[WD Proxy]&amp#27;[39m Proxying [POST /element] to [POST http://127.0.0.1:8201/wd/hub/session/6d00f182-67c8-46f5-a6f3-8cddd0c272e3/element] with body: {"strategy":"xpath","selector":"(//android.widget.EditText)[2]","context":"","multiple":false}
[debug] &amp#27;[35m[WD Proxy]&amp#27;[39m Got response with status 200: {"sessionId":"6d00f182-67c8-46f5-a6f3-8cddd0c272e3","value":{"ELEMENT":"ec1b8c08-891e-40e3-a5ed-dca6ef6a215d","element-6066-11e4-a52e-4f735466cecf":"ec1b8c08-891e-40e3-a5ed-dca6ef6a215d"}}
[debug] &amp#27;[35m[W3C (29df3a64)]&amp#27;[39m Responding to client with driver.findElement() result: {"element-6066-11e4-a52e-4f735466cecf":"ec1b8c08-891e-40e3-a5ed-dca6ef6a215d","ELEMENT":"ec1b8c08-891e-40e3-a5ed-dca6ef6a215d"}
&amp#27;[35m[HTTP]&amp#27;[39m &amp#27;[37m<-- POST /wd/hub/session/29df3a64-71f1-4264-86fa-95e942e78259/element &amp#27;[39m&amp#27;[32m200&amp#27;[39m &amp#27;[90m540 ms - 137&amp#27;[39m
&amp#27;[35m[HTTP]&amp#27;[39m &amp#27;[90m&amp#27;[39m
&amp#27;[35m[HTTP]&amp#27;[39m &amp#27;[37m-->&amp#27;[39m &amp#27;[37mPOST&amp#27;[39m &amp#27;[37m/wd/hub/session/29df3a64-71f1-4264-86fa-95e942e78259/element/ec1b8c08-891e-40e3-a5ed-dca6ef6a215d/click&amp#27;[39m
&amp#27;[35m[HTTP]&amp#27;[39m &amp#27;[90m{"id":"ec1b8c08-891e-40e3-a5ed-dca6ef6a215d"}&amp#27;[39m
[debug] &amp#27;[35m[W3C (29df3a64)]&amp#27;[39m Calling AppiumDriver.click() with args: ["ec1b8c08-891e-40e3-a5ed-dca6ef6a215d","29df3a64-71f1-4264-86fa-95e942e78259"]
[debug] &amp#27;[35m[WD Proxy]&amp#27;[39m Matched '/element/ec1b8c08-891e-40e3-a5ed-dca6ef6a215d/click' to command name 'click'
[debug] &amp#27;[35m[WD Proxy]&amp#27;[39m Proxying [POST /element/ec1b8c08-891e-40e3-a5ed-dca6ef6a215d/click] to [POST http://127.0.0.1:8201/wd/hub/session/6d00f182-67c8-46f5-a6f3-8cddd0c272e3/element/ec1b8c08-891e-40e3-a5ed-dca6ef6a215d/click] with body: {"element":"ec1b8c08-891e-40e3-a5ed-dca6ef6a215d"}
[debug] &amp#27;[35m[WD Proxy]&amp#27;[39m Got response with status 200: {"sessionId":"6d00f182-67c8-46f5-a6f3-8cddd0c272e3","value":null}
[debug] &amp#27;[35m[W3C (29df3a64)]&amp#27;[39m Responding to client with driver.click() result: null
&amp#27;[35m[HTTP]&amp#27;[39m &amp#27;[37m<-- POST /wd/hub/session/29df3a64-71f1-4264-86fa-95e942e78259/element/ec1b8c08-891e-40e3-a5ed-dca6ef6a215d/click &amp#27;[39m&amp#27;[32m200&amp#27;[39m &amp#27;[90m83 ms - 14&amp#27;[39m
&amp#27;[35m[HTTP]&amp#27;[39m &amp#27;[90m&amp#27;[39m
&amp#27;[35m[HTTP]&amp#27;[39m &amp#27;[37m-->&amp#27;[39m &amp#27;[37mGET&amp#27;[39m &amp#27;[37m/wd/hub/session/29df3a64-71f1-4264-86fa-95e942e78259/context&amp#27;[39m
&amp#27;[35m[HTTP]&amp#27;[39m &amp#27;[90m{}&amp#27;[39m
[debug] &amp#27;[35m[W3C (29df3a64)]&amp#27;[39m Calling AppiumDriver.getCurrentContext() with args: ["29df3a64-71f1-4264-86fa-95e942e78259"]
[debug] &amp#27;[35m[W3C (29df3a64)]&amp#27;[39m Responding to client with driver.getCurrentContext() result: "NATIVE_APP"
&amp#27;[35m[HTTP]&amp#27;[39m &amp#27;[37m<-- GET /wd/hub/session/29df3a64-71f1-4264-86fa-95e942e78259/context &amp#27;[39m&amp#27;[32m200&amp#27;[39m &amp#27;[90m2 ms - 22&amp#27;[39m
&amp#27;[35m[HTTP]&amp#27;[39m &amp#27;[90m&amp#27;[39m
&amp#27;[35m[HTTP]&amp#27;[39m &amp#27;[37m-->&amp#27;[39m &amp#27;[37mPOST&amp#27;[39m &amp#27;[37m/wd/hub/session/29df3a64-71f1-4264-86fa-95e942e78259/element&amp#27;[39m
&amp#27;[35m[HTTP]&amp#27;[39m &amp#27;[90m{"using":"xpath","value":"(//android.widget.EditText)[2]"}&amp#27;[39m
[debug] &amp#27;[35m[W3C (29df3a64)]&amp#27;[39m Calling AppiumDriver.findElement() with args: ["xpath","(//android.widget.EditText)[2]","29df3a64-71f1-4264-86fa-95e942e78259"]
[debug] &amp#27;[35m[BaseDriver]&amp#27;[39m Valid locator strategies for this request: xpath, id, class name, accessibility id, css selector, -android uiautomator
[debug] &amp#27;[35m[BaseDriver]&amp#27;[39m Waiting up to 10000 ms for condition
[debug] &amp#27;[35m[WD Proxy]&amp#27;[39m Matched '/element' to command name 'findElement'
[debug] &amp#27;[35m[WD Proxy]&amp#27;[39m Proxying [POST /element] to [POST http://127.0.0.1:8201/wd/hub/session/6d00f182-67c8-46f5-a6f3-8cddd0c272e3/element] with body: {"strategy":"xpath","selector":"(//android.widget.EditText)[2]","context":"","multiple":false}
[debug] &amp#27;[35m[WD Proxy]&amp#27;[39m Got response with status 200: {"sessionId":"6d00f182-67c8-46f5-a6f3-8cddd0c272e3","value":{"ELEMENT":"b864dd04-2d7a-49de-8605-01e5c1f555bd","element-6066-11e4-a52e-4f735466cecf":"b864dd04-2d7a-49de-8605-01e5c1f555bd"}}
[debug] &amp#27;[35m[W3C (29df3a64)]&amp#27;[39m Responding to client with driver.findElement() result: {"element-6066-11e4-a52e-4f735466cecf":"b864dd04-2d7a-49de-8605-01e5c1f555bd","ELEMENT":"b864dd04-2d7a-49de-8605-01e5c1f555bd"}
&amp#27;[35m[HTTP]&amp#27;[39m &amp#27;[37m<-- POST /wd/hub/session/29df3a64-71f1-4264-86fa-95e942e78259/element &amp#27;[39m&amp#27;[32m200&amp#27;[39m &amp#27;[90m133 ms - 137&amp#27;[39m
&amp#27;[35m[HTTP]&amp#27;[39m &amp#27;[90m&amp#27;[39m
&amp#27;[35m[HTTP]&amp#27;[39m &amp#27;[37m-->&amp#27;[39m &amp#27;[37mPOST&amp#27;[39m &amp#27;[37m/wd/hub/session/29df3a64-71f1-4264-86fa-95e942e78259/element/b864dd04-2d7a-49de-8605-01e5c1f555bd/value&amp#27;[39m
&amp#27;[35m[HTTP]&amp#27;[39m &amp#27;[90m{"id":"b864dd04-2d7a-49de-8605-01e5c1f555bd","text":"0082","value":["0","0","8","2"]}&amp#27;[39m
[debug] &amp#27;[35m[W3C (29df3a64)]&amp#27;[39m Calling AppiumDriver.setValue() with args: [["0","0","8","2"],"b864dd04-2d7a-49de-8605-01e5c1f555bd","29df3a64-71f1-4264-86fa-95e942e78259"]
[debug] &amp#27;[35m[WD Proxy]&amp#27;[39m Matched '/element/b864dd04-2d7a-49de-8605-01e5c1f555bd/value' to command name 'setValue'
[debug] &amp#27;[35m[Protocol Converter]&amp#27;[39m Added 'value' property ["0","0","8","2"] to 'setValue' request body
[debug] &amp#27;[35m[WD Proxy]&amp#27;[39m Proxying [POST /element/b864dd04-2d7a-49de-8605-01e5c1f555bd/value] to [POST http://127.0.0.1:8201/wd/hub/session/6d00f182-67c8-46f5-a6f3-8cddd0c272e3/element/b864dd04-2d7a-49de-8605-01e5c1f555bd/value] with body: {"elementId":"b864dd04-2d7a-49de-8605-01e5c1f555bd","text":"0082","replace":false,"value":["0","0","8","2"]}
[debug] &amp#27;[35m[WD Proxy]&amp#27;[39m Got response with status 200: {"sessionId":"6d00f182-67c8-46f5-a6f3-8cddd0c272e3","value":null}
[debug] &amp#27;[35m[W3C (29df3a64)]&amp#27;[39m Responding to client with driver.setValue() result: null
&amp#27;[35m[HTTP]&amp#27;[39m &amp#27;[37m<-- POST /wd/hub/session/29df3a64-71f1-4264-86fa-95e942e78259/element/b864dd04-2d7a-49de-8605-01e5c1f555bd/value &amp#27;[39m&amp#27;[32m200&amp#27;[39m &amp#27;[90m1183 ms - 14&amp#27;[39m
&amp#27;[35m[HTTP]&amp#27;[39m &amp#27;[90m&amp#27;[39m
&amp#27;[35m[HTTP]&amp#27;[39m &amp#27;[37m-->&amp#27;[39m &amp#27;[37mPOST&amp#27;[39m &amp#27;[37m/wd/hub/session/29df3a64-71f1-4264-86fa-95e942e78259/appium/device/hide_keyboard&amp#27;[39m
&amp#27;[35m[HTTP]&amp#27;[39m &amp#27;[90m{}&amp#27;[39m
[debug] &amp#27;[35m[W3C (29df3a64)]&amp#27;[39m Calling AppiumDriver.hideKeyboard() with args: [null,null,null,null,"29df3a64-71f1-4264-86fa-95e942e78259"]
[debug] &amp#27;[35m[ADB]&amp#27;[39m Running 'C:\Users\Fayaz\AppData\Local\Android\Sdk\platform-tools\adb.exe -P 5037 -s emulator-5554 shell dumpsys input_method'
&amp#27;[35m[AndroidDriver]&amp#27;[39m Keyboard has no UI; no closing necessary
[debug] &amp#27;[35m[W3C (29df3a64)]&amp#27;[39m Responding to client with driver.hideKeyboard() result: null
&amp#27;[35m[HTTP]&amp#27;[39m &amp#27;[37m<-- POST /wd/hub/session/29df3a64-71f1-4264-86fa-95e942e78259/appium/device/hide_keyboard &amp#27;[39m&amp#27;[32m200&amp#27;[39m &amp#27;[90m548 ms - 14&amp#27;[39m
&amp#27;[35m[HTTP]&amp#27;[39m &amp#27;[90m&amp#27;[39m
&amp#27;[35m[HTTP]&amp#27;[39m &amp#27;[37m-->&amp#27;[39m &amp#27;[37mGET&amp#27;[39m &amp#27;[37m/wd/hub/session/29df3a64-71f1-4264-86fa-95e942e78259/context&amp#27;[39m
&amp#27;[35m[HTTP]&amp#27;[39m &amp#27;[90m{}&amp#27;[39m
[debug] &amp#27;[35m[W3C (29df3a64)]&amp#27;[39m Calling AppiumDriver.getCurrentContext() with args: ["29df3a64-71f1-4264-86fa-95e942e78259"]
[debug] &amp#27;[35m[W3C (29df3a64)]&amp#27;[39m Responding to client with driver.getCurrentContext() result: "NATIVE_APP"
&amp#27;[35m[HTTP]&amp#27;[39m &amp#27;[37m<-- GET /wd/hub/session/29df3a64-71f1-4264-86fa-95e942e78259/context &amp#27;[39m&amp#27;[32m200&amp#27;[39m &amp#27;[90m1 ms - 22&amp#27;[39m
&amp#27;[35m[HTTP]&amp#27;[39m &amp#27;[90m&amp#27;[39m
&amp#27;[35m[HTTP]&amp#27;[39m &amp#27;[37m-->&amp#27;[39m &amp#27;[37mPOST&amp#27;[39m &amp#27;[37m/wd/hub/session/29df3a64-71f1-4264-86fa-95e942e78259/element&amp#27;[39m
&amp#27;[35m[HTTP]&amp#27;[39m &amp#27;[90m{"using":"xpath","value":"//android.widget.Button[@text='Sign In']"}&amp#27;[39m
[debug] &amp#27;[35m[W3C (29df3a64)]&amp#27;[39m Calling AppiumDriver.findElement() with args: ["xpath","//android.widget.Button[@text='Sign In']","29df3a64-71f1-4264-86fa-95e942e78259"]
[debug] &amp#27;[35m[BaseDriver]&amp#27;[39m Valid locator strategies for this request: xpath, id, class name, accessibility id, css selector, -android uiautomator
[debug] &amp#27;[35m[BaseDriver]&amp#27;[39m Waiting up to 10000 ms for condition
[debug] &amp#27;[35m[WD Proxy]&amp#27;[39m Matched '/element' to command name 'findElement'
[debug] &amp#27;[35m[WD Proxy]&amp#27;[39m Proxying [POST /element] to [POST http://127.0.0.1:8201/wd/hub/session/6d00f182-67c8-46f5-a6f3-8cddd0c272e3/element] with body: {"strategy":"xpath","selector":"//android.widget.Button[@text='Sign In']","context":"","multiple":false}
[debug] &amp#27;[35m[WD Proxy]&amp#27;[39m Got response with status 200: {"sessionId":"6d00f182-67c8-46f5-a6f3-8cddd0c272e3","value":{"ELEMENT":"79ac5c89-b966-40a1-bb45-6513eacf24fc","element-6066-11e4-a52e-4f735466cecf":"79ac5c89-b966-40a1-bb45-6513eacf24fc"}}
[debug] &amp#27;[35m[W3C (29df3a64)]&amp#27;[39m Responding to client with driver.findElement() result: {"element-6066-11e4-a52e-4f735466cecf":"79ac5c89-b966-40a1-bb45-6513eacf24fc","ELEMENT":"79ac5c89-b966-40a1-bb45-6513eacf24fc"}
&amp#27;[35m[HTTP]&amp#27;[39m &amp#27;[37m<-- POST /wd/hub/session/29df3a64-71f1-4264-86fa-95e942e78259/element &amp#27;[39m&amp#27;[32m200&amp#27;[39m &amp#27;[90m614 ms - 137&amp#27;[39m
&amp#27;[35m[HTTP]&amp#27;[39m &amp#27;[90m&amp#27;[39m
&amp#27;[35m[HTTP]&amp#27;[39m &amp#27;[37m-->&amp#27;[39m &amp#27;[37mPOST&amp#27;[39m &amp#27;[37m/wd/hub/session/29df3a64-71f1-4264-86fa-95e942e78259/element/79ac5c89-b966-40a1-bb45-6513eacf24fc/click&amp#27;[39m
&amp#27;[35m[HTTP]&amp#27;[39m &amp#27;[90m{"id":"79ac5c89-b966-40a1-bb45-6513eacf24fc"}&amp#27;[39m
[debug] &amp#27;[35m[W3C (29df3a64)]&amp#27;[39m Calling AppiumDriver.click() with args: ["79ac5c89-b966-40a1-bb45-6513eacf24fc","29df3a64-71f1-4264-86fa-95e942e78259"]
[debug] &amp#27;[35m[WD Proxy]&amp#27;[39m Matched '/element/79ac5c89-b966-40a1-bb45-6513eacf24fc/click' to command name 'click'
[debug] &amp#27;[35m[WD Proxy]&amp#27;[39m Proxying [POST /element/79ac5c89-b966-40a1-bb45-6513eacf24fc/click] to [POST http://127.0.0.1:8201/wd/hub/session/6d00f182-67c8-46f5-a6f3-8cddd0c272e3/element/79ac5c89-b966-40a1-bb45-6513eacf24fc/click] with body: {"element":"79ac5c89-b966-40a1-bb45-6513eacf24fc"}
[debug] &amp#27;[35m[WD Proxy]&amp#27;[39m Got response with status 200: {"sessionId":"6d00f182-67c8-46f5-a6f3-8cddd0c272e3","value":null}
[debug] &amp#27;[35m[W3C (29df3a64)]&amp#27;[39m Responding to client with driver.click() result: null
&amp#27;[35m[HTTP]&amp#27;[39m &amp#27;[37m<-- POST /wd/hub/session/29df3a64-71f1-4264-86fa-95e942e78259/element/79ac5c89-b966-40a1-bb45-6513eacf24fc/click &amp#27;[39m&amp#27;[32m200&amp#27;[39m &amp#27;[90m100 ms - 14&amp#27;[39m
&amp#27;[35m[HTTP]&amp#27;[39m &amp#27;[90m&amp#27;[39m
&amp#27;[35m[HTTP]&amp#27;[39m &amp#27;[37m-->&amp#27;[39m &amp#27;[37mGET&amp#27;[39m &amp#27;[37m/wd/hub/session/29df3a64-71f1-4264-86fa-95e942e78259/context&amp#27;[39m
&amp#27;[35m[HTTP]&amp#27;[39m &amp#27;[90m{}&amp#27;[39m
[debug] &amp#27;[35m[W3C (29df3a64)]&amp#27;[39m Calling AppiumDriver.getCurrentContext() with args: ["29df3a64-71f1-4264-86fa-95e942e78259"]
[debug] &amp#27;[35m[W3C (29df3a64)]&amp#27;[39m Responding to client with driver.getCurrentContext() result: "NATIVE_APP"
&amp#27;[35m[HTTP]&amp#27;[39m &amp#27;[37m<-- GET /wd/hub/session/29df3a64-71f1-4264-86fa-95e942e78259/context &amp#27;[39m&amp#27;[32m200&amp#27;[39m &amp#27;[90m1 ms - 22&amp#27;[39m
&amp#27;[35m[HTTP]&amp#27;[39m &amp#27;[90m&amp#27;[39m
&amp#27;[35m[HTTP]&amp#27;[39m &amp#27;[37m-->&amp#27;[39m &amp#27;[37mPOST&amp#27;[39m &amp#27;[37m/wd/hub/session/29df3a64-71f1-4264-86fa-95e942e78259/element&amp#27;[39m
&amp#27;[35m[HTTP]&amp#27;[39m &amp#27;[90m{"using":"xpath","value":"//android.view.View[@text='accounts']"}&amp#27;[39m
[debug] &amp#27;[35m[W3C (29df3a64)]&amp#27;[39m Calling AppiumDriver.findElement() with args: ["xpath","//android.view.View[@text='accounts']","29df3a64-71f1-4264-86fa-95e942e78259"]
[debug] &amp#27;[35m[BaseDriver]&amp#27;[39m Valid locator strategies for this request: xpath, id, class name, accessibility id, css selector, -android uiautomator
[debug] &amp#27;[35m[BaseDriver]&amp#27;[39m Waiting up to 10000 ms for condition
[debug] &amp#27;[35m[WD Proxy]&amp#27;[39m Matched '/element' to command name 'findElement'
[debug] &amp#27;[35m[WD Proxy]&amp#27;[39m Proxying [POST /element] to [POST http://127.0.0.1:8201/wd/hub/session/6d00f182-67c8-46f5-a6f3-8cddd0c272e3/element] with body: {"strategy":"xpath","selector":"//android.view.View[@text='accounts']","context":"","multiple":false}
[debug] &amp#27;[35m[WD Proxy]&amp#27;[39m Got response with status 200: {"sessionId":"6d00f182-67c8-46f5-a6f3-8cddd0c272e3","value":{"ELEMENT":"b853e4a7-b935-451c-a1c0-14de5b531a51","element-6066-11e4-a52e-4f735466cecf":"b853e4a7-b935-451c-a1c0-14de5b531a51"}}
[debug] &amp#27;[35m[W3C (29df3a64)]&amp#27;[39m Responding to client with driver.findElement() result: {"element-6066-11e4-a52e-4f735466cecf":"b853e4a7-b935-451c-a1c0-14de5b531a51","ELEMENT":"b853e4a7-b935-451c-a1c0-14de5b531a51"}
&amp#27;[35m[HTTP]&amp#27;[39m &amp#27;[37m<-- POST /wd/hub/session/29df3a64-71f1-4264-86fa-95e942e78259/element &amp#27;[39m&amp#27;[32m200&amp#27;[39m &amp#27;[90m110 ms - 137&amp#27;[39m
&amp#27;[35m[HTTP]&amp#27;[39m &amp#27;[90m&amp#27;[39m
&amp#27;[35m[HTTP]&amp#27;[39m &amp#27;[37m-->&amp#27;[39m &amp#27;[37mPOST&amp#27;[39m &amp#27;[37m/wd/hub/session/29df3a64-71f1-4264-86fa-95e942e78259/element/b853e4a7-b935-451c-a1c0-14de5b531a51/click&amp#27;[39m
&amp#27;[35m[HTTP]&amp#27;[39m &amp#27;[90m{"id":"b853e4a7-b935-451c-a1c0-14de5b531a51"}&amp#27;[39m
[debug] &amp#27;[35m[W3C (29df3a64)]&amp#27;[39m Calling AppiumDriver.click() with args: ["b853e4a7-b935-451c-a1c0-14de5b531a51","29df3a64-71f1-4264-86fa-95e942e78259"]
[debug] &amp#27;[35m[WD Proxy]&amp#27;[39m Matched '/element/b853e4a7-b935-451c-a1c0-14de5b531a51/click' to command name 'click'
[debug] &amp#27;[35m[WD Proxy]&amp#27;[39m Proxying [POST /element/b853e4a7-b935-451c-a1c0-14de5b531a51/click] to [POST http://127.0.0.1:8201/wd/hub/session/6d00f182-67c8-46f5-a6f3-8cddd0c272e3/element/b853e4a7-b935-451c-a1c0-14de5b531a51/click] with body: {"element":"b853e4a7-b935-451c-a1c0-14de5b531a51"}
[debug] &amp#27;[35m[WD Proxy]&amp#27;[39m Got response with status 200: {"sessionId":"6d00f182-67c8-46f5-a6f3-8cddd0c272e3","value":null}
[debug] &amp#27;[35m[W3C (29df3a64)]&amp#27;[39m Responding to client with driver.click() result: null
&amp#27;[35m[HTTP]&amp#27;[39m &amp#27;[37m<-- POST /wd/hub/session/29df3a64-71f1-4264-86fa-95e942e78259/element/b853e4a7-b935-451c-a1c0-14de5b531a51/click &amp#27;[39m&amp#27;[32m200&amp#27;[39m &amp#27;[90m100 ms - 14&amp#27;[39m
&amp#27;[35m[HTTP]&amp#27;[39m &amp#27;[90m&amp#27;[39m
&amp#27;[35m[HTTP]&amp#27;[39m &amp#27;[37m-->&amp#27;[39m &amp#27;[37mGET&amp#27;[39m &amp#27;[37m/wd/hub/session/29df3a64-71f1-4264-86fa-95e942e78259/context&amp#27;[39m
&amp#27;[35m[HTTP]&amp#27;[39m &amp#27;[90m{}&amp#27;[39m
[debug] &amp#27;[35m[W3C (29df3a64)]&amp#27;[39m Calling AppiumDriver.getCurrentContext() with args: ["29df3a64-71f1-4264-86fa-95e942e78259"]
[debug] &amp#27;[35m[W3C (29df3a64)]&amp#27;[39m Responding to client with driver.getCurrentContext() result: "NATIVE_APP"
&amp#27;[35m[HTTP]&amp#27;[39m &amp#27;[37m<-- GET /wd/hub/session/29df3a64-71f1-4264-86fa-95e942e78259/context &amp#27;[39m&amp#27;[32m200&amp#27;[39m &amp#27;[90m1 ms - 22&amp#27;[39m
&amp#27;[35m[HTTP]&amp#27;[39m &amp#27;[90m&amp#27;[39m
&amp#27;[35m[HTTP]&amp#27;[39m &amp#27;[37m-->&amp#27;[39m &amp#27;[37mPOST&amp#27;[39m &amp#27;[37m/wd/hub/session/29df3a64-71f1-4264-86fa-95e942e78259/element&amp#27;[39m
&amp#27;[35m[HTTP]&amp#27;[39m &amp#27;[90m{"using":"xpath","value":"//android.view.View[@text='Accounts']"}&amp#27;[39m
[debug] &amp#27;[35m[W3C (29df3a64)]&amp#27;[39m Calling AppiumDriver.findElement() with args: ["xpath","//android.view.View[@text='Accounts']","29df3a64-71f1-4264-86fa-95e942e78259"]
[debug] &amp#27;[35m[BaseDriver]&amp#27;[39m Valid locator strategies for this request: xpath, id, class name, accessibility id, css selector, -android uiautomator
[debug] &amp#27;[35m[BaseDriver]&amp#27;[39m Waiting up to 10000 ms for condition
[debug] &amp#27;[35m[WD Proxy]&amp#27;[39m Matched '/element' to command name 'findElement'
[debug] &amp#27;[35m[WD Proxy]&amp#27;[39m Proxying [POST /element] to [POST http://127.0.0.1:8201/wd/hub/session/6d00f182-67c8-46f5-a6f3-8cddd0c272e3/element] with body: {"strategy":"xpath","selector":"//android.view.View[@text='Accounts']","context":"","multiple":false}
&amp#27;[35m[WD Proxy]&amp#27;[39m Got response with status 404: {"sessionId":"6d00f182-67c8-46f5-a6f3-8cddd0c272e3","value":{"error":"no such element","message":"An element could not be located on the page using the given search parameters","stacktrace":"io.appium.uiautomator2.common.exceptions.ElementNotFoundException: An element could not be located on the page using the given search parameters\n\tat io.appium.uiautomator2.handler.FindElement.findElement(FindElement.java:89)\n\tat io.appium.uiautomator2.handler.FindElement.safeHandle(FindElement.java:66)\n\tat io.appium.uiautomator2.handler.request.SafeRequestHandler.handle(SafeRequestHandler.java:41)\n\tat io.appium.uiautomator2.server.AppiumServlet.handleRequest(AppiumServlet.java:262)\n\tat io.appium.uiautomator2.server.AppiumServlet.handleHttpRequest(AppiumServlet.java:256)\n\tat io.appium.uiautomator2.http.ServerHandler.channelRead(ServerHandler.java:68)\n\tat io.netty.channel.AbstractChannelHandlerContext.invokeChannelRead(AbstractChannelHandlerContext.java:366)\n\tat io.netty.channel.AbstractChannelHandlerCont...
[debug] &amp#27;[35m[W3C]&amp#27;[39m Matched W3C error code 'no such element' to NoSuchElementError
[debug] &amp#27;[35m[BaseDriver]&amp#27;[39m Waited for 1461 ms so far
[debug] &amp#27;[35m[WD Proxy]&amp#27;[39m Matched '/element' to command name 'findElement'
[debug] &amp#27;[35m[WD Proxy]&amp#27;[39m Proxying [POST /element] to [POST http://127.0.0.1:8201/wd/hub/session/6d00f182-67c8-46f5-a6f3-8cddd0c272e3/element] with body: {"strategy":"xpath","selector":"//android.view.View[@text='Accounts']","context":"","multiple":false}
[debug] &amp#27;[35m[WD Proxy]&amp#27;[39m Got response with status 200: {"sessionId":"6d00f182-67c8-46f5-a6f3-8cddd0c272e3","value":{"ELEMENT":"8e688f5e-a5e3-4183-8fba-a64515e19b05","element-6066-11e4-a52e-4f735466cecf":"8e688f5e-a5e3-4183-8fba-a64515e19b05"}}
[debug] &amp#27;[35m[W3C (29df3a64)]&amp#27;[39m Responding to client with driver.findElement() result: {"element-6066-11e4-a52e-4f735466cecf":"8e688f5e-a5e3-4183-8fba-a64515e19b05","ELEMENT":"8e688f5e-a5e3-4183-8fba-a64515e19b05"}
&amp#27;[35m[HTTP]&amp#27;[39m &amp#27;[37m<-- POST /wd/hub/session/29df3a64-71f1-4264-86fa-95e942e78259/element &amp#27;[39m&amp#27;[32m200&amp#27;[39m &amp#27;[90m2085 ms - 137&amp#27;[39m
&amp#27;[35m[HTTP]&amp#27;[39m &amp#27;[90m&amp#27;[39m
&amp#27;[35m[HTTP]&amp#27;[39m &amp#27;[37m-->&amp#27;[39m &amp#27;[37mPOST&amp#27;[39m &amp#27;[37m/wd/hub/session/29df3a64-71f1-4264-86fa-95e942e78259/element/8e688f5e-a5e3-4183-8fba-a64515e19b05/click&amp#27;[39m
&amp#27;[35m[HTTP]&amp#27;[39m &amp#27;[90m{"id":"8e688f5e-a5e3-4183-8fba-a64515e19b05"}&amp#27;[39m
[debug] &amp#27;[35m[W3C (29df3a64)]&amp#27;[39m Calling AppiumDriver.click() with args: ["8e688f5e-a5e3-4183-8fba-a64515e19b05","29df3a64-71f1-4264-86fa-95e942e78259"]
[debug] &amp#27;[35m[WD Proxy]&amp#27;[39m Matched '/element/8e688f5e-a5e3-4183-8fba-a64515e19b05/click' to command name 'click'
[debug] &amp#27;[35m[WD Proxy]&amp#27;[39m Proxying [POST /element/8e688f5e-a5e3-4183-8fba-a64515e19b05/click] to [POST http://127.0.0.1:8201/wd/hub/session/6d00f182-67c8-46f5-a6f3-8cddd0c272e3/element/8e688f5e-a5e3-4183-8fba-a64515e19b05/click] with body: {"element":"8e688f5e-a5e3-4183-8fba-a64515e19b05"}
[debug] &amp#27;[35m[WD Proxy]&amp#27;[39m Got response with status 200: {"sessionId":"6d00f182-67c8-46f5-a6f3-8cddd0c272e3","value":null}
[debug] &amp#27;[35m[W3C (29df3a64)]&amp#27;[39m Responding to client with driver.click() result: null
&amp#27;[35m[HTTP]&amp#27;[39m &amp#27;[37m<-- POST /wd/hub/session/29df3a64-71f1-4264-86fa-95e942e78259/element/8e688f5e-a5e3-4183-8fba-a64515e19b05/click &amp#27;[39m&amp#27;[32m200&amp#27;[39m &amp#27;[90m107 ms - 14&amp#27;[39m
&amp#27;[35m[HTTP]&amp#27;[39m &amp#27;[90m&amp#27;[39m
&amp#27;[35m[HTTP]&amp#27;[39m &amp#27;[37m-->&amp#27;[39m &amp#27;[37mGET&amp#27;[39m &amp#27;[37m/wd/hub/session/29df3a64-71f1-4264-86fa-95e942e78259/context&amp#27;[39m
&amp#27;[35m[HTTP]&amp#27;[39m &amp#27;[90m{}&amp#27;[39m
[debug] &amp#27;[35m[W3C (29df3a64)]&amp#27;[39m Calling AppiumDriver.getCurrentContext() with args: ["29df3a64-71f1-4264-86fa-95e942e78259"]
[debug] &amp#27;[35m[W3C (29df3a64)]&amp#27;[39m Responding to client with driver.getCurrentContext() result: "NATIVE_APP"
&amp#27;[35m[HTTP]&amp#27;[39m &amp#27;[37m<-- GET /wd/hub/session/29df3a64-71f1-4264-86fa-95e942e78259/context &amp#27;[39m&amp#27;[32m200&amp#27;[39m &amp#27;[90m1 ms - 22&amp#27;[39m
&amp#27;[35m[HTTP]&amp#27;[39m &amp#27;[90m&amp#27;[39m
&amp#27;[35m[HTTP]&amp#27;[39m &amp#27;[37m-->&amp#27;[39m &amp#27;[37mPOST&amp#27;[39m &amp#27;[37m/wd/hub/session/29df3a64-71f1-4264-86fa-95e942e78259/elements&amp#27;[39m
&amp#27;[35m[HTTP]&amp#27;[39m &amp#27;[90m{"using":"class name","value":"android.widget.Image"}&amp#27;[39m
[debug] &amp#27;[35m[W3C (29df3a64)]&amp#27;[39m Calling AppiumDriver.findElements() with args: ["class name","android.widget.Image","29df3a64-71f1-4264-86fa-95e942e78259"]
[debug] &amp#27;[35m[BaseDriver]&amp#27;[39m Valid locator strategies for this request: xpath, id, class name, accessibility id, css selector, -android uiautomator
[debug] &amp#27;[35m[BaseDriver]&amp#27;[39m Waiting up to 10000 ms for condition
[debug] &amp#27;[35m[WD Proxy]&amp#27;[39m Matched '/elements' to command name 'findElements'
[debug] &amp#27;[35m[WD Proxy]&amp#27;[39m Proxying [POST /elements] to [POST http://127.0.0.1:8201/wd/hub/session/6d00f182-67c8-46f5-a6f3-8cddd0c272e3/elements] with body: {"strategy":"class name","selector":"android.widget.Image","context":"","multiple":true}
[debug] &amp#27;[35m[WD Proxy]&amp#27;[39m Got response with status 200: {"sessionId":"6d00f182-67c8-46f5-a6f3-8cddd0c272e3","value":[{"ELEMENT":"f43d9536-dd25-49c2-af36-ac560e39ffef","element-6066-11e4-a52e-4f735466cecf":"f43d9536-dd25-49c2-af36-ac560e39ffef"},{"ELEMENT":"dc5cff95-0280-4961-9e08-29c7bf7187aa","element-6066-11e4-a52e-4f735466cecf":"dc5cff95-0280-4961-9e08-29c7bf7187aa"},{"ELEMENT":"1f92af62-29bf-4b7c-825b-5d8567f357ad","element-6066-11e4-a52e-4f735466cecf":"1f92af62-29bf-4b7c-825b-5d8567f357ad"}]}
[debug] &amp#27;[35m[W3C (29df3a64)]&amp#27;[39m Responding to client with driver.findElements() result: [{"element-6066-11e4-a52e-4f735466cecf":"f43d9536-dd25-49c2-af36-ac560e39ffef","ELEMENT":"f43d9536-dd25-49c2-af36-ac560e39ffef"},{"element-6066-11e4-a52e-4f735466cecf":"dc5cff95-0280-4961-9e08-29c7bf7187aa","ELEMENT":"dc5cff95-0280-4961-9e08-29c7bf7187aa"},{"element-6066-11e4-a52e-4f735466cecf":"1f92af62-29bf-4b7c-825b-5d8567f357ad","ELEMENT":"1f92af62-29bf-4b7c-825b-5d8567f357ad"}]
&amp#27;[35m[HTTP]&amp#27;[39m &amp#27;[37m<-- POST /wd/hub/session/29df3a64-71f1-4264-86fa-95e942e78259/elements &amp#27;[39m&amp#27;[32m200&amp#27;[39m &amp#27;[90m31 ms - 395&amp#27;[39m
&amp#27;[35m[HTTP]&amp#27;[39m &amp#27;[90m&amp#27;[39m
3
&amp#27;[35m[HTTP]&amp#27;[39m &amp#27;[37m-->&amp#27;[39m &amp#27;[37mGET&amp#27;[39m &amp#27;[37m/wd/hub/session/29df3a64-71f1-4264-86fa-95e942e78259/context&amp#27;[39m
&amp#27;[35m[HTTP]&amp#27;[39m &amp#27;[90m{}&amp#27;[39m
[debug] &amp#27;[35m[W3C (29df3a64)]&amp#27;[39m Calling AppiumDriver.getCurrentContext() with args: ["29df3a64-71f1-4264-86fa-95e942e78259"]
[debug] &amp#27;[35m[W3C (29df3a64)]&amp#27;[39m Responding to client with driver.getCurrentContext() result: "NATIVE_APP"
&amp#27;[35m[HTTP]&amp#27;[39m &amp#27;[37m<-- GET /wd/hub/session/29df3a64-71f1-4264-86fa-95e942e78259/context &amp#27;[39m&amp#27;[32m200&amp#27;[39m &amp#27;[90m1 ms - 22&amp#27;[39m
&amp#27;[35m[HTTP]&amp#27;[39m &amp#27;[90m&amp#27;[39m
&amp#27;[35m[HTTP]&amp#27;[39m &amp#27;[37m-->&amp#27;[39m &amp#27;[37mPOST&amp#27;[39m &amp#27;[37m/wd/hub/session/29df3a64-71f1-4264-86fa-95e942e78259/elements&amp#27;[39m
&amp#27;[35m[HTTP]&amp#27;[39m &amp#27;[90m{"using":"class name","value":"android.widget.Image"}&amp#27;[39m
[debug] &amp#27;[35m[W3C (29df3a64)]&amp#27;[39m Calling AppiumDriver.findElements() with args: ["class name","android.widget.Image","29df3a64-71f1-4264-86fa-95e942e78259"]
[debug] &amp#27;[35m[BaseDriver]&amp#27;[39m Valid locator strategies for this request: xpath, id, class name, accessibility id, css selector, -android uiautomator
[debug] &amp#27;[35m[BaseDriver]&amp#27;[39m Waiting up to 10000 ms for condition
[debug] &amp#27;[35m[WD Proxy]&amp#27;[39m Matched '/elements' to command name 'findElements'
[debug] &amp#27;[35m[WD Proxy]&amp#27;[39m Proxying [POST /elements] to [POST http://127.0.0.1:8201/wd/hub/session/6d00f182-67c8-46f5-a6f3-8cddd0c272e3/elements] with body: {"strategy":"class name","selector":"android.widget.Image","context":"","multiple":true}
[debug] &amp#27;[35m[WD Proxy]&amp#27;[39m Got response with status 200: {"sessionId":"6d00f182-67c8-46f5-a6f3-8cddd0c272e3","value":[{"ELEMENT":"5cf370de-df50-493c-9598-b24f87241835","element-6066-11e4-a52e-4f735466cecf":"5cf370de-df50-493c-9598-b24f87241835"},{"ELEMENT":"18757265-9ca3-496e-ad57-8dbd21e23ced","element-6066-11e4-a52e-4f735466cecf":"18757265-9ca3-496e-ad57-8dbd21e23ced"},{"ELEMENT":"9b173c98-830f-423f-a037-8f28e58f0fc3","element-6066-11e4-a52e-4f735466cecf":"9b173c98-830f-423f-a037-8f28e58f0fc3"}]}
[debug] &amp#27;[35m[W3C (29df3a64)]&amp#27;[39m Responding to client with driver.findElements() result: [{"element-6066-11e4-a52e-4f735466cecf":"5cf370de-df50-493c-9598-b24f87241835","ELEMENT":"5cf370de-df50-493c-9598-b24f87241835"},{"element-6066-11e4-a52e-4f735466cecf":"18757265-9ca3-496e-ad57-8dbd21e23ced","ELEMENT":"18757265-9ca3-496e-ad57-8dbd21e23ced"},{"element-6066-11e4-a52e-4f735466cecf":"9b173c98-830f-423f-a037-8f28e58f0fc3","ELEMENT":"9b173c98-830f-423f-a037-8f28e58f0fc3"}]
&amp#27;[35m[HTTP]&amp#27;[39m &amp#27;[37m<-- POST /wd/hub/session/29df3a64-71f1-4264-86fa-95e942e78259/elements &amp#27;[39m&amp#27;[32m200&amp#27;[39m &amp#27;[90m27 ms - 395&amp#27;[39m
&amp#27;[35m[HTTP]&amp#27;[39m &amp#27;[90m&amp#27;[39m
RemoveOneAccounts
&amp#27;[35m[HTTP]&amp#27;[39m &amp#27;[37m-->&amp#27;[39m &amp#27;[37mGET&amp#27;[39m &amp#27;[37m/wd/hub/session/29df3a64-71f1-4264-86fa-95e942e78259/screenshot&amp#27;[39m
&amp#27;[35m[HTTP]&amp#27;[39m &amp#27;[90m{}&amp#27;[39m
[debug] &amp#27;[35m[W3C (29df3a64)]&amp#27;[39m Calling AppiumDriver.getScreenshot() with args: ["29df3a64-71f1-4264-86fa-95e942e78259"]
[debug] &amp#27;[35m[WD Proxy]&amp#27;[39m Matched '/screenshot' to command name 'getScreenshot'
[debug] &amp#27;[35m[WD Proxy]&amp#27;[39m Proxying [GET /screenshot] to [GET http://127.0.0.1:8201/wd/hub/session/6d00f182-67c8-46f5-a6f3-8cddd0c272e3/screenshot] with no body
[debug] &amp#27;[35m[WD Proxy]&amp#27;[39m Got response with status 200: {"sessionId":"6d00f182-67c8-46f5-a6f3-8cddd0c272e3","value":"iVBORw0KGgoAAAANSUhEUgAABDgAAAeACAYAAAArYecKAAAAAXNSR0IArs4c6QAAAARzQklUCAgI\nCHwIZIgAACAASURBVHic7N13nGRVnTbw59wKXZ1npmd6Uk/oyRkmMIGBYWSIDjmIiHGFVdHX9fV1\ndxUM6LLqurpi1kU3gbCioICIMgwwAWYYJsgEJjI59aTOsaruef+ourdurLoVu7r7+e4HuuqGc29V\nV7Oep37nHPHwDY9KEBERERERERH1YUpv3wARERERERERUbYYcBARERERERFRn8eAg4iIiIiIiIj6\nPAYcRERERERERNTnMeAgIiIiIiIioj6PAQcRERERERER9XkMOIiIiIiIiIioz2PAQURERERERER9\nHgMOIiIiIiIiIurzGHAQERERERERUZ/HgIOIiIiIiIiI+jx/b98AUW8TikDF4DJMvmQMJsyrw/D6\nGpQNCgEAOpq7cPZII97dchz7Nx1B64UOSFX28h0TERERERGRlXj4hkfZW6OBRwDDxgzGdZ9aitHT\nauHzKYBIcY4E1KiKUwfO4c8/ex2nD50H+uBfj+JTUDtuMCAEKgaXAgDaGjsBKXHmSCPUqNrLd0hE\nRERERJQ+Bhw04FTWlOMzv7oLiuIh1HAjAVVV8e1b/xNSFvefkOJXUDW0HHXTh6NuWi2GjR2CkvIg\nAMAfiI1Si4RjoUZ3ew/OHr2A43vO4PjuBrSca4caYeBBRERERH1bqDyI2voajJhQg5LyIIZPqEEo\n/r+JAaCrvQcNB8+ju70Hpw+ex5lD59HV3tOLd5y94RNq0HDwfN6vcfW9i5Mes+qXG/N+HxoOUaEB\nwxfw4cPfvgEjJw+FEJkmG3EiVglx4+eW4bnvr8nNDeaYz69gyKhqzFg2AfUXjUZZdQhlVSE93HAz\nvH4IJsytQ0dzFw69fQLvrD2I...
[debug] &amp#27;[35m[W3C (29df3a64)]&amp#27;[39m Responding to client with driver.getScreenshot() result: "iVBORw0KGgoAAAANSUhEUgAABDgAAAeACAYAAAArYecKAAAAAXNSR0IArs4c6QAAAARzQklUCAgI\nCHwIZIgAACAASURBVHic7N13nGRVnTbw59wKXZ1npmd6Uk/oyRkmMIGBYWSIDjmIiHGFVdHX9fV1\ndxUM6LLqurpi1kU3gbCioICIMgwwAWYYJsgEJjI59aTOsaruef+ourdurLoVu7r7+e4HuuqGc29V\nV7Oep37nHPHwDY9KEBERERERERH1YUpv3wARERERERERUbYYcBARERERERFRn8eAg4iIiIiIiIj6\nPAYcRERERERERNTnMeAgIiIiIiIioj6PAQcRERERERER9XkMOIiIiIiIiIioz2PAQURERERERER9\nHgMOIiIiIiIiIurzGHAQERERERERUZ/HgIOIiIiIiIiI+jx/b98AUW8TikDF4DJMvmQMJsyrw/D6\nGpQNCgEAOpq7cPZII97dchz7Nx1B64UOSFX28h0TERERERGRlXj4hkfZW6OBRwDDxgzGdZ9aitHT\nauHzKYBIcY4E1KiKUwfO4c8/ex2nD50H+uBfj+JTUDtuMCAEKgaXAgDaGjsBKXHmSCPUqNrLd0hE\nRERERJQ+Bhw04FTWlOMzv7oLiuIh1HAjAVVV8e1b/xNSFvefkOJXUDW0HHXTh6NuWi2GjR2CkvIg\nAMAfiI1Si4RjoUZ3ew/OHr2A43vO4PjuBrSca4caYeBBRERERH1bqDyI2voajJhQg5LyIIZPqEEo\n/r+JAaCrvQcNB8+ju70Hpw+ex5lD59HV3tOLd5y94RNq0HDwfN6vcfW9i5Mes+qXG/N+HxoOUaEB\nwxfw4cPfvgEjJw+FEJkmG3EiVglx4+eW4bnvr8nNDeaYz69gyKhqzFg2AfUXjUZZdQhlVSE93HAz\nvH4IJsytQ0dzFw69fQLvrD2ICyebEe1DQUcwFMCcqyajurYy7XO72rpxcOtxnDnSiGg4moe7IyIi\nIqJCqK...
&amp#27;[35m[HTTP]&amp#27;[39m &amp#27;[37m<-- GET /wd/hub/session/29df3a64-71f1-4264-86fa-95e942e78259/screenshot &amp#27;[39m&amp#27;[32m200&amp#27;[39m &amp#27;[90m264 ms - 86446&amp#27;[39m
&amp#27;[35m[HTTP]&amp#27;[39m &amp#27;[90m&amp#27;[39m
]]></system-out>
    <system-err><![CDATA[Dec 08, 2021 2:41:18 PM io.appium.java_client.remote.AppiumCommandExecutor$1 lambda$0
INFO: Detected dialect: W3C
]]></system-err>
  </testcase>
  <testcase name="SingleAccountAdd[7760305049, 7760305049, 0082](1)" classname="AA.Anumati.AddingSingleAccount" time="63.29">
    <failure message="Can&apos;t locate an element by this strategy: By.chained({By.xpath: //android.widget.Button[@text=&apos;Proceed&apos;]})" type="org.openqa.selenium.NoSuchElementException"><![CDATA[org.openqa.selenium.NoSuchElementException: Can't locate an element by this strategy: By.chained({By.xpath: //android.widget.Button[@text='Proceed']})
	at AA.Anumati.AddingSingleAccount.SingleAccountAdd(AddingSingleAccount.java:57)
Caused by: org.openqa.selenium.TimeoutException: Expected condition failed: waiting for io.appium.java_client.pagefactory.AppiumElementLocator$WaitingFunction@294f9d50 (tried for 1 second(s) with 500 milliseconds interval)
	at AA.Anumati.AddingSingleAccount.SingleAccountAdd(AddingSingleAccount.java:57)
Caused by: org.openqa.selenium.NoSuchElementException: 
Cannot locate an element using By.chained({By.xpath: //android.widget.Button[@text='Proceed']})
For documentation on this error, please visit: https://www.seleniumhq.org/exceptions/no_such_element.html
Build info: version: '3.141.59', revision: 'e82be7d358', time: '2018-11-14T08:17:03'
System info: host: 'PERFIOS-HW-099', ip: '192.168.22.92', os.name: 'Windows 10', os.arch: 'amd64', os.version: '10.0', java.version: '1.8.0_312'
Driver info: driver.version: AndroidDriver
	at AA.Anumati.AddingSingleAccount.SingleAccountAdd(AddingSingleAccount.java:57)
]]></failure>
    <system-out><![CDATA[C:\Users\Fayaz\Appium\Anumati
[debug] &amp#27;[35m[HTTP]&amp#27;[39m Request idempotency key: 9a124c95-713e-4b07-81b6-2477114c934f
&amp#27;[35m[HTTP]&amp#27;[39m &amp#27;[37m-->&amp#27;[39m &amp#27;[37mPOST&amp#27;[39m &amp#27;[37m/wd/hub/session&amp#27;[39m
&amp#27;[35m[HTTP]&amp#27;[39m &amp#27;[90m{"desiredCapabilities":{"app":"C:\\Users\\Fayaz\\Appium\\Anumati\\src\\Anumati.apk","newCommandTimeout":14,"automationName":"uiautomator2","autoGrantPermissions":"true","chromeOptions":{"w3c":false},"platformName":"Android","deviceName":"Fayaz_Emulator2"},"capabilities":{"firstMatch":[{"appium:app":"C:\\Users\\Fayaz\\Appium\\Anumati\\src\\Anumati.apk","appium:autoGrantPermissions":"true","appium:automationName":"uiautomator2","appium:chromeOptions":{"w3c":false},"appium:deviceName":"Fayaz_Emulator2","goog:chromeOptions":{"w3c":false},"appium:newCommandTimeout":14,"platformName":"android"}]}}&amp#27;[39m
[debug] &amp#27;[35m[W3C]&amp#27;[39m Calling AppiumDriver.createSession() with args: [{"app":"C:\\Users\\Fayaz\\Appium\\Anumati\\src\\Anumati.apk","newCommandTimeout":14,"automationName":"uiautomator2","autoGrantPermissions":"true","chromeOptions":{"w3c":false},"platformName":"Android","deviceName":"Fayaz_Emulator2"},null,{"firstMatch":[{"appium:app":"C:\\Users\\Fayaz\\Appium\\Anumati\\src\\Anumati.apk","appium:autoGrantPermissions":"true","appium:automationName":"uiautomator2","appium:chromeOptions":{"w3c":false},"appium:deviceName":"Fayaz_Emulator2","goog:chromeOptions":{"w3c":false},"appium:newCommandTimeout":14,"platformName":"android"}]}]
[debug] &amp#27;[35m[BaseDriver]&amp#27;[39m Event 'newSessionRequested' logged at 1638954714276 (14:41:54 GMT+0530 (India Standard Time))
&amp#27;[35m[Appium]&amp#27;[39m Appium v1.21.0 creating new AndroidUiautomator2Driver (v1.65.0) session
[debug] &amp#27;[35m[BaseDriver]&amp#27;[39m W3C capabilities and MJSONWP desired capabilities were provided
[debug] &amp#27;[35m[BaseDriver]&amp#27;[39m Creating session with W3C capabilities: {
[debug] &amp#27;[35m[BaseDriver]&amp#27;[39m   "alwaysMatch": {
[debug] &amp#27;[35m[BaseDriver]&amp#27;[39m     "goog:chromeOptions": {
[debug] &amp#27;[35m[BaseDriver]&amp#27;[39m       "w3c": false
[debug] &amp#27;[35m[BaseDriver]&amp#27;[39m     },
[debug] &amp#27;[35m[BaseDriver]&amp#27;[39m     "platformName": "android",
[debug] &amp#27;[35m[BaseDriver]&amp#27;[39m     "appium:app": "C:\\Users\\Fayaz\\Appium\\Anumati\\src\\Anumati.apk",
[debug] &amp#27;[35m[BaseDriver]&amp#27;[39m     "appium:autoGrantPermissions": "true",
[debug] &amp#27;[35m[BaseDriver]&amp#27;[39m     "appium:automationName": "uiautomator2",
[debug] &amp#27;[35m[BaseDriver]&amp#27;[39m     "appium:chromeOptions": {
[debug] &amp#27;[35m[BaseDriver]&amp#27;[39m       "w3c": false
[debug] &amp#27;[35m[BaseDriver]&amp#27;[39m     },
[debug] &amp#27;[35m[BaseDriver]&amp#27;[39m     "appium:deviceName": "Fayaz_Emulator2",
[debug] &amp#27;[35m[BaseDriver]&amp#27;[39m     "appium:newCommandTimeout": 14
[debug] &amp#27;[35m[BaseDriver]&amp#27;[39m   },
[debug] &amp#27;[35m[BaseDriver]&amp#27;[39m   "firstMatch": [
[debug] &amp#27;[35m[BaseDriver]&amp#27;[39m     {}
[debug] &amp#27;[35m[BaseDriver]&amp#27;[39m   ]
[debug] &amp#27;[35m[BaseDriver]&amp#27;[39m }
&amp#27;[35m[BaseDriver]&amp#27;[39m Capability 'autoGrantPermissions' changed from string to boolean. This may cause unexpected behavior
&amp#27;[35m[BaseDriver]&amp#27;[39m The following capabilities were provided, but are not recognized by Appium:
&amp#27;[35m[BaseDriver]&amp#27;[39m   goog:chromeOptions
&amp#27;[35m[BaseDriver]&amp#27;[39m Session created with session id: dd4a62ba-e530-4be4-b4a7-401fcacfd8b5
&amp#27;[35m[BaseDriver]&amp#27;[39m Using local app 'C:\Users\Fayaz\Appium\Anumati\src\Anumati.apk'
[debug] &amp#27;[35m[UiAutomator2]&amp#27;[39m Checking whether app is actually present
&amp#27;[35m[ADB]&amp#27;[39m Using 'adb.exe' from 'C:\Users\Fayaz\AppData\Local\Android\Sdk\platform-tools\adb.exe'
[debug] &amp#27;[35m[ADB]&amp#27;[39m Running 'C:\Users\Fayaz\AppData\Local\Android\Sdk\platform-tools\adb.exe -P 5037 start-server'
&amp#27;[35m[AndroidDriver]&amp#27;[39m Retrieving device list
[debug] &amp#27;[35m[ADB]&amp#27;[39m Trying to find a connected android device
[debug] &amp#27;[35m[ADB]&amp#27;[39m Getting connected devices
[debug] &amp#27;[35m[ADB]&amp#27;[39m Connected devices: [{"udid":"emulator-5554","state":"device"}]
&amp#27;[35m[AndroidDriver]&amp#27;[39m Using device: emulator-5554
&amp#27;[35m[ADB]&amp#27;[39m Using 'adb.exe' from 'C:\Users\Fayaz\AppData\Local\Android\Sdk\platform-tools\adb.exe'
[debug] &amp#27;[35m[ADB]&amp#27;[39m Running 'C:\Users\Fayaz\AppData\Local\Android\Sdk\platform-tools\adb.exe -P 5037 start-server'
[debug] &amp#27;[35m[ADB]&amp#27;[39m Setting device id to emulator-5554
[debug] &amp#27;[35m[ADB]&amp#27;[39m Running 'C:\Users\Fayaz\AppData\Local\Android\Sdk\platform-tools\adb.exe -P 5037 -s emulator-5554 shell getprop ro.build.version.sdk'
[debug] &amp#27;[35m[ADB]&amp#27;[39m Current device property 'ro.build.version.sdk': 30
&amp#27;[35m[ADB]&amp#27;[39m Getting device platform version
[debug] &amp#27;[35m[ADB]&amp#27;[39m Running 'C:\Users\Fayaz\AppData\Local\Android\Sdk\platform-tools\adb.exe -P 5037 -s emulator-5554 shell getprop ro.build.version.release'
[debug] &amp#27;[35m[ADB]&amp#27;[39m Current device property 'ro.build.version.release': 11
[debug] &amp#27;[35m[ADB]&amp#27;[39m Device API level: 30
&amp#27;[35m[UiAutomator2]&amp#27;[39m Relaxing hidden api policy
[debug] &amp#27;[35m[ADB]&amp#27;[39m Running 'C:\Users\Fayaz\AppData\Local\Android\Sdk\platform-tools\adb.exe -P 5037 -s emulator-5554 shell 'settings put global hidden_api_policy_pre_p_apps 1;settings put global hidden_api_policy_p_apps 1;settings put global hidden_api_policy 1''
[debug] &amp#27;[35m[AndroidDriver]&amp#27;[39m Parsing package and activity from app manifest
&amp#27;[35m[ADB]&amp#27;[39m Package name: 'com.anumati'
&amp#27;[35m[ADB]&amp#27;[39m Main activity name: 'com.aa.MainActivity'
[debug] &amp#27;[35m[AndroidDriver]&amp#27;[39m Parsed package and activity are: com.anumati/com.aa.MainActivity
[debug] &amp#27;[35m[ADB]&amp#27;[39m Running 'C:\Users\Fayaz\AppData\Local\Android\Sdk\platform-tools\adb.exe -P 5037 -s emulator-5554 wait-for-device'
[debug] &amp#27;[35m[ADB]&amp#27;[39m Running 'C:\Users\Fayaz\AppData\Local\Android\Sdk\platform-tools\adb.exe -P 5037 -s emulator-5554 shell echo ping'
[debug] &amp#27;[35m[AndroidDriver]&amp#27;[39m Pushing settings apk to device...
[debug] &amp#27;[35m[ADB]&amp#27;[39m Getting install status for io.appium.settings
[debug] &amp#27;[35m[ADB]&amp#27;[39m Running 'C:\Users\Fayaz\AppData\Local\Android\Sdk\platform-tools\adb.exe -P 5037 -s emulator-5554 shell dumpsys package io.appium.settings'
[debug] &amp#27;[35m[ADB]&amp#27;[39m 'io.appium.settings' is installed
[debug] &amp#27;[35m[ADB]&amp#27;[39m Getting package info for 'io.appium.settings'
[debug] &amp#27;[35m[ADB]&amp#27;[39m Running 'C:\Users\Fayaz\AppData\Local\Android\Sdk\platform-tools\adb.exe -P 5037 -s emulator-5554 shell dumpsys package io.appium.settings'
[debug] &amp#27;[35m[ADB]&amp#27;[39m The version code of the installed 'io.appium.settings' is greater than the application version code (30 > 29)
[debug] &amp#27;[35m[ADB]&amp#27;[39m There is no need to downgrade 'io.appium.settings'
[debug] &amp#27;[35m[ADB]&amp#27;[39m Getting IDs of all 'io.appium.settings' processes
[debug] &amp#27;[35m[ADB]&amp#27;[39m Running 'C:\Users\Fayaz\AppData\Local\Android\Sdk\platform-tools\adb.exe -P 5037 -s emulator-5554 shell 'pgrep --help; echo $?''
[debug] &amp#27;[35m[ADB]&amp#27;[39m Running 'C:\Users\Fayaz\AppData\Local\Android\Sdk\platform-tools\adb.exe -P 5037 -s emulator-5554 shell pgrep -f \(\[\[:blank:\]\]\|\^\)io\.appium\.settings\(\[\[:blank:\]\]\|\$\)'
[debug] &amp#27;[35m[AndroidDriver]&amp#27;[39m io.appium.settings is already running. There is no need to reset its permissions.
[debug] &amp#27;[35m[Logcat]&amp#27;[39m Starting logs capture with command: C:\\Users\\Fayaz\\AppData\\Local\\Android\\Sdk\\platform-tools\\adb.exe -P 5037 -s emulator-5554 logcat -v threadtime
[debug] &amp#27;[35m[UiAutomator2]&amp#27;[39m Forwarding UiAutomator2 Server port 6790 to local port 8200
[debug] &amp#27;[35m[ADB]&amp#27;[39m Forwarding system: 8200 to device: 6790
[debug] &amp#27;[35m[ADB]&amp#27;[39m Running 'C:\Users\Fayaz\AppData\Local\Android\Sdk\platform-tools\adb.exe -P 5037 -s emulator-5554 forward tcp:8200 tcp:6790'
[debug] &amp#27;[35m[ADB]&amp#27;[39m Getting install status for io.appium.uiautomator2.server
[debug] &amp#27;[35m[ADB]&amp#27;[39m Running 'C:\Users\Fayaz\AppData\Local\Android\Sdk\platform-tools\adb.exe -P 5037 -s emulator-5554 shell dumpsys package io.appium.uiautomator2.server'
[debug] &amp#27;[35m[ADB]&amp#27;[39m 'io.appium.uiautomator2.server' is installed
[debug] &amp#27;[35m[ADB]&amp#27;[39m Getting package info for 'io.appium.uiautomator2.server'
[debug] &amp#27;[35m[ADB]&amp#27;[39m Running 'C:\Users\Fayaz\AppData\Local\Android\Sdk\platform-tools\adb.exe -P 5037 -s emulator-5554 shell dumpsys package io.appium.uiautomator2.server'
[debug] &amp#27;[35m[ADB]&amp#27;[39m The version name of the installed 'io.appium.uiautomator2.server' is greater or equal to the application version name ('4.21.1' >= '4.21.1')
[debug] &amp#27;[35m[UiAutomator2]&amp#27;[39m io.appium.uiautomator2.server installation state: sameVersionInstalled
[debug] &amp#27;[35m[ADB]&amp#27;[39m Checking app cert for C:\Users\Fayaz\AppData\Roaming\npm\node_modules\appium\node_modules\appium-uiautomator2-server\apks\appium-uiautomator2-server-v4.21.1.apk
&amp#27;[35m[ADB]&amp#27;[39m Using 'apksigner.jar' from 'C:\Users\Fayaz\AppData\Local\Android\Sdk\build-tools\31.0.0\lib\apksigner.jar'
[debug] &amp#27;[35m[ADB]&amp#27;[39m Starting apksigner: 'C:\\Program Files\\Amazon Corretto\\jdk1.8.0_312\\bin\\java.exe' -Xmx1024M -Xss1m -jar C:\\Users\\Fayaz\\AppData\\Local\\Android\\Sdk\\build-tools\\31.0.0\\lib\\apksigner.jar verify --print-certs C:\\Users\\Fayaz\\AppData\\Roaming\\npm\\node_modules\\appium\\node_modules\\appium-uiautomator2-server\\apks\\appium-uiautomator2-server-v4.21.1.apk
[debug] &amp#27;[35m[ADB]&amp#27;[39m apksigner stdout: Signer #1 certificate DN: EMAILADDRESS=android@android.com, CN=Android, OU=Android, O=Android, L=Mountain View, ST=California, C=US
[debug] &amp#27;[35m[ADB]&amp#27;[39m Signer #1 certificate SHA-256 digest: a40da80a59d170caa950cf15c18c454d47a39b26989d8b640ecd745ba71bf5dc
[debug] &amp#27;[35m[ADB]&amp#27;[39m Signer #1 certificate SHA-1 digest: 61ed377e85d386a8dfee6b864bd85b0bfaa5af81
[debug] &amp#27;[35m[ADB]&amp#27;[39m Signer #1 certificate MD5 digest: e89b158e4bcf988ebd09eb83f5378e87
[debug] &amp#27;[35m[ADB]&amp#27;[39m 
[debug] &amp#27;[35m[ADB]&amp#27;[39m sha256 hash did match for 'appium-uiautomator2-server-v4.21.1.apk'
&amp#27;[35m[ADB]&amp#27;[39m 'C:\Users\Fayaz\AppData\Roaming\npm\node_modules\appium\node_modules\appium-uiautomator2-server\apks\appium-uiautomator2-server-v4.21.1.apk' is signed with the default certificate
[debug] &amp#27;[35m[ADB]&amp#27;[39m Getting install status for io.appium.uiautomator2.server.test
[debug] &amp#27;[35m[ADB]&amp#27;[39m Running 'C:\Users\Fayaz\AppData\Local\Android\Sdk\platform-tools\adb.exe -P 5037 -s emulator-5554 shell dumpsys package io.appium.uiautomator2.server.test'
[debug] &amp#27;[35m[ADB]&amp#27;[39m 'io.appium.uiautomator2.server.test' is installed
[debug] &amp#27;[35m[ADB]&amp#27;[39m Checking app cert for C:\Users\Fayaz\AppData\Roaming\npm\node_modules\appium\node_modules\appium-uiautomator2-server\apks\appium-uiautomator2-server-debug-androidTest.apk
[debug] &amp#27;[35m[ADB]&amp#27;[39m Starting apksigner: 'C:\\Program Files\\Amazon Corretto\\jdk1.8.0_312\\bin\\java.exe' -Xmx1024M -Xss1m -jar C:\\Users\\Fayaz\\AppData\\Local\\Android\\Sdk\\build-tools\\31.0.0\\lib\\apksigner.jar verify --print-certs C:\\Users\\Fayaz\\AppData\\Roaming\\npm\\node_modules\\appium\\node_modules\\appium-uiautomator2-server\\apks\\appium-uiautomator2-server-debug-androidTest.apk
[debug] &amp#27;[35m[ADB]&amp#27;[39m apksigner stdout: Signer #1 certificate DN: EMAILADDRESS=android@android.com, CN=Android, OU=Android, O=Android, L=Mountain View, ST=California, C=US
[debug] &amp#27;[35m[ADB]&amp#27;[39m Signer #1 certificate SHA-256 digest: a40da80a59d170caa950cf15c18c454d47a39b26989d8b640ecd745ba71bf5dc
[debug] &amp#27;[35m[ADB]&amp#27;[39m Signer #1 certificate SHA-1 digest: 61ed377e85d386a8dfee6b864bd85b0bfaa5af81
[debug] &amp#27;[35m[ADB]&amp#27;[39m Signer #1 certificate MD5 digest: e89b158e4bcf988ebd09eb83f5378e87
[debug] &amp#27;[35m[ADB]&amp#27;[39m 
[debug] &amp#27;[35m[ADB]&amp#27;[39m sha256 hash did match for 'appium-uiautomator2-server-debug-androidTest.apk'
&amp#27;[35m[ADB]&amp#27;[39m 'C:\Users\Fayaz\AppData\Roaming\npm\node_modules\appium\node_modules\appium-uiautomator2-server\apks\appium-uiautomator2-server-debug-androidTest.apk' is signed with the default certificate
&amp#27;[35m[UiAutomator2]&amp#27;[39m Server packages are not going to be (re)installed
[debug] &amp#27;[35m[UiAutomator2]&amp#27;[39m Waiting up to 30000ms for services to be available
[debug] &amp#27;[35m[ADB]&amp#27;[39m Running 'C:\Users\Fayaz\AppData\Local\Android\Sdk\platform-tools\adb.exe -P 5037 -s emulator-5554 shell pm list instrumentation'
[debug] &amp#27;[35m[UiAutomator2]&amp#27;[39m Instrumentation target 'io.appium.uiautomator2.server.test/androidx.test.runner.AndroidJUnitRunner' is available
&amp#27;[35m[ADB]&amp#27;[39m Adding packages ["io.appium.settings","io.appium.uiautomator2.server","io.appium.uiautomator2.server.test"] to Doze whitelist
[debug] &amp#27;[35m[ADB]&amp#27;[39m Got the following command chunks to execute: [["dumpsys","deviceidle","whitelist","+io.appium.settings",";","dumpsys","deviceidle","whitelist","+io.appium.uiautomator2.server",";","dumpsys","deviceidle","whitelist","+io.appium.uiautomator2.server.test",";"]]
[debug] &amp#27;[35m[ADB]&amp#27;[39m Running 'C:\Users\Fayaz\AppData\Local\Android\Sdk\platform-tools\adb.exe -P 5037 -s emulator-5554 shell dumpsys deviceidle whitelist +io.appium.settings ; dumpsys deviceidle whitelist +io.appium.uiautomator2.server ; dumpsys deviceidle whitelist +io.appium.uiautomator2.server.test ;'
&amp#27;[35m[BaseDriver]&amp#27;[39m Shutting down because we waited 14 seconds for a command
&amp#27;[35m[Appium]&amp#27;[39m Closing session, cause was 'New Command Timeout of 14 seconds expired. Try customizing the timeout using the 'newCommandTimeout' desired capability'
&amp#27;[35m[Appium]&amp#27;[39m Removing session '29df3a64-71f1-4264-86fa-95e942e78259' from our master session list
[debug] &amp#27;[35m[UiAutomator2]&amp#27;[39m Deleting UiAutomator2 session
[debug] &amp#27;[35m[UiAutomator2]&amp#27;[39m Deleting UiAutomator2 server session
[debug] &amp#27;[35m[WD Proxy]&amp#27;[39m Matched '/' to command name 'deleteSession'
[debug] &amp#27;[35m[WD Proxy]&amp#27;[39m Proxying [DELETE /] to [DELETE http://127.0.0.1:8201/wd/hub/session/6d00f182-67c8-46f5-a6f3-8cddd0c272e3] with no body
[debug] &amp#27;[35m[WD Proxy]&amp#27;[39m Got response with status 200: {"sessionId":"6d00f182-67c8-46f5-a6f3-8cddd0c272e3","value":null}
[debug] &amp#27;[35m[ADB]&amp#27;[39m Running 'C:\Users\Fayaz\AppData\Local\Android\Sdk\platform-tools\adb.exe -P 5037 -s emulator-5554 shell am force-stop com.anumati'
[debug] &amp#27;[35m[ADB]&amp#27;[39m Checking app cert for C:\Users\Fayaz\Appium\Anumati\src\Anumati.apk
[debug] &amp#27;[35m[ADB]&amp#27;[39m Starting apksigner: 'C:\\Program Files\\Amazon Corretto\\jdk1.8.0_312\\bin\\java.exe' -Xmx1024M -Xss1m -jar C:\\Users\\Fayaz\\AppData\\Local\\Android\\Sdk\\build-tools\\31.0.0\\lib\\apksigner.jar verify --print-certs C:\\Users\\Fayaz\\Appium\\Anumati\\src\\Anumati.apk
[debug] &amp#27;[35m[Instrumentation]&amp#27;[39m .
[debug] &amp#27;[35m[Instrumentation]&amp#27;[39m Time: 49.367
[debug] &amp#27;[35m[Instrumentation]&amp#27;[39m 
[debug] &amp#27;[35m[Instrumentation]&amp#27;[39m OK (1 test)
[debug] &amp#27;[35m[Logcat]&amp#27;[39m Stopping logcat capture
[debug] &amp#27;[35m[ADB]&amp#27;[39m Removing forwarded port socket connection: 8201 
[debug] &amp#27;[35m[ADB]&amp#27;[39m Running 'C:\Users\Fayaz\AppData\Local\Android\Sdk\platform-tools\adb.exe -P 5037 -s emulator-5554 forward --remove tcp:8201'
[debug] &amp#27;[35m[Instrumentation]&amp#27;[39m The process has exited with code 0
&amp#27;[35m[UiAutomator2]&amp#27;[39m Restoring hidden api policy to the device default configuration
[debug] &amp#27;[35m[ADB]&amp#27;[39m Running 'C:\Users\Fayaz\AppData\Local\Android\Sdk\platform-tools\adb.exe -P 5037 -s emulator-5554 shell 'settings delete global hidden_api_policy_pre_p_apps;settings delete global hidden_api_policy_p_apps;settings delete global hidden_api_policy''
[debug] &amp#27;[35m[ADB]&amp#27;[39m apksigner stdout: Signer #1 certificate DN: CN=Android, OU=Android, O=Google Inc., L=Mountain View, ST=California, C=US
[debug] &amp#27;[35m[ADB]&amp#27;[39m Signer #1 certificate SHA-256 digest: 4730d6e1d0dc8733c1c2302d2b7ccedc5b85a93b2ac0e3a2971a6537173a90bb
[debug] &amp#27;[35m[ADB]&amp#27;[39m Signer #1 certificate SHA-1 digest: 27bcf6fcdf4384e29a8ba18048cbef83538d03e9
[debug] &amp#27;[35m[ADB]&amp#27;[39m Signer #1 certificate MD5 digest: d666c04c85a355f0835d049f3c545d7f
[debug] &amp#27;[35m[ADB]&amp#27;[39m Source Stamp Signer certificate DN: CN=Android, OU=Android, O=Google Inc., L=Mountain View, ST=California, C=US
[debug] &amp#27;[35m[ADB]&amp#27;[39m Source Stamp Signer certificate SHA-256 digest: 3257d599a49d2c961a471ca9843f59d341a405884583fc087df4237b733bbd6d
[debug] &amp#27;[35m[ADB]&amp#27;[39m Source Stamp Signer certificate SHA-1 digest: b1af3a0bf998aeede1a8716a539e5a59da1d86d6
[debug] &amp#27;[35m[ADB]&amp#27;[39m Source Stamp Signer certificate MD5 digest: 577b8a9fbc7e308321aec6411169d2fb
[debug] &amp#27;[35m[ADB]&amp#27;[39m 
&amp#27;[35m[ADB]&amp#27;[39m 'C:\Users\Fayaz\Appium\Anumati\src\Anumati.apk' is signed with a non-default certificate
[debug] &amp#27;[35m[ADB]&amp#27;[39m Getting install status for com.anumati
[debug] &amp#27;[35m[ADB]&amp#27;[39m Running 'C:\Users\Fayaz\AppData\Local\Android\Sdk\platform-tools\adb.exe -P 5037 -s emulator-5554 shell dumpsys package com.anumati'
[debug] &amp#27;[35m[ADB]&amp#27;[39m 'com.anumati' is installed
[debug] &amp#27;[35m[ADB]&amp#27;[39m Getting package info for 'com.anumati'
[debug] &amp#27;[35m[ADB]&amp#27;[39m Running 'C:\Users\Fayaz\AppData\Local\Android\Sdk\platform-tools\adb.exe -P 5037 -s emulator-5554 shell dumpsys package com.anumati'
[debug] &amp#27;[35m[ADB]&amp#27;[39m The version name of the installed 'com.anumati' is greater or equal to the application version name ('1.0.0' >= '1.0.0')
[debug] &amp#27;[35m[ADB]&amp#27;[39m There is no need to install/upgrade 'C:\Users\Fayaz\Appium\Anumati\src\Anumati.apk'
&amp#27;[35m[AndroidDriver]&amp#27;[39m Performing fast reset on 'com.anumati'
[debug] &amp#27;[35m[ADB]&amp#27;[39m Getting install status for com.anumati
[debug] &amp#27;[35m[ADB]&amp#27;[39m Running 'C:\Users\Fayaz\AppData\Local\Android\Sdk\platform-tools\adb.exe -P 5037 -s emulator-5554 shell dumpsys package com.anumati'
[debug] &amp#27;[35m[ADB]&amp#27;[39m 'com.anumati' is installed
[debug] &amp#27;[35m[ADB]&amp#27;[39m Running 'C:\Users\Fayaz\AppData\Local\Android\Sdk\platform-tools\adb.exe -P 5037 -s emulator-5554 shell am force-stop com.anumati'
[debug] &amp#27;[35m[ADB]&amp#27;[39m Running 'C:\Users\Fayaz\AppData\Local\Android\Sdk\platform-tools\adb.exe -P 5037 -s emulator-5554 shell pm clear com.anumati'
[debug] &amp#27;[35m[ADB]&amp#27;[39m Running 'C:\Users\Fayaz\AppData\Local\Android\Sdk\platform-tools\adb.exe -P 5037 -s emulator-5554 shell dumpsys package com.anumati'
[debug] &amp#27;[35m[ADB]&amp#27;[39m Retrieving requested permissions
[debug] &amp#27;[35m[ADB]&amp#27;[39m Retrieved 6 permissions from requested group
[debug] &amp#27;[35m[ADB]&amp#27;[39m Retrieving granted permissions
[debug] &amp#27;[35m[ADB]&amp#27;[39m Retrieved 1 permission from install,runtime groups
[debug] &amp#27;[35m[ADB]&amp#27;[39m Granting permissions ["android.permission.READ_EXTERNAL_STORAGE","android.permission.WRITE_EXTERNAL_STORAGE","android.permission.READ_EXTERNAL_STORAGE","android.permission.WRITE_EXTERNAL_STORAGE"] to 'com.anumati'
[debug] &amp#27;[35m[ADB]&amp#27;[39m Got the following command chunks to execute: [["pm","grant","com.anumati","android.permission.READ_EXTERNAL_STORAGE",";","pm","grant","com.anumati","android.permission.WRITE_EXTERNAL_STORAGE",";","pm","grant","com.anumati","android.permission.READ_EXTERNAL_STORAGE",";","pm","grant","com.anumati","android.permission.WRITE_EXTERNAL_STORAGE",";"]]
[debug] &amp#27;[35m[ADB]&amp#27;[39m Running 'C:\Users\Fayaz\AppData\Local\Android\Sdk\platform-tools\adb.exe -P 5037 -s emulator-5554 shell pm grant com.anumati android.permission.READ_EXTERNAL_STORAGE ; pm grant com.anumati android.permission.WRITE_EXTERNAL_STORAGE ; pm grant com.anumati android.permission.READ_EXTERNAL_STORAGE ; pm grant com.anumati android.permission.WRITE_EXTERNAL_STORAGE ;'
[debug] &amp#27;[35m[AndroidDriver]&amp#27;[39m Performed fast reset on the installed 'com.anumati' application (stop and clear)
[debug] &amp#27;[35m[UiAutomator2]&amp#27;[39m Performing shallow cleanup of automation leftovers
[debug] &amp#27;[35m[UiAutomator2]&amp#27;[39m No obsolete sessions have been detected (socket hang up)
[debug] &amp#27;[35m[ADB]&amp#27;[39m Running 'C:\Users\Fayaz\AppData\Local\Android\Sdk\platform-tools\adb.exe -P 5037 -s emulator-5554 shell am force-stop io.appium.uiautomator2.server.test'
&amp#27;[35m[UiAutomator2]&amp#27;[39m Starting UIAutomator2 server 4.21.1
&amp#27;[35m[UiAutomator2]&amp#27;[39m Using UIAutomator2 server from 'C:\Users\Fayaz\AppData\Roaming\npm\node_modules\appium\node_modules\appium-uiautomator2-server\apks\appium-uiautomator2-server-v4.21.1.apk' and test from 'C:\Users\Fayaz\AppData\Roaming\npm\node_modules\appium\node_modules\appium-uiautomator2-server\apks\appium-uiautomator2-server-debug-androidTest.apk'
&amp#27;[35m[UiAutomator2]&amp#27;[39m Waiting up to 30000ms for UiAutomator2 to be online...
[debug] &amp#27;[35m[ADB]&amp#27;[39m Creating ADB subprocess with args: ["-P",5037,"-s","emulator-5554","shell","am","instrument","-w","-e","disableAnalytics",true,"io.appium.uiautomator2.server.test/androidx.test.runner.AndroidJUnitRunner"]
[debug] &amp#27;[35m[WD Proxy]&amp#27;[39m Matched '/status' to command name 'getStatus'
[debug] &amp#27;[35m[WD Proxy]&amp#27;[39m Proxying [GET /status] to [GET http://127.0.0.1:8200/wd/hub/status] with no body
&amp#27;[35m[WD Proxy]&amp#27;[39m socket hang up
[debug] &amp#27;[35m[WD Proxy]&amp#27;[39m Matched '/status' to command name 'getStatus'
[debug] &amp#27;[35m[WD Proxy]&amp#27;[39m Proxying [GET /status] to [GET http://127.0.0.1:8200/wd/hub/status] with no body
&amp#27;[35m[WD Proxy]&amp#27;[39m socket hang up
[debug] &amp#27;[35m[Instrumentation]&amp#27;[39m io.appium.uiautomator2.server.test.AppiumUiAutomator2Server:
[debug] &amp#27;[35m[WD Proxy]&amp#27;[39m Matched '/status' to command name 'getStatus'
[debug] &amp#27;[35m[WD Proxy]&amp#27;[39m Proxying [GET /status] to [GET http://127.0.0.1:8200/wd/hub/status] with no body
&amp#27;[35m[WD Proxy]&amp#27;[39m socket hang up
[debug] &amp#27;[35m[WD Proxy]&amp#27;[39m Matched '/status' to command name 'getStatus'
[debug] &amp#27;[35m[WD Proxy]&amp#27;[39m Proxying [GET /status] to [GET http://127.0.0.1:8200/wd/hub/status] with no body
[debug] &amp#27;[35m[WD Proxy]&amp#27;[39m Got response with status 200: {"sessionId":"None","value":{"message":"UiAutomator2 Server is ready to accept commands","ready":true}}
[debug] &amp#27;[35m[UiAutomator2]&amp#27;[39m The initialization of the instrumentation process took 3285ms
[debug] &amp#27;[35m[WD Proxy]&amp#27;[39m Matched '/session' to command name 'createSession'
[debug] &amp#27;[35m[WD Proxy]&amp#27;[39m Proxying [POST /session] to [POST http://127.0.0.1:8200/wd/hub/session] with body: {"capabilities":{"firstMatch":[{"platform":"LINUX","webStorageEnabled":false,"takesScreenshot":true,"javascriptEnabled":true,"databaseEnabled":false,"networkConnectionEnabled":true,"locationContextEnabled":false,"warnings":{},"desired":{"goog:chromeOptions":{"w3c":false},"platformName":"android","app":"C:\\Users\\Fayaz\\Appium\\Anumati\\src\\Anumati.apk","autoGrantPermissions":true,"automationName":"uiautomator2","chromeOptions":{"w3c":false},"deviceName":"Fayaz_Emulator2","newCommandTimeout":14},"goog:chromeOptions":{"w3c":false},"platformName":"android","app":"C:\\Users\\Fayaz\\Appium\\Anumati\\src\\Anumati.apk","autoGrantPermissions":true,"automationName":"uiautomator2","chromeOptions":{"w3c":false},"deviceName":"emulator-5554","newCommandTimeout":14,"deviceUDID":"emulator-5554","appPackage":"com.anumati"}],"alwaysMatch":{}}}
[debug] &amp#27;[35m[WD Proxy]&amp#27;[39m Got response with status 200: {"sessionId":"826fc9c0-24d6-4d4d-a9ba-b30a85adcf15","value":{"capabilities":{"firstMatch":[{"platform":"LINUX","webStorageEnabled":false,"takesScreenshot":true,"javascriptEnabled":true,"databaseEnabled":false,"networkConnectionEnabled":true,"locationContextEnabled":false,"warnings":{},"desired":{"goog:chromeOptions":{"w3c":false},"platformName":"android","app":"C:\\Users\\Fayaz\\Appium\\Anumati\\src\\Anumati.apk","autoGrantPermissions":true,"automationName":"uiautomator2","chromeOptions":{"w3c":false},"deviceName":"Fayaz_Emulator2","newCommandTimeout":14},"goog:chromeOptions":{"w3c":false},"platformName":"android","app":"C:\\Users\\Fayaz\\Appium\\Anumati\\src\\Anumati.apk","autoGrantPermissions":true,"automationName":"uiautomator2","chromeOptions":{"w3c":false},"deviceName":"emulator-5554","newCommandTimeout":14,"deviceUDID":"emulator-5554","appPackage":"com.anumati"}],"alwaysMatch":{}},"sessionId":"826fc9c0-24d6-4d4d-a9ba-b30a85adcf15"}}
&amp#27;[35m[WD Proxy]&amp#27;[39m Determined the downstream protocol as 'W3C'
[debug] &amp#27;[35m[WD Proxy]&amp#27;[39m Proxying [GET /appium/device/info] to [GET http://127.0.0.1:8200/wd/hub/session/826fc9c0-24d6-4d4d-a9ba-b30a85adcf15/appium/device/info] with no body
[debug] &amp#27;[35m[WD Proxy]&amp#27;[39m Got response with status 200: {"sessionId":"826fc9c0-24d6-4d4d-a9ba-b30a85adcf15","value":{"androidId":"4c01298c58a50c77","apiVersion":"30","bluetooth":{"state":"ON"},"brand":"Android","carrierName":"Android","displayDensity":420,"locale":"en_US","manufacturer":"unknown","model":"Android SDK built for x86","networks":[{"capabilities":{"SSID":null,"linkDownBandwidthKbps":141000,"linkUpstreamBandwidthKbps":141000,"networkCapabilities":"NET_CAPABILITY_NOT_METERED,NET_CAPABILITY_INTERNET,NET_CAPABILITY_NOT_RESTRICTED,NET_CAPABILITY_TRUSTED,NET_CAPABILITY_NOT_VPN,NET_CAPABILITY_VALIDATED,NET_CAPABILITY_NOT_ROAMING,NET_CAPABILITY_FOREGROUND,NET_CAPABILITY_NOT_CONGESTED,NET_CAPABILITY_NOT_SUSPENDED","signalStrength":-30,"transportTypes":"TRANSPORT_WIFI"},"detailedState":"CONNECTED","extraInfo":"","isAvailable":true,"isConnected":true,"isFailover":false,"isRoaming":false,"state":"CONNECTED","subtype":0,"subtypeName":"","type":1,"typeName":"WIFI"},{"capabilities":{"SSID":null,"linkDownBandwidthKbps":30000,"linkUpstreamBandwidthKbps":15000,"netw...
[debug] &amp#27;[35m[ADB]&amp#27;[39m Running 'C:\Users\Fayaz\AppData\Local\Android\Sdk\platform-tools\adb.exe -P 5037 -s emulator-5554 shell dumpsys window'
&amp#27;[35m[AndroidDriver]&amp#27;[39m Screen already unlocked, doing nothing
&amp#27;[35m[UiAutomator2]&amp#27;[39m Starting 'com.anumati/com.aa.MainActivity and waiting for 'com.anumati/com.aa.MainActivity'
[debug] &amp#27;[35m[ADB]&amp#27;[39m Running 'C:\Users\Fayaz\AppData\Local\Android\Sdk\platform-tools\adb.exe -P 5037 -s emulator-5554 shell am start -W -n com.anumati/com.aa.MainActivity -S -a android.intent.action.MAIN -c android.intent.category.LAUNCHER -f 0x10200000'
[debug] &amp#27;[35m[ADB]&amp#27;[39m Waiting up to 20000ms for activity matching pkg: 'com.anumati' and activity: 'com.aa.MainActivity' to be focused
[debug] &amp#27;[35m[ADB]&amp#27;[39m Possible activities, to be checked: 'com.aa.MainActivity', 'com.anumati.com.aa.MainActivity'
[debug] &amp#27;[35m[ADB]&amp#27;[39m Getting focused package and activity
[debug] &amp#27;[35m[ADB]&amp#27;[39m Running 'C:\Users\Fayaz\AppData\Local\Android\Sdk\platform-tools\adb.exe -P 5037 -s emulator-5554 shell dumpsys window displays'
[debug] &amp#27;[35m[ADB]&amp#27;[39m Found package: 'com.anumati' and fully qualified activity name : 'com.aa.MainActivity'
[debug] &amp#27;[35m[WD Proxy]&amp#27;[39m Proxying [GET /appium/device/pixel_ratio] to [GET http://127.0.0.1:8200/wd/hub/session/826fc9c0-24d6-4d4d-a9ba-b30a85adcf15/appium/device/pixel_ratio] with no body
[debug] &amp#27;[35m[WD Proxy]&amp#27;[39m Got response with status 200: {"sessionId":"826fc9c0-24d6-4d4d-a9ba-b30a85adcf15","value":2.625}
[debug] &amp#27;[35m[WD Proxy]&amp#27;[39m Matched '/appium/device/system_bars' to command name 'getSystemBars'
[debug] &amp#27;[35m[WD Proxy]&amp#27;[39m Proxying [GET /appium/device/system_bars] to [GET http://127.0.0.1:8200/wd/hub/session/826fc9c0-24d6-4d4d-a9ba-b30a85adcf15/appium/device/system_bars] with no body
[debug] &amp#27;[35m[WD Proxy]&amp#27;[39m Got response with status 200: {"sessionId":"826fc9c0-24d6-4d4d-a9ba-b30a85adcf15","value":{"statusBar":63}}
[debug] &amp#27;[35m[WD Proxy]&amp#27;[39m Matched '/window/current/size' to command name 'getWindowSize'
[debug] &amp#27;[35m[WD Proxy]&amp#27;[39m Proxying [GET /window/current/size] to [GET http://127.0.0.1:8200/wd/hub/session/826fc9c0-24d6-4d4d-a9ba-b30a85adcf15/window/current/size] with no body
[debug] &amp#27;[35m[WD Proxy]&amp#27;[39m Got response with status 200: {"sessionId":"826fc9c0-24d6-4d4d-a9ba-b30a85adcf15","value":{"height":1794,"width":1080}}
&amp#27;[35m[Appium]&amp#27;[39m New AndroidUiautomator2Driver session created successfully, session dd4a62ba-e530-4be4-b4a7-401fcacfd8b5 added to master session list
[debug] &amp#27;[35m[BaseDriver]&amp#27;[39m Event 'newSessionStarted' logged at 1638954733399 (14:42:13 GMT+0530 (India Standard Time))
[debug] &amp#27;[35m[W3C (dd4a62ba)]&amp#27;[39m Cached the protocol value 'W3C' for the new session dd4a62ba-e530-4be4-b4a7-401fcacfd8b5
[debug] &amp#27;[35m[W3C (dd4a62ba)]&amp#27;[39m Responding to client with driver.createSession() result: {"capabilities":{"platform":"LINUX","webStorageEnabled":false,"takesScreenshot":true,"javascriptEnabled":true,"databaseEnabled":false,"networkConnectionEnabled":true,"locationContextEnabled":false,"warnings":{},"desired":{"goog:chromeOptions":{"w3c":false},"platformName":"android","app":"C:\\Users\\Fayaz\\Appium\\Anumati\\src\\Anumati.apk","autoGrantPermissions":true,"automationName":"uiautomator2","chromeOptions":{"w3c":false},"deviceName":"Fayaz_Emulator2","newCommandTimeout":14},"goog:chromeOptions":{"w3c":false},"platformName":"android","app":"C:\\Users\\Fayaz\\Appium\\Anumati\\src\\Anumati.apk","autoGrantPermissions":true,"automationName":"uiautomator2","chromeOptions":{"w3c":false},"deviceName":"emulator-5554","newCommandTimeout":14,"deviceUDID":"emulator-5554","appPackage":"com.anumati","deviceApiLevel":30,"platformVersion":"11","deviceScreenSize":"1080x1920","deviceScreenDensity":420,"deviceModel":"Android SDK built for x86","deviceManufacturer":"unknown","pixelRatio":2.625,"statBarHeight":63,"view...
&amp#27;[35m[HTTP]&amp#27;[39m &amp#27;[37m<-- POST /wd/hub/session &amp#27;[39m&amp#27;[32m200&amp#27;[39m &amp#27;[90m19125 ms - 1140&amp#27;[39m
&amp#27;[35m[HTTP]&amp#27;[39m &amp#27;[90m&amp#27;[39m
&amp#27;[35m[HTTP]&amp#27;[39m &amp#27;[37m-->&amp#27;[39m &amp#27;[37mPOST&amp#27;[39m &amp#27;[37m/wd/hub/session/dd4a62ba-e530-4be4-b4a7-401fcacfd8b5/timeouts&amp#27;[39m
&amp#27;[35m[HTTP]&amp#27;[39m &amp#27;[90m{"implicit":10000}&amp#27;[39m
[debug] &amp#27;[35m[W3C (dd4a62ba)]&amp#27;[39m Calling AppiumDriver.timeouts() with args: [null,null,null,null,10000,"dd4a62ba-e530-4be4-b4a7-401fcacfd8b5"]
[debug] &amp#27;[35m[BaseDriver]&amp#27;[39m W3C timeout argument: {"implicit":10000}}
[debug] &amp#27;[35m[BaseDriver]&amp#27;[39m Set implicit wait to 10000ms
[debug] &amp#27;[35m[W3C (dd4a62ba)]&amp#27;[39m Responding to client with driver.timeouts() result: null
&amp#27;[35m[HTTP]&amp#27;[39m &amp#27;[37m<-- POST /wd/hub/session/dd4a62ba-e530-4be4-b4a7-401fcacfd8b5/timeouts &amp#27;[39m&amp#27;[32m200&amp#27;[39m &amp#27;[90m3 ms - 14&amp#27;[39m
&amp#27;[35m[HTTP]&amp#27;[39m &amp#27;[90m&amp#27;[39m
&amp#27;[35m[HTTP]&amp#27;[39m &amp#27;[37m-->&amp#27;[39m &amp#27;[37mGET&amp#27;[39m &amp#27;[37m/wd/hub/session/dd4a62ba-e530-4be4-b4a7-401fcacfd8b5/context&amp#27;[39m
&amp#27;[35m[HTTP]&amp#27;[39m &amp#27;[90m{}&amp#27;[39m
[debug] &amp#27;[35m[W3C (dd4a62ba)]&amp#27;[39m Calling AppiumDriver.getCurrentContext() with args: ["dd4a62ba-e530-4be4-b4a7-401fcacfd8b5"]
[debug] &amp#27;[35m[W3C (dd4a62ba)]&amp#27;[39m Responding to client with driver.getCurrentContext() result: "NATIVE_APP"
&amp#27;[35m[HTTP]&amp#27;[39m &amp#27;[37m<-- GET /wd/hub/session/dd4a62ba-e530-4be4-b4a7-401fcacfd8b5/context &amp#27;[39m&amp#27;[32m200&amp#27;[39m &amp#27;[90m3 ms - 22&amp#27;[39m
&amp#27;[35m[HTTP]&amp#27;[39m &amp#27;[90m&amp#27;[39m
&amp#27;[35m[HTTP]&amp#27;[39m &amp#27;[37m-->&amp#27;[39m &amp#27;[37mPOST&amp#27;[39m &amp#27;[37m/wd/hub/session/dd4a62ba-e530-4be4-b4a7-401fcacfd8b5/element&amp#27;[39m
&amp#27;[35m[HTTP]&amp#27;[39m &amp#27;[90m{"using":"xpath","value":"//android.view.View[@text='Skip']"}&amp#27;[39m
[debug] &amp#27;[35m[W3C (dd4a62ba)]&amp#27;[39m Calling AppiumDriver.findElement() with args: ["xpath","//android.view.View[@text='Skip']","dd4a62ba-e530-4be4-b4a7-401fcacfd8b5"]
[debug] &amp#27;[35m[BaseDriver]&amp#27;[39m Valid locator strategies for this request: xpath, id, class name, accessibility id, css selector, -android uiautomator
[debug] &amp#27;[35m[BaseDriver]&amp#27;[39m Waiting up to 10000 ms for condition
[debug] &amp#27;[35m[WD Proxy]&amp#27;[39m Matched '/element' to command name 'findElement'
[debug] &amp#27;[35m[WD Proxy]&amp#27;[39m Proxying [POST /element] to [POST http://127.0.0.1:8200/wd/hub/session/826fc9c0-24d6-4d4d-a9ba-b30a85adcf15/element] with body: {"strategy":"xpath","selector":"//android.view.View[@text='Skip']","context":"","multiple":false}
&amp#27;[35m[WD Proxy]&amp#27;[39m Got response with status 404: {"sessionId":"826fc9c0-24d6-4d4d-a9ba-b30a85adcf15","value":{"error":"no such element","message":"An element could not be located on the page using the given search parameters","stacktrace":"io.appium.uiautomator2.common.exceptions.ElementNotFoundException: An element could not be located on the page using the given search parameters\n\tat io.appium.uiautomator2.handler.FindElement.findElement(FindElement.java:89)\n\tat io.appium.uiautomator2.handler.FindElement.safeHandle(FindElement.java:66)\n\tat io.appium.uiautomator2.handler.request.SafeRequestHandler.handle(SafeRequestHandler.java:41)\n\tat io.appium.uiautomator2.server.AppiumServlet.handleRequest(AppiumServlet.java:262)\n\tat io.appium.uiautomator2.server.AppiumServlet.handleHttpRequest(AppiumServlet.java:256)\n\tat io.appium.uiautomator2.http.ServerHandler.channelRead(ServerHandler.java:68)\n\tat io.netty.channel.AbstractChannelHandlerContext.invokeChannelRead(AbstractChannelHandlerContext.java:366)\n\tat io.netty.channel.AbstractChannelHandlerCont...
[debug] &amp#27;[35m[W3C]&amp#27;[39m Matched W3C error code 'no such element' to NoSuchElementError
[debug] &amp#27;[35m[BaseDriver]&amp#27;[39m Waited for 275 ms so far
[debug] &amp#27;[35m[WD Proxy]&amp#27;[39m Matched '/element' to command name 'findElement'
[debug] &amp#27;[35m[WD Proxy]&amp#27;[39m Proxying [POST /element] to [POST http://127.0.0.1:8200/wd/hub/session/826fc9c0-24d6-4d4d-a9ba-b30a85adcf15/element] with body: {"strategy":"xpath","selector":"//android.view.View[@text='Skip']","context":"","multiple":false}
[debug] &amp#27;[35m[WD Proxy]&amp#27;[39m Got response with status 200: {"sessionId":"826fc9c0-24d6-4d4d-a9ba-b30a85adcf15","value":{"ELEMENT":"b5cee0dc-14eb-4f95-aa1d-fa28a28c4086","element-6066-11e4-a52e-4f735466cecf":"b5cee0dc-14eb-4f95-aa1d-fa28a28c4086"}}
[debug] &amp#27;[35m[W3C (dd4a62ba)]&amp#27;[39m Responding to client with driver.findElement() result: {"element-6066-11e4-a52e-4f735466cecf":"b5cee0dc-14eb-4f95-aa1d-fa28a28c4086","ELEMENT":"b5cee0dc-14eb-4f95-aa1d-fa28a28c4086"}
&amp#27;[35m[HTTP]&amp#27;[39m &amp#27;[37m<-- POST /wd/hub/session/dd4a62ba-e530-4be4-b4a7-401fcacfd8b5/element &amp#27;[39m&amp#27;[32m200&amp#27;[39m &amp#27;[90m1355 ms - 137&amp#27;[39m
&amp#27;[35m[HTTP]&amp#27;[39m &amp#27;[90m&amp#27;[39m
&amp#27;[35m[HTTP]&amp#27;[39m &amp#27;[37m-->&amp#27;[39m &amp#27;[37mPOST&amp#27;[39m &amp#27;[37m/wd/hub/session/dd4a62ba-e530-4be4-b4a7-401fcacfd8b5/element/b5cee0dc-14eb-4f95-aa1d-fa28a28c4086/click&amp#27;[39m
&amp#27;[35m[HTTP]&amp#27;[39m &amp#27;[90m{"id":"b5cee0dc-14eb-4f95-aa1d-fa28a28c4086"}&amp#27;[39m
[debug] &amp#27;[35m[W3C (dd4a62ba)]&amp#27;[39m Calling AppiumDriver.click() with args: ["b5cee0dc-14eb-4f95-aa1d-fa28a28c4086","dd4a62ba-e530-4be4-b4a7-401fcacfd8b5"]
[debug] &amp#27;[35m[WD Proxy]&amp#27;[39m Matched '/element/b5cee0dc-14eb-4f95-aa1d-fa28a28c4086/click' to command name 'click'
[debug] &amp#27;[35m[WD Proxy]&amp#27;[39m Proxying [POST /element/b5cee0dc-14eb-4f95-aa1d-fa28a28c4086/click] to [POST http://127.0.0.1:8200/wd/hub/session/826fc9c0-24d6-4d4d-a9ba-b30a85adcf15/element/b5cee0dc-14eb-4f95-aa1d-fa28a28c4086/click] with body: {"element":"b5cee0dc-14eb-4f95-aa1d-fa28a28c4086"}
[debug] &amp#27;[35m[WD Proxy]&amp#27;[39m Got response with status 200: {"sessionId":"826fc9c0-24d6-4d4d-a9ba-b30a85adcf15","value":null}
[debug] &amp#27;[35m[W3C (dd4a62ba)]&amp#27;[39m Responding to client with driver.click() result: null
&amp#27;[35m[HTTP]&amp#27;[39m &amp#27;[37m<-- POST /wd/hub/session/dd4a62ba-e530-4be4-b4a7-401fcacfd8b5/element/b5cee0dc-14eb-4f95-aa1d-fa28a28c4086/click &amp#27;[39m&amp#27;[32m200&amp#27;[39m &amp#27;[90m90 ms - 14&amp#27;[39m
&amp#27;[35m[HTTP]&amp#27;[39m &amp#27;[90m&amp#27;[39m
&amp#27;[35m[HTTP]&amp#27;[39m &amp#27;[37m-->&amp#27;[39m &amp#27;[37mGET&amp#27;[39m &amp#27;[37m/wd/hub/session/dd4a62ba-e530-4be4-b4a7-401fcacfd8b5/context&amp#27;[39m
&amp#27;[35m[HTTP]&amp#27;[39m &amp#27;[90m{}&amp#27;[39m
[debug] &amp#27;[35m[W3C (dd4a62ba)]&amp#27;[39m Calling AppiumDriver.getCurrentContext() with args: ["dd4a62ba-e530-4be4-b4a7-401fcacfd8b5"]
[debug] &amp#27;[35m[W3C (dd4a62ba)]&amp#27;[39m Responding to client with driver.getCurrentContext() result: "NATIVE_APP"
&amp#27;[35m[HTTP]&amp#27;[39m &amp#27;[37m<-- GET /wd/hub/session/dd4a62ba-e530-4be4-b4a7-401fcacfd8b5/context &amp#27;[39m&amp#27;[32m200&amp#27;[39m &amp#27;[90m1 ms - 22&amp#27;[39m
&amp#27;[35m[HTTP]&amp#27;[39m &amp#27;[90m&amp#27;[39m
&amp#27;[35m[HTTP]&amp#27;[39m &amp#27;[37m-->&amp#27;[39m &amp#27;[37mPOST&amp#27;[39m &amp#27;[37m/wd/hub/session/dd4a62ba-e530-4be4-b4a7-401fcacfd8b5/element&amp#27;[39m
&amp#27;[35m[HTTP]&amp#27;[39m &amp#27;[90m{"using":"xpath","value":"//android.view.View/android.widget.EditText[1]"}&amp#27;[39m
[debug] &amp#27;[35m[W3C (dd4a62ba)]&amp#27;[39m Calling AppiumDriver.findElement() with args: ["xpath","//android.view.View/android.widget.EditText[1]","dd4a62ba-e530-4be4-b4a7-401fcacfd8b5"]
[debug] &amp#27;[35m[BaseDriver]&amp#27;[39m Valid locator strategies for this request: xpath, id, class name, accessibility id, css selector, -android uiautomator
[debug] &amp#27;[35m[BaseDriver]&amp#27;[39m Waiting up to 10000 ms for condition
[debug] &amp#27;[35m[WD Proxy]&amp#27;[39m Matched '/element' to command name 'findElement'
[debug] &amp#27;[35m[WD Proxy]&amp#27;[39m Proxying [POST /element] to [POST http://127.0.0.1:8200/wd/hub/session/826fc9c0-24d6-4d4d-a9ba-b30a85adcf15/element] with body: {"strategy":"xpath","selector":"//android.view.View/android.widget.EditText[1]","context":"","multiple":false}
[debug] &amp#27;[35m[WD Proxy]&amp#27;[39m Got response with status 200: {"sessionId":"826fc9c0-24d6-4d4d-a9ba-b30a85adcf15","value":{"ELEMENT":"b2847e4e-2f4f-4de3-8f37-6fa74b888468","element-6066-11e4-a52e-4f735466cecf":"b2847e4e-2f4f-4de3-8f37-6fa74b888468"}}
[debug] &amp#27;[35m[W3C (dd4a62ba)]&amp#27;[39m Responding to client with driver.findElement() result: {"element-6066-11e4-a52e-4f735466cecf":"b2847e4e-2f4f-4de3-8f37-6fa74b888468","ELEMENT":"b2847e4e-2f4f-4de3-8f37-6fa74b888468"}
&amp#27;[35m[HTTP]&amp#27;[39m &amp#27;[37m<-- POST /wd/hub/session/dd4a62ba-e530-4be4-b4a7-401fcacfd8b5/element &amp#27;[39m&amp#27;[32m200&amp#27;[39m &amp#27;[90m1508 ms - 137&amp#27;[39m
&amp#27;[35m[HTTP]&amp#27;[39m &amp#27;[90m&amp#27;[39m
&amp#27;[35m[HTTP]&amp#27;[39m &amp#27;[37m-->&amp#27;[39m &amp#27;[37mPOST&amp#27;[39m &amp#27;[37m/wd/hub/session/dd4a62ba-e530-4be4-b4a7-401fcacfd8b5/element/b2847e4e-2f4f-4de3-8f37-6fa74b888468/click&amp#27;[39m
&amp#27;[35m[HTTP]&amp#27;[39m &amp#27;[90m{"id":"b2847e4e-2f4f-4de3-8f37-6fa74b888468"}&amp#27;[39m
[debug] &amp#27;[35m[W3C (dd4a62ba)]&amp#27;[39m Calling AppiumDriver.click() with args: ["b2847e4e-2f4f-4de3-8f37-6fa74b888468","dd4a62ba-e530-4be4-b4a7-401fcacfd8b5"]
[debug] &amp#27;[35m[WD Proxy]&amp#27;[39m Matched '/element/b2847e4e-2f4f-4de3-8f37-6fa74b888468/click' to command name 'click'
[debug] &amp#27;[35m[WD Proxy]&amp#27;[39m Proxying [POST /element/b2847e4e-2f4f-4de3-8f37-6fa74b888468/click] to [POST http://127.0.0.1:8200/wd/hub/session/826fc9c0-24d6-4d4d-a9ba-b30a85adcf15/element/b2847e4e-2f4f-4de3-8f37-6fa74b888468/click] with body: {"element":"b2847e4e-2f4f-4de3-8f37-6fa74b888468"}
[debug] &amp#27;[35m[WD Proxy]&amp#27;[39m Got response with status 200: {"sessionId":"826fc9c0-24d6-4d4d-a9ba-b30a85adcf15","value":null}
[debug] &amp#27;[35m[W3C (dd4a62ba)]&amp#27;[39m Responding to client with driver.click() result: null
&amp#27;[35m[HTTP]&amp#27;[39m &amp#27;[37m<-- POST /wd/hub/session/dd4a62ba-e530-4be4-b4a7-401fcacfd8b5/element/b2847e4e-2f4f-4de3-8f37-6fa74b888468/click &amp#27;[39m&amp#27;[32m200&amp#27;[39m &amp#27;[90m79 ms - 14&amp#27;[39m
&amp#27;[35m[HTTP]&amp#27;[39m &amp#27;[90m&amp#27;[39m
&amp#27;[35m[HTTP]&amp#27;[39m &amp#27;[37m-->&amp#27;[39m &amp#27;[37mGET&amp#27;[39m &amp#27;[37m/wd/hub/session/dd4a62ba-e530-4be4-b4a7-401fcacfd8b5/context&amp#27;[39m
&amp#27;[35m[HTTP]&amp#27;[39m &amp#27;[90m{}&amp#27;[39m
[debug] &amp#27;[35m[W3C (dd4a62ba)]&amp#27;[39m Calling AppiumDriver.getCurrentContext() with args: ["dd4a62ba-e530-4be4-b4a7-401fcacfd8b5"]
[debug] &amp#27;[35m[W3C (dd4a62ba)]&amp#27;[39m Responding to client with driver.getCurrentContext() result: "NATIVE_APP"
&amp#27;[35m[HTTP]&amp#27;[39m &amp#27;[37m<-- GET /wd/hub/session/dd4a62ba-e530-4be4-b4a7-401fcacfd8b5/context &amp#27;[39m&amp#27;[32m200&amp#27;[39m &amp#27;[90m1 ms - 22&amp#27;[39m
&amp#27;[35m[HTTP]&amp#27;[39m &amp#27;[90m&amp#27;[39m
&amp#27;[35m[HTTP]&amp#27;[39m &amp#27;[37m-->&amp#27;[39m &amp#27;[37mPOST&amp#27;[39m &amp#27;[37m/wd/hub/session/dd4a62ba-e530-4be4-b4a7-401fcacfd8b5/element&amp#27;[39m
&amp#27;[35m[HTTP]&amp#27;[39m &amp#27;[90m{"using":"xpath","value":"//android.view.View/android.widget.EditText[1]"}&amp#27;[39m
[debug] &amp#27;[35m[W3C (dd4a62ba)]&amp#27;[39m Calling AppiumDriver.findElement() with args: ["xpath","//android.view.View/android.widget.EditText[1]","dd4a62ba-e530-4be4-b4a7-401fcacfd8b5"]
[debug] &amp#27;[35m[BaseDriver]&amp#27;[39m Valid locator strategies for this request: xpath, id, class name, accessibility id, css selector, -android uiautomator
[debug] &amp#27;[35m[BaseDriver]&amp#27;[39m Waiting up to 10000 ms for condition
[debug] &amp#27;[35m[WD Proxy]&amp#27;[39m Matched '/element' to command name 'findElement'
[debug] &amp#27;[35m[WD Proxy]&amp#27;[39m Proxying [POST /element] to [POST http://127.0.0.1:8200/wd/hub/session/826fc9c0-24d6-4d4d-a9ba-b30a85adcf15/element] with body: {"strategy":"xpath","selector":"//android.view.View/android.widget.EditText[1]","context":"","multiple":false}
[debug] &amp#27;[35m[WD Proxy]&amp#27;[39m Got response with status 200: {"sessionId":"826fc9c0-24d6-4d4d-a9ba-b30a85adcf15","value":{"ELEMENT":"f470fb2c-5bdc-48d7-8169-34a827cb9fd4","element-6066-11e4-a52e-4f735466cecf":"f470fb2c-5bdc-48d7-8169-34a827cb9fd4"}}
[debug] &amp#27;[35m[W3C (dd4a62ba)]&amp#27;[39m Responding to client with driver.findElement() result: {"element-6066-11e4-a52e-4f735466cecf":"f470fb2c-5bdc-48d7-8169-34a827cb9fd4","ELEMENT":"f470fb2c-5bdc-48d7-8169-34a827cb9fd4"}
&amp#27;[35m[HTTP]&amp#27;[39m &amp#27;[37m<-- POST /wd/hub/session/dd4a62ba-e530-4be4-b4a7-401fcacfd8b5/element &amp#27;[39m&amp#27;[32m200&amp#27;[39m &amp#27;[90m92 ms - 137&amp#27;[39m
&amp#27;[35m[HTTP]&amp#27;[39m &amp#27;[90m&amp#27;[39m
&amp#27;[35m[HTTP]&amp#27;[39m &amp#27;[37m-->&amp#27;[39m &amp#27;[37mPOST&amp#27;[39m &amp#27;[37m/wd/hub/session/dd4a62ba-e530-4be4-b4a7-401fcacfd8b5/element/f470fb2c-5bdc-48d7-8169-34a827cb9fd4/value&amp#27;[39m
&amp#27;[35m[HTTP]&amp#27;[39m &amp#27;[90m{"id":"f470fb2c-5bdc-48d7-8169-34a827cb9fd4","text":"7760305049","value":["7","7","6","0","3","0","5","0","4","9"]}&amp#27;[39m
[debug] &amp#27;[35m[W3C (dd4a62ba)]&amp#27;[39m Calling AppiumDriver.setValue() with args: [["7","7","6","0","3","0","5","0","4","9"],"f470fb2c-5bdc-48d7-8169-34a827cb9fd4","dd4a62ba-e530-4be4-b4a7-401fcacfd8b5"]
[debug] &amp#27;[35m[WD Proxy]&amp#27;[39m Matched '/element/f470fb2c-5bdc-48d7-8169-34a827cb9fd4/value' to command name 'setValue'
[debug] &amp#27;[35m[Protocol Converter]&amp#27;[39m Added 'value' property ["7","7","6","0","3","0","5","0","4","9"] to 'setValue' request body
[debug] &amp#27;[35m[WD Proxy]&amp#27;[39m Proxying [POST /element/f470fb2c-5bdc-48d7-8169-34a827cb9fd4/value] to [POST http://127.0.0.1:8200/wd/hub/session/826fc9c0-24d6-4d4d-a9ba-b30a85adcf15/element/f470fb2c-5bdc-48d7-8169-34a827cb9fd4/value] with body: {"elementId":"f470fb2c-5bdc-48d7-8169-34a827cb9fd4","text":"7760305049","replace":false,"value":["7","7","6","0","3","0","5","0","4","9"]}
[debug] &amp#27;[35m[WD Proxy]&amp#27;[39m Got response with status 200: {"sessionId":"826fc9c0-24d6-4d4d-a9ba-b30a85adcf15","value":null}
[debug] &amp#27;[35m[W3C (dd4a62ba)]&amp#27;[39m Responding to client with driver.setValue() result: null
&amp#27;[35m[HTTP]&amp#27;[39m &amp#27;[37m<-- POST /wd/hub/session/dd4a62ba-e530-4be4-b4a7-401fcacfd8b5/element/f470fb2c-5bdc-48d7-8169-34a827cb9fd4/value &amp#27;[39m&amp#27;[32m200&amp#27;[39m &amp#27;[90m1274 ms - 14&amp#27;[39m
&amp#27;[35m[HTTP]&amp#27;[39m &amp#27;[90m&amp#27;[39m
&amp#27;[35m[HTTP]&amp#27;[39m &amp#27;[37m-->&amp#27;[39m &amp#27;[37mPOST&amp#27;[39m &amp#27;[37m/wd/hub/session/dd4a62ba-e530-4be4-b4a7-401fcacfd8b5/appium/device/hide_keyboard&amp#27;[39m
&amp#27;[35m[HTTP]&amp#27;[39m &amp#27;[90m{}&amp#27;[39m
[debug] &amp#27;[35m[W3C (dd4a62ba)]&amp#27;[39m Calling AppiumDriver.hideKeyboard() with args: [null,null,null,null,"dd4a62ba-e530-4be4-b4a7-401fcacfd8b5"]
[debug] &amp#27;[35m[ADB]&amp#27;[39m Running 'C:\Users\Fayaz\AppData\Local\Android\Sdk\platform-tools\adb.exe -P 5037 -s emulator-5554 shell dumpsys input_method'
[debug] &amp#27;[35m[ADB]&amp#27;[39m Running 'C:\Users\Fayaz\AppData\Local\Android\Sdk\platform-tools\adb.exe -P 5037 -s emulator-5554 shell input keyevent 111'
[debug] &amp#27;[35m[ADB]&amp#27;[39m Running 'C:\Users\Fayaz\AppData\Local\Android\Sdk\platform-tools\adb.exe -P 5037 -s emulator-5554 shell dumpsys input_method'
[debug] &amp#27;[35m[ADB]&amp#27;[39m Running 'C:\Users\Fayaz\AppData\Local\Android\Sdk\platform-tools\adb.exe -P 5037 -s emulator-5554 shell dumpsys input_method'
[debug] &amp#27;[35m[ADB]&amp#27;[39m Running 'C:\Users\Fayaz\AppData\Local\Android\Sdk\platform-tools\adb.exe -P 5037 -s emulator-5554 shell input keyevent 4'
[debug] &amp#27;[35m[ADB]&amp#27;[39m Running 'C:\Users\Fayaz\AppData\Local\Android\Sdk\platform-tools\adb.exe -P 5037 -s emulator-5554 shell dumpsys input_method'
[debug] &amp#27;[35m[W3C (dd4a62ba)]&amp#27;[39m Responding to client with driver.hideKeyboard() result: true
&amp#27;[35m[HTTP]&amp#27;[39m &amp#27;[37m<-- POST /wd/hub/session/dd4a62ba-e530-4be4-b4a7-401fcacfd8b5/appium/device/hide_keyboard &amp#27;[39m&amp#27;[32m200&amp#27;[39m &amp#27;[90m4479 ms - 14&amp#27;[39m
&amp#27;[35m[HTTP]&amp#27;[39m &amp#27;[90m&amp#27;[39m
&amp#27;[35m[HTTP]&amp#27;[39m &amp#27;[37m-->&amp#27;[39m &amp#27;[37mGET&amp#27;[39m &amp#27;[37m/wd/hub/session/dd4a62ba-e530-4be4-b4a7-401fcacfd8b5/context&amp#27;[39m
&amp#27;[35m[HTTP]&amp#27;[39m &amp#27;[90m{}&amp#27;[39m
[debug] &amp#27;[35m[W3C (dd4a62ba)]&amp#27;[39m Calling AppiumDriver.getCurrentContext() with args: ["dd4a62ba-e530-4be4-b4a7-401fcacfd8b5"]
[debug] &amp#27;[35m[W3C (dd4a62ba)]&amp#27;[39m Responding to client with driver.getCurrentContext() result: "NATIVE_APP"
&amp#27;[35m[HTTP]&amp#27;[39m &amp#27;[37m<-- GET /wd/hub/session/dd4a62ba-e530-4be4-b4a7-401fcacfd8b5/context &amp#27;[39m&amp#27;[32m200&amp#27;[39m &amp#27;[90m1 ms - 22&amp#27;[39m
&amp#27;[35m[HTTP]&amp#27;[39m &amp#27;[90m&amp#27;[39m
&amp#27;[35m[HTTP]&amp#27;[39m &amp#27;[37m-->&amp#27;[39m &amp#27;[37mPOST&amp#27;[39m &amp#27;[37m/wd/hub/session/dd4a62ba-e530-4be4-b4a7-401fcacfd8b5/element&amp#27;[39m
&amp#27;[35m[HTTP]&amp#27;[39m &amp#27;[90m{"using":"xpath","value":"//android.widget.Button[@text='Proceed']"}&amp#27;[39m
[debug] &amp#27;[35m[W3C (dd4a62ba)]&amp#27;[39m Calling AppiumDriver.findElement() with args: ["xpath","//android.widget.Button[@text='Proceed']","dd4a62ba-e530-4be4-b4a7-401fcacfd8b5"]
[debug] &amp#27;[35m[BaseDriver]&amp#27;[39m Valid locator strategies for this request: xpath, id, class name, accessibility id, css selector, -android uiautomator
[debug] &amp#27;[35m[BaseDriver]&amp#27;[39m Waiting up to 10000 ms for condition
[debug] &amp#27;[35m[WD Proxy]&amp#27;[39m Matched '/element' to command name 'findElement'
[debug] &amp#27;[35m[WD Proxy]&amp#27;[39m Proxying [POST /element] to [POST http://127.0.0.1:8200/wd/hub/session/826fc9c0-24d6-4d4d-a9ba-b30a85adcf15/element] with body: {"strategy":"xpath","selector":"//android.widget.Button[@text='Proceed']","context":"","multiple":false}
[debug] &amp#27;[35m[WD Proxy]&amp#27;[39m Got response with status 200: {"sessionId":"826fc9c0-24d6-4d4d-a9ba-b30a85adcf15","value":{"ELEMENT":"25bc443f-6e98-4963-a810-27d2244bcae8","element-6066-11e4-a52e-4f735466cecf":"25bc443f-6e98-4963-a810-27d2244bcae8"}}
[debug] &amp#27;[35m[W3C (dd4a62ba)]&amp#27;[39m Responding to client with driver.findElement() result: {"element-6066-11e4-a52e-4f735466cecf":"25bc443f-6e98-4963-a810-27d2244bcae8","ELEMENT":"25bc443f-6e98-4963-a810-27d2244bcae8"}
&amp#27;[35m[HTTP]&amp#27;[39m &amp#27;[37m<-- POST /wd/hub/session/dd4a62ba-e530-4be4-b4a7-401fcacfd8b5/element &amp#27;[39m&amp#27;[32m200&amp#27;[39m &amp#27;[90m82 ms - 137&amp#27;[39m
&amp#27;[35m[HTTP]&amp#27;[39m &amp#27;[90m&amp#27;[39m
&amp#27;[35m[HTTP]&amp#27;[39m &amp#27;[37m-->&amp#27;[39m &amp#27;[37mPOST&amp#27;[39m &amp#27;[37m/wd/hub/session/dd4a62ba-e530-4be4-b4a7-401fcacfd8b5/element/25bc443f-6e98-4963-a810-27d2244bcae8/click&amp#27;[39m
&amp#27;[35m[HTTP]&amp#27;[39m &amp#27;[90m{"id":"25bc443f-6e98-4963-a810-27d2244bcae8"}&amp#27;[39m
[debug] &amp#27;[35m[W3C (dd4a62ba)]&amp#27;[39m Calling AppiumDriver.click() with args: ["25bc443f-6e98-4963-a810-27d2244bcae8","dd4a62ba-e530-4be4-b4a7-401fcacfd8b5"]
[debug] &amp#27;[35m[WD Proxy]&amp#27;[39m Matched '/element/25bc443f-6e98-4963-a810-27d2244bcae8/click' to command name 'click'
[debug] &amp#27;[35m[WD Proxy]&amp#27;[39m Proxying [POST /element/25bc443f-6e98-4963-a810-27d2244bcae8/click] to [POST http://127.0.0.1:8200/wd/hub/session/826fc9c0-24d6-4d4d-a9ba-b30a85adcf15/element/25bc443f-6e98-4963-a810-27d2244bcae8/click] with body: {"element":"25bc443f-6e98-4963-a810-27d2244bcae8"}
[debug] &amp#27;[35m[WD Proxy]&amp#27;[39m Got response with status 200: {"sessionId":"826fc9c0-24d6-4d4d-a9ba-b30a85adcf15","value":null}
[debug] &amp#27;[35m[W3C (dd4a62ba)]&amp#27;[39m Responding to client with driver.click() result: null
&amp#27;[35m[HTTP]&amp#27;[39m &amp#27;[37m<-- POST /wd/hub/session/dd4a62ba-e530-4be4-b4a7-401fcacfd8b5/element/25bc443f-6e98-4963-a810-27d2244bcae8/click &amp#27;[39m&amp#27;[32m200&amp#27;[39m &amp#27;[90m147 ms - 14&amp#27;[39m
&amp#27;[35m[HTTP]&amp#27;[39m &amp#27;[90m&amp#27;[39m
&amp#27;[35m[HTTP]&amp#27;[39m &amp#27;[37m-->&amp#27;[39m &amp#27;[37mGET&amp#27;[39m &amp#27;[37m/wd/hub/session/dd4a62ba-e530-4be4-b4a7-401fcacfd8b5/context&amp#27;[39m
&amp#27;[35m[HTTP]&amp#27;[39m &amp#27;[90m{}&amp#27;[39m
[debug] &amp#27;[35m[W3C (dd4a62ba)]&amp#27;[39m Calling AppiumDriver.getCurrentContext() with args: ["dd4a62ba-e530-4be4-b4a7-401fcacfd8b5"]
[debug] &amp#27;[35m[W3C (dd4a62ba)]&amp#27;[39m Responding to client with driver.getCurrentContext() result: "NATIVE_APP"
&amp#27;[35m[HTTP]&amp#27;[39m &amp#27;[37m<-- GET /wd/hub/session/dd4a62ba-e530-4be4-b4a7-401fcacfd8b5/context &amp#27;[39m&amp#27;[32m200&amp#27;[39m &amp#27;[90m1 ms - 22&amp#27;[39m
&amp#27;[35m[HTTP]&amp#27;[39m &amp#27;[90m&amp#27;[39m
&amp#27;[35m[HTTP]&amp#27;[39m &amp#27;[37m-->&amp#27;[39m &amp#27;[37mPOST&amp#27;[39m &amp#27;[37m/wd/hub/session/dd4a62ba-e530-4be4-b4a7-401fcacfd8b5/element&amp#27;[39m
&amp#27;[35m[HTTP]&amp#27;[39m &amp#27;[90m{"using":"xpath","value":"//android.widget.EditText[1]"}&amp#27;[39m
[debug] &amp#27;[35m[W3C (dd4a62ba)]&amp#27;[39m Calling AppiumDriver.findElement() with args: ["xpath","//android.widget.EditText[1]","dd4a62ba-e530-4be4-b4a7-401fcacfd8b5"]
[debug] &amp#27;[35m[BaseDriver]&amp#27;[39m Valid locator strategies for this request: xpath, id, class name, accessibility id, css selector, -android uiautomator
[debug] &amp#27;[35m[BaseDriver]&amp#27;[39m Waiting up to 10000 ms for condition
[debug] &amp#27;[35m[WD Proxy]&amp#27;[39m Matched '/element' to command name 'findElement'
[debug] &amp#27;[35m[WD Proxy]&amp#27;[39m Proxying [POST /element] to [POST http://127.0.0.1:8200/wd/hub/session/826fc9c0-24d6-4d4d-a9ba-b30a85adcf15/element] with body: {"strategy":"xpath","selector":"//android.widget.EditText[1]","context":"","multiple":false}
[debug] &amp#27;[35m[WD Proxy]&amp#27;[39m Got response with status 200: {"sessionId":"826fc9c0-24d6-4d4d-a9ba-b30a85adcf15","value":{"ELEMENT":"687e5ae2-400f-4b39-9d9c-aa02cf12dd65","element-6066-11e4-a52e-4f735466cecf":"687e5ae2-400f-4b39-9d9c-aa02cf12dd65"}}
[debug] &amp#27;[35m[W3C (dd4a62ba)]&amp#27;[39m Responding to client with driver.findElement() result: {"element-6066-11e4-a52e-4f735466cecf":"687e5ae2-400f-4b39-9d9c-aa02cf12dd65","ELEMENT":"687e5ae2-400f-4b39-9d9c-aa02cf12dd65"}
&amp#27;[35m[HTTP]&amp#27;[39m &amp#27;[37m<-- POST /wd/hub/session/dd4a62ba-e530-4be4-b4a7-401fcacfd8b5/element &amp#27;[39m&amp#27;[32m200&amp#27;[39m &amp#27;[90m98 ms - 137&amp#27;[39m
&amp#27;[35m[HTTP]&amp#27;[39m &amp#27;[90m&amp#27;[39m
&amp#27;[35m[HTTP]&amp#27;[39m &amp#27;[37m-->&amp#27;[39m &amp#27;[37mPOST&amp#27;[39m &amp#27;[37m/wd/hub/session/dd4a62ba-e530-4be4-b4a7-401fcacfd8b5/element/687e5ae2-400f-4b39-9d9c-aa02cf12dd65/value&amp#27;[39m
&amp#27;[35m[HTTP]&amp#27;[39m &amp#27;[90m{"id":"687e5ae2-400f-4b39-9d9c-aa02cf12dd65","text":"7760305049","value":["7","7","6","0","3","0","5","0","4","9"]}&amp#27;[39m
[debug] &amp#27;[35m[W3C (dd4a62ba)]&amp#27;[39m Calling AppiumDriver.setValue() with args: [["7","7","6","0","3","0","5","0","4","9"],"687e5ae2-400f-4b39-9d9c-aa02cf12dd65","dd4a62ba-e530-4be4-b4a7-401fcacfd8b5"]
[debug] &amp#27;[35m[WD Proxy]&amp#27;[39m Matched '/element/687e5ae2-400f-4b39-9d9c-aa02cf12dd65/value' to command name 'setValue'
[debug] &amp#27;[35m[Protocol Converter]&amp#27;[39m Added 'value' property ["7","7","6","0","3","0","5","0","4","9"] to 'setValue' request body
[debug] &amp#27;[35m[WD Proxy]&amp#27;[39m Proxying [POST /element/687e5ae2-400f-4b39-9d9c-aa02cf12dd65/value] to [POST http://127.0.0.1:8200/wd/hub/session/826fc9c0-24d6-4d4d-a9ba-b30a85adcf15/element/687e5ae2-400f-4b39-9d9c-aa02cf12dd65/value] with body: {"elementId":"687e5ae2-400f-4b39-9d9c-aa02cf12dd65","text":"7760305049","replace":false,"value":["7","7","6","0","3","0","5","0","4","9"]}
[debug] &amp#27;[35m[WD Proxy]&amp#27;[39m Got response with status 200: {"sessionId":"826fc9c0-24d6-4d4d-a9ba-b30a85adcf15","value":null}
[debug] &amp#27;[35m[W3C (dd4a62ba)]&amp#27;[39m Responding to client with driver.setValue() result: null
&amp#27;[35m[HTTP]&amp#27;[39m &amp#27;[37m<-- POST /wd/hub/session/dd4a62ba-e530-4be4-b4a7-401fcacfd8b5/element/687e5ae2-400f-4b39-9d9c-aa02cf12dd65/value &amp#27;[39m&amp#27;[32m200&amp#27;[39m &amp#27;[90m29 ms - 14&amp#27;[39m
&amp#27;[35m[HTTP]&amp#27;[39m &amp#27;[90m&amp#27;[39m
&amp#27;[35m[HTTP]&amp#27;[39m &amp#27;[37m-->&amp#27;[39m &amp#27;[37mGET&amp#27;[39m &amp#27;[37m/wd/hub/session/dd4a62ba-e530-4be4-b4a7-401fcacfd8b5/context&amp#27;[39m
&amp#27;[35m[HTTP]&amp#27;[39m &amp#27;[90m{}&amp#27;[39m
[debug] &amp#27;[35m[W3C (dd4a62ba)]&amp#27;[39m Calling AppiumDriver.getCurrentContext() with args: ["dd4a62ba-e530-4be4-b4a7-401fcacfd8b5"]
[debug] &amp#27;[35m[W3C (dd4a62ba)]&amp#27;[39m Responding to client with driver.getCurrentContext() result: "NATIVE_APP"
&amp#27;[35m[HTTP]&amp#27;[39m &amp#27;[37m<-- GET /wd/hub/session/dd4a62ba-e530-4be4-b4a7-401fcacfd8b5/context &amp#27;[39m&amp#27;[32m200&amp#27;[39m &amp#27;[90m1 ms - 22&amp#27;[39m
&amp#27;[35m[HTTP]&amp#27;[39m &amp#27;[90m&amp#27;[39m
&amp#27;[35m[HTTP]&amp#27;[39m &amp#27;[37m-->&amp#27;[39m &amp#27;[37mPOST&amp#27;[39m &amp#27;[37m/wd/hub/session/dd4a62ba-e530-4be4-b4a7-401fcacfd8b5/element&amp#27;[39m
&amp#27;[35m[HTTP]&amp#27;[39m &amp#27;[90m{"using":"xpath","value":"(//android.widget.EditText)[2]"}&amp#27;[39m
[debug] &amp#27;[35m[W3C (dd4a62ba)]&amp#27;[39m Calling AppiumDriver.findElement() with args: ["xpath","(//android.widget.EditText)[2]","dd4a62ba-e530-4be4-b4a7-401fcacfd8b5"]
[debug] &amp#27;[35m[BaseDriver]&amp#27;[39m Valid locator strategies for this request: xpath, id, class name, accessibility id, css selector, -android uiautomator
[debug] &amp#27;[35m[BaseDriver]&amp#27;[39m Waiting up to 10000 ms for condition
[debug] &amp#27;[35m[WD Proxy]&amp#27;[39m Matched '/element' to command name 'findElement'
[debug] &amp#27;[35m[WD Proxy]&amp#27;[39m Proxying [POST /element] to [POST http://127.0.0.1:8200/wd/hub/session/826fc9c0-24d6-4d4d-a9ba-b30a85adcf15/element] with body: {"strategy":"xpath","selector":"(//android.widget.EditText)[2]","context":"","multiple":false}
[debug] &amp#27;[35m[WD Proxy]&amp#27;[39m Got response with status 200: {"sessionId":"826fc9c0-24d6-4d4d-a9ba-b30a85adcf15","value":{"ELEMENT":"cd89179b-b4ef-45bc-aa94-96ff7eda512e","element-6066-11e4-a52e-4f735466cecf":"cd89179b-b4ef-45bc-aa94-96ff7eda512e"}}
[debug] &amp#27;[35m[W3C (dd4a62ba)]&amp#27;[39m Responding to client with driver.findElement() result: {"element-6066-11e4-a52e-4f735466cecf":"cd89179b-b4ef-45bc-aa94-96ff7eda512e","ELEMENT":"cd89179b-b4ef-45bc-aa94-96ff7eda512e"}
&amp#27;[35m[HTTP]&amp#27;[39m &amp#27;[37m<-- POST /wd/hub/session/dd4a62ba-e530-4be4-b4a7-401fcacfd8b5/element &amp#27;[39m&amp#27;[32m200&amp#27;[39m &amp#27;[90m567 ms - 137&amp#27;[39m
&amp#27;[35m[HTTP]&amp#27;[39m &amp#27;[90m&amp#27;[39m
&amp#27;[35m[HTTP]&amp#27;[39m &amp#27;[37m-->&amp#27;[39m &amp#27;[37mPOST&amp#27;[39m &amp#27;[37m/wd/hub/session/dd4a62ba-e530-4be4-b4a7-401fcacfd8b5/element/cd89179b-b4ef-45bc-aa94-96ff7eda512e/click&amp#27;[39m
&amp#27;[35m[HTTP]&amp#27;[39m &amp#27;[90m{"id":"cd89179b-b4ef-45bc-aa94-96ff7eda512e"}&amp#27;[39m
[debug] &amp#27;[35m[W3C (dd4a62ba)]&amp#27;[39m Calling AppiumDriver.click() with args: ["cd89179b-b4ef-45bc-aa94-96ff7eda512e","dd4a62ba-e530-4be4-b4a7-401fcacfd8b5"]
[debug] &amp#27;[35m[WD Proxy]&amp#27;[39m Matched '/element/cd89179b-b4ef-45bc-aa94-96ff7eda512e/click' to command name 'click'
[debug] &amp#27;[35m[WD Proxy]&amp#27;[39m Proxying [POST /element/cd89179b-b4ef-45bc-aa94-96ff7eda512e/click] to [POST http://127.0.0.1:8200/wd/hub/session/826fc9c0-24d6-4d4d-a9ba-b30a85adcf15/element/cd89179b-b4ef-45bc-aa94-96ff7eda512e/click] with body: {"element":"cd89179b-b4ef-45bc-aa94-96ff7eda512e"}
[debug] &amp#27;[35m[WD Proxy]&amp#27;[39m Got response with status 200: {"sessionId":"826fc9c0-24d6-4d4d-a9ba-b30a85adcf15","value":null}
[debug] &amp#27;[35m[W3C (dd4a62ba)]&amp#27;[39m Responding to client with driver.click() result: null
&amp#27;[35m[HTTP]&amp#27;[39m &amp#27;[37m<-- POST /wd/hub/session/dd4a62ba-e530-4be4-b4a7-401fcacfd8b5/element/cd89179b-b4ef-45bc-aa94-96ff7eda512e/click &amp#27;[39m&amp#27;[32m200&amp#27;[39m &amp#27;[90m91 ms - 14&amp#27;[39m
&amp#27;[35m[HTTP]&amp#27;[39m &amp#27;[90m&amp#27;[39m
&amp#27;[35m[HTTP]&amp#27;[39m &amp#27;[37m-->&amp#27;[39m &amp#27;[37mGET&amp#27;[39m &amp#27;[37m/wd/hub/session/dd4a62ba-e530-4be4-b4a7-401fcacfd8b5/context&amp#27;[39m
&amp#27;[35m[HTTP]&amp#27;[39m &amp#27;[90m{}&amp#27;[39m
[debug] &amp#27;[35m[W3C (dd4a62ba)]&amp#27;[39m Calling AppiumDriver.getCurrentContext() with args: ["dd4a62ba-e530-4be4-b4a7-401fcacfd8b5"]
[debug] &amp#27;[35m[W3C (dd4a62ba)]&amp#27;[39m Responding to client with driver.getCurrentContext() result: "NATIVE_APP"
&amp#27;[35m[HTTP]&amp#27;[39m &amp#27;[37m<-- GET /wd/hub/session/dd4a62ba-e530-4be4-b4a7-401fcacfd8b5/context &amp#27;[39m&amp#27;[32m200&amp#27;[39m &amp#27;[90m1 ms - 22&amp#27;[39m
&amp#27;[35m[HTTP]&amp#27;[39m &amp#27;[90m&amp#27;[39m
&amp#27;[35m[HTTP]&amp#27;[39m &amp#27;[37m-->&amp#27;[39m &amp#27;[37mPOST&amp#27;[39m &amp#27;[37m/wd/hub/session/dd4a62ba-e530-4be4-b4a7-401fcacfd8b5/element&amp#27;[39m
&amp#27;[35m[HTTP]&amp#27;[39m &amp#27;[90m{"using":"xpath","value":"(//android.widget.EditText)[2]"}&amp#27;[39m
[debug] &amp#27;[35m[W3C (dd4a62ba)]&amp#27;[39m Calling AppiumDriver.findElement() with args: ["xpath","(//android.widget.EditText)[2]","dd4a62ba-e530-4be4-b4a7-401fcacfd8b5"]
[debug] &amp#27;[35m[BaseDriver]&amp#27;[39m Valid locator strategies for this request: xpath, id, class name, accessibility id, css selector, -android uiautomator
[debug] &amp#27;[35m[BaseDriver]&amp#27;[39m Waiting up to 10000 ms for condition
[debug] &amp#27;[35m[WD Proxy]&amp#27;[39m Matched '/element' to command name 'findElement'
[debug] &amp#27;[35m[WD Proxy]&amp#27;[39m Proxying [POST /element] to [POST http://127.0.0.1:8200/wd/hub/session/826fc9c0-24d6-4d4d-a9ba-b30a85adcf15/element] with body: {"strategy":"xpath","selector":"(//android.widget.EditText)[2]","context":"","multiple":false}
[debug] &amp#27;[35m[WD Proxy]&amp#27;[39m Got response with status 200: {"sessionId":"826fc9c0-24d6-4d4d-a9ba-b30a85adcf15","value":{"ELEMENT":"e6594ef0-7208-4e18-8edf-3efd286f5469","element-6066-11e4-a52e-4f735466cecf":"e6594ef0-7208-4e18-8edf-3efd286f5469"}}
[debug] &amp#27;[35m[W3C (dd4a62ba)]&amp#27;[39m Responding to client with driver.findElement() result: {"element-6066-11e4-a52e-4f735466cecf":"e6594ef0-7208-4e18-8edf-3efd286f5469","ELEMENT":"e6594ef0-7208-4e18-8edf-3efd286f5469"}
&amp#27;[35m[HTTP]&amp#27;[39m &amp#27;[37m<-- POST /wd/hub/session/dd4a62ba-e530-4be4-b4a7-401fcacfd8b5/element &amp#27;[39m&amp#27;[32m200&amp#27;[39m &amp#27;[90m118 ms - 137&amp#27;[39m
&amp#27;[35m[HTTP]&amp#27;[39m &amp#27;[90m&amp#27;[39m
&amp#27;[35m[HTTP]&amp#27;[39m &amp#27;[37m-->&amp#27;[39m &amp#27;[37mPOST&amp#27;[39m &amp#27;[37m/wd/hub/session/dd4a62ba-e530-4be4-b4a7-401fcacfd8b5/element/e6594ef0-7208-4e18-8edf-3efd286f5469/value&amp#27;[39m
&amp#27;[35m[HTTP]&amp#27;[39m &amp#27;[90m{"id":"e6594ef0-7208-4e18-8edf-3efd286f5469","text":"0082","value":["0","0","8","2"]}&amp#27;[39m
[debug] &amp#27;[35m[W3C (dd4a62ba)]&amp#27;[39m Calling AppiumDriver.setValue() with args: [["0","0","8","2"],"e6594ef0-7208-4e18-8edf-3efd286f5469","dd4a62ba-e530-4be4-b4a7-401fcacfd8b5"]
[debug] &amp#27;[35m[WD Proxy]&amp#27;[39m Matched '/element/e6594ef0-7208-4e18-8edf-3efd286f5469/value' to command name 'setValue'
[debug] &amp#27;[35m[Protocol Converter]&amp#27;[39m Added 'value' property ["0","0","8","2"] to 'setValue' request body
[debug] &amp#27;[35m[WD Proxy]&amp#27;[39m Proxying [POST /element/e6594ef0-7208-4e18-8edf-3efd286f5469/value] to [POST http://127.0.0.1:8200/wd/hub/session/826fc9c0-24d6-4d4d-a9ba-b30a85adcf15/element/e6594ef0-7208-4e18-8edf-3efd286f5469/value] with body: {"elementId":"e6594ef0-7208-4e18-8edf-3efd286f5469","text":"0082","replace":false,"value":["0","0","8","2"]}
[debug] &amp#27;[35m[WD Proxy]&amp#27;[39m Got response with status 200: {"sessionId":"826fc9c0-24d6-4d4d-a9ba-b30a85adcf15","value":null}
[debug] &amp#27;[35m[W3C (dd4a62ba)]&amp#27;[39m Responding to client with driver.setValue() result: null
&amp#27;[35m[HTTP]&amp#27;[39m &amp#27;[37m<-- POST /wd/hub/session/dd4a62ba-e530-4be4-b4a7-401fcacfd8b5/element/e6594ef0-7208-4e18-8edf-3efd286f5469/value &amp#27;[39m&amp#27;[32m200&amp#27;[39m &amp#27;[90m1462 ms - 14&amp#27;[39m
&amp#27;[35m[HTTP]&amp#27;[39m &amp#27;[90m&amp#27;[39m
&amp#27;[35m[HTTP]&amp#27;[39m &amp#27;[37m-->&amp#27;[39m &amp#27;[37mPOST&amp#27;[39m &amp#27;[37m/wd/hub/session/dd4a62ba-e530-4be4-b4a7-401fcacfd8b5/appium/device/hide_keyboard&amp#27;[39m
&amp#27;[35m[HTTP]&amp#27;[39m &amp#27;[90m{}&amp#27;[39m
[debug] &amp#27;[35m[W3C (dd4a62ba)]&amp#27;[39m Calling AppiumDriver.hideKeyboard() with args: [null,null,null,null,"dd4a62ba-e530-4be4-b4a7-401fcacfd8b5"]
[debug] &amp#27;[35m[ADB]&amp#27;[39m Running 'C:\Users\Fayaz\AppData\Local\Android\Sdk\platform-tools\adb.exe -P 5037 -s emulator-5554 shell dumpsys input_method'
&amp#27;[35m[AndroidDriver]&amp#27;[39m Keyboard has no UI; no closing necessary
[debug] &amp#27;[35m[W3C (dd4a62ba)]&amp#27;[39m Responding to client with driver.hideKeyboard() result: null
&amp#27;[35m[HTTP]&amp#27;[39m &amp#27;[37m<-- POST /wd/hub/session/dd4a62ba-e530-4be4-b4a7-401fcacfd8b5/appium/device/hide_keyboard &amp#27;[39m&amp#27;[32m200&amp#27;[39m &amp#27;[90m515 ms - 14&amp#27;[39m
&amp#27;[35m[HTTP]&amp#27;[39m &amp#27;[90m&amp#27;[39m
&amp#27;[35m[HTTP]&amp#27;[39m &amp#27;[37m-->&amp#27;[39m &amp#27;[37mGET&amp#27;[39m &amp#27;[37m/wd/hub/session/dd4a62ba-e530-4be4-b4a7-401fcacfd8b5/context&amp#27;[39m
&amp#27;[35m[HTTP]&amp#27;[39m &amp#27;[90m{}&amp#27;[39m
[debug] &amp#27;[35m[W3C (dd4a62ba)]&amp#27;[39m Calling AppiumDriver.getCurrentContext() with args: ["dd4a62ba-e530-4be4-b4a7-401fcacfd8b5"]
[debug] &amp#27;[35m[W3C (dd4a62ba)]&amp#27;[39m Responding to client with driver.getCurrentContext() result: "NATIVE_APP"
&amp#27;[35m[HTTP]&amp#27;[39m &amp#27;[37m<-- GET /wd/hub/session/dd4a62ba-e530-4be4-b4a7-401fcacfd8b5/context &amp#27;[39m&amp#27;[32m200&amp#27;[39m &amp#27;[90m1 ms - 22&amp#27;[39m
&amp#27;[35m[HTTP]&amp#27;[39m &amp#27;[90m&amp#27;[39m
&amp#27;[35m[HTTP]&amp#27;[39m &amp#27;[37m-->&amp#27;[39m &amp#27;[37mPOST&amp#27;[39m &amp#27;[37m/wd/hub/session/dd4a62ba-e530-4be4-b4a7-401fcacfd8b5/element&amp#27;[39m
&amp#27;[35m[HTTP]&amp#27;[39m &amp#27;[90m{"using":"xpath","value":"//android.widget.Button[@text='Sign In']"}&amp#27;[39m
[debug] &amp#27;[35m[W3C (dd4a62ba)]&amp#27;[39m Calling AppiumDriver.findElement() with args: ["xpath","//android.widget.Button[@text='Sign In']","dd4a62ba-e530-4be4-b4a7-401fcacfd8b5"]
[debug] &amp#27;[35m[BaseDriver]&amp#27;[39m Valid locator strategies for this request: xpath, id, class name, accessibility id, css selector, -android uiautomator
[debug] &amp#27;[35m[BaseDriver]&amp#27;[39m Waiting up to 10000 ms for condition
[debug] &amp#27;[35m[WD Proxy]&amp#27;[39m Matched '/element' to command name 'findElement'
[debug] &amp#27;[35m[WD Proxy]&amp#27;[39m Proxying [POST /element] to [POST http://127.0.0.1:8200/wd/hub/session/826fc9c0-24d6-4d4d-a9ba-b30a85adcf15/element] with body: {"strategy":"xpath","selector":"//android.widget.Button[@text='Sign In']","context":"","multiple":false}
[debug] &amp#27;[35m[WD Proxy]&amp#27;[39m Got response with status 200: {"sessionId":"826fc9c0-24d6-4d4d-a9ba-b30a85adcf15","value":{"ELEMENT":"d0d9456e-6a41-45a7-a046-da7fe5a61c63","element-6066-11e4-a52e-4f735466cecf":"d0d9456e-6a41-45a7-a046-da7fe5a61c63"}}
[debug] &amp#27;[35m[W3C (dd4a62ba)]&amp#27;[39m Responding to client with driver.findElement() result: {"element-6066-11e4-a52e-4f735466cecf":"d0d9456e-6a41-45a7-a046-da7fe5a61c63","ELEMENT":"d0d9456e-6a41-45a7-a046-da7fe5a61c63"}
&amp#27;[35m[HTTP]&amp#27;[39m &amp#27;[37m<-- POST /wd/hub/session/dd4a62ba-e530-4be4-b4a7-401fcacfd8b5/element &amp#27;[39m&amp#27;[32m200&amp#27;[39m &amp#27;[90m397 ms - 137&amp#27;[39m
&amp#27;[35m[HTTP]&amp#27;[39m &amp#27;[90m&amp#27;[39m
&amp#27;[35m[HTTP]&amp#27;[39m &amp#27;[37m-->&amp#27;[39m &amp#27;[37mPOST&amp#27;[39m &amp#27;[37m/wd/hub/session/dd4a62ba-e530-4be4-b4a7-401fcacfd8b5/element/d0d9456e-6a41-45a7-a046-da7fe5a61c63/click&amp#27;[39m
&amp#27;[35m[HTTP]&amp#27;[39m &amp#27;[90m{"id":"d0d9456e-6a41-45a7-a046-da7fe5a61c63"}&amp#27;[39m
[debug] &amp#27;[35m[W3C (dd4a62ba)]&amp#27;[39m Calling AppiumDriver.click() with args: ["d0d9456e-6a41-45a7-a046-da7fe5a61c63","dd4a62ba-e530-4be4-b4a7-401fcacfd8b5"]
[debug] &amp#27;[35m[WD Proxy]&amp#27;[39m Matched '/element/d0d9456e-6a41-45a7-a046-da7fe5a61c63/click' to command name 'click'
[debug] &amp#27;[35m[WD Proxy]&amp#27;[39m Proxying [POST /element/d0d9456e-6a41-45a7-a046-da7fe5a61c63/click] to [POST http://127.0.0.1:8200/wd/hub/session/826fc9c0-24d6-4d4d-a9ba-b30a85adcf15/element/d0d9456e-6a41-45a7-a046-da7fe5a61c63/click] with body: {"element":"d0d9456e-6a41-45a7-a046-da7fe5a61c63"}
[debug] &amp#27;[35m[WD Proxy]&amp#27;[39m Got response with status 200: {"sessionId":"826fc9c0-24d6-4d4d-a9ba-b30a85adcf15","value":null}
[debug] &amp#27;[35m[W3C (dd4a62ba)]&amp#27;[39m Responding to client with driver.click() result: null
&amp#27;[35m[HTTP]&amp#27;[39m &amp#27;[37m<-- POST /wd/hub/session/dd4a62ba-e530-4be4-b4a7-401fcacfd8b5/element/d0d9456e-6a41-45a7-a046-da7fe5a61c63/click &amp#27;[39m&amp#27;[32m200&amp#27;[39m &amp#27;[90m181 ms - 14&amp#27;[39m
&amp#27;[35m[HTTP]&amp#27;[39m &amp#27;[90m&amp#27;[39m
&amp#27;[35m[HTTP]&amp#27;[39m &amp#27;[37m-->&amp#27;[39m &amp#27;[37mGET&amp#27;[39m &amp#27;[37m/wd/hub/session/dd4a62ba-e530-4be4-b4a7-401fcacfd8b5/context&amp#27;[39m
&amp#27;[35m[HTTP]&amp#27;[39m &amp#27;[90m{}&amp#27;[39m
[debug] &amp#27;[35m[W3C (dd4a62ba)]&amp#27;[39m Calling AppiumDriver.getCurrentContext() with args: ["dd4a62ba-e530-4be4-b4a7-401fcacfd8b5"]
[debug] &amp#27;[35m[W3C (dd4a62ba)]&amp#27;[39m Responding to client with driver.getCurrentContext() result: "NATIVE_APP"
&amp#27;[35m[HTTP]&amp#27;[39m &amp#27;[37m<-- GET /wd/hub/session/dd4a62ba-e530-4be4-b4a7-401fcacfd8b5/context &amp#27;[39m&amp#27;[32m200&amp#27;[39m &amp#27;[90m1 ms - 22&amp#27;[39m
&amp#27;[35m[HTTP]&amp#27;[39m &amp#27;[90m&amp#27;[39m
&amp#27;[35m[HTTP]&amp#27;[39m &amp#27;[37m-->&amp#27;[39m &amp#27;[37mPOST&amp#27;[39m &amp#27;[37m/wd/hub/session/dd4a62ba-e530-4be4-b4a7-401fcacfd8b5/element&amp#27;[39m
&amp#27;[35m[HTTP]&amp#27;[39m &amp#27;[90m{"using":"xpath","value":"//android.view.View[@text='Add Accounts']"}&amp#27;[39m
[debug] &amp#27;[35m[W3C (dd4a62ba)]&amp#27;[39m Calling AppiumDriver.findElement() with args: ["xpath","//android.view.View[@text='Add Accounts']","dd4a62ba-e530-4be4-b4a7-401fcacfd8b5"]
[debug] &amp#27;[35m[BaseDriver]&amp#27;[39m Valid locator strategies for this request: xpath, id, class name, accessibility id, css selector, -android uiautomator
[debug] &amp#27;[35m[BaseDriver]&amp#27;[39m Waiting up to 10000 ms for condition
[debug] &amp#27;[35m[WD Proxy]&amp#27;[39m Matched '/element' to command name 'findElement'
[debug] &amp#27;[35m[WD Proxy]&amp#27;[39m Proxying [POST /element] to [POST http://127.0.0.1:8200/wd/hub/session/826fc9c0-24d6-4d4d-a9ba-b30a85adcf15/element] with body: {"strategy":"xpath","selector":"//android.view.View[@text='Add Accounts']","context":"","multiple":false}
[debug] &amp#27;[35m[WD Proxy]&amp#27;[39m Got response with status 200: {"sessionId":"826fc9c0-24d6-4d4d-a9ba-b30a85adcf15","value":{"ELEMENT":"e6b7bceb-5f43-42e3-a623-4a9d4e490497","element-6066-11e4-a52e-4f735466cecf":"e6b7bceb-5f43-42e3-a623-4a9d4e490497"}}
[debug] &amp#27;[35m[W3C (dd4a62ba)]&amp#27;[39m Responding to client with driver.findElement() result: {"element-6066-11e4-a52e-4f735466cecf":"e6b7bceb-5f43-42e3-a623-4a9d4e490497","ELEMENT":"e6b7bceb-5f43-42e3-a623-4a9d4e490497"}
&amp#27;[35m[HTTP]&amp#27;[39m &amp#27;[37m<-- POST /wd/hub/session/dd4a62ba-e530-4be4-b4a7-401fcacfd8b5/element &amp#27;[39m&amp#27;[32m200&amp#27;[39m &amp#27;[90m118 ms - 137&amp#27;[39m
&amp#27;[35m[HTTP]&amp#27;[39m &amp#27;[90m&amp#27;[39m
&amp#27;[35m[HTTP]&amp#27;[39m &amp#27;[37m-->&amp#27;[39m &amp#27;[37mPOST&amp#27;[39m &amp#27;[37m/wd/hub/session/dd4a62ba-e530-4be4-b4a7-401fcacfd8b5/element/e6b7bceb-5f43-42e3-a623-4a9d4e490497/click&amp#27;[39m
&amp#27;[35m[HTTP]&amp#27;[39m &amp#27;[90m{"id":"e6b7bceb-5f43-42e3-a623-4a9d4e490497"}&amp#27;[39m
[debug] &amp#27;[35m[W3C (dd4a62ba)]&amp#27;[39m Calling AppiumDriver.click() with args: ["e6b7bceb-5f43-42e3-a623-4a9d4e490497","dd4a62ba-e530-4be4-b4a7-401fcacfd8b5"]
[debug] &amp#27;[35m[WD Proxy]&amp#27;[39m Matched '/element/e6b7bceb-5f43-42e3-a623-4a9d4e490497/click' to command name 'click'
[debug] &amp#27;[35m[WD Proxy]&amp#27;[39m Proxying [POST /element/e6b7bceb-5f43-42e3-a623-4a9d4e490497/click] to [POST http://127.0.0.1:8200/wd/hub/session/826fc9c0-24d6-4d4d-a9ba-b30a85adcf15/element/e6b7bceb-5f43-42e3-a623-4a9d4e490497/click] with body: {"element":"e6b7bceb-5f43-42e3-a623-4a9d4e490497"}
[debug] &amp#27;[35m[WD Proxy]&amp#27;[39m Got response with status 200: {"sessionId":"826fc9c0-24d6-4d4d-a9ba-b30a85adcf15","value":null}
[debug] &amp#27;[35m[W3C (dd4a62ba)]&amp#27;[39m Responding to client with driver.click() result: null
&amp#27;[35m[HTTP]&amp#27;[39m &amp#27;[37m<-- POST /wd/hub/session/dd4a62ba-e530-4be4-b4a7-401fcacfd8b5/element/e6b7bceb-5f43-42e3-a623-4a9d4e490497/click &amp#27;[39m&amp#27;[32m200&amp#27;[39m &amp#27;[90m72 ms - 14&amp#27;[39m
&amp#27;[35m[HTTP]&amp#27;[39m &amp#27;[90m&amp#27;[39m
&amp#27;[35m[HTTP]&amp#27;[39m &amp#27;[37m-->&amp#27;[39m &amp#27;[37mGET&amp#27;[39m &amp#27;[37m/wd/hub/session/dd4a62ba-e530-4be4-b4a7-401fcacfd8b5/context&amp#27;[39m
&amp#27;[35m[HTTP]&amp#27;[39m &amp#27;[90m{}&amp#27;[39m
[debug] &amp#27;[35m[W3C (dd4a62ba)]&amp#27;[39m Calling AppiumDriver.getCurrentContext() with args: ["dd4a62ba-e530-4be4-b4a7-401fcacfd8b5"]
[debug] &amp#27;[35m[W3C (dd4a62ba)]&amp#27;[39m Responding to client with driver.getCurrentContext() result: "NATIVE_APP"
&amp#27;[35m[HTTP]&amp#27;[39m &amp#27;[37m<-- GET /wd/hub/session/dd4a62ba-e530-4be4-b4a7-401fcacfd8b5/context &amp#27;[39m&amp#27;[32m200&amp#27;[39m &amp#27;[90m2 ms - 22&amp#27;[39m
&amp#27;[35m[HTTP]&amp#27;[39m &amp#27;[90m&amp#27;[39m
&amp#27;[35m[HTTP]&amp#27;[39m &amp#27;[37m-->&amp#27;[39m &amp#27;[37mPOST&amp#27;[39m &amp#27;[37m/wd/hub/session/dd4a62ba-e530-4be4-b4a7-401fcacfd8b5/element&amp#27;[39m
&amp#27;[35m[HTTP]&amp#27;[39m &amp#27;[90m{"using":"xpath","value":"//android.view.View[5]"}&amp#27;[39m
[debug] &amp#27;[35m[W3C (dd4a62ba)]&amp#27;[39m Calling AppiumDriver.findElement() with args: ["xpath","//android.view.View[5]","dd4a62ba-e530-4be4-b4a7-401fcacfd8b5"]
[debug] &amp#27;[35m[BaseDriver]&amp#27;[39m Valid locator strategies for this request: xpath, id, class name, accessibility id, css selector, -android uiautomator
[debug] &amp#27;[35m[BaseDriver]&amp#27;[39m Waiting up to 10000 ms for condition
[debug] &amp#27;[35m[WD Proxy]&amp#27;[39m Matched '/element' to command name 'findElement'
[debug] &amp#27;[35m[WD Proxy]&amp#27;[39m Proxying [POST /element] to [POST http://127.0.0.1:8200/wd/hub/session/826fc9c0-24d6-4d4d-a9ba-b30a85adcf15/element] with body: {"strategy":"xpath","selector":"//android.view.View[5]","context":"","multiple":false}
[debug] &amp#27;[35m[WD Proxy]&amp#27;[39m Got response with status 200: {"sessionId":"826fc9c0-24d6-4d4d-a9ba-b30a85adcf15","value":{"ELEMENT":"ad44d11d-3d9d-42f8-8e5a-1d3755aa792b","element-6066-11e4-a52e-4f735466cecf":"ad44d11d-3d9d-42f8-8e5a-1d3755aa792b"}}
[debug] &amp#27;[35m[W3C (dd4a62ba)]&amp#27;[39m Responding to client with driver.findElement() result: {"element-6066-11e4-a52e-4f735466cecf":"ad44d11d-3d9d-42f8-8e5a-1d3755aa792b","ELEMENT":"ad44d11d-3d9d-42f8-8e5a-1d3755aa792b"}
&amp#27;[35m[HTTP]&amp#27;[39m &amp#27;[37m<-- POST /wd/hub/session/dd4a62ba-e530-4be4-b4a7-401fcacfd8b5/element &amp#27;[39m&amp#27;[32m200&amp#27;[39m &amp#27;[90m172 ms - 137&amp#27;[39m
&amp#27;[35m[HTTP]&amp#27;[39m &amp#27;[90m&amp#27;[39m
&amp#27;[35m[HTTP]&amp#27;[39m &amp#27;[37m-->&amp#27;[39m &amp#27;[37mPOST&amp#27;[39m &amp#27;[37m/wd/hub/session/dd4a62ba-e530-4be4-b4a7-401fcacfd8b5/element/ad44d11d-3d9d-42f8-8e5a-1d3755aa792b/click&amp#27;[39m
&amp#27;[35m[HTTP]&amp#27;[39m &amp#27;[90m{"id":"ad44d11d-3d9d-42f8-8e5a-1d3755aa792b"}&amp#27;[39m
[debug] &amp#27;[35m[W3C (dd4a62ba)]&amp#27;[39m Calling AppiumDriver.click() with args: ["ad44d11d-3d9d-42f8-8e5a-1d3755aa792b","dd4a62ba-e530-4be4-b4a7-401fcacfd8b5"]
[debug] &amp#27;[35m[WD Proxy]&amp#27;[39m Matched '/element/ad44d11d-3d9d-42f8-8e5a-1d3755aa792b/click' to command name 'click'
[debug] &amp#27;[35m[WD Proxy]&amp#27;[39m Proxying [POST /element/ad44d11d-3d9d-42f8-8e5a-1d3755aa792b/click] to [POST http://127.0.0.1:8200/wd/hub/session/826fc9c0-24d6-4d4d-a9ba-b30a85adcf15/element/ad44d11d-3d9d-42f8-8e5a-1d3755aa792b/click] with body: {"element":"ad44d11d-3d9d-42f8-8e5a-1d3755aa792b"}
[debug] &amp#27;[35m[WD Proxy]&amp#27;[39m Got response with status 200: {"sessionId":"826fc9c0-24d6-4d4d-a9ba-b30a85adcf15","value":null}
[debug] &amp#27;[35m[W3C (dd4a62ba)]&amp#27;[39m Responding to client with driver.click() result: null
&amp#27;[35m[HTTP]&amp#27;[39m &amp#27;[37m<-- POST /wd/hub/session/dd4a62ba-e530-4be4-b4a7-401fcacfd8b5/element/ad44d11d-3d9d-42f8-8e5a-1d3755aa792b/click &amp#27;[39m&amp#27;[32m200&amp#27;[39m &amp#27;[90m86 ms - 14&amp#27;[39m
&amp#27;[35m[HTTP]&amp#27;[39m &amp#27;[90m&amp#27;[39m
&amp#27;[35m[HTTP]&amp#27;[39m &amp#27;[37m-->&amp#27;[39m &amp#27;[37mGET&amp#27;[39m &amp#27;[37m/wd/hub/session/dd4a62ba-e530-4be4-b4a7-401fcacfd8b5/context&amp#27;[39m
&amp#27;[35m[HTTP]&amp#27;[39m &amp#27;[90m{}&amp#27;[39m
[debug] &amp#27;[35m[W3C (dd4a62ba)]&amp#27;[39m Calling AppiumDriver.getCurrentContext() with args: ["dd4a62ba-e530-4be4-b4a7-401fcacfd8b5"]
[debug] &amp#27;[35m[W3C (dd4a62ba)]&amp#27;[39m Responding to client with driver.getCurrentContext() result: "NATIVE_APP"
&amp#27;[35m[HTTP]&amp#27;[39m &amp#27;[37m<-- GET /wd/hub/session/dd4a62ba-e530-4be4-b4a7-401fcacfd8b5/context &amp#27;[39m&amp#27;[32m200&amp#27;[39m &amp#27;[90m1 ms - 22&amp#27;[39m
&amp#27;[35m[HTTP]&amp#27;[39m &amp#27;[90m&amp#27;[39m
&amp#27;[35m[HTTP]&amp#27;[39m &amp#27;[37m-->&amp#27;[39m &amp#27;[37mPOST&amp#27;[39m &amp#27;[37m/wd/hub/session/dd4a62ba-e530-4be4-b4a7-401fcacfd8b5/element&amp#27;[39m
&amp#27;[35m[HTTP]&amp#27;[39m &amp#27;[90m{"using":"xpath","value":"//android.widget.Button[@text='Proceed']"}&amp#27;[39m
[debug] &amp#27;[35m[W3C (dd4a62ba)]&amp#27;[39m Calling AppiumDriver.findElement() with args: ["xpath","//android.widget.Button[@text='Proceed']","dd4a62ba-e530-4be4-b4a7-401fcacfd8b5"]
[debug] &amp#27;[35m[BaseDriver]&amp#27;[39m Valid locator strategies for this request: xpath, id, class name, accessibility id, css selector, -android uiautomator
[debug] &amp#27;[35m[BaseDriver]&amp#27;[39m Waiting up to 10000 ms for condition
[debug] &amp#27;[35m[WD Proxy]&amp#27;[39m Matched '/element' to command name 'findElement'
[debug] &amp#27;[35m[WD Proxy]&amp#27;[39m Proxying [POST /element] to [POST http://127.0.0.1:8200/wd/hub/session/826fc9c0-24d6-4d4d-a9ba-b30a85adcf15/element] with body: {"strategy":"xpath","selector":"//android.widget.Button[@text='Proceed']","context":"","multiple":false}
&amp#27;[35m[WD Proxy]&amp#27;[39m Got response with status 404: {"sessionId":"826fc9c0-24d6-4d4d-a9ba-b30a85adcf15","value":{"error":"no such element","message":"An element could not be located on the page using the given search parameters","stacktrace":"io.appium.uiautomator2.common.exceptions.ElementNotFoundException: An element could not be located on the page using the given search parameters\n\tat io.appium.uiautomator2.handler.FindElement.findElement(FindElement.java:89)\n\tat io.appium.uiautomator2.handler.FindElement.safeHandle(FindElement.java:66)\n\tat io.appium.uiautomator2.handler.request.SafeRequestHandler.handle(SafeRequestHandler.java:41)\n\tat io.appium.uiautomator2.server.AppiumServlet.handleRequest(AppiumServlet.java:262)\n\tat io.appium.uiautomator2.server.AppiumServlet.handleHttpRequest(AppiumServlet.java:256)\n\tat io.appium.uiautomator2.http.ServerHandler.channelRead(ServerHandler.java:68)\n\tat io.netty.channel.AbstractChannelHandlerContext.invokeChannelRead(AbstractChannelHandlerContext.java:366)\n\tat io.netty.channel.AbstractChannelHandlerCont...
[debug] &amp#27;[35m[W3C]&amp#27;[39m Matched W3C error code 'no such element' to NoSuchElementError
[debug] &amp#27;[35m[BaseDriver]&amp#27;[39m Waited for 214 ms so far
[debug] &amp#27;[35m[WD Proxy]&amp#27;[39m Matched '/element' to command name 'findElement'
[debug] &amp#27;[35m[WD Proxy]&amp#27;[39m Proxying [POST /element] to [POST http://127.0.0.1:8200/wd/hub/session/826fc9c0-24d6-4d4d-a9ba-b30a85adcf15/element] with body: {"strategy":"xpath","selector":"//android.widget.Button[@text='Proceed']","context":"","multiple":false}
&amp#27;[35m[WD Proxy]&amp#27;[39m Got response with status 404: {"sessionId":"826fc9c0-24d6-4d4d-a9ba-b30a85adcf15","value":{"error":"no such element","message":"An element could not be located on the page using the given search parameters","stacktrace":"io.appium.uiautomator2.common.exceptions.ElementNotFoundException: An element could not be located on the page using the given search parameters\n\tat io.appium.uiautomator2.handler.FindElement.findElement(FindElement.java:89)\n\tat io.appium.uiautomator2.handler.FindElement.safeHandle(FindElement.java:66)\n\tat io.appium.uiautomator2.handler.request.SafeRequestHandler.handle(SafeRequestHandler.java:41)\n\tat io.appium.uiautomator2.server.AppiumServlet.handleRequest(AppiumServlet.java:262)\n\tat io.appium.uiautomator2.server.AppiumServlet.handleHttpRequest(AppiumServlet.java:256)\n\tat io.appium.uiautomator2.http.ServerHandler.channelRead(ServerHandler.java:68)\n\tat io.netty.channel.AbstractChannelHandlerContext.invokeChannelRead(AbstractChannelHandlerContext.java:366)\n\tat io.netty.channel.AbstractChannelHandlerCont...
[debug] &amp#27;[35m[W3C]&amp#27;[39m Matched W3C error code 'no such element' to NoSuchElementError
[debug] &amp#27;[35m[BaseDriver]&amp#27;[39m Waited for 1152 ms so far
[debug] &amp#27;[35m[WD Proxy]&amp#27;[39m Matched '/element' to command name 'findElement'
[debug] &amp#27;[35m[WD Proxy]&amp#27;[39m Proxying [POST /element] to [POST http://127.0.0.1:8200/wd/hub/session/826fc9c0-24d6-4d4d-a9ba-b30a85adcf15/element] with body: {"strategy":"xpath","selector":"//android.widget.Button[@text='Proceed']","context":"","multiple":false}
&amp#27;[35m[WD Proxy]&amp#27;[39m Got response with status 404: {"sessionId":"826fc9c0-24d6-4d4d-a9ba-b30a85adcf15","value":{"error":"no such element","message":"An element could not be located on the page using the given search parameters","stacktrace":"io.appium.uiautomator2.common.exceptions.ElementNotFoundException: An element could not be located on the page using the given search parameters\n\tat io.appium.uiautomator2.handler.FindElement.findElement(FindElement.java:89)\n\tat io.appium.uiautomator2.handler.FindElement.safeHandle(FindElement.java:66)\n\tat io.appium.uiautomator2.handler.request.SafeRequestHandler.handle(SafeRequestHandler.java:41)\n\tat io.appium.uiautomator2.server.AppiumServlet.handleRequest(AppiumServlet.java:262)\n\tat io.appium.uiautomator2.server.AppiumServlet.handleHttpRequest(AppiumServlet.java:256)\n\tat io.appium.uiautomator2.http.ServerHandler.channelRead(ServerHandler.java:68)\n\tat io.netty.channel.AbstractChannelHandlerContext.invokeChannelRead(AbstractChannelHandlerContext.java:366)\n\tat io.netty.channel.AbstractChannelHandlerCont...
[debug] &amp#27;[35m[W3C]&amp#27;[39m Matched W3C error code 'no such element' to NoSuchElementError
[debug] &amp#27;[35m[BaseDriver]&amp#27;[39m Waited for 1761 ms so far
[debug] &amp#27;[35m[WD Proxy]&amp#27;[39m Matched '/element' to command name 'findElement'
[debug] &amp#27;[35m[WD Proxy]&amp#27;[39m Proxying [POST /element] to [POST http://127.0.0.1:8200/wd/hub/session/826fc9c0-24d6-4d4d-a9ba-b30a85adcf15/element] with body: {"strategy":"xpath","selector":"//android.widget.Button[@text='Proceed']","context":"","multiple":false}
&amp#27;[35m[WD Proxy]&amp#27;[39m Got response with status 404: {"sessionId":"826fc9c0-24d6-4d4d-a9ba-b30a85adcf15","value":{"error":"no such element","message":"An element could not be located on the page using the given search parameters","stacktrace":"io.appium.uiautomator2.common.exceptions.ElementNotFoundException: An element could not be located on the page using the given search parameters\n\tat io.appium.uiautomator2.handler.FindElement.findElement(FindElement.java:89)\n\tat io.appium.uiautomator2.handler.FindElement.safeHandle(FindElement.java:66)\n\tat io.appium.uiautomator2.handler.request.SafeRequestHandler.handle(SafeRequestHandler.java:41)\n\tat io.appium.uiautomator2.server.AppiumServlet.handleRequest(AppiumServlet.java:262)\n\tat io.appium.uiautomator2.server.AppiumServlet.handleHttpRequest(AppiumServlet.java:256)\n\tat io.appium.uiautomator2.http.ServerHandler.channelRead(ServerHandler.java:68)\n\tat io.netty.channel.AbstractChannelHandlerContext.invokeChannelRead(AbstractChannelHandlerContext.java:366)\n\tat io.netty.channel.AbstractChannelHandlerCont...
[debug] &amp#27;[35m[W3C]&amp#27;[39m Matched W3C error code 'no such element' to NoSuchElementError
[debug] &amp#27;[35m[BaseDriver]&amp#27;[39m Waited for 2402 ms so far
[debug] &amp#27;[35m[WD Proxy]&amp#27;[39m Matched '/element' to command name 'findElement'
[debug] &amp#27;[35m[WD Proxy]&amp#27;[39m Proxying [POST /element] to [POST http://127.0.0.1:8200/wd/hub/session/826fc9c0-24d6-4d4d-a9ba-b30a85adcf15/element] with body: {"strategy":"xpath","selector":"//android.widget.Button[@text='Proceed']","context":"","multiple":false}
&amp#27;[35m[WD Proxy]&amp#27;[39m Got response with status 404: {"sessionId":"826fc9c0-24d6-4d4d-a9ba-b30a85adcf15","value":{"error":"no such element","message":"An element could not be located on the page using the given search parameters","stacktrace":"io.appium.uiautomator2.common.exceptions.ElementNotFoundException: An element could not be located on the page using the given search parameters\n\tat io.appium.uiautomator2.handler.FindElement.findElement(FindElement.java:89)\n\tat io.appium.uiautomator2.handler.FindElement.safeHandle(FindElement.java:66)\n\tat io.appium.uiautomator2.handler.request.SafeRequestHandler.handle(SafeRequestHandler.java:41)\n\tat io.appium.uiautomator2.server.AppiumServlet.handleRequest(AppiumServlet.java:262)\n\tat io.appium.uiautomator2.server.AppiumServlet.handleHttpRequest(AppiumServlet.java:256)\n\tat io.appium.uiautomator2.http.ServerHandler.channelRead(ServerHandler.java:68)\n\tat io.netty.channel.AbstractChannelHandlerContext.invokeChannelRead(AbstractChannelHandlerContext.java:366)\n\tat io.netty.channel.AbstractChannelHandlerCont...
[debug] &amp#27;[35m[W3C]&amp#27;[39m Matched W3C error code 'no such element' to NoSuchElementError
[debug] &amp#27;[35m[BaseDriver]&amp#27;[39m Waited for 3032 ms so far
[debug] &amp#27;[35m[WD Proxy]&amp#27;[39m Matched '/element' to command name 'findElement'
[debug] &amp#27;[35m[WD Proxy]&amp#27;[39m Proxying [POST /element] to [POST http://127.0.0.1:8200/wd/hub/session/826fc9c0-24d6-4d4d-a9ba-b30a85adcf15/element] with body: {"strategy":"xpath","selector":"//android.widget.Button[@text='Proceed']","context":"","multiple":false}
&amp#27;[35m[WD Proxy]&amp#27;[39m Got response with status 404: {"sessionId":"826fc9c0-24d6-4d4d-a9ba-b30a85adcf15","value":{"error":"no such element","message":"An element could not be located on the page using the given search parameters","stacktrace":"io.appium.uiautomator2.common.exceptions.ElementNotFoundException: An element could not be located on the page using the given search parameters\n\tat io.appium.uiautomator2.handler.FindElement.findElement(FindElement.java:89)\n\tat io.appium.uiautomator2.handler.FindElement.safeHandle(FindElement.java:66)\n\tat io.appium.uiautomator2.handler.request.SafeRequestHandler.handle(SafeRequestHandler.java:41)\n\tat io.appium.uiautomator2.server.AppiumServlet.handleRequest(AppiumServlet.java:262)\n\tat io.appium.uiautomator2.server.AppiumServlet.handleHttpRequest(AppiumServlet.java:256)\n\tat io.appium.uiautomator2.http.ServerHandler.channelRead(ServerHandler.java:68)\n\tat io.netty.channel.AbstractChannelHandlerContext.invokeChannelRead(AbstractChannelHandlerContext.java:366)\n\tat io.netty.channel.AbstractChannelHandlerCont...
[debug] &amp#27;[35m[W3C]&amp#27;[39m Matched W3C error code 'no such element' to NoSuchElementError
[debug] &amp#27;[35m[BaseDriver]&amp#27;[39m Waited for 3702 ms so far
[debug] &amp#27;[35m[WD Proxy]&amp#27;[39m Matched '/element' to command name 'findElement'
[debug] &amp#27;[35m[WD Proxy]&amp#27;[39m Proxying [POST /element] to [POST http://127.0.0.1:8200/wd/hub/session/826fc9c0-24d6-4d4d-a9ba-b30a85adcf15/element] with body: {"strategy":"xpath","selector":"//android.widget.Button[@text='Proceed']","context":"","multiple":false}
&amp#27;[35m[WD Proxy]&amp#27;[39m Got response with status 404: {"sessionId":"826fc9c0-24d6-4d4d-a9ba-b30a85adcf15","value":{"error":"no such element","message":"An element could not be located on the page using the given search parameters","stacktrace":"io.appium.uiautomator2.common.exceptions.ElementNotFoundException: An element could not be located on the page using the given search parameters\n\tat io.appium.uiautomator2.handler.FindElement.findElement(FindElement.java:89)\n\tat io.appium.uiautomator2.handler.FindElement.safeHandle(FindElement.java:66)\n\tat io.appium.uiautomator2.handler.request.SafeRequestHandler.handle(SafeRequestHandler.java:41)\n\tat io.appium.uiautomator2.server.AppiumServlet.handleRequest(AppiumServlet.java:262)\n\tat io.appium.uiautomator2.server.AppiumServlet.handleHttpRequest(AppiumServlet.java:256)\n\tat io.appium.uiautomator2.http.ServerHandler.channelRead(ServerHandler.java:68)\n\tat io.netty.channel.AbstractChannelHandlerContext.invokeChannelRead(AbstractChannelHandlerContext.java:366)\n\tat io.netty.channel.AbstractChannelHandlerCont...
[debug] &amp#27;[35m[W3C]&amp#27;[39m Matched W3C error code 'no such element' to NoSuchElementError
[debug] &amp#27;[35m[BaseDriver]&amp#27;[39m Waited for 4349 ms so far
[debug] &amp#27;[35m[WD Proxy]&amp#27;[39m Matched '/element' to command name 'findElement'
[debug] &amp#27;[35m[WD Proxy]&amp#27;[39m Proxying [POST /element] to [POST http://127.0.0.1:8200/wd/hub/session/826fc9c0-24d6-4d4d-a9ba-b30a85adcf15/element] with body: {"strategy":"xpath","selector":"//android.widget.Button[@text='Proceed']","context":"","multiple":false}
&amp#27;[35m[WD Proxy]&amp#27;[39m Got response with status 404: {"sessionId":"826fc9c0-24d6-4d4d-a9ba-b30a85adcf15","value":{"error":"no such element","message":"An element could not be located on the page using the given search parameters","stacktrace":"io.appium.uiautomator2.common.exceptions.ElementNotFoundException: An element could not be located on the page using the given search parameters\n\tat io.appium.uiautomator2.handler.FindElement.findElement(FindElement.java:89)\n\tat io.appium.uiautomator2.handler.FindElement.safeHandle(FindElement.java:66)\n\tat io.appium.uiautomator2.handler.request.SafeRequestHandler.handle(SafeRequestHandler.java:41)\n\tat io.appium.uiautomator2.server.AppiumServlet.handleRequest(AppiumServlet.java:262)\n\tat io.appium.uiautomator2.server.AppiumServlet.handleHttpRequest(AppiumServlet.java:256)\n\tat io.appium.uiautomator2.http.ServerHandler.channelRead(ServerHandler.java:68)\n\tat io.netty.channel.AbstractChannelHandlerContext.invokeChannelRead(AbstractChannelHandlerContext.java:366)\n\tat io.netty.channel.AbstractChannelHandlerCont...
[debug] &amp#27;[35m[W3C]&amp#27;[39m Matched W3C error code 'no such element' to NoSuchElementError
[debug] &amp#27;[35m[BaseDriver]&amp#27;[39m Waited for 4976 ms so far
[debug] &amp#27;[35m[WD Proxy]&amp#27;[39m Matched '/element' to command name 'findElement'
[debug] &amp#27;[35m[WD Proxy]&amp#27;[39m Proxying [POST /element] to [POST http://127.0.0.1:8200/wd/hub/session/826fc9c0-24d6-4d4d-a9ba-b30a85adcf15/element] with body: {"strategy":"xpath","selector":"//android.widget.Button[@text='Proceed']","context":"","multiple":false}
&amp#27;[35m[WD Proxy]&amp#27;[39m Got response with status 404: {"sessionId":"826fc9c0-24d6-4d4d-a9ba-b30a85adcf15","value":{"error":"no such element","message":"An element could not be located on the page using the given search parameters","stacktrace":"io.appium.uiautomator2.common.exceptions.ElementNotFoundException: An element could not be located on the page using the given search parameters\n\tat io.appium.uiautomator2.handler.FindElement.findElement(FindElement.java:89)\n\tat io.appium.uiautomator2.handler.FindElement.safeHandle(FindElement.java:66)\n\tat io.appium.uiautomator2.handler.request.SafeRequestHandler.handle(SafeRequestHandler.java:41)\n\tat io.appium.uiautomator2.server.AppiumServlet.handleRequest(AppiumServlet.java:262)\n\tat io.appium.uiautomator2.server.AppiumServlet.handleHttpRequest(AppiumServlet.java:256)\n\tat io.appium.uiautomator2.http.ServerHandler.channelRead(ServerHandler.java:68)\n\tat io.netty.channel.AbstractChannelHandlerContext.invokeChannelRead(AbstractChannelHandlerContext.java:366)\n\tat io.netty.channel.AbstractChannelHandlerCont...
[debug] &amp#27;[35m[W3C]&amp#27;[39m Matched W3C error code 'no such element' to NoSuchElementError
[debug] &amp#27;[35m[BaseDriver]&amp#27;[39m Waited for 5625 ms so far
[debug] &amp#27;[35m[WD Proxy]&amp#27;[39m Matched '/element' to command name 'findElement'
[debug] &amp#27;[35m[WD Proxy]&amp#27;[39m Proxying [POST /element] to [POST http://127.0.0.1:8200/wd/hub/session/826fc9c0-24d6-4d4d-a9ba-b30a85adcf15/element] with body: {"strategy":"xpath","selector":"//android.widget.Button[@text='Proceed']","context":"","multiple":false}
&amp#27;[35m[WD Proxy]&amp#27;[39m Got response with status 404: {"sessionId":"826fc9c0-24d6-4d4d-a9ba-b30a85adcf15","value":{"error":"no such element","message":"An element could not be located on the page using the given search parameters","stacktrace":"io.appium.uiautomator2.common.exceptions.ElementNotFoundException: An element could not be located on the page using the given search parameters\n\tat io.appium.uiautomator2.handler.FindElement.findElement(FindElement.java:89)\n\tat io.appium.uiautomator2.handler.FindElement.safeHandle(FindElement.java:66)\n\tat io.appium.uiautomator2.handler.request.SafeRequestHandler.handle(SafeRequestHandler.java:41)\n\tat io.appium.uiautomator2.server.AppiumServlet.handleRequest(AppiumServlet.java:262)\n\tat io.appium.uiautomator2.server.AppiumServlet.handleHttpRequest(AppiumServlet.java:256)\n\tat io.appium.uiautomator2.http.ServerHandler.channelRead(ServerHandler.java:68)\n\tat io.netty.channel.AbstractChannelHandlerContext.invokeChannelRead(AbstractChannelHandlerContext.java:366)\n\tat io.netty.channel.AbstractChannelHandlerCont...
[debug] &amp#27;[35m[W3C]&amp#27;[39m Matched W3C error code 'no such element' to NoSuchElementError
[debug] &amp#27;[35m[BaseDriver]&amp#27;[39m Waited for 6263 ms so far
[debug] &amp#27;[35m[WD Proxy]&amp#27;[39m Matched '/element' to command name 'findElement'
[debug] &amp#27;[35m[WD Proxy]&amp#27;[39m Proxying [POST /element] to [POST http://127.0.0.1:8200/wd/hub/session/826fc9c0-24d6-4d4d-a9ba-b30a85adcf15/element] with body: {"strategy":"xpath","selector":"//android.widget.Button[@text='Proceed']","context":"","multiple":false}
&amp#27;[35m[WD Proxy]&amp#27;[39m Got response with status 404: {"sessionId":"826fc9c0-24d6-4d4d-a9ba-b30a85adcf15","value":{"error":"no such element","message":"An element could not be located on the page using the given search parameters","stacktrace":"io.appium.uiautomator2.common.exceptions.ElementNotFoundException: An element could not be located on the page using the given search parameters\n\tat io.appium.uiautomator2.handler.FindElement.findElement(FindElement.java:89)\n\tat io.appium.uiautomator2.handler.FindElement.safeHandle(FindElement.java:66)\n\tat io.appium.uiautomator2.handler.request.SafeRequestHandler.handle(SafeRequestHandler.java:41)\n\tat io.appium.uiautomator2.server.AppiumServlet.handleRequest(AppiumServlet.java:262)\n\tat io.appium.uiautomator2.server.AppiumServlet.handleHttpRequest(AppiumServlet.java:256)\n\tat io.appium.uiautomator2.http.ServerHandler.channelRead(ServerHandler.java:68)\n\tat io.netty.channel.AbstractChannelHandlerContext.invokeChannelRead(AbstractChannelHandlerContext.java:366)\n\tat io.netty.channel.AbstractChannelHandlerCont...
[debug] &amp#27;[35m[W3C]&amp#27;[39m Matched W3C error code 'no such element' to NoSuchElementError
[debug] &amp#27;[35m[BaseDriver]&amp#27;[39m Waited for 6900 ms so far
[debug] &amp#27;[35m[WD Proxy]&amp#27;[39m Matched '/element' to command name 'findElement'
[debug] &amp#27;[35m[WD Proxy]&amp#27;[39m Proxying [POST /element] to [POST http://127.0.0.1:8200/wd/hub/session/826fc9c0-24d6-4d4d-a9ba-b30a85adcf15/element] with body: {"strategy":"xpath","selector":"//android.widget.Button[@text='Proceed']","context":"","multiple":false}
&amp#27;[35m[WD Proxy]&amp#27;[39m Got response with status 404: {"sessionId":"826fc9c0-24d6-4d4d-a9ba-b30a85adcf15","value":{"error":"no such element","message":"An element could not be located on the page using the given search parameters","stacktrace":"io.appium.uiautomator2.common.exceptions.ElementNotFoundException: An element could not be located on the page using the given search parameters\n\tat io.appium.uiautomator2.handler.FindElement.findElement(FindElement.java:89)\n\tat io.appium.uiautomator2.handler.FindElement.safeHandle(FindElement.java:66)\n\tat io.appium.uiautomator2.handler.request.SafeRequestHandler.handle(SafeRequestHandler.java:41)\n\tat io.appium.uiautomator2.server.AppiumServlet.handleRequest(AppiumServlet.java:262)\n\tat io.appium.uiautomator2.server.AppiumServlet.handleHttpRequest(AppiumServlet.java:256)\n\tat io.appium.uiautomator2.http.ServerHandler.channelRead(ServerHandler.java:68)\n\tat io.netty.channel.AbstractChannelHandlerContext.invokeChannelRead(AbstractChannelHandlerContext.java:366)\n\tat io.netty.channel.AbstractChannelHandlerCont...
[debug] &amp#27;[35m[W3C]&amp#27;[39m Matched W3C error code 'no such element' to NoSuchElementError
[debug] &amp#27;[35m[BaseDriver]&amp#27;[39m Waited for 7523 ms so far
[debug] &amp#27;[35m[WD Proxy]&amp#27;[39m Matched '/element' to command name 'findElement'
[debug] &amp#27;[35m[WD Proxy]&amp#27;[39m Proxying [POST /element] to [POST http://127.0.0.1:8200/wd/hub/session/826fc9c0-24d6-4d4d-a9ba-b30a85adcf15/element] with body: {"strategy":"xpath","selector":"//android.widget.Button[@text='Proceed']","context":"","multiple":false}
&amp#27;[35m[WD Proxy]&amp#27;[39m Got response with status 404: {"sessionId":"826fc9c0-24d6-4d4d-a9ba-b30a85adcf15","value":{"error":"no such element","message":"An element could not be located on the page using the given search parameters","stacktrace":"io.appium.uiautomator2.common.exceptions.ElementNotFoundException: An element could not be located on the page using the given search parameters\n\tat io.appium.uiautomator2.handler.FindElement.findElement(FindElement.java:89)\n\tat io.appium.uiautomator2.handler.FindElement.safeHandle(FindElement.java:66)\n\tat io.appium.uiautomator2.handler.request.SafeRequestHandler.handle(SafeRequestHandler.java:41)\n\tat io.appium.uiautomator2.server.AppiumServlet.handleRequest(AppiumServlet.java:262)\n\tat io.appium.uiautomator2.server.AppiumServlet.handleHttpRequest(AppiumServlet.java:256)\n\tat io.appium.uiautomator2.http.ServerHandler.channelRead(ServerHandler.java:68)\n\tat io.netty.channel.AbstractChannelHandlerContext.invokeChannelRead(AbstractChannelHandlerContext.java:366)\n\tat io.netty.channel.AbstractChannelHandlerCont...
[debug] &amp#27;[35m[W3C]&amp#27;[39m Matched W3C error code 'no such element' to NoSuchElementError
[debug] &amp#27;[35m[BaseDriver]&amp#27;[39m Waited for 8139 ms so far
[debug] &amp#27;[35m[WD Proxy]&amp#27;[39m Matched '/element' to command name 'findElement'
[debug] &amp#27;[35m[WD Proxy]&amp#27;[39m Proxying [POST /element] to [POST http://127.0.0.1:8200/wd/hub/session/826fc9c0-24d6-4d4d-a9ba-b30a85adcf15/element] with body: {"strategy":"xpath","selector":"//android.widget.Button[@text='Proceed']","context":"","multiple":false}
&amp#27;[35m[WD Proxy]&amp#27;[39m Got response with status 404: {"sessionId":"826fc9c0-24d6-4d4d-a9ba-b30a85adcf15","value":{"error":"no such element","message":"An element could not be located on the page using the given search parameters","stacktrace":"io.appium.uiautomator2.common.exceptions.ElementNotFoundException: An element could not be located on the page using the given search parameters\n\tat io.appium.uiautomator2.handler.FindElement.findElement(FindElement.java:89)\n\tat io.appium.uiautomator2.handler.FindElement.safeHandle(FindElement.java:66)\n\tat io.appium.uiautomator2.handler.request.SafeRequestHandler.handle(SafeRequestHandler.java:41)\n\tat io.appium.uiautomator2.server.AppiumServlet.handleRequest(AppiumServlet.java:262)\n\tat io.appium.uiautomator2.server.AppiumServlet.handleHttpRequest(AppiumServlet.java:256)\n\tat io.appium.uiautomator2.http.ServerHandler.channelRead(ServerHandler.java:68)\n\tat io.netty.channel.AbstractChannelHandlerContext.invokeChannelRead(AbstractChannelHandlerContext.java:366)\n\tat io.netty.channel.AbstractChannelHandlerCont...
[debug] &amp#27;[35m[W3C]&amp#27;[39m Matched W3C error code 'no such element' to NoSuchElementError
[debug] &amp#27;[35m[BaseDriver]&amp#27;[39m Waited for 8766 ms so far
[debug] &amp#27;[35m[WD Proxy]&amp#27;[39m Matched '/element' to command name 'findElement'
[debug] &amp#27;[35m[WD Proxy]&amp#27;[39m Proxying [POST /element] to [POST http://127.0.0.1:8200/wd/hub/session/826fc9c0-24d6-4d4d-a9ba-b30a85adcf15/element] with body: {"strategy":"xpath","selector":"//android.widget.Button[@text='Proceed']","context":"","multiple":false}
&amp#27;[35m[WD Proxy]&amp#27;[39m Got response with status 404: {"sessionId":"826fc9c0-24d6-4d4d-a9ba-b30a85adcf15","value":{"error":"no such element","message":"An element could not be located on the page using the given search parameters","stacktrace":"io.appium.uiautomator2.common.exceptions.ElementNotFoundException: An element could not be located on the page using the given search parameters\n\tat io.appium.uiautomator2.handler.FindElement.findElement(FindElement.java:89)\n\tat io.appium.uiautomator2.handler.FindElement.safeHandle(FindElement.java:66)\n\tat io.appium.uiautomator2.handler.request.SafeRequestHandler.handle(SafeRequestHandler.java:41)\n\tat io.appium.uiautomator2.server.AppiumServlet.handleRequest(AppiumServlet.java:262)\n\tat io.appium.uiautomator2.server.AppiumServlet.handleHttpRequest(AppiumServlet.java:256)\n\tat io.appium.uiautomator2.http.ServerHandler.channelRead(ServerHandler.java:68)\n\tat io.netty.channel.AbstractChannelHandlerContext.invokeChannelRead(AbstractChannelHandlerContext.java:366)\n\tat io.netty.channel.AbstractChannelHandlerCont...
[debug] &amp#27;[35m[W3C]&amp#27;[39m Matched W3C error code 'no such element' to NoSuchElementError
[debug] &amp#27;[35m[BaseDriver]&amp#27;[39m Waited for 9387 ms so far
[debug] &amp#27;[35m[WD Proxy]&amp#27;[39m Matched '/element' to command name 'findElement'
[debug] &amp#27;[35m[WD Proxy]&amp#27;[39m Proxying [POST /element] to [POST http://127.0.0.1:8200/wd/hub/session/826fc9c0-24d6-4d4d-a9ba-b30a85adcf15/element] with body: {"strategy":"xpath","selector":"//android.widget.Button[@text='Proceed']","context":"","multiple":false}
&amp#27;[35m[WD Proxy]&amp#27;[39m Got response with status 404: {"sessionId":"826fc9c0-24d6-4d4d-a9ba-b30a85adcf15","value":{"error":"no such element","message":"An element could not be located on the page using the given search parameters","stacktrace":"io.appium.uiautomator2.common.exceptions.ElementNotFoundException: An element could not be located on the page using the given search parameters\n\tat io.appium.uiautomator2.handler.FindElement.findElement(FindElement.java:89)\n\tat io.appium.uiautomator2.handler.FindElement.safeHandle(FindElement.java:66)\n\tat io.appium.uiautomator2.handler.request.SafeRequestHandler.handle(SafeRequestHandler.java:41)\n\tat io.appium.uiautomator2.server.AppiumServlet.handleRequest(AppiumServlet.java:262)\n\tat io.appium.uiautomator2.server.AppiumServlet.handleHttpRequest(AppiumServlet.java:256)\n\tat io.appium.uiautomator2.http.ServerHandler.channelRead(ServerHandler.java:68)\n\tat io.netty.channel.AbstractChannelHandlerContext.invokeChannelRead(AbstractChannelHandlerContext.java:366)\n\tat io.netty.channel.AbstractChannelHandlerCont...
[debug] &amp#27;[35m[W3C]&amp#27;[39m Matched W3C error code 'no such element' to NoSuchElementError
[debug] &amp#27;[35m[W3C (dd4a62ba)]&amp#27;[39m Encountered internal error running command: SingleAccountAdd
NoSuchElementError: An element could not be located on the page using the given search parameters.
[debug] &amp#27;[35m[W3C (dd4a62ba)]&amp#27;[39m     at AndroidUiautomator2Driver.findElOrEls (C:\Users\Fayaz\AppData\Roaming\npm\node_modules\appium\node_modules\appium-android-driver\lib\commands\find.js:75:11)
[debug] &amp#27;[35m[W3C (dd4a62ba)]&amp#27;[39m     at runMicrotasks (<anonymous>)
[debug] &amp#27;[35m[W3C (dd4a62ba)]&amp#27;[39m     at processTicksAndRejections (internal/process/task_queues.js:95:5)
[debug] &amp#27;[35m[W3C (dd4a62ba)]&amp#27;[39m     at AndroidUiautomator2Driver.findElOrElsWithProcessing (C:\Users\Fayaz\AppData\Roaming\npm\node_modules\appium\node_modules\appium-base-driver\lib\basedriver\commands\find.js:33:12)
[debug] &amp#27;[35m[W3C (dd4a62ba)]&amp#27;[39m     at AndroidUiautomator2Driver.findElement (C:\Users\Fayaz\AppData\Roaming\npm\node_modules\appium\node_modules\appium-base-driver\lib\basedriver\commands\find.js:53:10)
&amp#27;[35m[HTTP]&amp#27;[39m &amp#27;[37m<-- POST /wd/hub/session/dd4a62ba-e530-4be4-b4a7-401fcacfd8b5/element &amp#27;[39m&amp#27;[33m404&amp#27;[39m &amp#27;[90m10011 ms - 914&amp#27;[39m
&amp#27;[35m[HTTP]&amp#27;[39m &amp#27;[90m&amp#27;[39m
&amp#27;[35m[HTTP]&amp#27;[39m &amp#27;[37m-->&amp#27;[39m &amp#27;[37mGET&amp#27;[39m &amp#27;[37m/wd/hub/session/dd4a62ba-e530-4be4-b4a7-401fcacfd8b5/screenshot&amp#27;[39m
&amp#27;[35m[HTTP]&amp#27;[39m &amp#27;[90m{}&amp#27;[39m
[debug] &amp#27;[35m[W3C (dd4a62ba)]&amp#27;[39m Calling AppiumDriver.getScreenshot() with args: ["dd4a62ba-e530-4be4-b4a7-401fcacfd8b5"]
[debug] &amp#27;[35m[WD Proxy]&amp#27;[39m Matched '/screenshot' to command name 'getScreenshot'
[debug] &amp#27;[35m[WD Proxy]&amp#27;[39m Proxying [GET /screenshot] to [GET http://127.0.0.1:8200/wd/hub/session/826fc9c0-24d6-4d4d-a9ba-b30a85adcf15/screenshot] with no body
[debug] &amp#27;[35m[WD Proxy]&amp#27;[39m Got response with status 200: {"sessionId":"826fc9c0-24d6-4d4d-a9ba-b30a85adcf15","value":"iVBORw0KGgoAAAANSUhEUgAABDgAAAeACAYAAAArYecKAAAAAXNSR0IArs4c6QAAAARzQklUCAgI\nCHwIZIgAACAASURBVHic7N13nFTV3T/wz522s33ZBRbYpS29946AoCKCYG/RxDzRPInxl8cnr+RJ\nLLHFGJOYxBLTTDERRbECIiqCFCkiRXqV3vsuLOzulPP7Y9rtc2d27uws+3k/L3Tn3HPPvbM75PF+\n9nvOkZ6a8rIAEREREREREVEj5mjoGyAiIiIiIiIiqi8GHERERERERETU6DHgICIiIiIiIqJGjwEH\nERERERERETV6DDiIiIiIiIiIqNFjwEFEREREREREjR4DDiIiIiIiIiJq9BhwEBEREREREVGjx4CD\niIiIiIiIiBo9BhxERERERERE1Ogx4CAiIiIiIiKiRs/V0DdA1NAkh4S8ZjnoMqQtKgaWo7RjCXKK\nvACAC5U1OLHvDL5ecxA7V+3DudMXIIKige+YiIiIiIiI1KSnprzMpzVqeiSgRdtmuPr7o1DWvSWc\nTgcgxTlHAMFAEEd2ncRHf16Go3tOAY3wb4/D6UDL9s0ASUJes2wAwPkzFwEhcHzfGQQDwQa+QyIi\nIiIiosQx4KAmJ78kF/f/41Y4HBZCDSMCCAaDeOb6f0GIzP4r5HA5UNA8F+U9SlHevSVatCtGVq4H\nAOByh2ap+X2hUKO2ug4n9p/GwW3HcXDrMVSdrEbQz8CDiIiIiBo3b64HLTuWoFVFCbJyPSitKIE3\n/N/EAFBTXYdju0+htroOR3efwvE9p1BTXdeAd1x/pRUlOLb7lO3XuPKe4aZ95v99pe33EcEpKtRk\nON1OfPOZKWjdpTkkKdlkI0wKVUJc+8AYzP7D4tTcYIo5XQ4UtylEzzEV6NivDDmFXuQUeKPhhpHS\njsWoGFCOC5U12LP+ELYs2Y3T...
[debug] &amp#27;[35m[W3C (dd4a62ba)]&amp#27;[39m Responding to client with driver.getScreenshot() result: "iVBORw0KGgoAAAANSUhEUgAABDgAAAeACAYAAAArYecKAAAAAXNSR0IArs4c6QAAAARzQklUCAgI\nCHwIZIgAACAASURBVHic7N13nFTV3T/wz522s33ZBRbYpS29946AoCKCYG/RxDzRPInxl8cnr+RJ\nLLHFGJOYxBLTTDERRbECIiqCFCkiRXqV3vsuLOzulPP7Y9rtc2d27uws+3k/L3Tn3HPPvbM75PF+\n9nvOkZ6a8rIAEREREREREVEj5mjoGyAiIiIiIiIiqi8GHERERERERETU6DHgICIiIiIiIqJGjwEH\nERERERERETV6DDiIiIiIiIiIqNFjwEFEREREREREjR4DDiIiIiIiIiJq9BhwEBEREREREVGjx4CD\niIiIiIiIiBo9BhxERERERERE1Ogx4CAiIiIiIiKiRs/V0DdA1NAkh4S8ZjnoMqQtKgaWo7RjCXKK\nvACAC5U1OLHvDL5ecxA7V+3DudMXIIKige+YiIiIiIiI1KSnprzMpzVqeiSgRdtmuPr7o1DWvSWc\nTgcgxTlHAMFAEEd2ncRHf16Go3tOAY3wb4/D6UDL9s0ASUJes2wAwPkzFwEhcHzfGQQDwQa+QyIi\nIiIiosQx4KAmJ78kF/f/41Y4HBZCDSMCCAaDeOb6f0GIzP4r5HA5UNA8F+U9SlHevSVatCtGVq4H\nAOByh2ap+X2hUKO2ug4n9p/GwW3HcXDrMVSdrEbQz8CDiIiIiBo3b64HLTuWoFVFCbJyPSitKIE3\n/N/EAFBTXYdju0+htroOR3efwvE9p1BTXdeAd1x/pRUlOLb7lO3XuPKe4aZ95v99pe33EcEpKtRk\nON1OfPOZKWjdpTkkKdlkI0wKVUJc+8AYzP7D4tTcYIo5XQ4UtylEzzEV6NivDDmFXuQUeKPhhpHS\njsWoGFCOC5U12LP+ELYs2Y3ThysRaERBh8frRt8ruqCwZX7C59acr8XutQdxfN8ZBHwBG+6OiIiI\niNKhsG...
&amp#27;[35m[HTTP]&amp#27;[39m &amp#27;[37m<-- GET /wd/hub/session/dd4a62ba-e530-4be4-b4a7-401fcacfd8b5/screenshot &amp#27;[39m&amp#27;[32m200&amp#27;[39m &amp#27;[90m295 ms - 282102&amp#27;[39m
&amp#27;[35m[HTTP]&amp#27;[39m &amp#27;[90m&amp#27;[39m
]]></system-out>
    <system-err><![CDATA[Dec 08, 2021 2:42:13 PM io.appium.java_client.remote.AppiumCommandExecutor$1 lambda$0
INFO: Detected dialect: W3C
]]></system-err>
  </testcase>
  <testcase name="ChangingPIN[7760305049, 7760305049, 0082](1)" classname="AA.Anumati.ChangePIN" time="94.689">
    <failure message="Can&apos;t locate an element by this strategy: By.chained({By.xpath: //android.widget.Button[@text=&apos;Sign In&apos;]})" type="org.openqa.selenium.NoSuchElementException"><![CDATA[org.openqa.selenium.NoSuchElementException: Can't locate an element by this strategy: By.chained({By.xpath: //android.widget.Button[@text='Sign In']})
	at AA.Anumati.ChangePIN.ChangingPIN(ChangePIN.java:75)
Caused by: org.openqa.selenium.TimeoutException: Expected condition failed: waiting for io.appium.java_client.pagefactory.AppiumElementLocator$WaitingFunction@134f8ef6 (tried for 1 second(s) with 500 milliseconds interval)
	at AA.Anumati.ChangePIN.ChangingPIN(ChangePIN.java:75)
Caused by: org.openqa.selenium.NoSuchElementException: 
Cannot locate an element using By.chained({By.xpath: //android.widget.Button[@text='Sign In']})
For documentation on this error, please visit: https://www.seleniumhq.org/exceptions/no_such_element.html
Build info: version: '3.141.59', revision: 'e82be7d358', time: '2018-11-14T08:17:03'
System info: host: 'PERFIOS-HW-099', ip: '192.168.22.92', os.name: 'Windows 10', os.arch: 'amd64', os.version: '10.0', java.version: '1.8.0_312'
Driver info: driver.version: AndroidDriver
	at AA.Anumati.ChangePIN.ChangingPIN(ChangePIN.java:75)
]]></failure>
    <system-out><![CDATA[C:\Users\Fayaz\Appium\Anumati
[debug] &amp#27;[35m[HTTP]&amp#27;[39m Request idempotency key: 5660e091-c30b-4721-bdc3-aaa1d13796d9
&amp#27;[35m[HTTP]&amp#27;[39m &amp#27;[37m-->&amp#27;[39m &amp#27;[37mPOST&amp#27;[39m &amp#27;[37m/wd/hub/session&amp#27;[39m
&amp#27;[35m[HTTP]&amp#27;[39m &amp#27;[90m{"desiredCapabilities":{"app":"C:\\Users\\Fayaz\\Appium\\Anumati\\src\\Anumati.apk","newCommandTimeout":14,"automationName":"uiautomator2","autoGrantPermissions":"true","chromeOptions":{"w3c":false},"platformName":"Android","deviceName":"Fayaz_Emulator2"},"capabilities":{"firstMatch":[{"appium:app":"C:\\Users\\Fayaz\\Appium\\Anumati\\src\\Anumati.apk","appium:autoGrantPermissions":"true","appium:automationName":"uiautomator2","appium:chromeOptions":{"w3c":false},"appium:deviceName":"Fayaz_Emulator2","goog:chromeOptions":{"w3c":false},"appium:newCommandTimeout":14,"platformName":"android"}]}}&amp#27;[39m
[debug] &amp#27;[35m[W3C]&amp#27;[39m Calling AppiumDriver.createSession() with args: [{"app":"C:\\Users\\Fayaz\\Appium\\Anumati\\src\\Anumati.apk","newCommandTimeout":14,"automationName":"uiautomator2","autoGrantPermissions":"true","chromeOptions":{"w3c":false},"platformName":"Android","deviceName":"Fayaz_Emulator2"},null,{"firstMatch":[{"appium:app":"C:\\Users\\Fayaz\\Appium\\Anumati\\src\\Anumati.apk","appium:autoGrantPermissions":"true","appium:automationName":"uiautomator2","appium:chromeOptions":{"w3c":false},"appium:deviceName":"Fayaz_Emulator2","goog:chromeOptions":{"w3c":false},"appium:newCommandTimeout":14,"platformName":"android"}]}]
[debug] &amp#27;[35m[BaseDriver]&amp#27;[39m Event 'newSessionRequested' logged at 1638954777363 (14:42:57 GMT+0530 (India Standard Time))
&amp#27;[35m[Appium]&amp#27;[39m Appium v1.21.0 creating new AndroidUiautomator2Driver (v1.65.0) session
[debug] &amp#27;[35m[BaseDriver]&amp#27;[39m W3C capabilities and MJSONWP desired capabilities were provided
[debug] &amp#27;[35m[BaseDriver]&amp#27;[39m Creating session with W3C capabilities: {
[debug] &amp#27;[35m[BaseDriver]&amp#27;[39m   "alwaysMatch": {
[debug] &amp#27;[35m[BaseDriver]&amp#27;[39m     "goog:chromeOptions": {
[debug] &amp#27;[35m[BaseDriver]&amp#27;[39m       "w3c": false
[debug] &amp#27;[35m[BaseDriver]&amp#27;[39m     },
[debug] &amp#27;[35m[BaseDriver]&amp#27;[39m     "platformName": "android",
[debug] &amp#27;[35m[BaseDriver]&amp#27;[39m     "appium:app": "C:\\Users\\Fayaz\\Appium\\Anumati\\src\\Anumati.apk",
[debug] &amp#27;[35m[BaseDriver]&amp#27;[39m     "appium:autoGrantPermissions": "true",
[debug] &amp#27;[35m[BaseDriver]&amp#27;[39m     "appium:automationName": "uiautomator2",
[debug] &amp#27;[35m[BaseDriver]&amp#27;[39m     "appium:chromeOptions": {
[debug] &amp#27;[35m[BaseDriver]&amp#27;[39m       "w3c": false
[debug] &amp#27;[35m[BaseDriver]&amp#27;[39m     },
[debug] &amp#27;[35m[BaseDriver]&amp#27;[39m     "appium:deviceName": "Fayaz_Emulator2",
[debug] &amp#27;[35m[BaseDriver]&amp#27;[39m     "appium:newCommandTimeout": 14
[debug] &amp#27;[35m[BaseDriver]&amp#27;[39m   },
[debug] &amp#27;[35m[BaseDriver]&amp#27;[39m   "firstMatch": [
[debug] &amp#27;[35m[BaseDriver]&amp#27;[39m     {}
[debug] &amp#27;[35m[BaseDriver]&amp#27;[39m   ]
[debug] &amp#27;[35m[BaseDriver]&amp#27;[39m }
&amp#27;[35m[BaseDriver]&amp#27;[39m Capability 'autoGrantPermissions' changed from string to boolean. This may cause unexpected behavior
&amp#27;[35m[BaseDriver]&amp#27;[39m The following capabilities were provided, but are not recognized by Appium:
&amp#27;[35m[BaseDriver]&amp#27;[39m   goog:chromeOptions
&amp#27;[35m[BaseDriver]&amp#27;[39m Session created with session id: 95647b7f-d90e-473d-876e-0750aa5cc4a8
&amp#27;[35m[BaseDriver]&amp#27;[39m Using local app 'C:\Users\Fayaz\Appium\Anumati\src\Anumati.apk'
[debug] &amp#27;[35m[UiAutomator2]&amp#27;[39m Checking whether app is actually present
&amp#27;[35m[ADB]&amp#27;[39m Using 'adb.exe' from 'C:\Users\Fayaz\AppData\Local\Android\Sdk\platform-tools\adb.exe'
[debug] &amp#27;[35m[ADB]&amp#27;[39m Running 'C:\Users\Fayaz\AppData\Local\Android\Sdk\platform-tools\adb.exe -P 5037 start-server'
&amp#27;[35m[AndroidDriver]&amp#27;[39m Retrieving device list
[debug] &amp#27;[35m[ADB]&amp#27;[39m Trying to find a connected android device
[debug] &amp#27;[35m[ADB]&amp#27;[39m Getting connected devices
[debug] &amp#27;[35m[ADB]&amp#27;[39m Connected devices: [{"udid":"emulator-5554","state":"device"}]
&amp#27;[35m[AndroidDriver]&amp#27;[39m Using device: emulator-5554
&amp#27;[35m[ADB]&amp#27;[39m Using 'adb.exe' from 'C:\Users\Fayaz\AppData\Local\Android\Sdk\platform-tools\adb.exe'
[debug] &amp#27;[35m[ADB]&amp#27;[39m Running 'C:\Users\Fayaz\AppData\Local\Android\Sdk\platform-tools\adb.exe -P 5037 start-server'
[debug] &amp#27;[35m[ADB]&amp#27;[39m Setting device id to emulator-5554
[debug] &amp#27;[35m[ADB]&amp#27;[39m Running 'C:\Users\Fayaz\AppData\Local\Android\Sdk\platform-tools\adb.exe -P 5037 -s emulator-5554 shell getprop ro.build.version.sdk'
[debug] &amp#27;[35m[ADB]&amp#27;[39m Current device property 'ro.build.version.sdk': 30
&amp#27;[35m[ADB]&amp#27;[39m Getting device platform version
[debug] &amp#27;[35m[ADB]&amp#27;[39m Running 'C:\Users\Fayaz\AppData\Local\Android\Sdk\platform-tools\adb.exe -P 5037 -s emulator-5554 shell getprop ro.build.version.release'
[debug] &amp#27;[35m[ADB]&amp#27;[39m Current device property 'ro.build.version.release': 11
[debug] &amp#27;[35m[ADB]&amp#27;[39m Device API level: 30
&amp#27;[35m[UiAutomator2]&amp#27;[39m Relaxing hidden api policy
[debug] &amp#27;[35m[ADB]&amp#27;[39m Running 'C:\Users\Fayaz\AppData\Local\Android\Sdk\platform-tools\adb.exe -P 5037 -s emulator-5554 shell 'settings put global hidden_api_policy_pre_p_apps 1;settings put global hidden_api_policy_p_apps 1;settings put global hidden_api_policy 1''
[debug] &amp#27;[35m[AndroidDriver]&amp#27;[39m Parsing package and activity from app manifest
&amp#27;[35m[ADB]&amp#27;[39m Package name: 'com.anumati'
&amp#27;[35m[ADB]&amp#27;[39m Main activity name: 'com.aa.MainActivity'
[debug] &amp#27;[35m[AndroidDriver]&amp#27;[39m Parsed package and activity are: com.anumati/com.aa.MainActivity
[debug] &amp#27;[35m[ADB]&amp#27;[39m Running 'C:\Users\Fayaz\AppData\Local\Android\Sdk\platform-tools\adb.exe -P 5037 -s emulator-5554 wait-for-device'
[debug] &amp#27;[35m[ADB]&amp#27;[39m Running 'C:\Users\Fayaz\AppData\Local\Android\Sdk\platform-tools\adb.exe -P 5037 -s emulator-5554 shell echo ping'
[debug] &amp#27;[35m[AndroidDriver]&amp#27;[39m Pushing settings apk to device...
[debug] &amp#27;[35m[ADB]&amp#27;[39m Getting install status for io.appium.settings
[debug] &amp#27;[35m[ADB]&amp#27;[39m Running 'C:\Users\Fayaz\AppData\Local\Android\Sdk\platform-tools\adb.exe -P 5037 -s emulator-5554 shell dumpsys package io.appium.settings'
[debug] &amp#27;[35m[ADB]&amp#27;[39m 'io.appium.settings' is installed
[debug] &amp#27;[35m[ADB]&amp#27;[39m Getting package info for 'io.appium.settings'
[debug] &amp#27;[35m[ADB]&amp#27;[39m Running 'C:\Users\Fayaz\AppData\Local\Android\Sdk\platform-tools\adb.exe -P 5037 -s emulator-5554 shell dumpsys package io.appium.settings'
[debug] &amp#27;[35m[ADB]&amp#27;[39m The version code of the installed 'io.appium.settings' is greater than the application version code (30 > 29)
[debug] &amp#27;[35m[ADB]&amp#27;[39m There is no need to downgrade 'io.appium.settings'
[debug] &amp#27;[35m[ADB]&amp#27;[39m Getting IDs of all 'io.appium.settings' processes
[debug] &amp#27;[35m[ADB]&amp#27;[39m Running 'C:\Users\Fayaz\AppData\Local\Android\Sdk\platform-tools\adb.exe -P 5037 -s emulator-5554 shell 'pgrep --help; echo $?''
[debug] &amp#27;[35m[ADB]&amp#27;[39m Running 'C:\Users\Fayaz\AppData\Local\Android\Sdk\platform-tools\adb.exe -P 5037 -s emulator-5554 shell pgrep -f \(\[\[:blank:\]\]\|\^\)io\.appium\.settings\(\[\[:blank:\]\]\|\$\)'
[debug] &amp#27;[35m[AndroidDriver]&amp#27;[39m io.appium.settings is already running. There is no need to reset its permissions.
[debug] &amp#27;[35m[Logcat]&amp#27;[39m Starting logs capture with command: C:\\Users\\Fayaz\\AppData\\Local\\Android\\Sdk\\platform-tools\\adb.exe -P 5037 -s emulator-5554 logcat -v threadtime
[debug] &amp#27;[35m[UiAutomator2]&amp#27;[39m Forwarding UiAutomator2 Server port 6790 to local port 8201
[debug] &amp#27;[35m[ADB]&amp#27;[39m Forwarding system: 8201 to device: 6790
[debug] &amp#27;[35m[ADB]&amp#27;[39m Running 'C:\Users\Fayaz\AppData\Local\Android\Sdk\platform-tools\adb.exe -P 5037 -s emulator-5554 forward tcp:8201 tcp:6790'
[debug] &amp#27;[35m[ADB]&amp#27;[39m Getting install status for io.appium.uiautomator2.server
[debug] &amp#27;[35m[ADB]&amp#27;[39m Running 'C:\Users\Fayaz\AppData\Local\Android\Sdk\platform-tools\adb.exe -P 5037 -s emulator-5554 shell dumpsys package io.appium.uiautomator2.server'
[debug] &amp#27;[35m[ADB]&amp#27;[39m 'io.appium.uiautomator2.server' is installed
[debug] &amp#27;[35m[ADB]&amp#27;[39m Getting package info for 'io.appium.uiautomator2.server'
[debug] &amp#27;[35m[ADB]&amp#27;[39m Running 'C:\Users\Fayaz\AppData\Local\Android\Sdk\platform-tools\adb.exe -P 5037 -s emulator-5554 shell dumpsys package io.appium.uiautomator2.server'
[debug] &amp#27;[35m[ADB]&amp#27;[39m The version name of the installed 'io.appium.uiautomator2.server' is greater or equal to the application version name ('4.21.1' >= '4.21.1')
[debug] &amp#27;[35m[UiAutomator2]&amp#27;[39m io.appium.uiautomator2.server installation state: sameVersionInstalled
[debug] &amp#27;[35m[ADB]&amp#27;[39m Checking app cert for C:\Users\Fayaz\AppData\Roaming\npm\node_modules\appium\node_modules\appium-uiautomator2-server\apks\appium-uiautomator2-server-v4.21.1.apk
&amp#27;[35m[ADB]&amp#27;[39m Using 'apksigner.jar' from 'C:\Users\Fayaz\AppData\Local\Android\Sdk\build-tools\31.0.0\lib\apksigner.jar'
[debug] &amp#27;[35m[ADB]&amp#27;[39m Starting apksigner: 'C:\\Program Files\\Amazon Corretto\\jdk1.8.0_312\\bin\\java.exe' -Xmx1024M -Xss1m -jar C:\\Users\\Fayaz\\AppData\\Local\\Android\\Sdk\\build-tools\\31.0.0\\lib\\apksigner.jar verify --print-certs C:\\Users\\Fayaz\\AppData\\Roaming\\npm\\node_modules\\appium\\node_modules\\appium-uiautomator2-server\\apks\\appium-uiautomator2-server-v4.21.1.apk
[debug] &amp#27;[35m[ADB]&amp#27;[39m apksigner stdout: Signer #1 certificate DN: EMAILADDRESS=android@android.com, CN=Android, OU=Android, O=Android, L=Mountain View, ST=California, C=US
[debug] &amp#27;[35m[ADB]&amp#27;[39m Signer #1 certificate SHA-256 digest: a40da80a59d170caa950cf15c18c454d47a39b26989d8b640ecd745ba71bf5dc
[debug] &amp#27;[35m[ADB]&amp#27;[39m Signer #1 certificate SHA-1 digest: 61ed377e85d386a8dfee6b864bd85b0bfaa5af81
[debug] &amp#27;[35m[ADB]&amp#27;[39m Signer #1 certificate MD5 digest: e89b158e4bcf988ebd09eb83f5378e87
[debug] &amp#27;[35m[ADB]&amp#27;[39m 
[debug] &amp#27;[35m[ADB]&amp#27;[39m sha256 hash did match for 'appium-uiautomator2-server-v4.21.1.apk'
&amp#27;[35m[ADB]&amp#27;[39m 'C:\Users\Fayaz\AppData\Roaming\npm\node_modules\appium\node_modules\appium-uiautomator2-server\apks\appium-uiautomator2-server-v4.21.1.apk' is signed with the default certificate
[debug] &amp#27;[35m[ADB]&amp#27;[39m Getting install status for io.appium.uiautomator2.server.test
[debug] &amp#27;[35m[ADB]&amp#27;[39m Running 'C:\Users\Fayaz\AppData\Local\Android\Sdk\platform-tools\adb.exe -P 5037 -s emulator-5554 shell dumpsys package io.appium.uiautomator2.server.test'
[debug] &amp#27;[35m[ADB]&amp#27;[39m 'io.appium.uiautomator2.server.test' is installed
[debug] &amp#27;[35m[ADB]&amp#27;[39m Checking app cert for C:\Users\Fayaz\AppData\Roaming\npm\node_modules\appium\node_modules\appium-uiautomator2-server\apks\appium-uiautomator2-server-debug-androidTest.apk
[debug] &amp#27;[35m[ADB]&amp#27;[39m Starting apksigner: 'C:\\Program Files\\Amazon Corretto\\jdk1.8.0_312\\bin\\java.exe' -Xmx1024M -Xss1m -jar C:\\Users\\Fayaz\\AppData\\Local\\Android\\Sdk\\build-tools\\31.0.0\\lib\\apksigner.jar verify --print-certs C:\\Users\\Fayaz\\AppData\\Roaming\\npm\\node_modules\\appium\\node_modules\\appium-uiautomator2-server\\apks\\appium-uiautomator2-server-debug-androidTest.apk
[debug] &amp#27;[35m[ADB]&amp#27;[39m apksigner stdout: Signer #1 certificate DN: EMAILADDRESS=android@android.com, CN=Android, OU=Android, O=Android, L=Mountain View, ST=California, C=US
[debug] &amp#27;[35m[ADB]&amp#27;[39m Signer #1 certificate SHA-256 digest: a40da80a59d170caa950cf15c18c454d47a39b26989d8b640ecd745ba71bf5dc
[debug] &amp#27;[35m[ADB]&amp#27;[39m Signer #1 certificate SHA-1 digest: 61ed377e85d386a8dfee6b864bd85b0bfaa5af81
[debug] &amp#27;[35m[ADB]&amp#27;[39m Signer #1 certificate MD5 digest: e89b158e4bcf988ebd09eb83f5378e87
[debug] &amp#27;[35m[ADB]&amp#27;[39m 
[debug] &amp#27;[35m[ADB]&amp#27;[39m sha256 hash did match for 'appium-uiautomator2-server-debug-androidTest.apk'
&amp#27;[35m[ADB]&amp#27;[39m 'C:\Users\Fayaz\AppData\Roaming\npm\node_modules\appium\node_modules\appium-uiautomator2-server\apks\appium-uiautomator2-server-debug-androidTest.apk' is signed with the default certificate
&amp#27;[35m[UiAutomator2]&amp#27;[39m Server packages are not going to be (re)installed
[debug] &amp#27;[35m[UiAutomator2]&amp#27;[39m Waiting up to 30000ms for services to be available
[debug] &amp#27;[35m[ADB]&amp#27;[39m Running 'C:\Users\Fayaz\AppData\Local\Android\Sdk\platform-tools\adb.exe -P 5037 -s emulator-5554 shell pm list instrumentation'
[debug] &amp#27;[35m[UiAutomator2]&amp#27;[39m Instrumentation target 'io.appium.uiautomator2.server.test/androidx.test.runner.AndroidJUnitRunner' is available
&amp#27;[35m[ADB]&amp#27;[39m Adding packages ["io.appium.settings","io.appium.uiautomator2.server","io.appium.uiautomator2.server.test"] to Doze whitelist
[debug] &amp#27;[35m[ADB]&amp#27;[39m Got the following command chunks to execute: [["dumpsys","deviceidle","whitelist","+io.appium.settings",";","dumpsys","deviceidle","whitelist","+io.appium.uiautomator2.server",";","dumpsys","deviceidle","whitelist","+io.appium.uiautomator2.server.test",";"]]
[debug] &amp#27;[35m[ADB]&amp#27;[39m Running 'C:\Users\Fayaz\AppData\Local\Android\Sdk\platform-tools\adb.exe -P 5037 -s emulator-5554 shell dumpsys deviceidle whitelist +io.appium.settings ; dumpsys deviceidle whitelist +io.appium.uiautomator2.server ; dumpsys deviceidle whitelist +io.appium.uiautomator2.server.test ;'
[debug] &amp#27;[35m[ADB]&amp#27;[39m Checking app cert for C:\Users\Fayaz\Appium\Anumati\src\Anumati.apk
[debug] &amp#27;[35m[ADB]&amp#27;[39m Starting apksigner: 'C:\\Program Files\\Amazon Corretto\\jdk1.8.0_312\\bin\\java.exe' -Xmx1024M -Xss1m -jar C:\\Users\\Fayaz\\AppData\\Local\\Android\\Sdk\\build-tools\\31.0.0\\lib\\apksigner.jar verify --print-certs C:\\Users\\Fayaz\\Appium\\Anumati\\src\\Anumati.apk
&amp#27;[35m[BaseDriver]&amp#27;[39m Shutting down because we waited 14 seconds for a command
&amp#27;[35m[Appium]&amp#27;[39m Closing session, cause was 'New Command Timeout of 14 seconds expired. Try customizing the timeout using the 'newCommandTimeout' desired capability'
&amp#27;[35m[Appium]&amp#27;[39m Removing session 'dd4a62ba-e530-4be4-b4a7-401fcacfd8b5' from our master session list
[debug] &amp#27;[35m[UiAutomator2]&amp#27;[39m Deleting UiAutomator2 session
[debug] &amp#27;[35m[UiAutomator2]&amp#27;[39m Deleting UiAutomator2 server session
[debug] &amp#27;[35m[WD Proxy]&amp#27;[39m Matched '/' to command name 'deleteSession'
[debug] &amp#27;[35m[WD Proxy]&amp#27;[39m Proxying [DELETE /] to [DELETE http://127.0.0.1:8200/wd/hub/session/826fc9c0-24d6-4d4d-a9ba-b30a85adcf15] with no body
[debug] &amp#27;[35m[WD Proxy]&amp#27;[39m Got response with status 200: {"sessionId":"826fc9c0-24d6-4d4d-a9ba-b30a85adcf15","value":null}
[debug] &amp#27;[35m[ADB]&amp#27;[39m Running 'C:\Users\Fayaz\AppData\Local\Android\Sdk\platform-tools\adb.exe -P 5037 -s emulator-5554 shell am force-stop com.anumati'
[debug] &amp#27;[35m[Logcat]&amp#27;[39m Stopping logcat capture
[debug] &amp#27;[35m[ADB]&amp#27;[39m Removing forwarded port socket connection: 8200 
[debug] &amp#27;[35m[ADB]&amp#27;[39m Running 'C:\Users\Fayaz\AppData\Local\Android\Sdk\platform-tools\adb.exe -P 5037 -s emulator-5554 forward --remove tcp:8200'
[debug] &amp#27;[35m[Instrumentation]&amp#27;[39m .
[debug] &amp#27;[35m[Instrumentation]&amp#27;[39m Time: 58.387
[debug] &amp#27;[35m[Instrumentation]&amp#27;[39m 
[debug] &amp#27;[35m[Instrumentation]&amp#27;[39m OK (1 test)
&amp#27;[35m[UiAutomator2]&amp#27;[39m Restoring hidden api policy to the device default configuration
[debug] &amp#27;[35m[ADB]&amp#27;[39m Running 'C:\Users\Fayaz\AppData\Local\Android\Sdk\platform-tools\adb.exe -P 5037 -s emulator-5554 shell 'settings delete global hidden_api_policy_pre_p_apps;settings delete global hidden_api_policy_p_apps;settings delete global hidden_api_policy''
[debug] &amp#27;[35m[Instrumentation]&amp#27;[39m The process has exited with code 0
[debug] &amp#27;[35m[ADB]&amp#27;[39m apksigner stdout: Signer #1 certificate DN: CN=Android, OU=Android, O=Google Inc., L=Mountain View, ST=California, C=US
[debug] &amp#27;[35m[ADB]&amp#27;[39m Signer #1 certificate SHA-256 digest: 4730d6e1d0dc8733c1c2302d2b7ccedc5b85a93b2ac0e3a2971a6537173a90bb
[debug] &amp#27;[35m[ADB]&amp#27;[39m Signer #1 certificate SHA-1 digest: 27bcf6fcdf4384e29a8ba18048cbef83538d03e9
[debug] &amp#27;[35m[ADB]&amp#27;[39m Signer #1 certificate MD5 digest: d666c04c85a355f0835d049f3c545d7f
[debug] &amp#27;[35m[ADB]&amp#27;[39m Source Stamp Signer certificate DN: CN=Android, OU=Android, O=Google Inc., L=Mountain View, ST=California, C=US
[debug] &amp#27;[35m[ADB]&amp#27;[39m Source Stamp Signer certificate SHA-256 digest: 3257d599a49d2c961a471ca9843f59d341a405884583fc087df4237b733bbd6d
[debug] &amp#27;[35m[ADB]&amp#27;[39m Source Stamp Signer certificate SHA-1 digest: b1af3a0bf998aeede1a8716a539e5a59da1d86d6
[debug] &amp#27;[35m[ADB]&amp#27;[39m Source Stamp Signer certificate MD5 digest: 577b8a9fbc7e308321aec6411169d2fb
[debug] &amp#27;[35m[ADB]&amp#27;[39m 
&amp#27;[35m[ADB]&amp#27;[39m 'C:\Users\Fayaz\Appium\Anumati\src\Anumati.apk' is signed with a non-default certificate
[debug] &amp#27;[35m[ADB]&amp#27;[39m Getting install status for com.anumati
[debug] &amp#27;[35m[ADB]&amp#27;[39m Running 'C:\Users\Fayaz\AppData\Local\Android\Sdk\platform-tools\adb.exe -P 5037 -s emulator-5554 shell dumpsys package com.anumati'
[debug] &amp#27;[35m[ADB]&amp#27;[39m 'com.anumati' is installed
[debug] &amp#27;[35m[ADB]&amp#27;[39m Getting package info for 'com.anumati'
[debug] &amp#27;[35m[ADB]&amp#27;[39m Running 'C:\Users\Fayaz\AppData\Local\Android\Sdk\platform-tools\adb.exe -P 5037 -s emulator-5554 shell dumpsys package com.anumati'
[debug] &amp#27;[35m[ADB]&amp#27;[39m The version name of the installed 'com.anumati' is greater or equal to the application version name ('1.0.0' >= '1.0.0')
[debug] &amp#27;[35m[ADB]&amp#27;[39m There is no need to install/upgrade 'C:\Users\Fayaz\Appium\Anumati\src\Anumati.apk'
&amp#27;[35m[AndroidDriver]&amp#27;[39m Performing fast reset on 'com.anumati'
[debug] &amp#27;[35m[ADB]&amp#27;[39m Getting install status for com.anumati
[debug] &amp#27;[35m[ADB]&amp#27;[39m Running 'C:\Users\Fayaz\AppData\Local\Android\Sdk\platform-tools\adb.exe -P 5037 -s emulator-5554 shell dumpsys package com.anumati'
[debug] &amp#27;[35m[ADB]&amp#27;[39m 'com.anumati' is installed
[debug] &amp#27;[35m[ADB]&amp#27;[39m Running 'C:\Users\Fayaz\AppData\Local\Android\Sdk\platform-tools\adb.exe -P 5037 -s emulator-5554 shell am force-stop com.anumati'
[debug] &amp#27;[35m[ADB]&amp#27;[39m Running 'C:\Users\Fayaz\AppData\Local\Android\Sdk\platform-tools\adb.exe -P 5037 -s emulator-5554 shell pm clear com.anumati'
[debug] &amp#27;[35m[ADB]&amp#27;[39m Running 'C:\Users\Fayaz\AppData\Local\Android\Sdk\platform-tools\adb.exe -P 5037 -s emulator-5554 shell dumpsys package com.anumati'
[debug] &amp#27;[35m[ADB]&amp#27;[39m Retrieving requested permissions
[debug] &amp#27;[35m[ADB]&amp#27;[39m Retrieved 6 permissions from requested group
[debug] &amp#27;[35m[ADB]&amp#27;[39m Retrieving granted permissions
[debug] &amp#27;[35m[ADB]&amp#27;[39m Retrieved 1 permission from install,runtime groups
[debug] &amp#27;[35m[ADB]&amp#27;[39m Granting permissions ["android.permission.READ_EXTERNAL_STORAGE","android.permission.WRITE_EXTERNAL_STORAGE","android.permission.READ_EXTERNAL_STORAGE","android.permission.WRITE_EXTERNAL_STORAGE"] to 'com.anumati'
[debug] &amp#27;[35m[ADB]&amp#27;[39m Got the following command chunks to execute: [["pm","grant","com.anumati","android.permission.READ_EXTERNAL_STORAGE",";","pm","grant","com.anumati","android.permission.WRITE_EXTERNAL_STORAGE",";","pm","grant","com.anumati","android.permission.READ_EXTERNAL_STORAGE",";","pm","grant","com.anumati","android.permission.WRITE_EXTERNAL_STORAGE",";"]]
[debug] &amp#27;[35m[ADB]&amp#27;[39m Running 'C:\Users\Fayaz\AppData\Local\Android\Sdk\platform-tools\adb.exe -P 5037 -s emulator-5554 shell pm grant com.anumati android.permission.READ_EXTERNAL_STORAGE ; pm grant com.anumati android.permission.WRITE_EXTERNAL_STORAGE ; pm grant com.anumati android.permission.READ_EXTERNAL_STORAGE ; pm grant com.anumati android.permission.WRITE_EXTERNAL_STORAGE ;'
[debug] &amp#27;[35m[AndroidDriver]&amp#27;[39m Performed fast reset on the installed 'com.anumati' application (stop and clear)
[debug] &amp#27;[35m[UiAutomator2]&amp#27;[39m Performing shallow cleanup of automation leftovers
[debug] &amp#27;[35m[UiAutomator2]&amp#27;[39m No obsolete sessions have been detected (socket hang up)
[debug] &amp#27;[35m[ADB]&amp#27;[39m Running 'C:\Users\Fayaz\AppData\Local\Android\Sdk\platform-tools\adb.exe -P 5037 -s emulator-5554 shell am force-stop io.appium.uiautomator2.server.test'
&amp#27;[35m[UiAutomator2]&amp#27;[39m Starting UIAutomator2 server 4.21.1
&amp#27;[35m[UiAutomator2]&amp#27;[39m Using UIAutomator2 server from 'C:\Users\Fayaz\AppData\Roaming\npm\node_modules\appium\node_modules\appium-uiautomator2-server\apks\appium-uiautomator2-server-v4.21.1.apk' and test from 'C:\Users\Fayaz\AppData\Roaming\npm\node_modules\appium\node_modules\appium-uiautomator2-server\apks\appium-uiautomator2-server-debug-androidTest.apk'
&amp#27;[35m[UiAutomator2]&amp#27;[39m Waiting up to 30000ms for UiAutomator2 to be online...
[debug] &amp#27;[35m[ADB]&amp#27;[39m Creating ADB subprocess with args: ["-P",5037,"-s","emulator-5554","shell","am","instrument","-w","-e","disableAnalytics",true,"io.appium.uiautomator2.server.test/androidx.test.runner.AndroidJUnitRunner"]
[debug] &amp#27;[35m[WD Proxy]&amp#27;[39m Matched '/status' to command name 'getStatus'
[debug] &amp#27;[35m[WD Proxy]&amp#27;[39m Proxying [GET /status] to [GET http://127.0.0.1:8201/wd/hub/status] with no body
&amp#27;[35m[WD Proxy]&amp#27;[39m socket hang up
[debug] &amp#27;[35m[WD Proxy]&amp#27;[39m Matched '/status' to command name 'getStatus'
[debug] &amp#27;[35m[WD Proxy]&amp#27;[39m Proxying [GET /status] to [GET http://127.0.0.1:8201/wd/hub/status] with no body
&amp#27;[35m[WD Proxy]&amp#27;[39m socket hang up
[debug] &amp#27;[35m[Instrumentation]&amp#27;[39m io.appium.uiautomator2.server.test.AppiumUiAutomator2Server:
[debug] &amp#27;[35m[WD Proxy]&amp#27;[39m Matched '/status' to command name 'getStatus'
[debug] &amp#27;[35m[WD Proxy]&amp#27;[39m Proxying [GET /status] to [GET http://127.0.0.1:8201/wd/hub/status] with no body
&amp#27;[35m[WD Proxy]&amp#27;[39m socket hang up
[debug] &amp#27;[35m[WD Proxy]&amp#27;[39m Matched '/status' to command name 'getStatus'
[debug] &amp#27;[35m[WD Proxy]&amp#27;[39m Proxying [GET /status] to [GET http://127.0.0.1:8201/wd/hub/status] with no body
[debug] &amp#27;[35m[WD Proxy]&amp#27;[39m Got response with status 200: {"sessionId":"None","value":{"message":"UiAutomator2 Server is ready to accept commands","ready":true}}
[debug] &amp#27;[35m[UiAutomator2]&amp#27;[39m The initialization of the instrumentation process took 3250ms
[debug] &amp#27;[35m[WD Proxy]&amp#27;[39m Matched '/session' to command name 'createSession'
[debug] &amp#27;[35m[WD Proxy]&amp#27;[39m Proxying [POST /session] to [POST http://127.0.0.1:8201/wd/hub/session] with body: {"capabilities":{"firstMatch":[{"platform":"LINUX","webStorageEnabled":false,"takesScreenshot":true,"javascriptEnabled":true,"databaseEnabled":false,"networkConnectionEnabled":true,"locationContextEnabled":false,"warnings":{},"desired":{"goog:chromeOptions":{"w3c":false},"platformName":"android","app":"C:\\Users\\Fayaz\\Appium\\Anumati\\src\\Anumati.apk","autoGrantPermissions":true,"automationName":"uiautomator2","chromeOptions":{"w3c":false},"deviceName":"Fayaz_Emulator2","newCommandTimeout":14},"goog:chromeOptions":{"w3c":false},"platformName":"android","app":"C:\\Users\\Fayaz\\Appium\\Anumati\\src\\Anumati.apk","autoGrantPermissions":true,"automationName":"uiautomator2","chromeOptions":{"w3c":false},"deviceName":"emulator-5554","newCommandTimeout":14,"deviceUDID":"emulator-5554","appPackage":"com.anumati"}],"alwaysMatch":{}}}
[debug] &amp#27;[35m[WD Proxy]&amp#27;[39m Got response with status 200: {"sessionId":"ab6b0081-00c5-477a-ba28-9f4926873580","value":{"capabilities":{"firstMatch":[{"platform":"LINUX","webStorageEnabled":false,"takesScreenshot":true,"javascriptEnabled":true,"databaseEnabled":false,"networkConnectionEnabled":true,"locationContextEnabled":false,"warnings":{},"desired":{"goog:chromeOptions":{"w3c":false},"platformName":"android","app":"C:\\Users\\Fayaz\\Appium\\Anumati\\src\\Anumati.apk","autoGrantPermissions":true,"automationName":"uiautomator2","chromeOptions":{"w3c":false},"deviceName":"Fayaz_Emulator2","newCommandTimeout":14},"goog:chromeOptions":{"w3c":false},"platformName":"android","app":"C:\\Users\\Fayaz\\Appium\\Anumati\\src\\Anumati.apk","autoGrantPermissions":true,"automationName":"uiautomator2","chromeOptions":{"w3c":false},"deviceName":"emulator-5554","newCommandTimeout":14,"deviceUDID":"emulator-5554","appPackage":"com.anumati"}],"alwaysMatch":{}},"sessionId":"ab6b0081-00c5-477a-ba28-9f4926873580"}}
&amp#27;[35m[WD Proxy]&amp#27;[39m Determined the downstream protocol as 'W3C'
[debug] &amp#27;[35m[WD Proxy]&amp#27;[39m Proxying [GET /appium/device/info] to [GET http://127.0.0.1:8201/wd/hub/session/ab6b0081-00c5-477a-ba28-9f4926873580/appium/device/info] with no body
[debug] &amp#27;[35m[WD Proxy]&amp#27;[39m Got response with status 200: {"sessionId":"ab6b0081-00c5-477a-ba28-9f4926873580","value":{"androidId":"4c01298c58a50c77","apiVersion":"30","bluetooth":{"state":"ON"},"brand":"Android","carrierName":"Android","displayDensity":420,"locale":"en_US","manufacturer":"unknown","model":"Android SDK built for x86","networks":[{"capabilities":{"SSID":null,"linkDownBandwidthKbps":141000,"linkUpstreamBandwidthKbps":141000,"networkCapabilities":"NET_CAPABILITY_NOT_METERED,NET_CAPABILITY_INTERNET,NET_CAPABILITY_NOT_RESTRICTED,NET_CAPABILITY_TRUSTED,NET_CAPABILITY_NOT_VPN,NET_CAPABILITY_VALIDATED,NET_CAPABILITY_NOT_ROAMING,NET_CAPABILITY_FOREGROUND,NET_CAPABILITY_NOT_CONGESTED,NET_CAPABILITY_NOT_SUSPENDED","signalStrength":-30,"transportTypes":"TRANSPORT_WIFI"},"detailedState":"CONNECTED","extraInfo":"","isAvailable":true,"isConnected":true,"isFailover":false,"isRoaming":false,"state":"CONNECTED","subtype":0,"subtypeName":"","type":1,"typeName":"WIFI"},{"capabilities":{"SSID":null,"linkDownBandwidthKbps":30000,"linkUpstreamBandwidthKbps":15000,"netw...
[debug] &amp#27;[35m[ADB]&amp#27;[39m Running 'C:\Users\Fayaz\AppData\Local\Android\Sdk\platform-tools\adb.exe -P 5037 -s emulator-5554 shell dumpsys window'
&amp#27;[35m[AndroidDriver]&amp#27;[39m Screen already unlocked, doing nothing
&amp#27;[35m[UiAutomator2]&amp#27;[39m Starting 'com.anumati/com.aa.MainActivity and waiting for 'com.anumati/com.aa.MainActivity'
[debug] &amp#27;[35m[ADB]&amp#27;[39m Running 'C:\Users\Fayaz\AppData\Local\Android\Sdk\platform-tools\adb.exe -P 5037 -s emulator-5554 shell am start -W -n com.anumati/com.aa.MainActivity -S -a android.intent.action.MAIN -c android.intent.category.LAUNCHER -f 0x10200000'
[debug] &amp#27;[35m[ADB]&amp#27;[39m Waiting up to 20000ms for activity matching pkg: 'com.anumati' and activity: 'com.aa.MainActivity' to be focused
[debug] &amp#27;[35m[ADB]&amp#27;[39m Possible activities, to be checked: 'com.aa.MainActivity', 'com.anumati.com.aa.MainActivity'
[debug] &amp#27;[35m[ADB]&amp#27;[39m Getting focused package and activity
[debug] &amp#27;[35m[ADB]&amp#27;[39m Running 'C:\Users\Fayaz\AppData\Local\Android\Sdk\platform-tools\adb.exe -P 5037 -s emulator-5554 shell dumpsys window displays'
[debug] &amp#27;[35m[ADB]&amp#27;[39m Found package: 'com.anumati' and fully qualified activity name : 'com.aa.MainActivity'
[debug] &amp#27;[35m[WD Proxy]&amp#27;[39m Proxying [GET /appium/device/pixel_ratio] to [GET http://127.0.0.1:8201/wd/hub/session/ab6b0081-00c5-477a-ba28-9f4926873580/appium/device/pixel_ratio] with no body
[debug] &amp#27;[35m[WD Proxy]&amp#27;[39m Got response with status 200: {"sessionId":"ab6b0081-00c5-477a-ba28-9f4926873580","value":2.625}
[debug] &amp#27;[35m[WD Proxy]&amp#27;[39m Matched '/appium/device/system_bars' to command name 'getSystemBars'
[debug] &amp#27;[35m[WD Proxy]&amp#27;[39m Proxying [GET /appium/device/system_bars] to [GET http://127.0.0.1:8201/wd/hub/session/ab6b0081-00c5-477a-ba28-9f4926873580/appium/device/system_bars] with no body
[debug] &amp#27;[35m[WD Proxy]&amp#27;[39m Got response with status 200: {"sessionId":"ab6b0081-00c5-477a-ba28-9f4926873580","value":{"statusBar":63}}
[debug] &amp#27;[35m[WD Proxy]&amp#27;[39m Matched '/window/current/size' to command name 'getWindowSize'
[debug] &amp#27;[35m[WD Proxy]&amp#27;[39m Proxying [GET /window/current/size] to [GET http://127.0.0.1:8201/wd/hub/session/ab6b0081-00c5-477a-ba28-9f4926873580/window/current/size] with no body
[debug] &amp#27;[35m[WD Proxy]&amp#27;[39m Got response with status 200: {"sessionId":"ab6b0081-00c5-477a-ba28-9f4926873580","value":{"height":1794,"width":1080}}
&amp#27;[35m[Appium]&amp#27;[39m New AndroidUiautomator2Driver session created successfully, session 95647b7f-d90e-473d-876e-0750aa5cc4a8 added to master session list
[debug] &amp#27;[35m[BaseDriver]&amp#27;[39m Event 'newSessionStarted' logged at 1638954796606 (14:43:16 GMT+0530 (India Standard Time))
[debug] &amp#27;[35m[W3C (95647b7f)]&amp#27;[39m Cached the protocol value 'W3C' for the new session 95647b7f-d90e-473d-876e-0750aa5cc4a8
[debug] &amp#27;[35m[W3C (95647b7f)]&amp#27;[39m Responding to client with driver.createSession() result: {"capabilities":{"platform":"LINUX","webStorageEnabled":false,"takesScreenshot":true,"javascriptEnabled":true,"databaseEnabled":false,"networkConnectionEnabled":true,"locationContextEnabled":false,"warnings":{},"desired":{"goog:chromeOptions":{"w3c":false},"platformName":"android","app":"C:\\Users\\Fayaz\\Appium\\Anumati\\src\\Anumati.apk","autoGrantPermissions":true,"automationName":"uiautomator2","chromeOptions":{"w3c":false},"deviceName":"Fayaz_Emulator2","newCommandTimeout":14},"goog:chromeOptions":{"w3c":false},"platformName":"android","app":"C:\\Users\\Fayaz\\Appium\\Anumati\\src\\Anumati.apk","autoGrantPermissions":true,"automationName":"uiautomator2","chromeOptions":{"w3c":false},"deviceName":"emulator-5554","newCommandTimeout":14,"deviceUDID":"emulator-5554","appPackage":"com.anumati","deviceApiLevel":30,"platformVersion":"11","deviceScreenSize":"1080x1920","deviceScreenDensity":420,"deviceModel":"Android SDK built for x86","deviceManufacturer":"unknown","pixelRatio":2.625,"statBarHeight":63,"view...
&amp#27;[35m[HTTP]&amp#27;[39m &amp#27;[37m<-- POST /wd/hub/session &amp#27;[39m&amp#27;[32m200&amp#27;[39m &amp#27;[90m19244 ms - 1140&amp#27;[39m
&amp#27;[35m[HTTP]&amp#27;[39m &amp#27;[90m&amp#27;[39m
&amp#27;[35m[HTTP]&amp#27;[39m &amp#27;[37m-->&amp#27;[39m &amp#27;[37mPOST&amp#27;[39m &amp#27;[37m/wd/hub/session/95647b7f-d90e-473d-876e-0750aa5cc4a8/timeouts&amp#27;[39m
&amp#27;[35m[HTTP]&amp#27;[39m &amp#27;[90m{"implicit":20000}&amp#27;[39m
[debug] &amp#27;[35m[W3C (95647b7f)]&amp#27;[39m Calling AppiumDriver.timeouts() with args: [null,null,null,null,20000,"95647b7f-d90e-473d-876e-0750aa5cc4a8"]
[debug] &amp#27;[35m[BaseDriver]&amp#27;[39m W3C timeout argument: {"implicit":20000}}
[debug] &amp#27;[35m[BaseDriver]&amp#27;[39m Set implicit wait to 20000ms
[debug] &amp#27;[35m[W3C (95647b7f)]&amp#27;[39m Responding to client with driver.timeouts() result: null
&amp#27;[35m[HTTP]&amp#27;[39m &amp#27;[37m<-- POST /wd/hub/session/95647b7f-d90e-473d-876e-0750aa5cc4a8/timeouts &amp#27;[39m&amp#27;[32m200&amp#27;[39m &amp#27;[90m2 ms - 14&amp#27;[39m
&amp#27;[35m[HTTP]&amp#27;[39m &amp#27;[90m&amp#27;[39m
&amp#27;[35m[HTTP]&amp#27;[39m &amp#27;[37m-->&amp#27;[39m &amp#27;[37mGET&amp#27;[39m &amp#27;[37m/wd/hub/session/95647b7f-d90e-473d-876e-0750aa5cc4a8/context&amp#27;[39m
&amp#27;[35m[HTTP]&amp#27;[39m &amp#27;[90m{}&amp#27;[39m
[debug] &amp#27;[35m[W3C (95647b7f)]&amp#27;[39m Calling AppiumDriver.getCurrentContext() with args: ["95647b7f-d90e-473d-876e-0750aa5cc4a8"]
[debug] &amp#27;[35m[W3C (95647b7f)]&amp#27;[39m Responding to client with driver.getCurrentContext() result: "NATIVE_APP"
&amp#27;[35m[HTTP]&amp#27;[39m &amp#27;[37m<-- GET /wd/hub/session/95647b7f-d90e-473d-876e-0750aa5cc4a8/context &amp#27;[39m&amp#27;[32m200&amp#27;[39m &amp#27;[90m1 ms - 22&amp#27;[39m
&amp#27;[35m[HTTP]&amp#27;[39m &amp#27;[90m&amp#27;[39m
&amp#27;[35m[HTTP]&amp#27;[39m &amp#27;[37m-->&amp#27;[39m &amp#27;[37mPOST&amp#27;[39m &amp#27;[37m/wd/hub/session/95647b7f-d90e-473d-876e-0750aa5cc4a8/element&amp#27;[39m
&amp#27;[35m[HTTP]&amp#27;[39m &amp#27;[90m{"using":"xpath","value":"//android.view.View[@text='Skip']"}&amp#27;[39m
[debug] &amp#27;[35m[W3C (95647b7f)]&amp#27;[39m Calling AppiumDriver.findElement() with args: ["xpath","//android.view.View[@text='Skip']","95647b7f-d90e-473d-876e-0750aa5cc4a8"]
[debug] &amp#27;[35m[BaseDriver]&amp#27;[39m Valid locator strategies for this request: xpath, id, class name, accessibility id, css selector, -android uiautomator
[debug] &amp#27;[35m[BaseDriver]&amp#27;[39m Waiting up to 20000 ms for condition
[debug] &amp#27;[35m[WD Proxy]&amp#27;[39m Matched '/element' to command name 'findElement'
[debug] &amp#27;[35m[WD Proxy]&amp#27;[39m Proxying [POST /element] to [POST http://127.0.0.1:8201/wd/hub/session/ab6b0081-00c5-477a-ba28-9f4926873580/element] with body: {"strategy":"xpath","selector":"//android.view.View[@text='Skip']","context":"","multiple":false}
&amp#27;[35m[WD Proxy]&amp#27;[39m Got response with status 404: {"sessionId":"ab6b0081-00c5-477a-ba28-9f4926873580","value":{"error":"no such element","message":"An element could not be located on the page using the given search parameters","stacktrace":"io.appium.uiautomator2.common.exceptions.ElementNotFoundException: An element could not be located on the page using the given search parameters\n\tat io.appium.uiautomator2.handler.FindElement.findElement(FindElement.java:89)\n\tat io.appium.uiautomator2.handler.FindElement.safeHandle(FindElement.java:66)\n\tat io.appium.uiautomator2.handler.request.SafeRequestHandler.handle(SafeRequestHandler.java:41)\n\tat io.appium.uiautomator2.server.AppiumServlet.handleRequest(AppiumServlet.java:262)\n\tat io.appium.uiautomator2.server.AppiumServlet.handleHttpRequest(AppiumServlet.java:256)\n\tat io.appium.uiautomator2.http.ServerHandler.channelRead(ServerHandler.java:68)\n\tat io.netty.channel.AbstractChannelHandlerContext.invokeChannelRead(AbstractChannelHandlerContext.java:366)\n\tat io.netty.channel.AbstractChannelHandlerCont...
[debug] &amp#27;[35m[W3C]&amp#27;[39m Matched W3C error code 'no such element' to NoSuchElementError
[debug] &amp#27;[35m[BaseDriver]&amp#27;[39m Waited for 326 ms so far
[debug] &amp#27;[35m[WD Proxy]&amp#27;[39m Matched '/element' to command name 'findElement'
[debug] &amp#27;[35m[WD Proxy]&amp#27;[39m Proxying [POST /element] to [POST http://127.0.0.1:8201/wd/hub/session/ab6b0081-00c5-477a-ba28-9f4926873580/element] with body: {"strategy":"xpath","selector":"//android.view.View[@text='Skip']","context":"","multiple":false}
[debug] &amp#27;[35m[WD Proxy]&amp#27;[39m Got response with status 200: {"sessionId":"ab6b0081-00c5-477a-ba28-9f4926873580","value":{"ELEMENT":"4737f288-0136-4f74-a437-27184cbc1a09","element-6066-11e4-a52e-4f735466cecf":"4737f288-0136-4f74-a437-27184cbc1a09"}}
[debug] &amp#27;[35m[W3C (95647b7f)]&amp#27;[39m Responding to client with driver.findElement() result: {"element-6066-11e4-a52e-4f735466cecf":"4737f288-0136-4f74-a437-27184cbc1a09","ELEMENT":"4737f288-0136-4f74-a437-27184cbc1a09"}
&amp#27;[35m[HTTP]&amp#27;[39m &amp#27;[37m<-- POST /wd/hub/session/95647b7f-d90e-473d-876e-0750aa5cc4a8/element &amp#27;[39m&amp#27;[32m200&amp#27;[39m &amp#27;[90m1230 ms - 137&amp#27;[39m
&amp#27;[35m[HTTP]&amp#27;[39m &amp#27;[90m&amp#27;[39m
&amp#27;[35m[HTTP]&amp#27;[39m &amp#27;[37m-->&amp#27;[39m &amp#27;[37mPOST&amp#27;[39m &amp#27;[37m/wd/hub/session/95647b7f-d90e-473d-876e-0750aa5cc4a8/element/4737f288-0136-4f74-a437-27184cbc1a09/click&amp#27;[39m
&amp#27;[35m[HTTP]&amp#27;[39m &amp#27;[90m{"id":"4737f288-0136-4f74-a437-27184cbc1a09"}&amp#27;[39m
[debug] &amp#27;[35m[W3C (95647b7f)]&amp#27;[39m Calling AppiumDriver.click() with args: ["4737f288-0136-4f74-a437-27184cbc1a09","95647b7f-d90e-473d-876e-0750aa5cc4a8"]
[debug] &amp#27;[35m[WD Proxy]&amp#27;[39m Matched '/element/4737f288-0136-4f74-a437-27184cbc1a09/click' to command name 'click'
[debug] &amp#27;[35m[WD Proxy]&amp#27;[39m Proxying [POST /element/4737f288-0136-4f74-a437-27184cbc1a09/click] to [POST http://127.0.0.1:8201/wd/hub/session/ab6b0081-00c5-477a-ba28-9f4926873580/element/4737f288-0136-4f74-a437-27184cbc1a09/click] with body: {"element":"4737f288-0136-4f74-a437-27184cbc1a09"}
[debug] &amp#27;[35m[WD Proxy]&amp#27;[39m Got response with status 200: {"sessionId":"ab6b0081-00c5-477a-ba28-9f4926873580","value":null}
[debug] &amp#27;[35m[W3C (95647b7f)]&amp#27;[39m Responding to client with driver.click() result: null
&amp#27;[35m[HTTP]&amp#27;[39m &amp#27;[37m<-- POST /wd/hub/session/95647b7f-d90e-473d-876e-0750aa5cc4a8/element/4737f288-0136-4f74-a437-27184cbc1a09/click &amp#27;[39m&amp#27;[32m200&amp#27;[39m &amp#27;[90m177 ms - 14&amp#27;[39m
&amp#27;[35m[HTTP]&amp#27;[39m &amp#27;[90m&amp#27;[39m
&amp#27;[35m[HTTP]&amp#27;[39m &amp#27;[37m-->&amp#27;[39m &amp#27;[37mGET&amp#27;[39m &amp#27;[37m/wd/hub/session/95647b7f-d90e-473d-876e-0750aa5cc4a8/context&amp#27;[39m
&amp#27;[35m[HTTP]&amp#27;[39m &amp#27;[90m{}&amp#27;[39m
[debug] &amp#27;[35m[W3C (95647b7f)]&amp#27;[39m Calling AppiumDriver.getCurrentContext() with args: ["95647b7f-d90e-473d-876e-0750aa5cc4a8"]
[debug] &amp#27;[35m[W3C (95647b7f)]&amp#27;[39m Responding to client with driver.getCurrentContext() result: "NATIVE_APP"
&amp#27;[35m[HTTP]&amp#27;[39m &amp#27;[37m<-- GET /wd/hub/session/95647b7f-d90e-473d-876e-0750aa5cc4a8/context &amp#27;[39m&amp#27;[32m200&amp#27;[39m &amp#27;[90m1 ms - 22&amp#27;[39m
&amp#27;[35m[HTTP]&amp#27;[39m &amp#27;[90m&amp#27;[39m
&amp#27;[35m[HTTP]&amp#27;[39m &amp#27;[37m-->&amp#27;[39m &amp#27;[37mPOST&amp#27;[39m &amp#27;[37m/wd/hub/session/95647b7f-d90e-473d-876e-0750aa5cc4a8/element&amp#27;[39m
&amp#27;[35m[HTTP]&amp#27;[39m &amp#27;[90m{"using":"xpath","value":"//android.view.View/android.widget.EditText[1]"}&amp#27;[39m
[debug] &amp#27;[35m[W3C (95647b7f)]&amp#27;[39m Calling AppiumDriver.findElement() with args: ["xpath","//android.view.View/android.widget.EditText[1]","95647b7f-d90e-473d-876e-0750aa5cc4a8"]
[debug] &amp#27;[35m[BaseDriver]&amp#27;[39m Valid locator strategies for this request: xpath, id, class name, accessibility id, css selector, -android uiautomator
[debug] &amp#27;[35m[BaseDriver]&amp#27;[39m Waiting up to 20000 ms for condition
[debug] &amp#27;[35m[WD Proxy]&amp#27;[39m Matched '/element' to command name 'findElement'
[debug] &amp#27;[35m[WD Proxy]&amp#27;[39m Proxying [POST /element] to [POST http://127.0.0.1:8201/wd/hub/session/ab6b0081-00c5-477a-ba28-9f4926873580/element] with body: {"strategy":"xpath","selector":"//android.view.View/android.widget.EditText[1]","context":"","multiple":false}
[debug] &amp#27;[35m[WD Proxy]&amp#27;[39m Got response with status 200: {"sessionId":"ab6b0081-00c5-477a-ba28-9f4926873580","value":{"ELEMENT":"c0eaaf63-7687-4b9e-8aad-8560d2bcdc37","element-6066-11e4-a52e-4f735466cecf":"c0eaaf63-7687-4b9e-8aad-8560d2bcdc37"}}
[debug] &amp#27;[35m[W3C (95647b7f)]&amp#27;[39m Responding to client with driver.findElement() result: {"element-6066-11e4-a52e-4f735466cecf":"c0eaaf63-7687-4b9e-8aad-8560d2bcdc37","ELEMENT":"c0eaaf63-7687-4b9e-8aad-8560d2bcdc37"}
&amp#27;[35m[HTTP]&amp#27;[39m &amp#27;[37m<-- POST /wd/hub/session/95647b7f-d90e-473d-876e-0750aa5cc4a8/element &amp#27;[39m&amp#27;[32m200&amp#27;[39m &amp#27;[90m1549 ms - 137&amp#27;[39m
&amp#27;[35m[HTTP]&amp#27;[39m &amp#27;[90m&amp#27;[39m
&amp#27;[35m[HTTP]&amp#27;[39m &amp#27;[37m-->&amp#27;[39m &amp#27;[37mPOST&amp#27;[39m &amp#27;[37m/wd/hub/session/95647b7f-d90e-473d-876e-0750aa5cc4a8/element/c0eaaf63-7687-4b9e-8aad-8560d2bcdc37/click&amp#27;[39m
&amp#27;[35m[HTTP]&amp#27;[39m &amp#27;[90m{"id":"c0eaaf63-7687-4b9e-8aad-8560d2bcdc37"}&amp#27;[39m
[debug] &amp#27;[35m[W3C (95647b7f)]&amp#27;[39m Calling AppiumDriver.click() with args: ["c0eaaf63-7687-4b9e-8aad-8560d2bcdc37","95647b7f-d90e-473d-876e-0750aa5cc4a8"]
[debug] &amp#27;[35m[WD Proxy]&amp#27;[39m Matched '/element/c0eaaf63-7687-4b9e-8aad-8560d2bcdc37/click' to command name 'click'
[debug] &amp#27;[35m[WD Proxy]&amp#27;[39m Proxying [POST /element/c0eaaf63-7687-4b9e-8aad-8560d2bcdc37/click] to [POST http://127.0.0.1:8201/wd/hub/session/ab6b0081-00c5-477a-ba28-9f4926873580/element/c0eaaf63-7687-4b9e-8aad-8560d2bcdc37/click] with body: {"element":"c0eaaf63-7687-4b9e-8aad-8560d2bcdc37"}
[debug] &amp#27;[35m[WD Proxy]&amp#27;[39m Got response with status 200: {"sessionId":"ab6b0081-00c5-477a-ba28-9f4926873580","value":null}
[debug] &amp#27;[35m[W3C (95647b7f)]&amp#27;[39m Responding to client with driver.click() result: null
&amp#27;[35m[HTTP]&amp#27;[39m &amp#27;[37m<-- POST /wd/hub/session/95647b7f-d90e-473d-876e-0750aa5cc4a8/element/c0eaaf63-7687-4b9e-8aad-8560d2bcdc37/click &amp#27;[39m&amp#27;[32m200&amp#27;[39m &amp#27;[90m111 ms - 14&amp#27;[39m
&amp#27;[35m[HTTP]&amp#27;[39m &amp#27;[90m&amp#27;[39m
&amp#27;[35m[HTTP]&amp#27;[39m &amp#27;[37m-->&amp#27;[39m &amp#27;[37mGET&amp#27;[39m &amp#27;[37m/wd/hub/session/95647b7f-d90e-473d-876e-0750aa5cc4a8/context&amp#27;[39m
&amp#27;[35m[HTTP]&amp#27;[39m &amp#27;[90m{}&amp#27;[39m
[debug] &amp#27;[35m[W3C (95647b7f)]&amp#27;[39m Calling AppiumDriver.getCurrentContext() with args: ["95647b7f-d90e-473d-876e-0750aa5cc4a8"]
[debug] &amp#27;[35m[W3C (95647b7f)]&amp#27;[39m Responding to client with driver.getCurrentContext() result: "NATIVE_APP"
&amp#27;[35m[HTTP]&amp#27;[39m &amp#27;[37m<-- GET /wd/hub/session/95647b7f-d90e-473d-876e-0750aa5cc4a8/context &amp#27;[39m&amp#27;[32m200&amp#27;[39m &amp#27;[90m1 ms - 22&amp#27;[39m
&amp#27;[35m[HTTP]&amp#27;[39m &amp#27;[90m&amp#27;[39m
&amp#27;[35m[HTTP]&amp#27;[39m &amp#27;[37m-->&amp#27;[39m &amp#27;[37mPOST&amp#27;[39m &amp#27;[37m/wd/hub/session/95647b7f-d90e-473d-876e-0750aa5cc4a8/element&amp#27;[39m
&amp#27;[35m[HTTP]&amp#27;[39m &amp#27;[90m{"using":"xpath","value":"//android.view.View/android.widget.EditText[1]"}&amp#27;[39m
[debug] &amp#27;[35m[W3C (95647b7f)]&amp#27;[39m Calling AppiumDriver.findElement() with args: ["xpath","//android.view.View/android.widget.EditText[1]","95647b7f-d90e-473d-876e-0750aa5cc4a8"]
[debug] &amp#27;[35m[BaseDriver]&amp#27;[39m Valid locator strategies for this request: xpath, id, class name, accessibility id, css selector, -android uiautomator
[debug] &amp#27;[35m[BaseDriver]&amp#27;[39m Waiting up to 20000 ms for condition
[debug] &amp#27;[35m[WD Proxy]&amp#27;[39m Matched '/element' to command name 'findElement'
[debug] &amp#27;[35m[WD Proxy]&amp#27;[39m Proxying [POST /element] to [POST http://127.0.0.1:8201/wd/hub/session/ab6b0081-00c5-477a-ba28-9f4926873580/element] with body: {"strategy":"xpath","selector":"//android.view.View/android.widget.EditText[1]","context":"","multiple":false}
[debug] &amp#27;[35m[WD Proxy]&amp#27;[39m Got response with status 200: {"sessionId":"ab6b0081-00c5-477a-ba28-9f4926873580","value":{"ELEMENT":"a5872db1-6b51-49d3-b3a7-bba2e6b49b94","element-6066-11e4-a52e-4f735466cecf":"a5872db1-6b51-49d3-b3a7-bba2e6b49b94"}}
[debug] &amp#27;[35m[W3C (95647b7f)]&amp#27;[39m Responding to client with driver.findElement() result: {"element-6066-11e4-a52e-4f735466cecf":"a5872db1-6b51-49d3-b3a7-bba2e6b49b94","ELEMENT":"a5872db1-6b51-49d3-b3a7-bba2e6b49b94"}
&amp#27;[35m[HTTP]&amp#27;[39m &amp#27;[37m<-- POST /wd/hub/session/95647b7f-d90e-473d-876e-0750aa5cc4a8/element &amp#27;[39m&amp#27;[32m200&amp#27;[39m &amp#27;[90m1463 ms - 137&amp#27;[39m
&amp#27;[35m[HTTP]&amp#27;[39m &amp#27;[90m&amp#27;[39m
&amp#27;[35m[HTTP]&amp#27;[39m &amp#27;[37m-->&amp#27;[39m &amp#27;[37mPOST&amp#27;[39m &amp#27;[37m/wd/hub/session/95647b7f-d90e-473d-876e-0750aa5cc4a8/element/a5872db1-6b51-49d3-b3a7-bba2e6b49b94/value&amp#27;[39m
&amp#27;[35m[HTTP]&amp#27;[39m &amp#27;[90m{"id":"a5872db1-6b51-49d3-b3a7-bba2e6b49b94","text":"7760305049","value":["7","7","6","0","3","0","5","0","4","9"]}&amp#27;[39m
[debug] &amp#27;[35m[W3C (95647b7f)]&amp#27;[39m Calling AppiumDriver.setValue() with args: [["7","7","6","0","3","0","5","0","4","9"],"a5872db1-6b51-49d3-b3a7-bba2e6b49b94","95647b7f-d90e-473d-876e-0750aa5cc4a8"]
[debug] &amp#27;[35m[WD Proxy]&amp#27;[39m Matched '/element/a5872db1-6b51-49d3-b3a7-bba2e6b49b94/value' to command name 'setValue'
[debug] &amp#27;[35m[Protocol Converter]&amp#27;[39m Added 'value' property ["7","7","6","0","3","0","5","0","4","9"] to 'setValue' request body
[debug] &amp#27;[35m[WD Proxy]&amp#27;[39m Proxying [POST /element/a5872db1-6b51-49d3-b3a7-bba2e6b49b94/value] to [POST http://127.0.0.1:8201/wd/hub/session/ab6b0081-00c5-477a-ba28-9f4926873580/element/a5872db1-6b51-49d3-b3a7-bba2e6b49b94/value] with body: {"elementId":"a5872db1-6b51-49d3-b3a7-bba2e6b49b94","text":"7760305049","replace":false,"value":["7","7","6","0","3","0","5","0","4","9"]}
[debug] &amp#27;[35m[WD Proxy]&amp#27;[39m Got response with status 200: {"sessionId":"ab6b0081-00c5-477a-ba28-9f4926873580","value":null}
[debug] &amp#27;[35m[W3C (95647b7f)]&amp#27;[39m Responding to client with driver.setValue() result: null
&amp#27;[35m[HTTP]&amp#27;[39m &amp#27;[37m<-- POST /wd/hub/session/95647b7f-d90e-473d-876e-0750aa5cc4a8/element/a5872db1-6b51-49d3-b3a7-bba2e6b49b94/value &amp#27;[39m&amp#27;[32m200&amp#27;[39m &amp#27;[90m338 ms - 14&amp#27;[39m
&amp#27;[35m[HTTP]&amp#27;[39m &amp#27;[90m&amp#27;[39m
&amp#27;[35m[HTTP]&amp#27;[39m &amp#27;[37m-->&amp#27;[39m &amp#27;[37mPOST&amp#27;[39m &amp#27;[37m/wd/hub/session/95647b7f-d90e-473d-876e-0750aa5cc4a8/appium/device/hide_keyboard&amp#27;[39m
&amp#27;[35m[HTTP]&amp#27;[39m &amp#27;[90m{}&amp#27;[39m
[debug] &amp#27;[35m[W3C (95647b7f)]&amp#27;[39m Calling AppiumDriver.hideKeyboard() with args: [null,null,null,null,"95647b7f-d90e-473d-876e-0750aa5cc4a8"]
[debug] &amp#27;[35m[ADB]&amp#27;[39m Running 'C:\Users\Fayaz\AppData\Local\Android\Sdk\platform-tools\adb.exe -P 5037 -s emulator-5554 shell dumpsys input_method'
[debug] &amp#27;[35m[ADB]&amp#27;[39m Running 'C:\Users\Fayaz\AppData\Local\Android\Sdk\platform-tools\adb.exe -P 5037 -s emulator-5554 shell input keyevent 111'
[debug] &amp#27;[35m[ADB]&amp#27;[39m Running 'C:\Users\Fayaz\AppData\Local\Android\Sdk\platform-tools\adb.exe -P 5037 -s emulator-5554 shell dumpsys input_method'
[debug] &amp#27;[35m[ADB]&amp#27;[39m Running 'C:\Users\Fayaz\AppData\Local\Android\Sdk\platform-tools\adb.exe -P 5037 -s emulator-5554 shell dumpsys input_method'
[debug] &amp#27;[35m[ADB]&amp#27;[39m Running 'C:\Users\Fayaz\AppData\Local\Android\Sdk\platform-tools\adb.exe -P 5037 -s emulator-5554 shell input keyevent 4'
[debug] &amp#27;[35m[ADB]&amp#27;[39m Running 'C:\Users\Fayaz\AppData\Local\Android\Sdk\platform-tools\adb.exe -P 5037 -s emulator-5554 shell dumpsys input_method'
[debug] &amp#27;[35m[W3C (95647b7f)]&amp#27;[39m Responding to client with driver.hideKeyboard() result: true
&amp#27;[35m[HTTP]&amp#27;[39m &amp#27;[37m<-- POST /wd/hub/session/95647b7f-d90e-473d-876e-0750aa5cc4a8/appium/device/hide_keyboard &amp#27;[39m&amp#27;[32m200&amp#27;[39m &amp#27;[90m4239 ms - 14&amp#27;[39m
&amp#27;[35m[HTTP]&amp#27;[39m &amp#27;[90m&amp#27;[39m
&amp#27;[35m[HTTP]&amp#27;[39m &amp#27;[37m-->&amp#27;[39m &amp#27;[37mGET&amp#27;[39m &amp#27;[37m/wd/hub/session/95647b7f-d90e-473d-876e-0750aa5cc4a8/context&amp#27;[39m
&amp#27;[35m[HTTP]&amp#27;[39m &amp#27;[90m{}&amp#27;[39m
[debug] &amp#27;[35m[W3C (95647b7f)]&amp#27;[39m Calling AppiumDriver.getCurrentContext() with args: ["95647b7f-d90e-473d-876e-0750aa5cc4a8"]
[debug] &amp#27;[35m[W3C (95647b7f)]&amp#27;[39m Responding to client with driver.getCurrentContext() result: "NATIVE_APP"
&amp#27;[35m[HTTP]&amp#27;[39m &amp#27;[37m<-- GET /wd/hub/session/95647b7f-d90e-473d-876e-0750aa5cc4a8/context &amp#27;[39m&amp#27;[32m200&amp#27;[39m &amp#27;[90m2 ms - 22&amp#27;[39m
&amp#27;[35m[HTTP]&amp#27;[39m &amp#27;[90m&amp#27;[39m
&amp#27;[35m[HTTP]&amp#27;[39m &amp#27;[37m-->&amp#27;[39m &amp#27;[37mPOST&amp#27;[39m &amp#27;[37m/wd/hub/session/95647b7f-d90e-473d-876e-0750aa5cc4a8/element&amp#27;[39m
&amp#27;[35m[HTTP]&amp#27;[39m &amp#27;[90m{"using":"xpath","value":"//android.widget.Button[@text='Proceed']"}&amp#27;[39m
[debug] &amp#27;[35m[W3C (95647b7f)]&amp#27;[39m Calling AppiumDriver.findElement() with args: ["xpath","//android.widget.Button[@text='Proceed']","95647b7f-d90e-473d-876e-0750aa5cc4a8"]
[debug] &amp#27;[35m[BaseDriver]&amp#27;[39m Valid locator strategies for this request: xpath, id, class name, accessibility id, css selector, -android uiautomator
[debug] &amp#27;[35m[BaseDriver]&amp#27;[39m Waiting up to 20000 ms for condition
[debug] &amp#27;[35m[WD Proxy]&amp#27;[39m Matched '/element' to command name 'findElement'
[debug] &amp#27;[35m[WD Proxy]&amp#27;[39m Proxying [POST /element] to [POST http://127.0.0.1:8201/wd/hub/session/ab6b0081-00c5-477a-ba28-9f4926873580/element] with body: {"strategy":"xpath","selector":"//android.widget.Button[@text='Proceed']","context":"","multiple":false}
[debug] &amp#27;[35m[WD Proxy]&amp#27;[39m Got response with status 200: {"sessionId":"ab6b0081-00c5-477a-ba28-9f4926873580","value":{"ELEMENT":"306f8754-5752-4553-aff2-411266b33aa0","element-6066-11e4-a52e-4f735466cecf":"306f8754-5752-4553-aff2-411266b33aa0"}}
[debug] &amp#27;[35m[W3C (95647b7f)]&amp#27;[39m Responding to client with driver.findElement() result: {"element-6066-11e4-a52e-4f735466cecf":"306f8754-5752-4553-aff2-411266b33aa0","ELEMENT":"306f8754-5752-4553-aff2-411266b33aa0"}
&amp#27;[35m[HTTP]&amp#27;[39m &amp#27;[37m<-- POST /wd/hub/session/95647b7f-d90e-473d-876e-0750aa5cc4a8/element &amp#27;[39m&amp#27;[32m200&amp#27;[39m &amp#27;[90m69 ms - 137&amp#27;[39m
&amp#27;[35m[HTTP]&amp#27;[39m &amp#27;[90m&amp#27;[39m
&amp#27;[35m[HTTP]&amp#27;[39m &amp#27;[37m-->&amp#27;[39m &amp#27;[37mPOST&amp#27;[39m &amp#27;[37m/wd/hub/session/95647b7f-d90e-473d-876e-0750aa5cc4a8/element/306f8754-5752-4553-aff2-411266b33aa0/click&amp#27;[39m
&amp#27;[35m[HTTP]&amp#27;[39m &amp#27;[90m{"id":"306f8754-5752-4553-aff2-411266b33aa0"}&amp#27;[39m
[debug] &amp#27;[35m[W3C (95647b7f)]&amp#27;[39m Calling AppiumDriver.click() with args: ["306f8754-5752-4553-aff2-411266b33aa0","95647b7f-d90e-473d-876e-0750aa5cc4a8"]
[debug] &amp#27;[35m[WD Proxy]&amp#27;[39m Matched '/element/306f8754-5752-4553-aff2-411266b33aa0/click' to command name 'click'
[debug] &amp#27;[35m[WD Proxy]&amp#27;[39m Proxying [POST /element/306f8754-5752-4553-aff2-411266b33aa0/click] to [POST http://127.0.0.1:8201/wd/hub/session/ab6b0081-00c5-477a-ba28-9f4926873580/element/306f8754-5752-4553-aff2-411266b33aa0/click] with body: {"element":"306f8754-5752-4553-aff2-411266b33aa0"}
[debug] &amp#27;[35m[WD Proxy]&amp#27;[39m Got response with status 200: {"sessionId":"ab6b0081-00c5-477a-ba28-9f4926873580","value":null}
[debug] &amp#27;[35m[W3C (95647b7f)]&amp#27;[39m Responding to client with driver.click() result: null
&amp#27;[35m[HTTP]&amp#27;[39m &amp#27;[37m<-- POST /wd/hub/session/95647b7f-d90e-473d-876e-0750aa5cc4a8/element/306f8754-5752-4553-aff2-411266b33aa0/click &amp#27;[39m&amp#27;[32m200&amp#27;[39m &amp#27;[90m103 ms - 14&amp#27;[39m
&amp#27;[35m[HTTP]&amp#27;[39m &amp#27;[90m&amp#27;[39m
&amp#27;[35m[HTTP]&amp#27;[39m &amp#27;[37m-->&amp#27;[39m &amp#27;[37mGET&amp#27;[39m &amp#27;[37m/wd/hub/session/95647b7f-d90e-473d-876e-0750aa5cc4a8/context&amp#27;[39m
&amp#27;[35m[HTTP]&amp#27;[39m &amp#27;[90m{}&amp#27;[39m
[debug] &amp#27;[35m[W3C (95647b7f)]&amp#27;[39m Calling AppiumDriver.getCurrentContext() with args: ["95647b7f-d90e-473d-876e-0750aa5cc4a8"]
[debug] &amp#27;[35m[W3C (95647b7f)]&amp#27;[39m Responding to client with driver.getCurrentContext() result: "NATIVE_APP"
&amp#27;[35m[HTTP]&amp#27;[39m &amp#27;[37m<-- GET /wd/hub/session/95647b7f-d90e-473d-876e-0750aa5cc4a8/context &amp#27;[39m&amp#27;[32m200&amp#27;[39m &amp#27;[90m1 ms - 22&amp#27;[39m
&amp#27;[35m[HTTP]&amp#27;[39m &amp#27;[90m&amp#27;[39m
&amp#27;[35m[HTTP]&amp#27;[39m &amp#27;[37m-->&amp#27;[39m &amp#27;[37mPOST&amp#27;[39m &amp#27;[37m/wd/hub/session/95647b7f-d90e-473d-876e-0750aa5cc4a8/element&amp#27;[39m
&amp#27;[35m[HTTP]&amp#27;[39m &amp#27;[90m{"using":"xpath","value":"//android.widget.EditText[1]"}&amp#27;[39m
[debug] &amp#27;[35m[W3C (95647b7f)]&amp#27;[39m Calling AppiumDriver.findElement() with args: ["xpath","//android.widget.EditText[1]","95647b7f-d90e-473d-876e-0750aa5cc4a8"]
[debug] &amp#27;[35m[BaseDriver]&amp#27;[39m Valid locator strategies for this request: xpath, id, class name, accessibility id, css selector, -android uiautomator
[debug] &amp#27;[35m[BaseDriver]&amp#27;[39m Waiting up to 20000 ms for condition
[debug] &amp#27;[35m[WD Proxy]&amp#27;[39m Matched '/element' to command name 'findElement'
[debug] &amp#27;[35m[WD Proxy]&amp#27;[39m Proxying [POST /element] to [POST http://127.0.0.1:8201/wd/hub/session/ab6b0081-00c5-477a-ba28-9f4926873580/element] with body: {"strategy":"xpath","selector":"//android.widget.EditText[1]","context":"","multiple":false}
[debug] &amp#27;[35m[WD Proxy]&amp#27;[39m Got response with status 200: {"sessionId":"ab6b0081-00c5-477a-ba28-9f4926873580","value":{"ELEMENT":"6bd2c66f-6eeb-44e5-a351-2fa6ca172afa","element-6066-11e4-a52e-4f735466cecf":"6bd2c66f-6eeb-44e5-a351-2fa6ca172afa"}}
[debug] &amp#27;[35m[W3C (95647b7f)]&amp#27;[39m Responding to client with driver.findElement() result: {"element-6066-11e4-a52e-4f735466cecf":"6bd2c66f-6eeb-44e5-a351-2fa6ca172afa","ELEMENT":"6bd2c66f-6eeb-44e5-a351-2fa6ca172afa"}
&amp#27;[35m[HTTP]&amp#27;[39m &amp#27;[37m<-- POST /wd/hub/session/95647b7f-d90e-473d-876e-0750aa5cc4a8/element &amp#27;[39m&amp#27;[32m200&amp#27;[39m &amp#27;[90m103 ms - 137&amp#27;[39m
&amp#27;[35m[HTTP]&amp#27;[39m &amp#27;[90m&amp#27;[39m
&amp#27;[35m[HTTP]&amp#27;[39m &amp#27;[37m-->&amp#27;[39m &amp#27;[37mPOST&amp#27;[39m &amp#27;[37m/wd/hub/session/95647b7f-d90e-473d-876e-0750aa5cc4a8/element/6bd2c66f-6eeb-44e5-a351-2fa6ca172afa/value&amp#27;[39m
&amp#27;[35m[HTTP]&amp#27;[39m &amp#27;[90m{"id":"6bd2c66f-6eeb-44e5-a351-2fa6ca172afa","text":"7760305049","value":["7","7","6","0","3","0","5","0","4","9"]}&amp#27;[39m
[debug] &amp#27;[35m[W3C (95647b7f)]&amp#27;[39m Calling AppiumDriver.setValue() with args: [["7","7","6","0","3","0","5","0","4","9"],"6bd2c66f-6eeb-44e5-a351-2fa6ca172afa","95647b7f-d90e-473d-876e-0750aa5cc4a8"]
[debug] &amp#27;[35m[WD Proxy]&amp#27;[39m Matched '/element/6bd2c66f-6eeb-44e5-a351-2fa6ca172afa/value' to command name 'setValue'
[debug] &amp#27;[35m[Protocol Converter]&amp#27;[39m Added 'value' property ["7","7","6","0","3","0","5","0","4","9"] to 'setValue' request body
[debug] &amp#27;[35m[WD Proxy]&amp#27;[39m Proxying [POST /element/6bd2c66f-6eeb-44e5-a351-2fa6ca172afa/value] to [POST http://127.0.0.1:8201/wd/hub/session/ab6b0081-00c5-477a-ba28-9f4926873580/element/6bd2c66f-6eeb-44e5-a351-2fa6ca172afa/value] with body: {"elementId":"6bd2c66f-6eeb-44e5-a351-2fa6ca172afa","text":"7760305049","replace":false,"value":["7","7","6","0","3","0","5","0","4","9"]}
[debug] &amp#27;[35m[WD Proxy]&amp#27;[39m Got response with status 200: {"sessionId":"ab6b0081-00c5-477a-ba28-9f4926873580","value":null}
[debug] &amp#27;[35m[W3C (95647b7f)]&amp#27;[39m Responding to client with driver.setValue() result: null
&amp#27;[35m[HTTP]&amp#27;[39m &amp#27;[37m<-- POST /wd/hub/session/95647b7f-d90e-473d-876e-0750aa5cc4a8/element/6bd2c66f-6eeb-44e5-a351-2fa6ca172afa/value &amp#27;[39m&amp#27;[32m200&amp#27;[39m &amp#27;[90m32 ms - 14&amp#27;[39m
&amp#27;[35m[HTTP]&amp#27;[39m &amp#27;[90m&amp#27;[39m
&amp#27;[35m[HTTP]&amp#27;[39m &amp#27;[37m-->&amp#27;[39m &amp#27;[37mGET&amp#27;[39m &amp#27;[37m/wd/hub/session/95647b7f-d90e-473d-876e-0750aa5cc4a8/context&amp#27;[39m
&amp#27;[35m[HTTP]&amp#27;[39m &amp#27;[90m{}&amp#27;[39m
[debug] &amp#27;[35m[W3C (95647b7f)]&amp#27;[39m Calling AppiumDriver.getCurrentContext() with args: ["95647b7f-d90e-473d-876e-0750aa5cc4a8"]
[debug] &amp#27;[35m[W3C (95647b7f)]&amp#27;[39m Responding to client with driver.getCurrentContext() result: "NATIVE_APP"
&amp#27;[35m[HTTP]&amp#27;[39m &amp#27;[37m<-- GET /wd/hub/session/95647b7f-d90e-473d-876e-0750aa5cc4a8/context &amp#27;[39m&amp#27;[32m200&amp#27;[39m &amp#27;[90m1 ms - 22&amp#27;[39m
&amp#27;[35m[HTTP]&amp#27;[39m &amp#27;[90m&amp#27;[39m
&amp#27;[35m[HTTP]&amp#27;[39m &amp#27;[37m-->&amp#27;[39m &amp#27;[37mPOST&amp#27;[39m &amp#27;[37m/wd/hub/session/95647b7f-d90e-473d-876e-0750aa5cc4a8/element&amp#27;[39m
&amp#27;[35m[HTTP]&amp#27;[39m &amp#27;[90m{"using":"xpath","value":"(//android.widget.EditText)[2]"}&amp#27;[39m
[debug] &amp#27;[35m[W3C (95647b7f)]&amp#27;[39m Calling AppiumDriver.findElement() with args: ["xpath","(//android.widget.EditText)[2]","95647b7f-d90e-473d-876e-0750aa5cc4a8"]
[debug] &amp#27;[35m[BaseDriver]&amp#27;[39m Valid locator strategies for this request: xpath, id, class name, accessibility id, css selector, -android uiautomator
[debug] &amp#27;[35m[BaseDriver]&amp#27;[39m Waiting up to 20000 ms for condition
[debug] &amp#27;[35m[WD Proxy]&amp#27;[39m Matched '/element' to command name 'findElement'
[debug] &amp#27;[35m[WD Proxy]&amp#27;[39m Proxying [POST /element] to [POST http://127.0.0.1:8201/wd/hub/session/ab6b0081-00c5-477a-ba28-9f4926873580/element] with body: {"strategy":"xpath","selector":"(//android.widget.EditText)[2]","context":"","multiple":false}
[debug] &amp#27;[35m[WD Proxy]&amp#27;[39m Got response with status 200: {"sessionId":"ab6b0081-00c5-477a-ba28-9f4926873580","value":{"ELEMENT":"bb2bd405-a6e0-4603-b28b-7168a47afa03","element-6066-11e4-a52e-4f735466cecf":"bb2bd405-a6e0-4603-b28b-7168a47afa03"}}
[debug] &amp#27;[35m[W3C (95647b7f)]&amp#27;[39m Responding to client with driver.findElement() result: {"element-6066-11e4-a52e-4f735466cecf":"bb2bd405-a6e0-4603-b28b-7168a47afa03","ELEMENT":"bb2bd405-a6e0-4603-b28b-7168a47afa03"}
&amp#27;[35m[HTTP]&amp#27;[39m &amp#27;[37m<-- POST /wd/hub/session/95647b7f-d90e-473d-876e-0750aa5cc4a8/element &amp#27;[39m&amp#27;[32m200&amp#27;[39m &amp#27;[90m531 ms - 137&amp#27;[39m
&amp#27;[35m[HTTP]&amp#27;[39m &amp#27;[90m&amp#27;[39m
&amp#27;[35m[HTTP]&amp#27;[39m &amp#27;[37m-->&amp#27;[39m &amp#27;[37mPOST&amp#27;[39m &amp#27;[37m/wd/hub/session/95647b7f-d90e-473d-876e-0750aa5cc4a8/element/bb2bd405-a6e0-4603-b28b-7168a47afa03/click&amp#27;[39m
&amp#27;[35m[HTTP]&amp#27;[39m &amp#27;[90m{"id":"bb2bd405-a6e0-4603-b28b-7168a47afa03"}&amp#27;[39m
[debug] &amp#27;[35m[W3C (95647b7f)]&amp#27;[39m Calling AppiumDriver.click() with args: ["bb2bd405-a6e0-4603-b28b-7168a47afa03","95647b7f-d90e-473d-876e-0750aa5cc4a8"]
[debug] &amp#27;[35m[WD Proxy]&amp#27;[39m Matched '/element/bb2bd405-a6e0-4603-b28b-7168a47afa03/click' to command name 'click'
[debug] &amp#27;[35m[WD Proxy]&amp#27;[39m Proxying [POST /element/bb2bd405-a6e0-4603-b28b-7168a47afa03/click] to [POST http://127.0.0.1:8201/wd/hub/session/ab6b0081-00c5-477a-ba28-9f4926873580/element/bb2bd405-a6e0-4603-b28b-7168a47afa03/click] with body: {"element":"bb2bd405-a6e0-4603-b28b-7168a47afa03"}
[debug] &amp#27;[35m[WD Proxy]&amp#27;[39m Got response with status 200: {"sessionId":"ab6b0081-00c5-477a-ba28-9f4926873580","value":null}
[debug] &amp#27;[35m[W3C (95647b7f)]&amp#27;[39m Responding to client with driver.click() result: null
&amp#27;[35m[HTTP]&amp#27;[39m &amp#27;[37m<-- POST /wd/hub/session/95647b7f-d90e-473d-876e-0750aa5cc4a8/element/bb2bd405-a6e0-4603-b28b-7168a47afa03/click &amp#27;[39m&amp#27;[32m200&amp#27;[39m &amp#27;[90m89 ms - 14&amp#27;[39m
&amp#27;[35m[HTTP]&amp#27;[39m &amp#27;[90m&amp#27;[39m
&amp#27;[35m[HTTP]&amp#27;[39m &amp#27;[37m-->&amp#27;[39m &amp#27;[37mGET&amp#27;[39m &amp#27;[37m/wd/hub/session/95647b7f-d90e-473d-876e-0750aa5cc4a8/context&amp#27;[39m
&amp#27;[35m[HTTP]&amp#27;[39m &amp#27;[90m{}&amp#27;[39m
[debug] &amp#27;[35m[W3C (95647b7f)]&amp#27;[39m Calling AppiumDriver.getCurrentContext() with args: ["95647b7f-d90e-473d-876e-0750aa5cc4a8"]
[debug] &amp#27;[35m[W3C (95647b7f)]&amp#27;[39m Responding to client with driver.getCurrentContext() result: "NATIVE_APP"
&amp#27;[35m[HTTP]&amp#27;[39m &amp#27;[37m<-- GET /wd/hub/session/95647b7f-d90e-473d-876e-0750aa5cc4a8/context &amp#27;[39m&amp#27;[32m200&amp#27;[39m &amp#27;[90m1 ms - 22&amp#27;[39m
&amp#27;[35m[HTTP]&amp#27;[39m &amp#27;[90m&amp#27;[39m
&amp#27;[35m[HTTP]&amp#27;[39m &amp#27;[37m-->&amp#27;[39m &amp#27;[37mPOST&amp#27;[39m &amp#27;[37m/wd/hub/session/95647b7f-d90e-473d-876e-0750aa5cc4a8/element&amp#27;[39m
&amp#27;[35m[HTTP]&amp#27;[39m &amp#27;[90m{"using":"xpath","value":"(//android.widget.EditText)[2]"}&amp#27;[39m
[debug] &amp#27;[35m[W3C (95647b7f)]&amp#27;[39m Calling AppiumDriver.findElement() with args: ["xpath","(//android.widget.EditText)[2]","95647b7f-d90e-473d-876e-0750aa5cc4a8"]
[debug] &amp#27;[35m[BaseDriver]&amp#27;[39m Valid locator strategies for this request: xpath, id, class name, accessibility id, css selector, -android uiautomator
[debug] &amp#27;[35m[BaseDriver]&amp#27;[39m Waiting up to 20000 ms for condition
[debug] &amp#27;[35m[WD Proxy]&amp#27;[39m Matched '/element' to command name 'findElement'
[debug] &amp#27;[35m[WD Proxy]&amp#27;[39m Proxying [POST /element] to [POST http://127.0.0.1:8201/wd/hub/session/ab6b0081-00c5-477a-ba28-9f4926873580/element] with body: {"strategy":"xpath","selector":"(//android.widget.EditText)[2]","context":"","multiple":false}
[debug] &amp#27;[35m[WD Proxy]&amp#27;[39m Got response with status 200: {"sessionId":"ab6b0081-00c5-477a-ba28-9f4926873580","value":{"ELEMENT":"9b434fe9-4823-4dd0-9348-15a56530d27a","element-6066-11e4-a52e-4f735466cecf":"9b434fe9-4823-4dd0-9348-15a56530d27a"}}
[debug] &amp#27;[35m[W3C (95647b7f)]&amp#27;[39m Responding to client with driver.findElement() result: {"element-6066-11e4-a52e-4f735466cecf":"9b434fe9-4823-4dd0-9348-15a56530d27a","ELEMENT":"9b434fe9-4823-4dd0-9348-15a56530d27a"}
&amp#27;[35m[HTTP]&amp#27;[39m &amp#27;[37m<-- POST /wd/hub/session/95647b7f-d90e-473d-876e-0750aa5cc4a8/element &amp#27;[39m&amp#27;[32m200&amp#27;[39m &amp#27;[90m191 ms - 137&amp#27;[39m
&amp#27;[35m[HTTP]&amp#27;[39m &amp#27;[90m&amp#27;[39m
&amp#27;[35m[HTTP]&amp#27;[39m &amp#27;[37m-->&amp#27;[39m &amp#27;[37mPOST&amp#27;[39m &amp#27;[37m/wd/hub/session/95647b7f-d90e-473d-876e-0750aa5cc4a8/element/9b434fe9-4823-4dd0-9348-15a56530d27a/value&amp#27;[39m
&amp#27;[35m[HTTP]&amp#27;[39m &amp#27;[90m{"id":"9b434fe9-4823-4dd0-9348-15a56530d27a","text":"0082","value":["0","0","8","2"]}&amp#27;[39m
[debug] &amp#27;[35m[W3C (95647b7f)]&amp#27;[39m Calling AppiumDriver.setValue() with args: [["0","0","8","2"],"9b434fe9-4823-4dd0-9348-15a56530d27a","95647b7f-d90e-473d-876e-0750aa5cc4a8"]
[debug] &amp#27;[35m[WD Proxy]&amp#27;[39m Matched '/element/9b434fe9-4823-4dd0-9348-15a56530d27a/value' to command name 'setValue'
[debug] &amp#27;[35m[Protocol Converter]&amp#27;[39m Added 'value' property ["0","0","8","2"] to 'setValue' request body
[debug] &amp#27;[35m[WD Proxy]&amp#27;[39m Proxying [POST /element/9b434fe9-4823-4dd0-9348-15a56530d27a/value] to [POST http://127.0.0.1:8201/wd/hub/session/ab6b0081-00c5-477a-ba28-9f4926873580/element/9b434fe9-4823-4dd0-9348-15a56530d27a/value] with body: {"elementId":"9b434fe9-4823-4dd0-9348-15a56530d27a","text":"0082","replace":false,"value":["0","0","8","2"]}
[debug] &amp#27;[35m[WD Proxy]&amp#27;[39m Got response with status 200: {"sessionId":"ab6b0081-00c5-477a-ba28-9f4926873580","value":null}
[debug] &amp#27;[35m[W3C (95647b7f)]&amp#27;[39m Responding to client with driver.setValue() result: null
&amp#27;[35m[HTTP]&amp#27;[39m &amp#27;[37m<-- POST /wd/hub/session/95647b7f-d90e-473d-876e-0750aa5cc4a8/element/9b434fe9-4823-4dd0-9348-15a56530d27a/value &amp#27;[39m&amp#27;[32m200&amp#27;[39m &amp#27;[90m1369 ms - 14&amp#27;[39m
&amp#27;[35m[HTTP]&amp#27;[39m &amp#27;[90m&amp#27;[39m
&amp#27;[35m[HTTP]&amp#27;[39m &amp#27;[37m-->&amp#27;[39m &amp#27;[37mGET&amp#27;[39m &amp#27;[37m/wd/hub/session/95647b7f-d90e-473d-876e-0750aa5cc4a8/context&amp#27;[39m
&amp#27;[35m[HTTP]&amp#27;[39m &amp#27;[90m{}&amp#27;[39m
[debug] &amp#27;[35m[W3C (95647b7f)]&amp#27;[39m Calling AppiumDriver.getCurrentContext() with args: ["95647b7f-d90e-473d-876e-0750aa5cc4a8"]
[debug] &amp#27;[35m[W3C (95647b7f)]&amp#27;[39m Responding to client with driver.getCurrentContext() result: "NATIVE_APP"
&amp#27;[35m[HTTP]&amp#27;[39m &amp#27;[37m<-- GET /wd/hub/session/95647b7f-d90e-473d-876e-0750aa5cc4a8/context &amp#27;[39m&amp#27;[32m200&amp#27;[39m &amp#27;[90m1 ms - 22&amp#27;[39m
&amp#27;[35m[HTTP]&amp#27;[39m &amp#27;[90m&amp#27;[39m
&amp#27;[35m[HTTP]&amp#27;[39m &amp#27;[37m-->&amp#27;[39m &amp#27;[37mPOST&amp#27;[39m &amp#27;[37m/wd/hub/session/95647b7f-d90e-473d-876e-0750aa5cc4a8/element&amp#27;[39m
&amp#27;[35m[HTTP]&amp#27;[39m &amp#27;[90m{"using":"xpath","value":"//android.widget.Button[@text='Sign In']"}&amp#27;[39m
[debug] &amp#27;[35m[W3C (95647b7f)]&amp#27;[39m Calling AppiumDriver.findElement() with args: ["xpath","//android.widget.Button[@text='Sign In']","95647b7f-d90e-473d-876e-0750aa5cc4a8"]
[debug] &amp#27;[35m[BaseDriver]&amp#27;[39m Valid locator strategies for this request: xpath, id, class name, accessibility id, css selector, -android uiautomator
[debug] &amp#27;[35m[BaseDriver]&amp#27;[39m Waiting up to 20000 ms for condition
[debug] &amp#27;[35m[WD Proxy]&amp#27;[39m Matched '/element' to command name 'findElement'
[debug] &amp#27;[35m[WD Proxy]&amp#27;[39m Proxying [POST /element] to [POST http://127.0.0.1:8201/wd/hub/session/ab6b0081-00c5-477a-ba28-9f4926873580/element] with body: {"strategy":"xpath","selector":"//android.widget.Button[@text='Sign In']","context":"","multiple":false}
[debug] &amp#27;[35m[WD Proxy]&amp#27;[39m Got response with status 200: {"sessionId":"ab6b0081-00c5-477a-ba28-9f4926873580","value":{"ELEMENT":"5aa87aa9-609f-4816-a58f-b810d2b53a3f","element-6066-11e4-a52e-4f735466cecf":"5aa87aa9-609f-4816-a58f-b810d2b53a3f"}}
[debug] &amp#27;[35m[W3C (95647b7f)]&amp#27;[39m Responding to client with driver.findElement() result: {"element-6066-11e4-a52e-4f735466cecf":"5aa87aa9-609f-4816-a58f-b810d2b53a3f","ELEMENT":"5aa87aa9-609f-4816-a58f-b810d2b53a3f"}
&amp#27;[35m[HTTP]&amp#27;[39m &amp#27;[37m<-- POST /wd/hub/session/95647b7f-d90e-473d-876e-0750aa5cc4a8/element &amp#27;[39m&amp#27;[32m200&amp#27;[39m &amp#27;[90m820 ms - 137&amp#27;[39m
&amp#27;[35m[HTTP]&amp#27;[39m &amp#27;[90m&amp#27;[39m
&amp#27;[35m[HTTP]&amp#27;[39m &amp#27;[37m-->&amp#27;[39m &amp#27;[37mPOST&amp#27;[39m &amp#27;[37m/wd/hub/session/95647b7f-d90e-473d-876e-0750aa5cc4a8/element/5aa87aa9-609f-4816-a58f-b810d2b53a3f/click&amp#27;[39m
&amp#27;[35m[HTTP]&amp#27;[39m &amp#27;[90m{"id":"5aa87aa9-609f-4816-a58f-b810d2b53a3f"}&amp#27;[39m
[debug] &amp#27;[35m[W3C (95647b7f)]&amp#27;[39m Calling AppiumDriver.click() with args: ["5aa87aa9-609f-4816-a58f-b810d2b53a3f","95647b7f-d90e-473d-876e-0750aa5cc4a8"]
[debug] &amp#27;[35m[WD Proxy]&amp#27;[39m Matched '/element/5aa87aa9-609f-4816-a58f-b810d2b53a3f/click' to command name 'click'
[debug] &amp#27;[35m[WD Proxy]&amp#27;[39m Proxying [POST /element/5aa87aa9-609f-4816-a58f-b810d2b53a3f/click] to [POST http://127.0.0.1:8201/wd/hub/session/ab6b0081-00c5-477a-ba28-9f4926873580/element/5aa87aa9-609f-4816-a58f-b810d2b53a3f/click] with body: {"element":"5aa87aa9-609f-4816-a58f-b810d2b53a3f"}
[debug] &amp#27;[35m[WD Proxy]&amp#27;[39m Got response with status 200: {"sessionId":"ab6b0081-00c5-477a-ba28-9f4926873580","value":null}
[debug] &amp#27;[35m[W3C (95647b7f)]&amp#27;[39m Responding to client with driver.click() result: null
&amp#27;[35m[HTTP]&amp#27;[39m &amp#27;[37m<-- POST /wd/hub/session/95647b7f-d90e-473d-876e-0750aa5cc4a8/element/5aa87aa9-609f-4816-a58f-b810d2b53a3f/click &amp#27;[39m&amp#27;[32m200&amp#27;[39m &amp#27;[90m262 ms - 14&amp#27;[39m
&amp#27;[35m[HTTP]&amp#27;[39m &amp#27;[90m&amp#27;[39m
&amp#27;[35m[HTTP]&amp#27;[39m &amp#27;[37m-->&amp#27;[39m &amp#27;[37mGET&amp#27;[39m &amp#27;[37m/wd/hub/session/95647b7f-d90e-473d-876e-0750aa5cc4a8/context&amp#27;[39m
&amp#27;[35m[HTTP]&amp#27;[39m &amp#27;[90m{}&amp#27;[39m
[debug] &amp#27;[35m[W3C (95647b7f)]&amp#27;[39m Calling AppiumDriver.getCurrentContext() with args: ["95647b7f-d90e-473d-876e-0750aa5cc4a8"]
[debug] &amp#27;[35m[W3C (95647b7f)]&amp#27;[39m Responding to client with driver.getCurrentContext() result: "NATIVE_APP"
&amp#27;[35m[HTTP]&amp#27;[39m &amp#27;[37m<-- GET /wd/hub/session/95647b7f-d90e-473d-876e-0750aa5cc4a8/context &amp#27;[39m&amp#27;[32m200&amp#27;[39m &amp#27;[90m5 ms - 22&amp#27;[39m
&amp#27;[35m[HTTP]&amp#27;[39m &amp#27;[90m&amp#27;[39m
&amp#27;[35m[HTTP]&amp#27;[39m &amp#27;[37m-->&amp#27;[39m &amp#27;[37mPOST&amp#27;[39m &amp#27;[37m/wd/hub/session/95647b7f-d90e-473d-876e-0750aa5cc4a8/element&amp#27;[39m
&amp#27;[35m[HTTP]&amp#27;[39m &amp#27;[90m{"using":"xpath","value":"//android.view.View[1]/android.view.View[3]/android.view.View[1]/android.view.View[1]"}&amp#27;[39m
[debug] &amp#27;[35m[W3C (95647b7f)]&amp#27;[39m Calling AppiumDriver.findElement() with args: ["xpath","//android.view.View[1]/android.view.View[3]/android.view.View[1]/android.view.View[1]","95647b7f-d90e-473d-876e-0750aa5cc4a8"]
[debug] &amp#27;[35m[BaseDriver]&amp#27;[39m Valid locator strategies for this request: xpath, id, class name, accessibility id, css selector, -android uiautomator
[debug] &amp#27;[35m[BaseDriver]&amp#27;[39m Waiting up to 20000 ms for condition
[debug] &amp#27;[35m[WD Proxy]&amp#27;[39m Matched '/element' to command name 'findElement'
[debug] &amp#27;[35m[WD Proxy]&amp#27;[39m Proxying [POST /element] to [POST http://127.0.0.1:8201/wd/hub/session/ab6b0081-00c5-477a-ba28-9f4926873580/element] with body: {"strategy":"xpath","selector":"//android.view.View[1]/android.view.View[3]/android.view.View[1]/android.view.View[1]","context":"","multiple":false}
[debug] &amp#27;[35m[WD Proxy]&amp#27;[39m Got response with status 200: {"sessionId":"ab6b0081-00c5-477a-ba28-9f4926873580","value":{"ELEMENT":"03578ea9-a392-4b4e-9a12-6b7743469166","element-6066-11e4-a52e-4f735466cecf":"03578ea9-a392-4b4e-9a12-6b7743469166"}}
[debug] &amp#27;[35m[W3C (95647b7f)]&amp#27;[39m Responding to client with driver.findElement() result: {"element-6066-11e4-a52e-4f735466cecf":"03578ea9-a392-4b4e-9a12-6b7743469166","ELEMENT":"03578ea9-a392-4b4e-9a12-6b7743469166"}
&amp#27;[35m[HTTP]&amp#27;[39m &amp#27;[37m<-- POST /wd/hub/session/95647b7f-d90e-473d-876e-0750aa5cc4a8/element &amp#27;[39m&amp#27;[32m200&amp#27;[39m &amp#27;[90m133 ms - 137&amp#27;[39m
&amp#27;[35m[HTTP]&amp#27;[39m &amp#27;[90m&amp#27;[39m
&amp#27;[35m[HTTP]&amp#27;[39m &amp#27;[37m-->&amp#27;[39m &amp#27;[37mPOST&amp#27;[39m &amp#27;[37m/wd/hub/session/95647b7f-d90e-473d-876e-0750aa5cc4a8/element/03578ea9-a392-4b4e-9a12-6b7743469166/click&amp#27;[39m
&amp#27;[35m[HTTP]&amp#27;[39m &amp#27;[90m{"id":"03578ea9-a392-4b4e-9a12-6b7743469166"}&amp#27;[39m
[debug] &amp#27;[35m[W3C (95647b7f)]&amp#27;[39m Calling AppiumDriver.click() with args: ["03578ea9-a392-4b4e-9a12-6b7743469166","95647b7f-d90e-473d-876e-0750aa5cc4a8"]
[debug] &amp#27;[35m[WD Proxy]&amp#27;[39m Matched '/element/03578ea9-a392-4b4e-9a12-6b7743469166/click' to command name 'click'
[debug] &amp#27;[35m[WD Proxy]&amp#27;[39m Proxying [POST /element/03578ea9-a392-4b4e-9a12-6b7743469166/click] to [POST http://127.0.0.1:8201/wd/hub/session/ab6b0081-00c5-477a-ba28-9f4926873580/element/03578ea9-a392-4b4e-9a12-6b7743469166/click] with body: {"element":"03578ea9-a392-4b4e-9a12-6b7743469166"}
[debug] &amp#27;[35m[WD Proxy]&amp#27;[39m Got response with status 200: {"sessionId":"ab6b0081-00c5-477a-ba28-9f4926873580","value":null}
[debug] &amp#27;[35m[W3C (95647b7f)]&amp#27;[39m Responding to client with driver.click() result: null
&amp#27;[35m[HTTP]&amp#27;[39m &amp#27;[37m<-- POST /wd/hub/session/95647b7f-d90e-473d-876e-0750aa5cc4a8/element/03578ea9-a392-4b4e-9a12-6b7743469166/click &amp#27;[39m&amp#27;[32m200&amp#27;[39m &amp#27;[90m99 ms - 14&amp#27;[39m
&amp#27;[35m[HTTP]&amp#27;[39m &amp#27;[90m&amp#27;[39m
&amp#27;[35m[HTTP]&amp#27;[39m &amp#27;[37m-->&amp#27;[39m &amp#27;[37mGET&amp#27;[39m &amp#27;[37m/wd/hub/session/95647b7f-d90e-473d-876e-0750aa5cc4a8/context&amp#27;[39m
&amp#27;[35m[HTTP]&amp#27;[39m &amp#27;[90m{}&amp#27;[39m
[debug] &amp#27;[35m[W3C (95647b7f)]&amp#27;[39m Calling AppiumDriver.getCurrentContext() with args: ["95647b7f-d90e-473d-876e-0750aa5cc4a8"]
[debug] &amp#27;[35m[W3C (95647b7f)]&amp#27;[39m Responding to client with driver.getCurrentContext() result: "NATIVE_APP"
&amp#27;[35m[HTTP]&amp#27;[39m &amp#27;[37m<-- GET /wd/hub/session/95647b7f-d90e-473d-876e-0750aa5cc4a8/context &amp#27;[39m&amp#27;[32m200&amp#27;[39m &amp#27;[90m1 ms - 22&amp#27;[39m
&amp#27;[35m[HTTP]&amp#27;[39m &amp#27;[90m&amp#27;[39m
&amp#27;[35m[HTTP]&amp#27;[39m &amp#27;[37m-->&amp#27;[39m &amp#27;[37mPOST&amp#27;[39m &amp#27;[37m/wd/hub/session/95647b7f-d90e-473d-876e-0750aa5cc4a8/element&amp#27;[39m
&amp#27;[35m[HTTP]&amp#27;[39m &amp#27;[90m{"using":"xpath","value":"//android.widget.TextView[@text='Change PIN']"}&amp#27;[39m
[debug] &amp#27;[35m[W3C (95647b7f)]&amp#27;[39m Calling AppiumDriver.findElement() with args: ["xpath","//android.widget.TextView[@text='Change PIN']","95647b7f-d90e-473d-876e-0750aa5cc4a8"]
[debug] &amp#27;[35m[BaseDriver]&amp#27;[39m Valid locator strategies for this request: xpath, id, class name, accessibility id, css selector, -android uiautomator
[debug] &amp#27;[35m[BaseDriver]&amp#27;[39m Waiting up to 20000 ms for condition
[debug] &amp#27;[35m[WD Proxy]&amp#27;[39m Matched '/element' to command name 'findElement'
[debug] &amp#27;[35m[WD Proxy]&amp#27;[39m Proxying [POST /element] to [POST http://127.0.0.1:8201/wd/hub/session/ab6b0081-00c5-477a-ba28-9f4926873580/element] with body: {"strategy":"xpath","selector":"//android.widget.TextView[@text='Change PIN']","context":"","multiple":false}
&amp#27;[35m[WD Proxy]&amp#27;[39m Got response with status 404: {"sessionId":"ab6b0081-00c5-477a-ba28-9f4926873580","value":{"error":"no such element","message":"An element could not be located on the page using the given search parameters","stacktrace":"io.appium.uiautomator2.common.exceptions.ElementNotFoundException: An element could not be located on the page using the given search parameters\n\tat io.appium.uiautomator2.handler.FindElement.findElement(FindElement.java:89)\n\tat io.appium.uiautomator2.handler.FindElement.safeHandle(FindElement.java:66)\n\tat io.appium.uiautomator2.handler.request.SafeRequestHandler.handle(SafeRequestHandler.java:41)\n\tat io.appium.uiautomator2.server.AppiumServlet.handleRequest(AppiumServlet.java:262)\n\tat io.appium.uiautomator2.server.AppiumServlet.handleHttpRequest(AppiumServlet.java:256)\n\tat io.appium.uiautomator2.http.ServerHandler.channelRead(ServerHandler.java:68)\n\tat io.netty.channel.AbstractChannelHandlerContext.invokeChannelRead(AbstractChannelHandlerContext.java:366)\n\tat io.netty.channel.AbstractChannelHandlerCont...
[debug] &amp#27;[35m[W3C]&amp#27;[39m Matched W3C error code 'no such element' to NoSuchElementError
[debug] &amp#27;[35m[BaseDriver]&amp#27;[39m Waited for 742 ms so far
[debug] &amp#27;[35m[WD Proxy]&amp#27;[39m Matched '/element' to command name 'findElement'
[debug] &amp#27;[35m[WD Proxy]&amp#27;[39m Proxying [POST /element] to [POST http://127.0.0.1:8201/wd/hub/session/ab6b0081-00c5-477a-ba28-9f4926873580/element] with body: {"strategy":"xpath","selector":"//android.widget.TextView[@text='Change PIN']","context":"","multiple":false}
[debug] &amp#27;[35m[WD Proxy]&amp#27;[39m Got response with status 200: {"sessionId":"ab6b0081-00c5-477a-ba28-9f4926873580","value":{"ELEMENT":"bab89250-d8e1-48b0-9c09-f3c62066b905","element-6066-11e4-a52e-4f735466cecf":"bab89250-d8e1-48b0-9c09-f3c62066b905"}}
[debug] &amp#27;[35m[W3C (95647b7f)]&amp#27;[39m Responding to client with driver.findElement() result: {"element-6066-11e4-a52e-4f735466cecf":"bab89250-d8e1-48b0-9c09-f3c62066b905","ELEMENT":"bab89250-d8e1-48b0-9c09-f3c62066b905"}
&amp#27;[35m[HTTP]&amp#27;[39m &amp#27;[37m<-- POST /wd/hub/session/95647b7f-d90e-473d-876e-0750aa5cc4a8/element &amp#27;[39m&amp#27;[32m200&amp#27;[39m &amp#27;[90m1360 ms - 137&amp#27;[39m
&amp#27;[35m[HTTP]&amp#27;[39m &amp#27;[90m&amp#27;[39m
&amp#27;[35m[HTTP]&amp#27;[39m &amp#27;[37m-->&amp#27;[39m &amp#27;[37mPOST&amp#27;[39m &amp#27;[37m/wd/hub/session/95647b7f-d90e-473d-876e-0750aa5cc4a8/element/bab89250-d8e1-48b0-9c09-f3c62066b905/click&amp#27;[39m
&amp#27;[35m[HTTP]&amp#27;[39m &amp#27;[90m{"id":"bab89250-d8e1-48b0-9c09-f3c62066b905"}&amp#27;[39m
[debug] &amp#27;[35m[W3C (95647b7f)]&amp#27;[39m Calling AppiumDriver.click() with args: ["bab89250-d8e1-48b0-9c09-f3c62066b905","95647b7f-d90e-473d-876e-0750aa5cc4a8"]
[debug] &amp#27;[35m[WD Proxy]&amp#27;[39m Matched '/element/bab89250-d8e1-48b0-9c09-f3c62066b905/click' to command name 'click'
[debug] &amp#27;[35m[WD Proxy]&amp#27;[39m Proxying [POST /element/bab89250-d8e1-48b0-9c09-f3c62066b905/click] to [POST http://127.0.0.1:8201/wd/hub/session/ab6b0081-00c5-477a-ba28-9f4926873580/element/bab89250-d8e1-48b0-9c09-f3c62066b905/click] with body: {"element":"bab89250-d8e1-48b0-9c09-f3c62066b905"}
[debug] &amp#27;[35m[WD Proxy]&amp#27;[39m Got response with status 200: {"sessionId":"ab6b0081-00c5-477a-ba28-9f4926873580","value":null}
[debug] &amp#27;[35m[W3C (95647b7f)]&amp#27;[39m Responding to client with driver.click() result: null
&amp#27;[35m[HTTP]&amp#27;[39m &amp#27;[37m<-- POST /wd/hub/session/95647b7f-d90e-473d-876e-0750aa5cc4a8/element/bab89250-d8e1-48b0-9c09-f3c62066b905/click &amp#27;[39m&amp#27;[32m200&amp#27;[39m &amp#27;[90m81 ms - 14&amp#27;[39m
&amp#27;[35m[HTTP]&amp#27;[39m &amp#27;[90m&amp#27;[39m
&amp#27;[35m[HTTP]&amp#27;[39m &amp#27;[37m-->&amp#27;[39m &amp#27;[37mPOST&amp#27;[39m &amp#27;[37m/wd/hub/session/95647b7f-d90e-473d-876e-0750aa5cc4a8/appium/device/hide_keyboard&amp#27;[39m
&amp#27;[35m[HTTP]&amp#27;[39m &amp#27;[90m{}&amp#27;[39m
[debug] &amp#27;[35m[W3C (95647b7f)]&amp#27;[39m Calling AppiumDriver.hideKeyboard() with args: [null,null,null,null,"95647b7f-d90e-473d-876e-0750aa5cc4a8"]
[debug] &amp#27;[35m[ADB]&amp#27;[39m Running 'C:\Users\Fayaz\AppData\Local\Android\Sdk\platform-tools\adb.exe -P 5037 -s emulator-5554 shell dumpsys input_method'
[debug] &amp#27;[35m[ADB]&amp#27;[39m Running 'C:\Users\Fayaz\AppData\Local\Android\Sdk\platform-tools\adb.exe -P 5037 -s emulator-5554 shell input keyevent 111'
[debug] &amp#27;[35m[ADB]&amp#27;[39m Running 'C:\Users\Fayaz\AppData\Local\Android\Sdk\platform-tools\adb.exe -P 5037 -s emulator-5554 shell dumpsys input_method'
[debug] &amp#27;[35m[ADB]&amp#27;[39m Running 'C:\Users\Fayaz\AppData\Local\Android\Sdk\platform-tools\adb.exe -P 5037 -s emulator-5554 shell dumpsys input_method'
[debug] &amp#27;[35m[ADB]&amp#27;[39m Running 'C:\Users\Fayaz\AppData\Local\Android\Sdk\platform-tools\adb.exe -P 5037 -s emulator-5554 shell input keyevent 4'
[debug] &amp#27;[35m[ADB]&amp#27;[39m Running 'C:\Users\Fayaz\AppData\Local\Android\Sdk\platform-tools\adb.exe -P 5037 -s emulator-5554 shell dumpsys input_method'
[debug] &amp#27;[35m[W3C (95647b7f)]&amp#27;[39m Responding to client with driver.hideKeyboard() result: true
&amp#27;[35m[HTTP]&amp#27;[39m &amp#27;[37m<-- POST /wd/hub/session/95647b7f-d90e-473d-876e-0750aa5cc4a8/appium/device/hide_keyboard &amp#27;[39m&amp#27;[32m200&amp#27;[39m &amp#27;[90m4397 ms - 14&amp#27;[39m
&amp#27;[35m[HTTP]&amp#27;[39m &amp#27;[90m&amp#27;[39m
&amp#27;[35m[HTTP]&amp#27;[39m &amp#27;[37m-->&amp#27;[39m &amp#27;[37mPOST&amp#27;[39m &amp#27;[37m/wd/hub/session/95647b7f-d90e-473d-876e-0750aa5cc4a8/actions&amp#27;[39m
&amp#27;[35m[HTTP]&amp#27;[39m &amp#27;[90m{"actions":[{"type":"key","actions":[{"type":"keyDown","value":"0"},{"type":"keyUp","value":"0"},{"type":"keyDown","value":"0"},{"type":"keyUp","value":"0"},{"type":"keyDown","value":"8"},{"type":"keyUp","value":"8"},{"type":"keyDown","value":"2"},{"type":"keyUp","value":"2"}],"id":"keyboard"}]}&amp#27;[39m
[debug] &amp#27;[35m[W3C (95647b7f)]&amp#27;[39m Calling AppiumDriver.performActions() with args: [[{"type":"key","actions":[{"type":"keyDown","value":"0"},{"type":"keyUp","value":"0"},{"type":"keyDown","value":"0"},{"type":"keyUp","value":"0"},{"type":"keyDown","value":"8"},{"type":"keyUp","value":"8"},{"type":"keyDown","value":"2"},{"type":"keyUp","value":"2"}],"id":"keyboard"}],"95647b7f-d90e-473d-876e-0750aa5cc4a8"]
[debug] &amp#27;[35m[UiAutomator2]&amp#27;[39m Received the following W3C actions: [
[debug] &amp#27;[35m[UiAutomator2]&amp#27;[39m   {
[debug] &amp#27;[35m[UiAutomator2]&amp#27;[39m     "type": "key",
[debug] &amp#27;[35m[UiAutomator2]&amp#27;[39m     "actions": [
[debug] &amp#27;[35m[UiAutomator2]&amp#27;[39m       {
[debug] &amp#27;[35m[UiAutomator2]&amp#27;[39m         "type": "keyDown",
[debug] &amp#27;[35m[UiAutomator2]&amp#27;[39m         "value": "0"
[debug] &amp#27;[35m[UiAutomator2]&amp#27;[39m       },
[debug] &amp#27;[35m[UiAutomator2]&amp#27;[39m       {
[debug] &amp#27;[35m[UiAutomator2]&amp#27;[39m         "type": "keyUp",
[debug] &amp#27;[35m[UiAutomator2]&amp#27;[39m         "value": "0"
[debug] &amp#27;[35m[UiAutomator2]&amp#27;[39m       },
[debug] &amp#27;[35m[UiAutomator2]&amp#27;[39m       {
[debug] &amp#27;[35m[UiAutomator2]&amp#27;[39m         "type": "keyDown",
[debug] &amp#27;[35m[UiAutomator2]&amp#27;[39m         "value": "0"
[debug] &amp#27;[35m[UiAutomator2]&amp#27;[39m       },
[debug] &amp#27;[35m[UiAutomator2]&amp#27;[39m       {
[debug] &amp#27;[35m[UiAutomator2]&amp#27;[39m         "type": "keyUp",
[debug] &amp#27;[35m[UiAutomator2]&amp#27;[39m         "value": "0"
[debug] &amp#27;[35m[UiAutomator2]&amp#27;[39m       },
[debug] &amp#27;[35m[UiAutomator2]&amp#27;[39m       {
[debug] &amp#27;[35m[UiAutomator2]&amp#27;[39m         "type": "keyDown",
[debug] &amp#27;[35m[UiAutomator2]&amp#27;[39m         "value": "8"
[debug] &amp#27;[35m[UiAutomator2]&amp#27;[39m       },
[debug] &amp#27;[35m[UiAutomator2]&amp#27;[39m       {
[debug] &amp#27;[35m[UiAutomator2]&amp#27;[39m         "type": "keyUp",
[debug] &amp#27;[35m[UiAutomator2]&amp#27;[39m         "value": "8"
[debug] &amp#27;[35m[UiAutomator2]&amp#27;[39m       },
[debug] &amp#27;[35m[UiAutomator2]&amp#27;[39m       {
[debug] &amp#27;[35m[UiAutomator2]&amp#27;[39m         "type": "keyDown",
[debug] &amp#27;[35m[UiAutomator2]&amp#27;[39m         "value": "2"
[debug] &amp#27;[35m[UiAutomator2]&amp#27;[39m       },
[debug] &amp#27;[35m[UiAutomator2]&amp#27;[39m       {
[debug] &amp#27;[35m[UiAutomator2]&amp#27;[39m         "type": "keyUp",
[debug] &amp#27;[35m[UiAutomator2]&amp#27;[39m         "value": "2"
[debug] &amp#27;[35m[UiAutomator2]&amp#27;[39m       }
[debug] &amp#27;[35m[UiAutomator2]&amp#27;[39m     ],
[debug] &amp#27;[35m[UiAutomator2]&amp#27;[39m     "id": "keyboard"
[debug] &amp#27;[35m[UiAutomator2]&amp#27;[39m   }
[debug] &amp#27;[35m[UiAutomator2]&amp#27;[39m ]
[debug] &amp#27;[35m[UiAutomator2]&amp#27;[39m Preprocessed actions: [
[debug] &amp#27;[35m[UiAutomator2]&amp#27;[39m   {
[debug] &amp#27;[35m[UiAutomator2]&amp#27;[39m     "type": "key",
[debug] &amp#27;[35m[UiAutomator2]&amp#27;[39m     "actions": [
[debug] &amp#27;[35m[UiAutomator2]&amp#27;[39m       {
[debug] &amp#27;[35m[UiAutomator2]&amp#27;[39m         "type": "keyDown",
[debug] &amp#27;[35m[UiAutomator2]&amp#27;[39m         "value": "0"
[debug] &amp#27;[35m[UiAutomator2]&amp#27;[39m       },
[debug] &amp#27;[35m[UiAutomator2]&amp#27;[39m       {
[debug] &amp#27;[35m[UiAutomator2]&amp#27;[39m         "type": "keyUp",
[debug] &amp#27;[35m[UiAutomator2]&amp#27;[39m         "value": "0"
[debug] &amp#27;[35m[UiAutomator2]&amp#27;[39m       },
[debug] &amp#27;[35m[UiAutomator2]&amp#27;[39m       {
[debug] &amp#27;[35m[UiAutomator2]&amp#27;[39m         "type": "keyDown",
[debug] &amp#27;[35m[UiAutomator2]&amp#27;[39m         "value": "0"
[debug] &amp#27;[35m[UiAutomator2]&amp#27;[39m       },
[debug] &amp#27;[35m[UiAutomator2]&amp#27;[39m       {
[debug] &amp#27;[35m[UiAutomator2]&amp#27;[39m         "type": "keyUp",
[debug] &amp#27;[35m[UiAutomator2]&amp#27;[39m         "value": "0"
[debug] &amp#27;[35m[UiAutomator2]&amp#27;[39m       },
[debug] &amp#27;[35m[UiAutomator2]&amp#27;[39m       {
[debug] &amp#27;[35m[UiAutomator2]&amp#27;[39m         "type": "keyDown",
[debug] &amp#27;[35m[UiAutomator2]&amp#27;[39m         "value": "8"
[debug] &amp#27;[35m[UiAutomator2]&amp#27;[39m       },
[debug] &amp#27;[35m[UiAutomator2]&amp#27;[39m       {
[debug] &amp#27;[35m[UiAutomator2]&amp#27;[39m         "type": "keyUp",
[debug] &amp#27;[35m[UiAutomator2]&amp#27;[39m         "value": "8"
[debug] &amp#27;[35m[UiAutomator2]&amp#27;[39m       },
[debug] &amp#27;[35m[UiAutomator2]&amp#27;[39m       {
[debug] &amp#27;[35m[UiAutomator2]&amp#27;[39m         "type": "keyDown",
[debug] &amp#27;[35m[UiAutomator2]&amp#27;[39m         "value": "2"
[debug] &amp#27;[35m[UiAutomator2]&amp#27;[39m       },
[debug] &amp#27;[35m[UiAutomator2]&amp#27;[39m       {
[debug] &amp#27;[35m[UiAutomator2]&amp#27;[39m         "type": "keyUp",
[debug] &amp#27;[35m[UiAutomator2]&amp#27;[39m         "value": "2"
[debug] &amp#27;[35m[UiAutomator2]&amp#27;[39m       }
[debug] &amp#27;[35m[UiAutomator2]&amp#27;[39m     ],
[debug] &amp#27;[35m[UiAutomator2]&amp#27;[39m     "id": "keyboard"
[debug] &amp#27;[35m[UiAutomator2]&amp#27;[39m   }
[debug] &amp#27;[35m[UiAutomator2]&amp#27;[39m ]
[debug] &amp#27;[35m[WD Proxy]&amp#27;[39m Matched '/actions' to command name 'performActions'
[debug] &amp#27;[35m[WD Proxy]&amp#27;[39m Proxying [POST /actions] to [POST http://127.0.0.1:8201/wd/hub/session/ab6b0081-00c5-477a-ba28-9f4926873580/actions] with body: {"actions":[{"type":"key","actions":[{"type":"keyDown","value":"0"},{"type":"keyUp","value":"0"},{"type":"keyDown","value":"0"},{"type":"keyUp","value":"0"},{"type":"keyDown","value":"8"},{"type":"keyUp","value":"8"},{"type":"keyDown","value":"2"},{"type":"keyUp","value":"2"}],"id":"keyboard"}]}
[debug] &amp#27;[35m[WD Proxy]&amp#27;[39m Got response with status 200: {"sessionId":"ab6b0081-00c5-477a-ba28-9f4926873580","value":null}
[debug] &amp#27;[35m[W3C (95647b7f)]&amp#27;[39m Responding to client with driver.performActions() result: null
&amp#27;[35m[HTTP]&amp#27;[39m &amp#27;[37m<-- POST /wd/hub/session/95647b7f-d90e-473d-876e-0750aa5cc4a8/actions &amp#27;[39m&amp#27;[32m200&amp#27;[39m &amp#27;[90m1203 ms - 14&amp#27;[39m
&amp#27;[35m[HTTP]&amp#27;[39m &amp#27;[90m&amp#27;[39m
&amp#27;[35m[HTTP]&amp#27;[39m &amp#27;[37m-->&amp#27;[39m &amp#27;[37mPOST&amp#27;[39m &amp#27;[37m/wd/hub/session/95647b7f-d90e-473d-876e-0750aa5cc4a8/appium/device/hide_keyboard&amp#27;[39m
&amp#27;[35m[HTTP]&amp#27;[39m &amp#27;[90m{}&amp#27;[39m
[debug] &amp#27;[35m[W3C (95647b7f)]&amp#27;[39m Calling AppiumDriver.hideKeyboard() with args: [null,null,null,null,"95647b7f-d90e-473d-876e-0750aa5cc4a8"]
[debug] &amp#27;[35m[ADB]&amp#27;[39m Running 'C:\Users\Fayaz\AppData\Local\Android\Sdk\platform-tools\adb.exe -P 5037 -s emulator-5554 shell dumpsys input_method'
[debug] &amp#27;[35m[ADB]&amp#27;[39m Running 'C:\Users\Fayaz\AppData\Local\Android\Sdk\platform-tools\adb.exe -P 5037 -s emulator-5554 shell input keyevent 111'
[debug] &amp#27;[35m[ADB]&amp#27;[39m Running 'C:\Users\Fayaz\AppData\Local\Android\Sdk\platform-tools\adb.exe -P 5037 -s emulator-5554 shell dumpsys input_method'
[debug] &amp#27;[35m[ADB]&amp#27;[39m Running 'C:\Users\Fayaz\AppData\Local\Android\Sdk\platform-tools\adb.exe -P 5037 -s emulator-5554 shell dumpsys input_method'
[debug] &amp#27;[35m[ADB]&amp#27;[39m Running 'C:\Users\Fayaz\AppData\Local\Android\Sdk\platform-tools\adb.exe -P 5037 -s emulator-5554 shell input keyevent 4'
[debug] &amp#27;[35m[ADB]&amp#27;[39m Running 'C:\Users\Fayaz\AppData\Local\Android\Sdk\platform-tools\adb.exe -P 5037 -s emulator-5554 shell dumpsys input_method'
[debug] &amp#27;[35m[W3C (95647b7f)]&amp#27;[39m Responding to client with driver.hideKeyboard() result: true
&amp#27;[35m[HTTP]&amp#27;[39m &amp#27;[37m<-- POST /wd/hub/session/95647b7f-d90e-473d-876e-0750aa5cc4a8/appium/device/hide_keyboard &amp#27;[39m&amp#27;[32m200&amp#27;[39m &amp#27;[90m4061 ms - 14&amp#27;[39m
&amp#27;[35m[HTTP]&amp#27;[39m &amp#27;[90m&amp#27;[39m
&amp#27;[35m[HTTP]&amp#27;[39m &amp#27;[37m-->&amp#27;[39m &amp#27;[37mGET&amp#27;[39m &amp#27;[37m/wd/hub/session/95647b7f-d90e-473d-876e-0750aa5cc4a8/context&amp#27;[39m
&amp#27;[35m[HTTP]&amp#27;[39m &amp#27;[90m{}&amp#27;[39m
[debug] &amp#27;[35m[W3C (95647b7f)]&amp#27;[39m Calling AppiumDriver.getCurrentContext() with args: ["95647b7f-d90e-473d-876e-0750aa5cc4a8"]
[debug] &amp#27;[35m[W3C (95647b7f)]&amp#27;[39m Responding to client with driver.getCurrentContext() result: "NATIVE_APP"
&amp#27;[35m[HTTP]&amp#27;[39m &amp#27;[37m<-- GET /wd/hub/session/95647b7f-d90e-473d-876e-0750aa5cc4a8/context &amp#27;[39m&amp#27;[32m200&amp#27;[39m &amp#27;[90m1 ms - 22&amp#27;[39m
&amp#27;[35m[HTTP]&amp#27;[39m &amp#27;[90m&amp#27;[39m
&amp#27;[35m[HTTP]&amp#27;[39m &amp#27;[37m-->&amp#27;[39m &amp#27;[37mPOST&amp#27;[39m &amp#27;[37m/wd/hub/session/95647b7f-d90e-473d-876e-0750aa5cc4a8/element&amp#27;[39m
&amp#27;[35m[HTTP]&amp#27;[39m &amp#27;[90m{"using":"xpath","value":"//android.widget.Button[@text='Continue']"}&amp#27;[39m
[debug] &amp#27;[35m[W3C (95647b7f)]&amp#27;[39m Calling AppiumDriver.findElement() with args: ["xpath","//android.widget.Button[@text='Continue']","95647b7f-d90e-473d-876e-0750aa5cc4a8"]
[debug] &amp#27;[35m[BaseDriver]&amp#27;[39m Valid locator strategies for this request: xpath, id, class name, accessibility id, css selector, -android uiautomator
[debug] &amp#27;[35m[BaseDriver]&amp#27;[39m Waiting up to 20000 ms for condition
[debug] &amp#27;[35m[WD Proxy]&amp#27;[39m Matched '/element' to command name 'findElement'
[debug] &amp#27;[35m[WD Proxy]&amp#27;[39m Proxying [POST /element] to [POST http://127.0.0.1:8201/wd/hub/session/ab6b0081-00c5-477a-ba28-9f4926873580/element] with body: {"strategy":"xpath","selector":"//android.widget.Button[@text='Continue']","context":"","multiple":false}
[debug] &amp#27;[35m[WD Proxy]&amp#27;[39m Got response with status 200: {"sessionId":"ab6b0081-00c5-477a-ba28-9f4926873580","value":{"ELEMENT":"9d577baa-927d-46b6-9fef-c30f804a651c","element-6066-11e4-a52e-4f735466cecf":"9d577baa-927d-46b6-9fef-c30f804a651c"}}
[debug] &amp#27;[35m[W3C (95647b7f)]&amp#27;[39m Responding to client with driver.findElement() result: {"element-6066-11e4-a52e-4f735466cecf":"9d577baa-927d-46b6-9fef-c30f804a651c","ELEMENT":"9d577baa-927d-46b6-9fef-c30f804a651c"}
&amp#27;[35m[HTTP]&amp#27;[39m &amp#27;[37m<-- POST /wd/hub/session/95647b7f-d90e-473d-876e-0750aa5cc4a8/element &amp#27;[39m&amp#27;[32m200&amp#27;[39m &amp#27;[90m44 ms - 137&amp#27;[39m
&amp#27;[35m[HTTP]&amp#27;[39m &amp#27;[90m&amp#27;[39m
&amp#27;[35m[HTTP]&amp#27;[39m &amp#27;[37m-->&amp#27;[39m &amp#27;[37mPOST&amp#27;[39m &amp#27;[37m/wd/hub/session/95647b7f-d90e-473d-876e-0750aa5cc4a8/element/9d577baa-927d-46b6-9fef-c30f804a651c/click&amp#27;[39m
&amp#27;[35m[HTTP]&amp#27;[39m &amp#27;[90m{"id":"9d577baa-927d-46b6-9fef-c30f804a651c"}&amp#27;[39m
[debug] &amp#27;[35m[W3C (95647b7f)]&amp#27;[39m Calling AppiumDriver.click() with args: ["9d577baa-927d-46b6-9fef-c30f804a651c","95647b7f-d90e-473d-876e-0750aa5cc4a8"]
[debug] &amp#27;[35m[WD Proxy]&amp#27;[39m Matched '/element/9d577baa-927d-46b6-9fef-c30f804a651c/click' to command name 'click'
[debug] &amp#27;[35m[WD Proxy]&amp#27;[39m Proxying [POST /element/9d577baa-927d-46b6-9fef-c30f804a651c/click] to [POST http://127.0.0.1:8201/wd/hub/session/ab6b0081-00c5-477a-ba28-9f4926873580/element/9d577baa-927d-46b6-9fef-c30f804a651c/click] with body: {"element":"9d577baa-927d-46b6-9fef-c30f804a651c"}
[debug] &amp#27;[35m[WD Proxy]&amp#27;[39m Got response with status 200: {"sessionId":"ab6b0081-00c5-477a-ba28-9f4926873580","value":null}
[debug] &amp#27;[35m[W3C (95647b7f)]&amp#27;[39m Responding to client with driver.click() result: null
&amp#27;[35m[HTTP]&amp#27;[39m &amp#27;[37m<-- POST /wd/hub/session/95647b7f-d90e-473d-876e-0750aa5cc4a8/element/9d577baa-927d-46b6-9fef-c30f804a651c/click &amp#27;[39m&amp#27;[32m200&amp#27;[39m &amp#27;[90m85 ms - 14&amp#27;[39m
&amp#27;[35m[HTTP]&amp#27;[39m &amp#27;[90m&amp#27;[39m
&amp#27;[35m[HTTP]&amp#27;[39m &amp#27;[37m-->&amp#27;[39m &amp#27;[37mPOST&amp#27;[39m &amp#27;[37m/wd/hub/session/95647b7f-d90e-473d-876e-0750aa5cc4a8/appium/device/hide_keyboard&amp#27;[39m
&amp#27;[35m[HTTP]&amp#27;[39m &amp#27;[90m{}&amp#27;[39m
[debug] &amp#27;[35m[W3C (95647b7f)]&amp#27;[39m Calling AppiumDriver.hideKeyboard() with args: [null,null,null,null,"95647b7f-d90e-473d-876e-0750aa5cc4a8"]
[debug] &amp#27;[35m[ADB]&amp#27;[39m Running 'C:\Users\Fayaz\AppData\Local\Android\Sdk\platform-tools\adb.exe -P 5037 -s emulator-5554 shell dumpsys input_method'
[debug] &amp#27;[35m[ADB]&amp#27;[39m Running 'C:\Users\Fayaz\AppData\Local\Android\Sdk\platform-tools\adb.exe -P 5037 -s emulator-5554 shell input keyevent 111'
[debug] &amp#27;[35m[ADB]&amp#27;[39m Running 'C:\Users\Fayaz\AppData\Local\Android\Sdk\platform-tools\adb.exe -P 5037 -s emulator-5554 shell dumpsys input_method'
[debug] &amp#27;[35m[ADB]&amp#27;[39m Running 'C:\Users\Fayaz\AppData\Local\Android\Sdk\platform-tools\adb.exe -P 5037 -s emulator-5554 shell dumpsys input_method'
[debug] &amp#27;[35m[ADB]&amp#27;[39m Running 'C:\Users\Fayaz\AppData\Local\Android\Sdk\platform-tools\adb.exe -P 5037 -s emulator-5554 shell input keyevent 4'
[debug] &amp#27;[35m[ADB]&amp#27;[39m Running 'C:\Users\Fayaz\AppData\Local\Android\Sdk\platform-tools\adb.exe -P 5037 -s emulator-5554 shell dumpsys input_method'
[debug] &amp#27;[35m[W3C (95647b7f)]&amp#27;[39m Responding to client with driver.hideKeyboard() result: true
&amp#27;[35m[HTTP]&amp#27;[39m &amp#27;[37m<-- POST /wd/hub/session/95647b7f-d90e-473d-876e-0750aa5cc4a8/appium/device/hide_keyboard &amp#27;[39m&amp#27;[32m200&amp#27;[39m &amp#27;[90m3974 ms - 14&amp#27;[39m
&amp#27;[35m[HTTP]&amp#27;[39m &amp#27;[90m&amp#27;[39m
&amp#27;[35m[HTTP]&amp#27;[39m &amp#27;[37m-->&amp#27;[39m &amp#27;[37mPOST&amp#27;[39m &amp#27;[37m/wd/hub/session/95647b7f-d90e-473d-876e-0750aa5cc4a8/actions&amp#27;[39m
&amp#27;[35m[HTTP]&amp#27;[39m &amp#27;[90m{"actions":[{"type":"key","actions":[{"type":"keyDown","value":"0"},{"type":"keyUp","value":"0"},{"type":"keyDown","value":"0"},{"type":"keyUp","value":"0"},{"type":"keyDown","value":"8"},{"type":"keyUp","value":"8"},{"type":"keyDown","value":"2"},{"type":"keyUp","value":"2"}],"id":"keyboard"}]}&amp#27;[39m
[debug] &amp#27;[35m[W3C (95647b7f)]&amp#27;[39m Calling AppiumDriver.performActions() with args: [[{"type":"key","actions":[{"type":"keyDown","value":"0"},{"type":"keyUp","value":"0"},{"type":"keyDown","value":"0"},{"type":"keyUp","value":"0"},{"type":"keyDown","value":"8"},{"type":"keyUp","value":"8"},{"type":"keyDown","value":"2"},{"type":"keyUp","value":"2"}],"id":"keyboard"}],"95647b7f-d90e-473d-876e-0750aa5cc4a8"]
[debug] &amp#27;[35m[UiAutomator2]&amp#27;[39m Received the following W3C actions: [
[debug] &amp#27;[35m[UiAutomator2]&amp#27;[39m   {
[debug] &amp#27;[35m[UiAutomator2]&amp#27;[39m     "type": "key",
[debug] &amp#27;[35m[UiAutomator2]&amp#27;[39m     "actions": [
[debug] &amp#27;[35m[UiAutomator2]&amp#27;[39m       {
[debug] &amp#27;[35m[UiAutomator2]&amp#27;[39m         "type": "keyDown",
[debug] &amp#27;[35m[UiAutomator2]&amp#27;[39m         "value": "0"
[debug] &amp#27;[35m[UiAutomator2]&amp#27;[39m       },
[debug] &amp#27;[35m[UiAutomator2]&amp#27;[39m       {
[debug] &amp#27;[35m[UiAutomator2]&amp#27;[39m         "type": "keyUp",
[debug] &amp#27;[35m[UiAutomator2]&amp#27;[39m         "value": "0"
[debug] &amp#27;[35m[UiAutomator2]&amp#27;[39m       },
[debug] &amp#27;[35m[UiAutomator2]&amp#27;[39m       {
[debug] &amp#27;[35m[UiAutomator2]&amp#27;[39m         "type": "keyDown",
[debug] &amp#27;[35m[UiAutomator2]&amp#27;[39m         "value": "0"
[debug] &amp#27;[35m[UiAutomator2]&amp#27;[39m       },
[debug] &amp#27;[35m[UiAutomator2]&amp#27;[39m       {
[debug] &amp#27;[35m[UiAutomator2]&amp#27;[39m         "type": "keyUp",
[debug] &amp#27;[35m[UiAutomator2]&amp#27;[39m         "value": "0"
[debug] &amp#27;[35m[UiAutomator2]&amp#27;[39m       },
[debug] &amp#27;[35m[UiAutomator2]&amp#27;[39m       {
[debug] &amp#27;[35m[UiAutomator2]&amp#27;[39m         "type": "keyDown",
[debug] &amp#27;[35m[UiAutomator2]&amp#27;[39m         "value": "8"
[debug] &amp#27;[35m[UiAutomator2]&amp#27;[39m       },
[debug] &amp#27;[35m[UiAutomator2]&amp#27;[39m       {
[debug] &amp#27;[35m[UiAutomator2]&amp#27;[39m         "type": "keyUp",
[debug] &amp#27;[35m[UiAutomator2]&amp#27;[39m         "value": "8"
[debug] &amp#27;[35m[UiAutomator2]&amp#27;[39m       },
[debug] &amp#27;[35m[UiAutomator2]&amp#27;[39m       {
[debug] &amp#27;[35m[UiAutomator2]&amp#27;[39m         "type": "keyDown",
[debug] &amp#27;[35m[UiAutomator2]&amp#27;[39m         "value": "2"
[debug] &amp#27;[35m[UiAutomator2]&amp#27;[39m       },
[debug] &amp#27;[35m[UiAutomator2]&amp#27;[39m       {
[debug] &amp#27;[35m[UiAutomator2]&amp#27;[39m         "type": "keyUp",
[debug] &amp#27;[35m[UiAutomator2]&amp#27;[39m         "value": "2"
[debug] &amp#27;[35m[UiAutomator2]&amp#27;[39m       }
[debug] &amp#27;[35m[UiAutomator2]&amp#27;[39m     ],
[debug] &amp#27;[35m[UiAutomator2]&amp#27;[39m     "id": "keyboard"
[debug] &amp#27;[35m[UiAutomator2]&amp#27;[39m   }
[debug] &amp#27;[35m[UiAutomator2]&amp#27;[39m ]
[debug] &amp#27;[35m[UiAutomator2]&amp#27;[39m Preprocessed actions: [
[debug] &amp#27;[35m[UiAutomator2]&amp#27;[39m   {
[debug] &amp#27;[35m[UiAutomator2]&amp#27;[39m     "type": "key",
[debug] &amp#27;[35m[UiAutomator2]&amp#27;[39m     "actions": [
[debug] &amp#27;[35m[UiAutomator2]&amp#27;[39m       {
[debug] &amp#27;[35m[UiAutomator2]&amp#27;[39m         "type": "keyDown",
[debug] &amp#27;[35m[UiAutomator2]&amp#27;[39m         "value": "0"
[debug] &amp#27;[35m[UiAutomator2]&amp#27;[39m       },
[debug] &amp#27;[35m[UiAutomator2]&amp#27;[39m       {
[debug] &amp#27;[35m[UiAutomator2]&amp#27;[39m         "type": "keyUp",
[debug] &amp#27;[35m[UiAutomator2]&amp#27;[39m         "value": "0"
[debug] &amp#27;[35m[UiAutomator2]&amp#27;[39m       },
[debug] &amp#27;[35m[UiAutomator2]&amp#27;[39m       {
[debug] &amp#27;[35m[UiAutomator2]&amp#27;[39m         "type": "keyDown",
[debug] &amp#27;[35m[UiAutomator2]&amp#27;[39m         "value": "0"
[debug] &amp#27;[35m[UiAutomator2]&amp#27;[39m       },
[debug] &amp#27;[35m[UiAutomator2]&amp#27;[39m       {
[debug] &amp#27;[35m[UiAutomator2]&amp#27;[39m         "type": "keyUp",
[debug] &amp#27;[35m[UiAutomator2]&amp#27;[39m         "value": "0"
[debug] &amp#27;[35m[UiAutomator2]&amp#27;[39m       },
[debug] &amp#27;[35m[UiAutomator2]&amp#27;[39m       {
[debug] &amp#27;[35m[UiAutomator2]&amp#27;[39m         "type": "keyDown",
[debug] &amp#27;[35m[UiAutomator2]&amp#27;[39m         "value": "8"
[debug] &amp#27;[35m[UiAutomator2]&amp#27;[39m       },
[debug] &amp#27;[35m[UiAutomator2]&amp#27;[39m       {
[debug] &amp#27;[35m[UiAutomator2]&amp#27;[39m         "type": "keyUp",
[debug] &amp#27;[35m[UiAutomator2]&amp#27;[39m         "value": "8"
[debug] &amp#27;[35m[UiAutomator2]&amp#27;[39m       },
[debug] &amp#27;[35m[UiAutomator2]&amp#27;[39m       {
[debug] &amp#27;[35m[UiAutomator2]&amp#27;[39m         "type": "keyDown",
[debug] &amp#27;[35m[UiAutomator2]&amp#27;[39m         "value": "2"
[debug] &amp#27;[35m[UiAutomator2]&amp#27;[39m       },
[debug] &amp#27;[35m[UiAutomator2]&amp#27;[39m       {
[debug] &amp#27;[35m[UiAutomator2]&amp#27;[39m         "type": "keyUp",
[debug] &amp#27;[35m[UiAutomator2]&amp#27;[39m         "value": "2"
[debug] &amp#27;[35m[UiAutomator2]&amp#27;[39m       }
[debug] &amp#27;[35m[UiAutomator2]&amp#27;[39m     ],
[debug] &amp#27;[35m[UiAutomator2]&amp#27;[39m     "id": "keyboard"
[debug] &amp#27;[35m[UiAutomator2]&amp#27;[39m   }
[debug] &amp#27;[35m[UiAutomator2]&amp#27;[39m ]
[debug] &amp#27;[35m[WD Proxy]&amp#27;[39m Matched '/actions' to command name 'performActions'
[debug] &amp#27;[35m[WD Proxy]&amp#27;[39m Proxying [POST /actions] to [POST http://127.0.0.1:8201/wd/hub/session/ab6b0081-00c5-477a-ba28-9f4926873580/actions] with body: {"actions":[{"type":"key","actions":[{"type":"keyDown","value":"0"},{"type":"keyUp","value":"0"},{"type":"keyDown","value":"0"},{"type":"keyUp","value":"0"},{"type":"keyDown","value":"8"},{"type":"keyUp","value":"8"},{"type":"keyDown","value":"2"},{"type":"keyUp","value":"2"}],"id":"keyboard"}]}
[debug] &amp#27;[35m[WD Proxy]&amp#27;[39m Got response with status 200: {"sessionId":"ab6b0081-00c5-477a-ba28-9f4926873580","value":null}
[debug] &amp#27;[35m[W3C (95647b7f)]&amp#27;[39m Responding to client with driver.performActions() result: null
&amp#27;[35m[HTTP]&amp#27;[39m &amp#27;[37m<-- POST /wd/hub/session/95647b7f-d90e-473d-876e-0750aa5cc4a8/actions &amp#27;[39m&amp#27;[32m200&amp#27;[39m &amp#27;[90m1093 ms - 14&amp#27;[39m
&amp#27;[35m[HTTP]&amp#27;[39m &amp#27;[90m&amp#27;[39m
&amp#27;[35m[HTTP]&amp#27;[39m &amp#27;[37m-->&amp#27;[39m &amp#27;[37mGET&amp#27;[39m &amp#27;[37m/wd/hub/session/95647b7f-d90e-473d-876e-0750aa5cc4a8/context&amp#27;[39m
&amp#27;[35m[HTTP]&amp#27;[39m &amp#27;[90m{}&amp#27;[39m
[debug] &amp#27;[35m[W3C (95647b7f)]&amp#27;[39m Calling AppiumDriver.getCurrentContext() with args: ["95647b7f-d90e-473d-876e-0750aa5cc4a8"]
[debug] &amp#27;[35m[W3C (95647b7f)]&amp#27;[39m Responding to client with driver.getCurrentContext() result: "NATIVE_APP"
&amp#27;[35m[HTTP]&amp#27;[39m &amp#27;[37m<-- GET /wd/hub/session/95647b7f-d90e-473d-876e-0750aa5cc4a8/context &amp#27;[39m&amp#27;[32m200&amp#27;[39m &amp#27;[90m1 ms - 22&amp#27;[39m
&amp#27;[35m[HTTP]&amp#27;[39m &amp#27;[90m&amp#27;[39m
&amp#27;[35m[HTTP]&amp#27;[39m &amp#27;[37m-->&amp#27;[39m &amp#27;[37mPOST&amp#27;[39m &amp#27;[37m/wd/hub/session/95647b7f-d90e-473d-876e-0750aa5cc4a8/element&amp#27;[39m
&amp#27;[35m[HTTP]&amp#27;[39m &amp#27;[90m{"using":"xpath","value":"//android.widget.Button[@text='Save']"}&amp#27;[39m
[debug] &amp#27;[35m[W3C (95647b7f)]&amp#27;[39m Calling AppiumDriver.findElement() with args: ["xpath","//android.widget.Button[@text='Save']","95647b7f-d90e-473d-876e-0750aa5cc4a8"]
[debug] &amp#27;[35m[BaseDriver]&amp#27;[39m Valid locator strategies for this request: xpath, id, class name, accessibility id, css selector, -android uiautomator
[debug] &amp#27;[35m[BaseDriver]&amp#27;[39m Waiting up to 20000 ms for condition
[debug] &amp#27;[35m[WD Proxy]&amp#27;[39m Matched '/element' to command name 'findElement'
[debug] &amp#27;[35m[WD Proxy]&amp#27;[39m Proxying [POST /element] to [POST http://127.0.0.1:8201/wd/hub/session/ab6b0081-00c5-477a-ba28-9f4926873580/element] with body: {"strategy":"xpath","selector":"//android.widget.Button[@text='Save']","context":"","multiple":false}
[debug] &amp#27;[35m[WD Proxy]&amp#27;[39m Got response with status 200: {"sessionId":"ab6b0081-00c5-477a-ba28-9f4926873580","value":{"ELEMENT":"91500019-b403-436b-85c7-992c51125ff1","element-6066-11e4-a52e-4f735466cecf":"91500019-b403-436b-85c7-992c51125ff1"}}
[debug] &amp#27;[35m[W3C (95647b7f)]&amp#27;[39m Responding to client with driver.findElement() result: {"element-6066-11e4-a52e-4f735466cecf":"91500019-b403-436b-85c7-992c51125ff1","ELEMENT":"91500019-b403-436b-85c7-992c51125ff1"}
&amp#27;[35m[HTTP]&amp#27;[39m &amp#27;[37m<-- POST /wd/hub/session/95647b7f-d90e-473d-876e-0750aa5cc4a8/element &amp#27;[39m&amp#27;[32m200&amp#27;[39m &amp#27;[90m1485 ms - 137&amp#27;[39m
&amp#27;[35m[HTTP]&amp#27;[39m &amp#27;[90m&amp#27;[39m
&amp#27;[35m[HTTP]&amp#27;[39m &amp#27;[37m-->&amp#27;[39m &amp#27;[37mPOST&amp#27;[39m &amp#27;[37m/wd/hub/session/95647b7f-d90e-473d-876e-0750aa5cc4a8/element/91500019-b403-436b-85c7-992c51125ff1/click&amp#27;[39m
&amp#27;[35m[HTTP]&amp#27;[39m &amp#27;[90m{"id":"91500019-b403-436b-85c7-992c51125ff1"}&amp#27;[39m
[debug] &amp#27;[35m[W3C (95647b7f)]&amp#27;[39m Calling AppiumDriver.click() with args: ["91500019-b403-436b-85c7-992c51125ff1","95647b7f-d90e-473d-876e-0750aa5cc4a8"]
[debug] &amp#27;[35m[WD Proxy]&amp#27;[39m Matched '/element/91500019-b403-436b-85c7-992c51125ff1/click' to command name 'click'
[debug] &amp#27;[35m[WD Proxy]&amp#27;[39m Proxying [POST /element/91500019-b403-436b-85c7-992c51125ff1/click] to [POST http://127.0.0.1:8201/wd/hub/session/ab6b0081-00c5-477a-ba28-9f4926873580/element/91500019-b403-436b-85c7-992c51125ff1/click] with body: {"element":"91500019-b403-436b-85c7-992c51125ff1"}
[debug] &amp#27;[35m[WD Proxy]&amp#27;[39m Got response with status 200: {"sessionId":"ab6b0081-00c5-477a-ba28-9f4926873580","value":null}
[debug] &amp#27;[35m[W3C (95647b7f)]&amp#27;[39m Responding to client with driver.click() result: null
&amp#27;[35m[HTTP]&amp#27;[39m &amp#27;[37m<-- POST /wd/hub/session/95647b7f-d90e-473d-876e-0750aa5cc4a8/element/91500019-b403-436b-85c7-992c51125ff1/click &amp#27;[39m&amp#27;[32m200&amp#27;[39m &amp#27;[90m112 ms - 14&amp#27;[39m
&amp#27;[35m[HTTP]&amp#27;[39m &amp#27;[90m&amp#27;[39m
&amp#27;[35m[HTTP]&amp#27;[39m &amp#27;[37m-->&amp#27;[39m &amp#27;[37mGET&amp#27;[39m &amp#27;[37m/wd/hub/session/95647b7f-d90e-473d-876e-0750aa5cc4a8/context&amp#27;[39m
&amp#27;[35m[HTTP]&amp#27;[39m &amp#27;[90m{}&amp#27;[39m
[debug] &amp#27;[35m[W3C (95647b7f)]&amp#27;[39m Calling AppiumDriver.getCurrentContext() with args: ["95647b7f-d90e-473d-876e-0750aa5cc4a8"]
[debug] &amp#27;[35m[W3C (95647b7f)]&amp#27;[39m Responding to client with driver.getCurrentContext() result: "NATIVE_APP"
&amp#27;[35m[HTTP]&amp#27;[39m &amp#27;[37m<-- GET /wd/hub/session/95647b7f-d90e-473d-876e-0750aa5cc4a8/context &amp#27;[39m&amp#27;[32m200&amp#27;[39m &amp#27;[90m1 ms - 22&amp#27;[39m
&amp#27;[35m[HTTP]&amp#27;[39m &amp#27;[90m&amp#27;[39m
&amp#27;[35m[HTTP]&amp#27;[39m &amp#27;[37m-->&amp#27;[39m &amp#27;[37mPOST&amp#27;[39m &amp#27;[37m/wd/hub/session/95647b7f-d90e-473d-876e-0750aa5cc4a8/element&amp#27;[39m
&amp#27;[35m[HTTP]&amp#27;[39m &amp#27;[90m{"using":"xpath","value":"(//android.widget.EditText)[2]"}&amp#27;[39m
[debug] &amp#27;[35m[W3C (95647b7f)]&amp#27;[39m Calling AppiumDriver.findElement() with args: ["xpath","(//android.widget.EditText)[2]","95647b7f-d90e-473d-876e-0750aa5cc4a8"]
[debug] &amp#27;[35m[BaseDriver]&amp#27;[39m Valid locator strategies for this request: xpath, id, class name, accessibility id, css selector, -android uiautomator
[debug] &amp#27;[35m[BaseDriver]&amp#27;[39m Waiting up to 20000 ms for condition
[debug] &amp#27;[35m[WD Proxy]&amp#27;[39m Matched '/element' to command name 'findElement'
[debug] &amp#27;[35m[WD Proxy]&amp#27;[39m Proxying [POST /element] to [POST http://127.0.0.1:8201/wd/hub/session/ab6b0081-00c5-477a-ba28-9f4926873580/element] with body: {"strategy":"xpath","selector":"(//android.widget.EditText)[2]","context":"","multiple":false}
[debug] &amp#27;[35m[WD Proxy]&amp#27;[39m Got response with status 200: {"sessionId":"ab6b0081-00c5-477a-ba28-9f4926873580","value":{"ELEMENT":"d9af1cff-45e4-4e29-9609-e156697199a9","element-6066-11e4-a52e-4f735466cecf":"d9af1cff-45e4-4e29-9609-e156697199a9"}}
[debug] &amp#27;[35m[W3C (95647b7f)]&amp#27;[39m Responding to client with driver.findElement() result: {"element-6066-11e4-a52e-4f735466cecf":"d9af1cff-45e4-4e29-9609-e156697199a9","ELEMENT":"d9af1cff-45e4-4e29-9609-e156697199a9"}
&amp#27;[35m[HTTP]&amp#27;[39m &amp#27;[37m<-- POST /wd/hub/session/95647b7f-d90e-473d-876e-0750aa5cc4a8/element &amp#27;[39m&amp#27;[32m200&amp#27;[39m &amp#27;[90m69 ms - 137&amp#27;[39m
&amp#27;[35m[HTTP]&amp#27;[39m &amp#27;[90m&amp#27;[39m
&amp#27;[35m[HTTP]&amp#27;[39m &amp#27;[37m-->&amp#27;[39m &amp#27;[37mPOST&amp#27;[39m &amp#27;[37m/wd/hub/session/95647b7f-d90e-473d-876e-0750aa5cc4a8/element/d9af1cff-45e4-4e29-9609-e156697199a9/click&amp#27;[39m
&amp#27;[35m[HTTP]&amp#27;[39m &amp#27;[90m{"id":"d9af1cff-45e4-4e29-9609-e156697199a9"}&amp#27;[39m
[debug] &amp#27;[35m[W3C (95647b7f)]&amp#27;[39m Calling AppiumDriver.click() with args: ["d9af1cff-45e4-4e29-9609-e156697199a9","95647b7f-d90e-473d-876e-0750aa5cc4a8"]
[debug] &amp#27;[35m[WD Proxy]&amp#27;[39m Matched '/element/d9af1cff-45e4-4e29-9609-e156697199a9/click' to command name 'click'
[debug] &amp#27;[35m[WD Proxy]&amp#27;[39m Proxying [POST /element/d9af1cff-45e4-4e29-9609-e156697199a9/click] to [POST http://127.0.0.1:8201/wd/hub/session/ab6b0081-00c5-477a-ba28-9f4926873580/element/d9af1cff-45e4-4e29-9609-e156697199a9/click] with body: {"element":"d9af1cff-45e4-4e29-9609-e156697199a9"}
[debug] &amp#27;[35m[WD Proxy]&amp#27;[39m Got response with status 200: {"sessionId":"ab6b0081-00c5-477a-ba28-9f4926873580","value":null}
[debug] &amp#27;[35m[W3C (95647b7f)]&amp#27;[39m Responding to client with driver.click() result: null
&amp#27;[35m[HTTP]&amp#27;[39m &amp#27;[37m<-- POST /wd/hub/session/95647b7f-d90e-473d-876e-0750aa5cc4a8/element/d9af1cff-45e4-4e29-9609-e156697199a9/click &amp#27;[39m&amp#27;[32m200&amp#27;[39m &amp#27;[90m130 ms - 14&amp#27;[39m
&amp#27;[35m[HTTP]&amp#27;[39m &amp#27;[90m&amp#27;[39m
&amp#27;[35m[HTTP]&amp#27;[39m &amp#27;[37m-->&amp#27;[39m &amp#27;[37mGET&amp#27;[39m &amp#27;[37m/wd/hub/session/95647b7f-d90e-473d-876e-0750aa5cc4a8/context&amp#27;[39m
&amp#27;[35m[HTTP]&amp#27;[39m &amp#27;[90m{}&amp#27;[39m
[debug] &amp#27;[35m[W3C (95647b7f)]&amp#27;[39m Calling AppiumDriver.getCurrentContext() with args: ["95647b7f-d90e-473d-876e-0750aa5cc4a8"]
[debug] &amp#27;[35m[W3C (95647b7f)]&amp#27;[39m Responding to client with driver.getCurrentContext() result: "NATIVE_APP"
&amp#27;[35m[HTTP]&amp#27;[39m &amp#27;[37m<-- GET /wd/hub/session/95647b7f-d90e-473d-876e-0750aa5cc4a8/context &amp#27;[39m&amp#27;[32m200&amp#27;[39m &amp#27;[90m1 ms - 22&amp#27;[39m
&amp#27;[35m[HTTP]&amp#27;[39m &amp#27;[90m&amp#27;[39m
&amp#27;[35m[HTTP]&amp#27;[39m &amp#27;[37m-->&amp#27;[39m &amp#27;[37mPOST&amp#27;[39m &amp#27;[37m/wd/hub/session/95647b7f-d90e-473d-876e-0750aa5cc4a8/element&amp#27;[39m
&amp#27;[35m[HTTP]&amp#27;[39m &amp#27;[90m{"using":"xpath","value":"(//android.widget.EditText)[2]"}&amp#27;[39m
[debug] &amp#27;[35m[W3C (95647b7f)]&amp#27;[39m Calling AppiumDriver.findElement() with args: ["xpath","(//android.widget.EditText)[2]","95647b7f-d90e-473d-876e-0750aa5cc4a8"]
[debug] &amp#27;[35m[BaseDriver]&amp#27;[39m Valid locator strategies for this request: xpath, id, class name, accessibility id, css selector, -android uiautomator
[debug] &amp#27;[35m[BaseDriver]&amp#27;[39m Waiting up to 20000 ms for condition
[debug] &amp#27;[35m[WD Proxy]&amp#27;[39m Matched '/element' to command name 'findElement'
[debug] &amp#27;[35m[WD Proxy]&amp#27;[39m Proxying [POST /element] to [POST http://127.0.0.1:8201/wd/hub/session/ab6b0081-00c5-477a-ba28-9f4926873580/element] with body: {"strategy":"xpath","selector":"(//android.widget.EditText)[2]","context":"","multiple":false}
[debug] &amp#27;[35m[WD Proxy]&amp#27;[39m Got response with status 200: {"sessionId":"ab6b0081-00c5-477a-ba28-9f4926873580","value":{"ELEMENT":"2930d226-a4c2-46b3-accd-8e92a7bf0a34","element-6066-11e4-a52e-4f735466cecf":"2930d226-a4c2-46b3-accd-8e92a7bf0a34"}}
[debug] &amp#27;[35m[W3C (95647b7f)]&amp#27;[39m Responding to client with driver.findElement() result: {"element-6066-11e4-a52e-4f735466cecf":"2930d226-a4c2-46b3-accd-8e92a7bf0a34","ELEMENT":"2930d226-a4c2-46b3-accd-8e92a7bf0a34"}
&amp#27;[35m[HTTP]&amp#27;[39m &amp#27;[37m<-- POST /wd/hub/session/95647b7f-d90e-473d-876e-0750aa5cc4a8/element &amp#27;[39m&amp#27;[32m200&amp#27;[39m &amp#27;[90m115 ms - 137&amp#27;[39m
&amp#27;[35m[HTTP]&amp#27;[39m &amp#27;[90m&amp#27;[39m
&amp#27;[35m[HTTP]&amp#27;[39m &amp#27;[37m-->&amp#27;[39m &amp#27;[37mPOST&amp#27;[39m &amp#27;[37m/wd/hub/session/95647b7f-d90e-473d-876e-0750aa5cc4a8/element/2930d226-a4c2-46b3-accd-8e92a7bf0a34/value&amp#27;[39m
&amp#27;[35m[HTTP]&amp#27;[39m &amp#27;[90m{"id":"2930d226-a4c2-46b3-accd-8e92a7bf0a34","text":"0082","value":["0","0","8","2"]}&amp#27;[39m
[debug] &amp#27;[35m[W3C (95647b7f)]&amp#27;[39m Calling AppiumDriver.setValue() with args: [["0","0","8","2"],"2930d226-a4c2-46b3-accd-8e92a7bf0a34","95647b7f-d90e-473d-876e-0750aa5cc4a8"]
[debug] &amp#27;[35m[WD Proxy]&amp#27;[39m Matched '/element/2930d226-a4c2-46b3-accd-8e92a7bf0a34/value' to command name 'setValue'
[debug] &amp#27;[35m[Protocol Converter]&amp#27;[39m Added 'value' property ["0","0","8","2"] to 'setValue' request body
[debug] &amp#27;[35m[WD Proxy]&amp#27;[39m Proxying [POST /element/2930d226-a4c2-46b3-accd-8e92a7bf0a34/value] to [POST http://127.0.0.1:8201/wd/hub/session/ab6b0081-00c5-477a-ba28-9f4926873580/element/2930d226-a4c2-46b3-accd-8e92a7bf0a34/value] with body: {"elementId":"2930d226-a4c2-46b3-accd-8e92a7bf0a34","text":"0082","replace":false,"value":["0","0","8","2"]}
[debug] &amp#27;[35m[WD Proxy]&amp#27;[39m Got response with status 200: {"sessionId":"ab6b0081-00c5-477a-ba28-9f4926873580","value":null}
[debug] &amp#27;[35m[W3C (95647b7f)]&amp#27;[39m Responding to client with driver.setValue() result: null
&amp#27;[35m[HTTP]&amp#27;[39m &amp#27;[37m<-- POST /wd/hub/session/95647b7f-d90e-473d-876e-0750aa5cc4a8/element/2930d226-a4c2-46b3-accd-8e92a7bf0a34/value &amp#27;[39m&amp#27;[32m200&amp#27;[39m &amp#27;[90m400 ms - 14&amp#27;[39m
&amp#27;[35m[HTTP]&amp#27;[39m &amp#27;[90m&amp#27;[39m
&amp#27;[35m[HTTP]&amp#27;[39m &amp#27;[37m-->&amp#27;[39m &amp#27;[37mGET&amp#27;[39m &amp#27;[37m/wd/hub/session/95647b7f-d90e-473d-876e-0750aa5cc4a8/context&amp#27;[39m
&amp#27;[35m[HTTP]&amp#27;[39m &amp#27;[90m{}&amp#27;[39m
[debug] &amp#27;[35m[W3C (95647b7f)]&amp#27;[39m Calling AppiumDriver.getCurrentContext() with args: ["95647b7f-d90e-473d-876e-0750aa5cc4a8"]
[debug] &amp#27;[35m[W3C (95647b7f)]&amp#27;[39m Responding to client with driver.getCurrentContext() result: "NATIVE_APP"
&amp#27;[35m[HTTP]&amp#27;[39m &amp#27;[37m<-- GET /wd/hub/session/95647b7f-d90e-473d-876e-0750aa5cc4a8/context &amp#27;[39m&amp#27;[32m200&amp#27;[39m &amp#27;[90m1 ms - 22&amp#27;[39m
&amp#27;[35m[HTTP]&amp#27;[39m &amp#27;[90m&amp#27;[39m
&amp#27;[35m[HTTP]&amp#27;[39m &amp#27;[37m-->&amp#27;[39m &amp#27;[37mPOST&amp#27;[39m &amp#27;[37m/wd/hub/session/95647b7f-d90e-473d-876e-0750aa5cc4a8/element&amp#27;[39m
&amp#27;[35m[HTTP]&amp#27;[39m &amp#27;[90m{"using":"xpath","value":"//android.widget.Button[@text='Sign In']"}&amp#27;[39m
[debug] &amp#27;[35m[W3C (95647b7f)]&amp#27;[39m Calling AppiumDriver.findElement() with args: ["xpath","//android.widget.Button[@text='Sign In']","95647b7f-d90e-473d-876e-0750aa5cc4a8"]
[debug] &amp#27;[35m[BaseDriver]&amp#27;[39m Valid locator strategies for this request: xpath, id, class name, accessibility id, css selector, -android uiautomator
[debug] &amp#27;[35m[BaseDriver]&amp#27;[39m Waiting up to 20000 ms for condition
[debug] &amp#27;[35m[WD Proxy]&amp#27;[39m Matched '/element' to command name 'findElement'
[debug] &amp#27;[35m[WD Proxy]&amp#27;[39m Proxying [POST /element] to [POST http://127.0.0.1:8201/wd/hub/session/ab6b0081-00c5-477a-ba28-9f4926873580/element] with body: {"strategy":"xpath","selector":"//android.widget.Button[@text='Sign In']","context":"","multiple":false}
&amp#27;[35m[WD Proxy]&amp#27;[39m Got response with status 404: {"sessionId":"ab6b0081-00c5-477a-ba28-9f4926873580","value":{"error":"no such element","message":"An element could not be located on the page using the given search parameters","stacktrace":"io.appium.uiautomator2.common.exceptions.ElementNotFoundException: An element could not be located on the page using the given search parameters\n\tat io.appium.uiautomator2.handler.FindElement.findElement(FindElement.java:89)\n\tat io.appium.uiautomator2.handler.FindElement.safeHandle(FindElement.java:66)\n\tat io.appium.uiautomator2.handler.request.SafeRequestHandler.handle(SafeRequestHandler.java:41)\n\tat io.appium.uiautomator2.server.AppiumServlet.handleRequest(AppiumServlet.java:262)\n\tat io.appium.uiautomator2.server.AppiumServlet.handleHttpRequest(AppiumServlet.java:256)\n\tat io.appium.uiautomator2.http.ServerHandler.channelRead(ServerHandler.java:68)\n\tat io.netty.channel.AbstractChannelHandlerContext.invokeChannelRead(AbstractChannelHandlerContext.java:366)\n\tat io.netty.channel.AbstractChannelHandlerCont...
[debug] &amp#27;[35m[W3C]&amp#27;[39m Matched W3C error code 'no such element' to NoSuchElementError
[debug] &amp#27;[35m[BaseDriver]&amp#27;[39m Waited for 105 ms so far
[debug] &amp#27;[35m[WD Proxy]&amp#27;[39m Matched '/element' to command name 'findElement'
[debug] &amp#27;[35m[WD Proxy]&amp#27;[39m Proxying [POST /element] to [POST http://127.0.0.1:8201/wd/hub/session/ab6b0081-00c5-477a-ba28-9f4926873580/element] with body: {"strategy":"xpath","selector":"//android.widget.Button[@text='Sign In']","context":"","multiple":false}
&amp#27;[35m[WD Proxy]&amp#27;[39m Got response with status 404: {"sessionId":"ab6b0081-00c5-477a-ba28-9f4926873580","value":{"error":"no such element","message":"An element could not be located on the page using the given search parameters","stacktrace":"io.appium.uiautomator2.common.exceptions.ElementNotFoundException: An element could not be located on the page using the given search parameters\n\tat io.appium.uiautomator2.handler.FindElement.findElement(FindElement.java:89)\n\tat io.appium.uiautomator2.handler.FindElement.safeHandle(FindElement.java:66)\n\tat io.appium.uiautomator2.handler.request.SafeRequestHandler.handle(SafeRequestHandler.java:41)\n\tat io.appium.uiautomator2.server.AppiumServlet.handleRequest(AppiumServlet.java:262)\n\tat io.appium.uiautomator2.server.AppiumServlet.handleHttpRequest(AppiumServlet.java:256)\n\tat io.appium.uiautomator2.http.ServerHandler.channelRead(ServerHandler.java:68)\n\tat io.netty.channel.AbstractChannelHandlerContext.invokeChannelRead(AbstractChannelHandlerContext.java:366)\n\tat io.netty.channel.AbstractChannelHandlerCont...
[debug] &amp#27;[35m[W3C]&amp#27;[39m Matched W3C error code 'no such element' to NoSuchElementError
[debug] &amp#27;[35m[BaseDriver]&amp#27;[39m Waited for 668 ms so far
[debug] &amp#27;[35m[WD Proxy]&amp#27;[39m Matched '/element' to command name 'findElement'
[debug] &amp#27;[35m[WD Proxy]&amp#27;[39m Proxying [POST /element] to [POST http://127.0.0.1:8201/wd/hub/session/ab6b0081-00c5-477a-ba28-9f4926873580/element] with body: {"strategy":"xpath","selector":"//android.widget.Button[@text='Sign In']","context":"","multiple":false}
&amp#27;[35m[WD Proxy]&amp#27;[39m Got response with status 404: {"sessionId":"ab6b0081-00c5-477a-ba28-9f4926873580","value":{"error":"no such element","message":"An element could not be located on the page using the given search parameters","stacktrace":"io.appium.uiautomator2.common.exceptions.ElementNotFoundException: An element could not be located on the page using the given search parameters\n\tat io.appium.uiautomator2.handler.FindElement.findElement(FindElement.java:89)\n\tat io.appium.uiautomator2.handler.FindElement.safeHandle(FindElement.java:66)\n\tat io.appium.uiautomator2.handler.request.SafeRequestHandler.handle(SafeRequestHandler.java:41)\n\tat io.appium.uiautomator2.server.AppiumServlet.handleRequest(AppiumServlet.java:262)\n\tat io.appium.uiautomator2.server.AppiumServlet.handleHttpRequest(AppiumServlet.java:256)\n\tat io.appium.uiautomator2.http.ServerHandler.channelRead(ServerHandler.java:68)\n\tat io.netty.channel.AbstractChannelHandlerContext.invokeChannelRead(AbstractChannelHandlerContext.java:366)\n\tat io.netty.channel.AbstractChannelHandlerCont...
[debug] &amp#27;[35m[W3C]&amp#27;[39m Matched W3C error code 'no such element' to NoSuchElementError
[debug] &amp#27;[35m[BaseDriver]&amp#27;[39m Waited for 1258 ms so far
[debug] &amp#27;[35m[WD Proxy]&amp#27;[39m Matched '/element' to command name 'findElement'
[debug] &amp#27;[35m[WD Proxy]&amp#27;[39m Proxying [POST /element] to [POST http://127.0.0.1:8201/wd/hub/session/ab6b0081-00c5-477a-ba28-9f4926873580/element] with body: {"strategy":"xpath","selector":"//android.widget.Button[@text='Sign In']","context":"","multiple":false}
&amp#27;[35m[WD Proxy]&amp#27;[39m Got response with status 404: {"sessionId":"ab6b0081-00c5-477a-ba28-9f4926873580","value":{"error":"no such element","message":"An element could not be located on the page using the given search parameters","stacktrace":"io.appium.uiautomator2.common.exceptions.ElementNotFoundException: An element could not be located on the page using the given search parameters\n\tat io.appium.uiautomator2.handler.FindElement.findElement(FindElement.java:89)\n\tat io.appium.uiautomator2.handler.FindElement.safeHandle(FindElement.java:66)\n\tat io.appium.uiautomator2.handler.request.SafeRequestHandler.handle(SafeRequestHandler.java:41)\n\tat io.appium.uiautomator2.server.AppiumServlet.handleRequest(AppiumServlet.java:262)\n\tat io.appium.uiautomator2.server.AppiumServlet.handleHttpRequest(AppiumServlet.java:256)\n\tat io.appium.uiautomator2.http.ServerHandler.channelRead(ServerHandler.java:68)\n\tat io.netty.channel.AbstractChannelHandlerContext.invokeChannelRead(AbstractChannelHandlerContext.java:366)\n\tat io.netty.channel.AbstractChannelHandlerCont...
[debug] &amp#27;[35m[W3C]&amp#27;[39m Matched W3C error code 'no such element' to NoSuchElementError
[debug] &amp#27;[35m[BaseDriver]&amp#27;[39m Waited for 1849 ms so far
[debug] &amp#27;[35m[WD Proxy]&amp#27;[39m Matched '/element' to command name 'findElement'
[debug] &amp#27;[35m[WD Proxy]&amp#27;[39m Proxying [POST /element] to [POST http://127.0.0.1:8201/wd/hub/session/ab6b0081-00c5-477a-ba28-9f4926873580/element] with body: {"strategy":"xpath","selector":"//android.widget.Button[@text='Sign In']","context":"","multiple":false}
&amp#27;[35m[WD Proxy]&amp#27;[39m Got response with status 404: {"sessionId":"ab6b0081-00c5-477a-ba28-9f4926873580","value":{"error":"no such element","message":"An element could not be located on the page using the given search parameters","stacktrace":"io.appium.uiautomator2.common.exceptions.ElementNotFoundException: An element could not be located on the page using the given search parameters\n\tat io.appium.uiautomator2.handler.FindElement.findElement(FindElement.java:89)\n\tat io.appium.uiautomator2.handler.FindElement.safeHandle(FindElement.java:66)\n\tat io.appium.uiautomator2.handler.request.SafeRequestHandler.handle(SafeRequestHandler.java:41)\n\tat io.appium.uiautomator2.server.AppiumServlet.handleRequest(AppiumServlet.java:262)\n\tat io.appium.uiautomator2.server.AppiumServlet.handleHttpRequest(AppiumServlet.java:256)\n\tat io.appium.uiautomator2.http.ServerHandler.channelRead(ServerHandler.java:68)\n\tat io.netty.channel.AbstractChannelHandlerContext.invokeChannelRead(AbstractChannelHandlerContext.java:366)\n\tat io.netty.channel.AbstractChannelHandlerCont...
[debug] &amp#27;[35m[W3C]&amp#27;[39m Matched W3C error code 'no such element' to NoSuchElementError
[debug] &amp#27;[35m[BaseDriver]&amp#27;[39m Waited for 2435 ms so far
[debug] &amp#27;[35m[WD Proxy]&amp#27;[39m Matched '/element' to command name 'findElement'
[debug] &amp#27;[35m[WD Proxy]&amp#27;[39m Proxying [POST /element] to [POST http://127.0.0.1:8201/wd/hub/session/ab6b0081-00c5-477a-ba28-9f4926873580/element] with body: {"strategy":"xpath","selector":"//android.widget.Button[@text='Sign In']","context":"","multiple":false}
&amp#27;[35m[WD Proxy]&amp#27;[39m Got response with status 404: {"sessionId":"ab6b0081-00c5-477a-ba28-9f4926873580","value":{"error":"no such element","message":"An element could not be located on the page using the given search parameters","stacktrace":"io.appium.uiautomator2.common.exceptions.ElementNotFoundException: An element could not be located on the page using the given search parameters\n\tat io.appium.uiautomator2.handler.FindElement.findElement(FindElement.java:89)\n\tat io.appium.uiautomator2.handler.FindElement.safeHandle(FindElement.java:66)\n\tat io.appium.uiautomator2.handler.request.SafeRequestHandler.handle(SafeRequestHandler.java:41)\n\tat io.appium.uiautomator2.server.AppiumServlet.handleRequest(AppiumServlet.java:262)\n\tat io.appium.uiautomator2.server.AppiumServlet.handleHttpRequest(AppiumServlet.java:256)\n\tat io.appium.uiautomator2.http.ServerHandler.channelRead(ServerHandler.java:68)\n\tat io.netty.channel.AbstractChannelHandlerContext.invokeChannelRead(AbstractChannelHandlerContext.java:366)\n\tat io.netty.channel.AbstractChannelHandlerCont...
[debug] &amp#27;[35m[W3C]&amp#27;[39m Matched W3C error code 'no such element' to NoSuchElementError
[debug] &amp#27;[35m[BaseDriver]&amp#27;[39m Waited for 3125 ms so far
[debug] &amp#27;[35m[WD Proxy]&amp#27;[39m Matched '/element' to command name 'findElement'
[debug] &amp#27;[35m[WD Proxy]&amp#27;[39m Proxying [POST /element] to [POST http://127.0.0.1:8201/wd/hub/session/ab6b0081-00c5-477a-ba28-9f4926873580/element] with body: {"strategy":"xpath","selector":"//android.widget.Button[@text='Sign In']","context":"","multiple":false}
&amp#27;[35m[WD Proxy]&amp#27;[39m Got response with status 404: {"sessionId":"ab6b0081-00c5-477a-ba28-9f4926873580","value":{"error":"no such element","message":"An element could not be located on the page using the given search parameters","stacktrace":"io.appium.uiautomator2.common.exceptions.ElementNotFoundException: An element could not be located on the page using the given search parameters\n\tat io.appium.uiautomator2.handler.FindElement.findElement(FindElement.java:89)\n\tat io.appium.uiautomator2.handler.FindElement.safeHandle(FindElement.java:66)\n\tat io.appium.uiautomator2.handler.request.SafeRequestHandler.handle(SafeRequestHandler.java:41)\n\tat io.appium.uiautomator2.server.AppiumServlet.handleRequest(AppiumServlet.java:262)\n\tat io.appium.uiautomator2.server.AppiumServlet.handleHttpRequest(AppiumServlet.java:256)\n\tat io.appium.uiautomator2.http.ServerHandler.channelRead(ServerHandler.java:68)\n\tat io.netty.channel.AbstractChannelHandlerContext.invokeChannelRead(AbstractChannelHandlerContext.java:366)\n\tat io.netty.channel.AbstractChannelHandlerCont...
[debug] &amp#27;[35m[W3C]&amp#27;[39m Matched W3C error code 'no such element' to NoSuchElementError
[debug] &amp#27;[35m[BaseDriver]&amp#27;[39m Waited for 3699 ms so far
[debug] &amp#27;[35m[WD Proxy]&amp#27;[39m Matched '/element' to command name 'findElement'
[debug] &amp#27;[35m[WD Proxy]&amp#27;[39m Proxying [POST /element] to [POST http://127.0.0.1:8201/wd/hub/session/ab6b0081-00c5-477a-ba28-9f4926873580/element] with body: {"strategy":"xpath","selector":"//android.widget.Button[@text='Sign In']","context":"","multiple":false}
&amp#27;[35m[WD Proxy]&amp#27;[39m Got response with status 404: {"sessionId":"ab6b0081-00c5-477a-ba28-9f4926873580","value":{"error":"no such element","message":"An element could not be located on the page using the given search parameters","stacktrace":"io.appium.uiautomator2.common.exceptions.ElementNotFoundException: An element could not be located on the page using the given search parameters\n\tat io.appium.uiautomator2.handler.FindElement.findElement(FindElement.java:89)\n\tat io.appium.uiautomator2.handler.FindElement.safeHandle(FindElement.java:66)\n\tat io.appium.uiautomator2.handler.request.SafeRequestHandler.handle(SafeRequestHandler.java:41)\n\tat io.appium.uiautomator2.server.AppiumServlet.handleRequest(AppiumServlet.java:262)\n\tat io.appium.uiautomator2.server.AppiumServlet.handleHttpRequest(AppiumServlet.java:256)\n\tat io.appium.uiautomator2.http.ServerHandler.channelRead(ServerHandler.java:68)\n\tat io.netty.channel.AbstractChannelHandlerContext.invokeChannelRead(AbstractChannelHandlerContext.java:366)\n\tat io.netty.channel.AbstractChannelHandlerCont...
[debug] &amp#27;[35m[W3C]&amp#27;[39m Matched W3C error code 'no such element' to NoSuchElementError
[debug] &amp#27;[35m[BaseDriver]&amp#27;[39m Waited for 4296 ms so far
[debug] &amp#27;[35m[WD Proxy]&amp#27;[39m Matched '/element' to command name 'findElement'
[debug] &amp#27;[35m[WD Proxy]&amp#27;[39m Proxying [POST /element] to [POST http://127.0.0.1:8201/wd/hub/session/ab6b0081-00c5-477a-ba28-9f4926873580/element] with body: {"strategy":"xpath","selector":"//android.widget.Button[@text='Sign In']","context":"","multiple":false}
&amp#27;[35m[WD Proxy]&amp#27;[39m Got response with status 404: {"sessionId":"ab6b0081-00c5-477a-ba28-9f4926873580","value":{"error":"no such element","message":"An element could not be located on the page using the given search parameters","stacktrace":"io.appium.uiautomator2.common.exceptions.ElementNotFoundException: An element could not be located on the page using the given search parameters\n\tat io.appium.uiautomator2.handler.FindElement.findElement(FindElement.java:89)\n\tat io.appium.uiautomator2.handler.FindElement.safeHandle(FindElement.java:66)\n\tat io.appium.uiautomator2.handler.request.SafeRequestHandler.handle(SafeRequestHandler.java:41)\n\tat io.appium.uiautomator2.server.AppiumServlet.handleRequest(AppiumServlet.java:262)\n\tat io.appium.uiautomator2.server.AppiumServlet.handleHttpRequest(AppiumServlet.java:256)\n\tat io.appium.uiautomator2.http.ServerHandler.channelRead(ServerHandler.java:68)\n\tat io.netty.channel.AbstractChannelHandlerContext.invokeChannelRead(AbstractChannelHandlerContext.java:366)\n\tat io.netty.channel.AbstractChannelHandlerCont...
[debug] &amp#27;[35m[W3C]&amp#27;[39m Matched W3C error code 'no such element' to NoSuchElementError
[debug] &amp#27;[35m[BaseDriver]&amp#27;[39m Waited for 4876 ms so far
[debug] &amp#27;[35m[WD Proxy]&amp#27;[39m Matched '/element' to command name 'findElement'
[debug] &amp#27;[35m[WD Proxy]&amp#27;[39m Proxying [POST /element] to [POST http://127.0.0.1:8201/wd/hub/session/ab6b0081-00c5-477a-ba28-9f4926873580/element] with body: {"strategy":"xpath","selector":"//android.widget.Button[@text='Sign In']","context":"","multiple":false}
&amp#27;[35m[WD Proxy]&amp#27;[39m Got response with status 404: {"sessionId":"ab6b0081-00c5-477a-ba28-9f4926873580","value":{"error":"no such element","message":"An element could not be located on the page using the given search parameters","stacktrace":"io.appium.uiautomator2.common.exceptions.ElementNotFoundException: An element could not be located on the page using the given search parameters\n\tat io.appium.uiautomator2.handler.FindElement.findElement(FindElement.java:89)\n\tat io.appium.uiautomator2.handler.FindElement.safeHandle(FindElement.java:66)\n\tat io.appium.uiautomator2.handler.request.SafeRequestHandler.handle(SafeRequestHandler.java:41)\n\tat io.appium.uiautomator2.server.AppiumServlet.handleRequest(AppiumServlet.java:262)\n\tat io.appium.uiautomator2.server.AppiumServlet.handleHttpRequest(AppiumServlet.java:256)\n\tat io.appium.uiautomator2.http.ServerHandler.channelRead(ServerHandler.java:68)\n\tat io.netty.channel.AbstractChannelHandlerContext.invokeChannelRead(AbstractChannelHandlerContext.java:366)\n\tat io.netty.channel.AbstractChannelHandlerCont...
[debug] &amp#27;[35m[W3C]&amp#27;[39m Matched W3C error code 'no such element' to NoSuchElementError
[debug] &amp#27;[35m[BaseDriver]&amp#27;[39m Waited for 5438 ms so far
[debug] &amp#27;[35m[WD Proxy]&amp#27;[39m Matched '/element' to command name 'findElement'
[debug] &amp#27;[35m[WD Proxy]&amp#27;[39m Proxying [POST /element] to [POST http://127.0.0.1:8201/wd/hub/session/ab6b0081-00c5-477a-ba28-9f4926873580/element] with body: {"strategy":"xpath","selector":"//android.widget.Button[@text='Sign In']","context":"","multiple":false}
&amp#27;[35m[WD Proxy]&amp#27;[39m Got response with status 404: {"sessionId":"ab6b0081-00c5-477a-ba28-9f4926873580","value":{"error":"no such element","message":"An element could not be located on the page using the given search parameters","stacktrace":"io.appium.uiautomator2.common.exceptions.ElementNotFoundException: An element could not be located on the page using the given search parameters\n\tat io.appium.uiautomator2.handler.FindElement.findElement(FindElement.java:89)\n\tat io.appium.uiautomator2.handler.FindElement.safeHandle(FindElement.java:66)\n\tat io.appium.uiautomator2.handler.request.SafeRequestHandler.handle(SafeRequestHandler.java:41)\n\tat io.appium.uiautomator2.server.AppiumServlet.handleRequest(AppiumServlet.java:262)\n\tat io.appium.uiautomator2.server.AppiumServlet.handleHttpRequest(AppiumServlet.java:256)\n\tat io.appium.uiautomator2.http.ServerHandler.channelRead(ServerHandler.java:68)\n\tat io.netty.channel.AbstractChannelHandlerContext.invokeChannelRead(AbstractChannelHandlerContext.java:366)\n\tat io.netty.channel.AbstractChannelHandlerCont...
[debug] &amp#27;[35m[W3C]&amp#27;[39m Matched W3C error code 'no such element' to NoSuchElementError
[debug] &amp#27;[35m[BaseDriver]&amp#27;[39m Waited for 5994 ms so far
[debug] &amp#27;[35m[WD Proxy]&amp#27;[39m Matched '/element' to command name 'findElement'
[debug] &amp#27;[35m[WD Proxy]&amp#27;[39m Proxying [POST /element] to [POST http://127.0.0.1:8201/wd/hub/session/ab6b0081-00c5-477a-ba28-9f4926873580/element] with body: {"strategy":"xpath","selector":"//android.widget.Button[@text='Sign In']","context":"","multiple":false}
&amp#27;[35m[WD Proxy]&amp#27;[39m Got response with status 404: {"sessionId":"ab6b0081-00c5-477a-ba28-9f4926873580","value":{"error":"no such element","message":"An element could not be located on the page using the given search parameters","stacktrace":"io.appium.uiautomator2.common.exceptions.ElementNotFoundException: An element could not be located on the page using the given search parameters\n\tat io.appium.uiautomator2.handler.FindElement.findElement(FindElement.java:89)\n\tat io.appium.uiautomator2.handler.FindElement.safeHandle(FindElement.java:66)\n\tat io.appium.uiautomator2.handler.request.SafeRequestHandler.handle(SafeRequestHandler.java:41)\n\tat io.appium.uiautomator2.server.AppiumServlet.handleRequest(AppiumServlet.java:262)\n\tat io.appium.uiautomator2.server.AppiumServlet.handleHttpRequest(AppiumServlet.java:256)\n\tat io.appium.uiautomator2.http.ServerHandler.channelRead(ServerHandler.java:68)\n\tat io.netty.channel.AbstractChannelHandlerContext.invokeChannelRead(AbstractChannelHandlerContext.java:366)\n\tat io.netty.channel.AbstractChannelHandlerCont...
[debug] &amp#27;[35m[W3C]&amp#27;[39m Matched W3C error code 'no such element' to NoSuchElementError
[debug] &amp#27;[35m[BaseDriver]&amp#27;[39m Waited for 6579 ms so far
[debug] &amp#27;[35m[WD Proxy]&amp#27;[39m Matched '/element' to command name 'findElement'
[debug] &amp#27;[35m[WD Proxy]&amp#27;[39m Proxying [POST /element] to [POST http://127.0.0.1:8201/wd/hub/session/ab6b0081-00c5-477a-ba28-9f4926873580/element] with body: {"strategy":"xpath","selector":"//android.widget.Button[@text='Sign In']","context":"","multiple":false}
&amp#27;[35m[WD Proxy]&amp#27;[39m Got response with status 404: {"sessionId":"ab6b0081-00c5-477a-ba28-9f4926873580","value":{"error":"no such element","message":"An element could not be located on the page using the given search parameters","stacktrace":"io.appium.uiautomator2.common.exceptions.ElementNotFoundException: An element could not be located on the page using the given search parameters\n\tat io.appium.uiautomator2.handler.FindElement.findElement(FindElement.java:89)\n\tat io.appium.uiautomator2.handler.FindElement.safeHandle(FindElement.java:66)\n\tat io.appium.uiautomator2.handler.request.SafeRequestHandler.handle(SafeRequestHandler.java:41)\n\tat io.appium.uiautomator2.server.AppiumServlet.handleRequest(AppiumServlet.java:262)\n\tat io.appium.uiautomator2.server.AppiumServlet.handleHttpRequest(AppiumServlet.java:256)\n\tat io.appium.uiautomator2.http.ServerHandler.channelRead(ServerHandler.java:68)\n\tat io.netty.channel.AbstractChannelHandlerContext.invokeChannelRead(AbstractChannelHandlerContext.java:366)\n\tat io.netty.channel.AbstractChannelHandlerCont...
[debug] &amp#27;[35m[W3C]&amp#27;[39m Matched W3C error code 'no such element' to NoSuchElementError
[debug] &amp#27;[35m[BaseDriver]&amp#27;[39m Waited for 7121 ms so far
[debug] &amp#27;[35m[WD Proxy]&amp#27;[39m Matched '/element' to command name 'findElement'
[debug] &amp#27;[35m[WD Proxy]&amp#27;[39m Proxying [POST /element] to [POST http://127.0.0.1:8201/wd/hub/session/ab6b0081-00c5-477a-ba28-9f4926873580/element] with body: {"strategy":"xpath","selector":"//android.widget.Button[@text='Sign In']","context":"","multiple":false}
&amp#27;[35m[WD Proxy]&amp#27;[39m Got response with status 404: {"sessionId":"ab6b0081-00c5-477a-ba28-9f4926873580","value":{"error":"no such element","message":"An element could not be located on the page using the given search parameters","stacktrace":"io.appium.uiautomator2.common.exceptions.ElementNotFoundException: An element could not be located on the page using the given search parameters\n\tat io.appium.uiautomator2.handler.FindElement.findElement(FindElement.java:89)\n\tat io.appium.uiautomator2.handler.FindElement.safeHandle(FindElement.java:66)\n\tat io.appium.uiautomator2.handler.request.SafeRequestHandler.handle(SafeRequestHandler.java:41)\n\tat io.appium.uiautomator2.server.AppiumServlet.handleRequest(AppiumServlet.java:262)\n\tat io.appium.uiautomator2.server.AppiumServlet.handleHttpRequest(AppiumServlet.java:256)\n\tat io.appium.uiautomator2.http.ServerHandler.channelRead(ServerHandler.java:68)\n\tat io.netty.channel.AbstractChannelHandlerContext.invokeChannelRead(AbstractChannelHandlerContext.java:366)\n\tat io.netty.channel.AbstractChannelHandlerCont...
[debug] &amp#27;[35m[W3C]&amp#27;[39m Matched W3C error code 'no such element' to NoSuchElementError
[debug] &amp#27;[35m[BaseDriver]&amp#27;[39m Waited for 7688 ms so far
[debug] &amp#27;[35m[WD Proxy]&amp#27;[39m Matched '/element' to command name 'findElement'
[debug] &amp#27;[35m[WD Proxy]&amp#27;[39m Proxying [POST /element] to [POST http://127.0.0.1:8201/wd/hub/session/ab6b0081-00c5-477a-ba28-9f4926873580/element] with body: {"strategy":"xpath","selector":"//android.widget.Button[@text='Sign In']","context":"","multiple":false}
&amp#27;[35m[WD Proxy]&amp#27;[39m Got response with status 404: {"sessionId":"ab6b0081-00c5-477a-ba28-9f4926873580","value":{"error":"no such element","message":"An element could not be located on the page using the given search parameters","stacktrace":"io.appium.uiautomator2.common.exceptions.ElementNotFoundException: An element could not be located on the page using the given search parameters\n\tat io.appium.uiautomator2.handler.FindElement.findElement(FindElement.java:89)\n\tat io.appium.uiautomator2.handler.FindElement.safeHandle(FindElement.java:66)\n\tat io.appium.uiautomator2.handler.request.SafeRequestHandler.handle(SafeRequestHandler.java:41)\n\tat io.appium.uiautomator2.server.AppiumServlet.handleRequest(AppiumServlet.java:262)\n\tat io.appium.uiautomator2.server.AppiumServlet.handleHttpRequest(AppiumServlet.java:256)\n\tat io.appium.uiautomator2.http.ServerHandler.channelRead(ServerHandler.java:68)\n\tat io.netty.channel.AbstractChannelHandlerContext.invokeChannelRead(AbstractChannelHandlerContext.java:366)\n\tat io.netty.channel.AbstractChannelHandlerCont...
[debug] &amp#27;[35m[W3C]&amp#27;[39m Matched W3C error code 'no such element' to NoSuchElementError
[debug] &amp#27;[35m[BaseDriver]&amp#27;[39m Waited for 8259 ms so far
[debug] &amp#27;[35m[WD Proxy]&amp#27;[39m Matched '/element' to command name 'findElement'
[debug] &amp#27;[35m[WD Proxy]&amp#27;[39m Proxying [POST /element] to [POST http://127.0.0.1:8201/wd/hub/session/ab6b0081-00c5-477a-ba28-9f4926873580/element] with body: {"strategy":"xpath","selector":"//android.widget.Button[@text='Sign In']","context":"","multiple":false}
&amp#27;[35m[WD Proxy]&amp#27;[39m Got response with status 404: {"sessionId":"ab6b0081-00c5-477a-ba28-9f4926873580","value":{"error":"no such element","message":"An element could not be located on the page using the given search parameters","stacktrace":"io.appium.uiautomator2.common.exceptions.ElementNotFoundException: An element could not be located on the page using the given search parameters\n\tat io.appium.uiautomator2.handler.FindElement.findElement(FindElement.java:89)\n\tat io.appium.uiautomator2.handler.FindElement.safeHandle(FindElement.java:66)\n\tat io.appium.uiautomator2.handler.request.SafeRequestHandler.handle(SafeRequestHandler.java:41)\n\tat io.appium.uiautomator2.server.AppiumServlet.handleRequest(AppiumServlet.java:262)\n\tat io.appium.uiautomator2.server.AppiumServlet.handleHttpRequest(AppiumServlet.java:256)\n\tat io.appium.uiautomator2.http.ServerHandler.channelRead(ServerHandler.java:68)\n\tat io.netty.channel.AbstractChannelHandlerContext.invokeChannelRead(AbstractChannelHandlerContext.java:366)\n\tat io.netty.channel.AbstractChannelHandlerCont...
[debug] &amp#27;[35m[W3C]&amp#27;[39m Matched W3C error code 'no such element' to NoSuchElementError
[debug] &amp#27;[35m[BaseDriver]&amp#27;[39m Waited for 8840 ms so far
[debug] &amp#27;[35m[WD Proxy]&amp#27;[39m Matched '/element' to command name 'findElement'
[debug] &amp#27;[35m[WD Proxy]&amp#27;[39m Proxying [POST /element] to [POST http://127.0.0.1:8201/wd/hub/session/ab6b0081-00c5-477a-ba28-9f4926873580/element] with body: {"strategy":"xpath","selector":"//android.widget.Button[@text='Sign In']","context":"","multiple":false}
&amp#27;[35m[WD Proxy]&amp#27;[39m Got response with status 404: {"sessionId":"ab6b0081-00c5-477a-ba28-9f4926873580","value":{"error":"no such element","message":"An element could not be located on the page using the given search parameters","stacktrace":"io.appium.uiautomator2.common.exceptions.ElementNotFoundException: An element could not be located on the page using the given search parameters\n\tat io.appium.uiautomator2.handler.FindElement.findElement(FindElement.java:89)\n\tat io.appium.uiautomator2.handler.FindElement.safeHandle(FindElement.java:66)\n\tat io.appium.uiautomator2.handler.request.SafeRequestHandler.handle(SafeRequestHandler.java:41)\n\tat io.appium.uiautomator2.server.AppiumServlet.handleRequest(AppiumServlet.java:262)\n\tat io.appium.uiautomator2.server.AppiumServlet.handleHttpRequest(AppiumServlet.java:256)\n\tat io.appium.uiautomator2.http.ServerHandler.channelRead(ServerHandler.java:68)\n\tat io.netty.channel.AbstractChannelHandlerContext.invokeChannelRead(AbstractChannelHandlerContext.java:366)\n\tat io.netty.channel.AbstractChannelHandlerCont...
[debug] &amp#27;[35m[W3C]&amp#27;[39m Matched W3C error code 'no such element' to NoSuchElementError
[debug] &amp#27;[35m[BaseDriver]&amp#27;[39m Waited for 9396 ms so far
[debug] &amp#27;[35m[WD Proxy]&amp#27;[39m Matched '/element' to command name 'findElement'
[debug] &amp#27;[35m[WD Proxy]&amp#27;[39m Proxying [POST /element] to [POST http://127.0.0.1:8201/wd/hub/session/ab6b0081-00c5-477a-ba28-9f4926873580/element] with body: {"strategy":"xpath","selector":"//android.widget.Button[@text='Sign In']","context":"","multiple":false}
&amp#27;[35m[WD Proxy]&amp#27;[39m Got response with status 404: {"sessionId":"ab6b0081-00c5-477a-ba28-9f4926873580","value":{"error":"no such element","message":"An element could not be located on the page using the given search parameters","stacktrace":"io.appium.uiautomator2.common.exceptions.ElementNotFoundException: An element could not be located on the page using the given search parameters\n\tat io.appium.uiautomator2.handler.FindElement.findElement(FindElement.java:89)\n\tat io.appium.uiautomator2.handler.FindElement.safeHandle(FindElement.java:66)\n\tat io.appium.uiautomator2.handler.request.SafeRequestHandler.handle(SafeRequestHandler.java:41)\n\tat io.appium.uiautomator2.server.AppiumServlet.handleRequest(AppiumServlet.java:262)\n\tat io.appium.uiautomator2.server.AppiumServlet.handleHttpRequest(AppiumServlet.java:256)\n\tat io.appium.uiautomator2.http.ServerHandler.channelRead(ServerHandler.java:68)\n\tat io.netty.channel.AbstractChannelHandlerContext.invokeChannelRead(AbstractChannelHandlerContext.java:366)\n\tat io.netty.channel.AbstractChannelHandlerCont...
[debug] &amp#27;[35m[W3C]&amp#27;[39m Matched W3C error code 'no such element' to NoSuchElementError
[debug] &amp#27;[35m[BaseDriver]&amp#27;[39m Waited for 9979 ms so far
[debug] &amp#27;[35m[WD Proxy]&amp#27;[39m Matched '/element' to command name 'findElement'
[debug] &amp#27;[35m[WD Proxy]&amp#27;[39m Proxying [POST /element] to [POST http://127.0.0.1:8201/wd/hub/session/ab6b0081-00c5-477a-ba28-9f4926873580/element] with body: {"strategy":"xpath","selector":"//android.widget.Button[@text='Sign In']","context":"","multiple":false}
&amp#27;[35m[WD Proxy]&amp#27;[39m Got response with status 404: {"sessionId":"ab6b0081-00c5-477a-ba28-9f4926873580","value":{"error":"no such element","message":"An element could not be located on the page using the given search parameters","stacktrace":"io.appium.uiautomator2.common.exceptions.ElementNotFoundException: An element could not be located on the page using the given search parameters\n\tat io.appium.uiautomator2.handler.FindElement.findElement(FindElement.java:89)\n\tat io.appium.uiautomator2.handler.FindElement.safeHandle(FindElement.java:66)\n\tat io.appium.uiautomator2.handler.request.SafeRequestHandler.handle(SafeRequestHandler.java:41)\n\tat io.appium.uiautomator2.server.AppiumServlet.handleRequest(AppiumServlet.java:262)\n\tat io.appium.uiautomator2.server.AppiumServlet.handleHttpRequest(AppiumServlet.java:256)\n\tat io.appium.uiautomator2.http.ServerHandler.channelRead(ServerHandler.java:68)\n\tat io.netty.channel.AbstractChannelHandlerContext.invokeChannelRead(AbstractChannelHandlerContext.java:366)\n\tat io.netty.channel.AbstractChannelHandlerCont...
[debug] &amp#27;[35m[W3C]&amp#27;[39m Matched W3C error code 'no such element' to NoSuchElementError
[debug] &amp#27;[35m[BaseDriver]&amp#27;[39m Waited for 10593 ms so far
[debug] &amp#27;[35m[WD Proxy]&amp#27;[39m Matched '/element' to command name 'findElement'
[debug] &amp#27;[35m[WD Proxy]&amp#27;[39m Proxying [POST /element] to [POST http://127.0.0.1:8201/wd/hub/session/ab6b0081-00c5-477a-ba28-9f4926873580/element] with body: {"strategy":"xpath","selector":"//android.widget.Button[@text='Sign In']","context":"","multiple":false}
&amp#27;[35m[WD Proxy]&amp#27;[39m Got response with status 404: {"sessionId":"ab6b0081-00c5-477a-ba28-9f4926873580","value":{"error":"no such element","message":"An element could not be located on the page using the given search parameters","stacktrace":"io.appium.uiautomator2.common.exceptions.ElementNotFoundException: An element could not be located on the page using the given search parameters\n\tat io.appium.uiautomator2.handler.FindElement.findElement(FindElement.java:89)\n\tat io.appium.uiautomator2.handler.FindElement.safeHandle(FindElement.java:66)\n\tat io.appium.uiautomator2.handler.request.SafeRequestHandler.handle(SafeRequestHandler.java:41)\n\tat io.appium.uiautomator2.server.AppiumServlet.handleRequest(AppiumServlet.java:262)\n\tat io.appium.uiautomator2.server.AppiumServlet.handleHttpRequest(AppiumServlet.java:256)\n\tat io.appium.uiautomator2.http.ServerHandler.channelRead(ServerHandler.java:68)\n\tat io.netty.channel.AbstractChannelHandlerContext.invokeChannelRead(AbstractChannelHandlerContext.java:366)\n\tat io.netty.channel.AbstractChannelHandlerCont...
[debug] &amp#27;[35m[W3C]&amp#27;[39m Matched W3C error code 'no such element' to NoSuchElementError
[debug] &amp#27;[35m[BaseDriver]&amp#27;[39m Waited for 11156 ms so far
[debug] &amp#27;[35m[WD Proxy]&amp#27;[39m Matched '/element' to command name 'findElement'
[debug] &amp#27;[35m[WD Proxy]&amp#27;[39m Proxying [POST /element] to [POST http://127.0.0.1:8201/wd/hub/session/ab6b0081-00c5-477a-ba28-9f4926873580/element] with body: {"strategy":"xpath","selector":"//android.widget.Button[@text='Sign In']","context":"","multiple":false}
&amp#27;[35m[WD Proxy]&amp#27;[39m Got response with status 404: {"sessionId":"ab6b0081-00c5-477a-ba28-9f4926873580","value":{"error":"no such element","message":"An element could not be located on the page using the given search parameters","stacktrace":"io.appium.uiautomator2.common.exceptions.ElementNotFoundException: An element could not be located on the page using the given search parameters\n\tat io.appium.uiautomator2.handler.FindElement.findElement(FindElement.java:89)\n\tat io.appium.uiautomator2.handler.FindElement.safeHandle(FindElement.java:66)\n\tat io.appium.uiautomator2.handler.request.SafeRequestHandler.handle(SafeRequestHandler.java:41)\n\tat io.appium.uiautomator2.server.AppiumServlet.handleRequest(AppiumServlet.java:262)\n\tat io.appium.uiautomator2.server.AppiumServlet.handleHttpRequest(AppiumServlet.java:256)\n\tat io.appium.uiautomator2.http.ServerHandler.channelRead(ServerHandler.java:68)\n\tat io.netty.channel.AbstractChannelHandlerContext.invokeChannelRead(AbstractChannelHandlerContext.java:366)\n\tat io.netty.channel.AbstractChannelHandlerCont...
[debug] &amp#27;[35m[W3C]&amp#27;[39m Matched W3C error code 'no such element' to NoSuchElementError
[debug] &amp#27;[35m[BaseDriver]&amp#27;[39m Waited for 11731 ms so far
[debug] &amp#27;[35m[WD Proxy]&amp#27;[39m Matched '/element' to command name 'findElement'
[debug] &amp#27;[35m[WD Proxy]&amp#27;[39m Proxying [POST /element] to [POST http://127.0.0.1:8201/wd/hub/session/ab6b0081-00c5-477a-ba28-9f4926873580/element] with body: {"strategy":"xpath","selector":"//android.widget.Button[@text='Sign In']","context":"","multiple":false}
&amp#27;[35m[WD Proxy]&amp#27;[39m Got response with status 404: {"sessionId":"ab6b0081-00c5-477a-ba28-9f4926873580","value":{"error":"no such element","message":"An element could not be located on the page using the given search parameters","stacktrace":"io.appium.uiautomator2.common.exceptions.ElementNotFoundException: An element could not be located on the page using the given search parameters\n\tat io.appium.uiautomator2.handler.FindElement.findElement(FindElement.java:89)\n\tat io.appium.uiautomator2.handler.FindElement.safeHandle(FindElement.java:66)\n\tat io.appium.uiautomator2.handler.request.SafeRequestHandler.handle(SafeRequestHandler.java:41)\n\tat io.appium.uiautomator2.server.AppiumServlet.handleRequest(AppiumServlet.java:262)\n\tat io.appium.uiautomator2.server.AppiumServlet.handleHttpRequest(AppiumServlet.java:256)\n\tat io.appium.uiautomator2.http.ServerHandler.channelRead(ServerHandler.java:68)\n\tat io.netty.channel.AbstractChannelHandlerContext.invokeChannelRead(AbstractChannelHandlerContext.java:366)\n\tat io.netty.channel.AbstractChannelHandlerCont...
[debug] &amp#27;[35m[W3C]&amp#27;[39m Matched W3C error code 'no such element' to NoSuchElementError
[debug] &amp#27;[35m[BaseDriver]&amp#27;[39m Waited for 12309 ms so far
[debug] &amp#27;[35m[WD Proxy]&amp#27;[39m Matched '/element' to command name 'findElement'
[debug] &amp#27;[35m[WD Proxy]&amp#27;[39m Proxying [POST /element] to [POST http://127.0.0.1:8201/wd/hub/session/ab6b0081-00c5-477a-ba28-9f4926873580/element] with body: {"strategy":"xpath","selector":"//android.widget.Button[@text='Sign In']","context":"","multiple":false}
&amp#27;[35m[WD Proxy]&amp#27;[39m Got response with status 404: {"sessionId":"ab6b0081-00c5-477a-ba28-9f4926873580","value":{"error":"no such element","message":"An element could not be located on the page using the given search parameters","stacktrace":"io.appium.uiautomator2.common.exceptions.ElementNotFoundException: An element could not be located on the page using the given search parameters\n\tat io.appium.uiautomator2.handler.FindElement.findElement(FindElement.java:89)\n\tat io.appium.uiautomator2.handler.FindElement.safeHandle(FindElement.java:66)\n\tat io.appium.uiautomator2.handler.request.SafeRequestHandler.handle(SafeRequestHandler.java:41)\n\tat io.appium.uiautomator2.server.AppiumServlet.handleRequest(AppiumServlet.java:262)\n\tat io.appium.uiautomator2.server.AppiumServlet.handleHttpRequest(AppiumServlet.java:256)\n\tat io.appium.uiautomator2.http.ServerHandler.channelRead(ServerHandler.java:68)\n\tat io.netty.channel.AbstractChannelHandlerContext.invokeChannelRead(AbstractChannelHandlerContext.java:366)\n\tat io.netty.channel.AbstractChannelHandlerCont...
[debug] &amp#27;[35m[W3C]&amp#27;[39m Matched W3C error code 'no such element' to NoSuchElementError
[debug] &amp#27;[35m[BaseDriver]&amp#27;[39m Waited for 12855 ms so far
[debug] &amp#27;[35m[WD Proxy]&amp#27;[39m Matched '/element' to command name 'findElement'
[debug] &amp#27;[35m[WD Proxy]&amp#27;[39m Proxying [POST /element] to [POST http://127.0.0.1:8201/wd/hub/session/ab6b0081-00c5-477a-ba28-9f4926873580/element] with body: {"strategy":"xpath","selector":"//android.widget.Button[@text='Sign In']","context":"","multiple":false}
&amp#27;[35m[WD Proxy]&amp#27;[39m Got response with status 404: {"sessionId":"ab6b0081-00c5-477a-ba28-9f4926873580","value":{"error":"no such element","message":"An element could not be located on the page using the given search parameters","stacktrace":"io.appium.uiautomator2.common.exceptions.ElementNotFoundException: An element could not be located on the page using the given search parameters\n\tat io.appium.uiautomator2.handler.FindElement.findElement(FindElement.java:89)\n\tat io.appium.uiautomator2.handler.FindElement.safeHandle(FindElement.java:66)\n\tat io.appium.uiautomator2.handler.request.SafeRequestHandler.handle(SafeRequestHandler.java:41)\n\tat io.appium.uiautomator2.server.AppiumServlet.handleRequest(AppiumServlet.java:262)\n\tat io.appium.uiautomator2.server.AppiumServlet.handleHttpRequest(AppiumServlet.java:256)\n\tat io.appium.uiautomator2.http.ServerHandler.channelRead(ServerHandler.java:68)\n\tat io.netty.channel.AbstractChannelHandlerContext.invokeChannelRead(AbstractChannelHandlerContext.java:366)\n\tat io.netty.channel.AbstractChannelHandlerCont...
[debug] &amp#27;[35m[W3C]&amp#27;[39m Matched W3C error code 'no such element' to NoSuchElementError
[debug] &amp#27;[35m[BaseDriver]&amp#27;[39m Waited for 13422 ms so far
[debug] &amp#27;[35m[WD Proxy]&amp#27;[39m Matched '/element' to command name 'findElement'
[debug] &amp#27;[35m[WD Proxy]&amp#27;[39m Proxying [POST /element] to [POST http://127.0.0.1:8201/wd/hub/session/ab6b0081-00c5-477a-ba28-9f4926873580/element] with body: {"strategy":"xpath","selector":"//android.widget.Button[@text='Sign In']","context":"","multiple":false}
&amp#27;[35m[WD Proxy]&amp#27;[39m Got response with status 404: {"sessionId":"ab6b0081-00c5-477a-ba28-9f4926873580","value":{"error":"no such element","message":"An element could not be located on the page using the given search parameters","stacktrace":"io.appium.uiautomator2.common.exceptions.ElementNotFoundException: An element could not be located on the page using the given search parameters\n\tat io.appium.uiautomator2.handler.FindElement.findElement(FindElement.java:89)\n\tat io.appium.uiautomator2.handler.FindElement.safeHandle(FindElement.java:66)\n\tat io.appium.uiautomator2.handler.request.SafeRequestHandler.handle(SafeRequestHandler.java:41)\n\tat io.appium.uiautomator2.server.AppiumServlet.handleRequest(AppiumServlet.java:262)\n\tat io.appium.uiautomator2.server.AppiumServlet.handleHttpRequest(AppiumServlet.java:256)\n\tat io.appium.uiautomator2.http.ServerHandler.channelRead(ServerHandler.java:68)\n\tat io.netty.channel.AbstractChannelHandlerContext.invokeChannelRead(AbstractChannelHandlerContext.java:366)\n\tat io.netty.channel.AbstractChannelHandlerCont...
[debug] &amp#27;[35m[W3C]&amp#27;[39m Matched W3C error code 'no such element' to NoSuchElementError
[debug] &amp#27;[35m[BaseDriver]&amp#27;[39m Waited for 13985 ms so far
[debug] &amp#27;[35m[WD Proxy]&amp#27;[39m Matched '/element' to command name 'findElement'
[debug] &amp#27;[35m[WD Proxy]&amp#27;[39m Proxying [POST /element] to [POST http://127.0.0.1:8201/wd/hub/session/ab6b0081-00c5-477a-ba28-9f4926873580/element] with body: {"strategy":"xpath","selector":"//android.widget.Button[@text='Sign In']","context":"","multiple":false}
&amp#27;[35m[WD Proxy]&amp#27;[39m Got response with status 404: {"sessionId":"ab6b0081-00c5-477a-ba28-9f4926873580","value":{"error":"no such element","message":"An element could not be located on the page using the given search parameters","stacktrace":"io.appium.uiautomator2.common.exceptions.ElementNotFoundException: An element could not be located on the page using the given search parameters\n\tat io.appium.uiautomator2.handler.FindElement.findElement(FindElement.java:89)\n\tat io.appium.uiautomator2.handler.FindElement.safeHandle(FindElement.java:66)\n\tat io.appium.uiautomator2.handler.request.SafeRequestHandler.handle(SafeRequestHandler.java:41)\n\tat io.appium.uiautomator2.server.AppiumServlet.handleRequest(AppiumServlet.java:262)\n\tat io.appium.uiautomator2.server.AppiumServlet.handleHttpRequest(AppiumServlet.java:256)\n\tat io.appium.uiautomator2.http.ServerHandler.channelRead(ServerHandler.java:68)\n\tat io.netty.channel.AbstractChannelHandlerContext.invokeChannelRead(AbstractChannelHandlerContext.java:366)\n\tat io.netty.channel.AbstractChannelHandlerCont...
[debug] &amp#27;[35m[W3C]&amp#27;[39m Matched W3C error code 'no such element' to NoSuchElementError
[debug] &amp#27;[35m[BaseDriver]&amp#27;[39m Waited for 14587 ms so far
[debug] &amp#27;[35m[WD Proxy]&amp#27;[39m Matched '/element' to command name 'findElement'
[debug] &amp#27;[35m[WD Proxy]&amp#27;[39m Proxying [POST /element] to [POST http://127.0.0.1:8201/wd/hub/session/ab6b0081-00c5-477a-ba28-9f4926873580/element] with body: {"strategy":"xpath","selector":"//android.widget.Button[@text='Sign In']","context":"","multiple":false}
&amp#27;[35m[WD Proxy]&amp#27;[39m Got response with status 404: {"sessionId":"ab6b0081-00c5-477a-ba28-9f4926873580","value":{"error":"no such element","message":"An element could not be located on the page using the given search parameters","stacktrace":"io.appium.uiautomator2.common.exceptions.ElementNotFoundException: An element could not be located on the page using the given search parameters\n\tat io.appium.uiautomator2.handler.FindElement.findElement(FindElement.java:89)\n\tat io.appium.uiautomator2.handler.FindElement.safeHandle(FindElement.java:66)\n\tat io.appium.uiautomator2.handler.request.SafeRequestHandler.handle(SafeRequestHandler.java:41)\n\tat io.appium.uiautomator2.server.AppiumServlet.handleRequest(AppiumServlet.java:262)\n\tat io.appium.uiautomator2.server.AppiumServlet.handleHttpRequest(AppiumServlet.java:256)\n\tat io.appium.uiautomator2.http.ServerHandler.channelRead(ServerHandler.java:68)\n\tat io.netty.channel.AbstractChannelHandlerContext.invokeChannelRead(AbstractChannelHandlerContext.java:366)\n\tat io.netty.channel.AbstractChannelHandlerCont...
[debug] &amp#27;[35m[W3C]&amp#27;[39m Matched W3C error code 'no such element' to NoSuchElementError
[debug] &amp#27;[35m[BaseDriver]&amp#27;[39m Waited for 15144 ms so far
[debug] &amp#27;[35m[WD Proxy]&amp#27;[39m Matched '/element' to command name 'findElement'
[debug] &amp#27;[35m[WD Proxy]&amp#27;[39m Proxying [POST /element] to [POST http://127.0.0.1:8201/wd/hub/session/ab6b0081-00c5-477a-ba28-9f4926873580/element] with body: {"strategy":"xpath","selector":"//android.widget.Button[@text='Sign In']","context":"","multiple":false}
&amp#27;[35m[WD Proxy]&amp#27;[39m Got response with status 404: {"sessionId":"ab6b0081-00c5-477a-ba28-9f4926873580","value":{"error":"no such element","message":"An element could not be located on the page using the given search parameters","stacktrace":"io.appium.uiautomator2.common.exceptions.ElementNotFoundException: An element could not be located on the page using the given search parameters\n\tat io.appium.uiautomator2.handler.FindElement.findElement(FindElement.java:89)\n\tat io.appium.uiautomator2.handler.FindElement.safeHandle(FindElement.java:66)\n\tat io.appium.uiautomator2.handler.request.SafeRequestHandler.handle(SafeRequestHandler.java:41)\n\tat io.appium.uiautomator2.server.AppiumServlet.handleRequest(AppiumServlet.java:262)\n\tat io.appium.uiautomator2.server.AppiumServlet.handleHttpRequest(AppiumServlet.java:256)\n\tat io.appium.uiautomator2.http.ServerHandler.channelRead(ServerHandler.java:68)\n\tat io.netty.channel.AbstractChannelHandlerContext.invokeChannelRead(AbstractChannelHandlerContext.java:366)\n\tat io.netty.channel.AbstractChannelHandlerCont...
[debug] &amp#27;[35m[W3C]&amp#27;[39m Matched W3C error code 'no such element' to NoSuchElementError
[debug] &amp#27;[35m[BaseDriver]&amp#27;[39m Waited for 15698 ms so far
[debug] &amp#27;[35m[WD Proxy]&amp#27;[39m Matched '/element' to command name 'findElement'
[debug] &amp#27;[35m[WD Proxy]&amp#27;[39m Proxying [POST /element] to [POST http://127.0.0.1:8201/wd/hub/session/ab6b0081-00c5-477a-ba28-9f4926873580/element] with body: {"strategy":"xpath","selector":"//android.widget.Button[@text='Sign In']","context":"","multiple":false}
&amp#27;[35m[WD Proxy]&amp#27;[39m Got response with status 404: {"sessionId":"ab6b0081-00c5-477a-ba28-9f4926873580","value":{"error":"no such element","message":"An element could not be located on the page using the given search parameters","stacktrace":"io.appium.uiautomator2.common.exceptions.ElementNotFoundException: An element could not be located on the page using the given search parameters\n\tat io.appium.uiautomator2.handler.FindElement.findElement(FindElement.java:89)\n\tat io.appium.uiautomator2.handler.FindElement.safeHandle(FindElement.java:66)\n\tat io.appium.uiautomator2.handler.request.SafeRequestHandler.handle(SafeRequestHandler.java:41)\n\tat io.appium.uiautomator2.server.AppiumServlet.handleRequest(AppiumServlet.java:262)\n\tat io.appium.uiautomator2.server.AppiumServlet.handleHttpRequest(AppiumServlet.java:256)\n\tat io.appium.uiautomator2.http.ServerHandler.channelRead(ServerHandler.java:68)\n\tat io.netty.channel.AbstractChannelHandlerContext.invokeChannelRead(AbstractChannelHandlerContext.java:366)\n\tat io.netty.channel.AbstractChannelHandlerCont...
[debug] &amp#27;[35m[W3C]&amp#27;[39m Matched W3C error code 'no such element' to NoSuchElementError
[debug] &amp#27;[35m[BaseDriver]&amp#27;[39m Waited for 16258 ms so far
[debug] &amp#27;[35m[WD Proxy]&amp#27;[39m Matched '/element' to command name 'findElement'
[debug] &amp#27;[35m[WD Proxy]&amp#27;[39m Proxying [POST /element] to [POST http://127.0.0.1:8201/wd/hub/session/ab6b0081-00c5-477a-ba28-9f4926873580/element] with body: {"strategy":"xpath","selector":"//android.widget.Button[@text='Sign In']","context":"","multiple":false}
&amp#27;[35m[WD Proxy]&amp#27;[39m Got response with status 404: {"sessionId":"ab6b0081-00c5-477a-ba28-9f4926873580","value":{"error":"no such element","message":"An element could not be located on the page using the given search parameters","stacktrace":"io.appium.uiautomator2.common.exceptions.ElementNotFoundException: An element could not be located on the page using the given search parameters\n\tat io.appium.uiautomator2.handler.FindElement.findElement(FindElement.java:89)\n\tat io.appium.uiautomator2.handler.FindElement.safeHandle(FindElement.java:66)\n\tat io.appium.uiautomator2.handler.request.SafeRequestHandler.handle(SafeRequestHandler.java:41)\n\tat io.appium.uiautomator2.server.AppiumServlet.handleRequest(AppiumServlet.java:262)\n\tat io.appium.uiautomator2.server.AppiumServlet.handleHttpRequest(AppiumServlet.java:256)\n\tat io.appium.uiautomator2.http.ServerHandler.channelRead(ServerHandler.java:68)\n\tat io.netty.channel.AbstractChannelHandlerContext.invokeChannelRead(AbstractChannelHandlerContext.java:366)\n\tat io.netty.channel.AbstractChannelHandlerCont...
[debug] &amp#27;[35m[W3C]&amp#27;[39m Matched W3C error code 'no such element' to NoSuchElementError
[debug] &amp#27;[35m[BaseDriver]&amp#27;[39m Waited for 16841 ms so far
[debug] &amp#27;[35m[WD Proxy]&amp#27;[39m Matched '/element' to command name 'findElement'
[debug] &amp#27;[35m[WD Proxy]&amp#27;[39m Proxying [POST /element] to [POST http://127.0.0.1:8201/wd/hub/session/ab6b0081-00c5-477a-ba28-9f4926873580/element] with body: {"strategy":"xpath","selector":"//android.widget.Button[@text='Sign In']","context":"","multiple":false}
&amp#27;[35m[WD Proxy]&amp#27;[39m Got response with status 404: {"sessionId":"ab6b0081-00c5-477a-ba28-9f4926873580","value":{"error":"no such element","message":"An element could not be located on the page using the given search parameters","stacktrace":"io.appium.uiautomator2.common.exceptions.ElementNotFoundException: An element could not be located on the page using the given search parameters\n\tat io.appium.uiautomator2.handler.FindElement.findElement(FindElement.java:89)\n\tat io.appium.uiautomator2.handler.FindElement.safeHandle(FindElement.java:66)\n\tat io.appium.uiautomator2.handler.request.SafeRequestHandler.handle(SafeRequestHandler.java:41)\n\tat io.appium.uiautomator2.server.AppiumServlet.handleRequest(AppiumServlet.java:262)\n\tat io.appium.uiautomator2.server.AppiumServlet.handleHttpRequest(AppiumServlet.java:256)\n\tat io.appium.uiautomator2.http.ServerHandler.channelRead(ServerHandler.java:68)\n\tat io.netty.channel.AbstractChannelHandlerContext.invokeChannelRead(AbstractChannelHandlerContext.java:366)\n\tat io.netty.channel.AbstractChannelHandlerCont...
[debug] &amp#27;[35m[W3C]&amp#27;[39m Matched W3C error code 'no such element' to NoSuchElementError
[debug] &amp#27;[35m[BaseDriver]&amp#27;[39m Waited for 17396 ms so far
[debug] &amp#27;[35m[WD Proxy]&amp#27;[39m Matched '/element' to command name 'findElement'
[debug] &amp#27;[35m[WD Proxy]&amp#27;[39m Proxying [POST /element] to [POST http://127.0.0.1:8201/wd/hub/session/ab6b0081-00c5-477a-ba28-9f4926873580/element] with body: {"strategy":"xpath","selector":"//android.widget.Button[@text='Sign In']","context":"","multiple":false}
&amp#27;[35m[WD Proxy]&amp#27;[39m Got response with status 404: {"sessionId":"ab6b0081-00c5-477a-ba28-9f4926873580","value":{"error":"no such element","message":"An element could not be located on the page using the given search parameters","stacktrace":"io.appium.uiautomator2.common.exceptions.ElementNotFoundException: An element could not be located on the page using the given search parameters\n\tat io.appium.uiautomator2.handler.FindElement.findElement(FindElement.java:89)\n\tat io.appium.uiautomator2.handler.FindElement.safeHandle(FindElement.java:66)\n\tat io.appium.uiautomator2.handler.request.SafeRequestHandler.handle(SafeRequestHandler.java:41)\n\tat io.appium.uiautomator2.server.AppiumServlet.handleRequest(AppiumServlet.java:262)\n\tat io.appium.uiautomator2.server.AppiumServlet.handleHttpRequest(AppiumServlet.java:256)\n\tat io.appium.uiautomator2.http.ServerHandler.channelRead(ServerHandler.java:68)\n\tat io.netty.channel.AbstractChannelHandlerContext.invokeChannelRead(AbstractChannelHandlerContext.java:366)\n\tat io.netty.channel.AbstractChannelHandlerCont...
[debug] &amp#27;[35m[W3C]&amp#27;[39m Matched W3C error code 'no such element' to NoSuchElementError
[debug] &amp#27;[35m[BaseDriver]&amp#27;[39m Waited for 17961 ms so far
[debug] &amp#27;[35m[WD Proxy]&amp#27;[39m Matched '/element' to command name 'findElement'
[debug] &amp#27;[35m[WD Proxy]&amp#27;[39m Proxying [POST /element] to [POST http://127.0.0.1:8201/wd/hub/session/ab6b0081-00c5-477a-ba28-9f4926873580/element] with body: {"strategy":"xpath","selector":"//android.widget.Button[@text='Sign In']","context":"","multiple":false}
&amp#27;[35m[WD Proxy]&amp#27;[39m Got response with status 404: {"sessionId":"ab6b0081-00c5-477a-ba28-9f4926873580","value":{"error":"no such element","message":"An element could not be located on the page using the given search parameters","stacktrace":"io.appium.uiautomator2.common.exceptions.ElementNotFoundException: An element could not be located on the page using the given search parameters\n\tat io.appium.uiautomator2.handler.FindElement.findElement(FindElement.java:89)\n\tat io.appium.uiautomator2.handler.FindElement.safeHandle(FindElement.java:66)\n\tat io.appium.uiautomator2.handler.request.SafeRequestHandler.handle(SafeRequestHandler.java:41)\n\tat io.appium.uiautomator2.server.AppiumServlet.handleRequest(AppiumServlet.java:262)\n\tat io.appium.uiautomator2.server.AppiumServlet.handleHttpRequest(AppiumServlet.java:256)\n\tat io.appium.uiautomator2.http.ServerHandler.channelRead(ServerHandler.java:68)\n\tat io.netty.channel.AbstractChannelHandlerContext.invokeChannelRead(AbstractChannelHandlerContext.java:366)\n\tat io.netty.channel.AbstractChannelHandlerCont...
[debug] &amp#27;[35m[W3C]&amp#27;[39m Matched W3C error code 'no such element' to NoSuchElementError
[debug] &amp#27;[35m[BaseDriver]&amp#27;[39m Waited for 18535 ms so far
[debug] &amp#27;[35m[WD Proxy]&amp#27;[39m Matched '/element' to command name 'findElement'
[debug] &amp#27;[35m[WD Proxy]&amp#27;[39m Proxying [POST /element] to [POST http://127.0.0.1:8201/wd/hub/session/ab6b0081-00c5-477a-ba28-9f4926873580/element] with body: {"strategy":"xpath","selector":"//android.widget.Button[@text='Sign In']","context":"","multiple":false}
&amp#27;[35m[WD Proxy]&amp#27;[39m Got response with status 404: {"sessionId":"ab6b0081-00c5-477a-ba28-9f4926873580","value":{"error":"no such element","message":"An element could not be located on the page using the given search parameters","stacktrace":"io.appium.uiautomator2.common.exceptions.ElementNotFoundException: An element could not be located on the page using the given search parameters\n\tat io.appium.uiautomator2.handler.FindElement.findElement(FindElement.java:89)\n\tat io.appium.uiautomator2.handler.FindElement.safeHandle(FindElement.java:66)\n\tat io.appium.uiautomator2.handler.request.SafeRequestHandler.handle(SafeRequestHandler.java:41)\n\tat io.appium.uiautomator2.server.AppiumServlet.handleRequest(AppiumServlet.java:262)\n\tat io.appium.uiautomator2.server.AppiumServlet.handleHttpRequest(AppiumServlet.java:256)\n\tat io.appium.uiautomator2.http.ServerHandler.channelRead(ServerHandler.java:68)\n\tat io.netty.channel.AbstractChannelHandlerContext.invokeChannelRead(AbstractChannelHandlerContext.java:366)\n\tat io.netty.channel.AbstractChannelHandlerCont...
[debug] &amp#27;[35m[W3C]&amp#27;[39m Matched W3C error code 'no such element' to NoSuchElementError
[debug] &amp#27;[35m[BaseDriver]&amp#27;[39m Waited for 19107 ms so far
[debug] &amp#27;[35m[WD Proxy]&amp#27;[39m Matched '/element' to command name 'findElement'
[debug] &amp#27;[35m[WD Proxy]&amp#27;[39m Proxying [POST /element] to [POST http://127.0.0.1:8201/wd/hub/session/ab6b0081-00c5-477a-ba28-9f4926873580/element] with body: {"strategy":"xpath","selector":"//android.widget.Button[@text='Sign In']","context":"","multiple":false}
&amp#27;[35m[WD Proxy]&amp#27;[39m Got response with status 404: {"sessionId":"ab6b0081-00c5-477a-ba28-9f4926873580","value":{"error":"no such element","message":"An element could not be located on the page using the given search parameters","stacktrace":"io.appium.uiautomator2.common.exceptions.ElementNotFoundException: An element could not be located on the page using the given search parameters\n\tat io.appium.uiautomator2.handler.FindElement.findElement(FindElement.java:89)\n\tat io.appium.uiautomator2.handler.FindElement.safeHandle(FindElement.java:66)\n\tat io.appium.uiautomator2.handler.request.SafeRequestHandler.handle(SafeRequestHandler.java:41)\n\tat io.appium.uiautomator2.server.AppiumServlet.handleRequest(AppiumServlet.java:262)\n\tat io.appium.uiautomator2.server.AppiumServlet.handleHttpRequest(AppiumServlet.java:256)\n\tat io.appium.uiautomator2.http.ServerHandler.channelRead(ServerHandler.java:68)\n\tat io.netty.channel.AbstractChannelHandlerContext.invokeChannelRead(AbstractChannelHandlerContext.java:366)\n\tat io.netty.channel.AbstractChannelHandlerCont...
[debug] &amp#27;[35m[W3C]&amp#27;[39m Matched W3C error code 'no such element' to NoSuchElementError
[debug] &amp#27;[35m[BaseDriver]&amp#27;[39m Waited for 19665 ms so far
[debug] &amp#27;[35m[WD Proxy]&amp#27;[39m Matched '/element' to command name 'findElement'
[debug] &amp#27;[35m[WD Proxy]&amp#27;[39m Proxying [POST /element] to [POST http://127.0.0.1:8201/wd/hub/session/ab6b0081-00c5-477a-ba28-9f4926873580/element] with body: {"strategy":"xpath","selector":"//android.widget.Button[@text='Sign In']","context":"","multiple":false}
&amp#27;[35m[WD Proxy]&amp#27;[39m Got response with status 404: {"sessionId":"ab6b0081-00c5-477a-ba28-9f4926873580","value":{"error":"no such element","message":"An element could not be located on the page using the given search parameters","stacktrace":"io.appium.uiautomator2.common.exceptions.ElementNotFoundException: An element could not be located on the page using the given search parameters\n\tat io.appium.uiautomator2.handler.FindElement.findElement(FindElement.java:89)\n\tat io.appium.uiautomator2.handler.FindElement.safeHandle(FindElement.java:66)\n\tat io.appium.uiautomator2.handler.request.SafeRequestHandler.handle(SafeRequestHandler.java:41)\n\tat io.appium.uiautomator2.server.AppiumServlet.handleRequest(AppiumServlet.java:262)\n\tat io.appium.uiautomator2.server.AppiumServlet.handleHttpRequest(AppiumServlet.java:256)\n\tat io.appium.uiautomator2.http.ServerHandler.channelRead(ServerHandler.java:68)\n\tat io.netty.channel.AbstractChannelHandlerContext.invokeChannelRead(AbstractChannelHandlerContext.java:366)\n\tat io.netty.channel.AbstractChannelHandlerCont...
[debug] &amp#27;[35m[W3C]&amp#27;[39m Matched W3C error code 'no such element' to NoSuchElementError
[debug] &amp#27;[35m[W3C (95647b7f)]&amp#27;[39m Encountered internal error running command: NoSuchElementError: An element could not be located on the page using the given search parameters.
[debug] &amp#27;[35m[W3C (95647b7f)]&amp#27;[39m     at AndroidUiautomator2Driver.findElOrEls (C:\Users\Fayaz\AppData\Roaming\npm\node_modules\appium\node_modules\appium-android-driver\lib\commands\find.js:75:11)
[debug] &amp#27;[35m[W3C (95647b7f)]&amp#27;[39m     at runMicrotasks (<anonymous>)
[debug] &amp#27;[35m[W3C (95647b7f)]&amp#27;[39m     at processTicksAndRejChangingPIN
ections (internal/process/task_queues.js:95:5)
[debug] &amp#27;[35m[W3C (95647b7f)]&amp#27;[39m     at AndroidUiautomator2Driver.findElOrElsWithProcessing (C:\Users\Fayaz\AppData\Roaming\npm\node_modules\appium\node_modules\appium-base-driver\lib\basedriver\commands\find.js:33:12)
[debug] &amp#27;[35m[W3C (95647b7f)]&amp#27;[39m     at AndroidUiautomator2Driver.findElement (C:\Users\Fayaz\AppData\Roaming\npm\node_modules\appium\node_modules\appium-base-driver\lib\basedriver\commands\find.js:53:10)
&amp#27;[35m[HTTP]&amp#27;[39m &amp#27;[37m<-- POST /wd/hub/session/95647b7f-d90e-473d-876e-0750aa5cc4a8/element &amp#27;[39m&amp#27;[33m404&amp#27;[39m &amp#27;[90m20221 ms - 914&amp#27;[39m
&amp#27;[35m[HTTP]&amp#27;[39m &amp#27;[90m&amp#27;[39m
&amp#27;[35m[HTTP]&amp#27;[39m &amp#27;[37m-->&amp#27;[39m &amp#27;[37mGET&amp#27;[39m &amp#27;[37m/wd/hub/session/95647b7f-d90e-473d-876e-0750aa5cc4a8/screenshot&amp#27;[39m
&amp#27;[35m[HTTP]&amp#27;[39m &amp#27;[90m{}&amp#27;[39m
[debug] &amp#27;[35m[W3C (95647b7f)]&amp#27;[39m Calling AppiumDriver.getScreenshot() with args: ["95647b7f-d90e-473d-876e-0750aa5cc4a8"]
[debug] &amp#27;[35m[WD Proxy]&amp#27;[39m Matched '/screenshot' to command name 'getScreenshot'
[debug] &amp#27;[35m[WD Proxy]&amp#27;[39m Proxying [GET /screenshot] to [GET http://127.0.0.1:8201/wd/hub/session/ab6b0081-00c5-477a-ba28-9f4926873580/screenshot] with no body
[debug] &amp#27;[35m[WD Proxy]&amp#27;[39m Got response with status 200: {"sessionId":"ab6b0081-00c5-477a-ba28-9f4926873580","value":"iVBORw0KGgoAAAANSUhEUgAABDgAAAeACAYAAAArYecKAAAAAXNSR0IArs4c6QAAAARzQklUCAgI\nCHwIZIgAACAASURBVHic7N13eBzVuQbwd7apF0uW5CZblrtxlysGAzaEYjCmQ4BACkkoFwgpFwKh\nl4RAKCEhBAghtJtCszEQwHSwMe4FV9yLZNmyZHWtds/9Y9v0nS2zK9nv7z7Gu2dmzpmV5Dx3Xn3n\nHOneM58WICIiIiIiIiLqxhzpvgEiIiIiIiIiokQx4CAiIiIiIiKibo8BBxERERERERF1eww4iIiI\niIiIiKjbY8BBRERERERERN0eAw4iIiIiIiIi6vYYcBARERERERFRt8eAg4iIiIiIiIi6PQYcRERE\nRERERNTtMeAgIiIiIiIiom6PAQcRERERERERdXuudN8AUbpJDgm5PbIxZFI5Kif0Q9nAYmQXZgIA\nWhraULvjEL5dthubl+xAY10LhF+k+Y6JiIiIiIhITbr3zKf5tEZHHwkoKe+B066ejr7DS+F0OgAp\nyjUC8Pv82LflAN598gtUbzsIdMN/PQ6nA6UDegCShNweWQCApkOtgBDYv+MQ/D5/mu+QiIiIiIgo\ndgw46KiTV5yD6569CA6HhVDDiAD8fj9+e85zEKJr/xNyuBzI75mDfiPK0G94KUr6FyEjxwMAcLkD\ns9Q6vYFQo725A7U767B7w37sXl+Dwwea4e9k4EFERERE3VtmjgelA4vRq7IYGTkelFUWIzP4/xMD\nQFtzB2q2HkR7cweqtx7E/m0H0dbckcY7TlxZZTFqth60fYxTfjTV9Jz3n1ls+32EcIoKHTWcbie+\n99sz0XtIT0hSvMlGkBSohDjrxhmY98gnybnBJHO6HCjqU4CRMyoxcGxfZBdkIjs/MxxuGCkbWITK\n8f3Q0tCGbav24JtPt6JubwN8...
[debug] &amp#27;[35m[W3C (95647b7f)]&amp#27;[39m Responding to client with driver.getScreenshot() result: "iVBORw0KGgoAAAANSUhEUgAABDgAAAeACAYAAAArYecKAAAAAXNSR0IArs4c6QAAAARzQklUCAgI\nCHwIZIgAACAASURBVHic7N13eBzVuQbwd7apF0uW5CZblrtxlysGAzaEYjCmQ4BACkkoFwgpFwKh\nl4RAKCEhBAghtJtCszEQwHSwMe4FV9yLZNmyZHWtds/9Y9v0nS2zK9nv7z7Gu2dmzpmV5Dx3Xn3n\nHOneM58WICIiIiIiIiLqxhzpvgEiIiIiIiIiokQx4CAiIiIiIiKibo8BBxERERERERF1eww4iIiI\niIiIiKjbY8BBRERERERERN0eAw4iIiIiIiIi6vYYcBARERERERFRt8eAg4iIiIiIiIi6PQYcRERE\nRERERNTtMeAgIiIiIiIiom6PAQcRERERERERdXuudN8AUbpJDgm5PbIxZFI5Kif0Q9nAYmQXZgIA\nWhraULvjEL5dthubl+xAY10LhF+k+Y6JiIiIiIhITbr3zKf5tEZHHwkoKe+B066ejr7DS+F0OgAp\nyjUC8Pv82LflAN598gtUbzsIdMN/PQ6nA6UDegCShNweWQCApkOtgBDYv+MQ/D5/mu+QiIiIiIgo\ndgw46KiTV5yD6569CA6HhVDDiAD8fj9+e85zEKJr/xNyuBzI75mDfiPK0G94KUr6FyEjxwMAcLkD\ns9Q6vYFQo725A7U767B7w37sXl+Dwwea4e9k4EFERERE3VtmjgelA4vRq7IYGTkelFUWIzP4/xMD\nQFtzB2q2HkR7cweqtx7E/m0H0dbckcY7TlxZZTFqth60fYxTfjTV9Jz3n1ls+32EcIoKHTWcbie+\n99sz0XtIT0hSvMlGkBSohDjrxhmY98gnybnBJHO6HCjqU4CRMyoxcGxfZBdkIjs/MxxuGCkbWITK\n8f3Q0tCGbav24JtPt6JubwN83Sjo8GS6MebkISgozYv52ramdmxdvhv7dxyCz+uz4e6IiIiIKBUK\nSvMwbO...
&amp#27;[35m[HTTP]&amp#27;[39m &amp#27;[37m<-- GET /wd/hub/session/95647b7f-d90e-473d-876e-0750aa5cc4a8/screenshot &amp#27;[39m&amp#27;[32m200&amp#27;[39m &amp#27;[90m298 ms - 150474&amp#27;[39m
&amp#27;[35m[HTTP]&amp#27;[39m &amp#27;[90m&amp#27;[39m
]]></system-out>
    <system-err><![CDATA[Dec 08, 2021 2:43:16 PM io.appium.java_client.remote.AppiumCommandExecutor$1 lambda$0
INFO: Detected dialect: W3C
]]></system-err>
  </testcase>
</testsuite>