<?xml version="1.0" encoding="UTF-8"?>
<!-- Generated by org.testng.reporters.JUnitReportReporter -->
<testsuite hostname="PERFIOS-HW-099" failures="0" tests="1" name="AA.Anumati.RemovingAllAccounts" time="86.244" errors="0" timestamp="2021-11-30T13:31:34 IST" skipped="0">
  <testcase classname="AA.Anumati.RemovingAllAccounts" name="RemoveAllAccounts" time="86.244"/>
  <system-out/>
</testsuite> <!-- AA.Anumati.RemovingAllAccounts -->
