<?xml version="1.0" encoding="UTF-8"?>
<!-- Generated by org.testng.reporters.JUnitReportReporter -->
<testsuite hostname="PERFIOS-HW-099" failures="0" tests="1" name="AA.Anumati.RemovingTheAddedAccounts" time="58.756" errors="0" timestamp="2021-11-19T19:31:12 IST" skipped="0">
  <testcase classname="AA.Anumati.RemovingTheAddedAccounts" name="AllAccounts" time="58.756"/>
  <system-out/>
</testsuite> <!-- AA.Anumati.RemovingTheAddedAccounts -->
