<?xml version="1.0" encoding="UTF-8"?>
<!-- Generated by org.testng.reporters.JUnitReportReporter -->
<testsuite hostname="PERFIOS-HW-099" failures="0" tests="1" name="AA.AnumatiCloud.FetchAccountDetails" time="67.609" errors="0" timestamp="2021-12-05T17:29:18 IST" skipped="0">
  <testcase classname="AA.AnumatiCloud.FetchAccountDetails" name="AccountDetailsFetch" time="67.609"/>
  <system-out/>
</testsuite> <!-- AA.AnumatiCloud.FetchAccountDetails -->
