<?xml version="1.0" encoding="UTF-8"?>
<!-- Generated by org.testng.reporters.JUnitReportReporter -->
<testsuite hostname="PERFIOS-HW-099" failures="0" tests="1" name="AA.Anumati.HappyPath" time="58.786" errors="0" timestamp="2021-11-17T22:13:29 IST" skipped="0">
  <testcase classname="AA.Anumati.HappyPath" name="LoginCase" time="58.786"/>
  <system-out/>
</testsuite> <!-- AA.Anumati.HappyPath -->
