<?xml version="1.0" encoding="UTF-8"?>
<!-- Generated by org.testng.reporters.JUnitReportReporter -->
<testsuite hostname="PERFIOS-HW-099" failures="0" tests="1" name="AA.AnumatiCloud.RemovingSingleAccount" time="49.941" errors="0" timestamp="2021-12-05T18:39:55 IST" skipped="0">
  <testcase classname="AA.AnumatiCloud.RemovingSingleAccount" name="RemoveOneAccounts" time="49.941"/>
  <system-out/>
</testsuite> <!-- AA.AnumatiCloud.RemovingSingleAccount -->
