<?xml version="1.0" encoding="UTF-8"?>
<!-- Generated by org.testng.reporters.JUnitReportReporter -->
<testsuite hostname="PERFIOS-HW-099" failures="0" tests="1" name="AA.Anumati.LoginNLogout" time="67.536" errors="0" timestamp="2021-12-05T18:36:01 IST" skipped="0">
  <testcase classname="AA.Anumati.LoginNLogout" name="LoginAndLogout" time="67.536"/>
  <system-out/>
</testsuite> <!-- AA.Anumati.LoginNLogout -->
