<?xml version="1.0" encoding="UTF-8"?>
<!-- Generated by org.testng.reporters.JUnitReportReporter -->
<testsuite hostname="PERFIOS-HW-099" failures="0" tests="1" name="AA.AnumatiCloud.RemovingAllAccounts" time="56.190" errors="0" timestamp="2021-12-05T17:38:09 IST" skipped="0">
  <testcase classname="AA.AnumatiCloud.RemovingAllAccounts" name="RemoveAllAccounts" time="56.190"/>
  <system-out/>
</testsuite> <!-- AA.AnumatiCloud.RemovingAllAccounts -->
