<?xml version="1.0" encoding="UTF-8"?>
<!-- Generated by org.testng.reporters.JUnitReportReporter -->
<testsuite hostname="PERFIOS-HW-099" failures="0" tests="1" name="AA.Anumati.AddAllAccounts" time="76.371" errors="0" timestamp="2021-12-05T17:47:49 IST" skipped="0">
  <testcase classname="AA.Anumati.AddAllAccounts" name="AllAccountsAdd" time="76.371"/>
  <system-out/>
</testsuite> <!-- AA.Anumati.AddAllAccounts -->
