<?xml version="1.0" encoding="UTF-8"?>
<!-- Generated by org.testng.reporters.JUnitReportReporter -->
<testsuite hostname="PERFIOS-HW-099" failures="0" tests="1" name="AA.AnumatiCloud.SearchAccountUsingPhNoAndBank" time="91.828" errors="0" timestamp="2021-12-05T18:52:17 IST" skipped="0">
  <testcase classname="AA.AnumatiCloud.SearchAccountUsingPhNoAndBank" name="AccountsSearch" time="91.828"/>
  <system-out/>
</testsuite> <!-- AA.AnumatiCloud.SearchAccountUsingPhNoAndBank -->
