<?xml version="1.0" encoding="UTF-8"?>
<!-- Generated by org.testng.reporters.JUnitReportReporter -->
<testsuite hostname="PERFIOS-HW-099" failures="0" tests="1" name="AA.Anumati.ProfileEdit" time="85.596" errors="0" timestamp="2021-12-05T17:49:33 IST" skipped="0">
  <testcase classname="AA.Anumati.ProfileEdit" name="EditTheProfile" time="85.596"/>
  <system-out/>
</testsuite> <!-- AA.Anumati.ProfileEdit -->
