<?xml version="1.0" encoding="UTF-8"?>
<!-- Generated by org.testng.reporters.JUnitReportReporter -->
<testsuite hostname="PERFIOS-HW-099" failures="0" tests="1" name="AA.AnumatiCloud.ProfileEdit" time="55.170" errors="0" timestamp="2021-12-05T17:32:40 IST" skipped="0">
  <testcase classname="AA.AnumatiCloud.ProfileEdit" name="EditTheProfile" time="55.170"/>
  <system-out/>
</testsuite> <!-- AA.AnumatiCloud.ProfileEdit -->
