<?xml version="1.0" encoding="UTF-8"?>
<!-- Generated by org.testng.reporters.JUnitReportReporter -->
<testsuite hostname="PERFIOS-HW-099" failures="0" tests="1" name="AA.AnumatiCloud.LoginNLogout" time="65.514" errors="0" timestamp="2021-12-04T22:10:47 IST" skipped="0">
  <testcase classname="AA.AnumatiCloud.LoginNLogout" name="LoginAndLogout" time="65.514"/>
  <system-out/>
</testsuite> <!-- AA.AnumatiCloud.LoginNLogout -->
