<?xml version="1.0" encoding="UTF-8"?>
<!-- Generated by org.testng.reporters.JUnitReportReporter -->
<testsuite skipped="0" hostname="PERFIOS-HW-099" name="AA.Anumati.FetchAccountDetails" tests="1" failures="0" timestamp="2021-12-08T14:44:26 IST" time="74.310" errors="0">
  <testcase name="AccountDetailsFetch" time="74.310" classname="AA.Anumati.FetchAccountDetails"/>
  <system-out/>
</testsuite> <!-- AA.Anumati.FetchAccountDetails -->
