<?xml version="1.0" encoding="UTF-8"?>
<!-- Generated by org.testng.reporters.JUnitReportReporter -->
<testsuite skipped="0" hostname="PERFIOS-HW-099" name="AA.Anumati.LoginNLogout" tests="1" failures="0" timestamp="2021-12-08T14:44:26 IST" time="57.753" errors="0">
  <testcase name="LoginAndLogout" time="57.753" classname="AA.Anumati.LoginNLogout"/>
  <system-out/>
</testsuite> <!-- AA.Anumati.LoginNLogout -->
