<?xml version="1.0" encoding="UTF-8"?>
<!-- Generated by org.testng.reporters.JUnitReportReporter -->
<testsuite skipped="0" hostname="PERFIOS-HW-099" name="AA.Anumati.ProfileEdit" tests="1" failures="0" timestamp="2021-12-08T14:44:26 IST" time="76.837" errors="0">
  <testcase name="EditTheProfile" time="76.837" classname="AA.Anumati.ProfileEdit"/>
  <system-out/>
</testsuite> <!-- AA.Anumati.ProfileEdit -->
