<?xml version="1.0" encoding="UTF-8"?>
<!-- Generated by org.testng.reporters.JUnitReportReporter -->
<testsuite skipped="0" hostname="PERFIOS-HW-099" name="AA.Anumati.RemovingAllAccounts" tests="1" failures="0" timestamp="2021-12-08T14:44:26 IST" time="107.394" errors="0">
  <testcase name="RemoveAllAccounts" time="107.394" classname="AA.Anumati.RemovingAllAccounts"/>
  <system-out/>
</testsuite> <!-- AA.Anumati.RemovingAllAccounts -->
